[I 2022-11-13 18:06:40,228] Trial 174 finished with value: 1.0471930349278529 and parameters: {'optimizer': 'Adam', 'lr': 8.178923492448145e-05, 'hidden_dim': 5, 'latent_dim': 4}. Best is trial 58 with value: 1.0133226465254404.
build_Encoder(
  (FC_input): Linear(in_features=5, out_features=4, bias=True)
  (FC_input2): Linear(in_features=4, out_features=4, bias=True)
  (FC_mean): Linear(in_features=4, out_features=5, bias=True)
  (FC_var): Linear(in_features=4, out_features=5, bias=True)
  (LeakyReLU): LeakyReLU(negative_slope=0.01)
)
build_Decoder(
  (FC_hidden): Linear(in_features=5, out_features=4, bias=True)
  (FC_hidden2): Linear(in_features=4, out_features=4, bias=True)
  (FC_output): Linear(in_features=4, out_features=5, bias=True)
  (LeakyReLU): LeakyReLU(negative_slope=0.2)
)
epoch: 0
epoch_0_loss:  1.0766035772508489
epoch: 1
epoch_1_loss:  1.07838903391148
epoch: 2
epoch_2_loss:  1.077103939301717
epoch: 3
epoch_3_loss:  1.0777244772363033
epoch: 4
epoch_4_loss:  1.0777680381991175
epoch: 5
epoch_5_loss:  1.0780664970464555
epoch: 6
epoch_6_loss:  1.0768827847712361
epoch: 7
epoch_7_loss:  1.0777937062126404
epoch: 8
epoch_8_loss:  1.0771516931473528
epoch: 9
epoch_9_loss:  1.0779763852908282
epoch: 10
epoch_10_loss:  1.078224033342366
epoch: 11
epoch_11_loss:  1.0787756321870898
epoch: 12
epoch_12_loss:  1.0784558644797313
epoch: 13
epoch_13_loss:  1.0774587698398694
epoch: 14
epoch_14_loss:  1.0765709167226911
[1.0766035772508489, 1.07838903391148, 1.077103939301717, 1.0777244772363033, 1.0777680381991175, 1.0780664970464555, 1.0768827847712361, 1.0777937062126404, 1.0771516931473528, 1.0779763852908282, 1.078224033342366, 1.0787756321870898, 1.0784558644797313, 1.0774587698398694, 1.0765709167226911]
[I 2022-11-13 18:08:00,412] Trial 175 finished with value: 1.0765709167226911 and parameters: {'optimizer': 'Adam', 'lr': 4.341572190479799e-05, 'hidden_dim': 4, 'latent_dim': 5}. Best is trial 58 with value: 1.0133226465254404.
build_Encoder(
  (FC_input): Linear(in_features=5, out_features=5, bias=True)
  (FC_input2): Linear(in_features=5, out_features=5, bias=True)
  (FC_mean): Linear(in_features=5, out_features=4, bias=True)
  (FC_var): Linear(in_features=5, out_features=4, bias=True)
  (LeakyReLU): LeakyReLU(negative_slope=0.01)
)
build_Decoder(
  (FC_hidden): Linear(in_features=4, out_features=5, bias=True)
  (FC_hidden2): Linear(in_features=5, out_features=5, bias=True)
  (FC_output): Linear(in_features=5, out_features=5, bias=True)
  (LeakyReLU): LeakyReLU(negative_slope=0.2)
)
epoch: 0
epoch_0_loss:  1.171008759747812
epoch: 1
epoch_1_loss:  1.1701440908376246
epoch: 2
epoch_2_loss:  1.1709350420763098
epoch: 3
epoch_3_loss:  1.1744047815275638
epoch: 4
epoch_4_loss:  1.1715872068722526
epoch: 5
epoch_5_loss:  1.172498952839273
epoch: 6
epoch_6_loss:  1.1712980522672838
epoch: 7
epoch_7_loss:  1.1722229497667085
epoch: 8
epoch_8_loss:  1.1702099651964373
epoch: 9
epoch_9_loss:  1.175606865247768
epoch: 10
epoch_10_loss:  1.171562399810769
epoch: 11
epoch_11_loss:  1.1730430832811303
epoch: 12
epoch_12_loss:  1.1689485324751685
epoch: 13
epoch_13_loss:  1.1677892838886546
epoch: 14
epoch_14_loss:  1.1713880781593253
[1.171008759747812, 1.1701440908376246, 1.1709350420763098, 1.1744047815275638, 1.1715872068722526, 1.172498952839273, 1.1712980522672838, 1.1722229497667085, 1.1702099651964373, 1.175606865247768, 1.171562399810769, 1.1730430832811303, 1.1689485324751685, 1.1677892838886546, 1.1713880781593253]
[I 2022-11-13 18:09:20,683] Trial 176 finished with value: 1.1713880781593253 and parameters: {'optimizer': 'Adam', 'lr': 5.9528082118838086e-05, 'hidden_dim': 5, 'latent_dim': 4}. Best is trial 58 with value: 1.0133226465254404.
build_Encoder(
  (FC_input): Linear(in_features=5, out_features=4, bias=True)
  (FC_input2): Linear(in_features=4, out_features=4, bias=True)
  (FC_mean): Linear(in_features=4, out_features=4, bias=True)
  (FC_var): Linear(in_features=4, out_features=4, bias=True)
  (LeakyReLU): LeakyReLU(negative_slope=0.01)
)
build_Decoder(
  (FC_hidden): Linear(in_features=4, out_features=4, bias=True)
  (FC_hidden2): Linear(in_features=4, out_features=4, bias=True)
  (FC_output): Linear(in_features=4, out_features=5, bias=True)
  (LeakyReLU): LeakyReLU(negative_slope=0.2)
)
epoch: 0
epoch_0_loss:  1.1747863031433463
epoch: 1
epoch_1_loss:  1.1738111316475488
epoch: 2
epoch_2_loss:  1.1748637138740443
epoch: 3
epoch_3_loss:  1.1740030846743028
epoch: 4
epoch_4_loss:  1.1736957477486516
epoch: 5
epoch_5_loss:  1.1755724023107998
epoch: 6
epoch_6_loss:  1.1741632988266448
epoch: 7
epoch_7_loss:  1.174343522090334
epoch: 8
epoch_8_loss:  1.1764665642441325
epoch: 9
epoch_9_loss:  1.174523392201119
epoch: 10
epoch_10_loss:  1.1747566007504886
epoch: 11
epoch_11_loss:  1.1756443713758546
epoch: 12
epoch_12_loss:  1.1741183765104248
epoch: 13
epoch_13_loss:  1.176357007682484
epoch: 14
epoch_14_loss:  1.174209413206029
[1.1747863031433463, 1.1738111316475488, 1.1748637138740443, 1.1740030846743028, 1.1736957477486516, 1.1755724023107998, 1.1741632988266448, 1.174343522090334, 1.1764665642441325, 1.174523392201119, 1.1747566007504886, 1.1756443713758546, 1.1741183765104248, 1.176357007682484, 1.174209413206029]
[I 2022-11-13 18:10:40,973] Trial 177 finished with value: 1.174209413206029 and parameters: {'optimizer': 'Adam', 'lr': 8.890989448658704e-05, 'hidden_dim': 4, 'latent_dim': 4}. Best is trial 58 with value: 1.0133226465254404.
build_Encoder(
  (FC_input): Linear(in_features=5, out_features=5, bias=True)
  (FC_input2): Linear(in_features=5, out_features=5, bias=True)
  (FC_mean): Linear(in_features=5, out_features=4, bias=True)
  (FC_var): Linear(in_features=5, out_features=4, bias=True)
  (LeakyReLU): LeakyReLU(negative_slope=0.01)
)
build_Decoder(
  (FC_hidden): Linear(in_features=4, out_features=5, bias=True)
  (FC_hidden2): Linear(in_features=5, out_features=5, bias=True)
  (FC_output): Linear(in_features=5, out_features=5, bias=True)
  (LeakyReLU): LeakyReLU(negative_slope=0.2)
)
epoch: 0
epoch_0_loss:  1.0344364614262698
epoch: 1
epoch_1_loss:  1.0351404613206667
epoch: 2
epoch_2_loss:  1.0351709104915057
epoch: 3
epoch_3_loss:  1.0354481136380167
epoch: 4
epoch_4_loss:  1.03526240306625
epoch: 5
epoch_5_loss:  1.034698510902679
epoch: 6
epoch_6_loss:  1.0339686752665236
epoch: 7
epoch_7_loss:  1.0343577752657365
epoch: 8
epoch_8_loss:  1.0338445372997649
epoch: 9
epoch_9_loss:  1.0344484974242887
epoch: 10
epoch_10_loss:  1.0343716909087364
epoch: 11
epoch_11_loss:  1.0369396574200096
epoch: 12
epoch_12_loss:  1.0352320616538144
epoch: 13
epoch_13_loss:  1.0356251507562235
epoch: 14
epoch_14_loss:  1.0350207173963422
[1.0344364614262698, 1.0351404613206667, 1.0351709104915057, 1.0354481136380167, 1.03526240306625, 1.034698510902679, 1.0339686752665236, 1.0343577752657365, 1.0338445372997649, 1.0344484974242887, 1.0343716909087364, 1.0369396574200096, 1.0352320616538144, 1.0356251507562235, 1.0350207173963422]
[I 2022-11-13 18:12:01,240] Trial 178 finished with value: 1.0350207173963422 and parameters: {'optimizer': 'Adam', 'lr': 7.500623947300031e-05, 'hidden_dim': 5, 'latent_dim': 4}. Best is trial 58 with value: 1.0133226465254404.
build_Encoder(
  (FC_input): Linear(in_features=5, out_features=4, bias=True)
  (FC_input2): Linear(in_features=4, out_features=4, bias=True)
  (FC_mean): Linear(in_features=4, out_features=4, bias=True)
  (FC_var): Linear(in_features=4, out_features=4, bias=True)
  (LeakyReLU): LeakyReLU(negative_slope=0.01)
)
build_Decoder(
  (FC_hidden): Linear(in_features=4, out_features=4, bias=True)
  (FC_hidden2): Linear(in_features=4, out_features=4, bias=True)
  (FC_output): Linear(in_features=4, out_features=5, bias=True)
  (LeakyReLU): LeakyReLU(negative_slope=0.2)
)
epoch: 0
epoch_0_loss:  1.08831071682604
epoch: 1
epoch_1_loss:  1.0920105783156142
epoch: 2
epoch_2_loss:  1.09090598105424
epoch: 3
epoch_3_loss:  1.0921528216433671
epoch: 4
epoch_4_loss:  1.0908572374274774
epoch: 5
epoch_5_loss:  1.0913371368170774
epoch: 6
epoch_6_loss:  1.0923619613057152
epoch: 7
epoch_7_loss:  1.0896608198937356
epoch: 8
epoch_8_loss:  1.0918481600838832
epoch: 9
epoch_9_loss:  1.0919305662468317
epoch: 10
epoch_10_loss:  1.0907641570246798
epoch: 11
epoch_11_loss:  1.0915387154725549
epoch: 12
epoch_12_loss:  1.090990802713909
epoch: 13
epoch_13_loss:  1.0911364115983795
epoch: 14
epoch_14_loss:  1.089756907680046
[1.08831071682604, 1.0920105783156142, 1.09090598105424, 1.0921528216433671, 1.0908572374274774, 1.0913371368170774, 1.0923619613057152, 1.0896608198937356, 1.0918481600838832, 1.0919305662468317, 1.0907641570246798, 1.0915387154725549, 1.090990802713909, 1.0911364115983795, 1.089756907680046]
[I 2022-11-13 18:13:21,088] Trial 179 finished with value: 1.089756907680046 and parameters: {'optimizer': 'Adam', 'lr': 7.418324638988853e-05, 'hidden_dim': 4, 'latent_dim': 4}. Best is trial 58 with value: 1.0133226465254404.
build_Encoder(
  (FC_input): Linear(in_features=5, out_features=5, bias=True)
  (FC_input2): Linear(in_features=5, out_features=5, bias=True)
  (FC_mean): Linear(in_features=5, out_features=4, bias=True)
  (FC_var): Linear(in_features=5, out_features=4, bias=True)
  (LeakyReLU): LeakyReLU(negative_slope=0.01)
)
build_Decoder(
  (FC_hidden): Linear(in_features=4, out_features=5, bias=True)
  (FC_hidden2): Linear(in_features=5, out_features=5, bias=True)
  (FC_output): Linear(in_features=5, out_features=5, bias=True)
  (LeakyReLU): LeakyReLU(negative_slope=0.2)
)
epoch: 0
epoch_0_loss:  1.0865125798408253
epoch: 1
epoch_1_loss:  1.0859335310972582
epoch: 2
epoch_2_loss:  1.085967594442367
epoch: 3
epoch_3_loss:  1.086741413447502
epoch: 4
epoch_4_loss:  1.0854197731488042
epoch: 5
epoch_5_loss:  1.0863905393972824
epoch: 6
epoch_6_loss:  1.085539862263564
epoch: 7
epoch_7_loss:  1.08645924186901
epoch: 8
epoch_8_loss:  1.0866855437608107
epoch: 9
epoch_9_loss:  1.0862435495216312
epoch: 10
epoch_10_loss:  1.0867187649755419
epoch: 11
epoch_11_loss:  1.0867558655873342
epoch: 12
epoch_12_loss:  1.0857723675247306
epoch: 13
epoch_13_loss:  1.0864906531634204
epoch: 14
epoch_14_loss:  1.0861222966652633
[1.0865125798408253, 1.0859335310972582, 1.085967594442367, 1.086741413447502, 1.0854197731488042, 1.0863905393972824, 1.085539862263564, 1.08645924186901, 1.0866855437608107, 1.0862435495216312, 1.0867187649755419, 1.0867558655873342, 1.0857723675247306, 1.0864906531634204, 1.0861222966652633]
[I 2022-11-13 18:14:41,260] Trial 180 finished with value: 1.0861222966652633 and parameters: {'optimizer': 'Adam', 'lr': 5.503634112686193e-05, 'hidden_dim': 5, 'latent_dim': 4}. Best is trial 58 with value: 1.0133226465254404.
build_Encoder(
  (FC_input): Linear(in_features=5, out_features=3, bias=True)
  (FC_input2): Linear(in_features=3, out_features=3, bias=True)
  (FC_mean): Linear(in_features=3, out_features=4, bias=True)
  (FC_var): Linear(in_features=3, out_features=4, bias=True)
  (LeakyReLU): LeakyReLU(negative_slope=0.01)
)
build_Decoder(
  (FC_hidden): Linear(in_features=4, out_features=3, bias=True)
  (FC_hidden2): Linear(in_features=3, out_features=3, bias=True)
  (FC_output): Linear(in_features=3, out_features=5, bias=True)
  (LeakyReLU): LeakyReLU(negative_slope=0.2)
)
epoch: 0
epoch_0_loss:  1.1749813118665258
epoch: 1
epoch_1_loss:  1.1748388700747407
epoch: 2
epoch_2_loss:  1.175058800317149
epoch: 3
epoch_3_loss:  1.1753091128265005
epoch: 4
epoch_4_loss:  1.17520170723297
epoch: 5
epoch_5_loss:  1.174371307445583
epoch: 6
epoch_6_loss:  1.174028342990849
epoch: 7
epoch_7_loss:  1.1740872293222488
epoch: 8
epoch_8_loss:  1.1753054179378466
epoch: 9
epoch_9_loss:  1.175120008554392
epoch: 10
epoch_10_loss:  1.1749605200464937
epoch: 11
epoch_11_loss:  1.1748434322090986
epoch: 12
epoch_12_loss:  1.1745807066506588
epoch: 13
epoch_13_loss:  1.175540272523061
epoch: 14
epoch_14_loss:  1.1754952281430777
[1.1749813118665258, 1.1748388700747407, 1.175058800317149, 1.1753091128265005, 1.17520170723297, 1.174371307445583, 1.174028342990849, 1.1740872293222488, 1.1753054179378466, 1.175120008554392, 1.1749605200464937, 1.1748434322090986, 1.1745807066506588, 1.175540272523061, 1.1754952281430777]
[I 2022-11-13 18:16:11,775] Trial 181 finished with value: 1.1754952281430777 and parameters: {'optimizer': 'Adam', 'lr': 6.736829994523676e-05, 'hidden_dim': 3, 'latent_dim': 4}. Best is trial 58 with value: 1.0133226465254404.
build_Encoder(
  (FC_input): Linear(in_features=5, out_features=5, bias=True)
  (FC_input2): Linear(in_features=5, out_features=5, bias=True)
  (FC_mean): Linear(in_features=5, out_features=4, bias=True)
  (FC_var): Linear(in_features=5, out_features=4, bias=True)
  (LeakyReLU): LeakyReLU(negative_slope=0.01)
)
build_Decoder(
  (FC_hidden): Linear(in_features=4, out_features=5, bias=True)
  (FC_hidden2): Linear(in_features=5, out_features=5, bias=True)
  (FC_output): Linear(in_features=5, out_features=5, bias=True)
  (LeakyReLU): LeakyReLU(negative_slope=0.2)
)
epoch: 0
epoch_0_loss:  1.0655310491066832
epoch: 1
epoch_1_loss:  1.0660930510894093
epoch: 2
epoch_2_loss:  1.066481164852963
epoch: 3
epoch_3_loss:  1.0660361608631703
epoch: 4
epoch_4_loss:  1.065819076153921
epoch: 5
epoch_5_loss:  1.066155682995736
epoch: 6
epoch_6_loss:  1.0663553327786233
epoch: 7
epoch_7_loss:  1.0662273587948492
epoch: 8
epoch_8_loss:  1.0654517912658756
epoch: 9
epoch_9_loss:  1.0658135911873854
epoch: 10
epoch_10_loss:  1.0662985774781006
epoch: 11
epoch_11_loss:  1.0654463400009073
epoch: 12
epoch_12_loss:  1.0657794966167597
epoch: 13
epoch_13_loss:  1.0656218227592107
epoch: 14
epoch_14_loss:  1.066502011033441
[1.0655310491066832, 1.0660930510894093, 1.066481164852963, 1.0660361608631703, 1.065819076153921, 1.066155682995736, 1.0663553327786233, 1.0662273587948492, 1.0654517912658756, 1.0658135911873854, 1.0662985774781006, 1.0654463400009073, 1.0657794966167597, 1.0656218227592107, 1.066502011033441]
[I 2022-11-13 18:17:32,058] Trial 182 finished with value: 1.066502011033441 and parameters: {'optimizer': 'Adam', 'lr': 3.480253820863258e-05, 'hidden_dim': 5, 'latent_dim': 4}. Best is trial 58 with value: 1.0133226465254404.
build_Encoder(
  (FC_input): Linear(in_features=5, out_features=5, bias=True)
  (FC_input2): Linear(in_features=5, out_features=5, bias=True)
  (FC_mean): Linear(in_features=5, out_features=4, bias=True)
  (FC_var): Linear(in_features=5, out_features=4, bias=True)
  (LeakyReLU): LeakyReLU(negative_slope=0.01)
)
build_Decoder(
  (FC_hidden): Linear(in_features=4, out_features=5, bias=True)
  (FC_hidden2): Linear(in_features=5, out_features=5, bias=True)
  (FC_output): Linear(in_features=5, out_features=5, bias=True)
  (LeakyReLU): LeakyReLU(negative_slope=0.2)
)
epoch: 0
epoch_0_loss:  1.0949501997486875
epoch: 1
epoch_1_loss:  1.0945196643440944
epoch: 2
epoch_2_loss:  1.0949790048436712
epoch: 3
epoch_3_loss:  1.0941529290221716
epoch: 4
epoch_4_loss:  1.0947796405754406
epoch: 5
epoch_5_loss:  1.0950279331162835
epoch: 6
epoch_6_loss:  1.0944678067959672
epoch: 7
epoch_7_loss:  1.094475316647122
epoch: 8
epoch_8_loss:  1.0952351128732567
epoch: 9
epoch_9_loss:  1.0949170598382085
epoch: 10
epoch_10_loss:  1.0943049682487866
epoch: 11
epoch_11_loss:  1.094647394425153
epoch: 12
epoch_12_loss:  1.0947896974639577
epoch: 13
epoch_13_loss:  1.0948130215387255
epoch: 14
epoch_14_loss:  1.0950373800925741
[1.0949501997486875, 1.0945196643440944, 1.0949790048436712, 1.0941529290221716, 1.0947796405754406, 1.0950279331162835, 1.0944678067959672, 1.094475316647122, 1.0952351128732567, 1.0949170598382085, 1.0943049682487866, 1.094647394425153, 1.0947896974639577, 1.0948130215387255, 1.0950373800925741]
[I 2022-11-13 18:18:52,247] Trial 183 finished with value: 1.0950373800925741 and parameters: {'optimizer': 'Adam', 'lr': 7.909726819824388e-05, 'hidden_dim': 5, 'latent_dim': 4}. Best is trial 58 with value: 1.0133226465254404.
build_Encoder(
  (FC_input): Linear(in_features=5, out_features=5, bias=True)
  (FC_input2): Linear(in_features=5, out_features=5, bias=True)
  (FC_mean): Linear(in_features=5, out_features=5, bias=True)
  (FC_var): Linear(in_features=5, out_features=5, bias=True)
  (LeakyReLU): LeakyReLU(negative_slope=0.01)
)
build_Decoder(
  (FC_hidden): Linear(in_features=5, out_features=5, bias=True)
  (FC_hidden2): Linear(in_features=5, out_features=5, bias=True)
  (FC_output): Linear(in_features=5, out_features=5, bias=True)
  (LeakyReLU): LeakyReLU(negative_slope=0.2)
)
epoch: 0
epoch_0_loss:  1.1312730641748983
epoch: 1
epoch_1_loss:  1.130433049916207
epoch: 2
epoch_2_loss:  1.1298645538241672
epoch: 3
epoch_3_loss:  1.1289510082083674
epoch: 4
epoch_4_loss:  1.1292329979409759
epoch: 5
epoch_5_loss:  1.1294088763490244
epoch: 6
epoch_6_loss:  1.1291654929337442
epoch: 7
epoch_7_loss:  1.1302023490174178
epoch: 8
epoch_8_loss:  1.1304286002848862
epoch: 9
epoch_9_loss:  1.1295989252620637
epoch: 10
epoch_10_loss:  1.1277376347383392
epoch: 11
epoch_11_loss:  1.1291775005006053
epoch: 12
epoch_12_loss:  1.1315646994860544
epoch: 13
epoch_13_loss:  1.1291635302563092
epoch: 14
epoch_14_loss:  1.1288394432810134
[1.1312730641748983, 1.130433049916207, 1.1298645538241672, 1.1289510082083674, 1.1292329979409759, 1.1294088763490244, 1.1291654929337442, 1.1302023490174178, 1.1304286002848862, 1.1295989252620637, 1.1277376347383392, 1.1291775005006053, 1.1315646994860544, 1.1291635302563092, 1.1288394432810134]
[I 2022-11-13 18:20:12,359] Trial 184 finished with value: 1.1288394432810134 and parameters: {'optimizer': 'Adam', 'lr': 8.767927408927653e-05, 'hidden_dim': 5, 'latent_dim': 5}. Best is trial 58 with value: 1.0133226465254404.
build_Encoder(
  (FC_input): Linear(in_features=5, out_features=5, bias=True)
  (FC_input2): Linear(in_features=5, out_features=5, bias=True)
  (FC_mean): Linear(in_features=5, out_features=4, bias=True)
  (FC_var): Linear(in_features=5, out_features=4, bias=True)
  (LeakyReLU): LeakyReLU(negative_slope=0.01)
)
build_Decoder(
  (FC_hidden): Linear(in_features=4, out_features=5, bias=True)
  (FC_hidden2): Linear(in_features=5, out_features=5, bias=True)
  (FC_output): Linear(in_features=5, out_features=5, bias=True)
  (LeakyReLU): LeakyReLU(negative_slope=0.2)
)
epoch: 0
epoch_0_loss:  1.0436117100658209
epoch: 1
epoch_1_loss:  1.0429289750370803
epoch: 2
epoch_2_loss:  1.0444975323082883
epoch: 3
epoch_3_loss:  1.0436855321362755
epoch: 4
epoch_4_loss:  1.044141179848151
epoch: 5
epoch_5_loss:  1.0437834046149792
epoch: 6
epoch_6_loss:  1.0428474184119925
epoch: 7
epoch_7_loss:  1.0443367116721527
epoch: 8
epoch_8_loss:  1.0436072594954837
epoch: 9
epoch_9_loss:  1.0443985160139373
epoch: 10
epoch_10_loss:  1.0420550864034817
epoch: 11
epoch_11_loss:  1.0437915423571114
epoch: 12
epoch_12_loss:  1.044656580186769
epoch: 13
epoch_13_loss:  1.0425936095996828
epoch: 14
epoch_14_loss:  1.0430263651013834
[1.0436117100658209, 1.0429289750370803, 1.0444975323082883, 1.0436855321362755, 1.044141179848151, 1.0437834046149792, 1.0428474184119925, 1.0443367116721527, 1.0436072594954837, 1.0443985160139373, 1.0420550864034817, 1.0437915423571114, 1.044656580186769, 1.0425936095996828, 1.0430263651013834]
[I 2022-11-13 18:21:32,588] Trial 185 finished with value: 1.0430263651013834 and parameters: {'optimizer': 'Adam', 'lr': 7.453134894896354e-05, 'hidden_dim': 5, 'latent_dim': 4}. Best is trial 58 with value: 1.0133226465254404.
build_Encoder(
  (FC_input): Linear(in_features=5, out_features=5, bias=True)
  (FC_input2): Linear(in_features=5, out_features=5, bias=True)
  (FC_mean): Linear(in_features=5, out_features=4, bias=True)
  (FC_var): Linear(in_features=5, out_features=4, bias=True)
  (LeakyReLU): LeakyReLU(negative_slope=0.01)
)
build_Decoder(
  (FC_hidden): Linear(in_features=4, out_features=5, bias=True)
  (FC_hidden2): Linear(in_features=5, out_features=5, bias=True)
  (FC_output): Linear(in_features=5, out_features=5, bias=True)
  (LeakyReLU): LeakyReLU(negative_slope=0.2)
)
epoch: 0
epoch_0_loss:  1.0523240834070842
epoch: 1
epoch_1_loss:  1.0485451455478139
epoch: 2
epoch_2_loss:  1.0510320982428174
epoch: 3
epoch_3_loss:  1.0516538854415347
epoch: 4
epoch_4_loss:  1.0496990869868337
epoch: 5
epoch_5_loss:  1.05204578385879
epoch: 6
epoch_6_loss:  1.0499649707238898
epoch: 7
epoch_7_loss:  1.0501098800404272
epoch: 8
epoch_8_loss:  1.0516060197770098
epoch: 9
epoch_9_loss:  1.0515160263702221
epoch: 10
epoch_10_loss:  1.05120148967226
epoch: 11
epoch_11_loss:  1.050674764141628
epoch: 12
epoch_12_loss:  1.0516233292777453
epoch: 13
epoch_13_loss:  1.0504844446174406
epoch: 14
epoch_14_loss:  1.0503659239385692
[1.0523240834070842, 1.0485451455478139, 1.0510320982428174, 1.0516538854415347, 1.0496990869868337, 1.05204578385879, 1.0499649707238898, 1.0501098800404272, 1.0516060197770098, 1.0515160263702221, 1.05120148967226, 1.050674764141628, 1.0516233292777453, 1.0504844446174406, 1.0503659239385692]
