[I 2022-11-13 18:22:52,911] Trial 186 finished with value: 1.0503659239385692 and parameters: {'optimizer': 'Adam', 'lr': 7.160265728996452e-05, 'hidden_dim': 5, 'latent_dim': 4}. Best is trial 58 with value: 1.0133226465254404.
build_Encoder(
  (FC_input): Linear(in_features=5, out_features=5, bias=True)
  (FC_input2): Linear(in_features=5, out_features=5, bias=True)
  (FC_mean): Linear(in_features=5, out_features=4, bias=True)
  (FC_var): Linear(in_features=5, out_features=4, bias=True)
  (LeakyReLU): LeakyReLU(negative_slope=0.01)
)
build_Decoder(
  (FC_hidden): Linear(in_features=4, out_features=5, bias=True)
  (FC_hidden2): Linear(in_features=5, out_features=5, bias=True)
  (FC_output): Linear(in_features=5, out_features=5, bias=True)
  (LeakyReLU): LeakyReLU(negative_slope=0.2)
)
epoch: 0
epoch_0_loss:  1.137622826367312
epoch: 1
epoch_1_loss:  1.1372523287259557
epoch: 2
epoch_2_loss:  1.1367687652869716
epoch: 3
epoch_3_loss:  1.1362727105375499
epoch: 4
epoch_4_loss:  1.136803990848064
epoch: 5
epoch_5_loss:  1.1365017730138154
epoch: 6
epoch_6_loss:  1.1366955693159173
epoch: 7
epoch_7_loss:  1.1367528166499867
epoch: 8
epoch_8_loss:  1.136926797553751
epoch: 9
epoch_9_loss:  1.1371517560753301
epoch: 10
epoch_10_loss:  1.1366398023220796
epoch: 11
epoch_11_loss:  1.1366559711778632
epoch: 12
epoch_12_loss:  1.1359629354472798
epoch: 13
epoch_13_loss:  1.1364191189435426
epoch: 14
epoch_14_loss:  1.1367531312445454
[1.137622826367312, 1.1372523287259557, 1.1367687652869716, 1.1362727105375499, 1.136803990848064, 1.1365017730138154, 1.1366955693159173, 1.1367528166499867, 1.136926797553751, 1.1371517560753301, 1.1366398023220796, 1.1366559711778632, 1.1359629354472798, 1.1364191189435426, 1.1367531312445454]
[I 2022-11-13 18:24:13,260] Trial 187 finished with value: 1.1367531312445454 and parameters: {'optimizer': 'Adam', 'lr': 6.298785283597313e-05, 'hidden_dim': 5, 'latent_dim': 4}. Best is trial 58 with value: 1.0133226465254404.
build_Encoder(
  (FC_input): Linear(in_features=5, out_features=5, bias=True)
  (FC_input2): Linear(in_features=5, out_features=5, bias=True)
  (FC_mean): Linear(in_features=5, out_features=4, bias=True)
  (FC_var): Linear(in_features=5, out_features=4, bias=True)
  (LeakyReLU): LeakyReLU(negative_slope=0.01)
)
build_Decoder(
  (FC_hidden): Linear(in_features=4, out_features=5, bias=True)
  (FC_hidden2): Linear(in_features=5, out_features=5, bias=True)
  (FC_output): Linear(in_features=5, out_features=5, bias=True)
  (LeakyReLU): LeakyReLU(negative_slope=0.2)
)
epoch: 0
epoch_0_loss:  1.069053059588446
epoch: 1
epoch_1_loss:  1.0705228441655537
epoch: 2
epoch_2_loss:  1.067505328368721
epoch: 3
epoch_3_loss:  1.0685543610752648
epoch: 4
epoch_4_loss:  1.0671278830523516
epoch: 5
epoch_5_loss:  1.0685674846948217
epoch: 6
epoch_6_loss:  1.0694324757832225
epoch: 7
epoch_7_loss:  1.068380353361975
epoch: 8
epoch_8_loss:  1.0687628613504025
epoch: 9
epoch_9_loss:  1.0680635203171842
epoch: 10
epoch_10_loss:  1.0694462524428892
epoch: 11
epoch_11_loss:  1.0676543638915386
epoch: 12
epoch_12_loss:  1.0685255535416232
epoch: 13
epoch_13_loss:  1.0689605370103803
epoch: 14
epoch_14_loss:  1.0700757274035722
[1.069053059588446, 1.0705228441655537, 1.067505328368721, 1.0685543610752648, 1.0671278830523516, 1.0685674846948217, 1.0694324757832225, 1.068380353361975, 1.0687628613504025, 1.0680635203171842, 1.0694462524428892, 1.0676543638915386, 1.0685255535416232, 1.0689605370103803, 1.0700757274035722]
[I 2022-11-13 18:25:33,032] Trial 188 finished with value: 1.0700757274035722 and parameters: {'optimizer': 'Adam', 'lr': 7.746216996324054e-05, 'hidden_dim': 5, 'latent_dim': 4}. Best is trial 58 with value: 1.0133226465254404.
build_Encoder(
  (FC_input): Linear(in_features=5, out_features=4, bias=True)
  (FC_input2): Linear(in_features=4, out_features=4, bias=True)
  (FC_mean): Linear(in_features=4, out_features=4, bias=True)
  (FC_var): Linear(in_features=4, out_features=4, bias=True)
  (LeakyReLU): LeakyReLU(negative_slope=0.01)
)
build_Decoder(
  (FC_hidden): Linear(in_features=4, out_features=4, bias=True)
  (FC_hidden2): Linear(in_features=4, out_features=4, bias=True)
  (FC_output): Linear(in_features=4, out_features=5, bias=True)
  (LeakyReLU): LeakyReLU(negative_slope=0.2)
)
epoch: 0
epoch_0_loss:  1.1055230195896173
epoch: 1
epoch_1_loss:  1.1059463376415886
epoch: 2
epoch_2_loss:  1.10768786645334
epoch: 3
epoch_3_loss:  1.1060443392420645
epoch: 4
epoch_4_loss:  1.1061593670283505
epoch: 5
epoch_5_loss:  1.105742931122639
epoch: 6
epoch_6_loss:  1.1066756747352406
epoch: 7
epoch_7_loss:  1.1055591109292742
epoch: 8
epoch_8_loss:  1.107708509249633
epoch: 9
epoch_9_loss:  1.1084179432968262
epoch: 10
epoch_10_loss:  1.1059821030862829
epoch: 11
epoch_11_loss:  1.1073644216923766
epoch: 12
epoch_12_loss:  1.1058308599925948
epoch: 13
epoch_13_loss:  1.105840689721469
epoch: 14
epoch_14_loss:  1.1071103221351644
[1.1055230195896173, 1.1059463376415886, 1.10768786645334, 1.1060443392420645, 1.1061593670283505, 1.105742931122639, 1.1066756747352406, 1.1055591109292742, 1.107708509249633, 1.1084179432968262, 1.1059821030862829, 1.1073644216923766, 1.1058308599925948, 1.105840689721469, 1.1071103221351644]
[I 2022-11-13 18:26:53,077] Trial 189 finished with value: 1.1071103221351644 and parameters: {'optimizer': 'Adam', 'lr': 4.982317397761299e-05, 'hidden_dim': 4, 'latent_dim': 4}. Best is trial 58 with value: 1.0133226465254404.
build_Encoder(
  (FC_input): Linear(in_features=5, out_features=5, bias=True)
  (FC_input2): Linear(in_features=5, out_features=5, bias=True)
  (FC_mean): Linear(in_features=5, out_features=4, bias=True)
  (FC_var): Linear(in_features=5, out_features=4, bias=True)
  (LeakyReLU): LeakyReLU(negative_slope=0.01)
)
build_Decoder(
  (FC_hidden): Linear(in_features=4, out_features=5, bias=True)
  (FC_hidden2): Linear(in_features=5, out_features=5, bias=True)
  (FC_output): Linear(in_features=5, out_features=5, bias=True)
  (LeakyReLU): LeakyReLU(negative_slope=0.2)
)
epoch: 0
epoch_0_loss:  1.0873579991586533
epoch: 1
epoch_1_loss:  1.0872351329403849
epoch: 2
epoch_2_loss:  1.0862259096709854
epoch: 3
epoch_3_loss:  1.0864994326719581
epoch: 4
epoch_4_loss:  1.0864608983906443
epoch: 5
epoch_5_loss:  1.088200446478793
epoch: 6
epoch_6_loss:  1.088325730331703
epoch: 7
epoch_7_loss:  1.086775418314629
epoch: 8
epoch_8_loss:  1.0850945255614544
epoch: 9
epoch_9_loss:  1.086019548133967
epoch: 10
epoch_10_loss:  1.0869684874953025
epoch: 11
epoch_11_loss:  1.0861413747813418
epoch: 12
epoch_12_loss:  1.0859993117890399
epoch: 13
epoch_13_loss:  1.0875724010686936
epoch: 14
epoch_14_loss:  1.0868929654983916
[1.0873579991586533, 1.0872351329403849, 1.0862259096709854, 1.0864994326719581, 1.0864608983906443, 1.088200446478793, 1.088325730331703, 1.086775418314629, 1.0850945255614544, 1.086019548133967, 1.0869684874953025, 1.0861413747813418, 1.0859993117890399, 1.0875724010686936, 1.0868929654983916]
[I 2022-11-13 18:28:13,130] Trial 190 finished with value: 1.0868929654983916 and parameters: {'optimizer': 'Adam', 'lr': 3.862662114616915e-05, 'hidden_dim': 5, 'latent_dim': 4}. Best is trial 58 with value: 1.0133226465254404.
build_Encoder(
  (FC_input): Linear(in_features=5, out_features=5, bias=True)
  (FC_input2): Linear(in_features=5, out_features=5, bias=True)
  (FC_mean): Linear(in_features=5, out_features=4, bias=True)
  (FC_var): Linear(in_features=5, out_features=4, bias=True)
  (LeakyReLU): LeakyReLU(negative_slope=0.01)
)
build_Decoder(
  (FC_hidden): Linear(in_features=4, out_features=5, bias=True)
  (FC_hidden2): Linear(in_features=5, out_features=5, bias=True)
  (FC_output): Linear(in_features=5, out_features=5, bias=True)
  (LeakyReLU): LeakyReLU(negative_slope=0.2)
)
epoch: 0
epoch_0_loss:  1.1242262763053374
epoch: 1
epoch_1_loss:  1.1231089742831808
epoch: 2
epoch_2_loss:  1.1241900840402796
epoch: 3
epoch_3_loss:  1.124300284066022
epoch: 4
epoch_4_loss:  1.1243904092057275
epoch: 5
epoch_5_loss:  1.1246225216585826
epoch: 6
epoch_6_loss:  1.1237056001658843
epoch: 7
epoch_7_loss:  1.1233997073783966
epoch: 8
epoch_8_loss:  1.1239357146997035
epoch: 9
epoch_9_loss:  1.1249241803331211
epoch: 10
epoch_10_loss:  1.1232031262728788
epoch: 11
epoch_11_loss:  1.1237470974712245
epoch: 12
epoch_12_loss:  1.124450666122389
epoch: 13
epoch_13_loss:  1.1243076035776365
epoch: 14
epoch_14_loss:  1.123851779759143
[1.1242262763053374, 1.1231089742831808, 1.1241900840402796, 1.124300284066022, 1.1243904092057275, 1.1246225216585826, 1.1237056001658843, 1.1233997073783966, 1.1239357146997035, 1.1249241803331211, 1.1232031262728788, 1.1237470974712245, 1.124450666122389, 1.1243076035776365, 1.123851779759143]
[I 2022-11-13 18:29:33,191] Trial 191 finished with value: 1.123851779759143 and parameters: {'optimizer': 'Adam', 'lr': 9.356857710586322e-05, 'hidden_dim': 5, 'latent_dim': 4}. Best is trial 58 with value: 1.0133226465254404.
build_Encoder(
  (FC_input): Linear(in_features=5, out_features=5, bias=True)
  (FC_input2): Linear(in_features=5, out_features=5, bias=True)
  (FC_mean): Linear(in_features=5, out_features=4, bias=True)
  (FC_var): Linear(in_features=5, out_features=4, bias=True)
  (LeakyReLU): LeakyReLU(negative_slope=0.01)
)
build_Decoder(
  (FC_hidden): Linear(in_features=4, out_features=5, bias=True)
  (FC_hidden2): Linear(in_features=5, out_features=5, bias=True)
  (FC_output): Linear(in_features=5, out_features=5, bias=True)
  (LeakyReLU): LeakyReLU(negative_slope=0.2)
)
epoch: 0
epoch_0_loss:  1.1315400693393478
epoch: 1
epoch_1_loss:  1.1358504180283449
epoch: 2
epoch_2_loss:  1.1329174107548294
epoch: 3
epoch_3_loss:  1.1321573759541563
epoch: 4
epoch_4_loss:  1.1350301759817214
epoch: 5
epoch_5_loss:  1.1333934479338035
epoch: 6
epoch_6_loss:  1.1353436141331985
epoch: 7
epoch_7_loss:  1.1328682086765098
epoch: 8
epoch_8_loss:  1.1337865873862467
epoch: 9
epoch_9_loss:  1.1306111754406711
epoch: 10
epoch_10_loss:  1.1324714960011926
epoch: 11
epoch_11_loss:  1.13335899373783
epoch: 12
epoch_12_loss:  1.1293741634099408
epoch: 13
epoch_13_loss:  1.1327647215605108
epoch: 14
epoch_14_loss:  1.1335241091605854
[1.1315400693393478, 1.1358504180283449, 1.1329174107548294, 1.1321573759541563, 1.1350301759817214, 1.1333934479338035, 1.1353436141331985, 1.1328682086765098, 1.1337865873862467, 1.1306111754406711, 1.1324714960011926, 1.13335899373783, 1.1293741634099408, 1.1327647215605108, 1.1335241091605854]
[I 2022-11-13 18:30:53,160] Trial 192 finished with value: 1.1335241091605854 and parameters: {'optimizer': 'Adam', 'lr': 0.00010189011404887348, 'hidden_dim': 5, 'latent_dim': 4}. Best is trial 58 with value: 1.0133226465254404.
build_Encoder(
  (FC_input): Linear(in_features=5, out_features=5, bias=True)
  (FC_input2): Linear(in_features=5, out_features=5, bias=True)
  (FC_mean): Linear(in_features=5, out_features=4, bias=True)
  (FC_var): Linear(in_features=5, out_features=4, bias=True)
  (LeakyReLU): LeakyReLU(negative_slope=0.01)
)
build_Decoder(
  (FC_hidden): Linear(in_features=4, out_features=5, bias=True)
  (FC_hidden2): Linear(in_features=5, out_features=5, bias=True)
  (FC_output): Linear(in_features=5, out_features=5, bias=True)
  (LeakyReLU): LeakyReLU(negative_slope=0.2)
)
epoch: 0
epoch_0_loss:  1.0379838346500023
epoch: 1
epoch_1_loss:  1.0387694392070588
epoch: 2
epoch_2_loss:  1.0396975277597307
epoch: 3
epoch_3_loss:  1.0382341409151112
epoch: 4
epoch_4_loss:  1.0385692333764764
epoch: 5
epoch_5_loss:  1.0385400954778956
epoch: 6
epoch_6_loss:  1.0382701152907197
epoch: 7
epoch_7_loss:  1.0383693807818637
epoch: 8
epoch_8_loss:  1.038912801808766
epoch: 9
epoch_9_loss:  1.0376885080832892
epoch: 10
epoch_10_loss:  1.037829379788051
epoch: 11
epoch_11_loss:  1.0374641087126832
epoch: 12
epoch_12_loss:  1.0386102256888419
epoch: 13
epoch_13_loss:  1.0390433251141336
epoch: 14
epoch_14_loss:  1.0391818290321797
[1.0379838346500023, 1.0387694392070588, 1.0396975277597307, 1.0382341409151112, 1.0385692333764764, 1.0385400954778956, 1.0382701152907197, 1.0383693807818637, 1.038912801808766, 1.0376885080832892, 1.037829379788051, 1.0374641087126832, 1.0386102256888419, 1.0390433251141336, 1.0391818290321797]
[I 2022-11-13 18:32:13,297] Trial 193 finished with value: 1.0391818290321797 and parameters: {'optimizer': 'Adam', 'lr': 8.096568598069877e-05, 'hidden_dim': 5, 'latent_dim': 4}. Best is trial 58 with value: 1.0133226465254404.
build_Encoder(
  (FC_input): Linear(in_features=5, out_features=5, bias=True)
  (FC_input2): Linear(in_features=5, out_features=5, bias=True)
  (FC_mean): Linear(in_features=5, out_features=4, bias=True)
  (FC_var): Linear(in_features=5, out_features=4, bias=True)
  (LeakyReLU): LeakyReLU(negative_slope=0.01)
)
build_Decoder(
  (FC_hidden): Linear(in_features=4, out_features=5, bias=True)
  (FC_hidden2): Linear(in_features=5, out_features=5, bias=True)
  (FC_output): Linear(in_features=5, out_features=5, bias=True)
  (LeakyReLU): LeakyReLU(negative_slope=0.2)
)
epoch: 0
epoch_0_loss:  1.1442282755586137
epoch: 1
epoch_1_loss:  1.1446045985300897
epoch: 2
epoch_2_loss:  1.1412961055683475
epoch: 3
epoch_3_loss:  1.1416524988480456
epoch: 4
epoch_4_loss:  1.1423351748509254
epoch: 5
epoch_5_loss:  1.1428341545264733
epoch: 6
epoch_6_loss:  1.1439769404289086
epoch: 7
epoch_7_loss:  1.1428104766731384
epoch: 8
epoch_8_loss:  1.1404981974150346
epoch: 9
epoch_9_loss:  1.1412162266982533
epoch: 10
epoch_10_loss:  1.1445840684677733
epoch: 11
epoch_11_loss:  1.1413690032287744
epoch: 12
epoch_12_loss:  1.1403520526961681
epoch: 13
epoch_13_loss:  1.1418741732732491
epoch: 14
epoch_14_loss:  1.1423604615414487
[1.1442282755586137, 1.1446045985300897, 1.1412961055683475, 1.1416524988480456, 1.1423351748509254, 1.1428341545264733, 1.1439769404289086, 1.1428104766731384, 1.1404981974150346, 1.1412162266982533, 1.1445840684677733, 1.1413690032287744, 1.1403520526961681, 1.1418741732732491, 1.1423604615414487]
[I 2022-11-13 18:33:33,433] Trial 194 finished with value: 1.1423604615414487 and parameters: {'optimizer': 'Adam', 'lr': 8.463438819214334e-05, 'hidden_dim': 5, 'latent_dim': 4}. Best is trial 58 with value: 1.0133226465254404.
build_Encoder(
  (FC_input): Linear(in_features=5, out_features=5, bias=True)
  (FC_input2): Linear(in_features=5, out_features=5, bias=True)
  (FC_mean): Linear(in_features=5, out_features=4, bias=True)
  (FC_var): Linear(in_features=5, out_features=4, bias=True)
  (LeakyReLU): LeakyReLU(negative_slope=0.01)
)
build_Decoder(
  (FC_hidden): Linear(in_features=4, out_features=5, bias=True)
  (FC_hidden2): Linear(in_features=5, out_features=5, bias=True)
  (FC_output): Linear(in_features=5, out_features=5, bias=True)
  (LeakyReLU): LeakyReLU(negative_slope=0.2)
)
epoch: 0
epoch_0_loss:  1.1098773759326581
epoch: 1
epoch_1_loss:  1.1079712422931443
epoch: 2
epoch_2_loss:  1.1106709361568488
epoch: 3
epoch_3_loss:  1.1081161537882227
epoch: 4
epoch_4_loss:  1.109652462678807
epoch: 5
epoch_5_loss:  1.112254044153378
epoch: 6
epoch_6_loss:  1.1083326529940598
epoch: 7
epoch_7_loss:  1.109546537786555
epoch: 8
epoch_8_loss:  1.1083974017300942
epoch: 9
epoch_9_loss:  1.1100659399286583
epoch: 10
epoch_10_loss:  1.1083281782081622
epoch: 11
epoch_11_loss:  1.1089844589617293
epoch: 12
epoch_12_loss:  1.1082565254586307
epoch: 13
epoch_13_loss:  1.1081158872378207
epoch: 14
epoch_14_loss:  1.1090365674340688
[1.1098773759326581, 1.1079712422931443, 1.1106709361568488, 1.1081161537882227, 1.109652462678807, 1.112254044153378, 1.1083326529940598, 1.109546537786555, 1.1083974017300942, 1.1100659399286583, 1.1083281782081622, 1.1089844589617293, 1.1082565254586307, 1.1081158872378207, 1.1090365674340688]
[I 2022-11-13 18:34:53,503] Trial 195 finished with value: 1.1090365674340688 and parameters: {'optimizer': 'Adam', 'lr': 7.233561088244899e-05, 'hidden_dim': 5, 'latent_dim': 4}. Best is trial 58 with value: 1.0133226465254404.
build_Encoder(
  (FC_input): Linear(in_features=5, out_features=5, bias=True)
  (FC_input2): Linear(in_features=5, out_features=5, bias=True)
  (FC_mean): Linear(in_features=5, out_features=4, bias=True)
  (FC_var): Linear(in_features=5, out_features=4, bias=True)
  (LeakyReLU): LeakyReLU(negative_slope=0.01)
)
build_Decoder(
  (FC_hidden): Linear(in_features=4, out_features=5, bias=True)
  (FC_hidden2): Linear(in_features=5, out_features=5, bias=True)
  (FC_output): Linear(in_features=5, out_features=5, bias=True)
  (LeakyReLU): LeakyReLU(negative_slope=0.2)
)
epoch: 0
epoch_0_loss:  1.094363945012626
epoch: 1
epoch_1_loss:  1.0945348378257302
epoch: 2
epoch_2_loss:  1.0926982517561787
epoch: 3
epoch_3_loss:  1.0939656567158142
epoch: 4
epoch_4_loss:  1.0929372536534356
epoch: 5
epoch_5_loss:  1.0936841415405665
epoch: 6
epoch_6_loss:  1.0944791002200618
epoch: 7
epoch_7_loss:  1.092616478630345
epoch: 8
epoch_8_loss:  1.0945704486270627
epoch: 9
epoch_9_loss:  1.0920101531021802
epoch: 10
epoch_10_loss:  1.0931531130029783
epoch: 11
epoch_11_loss:  1.093288773255466
epoch: 12
epoch_12_loss:  1.0940733170123769
epoch: 13
epoch_13_loss:  1.0922054688356768
epoch: 14
epoch_14_loss:  1.0938130749908004
[1.094363945012626, 1.0945348378257302, 1.0926982517561787, 1.0939656567158142, 1.0929372536534356, 1.0936841415405665, 1.0944791002200618, 1.092616478630345, 1.0945704486270627, 1.0920101531021802, 1.0931531130029783, 1.093288773255466, 1.0940733170123769, 1.0922054688356768, 1.0938130749908004]
[I 2022-11-13 18:36:13,605] Trial 196 finished with value: 1.0938130749908004 and parameters: {'optimizer': 'Adam', 'lr': 8.351994173731316e-05, 'hidden_dim': 5, 'latent_dim': 4}. Best is trial 58 with value: 1.0133226465254404.
build_Encoder(
  (FC_input): Linear(in_features=5, out_features=4, bias=True)
  (FC_input2): Linear(in_features=4, out_features=4, bias=True)
  (FC_mean): Linear(in_features=4, out_features=4, bias=True)
  (FC_var): Linear(in_features=4, out_features=4, bias=True)
  (LeakyReLU): LeakyReLU(negative_slope=0.01)
)
build_Decoder(
  (FC_hidden): Linear(in_features=4, out_features=4, bias=True)
  (FC_hidden2): Linear(in_features=4, out_features=4, bias=True)
  (FC_output): Linear(in_features=4, out_features=5, bias=True)
  (LeakyReLU): LeakyReLU(negative_slope=0.2)
)
epoch: 0
epoch_0_loss:  1.1837349185369046
epoch: 1
epoch_1_loss:  1.18259884663984
epoch: 2
epoch_2_loss:  1.1828571181479364
epoch: 3
epoch_3_loss:  1.1815200121523002
epoch: 4
epoch_4_loss:  1.183225948176287
epoch: 5
epoch_5_loss:  1.1827057950387472
epoch: 6
epoch_6_loss:  1.1831795920064196
epoch: 7
epoch_7_loss:  1.1848260802585862
epoch: 8
epoch_8_loss:  1.182659435835757
epoch: 9
epoch_9_loss:  1.1815202121894877
epoch: 10
epoch_10_loss:  1.1819343286605817
epoch: 11
epoch_11_loss:  1.183480116075259
epoch: 12
epoch_12_loss:  1.1833839114109648
epoch: 13
epoch_13_loss:  1.182826955343467
epoch: 14
epoch_14_loss:  1.18369553647612
[1.1837349185369046, 1.18259884663984, 1.1828571181479364, 1.1815200121523002, 1.183225948176287, 1.1827057950387472, 1.1831795920064196, 1.1848260802585862, 1.182659435835757, 1.1815202121894877, 1.1819343286605817, 1.183480116075259, 1.1833839114109648, 1.182826955343467, 1.18369553647612]
[I 2022-11-13 18:37:33,792] Trial 197 finished with value: 1.18369553647612 and parameters: {'optimizer': 'Adam', 'lr': 6.638670032968062e-05, 'hidden_dim': 4, 'latent_dim': 4}. Best is trial 58 with value: 1.0133226465254404.
build_Encoder(
  (FC_input): Linear(in_features=5, out_features=5, bias=True)
  (FC_input2): Linear(in_features=5, out_features=5, bias=True)
  (FC_mean): Linear(in_features=5, out_features=4, bias=True)
  (FC_var): Linear(in_features=5, out_features=4, bias=True)
  (LeakyReLU): LeakyReLU(negative_slope=0.01)
)
build_Decoder(
  (FC_hidden): Linear(in_features=4, out_features=5, bias=True)
  (FC_hidden2): Linear(in_features=5, out_features=5, bias=True)
  (FC_output): Linear(in_features=5, out_features=5, bias=True)
  (LeakyReLU): LeakyReLU(negative_slope=0.2)
)
epoch: 0
epoch_0_loss:  1.2176003126806736
epoch: 1
epoch_1_loss:  1.2207957233829896
epoch: 2
epoch_2_loss:  1.2183430493498668
epoch: 3
epoch_3_loss:  1.2197457945990908
epoch: 4
epoch_4_loss:  1.218443325626578
epoch: 5
epoch_5_loss:  1.218601042776674
epoch: 6
epoch_6_loss:  1.2193493303114946
epoch: 7
epoch_7_loss:  1.2217120678677584
epoch: 8
epoch_8_loss:  1.2185462867411845
epoch: 9
epoch_9_loss:  1.220759497060892
epoch: 10
epoch_10_loss:  1.2187284205403066
epoch: 11
epoch_11_loss:  1.2188028640819761
epoch: 12
epoch_12_loss:  1.217312661753052
epoch: 13
epoch_13_loss:  1.2198343018199742
epoch: 14
epoch_14_loss:  1.2185585195643582
[1.2176003126806736, 1.2207957233829896, 1.2183430493498668, 1.2197457945990908, 1.218443325626578, 1.218601042776674, 1.2193493303114946, 1.2217120678677584, 1.2185462867411845, 1.220759497060892, 1.2187284205403066, 1.2188028640819761, 1.217312661753052, 1.2198343018199742, 1.2185585195643582]
