[I 2022-11-13 11:07:15,271] Trial 11 finished with value: 1.0418190990257263 and parameters: {'optimizer': 'Adam', 'lr': 0.00019646626733930956, 'n_layers': 1, 'n_units_l0': 4}. Best is trial 11 with value: 1.0418190990257263.
Sequential(
  (0): Linear(in_features=5, out_features=4, bias=True)
  (1): ReLU()
  (2): Linear(in_features=4, out_features=4, bias=True)
  (3): ReLU()
  (4): Linear(in_features=4, out_features=3, bias=True)
  (5): ReLU()
)
Sequential(
  (0): Linear(in_features=3, out_features=4, bias=True)
  (1): ReLU()
  (2): Linear(in_features=4, out_features=4, bias=True)
  (3): ReLU()
  (4): Linear(in_features=4, out_features=5, bias=True)
)
epoch: 0
epoch_0_loss:  1.03902727773544
epoch: 1
epoch_1_loss:  1.03902727773544
epoch: 2
epoch_2_loss:  1.03902727773544
epoch: 3
epoch_3_loss:  1.03902727773544
epoch: 4
epoch_4_loss:  1.03902727773544
epoch: 5
epoch_5_loss:  1.03902727773544
epoch: 6
epoch_6_loss:  1.03902727773544
epoch: 7
epoch_7_loss:  1.03902727773544
epoch: 8
epoch_8_loss:  1.03902727773544
epoch: 9
epoch_9_loss:  1.03902727773544
epoch: 10
epoch_10_loss:  1.03902727773544
epoch: 11
epoch_11_loss:  1.03902727773544
epoch: 12
epoch_12_loss:  1.03902727773544
epoch: 13
epoch_13_loss:  1.03902727773544
epoch: 14
epoch_14_loss:  1.03902727773544
[1.03902727773544, 1.03902727773544, 1.03902727773544, 1.03902727773544, 1.03902727773544, 1.03902727773544, 1.03902727773544, 1.03902727773544, 1.03902727773544, 1.03902727773544, 1.03902727773544, 1.03902727773544, 1.03902727773544, 1.03902727773544, 1.03902727773544]
[I 2022-11-13 11:08:23,909] Trial 12 finished with value: 1.03902727773544 and parameters: {'optimizer': 'Adam', 'lr': 0.0002152781160909216, 'n_layers': 3, 'n_units_l0': 4, 'n_units_l1': 4, 'n_units_l2': 3}. Best is trial 12 with value: 1.03902727773544.
Sequential(
  (0): Linear(in_features=5, out_features=3, bias=True)
  (1): ReLU()
  (2): Linear(in_features=3, out_features=1, bias=True)
  (3): ReLU()
  (4): Linear(in_features=1, out_features=3, bias=True)
  (5): ReLU()
)
Sequential(
  (0): Linear(in_features=3, out_features=1, bias=True)
  (1): ReLU()
  (2): Linear(in_features=1, out_features=3, bias=True)
  (3): ReLU()
  (4): Linear(in_features=3, out_features=5, bias=True)
)
epoch: 0
epoch_0_loss:  1.1119593184625716
epoch: 1
epoch_1_loss:  1.1119593184625716
epoch: 2
epoch_2_loss:  1.1119593184625716
epoch: 3
epoch_3_loss:  1.1119593184625716
epoch: 4
epoch_4_loss:  1.1119593184625716
epoch: 5
epoch_5_loss:  1.1119593184625716
epoch: 6
epoch_6_loss:  1.1119593184625716
epoch: 7
epoch_7_loss:  1.1119593184625716
epoch: 8
epoch_8_loss:  1.1119593184625716
epoch: 9
epoch_9_loss:  1.1119593184625716
epoch: 10
epoch_10_loss:  1.1119593184625716
epoch: 11
epoch_11_loss:  1.1119593184625716
epoch: 12
epoch_12_loss:  1.1119593184625716
epoch: 13
epoch_13_loss:  1.1119593184625716
epoch: 14
epoch_14_loss:  1.1119593184625716
[1.1119593184625716, 1.1119593184625716, 1.1119593184625716, 1.1119593184625716, 1.1119593184625716, 1.1119593184625716, 1.1119593184625716, 1.1119593184625716, 1.1119593184625716, 1.1119593184625716, 1.1119593184625716, 1.1119593184625716, 1.1119593184625716, 1.1119593184625716, 1.1119593184625716]
[I 2022-11-13 11:09:32,709] Trial 13 finished with value: 1.1119593184625716 and parameters: {'optimizer': 'Adam', 'lr': 0.00020342987527034048, 'n_layers': 3, 'n_units_l0': 3, 'n_units_l1': 1, 'n_units_l2': 3}. Best is trial 12 with value: 1.03902727773544.
Sequential(
  (0): Linear(in_features=5, out_features=4, bias=True)
  (1): ReLU()
  (2): Linear(in_features=4, out_features=3, bias=True)
  (3): ReLU()
  (4): Linear(in_features=3, out_features=3, bias=True)
  (5): ReLU()
)
Sequential(
  (0): Linear(in_features=3, out_features=3, bias=True)
  (1): ReLU()
  (2): Linear(in_features=3, out_features=4, bias=True)
  (3): ReLU()
  (4): Linear(in_features=4, out_features=5, bias=True)
)
epoch: 0
epoch_0_loss:  1.097584100555158
epoch: 1
epoch_1_loss:  1.097584100555158
epoch: 2
epoch_2_loss:  1.097584100555158
epoch: 3
epoch_3_loss:  1.097584100555158
epoch: 4
epoch_4_loss:  1.097584100555158
epoch: 5
epoch_5_loss:  1.097584100555158
epoch: 6
epoch_6_loss:  1.097584100555158
epoch: 7
epoch_7_loss:  1.097584100555158
epoch: 8
epoch_8_loss:  1.097584100555158
epoch: 9
epoch_9_loss:  1.097584100555158
epoch: 10
epoch_10_loss:  1.097584100555158
epoch: 11
epoch_11_loss:  1.097584100555158
epoch: 12
epoch_12_loss:  1.097584100555158
epoch: 13
epoch_13_loss:  1.097584100555158
epoch: 14
epoch_14_loss:  1.097584100555158
[1.097584100555158, 1.097584100555158, 1.097584100555158, 1.097584100555158, 1.097584100555158, 1.097584100555158, 1.097584100555158, 1.097584100555158, 1.097584100555158, 1.097584100555158, 1.097584100555158, 1.097584100555158, 1.097584100555158, 1.097584100555158, 1.097584100555158]
[I 2022-11-13 11:10:41,163] Trial 14 finished with value: 1.097584100555158 and parameters: {'optimizer': 'Adam', 'lr': 0.00022254976848570557, 'n_layers': 3, 'n_units_l0': 4, 'n_units_l1': 3, 'n_units_l2': 3}. Best is trial 12 with value: 1.03902727773544.
Sequential(
  (0): Linear(in_features=5, out_features=4, bias=True)
  (1): ReLU()
)
Sequential(
  (0): Linear(in_features=4, out_features=5, bias=True)
)
epoch: 0
epoch_0_loss:  1.3665611730038012
epoch: 1
epoch_1_loss:  1.3665611730038012
epoch: 2
epoch_2_loss:  1.3665611730038012
epoch: 3
epoch_3_loss:  1.3665611730038012
epoch: 4
epoch_4_loss:  1.3665611730038012
epoch: 5
epoch_5_loss:  1.3665611730038012
epoch: 6
epoch_6_loss:  1.3665611730038012
epoch: 7
epoch_7_loss:  1.3665611730038012
epoch: 8
epoch_8_loss:  1.3665611730038012
epoch: 9
epoch_9_loss:  1.3665611730038012
epoch: 10
epoch_10_loss:  1.3665611730038012
epoch: 11
epoch_11_loss:  1.3665611730038012
epoch: 12
epoch_12_loss:  1.3665611730038012
epoch: 13
epoch_13_loss:  1.3665611730038012
epoch: 14
epoch_14_loss:  1.3665611730038012
[1.3665611730038012, 1.3665611730038012, 1.3665611730038012, 1.3665611730038012, 1.3665611730038012, 1.3665611730038012, 1.3665611730038012, 1.3665611730038012, 1.3665611730038012, 1.3665611730038012, 1.3665611730038012, 1.3665611730038012, 1.3665611730038012, 1.3665611730038012, 1.3665611730038012]
[I 2022-11-13 11:11:25,080] Trial 15 finished with value: 1.3665611730038012 and parameters: {'optimizer': 'Adam', 'lr': 0.00013013918451522274, 'n_layers': 1, 'n_units_l0': 4}. Best is trial 12 with value: 1.03902727773544.
Sequential(
  (0): Linear(in_features=5, out_features=2, bias=True)
  (1): ReLU()
  (2): Linear(in_features=2, out_features=4, bias=True)
  (3): ReLU()
  (4): Linear(in_features=4, out_features=5, bias=True)
  (5): ReLU()
)
Sequential(
  (0): Linear(in_features=5, out_features=4, bias=True)
  (1): ReLU()
  (2): Linear(in_features=4, out_features=2, bias=True)
  (3): ReLU()
  (4): Linear(in_features=2, out_features=5, bias=True)
)
epoch: 0
epoch_0_loss:  1.3175651916075581
epoch: 1
epoch_1_loss:  1.3175651916075581
epoch: 2
epoch_2_loss:  1.3175651916075581
epoch: 3
epoch_3_loss:  1.3175651916075581
epoch: 4
epoch_4_loss:  1.3175651916075581
epoch: 5
epoch_5_loss:  1.3175651916075581
epoch: 6
epoch_6_loss:  1.3175651916075581
epoch: 7
epoch_7_loss:  1.3175651916075581
epoch: 8
epoch_8_loss:  1.3175651916075581
epoch: 9
epoch_9_loss:  1.3175651916075581
epoch: 10
epoch_10_loss:  1.3175651916075581
epoch: 11
epoch_11_loss:  1.3175651916075581
epoch: 12
epoch_12_loss:  1.3175651916075581
epoch: 13
epoch_13_loss:  1.3175651916075581
epoch: 14
epoch_14_loss:  1.3175651916075581
[1.3175651916075581, 1.3175651916075581, 1.3175651916075581, 1.3175651916075581, 1.3175651916075581, 1.3175651916075581, 1.3175651916075581, 1.3175651916075581, 1.3175651916075581, 1.3175651916075581, 1.3175651916075581, 1.3175651916075581, 1.3175651916075581, 1.3175651916075581, 1.3175651916075581]
[I 2022-11-13 11:12:33,790] Trial 16 finished with value: 1.3175651916075581 and parameters: {'optimizer': 'Adam', 'lr': 0.0004132714912083783, 'n_layers': 3, 'n_units_l0': 2, 'n_units_l1': 4, 'n_units_l2': 5}. Best is trial 12 with value: 1.03902727773544.
Sequential(
  (0): Linear(in_features=5, out_features=3, bias=True)
  (1): ReLU()
  (2): Linear(in_features=3, out_features=4, bias=True)
  (3): ReLU()
)
Sequential(
  (0): Linear(in_features=4, out_features=3, bias=True)
  (1): ReLU()
  (2): Linear(in_features=3, out_features=5, bias=True)
)
epoch: 0
epoch_0_loss:  1.0385270087308953
epoch: 1
epoch_1_loss:  1.0385270087308953
epoch: 2
epoch_2_loss:  1.0385270087308953
epoch: 3
epoch_3_loss:  1.0385270087308953
epoch: 4
epoch_4_loss:  1.0385270087308953
epoch: 5
epoch_5_loss:  1.0385270087308953
epoch: 6
epoch_6_loss:  1.0385270087308953
epoch: 7
epoch_7_loss:  1.0385270087308953
epoch: 8
epoch_8_loss:  1.0385270087308953
epoch: 9
epoch_9_loss:  1.0385270087308953
epoch: 10
epoch_10_loss:  1.0385270087308953
epoch: 11
epoch_11_loss:  1.0385270087308953
epoch: 12
epoch_12_loss:  1.0385270087308953
epoch: 13
epoch_13_loss:  1.0385270087308953
epoch: 14
epoch_14_loss:  1.0385270087308953
[1.0385270087308953, 1.0385270087308953, 1.0385270087308953, 1.0385270087308953, 1.0385270087308953, 1.0385270087308953, 1.0385270087308953, 1.0385270087308953, 1.0385270087308953, 1.0385270087308953, 1.0385270087308953, 1.0385270087308953, 1.0385270087308953, 1.0385270087308953, 1.0385270087308953]
[I 2022-11-13 11:13:30,229] Trial 17 finished with value: 1.0385270087308953 and parameters: {'optimizer': 'Adam', 'lr': 0.00035313445899822534, 'n_layers': 2, 'n_units_l0': 3, 'n_units_l1': 4}. Best is trial 17 with value: 1.0385270087308953.
Sequential(
  (0): Linear(in_features=5, out_features=2, bias=True)
  (1): ReLU()
  (2): Linear(in_features=2, out_features=4, bias=True)
  (3): ReLU()
)
Sequential(
  (0): Linear(in_features=4, out_features=2, bias=True)
  (1): ReLU()
  (2): Linear(in_features=2, out_features=5, bias=True)
)
epoch: 0
epoch_0_loss:  1.1911403162903547
epoch: 1
epoch_1_loss:  1.1911403162903547
epoch: 2
epoch_2_loss:  1.1911403162903547
epoch: 3
epoch_3_loss:  1.1911403162903547
epoch: 4
epoch_4_loss:  1.1911403162903547
epoch: 5
epoch_5_loss:  1.1911403162903547
epoch: 6
epoch_6_loss:  1.1911403162903547
epoch: 7
epoch_7_loss:  1.1911403162903547
epoch: 8
epoch_8_loss:  1.1911403162903547
epoch: 9
epoch_9_loss:  1.1911403162903547
epoch: 10
epoch_10_loss:  1.1911403162903547
epoch: 11
epoch_11_loss:  1.1911403162903547
epoch: 12
epoch_12_loss:  1.1911403162903547
epoch: 13
epoch_13_loss:  1.1911403162903547
epoch: 14
epoch_14_loss:  1.1911403162903547
[1.1911403162903547, 1.1911403162903547, 1.1911403162903547, 1.1911403162903547, 1.1911403162903547, 1.1911403162903547, 1.1911403162903547, 1.1911403162903547, 1.1911403162903547, 1.1911403162903547, 1.1911403162903547, 1.1911403162903547, 1.1911403162903547, 1.1911403162903547, 1.1911403162903547]
[I 2022-11-13 11:14:26,545] Trial 18 finished with value: 1.1911403162903547 and parameters: {'optimizer': 'Adam', 'lr': 0.00036687961198486743, 'n_layers': 2, 'n_units_l0': 2, 'n_units_l1': 4}. Best is trial 17 with value: 1.0385270087308953.
Sequential(
  (0): Linear(in_features=5, out_features=3, bias=True)
  (1): ReLU()
  (2): Linear(in_features=3, out_features=4, bias=True)
  (3): ReLU()
  (4): Linear(in_features=4, out_features=1, bias=True)
  (5): ReLU()
)
Sequential(
  (0): Linear(in_features=1, out_features=4, bias=True)
  (1): ReLU()
  (2): Linear(in_features=4, out_features=3, bias=True)
  (3): ReLU()
  (4): Linear(in_features=3, out_features=5, bias=True)
)
epoch: 0
epoch_0_loss:  1.3204657229373467
epoch: 1
epoch_1_loss:  1.3204657229373467
epoch: 2
epoch_2_loss:  1.3204657229373467
epoch: 3
epoch_3_loss:  1.3204657229373467
epoch: 4
epoch_4_loss:  1.3204657229373467
epoch: 5
epoch_5_loss:  1.3204657229373467
epoch: 6
epoch_6_loss:  1.3204657229373467
epoch: 7
epoch_7_loss:  1.3204657229373467
epoch: 8
epoch_8_loss:  1.3204657229373467
epoch: 9
epoch_9_loss:  1.3204657229373467
epoch: 10
epoch_10_loss:  1.3204657229373467
epoch: 11
epoch_11_loss:  1.3204657229373467
epoch: 12
epoch_12_loss:  1.3204657229373467
epoch: 13
epoch_13_loss:  1.3204657229373467
epoch: 14
epoch_14_loss:  1.3204657229373467
[1.3204657229373467, 1.3204657229373467, 1.3204657229373467, 1.3204657229373467, 1.3204657229373467, 1.3204657229373467, 1.3204657229373467, 1.3204657229373467, 1.3204657229373467, 1.3204657229373467, 1.3204657229373467, 1.3204657229373467, 1.3204657229373467, 1.3204657229373467, 1.3204657229373467]
[I 2022-11-13 11:15:35,525] Trial 19 finished with value: 1.3204657229373467 and parameters: {'optimizer': 'Adam', 'lr': 0.0009960929945706475, 'n_layers': 3, 'n_units_l0': 3, 'n_units_l1': 4, 'n_units_l2': 1}. Best is trial 17 with value: 1.0385270087308953.
Sequential(
  (0): Linear(in_features=5, out_features=1, bias=True)
  (1): ReLU()
  (2): Linear(in_features=1, out_features=3, bias=True)
  (3): ReLU()
)
Sequential(
  (0): Linear(in_features=3, out_features=1, bias=True)
  (1): ReLU()
  (2): Linear(in_features=1, out_features=5, bias=True)
)
epoch: 0
epoch_0_loss:  1.2695702296475408
epoch: 1
epoch_1_loss:  1.2695702296475408
epoch: 2
epoch_2_loss:  1.2695702296475408
epoch: 3
epoch_3_loss:  1.2695702296475408
epoch: 4
epoch_4_loss:  1.2695702296475408
epoch: 5
epoch_5_loss:  1.2695702296475408
epoch: 6
epoch_6_loss:  1.2695702296475408
epoch: 7
epoch_7_loss:  1.2695702296475408
epoch: 8
epoch_8_loss:  1.2695702296475408
epoch: 9
epoch_9_loss:  1.2695702296475408
epoch: 10
epoch_10_loss:  1.2695702296475408
epoch: 11
epoch_11_loss:  1.2695702296475408
epoch: 12
epoch_12_loss:  1.2695702296475408
epoch: 13
epoch_13_loss:  1.2695702296475408
epoch: 14
epoch_14_loss:  1.2695702296475408
[1.2695702296475408, 1.2695702296475408, 1.2695702296475408, 1.2695702296475408, 1.2695702296475408, 1.2695702296475408, 1.2695702296475408, 1.2695702296475408, 1.2695702296475408, 1.2695702296475408, 1.2695702296475408, 1.2695702296475408, 1.2695702296475408, 1.2695702296475408, 1.2695702296475408]
[I 2022-11-13 11:16:31,707] Trial 20 finished with value: 1.2695702296475408 and parameters: {'optimizer': 'Adam', 'lr': 0.00013998209293748928, 'n_layers': 2, 'n_units_l0': 1, 'n_units_l1': 3}. Best is trial 17 with value: 1.0385270087308953.
Sequential(
  (0): Linear(in_features=5, out_features=4, bias=True)
  (1): ReLU()
)
Sequential(
  (0): Linear(in_features=4, out_features=5, bias=True)
)
epoch: 0
epoch_0_loss:  1.0670498671676223
epoch: 1
epoch_1_loss:  1.0670498671676223
epoch: 2
epoch_2_loss:  1.0670498671676223
epoch: 3
epoch_3_loss:  1.0670498671676223
epoch: 4
epoch_4_loss:  1.0670498671676223
epoch: 5
epoch_5_loss:  1.0670498671676223
epoch: 6
epoch_6_loss:  1.0670498671676223
epoch: 7
epoch_7_loss:  1.0670498671676223
epoch: 8
epoch_8_loss:  1.0670498671676223
epoch: 9
epoch_9_loss:  1.0670498671676223
epoch: 10
epoch_10_loss:  1.0670498671676223
epoch: 11
epoch_11_loss:  1.0670498671676223
epoch: 12
epoch_12_loss:  1.0670498671676223
epoch: 13
epoch_13_loss:  1.0670498671676223
epoch: 14
epoch_14_loss:  1.0670498671676223
[1.0670498671676223, 1.0670498671676223, 1.0670498671676223, 1.0670498671676223, 1.0670498671676223, 1.0670498671676223, 1.0670498671676223, 1.0670498671676223, 1.0670498671676223, 1.0670498671676223, 1.0670498671676223, 1.0670498671676223, 1.0670498671676223, 1.0670498671676223, 1.0670498671676223]
[I 2022-11-13 11:17:15,653] Trial 21 finished with value: 1.0670498671676223 and parameters: {'optimizer': 'Adam', 'lr': 0.0003113974857169823, 'n_layers': 1, 'n_units_l0': 4}. Best is trial 17 with value: 1.0385270087308953.
Sequential(
  (0): Linear(in_features=5, out_features=3, bias=True)
  (1): ReLU()
  (2): Linear(in_features=3, out_features=4, bias=True)
  (3): ReLU()
  (4): Linear(in_features=4, out_features=4, bias=True)
  (5): ReLU()
)
Sequential(
  (0): Linear(in_features=4, out_features=4, bias=True)
  (1): ReLU()
  (2): Linear(in_features=4, out_features=3, bias=True)
  (3): ReLU()
  (4): Linear(in_features=3, out_features=5, bias=True)
)
epoch: 0
epoch_0_loss:  1.1753847244074629
epoch: 1
epoch_1_loss:  1.1753847244074629
epoch: 2
epoch_2_loss:  1.1753847244074629
epoch: 3
epoch_3_loss:  1.1753847244074629
epoch: 4
epoch_4_loss:  1.1753847244074629
epoch: 5
epoch_5_loss:  1.1753847244074629
epoch: 6
epoch_6_loss:  1.1753847244074629
epoch: 7
epoch_7_loss:  1.1753847244074629
epoch: 8
epoch_8_loss:  1.1753847244074629
epoch: 9
epoch_9_loss:  1.1753847244074629
epoch: 10
epoch_10_loss:  1.1753847244074629
epoch: 11
epoch_11_loss:  1.1753847244074629
epoch: 12
epoch_12_loss:  1.1753847244074629
epoch: 13
epoch_13_loss:  1.1753847244074629
epoch: 14
epoch_14_loss:  1.1753847244074629
[1.1753847244074629, 1.1753847244074629, 1.1753847244074629, 1.1753847244074629, 1.1753847244074629, 1.1753847244074629, 1.1753847244074629, 1.1753847244074629, 1.1753847244074629, 1.1753847244074629, 1.1753847244074629, 1.1753847244074629, 1.1753847244074629, 1.1753847244074629, 1.1753847244074629]
[I 2022-11-13 11:18:24,510] Trial 22 finished with value: 1.1753847244074629 and parameters: {'optimizer': 'Adam', 'lr': 0.00010040146109555939, 'n_layers': 3, 'n_units_l0': 3, 'n_units_l1': 4, 'n_units_l2': 4}. Best is trial 17 with value: 1.0385270087308953.
Sequential(
  (0): Linear(in_features=5, out_features=3, bias=True)
  (1): ReLU()
  (2): Linear(in_features=3, out_features=2, bias=True)
  (3): ReLU()
)
Sequential(
  (0): Linear(in_features=2, out_features=3, bias=True)
  (1): ReLU()
  (2): Linear(in_features=3, out_features=5, bias=True)
)
epoch: 0
epoch_0_loss:  1.2448451098370739
epoch: 1
epoch_1_loss:  1.2448451098370739
epoch: 2
epoch_2_loss:  1.2448451098370739
epoch: 3
epoch_3_loss:  1.2448451098370739
epoch: 4
epoch_4_loss:  1.2448451098370739
epoch: 5
epoch_5_loss:  1.2448451098370739
epoch: 6
epoch_6_loss:  1.2448451098370739
epoch: 7
epoch_7_loss:  1.2448451098370739
epoch: 8
epoch_8_loss:  1.2448451098370739
epoch: 9
epoch_9_loss:  1.2448451098370739
epoch: 10
epoch_10_loss:  1.2448451098370739
epoch: 11
epoch_11_loss:  1.2448451098370739
epoch: 12
epoch_12_loss:  1.2448451098370739
epoch: 13
epoch_13_loss:  1.2448451098370739
epoch: 14
epoch_14_loss:  1.2448451098370739
[1.2448451098370739, 1.2448451098370739, 1.2448451098370739, 1.2448451098370739, 1.2448451098370739, 1.2448451098370739, 1.2448451098370739, 1.2448451098370739, 1.2448451098370739, 1.2448451098370739, 1.2448451098370739, 1.2448451098370739, 1.2448451098370739, 1.2448451098370739, 1.2448451098370739]
[I 2022-11-13 11:19:21,064] Trial 23 finished with value: 1.2448451098370739 and parameters: {'optimizer': 'Adam', 'lr': 0.0005713749162990559, 'n_layers': 2, 'n_units_l0': 3, 'n_units_l1': 2}. Best is trial 17 with value: 1.0385270087308953.
Sequential(
  (0): Linear(in_features=5, out_features=4, bias=True)
  (1): ReLU()
)
Sequential(
  (0): Linear(in_features=4, out_features=5, bias=True)
)
epoch: 0
epoch_0_loss:  1.1869111943607136
epoch: 1
epoch_1_loss:  1.1869111943607136
epoch: 2
epoch_2_loss:  1.1869111943607136
epoch: 3
epoch_3_loss:  1.1869111943607136
epoch: 4
epoch_4_loss:  1.1869111943607136
epoch: 5
epoch_5_loss:  1.1869111943607136
epoch: 6
epoch_6_loss:  1.1869111943607136
epoch: 7
epoch_7_loss:  1.1869111943607136
epoch: 8
epoch_8_loss:  1.1869111943607136
epoch: 9
epoch_9_loss:  1.1869111943607136
epoch: 10
epoch_10_loss:  1.1869111943607136
epoch: 11
epoch_11_loss:  1.1869111943607136
epoch: 12
epoch_12_loss:  1.1869111943607136
epoch: 13
epoch_13_loss:  1.1869111943607136
epoch: 14
epoch_14_loss:  1.1869111943607136
[1.1869111943607136, 1.1869111943607136, 1.1869111943607136, 1.1869111943607136, 1.1869111943607136, 1.1869111943607136, 1.1869111943607136, 1.1869111943607136, 1.1869111943607136, 1.1869111943607136, 1.1869111943607136, 1.1869111943607136, 1.1869111943607136, 1.1869111943607136, 1.1869111943607136]
[I 2022-11-13 11:20:04,951] Trial 24 finished with value: 1.1869111943607136 and parameters: {'optimizer': 'Adam', 'lr': 0.00016300993336109193, 'n_layers': 1, 'n_units_l0': 4}. Best is trial 17 with value: 1.0385270087308953.
Sequential(
  (0): Linear(in_features=5, out_features=3, bias=True)
  (1): ReLU()
  (2): Linear(in_features=3, out_features=5, bias=True)
  (3): ReLU()
)
Sequential(
  (0): Linear(in_features=5, out_features=3, bias=True)
  (1): ReLU()
  (2): Linear(in_features=3, out_features=5, bias=True)
)
epoch: 0
epoch_0_loss:  1.1186322575000547
epoch: 1
epoch_1_loss:  1.1186322575000547
epoch: 2
epoch_2_loss:  1.1186322575000547
epoch: 3
epoch_3_loss:  1.1186322575000547
epoch: 4
epoch_4_loss:  1.1186322575000547
epoch: 5
epoch_5_loss:  1.1186322575000547
epoch: 6
epoch_6_loss:  1.1186322575000547
epoch: 7
epoch_7_loss:  1.1186322575000547
epoch: 8
epoch_8_loss:  1.1186322575000547
epoch: 9
epoch_9_loss:  1.1186322575000547
epoch: 10
epoch_10_loss:  1.1186322575000547
epoch: 11
epoch_11_loss:  1.1186322575000547
epoch: 12
epoch_12_loss:  1.1186322575000547
epoch: 13
epoch_13_loss:  1.1186322575000547
epoch: 14
epoch_14_loss:  1.1186322575000547
[1.1186322575000547, 1.1186322575000547, 1.1186322575000547, 1.1186322575000547, 1.1186322575000547, 1.1186322575000547, 1.1186322575000547, 1.1186322575000547, 1.1186322575000547, 1.1186322575000547, 1.1186322575000547, 1.1186322575000547, 1.1186322575000547, 1.1186322575000547, 1.1186322575000547]
