[I 2022-11-13 17:34:08,215] Trial 150 finished with value: 1.0561297713027544 and parameters: {'optimizer': 'Adam', 'lr': 2.659898715500781e-05, 'hidden_dim': 5, 'latent_dim': 3}. Best is trial 58 with value: 1.0133226465254404.
build_Encoder(
  (FC_input): Linear(in_features=5, out_features=4, bias=True)
  (FC_input2): Linear(in_features=4, out_features=4, bias=True)
  (FC_mean): Linear(in_features=4, out_features=4, bias=True)
  (FC_var): Linear(in_features=4, out_features=4, bias=True)
  (LeakyReLU): LeakyReLU(negative_slope=0.01)
)
build_Decoder(
  (FC_hidden): Linear(in_features=4, out_features=4, bias=True)
  (FC_hidden2): Linear(in_features=4, out_features=4, bias=True)
  (FC_output): Linear(in_features=4, out_features=5, bias=True)
  (LeakyReLU): LeakyReLU(negative_slope=0.2)
)
epoch: 0
epoch_0_loss:  1.0486336238289764
epoch: 1
epoch_1_loss:  1.0485825337538952
epoch: 2
epoch_2_loss:  1.0482502511941894
epoch: 3
epoch_3_loss:  1.048650777249724
epoch: 4
epoch_4_loss:  1.0487615823942242
epoch: 5
epoch_5_loss:  1.0491386912944376
epoch: 6
epoch_6_loss:  1.0480802737410357
epoch: 7
epoch_7_loss:  1.0488630099756968
epoch: 8
epoch_8_loss:  1.0487991056819161
epoch: 9
epoch_9_loss:  1.0480590376305832
epoch: 10
epoch_10_loss:  1.0476695624894996
epoch: 11
epoch_11_loss:  1.0484088601708021
epoch: 12
epoch_12_loss:  1.0477629003587832
epoch: 13
epoch_13_loss:  1.049500153692884
epoch: 14
epoch_14_loss:  1.0487118088436196
[1.0486336238289764, 1.0485825337538952, 1.0482502511941894, 1.048650777249724, 1.0487615823942242, 1.0491386912944376, 1.0480802737410357, 1.0488630099756968, 1.0487991056819161, 1.0480590376305832, 1.0476695624894996, 1.0484088601708021, 1.0477629003587832, 1.049500153692884, 1.0487118088436196]
[I 2022-11-13 17:35:28,340] Trial 151 finished with value: 1.0487118088436196 and parameters: {'optimizer': 'Adam', 'lr': 7.055219057555967e-05, 'hidden_dim': 4, 'latent_dim': 4}. Best is trial 58 with value: 1.0133226465254404.
build_Encoder(
  (FC_input): Linear(in_features=5, out_features=4, bias=True)
  (FC_input2): Linear(in_features=4, out_features=4, bias=True)
  (FC_mean): Linear(in_features=4, out_features=4, bias=True)
  (FC_var): Linear(in_features=4, out_features=4, bias=True)
  (LeakyReLU): LeakyReLU(negative_slope=0.01)
)
build_Decoder(
  (FC_hidden): Linear(in_features=4, out_features=4, bias=True)
  (FC_hidden2): Linear(in_features=4, out_features=4, bias=True)
  (FC_output): Linear(in_features=4, out_features=5, bias=True)
  (LeakyReLU): LeakyReLU(negative_slope=0.2)
)
epoch: 0
epoch_0_loss:  1.0349369888723072
epoch: 1
epoch_1_loss:  1.0342078619539186
epoch: 2
epoch_2_loss:  1.033588158145969
epoch: 3
epoch_3_loss:  1.0338209505195282
epoch: 4
epoch_4_loss:  1.034951316248688
epoch: 5
epoch_5_loss:  1.033926970412127
epoch: 6
epoch_6_loss:  1.0341456722652915
epoch: 7
epoch_7_loss:  1.0335429700200236
epoch: 8
epoch_8_loss:  1.0340994846221692
epoch: 9
epoch_9_loss:  1.0336285403050944
epoch: 10
epoch_10_loss:  1.033904873246749
epoch: 11
epoch_11_loss:  1.0343948793087652
epoch: 12
epoch_12_loss:  1.0350012241212536
epoch: 13
epoch_13_loss:  1.033796796707741
epoch: 14
epoch_14_loss:  1.0340604557290891
[1.0349369888723072, 1.0342078619539186, 1.033588158145969, 1.0338209505195282, 1.034951316248688, 1.033926970412127, 1.0341456722652915, 1.0335429700200236, 1.0340994846221692, 1.0336285403050944, 1.033904873246749, 1.0343948793087652, 1.0350012241212536, 1.033796796707741, 1.0340604557290891]
[I 2022-11-13 17:36:48,774] Trial 152 finished with value: 1.0340604557290891 and parameters: {'optimizer': 'Adam', 'lr': 7.454614307418527e-05, 'hidden_dim': 4, 'latent_dim': 4}. Best is trial 58 with value: 1.0133226465254404.
build_Encoder(
  (FC_input): Linear(in_features=5, out_features=4, bias=True)
  (FC_input2): Linear(in_features=4, out_features=4, bias=True)
  (FC_mean): Linear(in_features=4, out_features=4, bias=True)
  (FC_var): Linear(in_features=4, out_features=4, bias=True)
  (LeakyReLU): LeakyReLU(negative_slope=0.01)
)
build_Decoder(
  (FC_hidden): Linear(in_features=4, out_features=4, bias=True)
  (FC_hidden2): Linear(in_features=4, out_features=4, bias=True)
  (FC_output): Linear(in_features=4, out_features=5, bias=True)
  (LeakyReLU): LeakyReLU(negative_slope=0.2)
)
epoch: 0
epoch_0_loss:  1.0414664351287604
epoch: 1
epoch_1_loss:  1.0401173112000834
epoch: 2
epoch_2_loss:  1.0401637935285601
epoch: 3
epoch_3_loss:  1.036435109669742
epoch: 4
epoch_4_loss:  1.0377797801313908
epoch: 5
epoch_5_loss:  1.0388602555154511
epoch: 6
epoch_6_loss:  1.0380836963789573
epoch: 7
epoch_7_loss:  1.0392309647464635
epoch: 8
epoch_8_loss:  1.0374596955863842
epoch: 9
epoch_9_loss:  1.0376784340251908
epoch: 10
epoch_10_loss:  1.0371471710943334
epoch: 11
epoch_11_loss:  1.0380792269152381
epoch: 12
epoch_12_loss:  1.0374493324743883
epoch: 13
epoch_13_loss:  1.0358820503307464
epoch: 14
epoch_14_loss:  1.0352071765861433
[1.0414664351287604, 1.0401173112000834, 1.0401637935285601, 1.036435109669742, 1.0377797801313908, 1.0388602555154511, 1.0380836963789573, 1.0392309647464635, 1.0374596955863842, 1.0376784340251908, 1.0371471710943334, 1.0380792269152381, 1.0374493324743883, 1.0358820503307464, 1.0352071765861433]
[I 2022-11-13 17:38:08,746] Trial 153 finished with value: 1.0352071765861433 and parameters: {'optimizer': 'Adam', 'lr': 8.034180793830504e-05, 'hidden_dim': 4, 'latent_dim': 4}. Best is trial 58 with value: 1.0133226465254404.
build_Encoder(
  (FC_input): Linear(in_features=5, out_features=4, bias=True)
  (FC_input2): Linear(in_features=4, out_features=4, bias=True)
  (FC_mean): Linear(in_features=4, out_features=4, bias=True)
  (FC_var): Linear(in_features=4, out_features=4, bias=True)
  (LeakyReLU): LeakyReLU(negative_slope=0.01)
)
build_Decoder(
  (FC_hidden): Linear(in_features=4, out_features=4, bias=True)
  (FC_hidden2): Linear(in_features=4, out_features=4, bias=True)
  (FC_output): Linear(in_features=4, out_features=5, bias=True)
  (LeakyReLU): LeakyReLU(negative_slope=0.2)
)
epoch: 0
epoch_0_loss:  1.091070643580448
epoch: 1
epoch_1_loss:  1.0902345783937304
epoch: 2
epoch_2_loss:  1.0918889381061876
epoch: 3
epoch_3_loss:  1.092185872630275
epoch: 4
epoch_4_loss:  1.0906908590974063
epoch: 5
epoch_5_loss:  1.0918156900766531
epoch: 6
epoch_6_loss:  1.0908729747237413
epoch: 7
epoch_7_loss:  1.0907019597553322
epoch: 8
epoch_8_loss:  1.0911077701043155
epoch: 9
epoch_9_loss:  1.0898219237365643
epoch: 10
epoch_10_loss:  1.0898384824434952
epoch: 11
epoch_11_loss:  1.09001485517043
epoch: 12
epoch_12_loss:  1.0905925823256657
epoch: 13
epoch_13_loss:  1.090951036295437
epoch: 14
epoch_14_loss:  1.0897034001534058
[1.091070643580448, 1.0902345783937304, 1.0918889381061876, 1.092185872630275, 1.0906908590974063, 1.0918156900766531, 1.0908729747237413, 1.0907019597553322, 1.0911077701043155, 1.0898219237365643, 1.0898384824434952, 1.09001485517043, 1.0905925823256657, 1.090951036295437, 1.0897034001534058]
[I 2022-11-13 17:39:28,692] Trial 154 finished with value: 1.0897034001534058 and parameters: {'optimizer': 'Adam', 'lr': 7.859734417468211e-05, 'hidden_dim': 4, 'latent_dim': 4}. Best is trial 58 with value: 1.0133226465254404.
build_Encoder(
  (FC_input): Linear(in_features=5, out_features=4, bias=True)
  (FC_input2): Linear(in_features=4, out_features=4, bias=True)
  (FC_mean): Linear(in_features=4, out_features=4, bias=True)
  (FC_var): Linear(in_features=4, out_features=4, bias=True)
  (LeakyReLU): LeakyReLU(negative_slope=0.01)
)
build_Decoder(
  (FC_hidden): Linear(in_features=4, out_features=4, bias=True)
  (FC_hidden2): Linear(in_features=4, out_features=4, bias=True)
  (FC_output): Linear(in_features=4, out_features=5, bias=True)
  (LeakyReLU): LeakyReLU(negative_slope=0.2)
)
epoch: 0
epoch_0_loss:  1.1201992072162403
epoch: 1
epoch_1_loss:  1.1208194700958798
epoch: 2
epoch_2_loss:  1.1204634995104026
epoch: 3
epoch_3_loss:  1.1194895150607285
epoch: 4
epoch_4_loss:  1.1205178533071243
epoch: 5
epoch_5_loss:  1.1207940030876402
epoch: 6
epoch_6_loss:  1.1220331074559378
epoch: 7
epoch_7_loss:  1.1215036675353276
epoch: 8
epoch_8_loss:  1.120293198609258
epoch: 9
epoch_9_loss:  1.1180263588179422
epoch: 10
epoch_10_loss:  1.119604017139806
epoch: 11
epoch_11_loss:  1.1206128963093773
epoch: 12
epoch_12_loss:  1.1206270909248255
epoch: 13
epoch_13_loss:  1.12047816986373
epoch: 14
epoch_14_loss:  1.1201957546725338
[1.1201992072162403, 1.1208194700958798, 1.1204634995104026, 1.1194895150607285, 1.1205178533071243, 1.1207940030876402, 1.1220331074559378, 1.1215036675353276, 1.120293198609258, 1.1180263588179422, 1.119604017139806, 1.1206128963093773, 1.1206270909248255, 1.12047816986373, 1.1201957546725338]
[I 2022-11-13 17:40:48,742] Trial 155 finished with value: 1.1201957546725338 and parameters: {'optimizer': 'Adam', 'lr': 5.695298737208384e-05, 'hidden_dim': 4, 'latent_dim': 4}. Best is trial 58 with value: 1.0133226465254404.
build_Encoder(
  (FC_input): Linear(in_features=5, out_features=4, bias=True)
  (FC_input2): Linear(in_features=4, out_features=4, bias=True)
  (FC_mean): Linear(in_features=4, out_features=4, bias=True)
  (FC_var): Linear(in_features=4, out_features=4, bias=True)
  (LeakyReLU): LeakyReLU(negative_slope=0.01)
)
build_Decoder(
  (FC_hidden): Linear(in_features=4, out_features=4, bias=True)
  (FC_hidden2): Linear(in_features=4, out_features=4, bias=True)
  (FC_output): Linear(in_features=4, out_features=5, bias=True)
  (LeakyReLU): LeakyReLU(negative_slope=0.2)
)
epoch: 0
epoch_0_loss:  1.0780470299891016
epoch: 1
epoch_1_loss:  1.080596451990273
epoch: 2
epoch_2_loss:  1.0795007809898542
epoch: 3
epoch_3_loss:  1.07867499893321
epoch: 4
epoch_4_loss:  1.0803824539893043
epoch: 5
epoch_5_loss:  1.0803136004737985
epoch: 6
epoch_6_loss:  1.0809094698372546
epoch: 7
epoch_7_loss:  1.0780965439363421
epoch: 8
epoch_8_loss:  1.0780245702170217
epoch: 9
epoch_9_loss:  1.0764849520372126
epoch: 10
epoch_10_loss:  1.0795197303948578
epoch: 11
epoch_11_loss:  1.0813309694798123
epoch: 12
epoch_12_loss:  1.0808344611491736
epoch: 13
epoch_13_loss:  1.077413406522459
epoch: 14
epoch_14_loss:  1.0803200436006992
[1.0780470299891016, 1.080596451990273, 1.0795007809898542, 1.07867499893321, 1.0803824539893043, 1.0803136004737985, 1.0809094698372546, 1.0780965439363421, 1.0780245702170217, 1.0764849520372126, 1.0795197303948578, 1.0813309694798123, 1.0808344611491736, 1.077413406522459, 1.0803200436006992]
[I 2022-11-13 17:42:08,708] Trial 156 finished with value: 1.0803200436006992 and parameters: {'optimizer': 'Adam', 'lr': 4.812415909385572e-05, 'hidden_dim': 4, 'latent_dim': 4}. Best is trial 58 with value: 1.0133226465254404.
build_Encoder(
  (FC_input): Linear(in_features=5, out_features=4, bias=True)
  (FC_input2): Linear(in_features=4, out_features=4, bias=True)
  (FC_mean): Linear(in_features=4, out_features=4, bias=True)
  (FC_var): Linear(in_features=4, out_features=4, bias=True)
  (LeakyReLU): LeakyReLU(negative_slope=0.01)
)
build_Decoder(
  (FC_hidden): Linear(in_features=4, out_features=4, bias=True)
  (FC_hidden2): Linear(in_features=4, out_features=4, bias=True)
  (FC_output): Linear(in_features=4, out_features=5, bias=True)
  (LeakyReLU): LeakyReLU(negative_slope=0.2)
)
epoch: 0
epoch_0_loss:  1.1574277950020977
epoch: 1
epoch_1_loss:  1.1567394403437974
epoch: 2
epoch_2_loss:  1.1573888823644027
epoch: 3
epoch_3_loss:  1.1582049199200548
epoch: 4
epoch_4_loss:  1.1565039358473428
epoch: 5
epoch_5_loss:  1.1571564798015663
epoch: 6
epoch_6_loss:  1.1564235833933296
epoch: 7
epoch_7_loss:  1.1545638790752115
epoch: 8
epoch_8_loss:  1.1552292598921048
epoch: 9
epoch_9_loss:  1.1586856128683392
epoch: 10
epoch_10_loss:  1.1576507100822402
epoch: 11
epoch_11_loss:  1.1570072482300657
epoch: 12
epoch_12_loss:  1.1573906133741085
epoch: 13
epoch_13_loss:  1.1552227227514371
epoch: 14
epoch_14_loss:  1.1550945068758582
[1.1574277950020977, 1.1567394403437974, 1.1573888823644027, 1.1582049199200548, 1.1565039358473428, 1.1571564798015663, 1.1564235833933296, 1.1545638790752115, 1.1552292598921048, 1.1586856128683392, 1.1576507100822402, 1.1570072482300657, 1.1573906133741085, 1.1552227227514371, 1.1550945068758582]
[I 2022-11-13 17:43:28,802] Trial 157 finished with value: 1.1550945068758582 and parameters: {'optimizer': 'Adam', 'lr': 8.399108434921545e-05, 'hidden_dim': 4, 'latent_dim': 4}. Best is trial 58 with value: 1.0133226465254404.
build_Encoder(
  (FC_input): Linear(in_features=5, out_features=4, bias=True)
  (FC_input2): Linear(in_features=4, out_features=4, bias=True)
  (FC_mean): Linear(in_features=4, out_features=4, bias=True)
  (FC_var): Linear(in_features=4, out_features=4, bias=True)
  (LeakyReLU): LeakyReLU(negative_slope=0.01)
)
build_Decoder(
  (FC_hidden): Linear(in_features=4, out_features=4, bias=True)
  (FC_hidden2): Linear(in_features=4, out_features=4, bias=True)
  (FC_output): Linear(in_features=4, out_features=5, bias=True)
  (LeakyReLU): LeakyReLU(negative_slope=0.2)
)
epoch: 0
epoch_0_loss:  1.174185235938592
epoch: 1
epoch_1_loss:  1.176949692843886
epoch: 2
epoch_2_loss:  1.1754691060414697
epoch: 3
epoch_3_loss:  1.1761312942385456
epoch: 4
epoch_4_loss:  1.1746452740059492
epoch: 5
epoch_5_loss:  1.1781720218947092
epoch: 6
epoch_6_loss:  1.1770121433654264
epoch: 7
epoch_7_loss:  1.1785764761937527
epoch: 8
epoch_8_loss:  1.1745943332999085
epoch: 9
epoch_9_loss:  1.1778670597573844
epoch: 10
epoch_10_loss:  1.1774405380911777
epoch: 11
epoch_11_loss:  1.1763404113163864
epoch: 12
epoch_12_loss:  1.1745510059757014
epoch: 13
epoch_13_loss:  1.1764022357889914
epoch: 14
epoch_14_loss:  1.1753431989089462
[1.174185235938592, 1.176949692843886, 1.1754691060414697, 1.1761312942385456, 1.1746452740059492, 1.1781720218947092, 1.1770121433654264, 1.1785764761937527, 1.1745943332999085, 1.1778670597573844, 1.1774405380911777, 1.1763404113163864, 1.1745510059757014, 1.1764022357889914, 1.1753431989089462]
[I 2022-11-13 17:45:18,946] Trial 158 finished with value: 1.1753431989089462 and parameters: {'optimizer': 'Adam', 'lr': 9.655920231279919e-05, 'hidden_dim': 4, 'latent_dim': 4}. Best is trial 58 with value: 1.0133226465254404.
build_Encoder(
  (FC_input): Linear(in_features=5, out_features=4, bias=True)
  (FC_input2): Linear(in_features=4, out_features=4, bias=True)
  (FC_mean): Linear(in_features=4, out_features=5, bias=True)
  (FC_var): Linear(in_features=4, out_features=5, bias=True)
  (LeakyReLU): LeakyReLU(negative_slope=0.01)
)
build_Decoder(
  (FC_hidden): Linear(in_features=5, out_features=4, bias=True)
  (FC_hidden2): Linear(in_features=4, out_features=4, bias=True)
  (FC_output): Linear(in_features=4, out_features=5, bias=True)
  (LeakyReLU): LeakyReLU(negative_slope=0.2)
)
epoch: 0
epoch_0_loss:  1.214384361884568
epoch: 1
epoch_1_loss:  1.2184289009739324
epoch: 2
epoch_2_loss:  1.2157841098336521
epoch: 3
epoch_3_loss:  1.2174133159740779
epoch: 4
epoch_4_loss:  1.2168315103299994
epoch: 5
epoch_5_loss:  1.2164773958336403
epoch: 6
epoch_6_loss:  1.217799293033276
epoch: 7
epoch_7_loss:  1.2170403021917444
epoch: 8
epoch_8_loss:  1.2183998517026524
epoch: 9
epoch_9_loss:  1.2158827487936386
epoch: 10
epoch_10_loss:  1.217027835726834
epoch: 11
epoch_11_loss:  1.216233194604082
epoch: 12
epoch_12_loss:  1.218585318436904
epoch: 13
epoch_13_loss:  1.2174149563374872
epoch: 14
epoch_14_loss:  1.2178466030803632
[1.214384361884568, 1.2184289009739324, 1.2157841098336521, 1.2174133159740779, 1.2168315103299994, 1.2164773958336403, 1.217799293033276, 1.2170403021917444, 1.2183998517026524, 1.2158827487936386, 1.217027835726834, 1.216233194604082, 1.218585318436904, 1.2174149563374872, 1.2178466030803632]
[I 2022-11-13 17:46:39,321] Trial 159 finished with value: 1.2178466030803632 and parameters: {'optimizer': 'Adam', 'lr': 6.430588452576374e-05, 'hidden_dim': 4, 'latent_dim': 5}. Best is trial 58 with value: 1.0133226465254404.
build_Encoder(
  (FC_input): Linear(in_features=5, out_features=4, bias=True)
  (FC_input2): Linear(in_features=4, out_features=4, bias=True)
  (FC_mean): Linear(in_features=4, out_features=4, bias=True)
  (FC_var): Linear(in_features=4, out_features=4, bias=True)
  (LeakyReLU): LeakyReLU(negative_slope=0.01)
)
build_Decoder(
  (FC_hidden): Linear(in_features=4, out_features=4, bias=True)
  (FC_hidden2): Linear(in_features=4, out_features=4, bias=True)
  (FC_output): Linear(in_features=4, out_features=5, bias=True)
  (LeakyReLU): LeakyReLU(negative_slope=0.2)
)
epoch: 0
epoch_0_loss:  1.0881025461332408
epoch: 1
epoch_1_loss:  1.0902341969553262
epoch: 2
epoch_2_loss:  1.0890880168824544
epoch: 3
epoch_3_loss:  1.090227350827074
epoch: 4
epoch_4_loss:  1.0909320788984287
epoch: 5
epoch_5_loss:  1.089834171146503
epoch: 6
epoch_6_loss:  1.0880233394759242
epoch: 7
epoch_7_loss:  1.0880934179926647
epoch: 8
epoch_8_loss:  1.089311141980271
epoch: 9
epoch_9_loss:  1.089980363549033
epoch: 10
epoch_10_loss:  1.0892293660055707
epoch: 11
epoch_11_loss:  1.0875224801277503
epoch: 12
epoch_12_loss:  1.0884824150730392
epoch: 13
epoch_13_loss:  1.090234332536046
epoch: 14
epoch_14_loss:  1.0878242564639815
[1.0881025461332408, 1.0902341969553262, 1.0890880168824544, 1.090227350827074, 1.0909320788984287, 1.089834171146503, 1.0880233394759242, 1.0880934179926647, 1.089311141980271, 1.089980363549033, 1.0892293660055707, 1.0875224801277503, 1.0884824150730392, 1.090234332536046, 1.0878242564639815]
[I 2022-11-13 17:47:59,339] Trial 160 finished with value: 1.0878242564639815 and parameters: {'optimizer': 'Adam', 'lr': 7.968316881881776e-05, 'hidden_dim': 4, 'latent_dim': 4}. Best is trial 58 with value: 1.0133226465254404.
build_Encoder(
  (FC_input): Linear(in_features=5, out_features=4, bias=True)
  (FC_input2): Linear(in_features=4, out_features=4, bias=True)
  (FC_mean): Linear(in_features=4, out_features=4, bias=True)
  (FC_var): Linear(in_features=4, out_features=4, bias=True)
  (LeakyReLU): LeakyReLU(negative_slope=0.01)
)
build_Decoder(
  (FC_hidden): Linear(in_features=4, out_features=4, bias=True)
  (FC_hidden2): Linear(in_features=4, out_features=4, bias=True)
  (FC_output): Linear(in_features=4, out_features=5, bias=True)
  (LeakyReLU): LeakyReLU(negative_slope=0.2)
)
epoch: 0
epoch_0_loss:  1.2359534467812248
epoch: 1
epoch_1_loss:  1.2343759212222496
epoch: 2
epoch_2_loss:  1.2333875546032091
epoch: 3
epoch_3_loss:  1.238287644522868
epoch: 4
epoch_4_loss:  1.235810966126869
epoch: 5
epoch_5_loss:  1.236921321405596
epoch: 6
epoch_6_loss:  1.2372566884301668
epoch: 7
epoch_7_loss:  1.239965266662589
epoch: 8
epoch_8_loss:  1.2332381631045057
epoch: 9
epoch_9_loss:  1.2384166913610384
epoch: 10
epoch_10_loss:  1.2380929615101337
epoch: 11
epoch_11_loss:  1.2380869719527143
epoch: 12
epoch_12_loss:  1.238693620477553
epoch: 13
epoch_13_loss:  1.237310353297249
epoch: 14
epoch_14_loss:  1.2399095222604304
[1.2359534467812248, 1.2343759212222496, 1.2333875546032091, 1.238287644522868, 1.235810966126869, 1.236921321405596, 1.2372566884301668, 1.239965266662589, 1.2332381631045057, 1.2384166913610384, 1.2380929615101337, 1.2380869719527143, 1.238693620477553, 1.237310353297249, 1.2399095222604304]
[I 2022-11-13 17:49:19,352] Trial 161 finished with value: 1.2399095222604304 and parameters: {'optimizer': 'Adam', 'lr': 8.812275146155019e-05, 'hidden_dim': 4, 'latent_dim': 4}. Best is trial 58 with value: 1.0133226465254404.
build_Encoder(
  (FC_input): Linear(in_features=5, out_features=4, bias=True)
  (FC_input2): Linear(in_features=4, out_features=4, bias=True)
  (FC_mean): Linear(in_features=4, out_features=4, bias=True)
  (FC_var): Linear(in_features=4, out_features=4, bias=True)
  (LeakyReLU): LeakyReLU(negative_slope=0.01)
)
build_Decoder(
  (FC_hidden): Linear(in_features=4, out_features=4, bias=True)
  (FC_hidden2): Linear(in_features=4, out_features=4, bias=True)
  (FC_output): Linear(in_features=4, out_features=5, bias=True)
  (LeakyReLU): LeakyReLU(negative_slope=0.2)
)
epoch: 0
epoch_0_loss:  1.1482435331663712
epoch: 1
epoch_1_loss:  1.1471030340980903
epoch: 2
epoch_2_loss:  1.145004323711324
epoch: 3
epoch_3_loss:  1.14644525252002
epoch: 4
epoch_4_loss:  1.1458796300177856
epoch: 5
epoch_5_loss:  1.1482717953640598
epoch: 6
epoch_6_loss:  1.1468313862659607
epoch: 7
epoch_7_loss:  1.1466174544513568
epoch: 8
epoch_8_loss:  1.147574557439776
epoch: 9
epoch_9_loss:  1.1480049359455946
epoch: 10
epoch_10_loss:  1.14675053771948
epoch: 11
epoch_11_loss:  1.144225197942008
epoch: 12
epoch_12_loss:  1.1442139122218626
epoch: 13
epoch_13_loss:  1.1460844044453897
epoch: 14
epoch_14_loss:  1.1455402360282092
[1.1482435331663712, 1.1471030340980903, 1.145004323711324, 1.14644525252002, 1.1458796300177856, 1.1482717953640598, 1.1468313862659607, 1.1466174544513568, 1.147574557439776, 1.1480049359455946, 1.14675053771948, 1.144225197942008, 1.1442139122218626, 1.1460844044453897, 1.1455402360282092]
