[I 2022-11-13 17:50:39,455] Trial 162 finished with value: 1.1455402360282092 and parameters: {'optimizer': 'Adam', 'lr': 7.500227174838546e-05, 'hidden_dim': 4, 'latent_dim': 4}. Best is trial 58 with value: 1.0133226465254404.
build_Encoder(
  (FC_input): Linear(in_features=5, out_features=4, bias=True)
  (FC_input2): Linear(in_features=4, out_features=4, bias=True)
  (FC_mean): Linear(in_features=4, out_features=4, bias=True)
  (FC_var): Linear(in_features=4, out_features=4, bias=True)
  (LeakyReLU): LeakyReLU(negative_slope=0.01)
)
build_Decoder(
  (FC_hidden): Linear(in_features=4, out_features=4, bias=True)
  (FC_hidden2): Linear(in_features=4, out_features=4, bias=True)
  (FC_output): Linear(in_features=4, out_features=5, bias=True)
  (LeakyReLU): LeakyReLU(negative_slope=0.2)
)
epoch: 0
epoch_0_loss:  1.234953771136937
epoch: 1
epoch_1_loss:  1.2388103887476851
epoch: 2
epoch_2_loss:  1.23719354827078
epoch: 3
epoch_3_loss:  1.2388795387733742
epoch: 4
epoch_4_loss:  1.2358805657386205
epoch: 5
epoch_5_loss:  1.2350205055396775
epoch: 6
epoch_6_loss:  1.2357082891185907
epoch: 7
epoch_7_loss:  1.234621923348262
epoch: 8
epoch_8_loss:  1.2413680497941608
epoch: 9
epoch_9_loss:  1.233206702222058
epoch: 10
epoch_10_loss:  1.2386152035719995
epoch: 11
epoch_11_loss:  1.2387241329314478
epoch: 12
epoch_12_loss:  1.2384957385750697
epoch: 13
epoch_13_loss:  1.232702013468581
epoch: 14
epoch_14_loss:  1.2347752819107953
[1.234953771136937, 1.2388103887476851, 1.23719354827078, 1.2388795387733742, 1.2358805657386205, 1.2350205055396775, 1.2357082891185907, 1.234621923348262, 1.2413680497941608, 1.233206702222058, 1.2386152035719995, 1.2387241329314478, 1.2384957385750697, 1.232702013468581, 1.2347752819107953]
[I 2022-11-13 17:51:59,234] Trial 163 finished with value: 1.2347752819107953 and parameters: {'optimizer': 'Adam', 'lr': 0.00011234113512176507, 'hidden_dim': 4, 'latent_dim': 4}. Best is trial 58 with value: 1.0133226465254404.
build_Encoder(
  (FC_input): Linear(in_features=5, out_features=5, bias=True)
  (FC_input2): Linear(in_features=5, out_features=5, bias=True)
  (FC_mean): Linear(in_features=5, out_features=4, bias=True)
  (FC_var): Linear(in_features=5, out_features=4, bias=True)
  (LeakyReLU): LeakyReLU(negative_slope=0.01)
)
build_Decoder(
  (FC_hidden): Linear(in_features=4, out_features=5, bias=True)
  (FC_hidden2): Linear(in_features=5, out_features=5, bias=True)
  (FC_output): Linear(in_features=5, out_features=5, bias=True)
  (LeakyReLU): LeakyReLU(negative_slope=0.2)
)
epoch: 0
epoch_0_loss:  1.1934026023605122
epoch: 1
epoch_1_loss:  1.192200027322759
epoch: 2
epoch_2_loss:  1.1917468669892892
epoch: 3
epoch_3_loss:  1.1922224304591598
epoch: 4
epoch_4_loss:  1.1911118512483403
epoch: 5
epoch_5_loss:  1.192380095308621
epoch: 6
epoch_6_loss:  1.1912570838125078
epoch: 7
epoch_7_loss:  1.1909884666772081
epoch: 8
epoch_8_loss:  1.1912726254836956
epoch: 9
epoch_9_loss:  1.190569504009504
epoch: 10
epoch_10_loss:  1.1930075753636677
epoch: 11
epoch_11_loss:  1.1918017512666714
epoch: 12
epoch_12_loss:  1.192111613359318
epoch: 13
epoch_13_loss:  1.1916200199872005
epoch: 14
epoch_14_loss:  1.1923649024804603
[1.1934026023605122, 1.192200027322759, 1.1917468669892892, 1.1922224304591598, 1.1911118512483403, 1.192380095308621, 1.1912570838125078, 1.1909884666772081, 1.1912726254836956, 1.190569504009504, 1.1930075753636677, 1.1918017512666714, 1.192111613359318, 1.1916200199872005, 1.1923649024804603]
[I 2022-11-13 17:53:19,180] Trial 164 finished with value: 1.1923649024804603 and parameters: {'optimizer': 'Adam', 'lr': 9.578021176269192e-05, 'hidden_dim': 5, 'latent_dim': 4}. Best is trial 58 with value: 1.0133226465254404.
build_Encoder(
  (FC_input): Linear(in_features=5, out_features=4, bias=True)
  (FC_input2): Linear(in_features=4, out_features=4, bias=True)
  (FC_mean): Linear(in_features=4, out_features=4, bias=True)
  (FC_var): Linear(in_features=4, out_features=4, bias=True)
  (LeakyReLU): LeakyReLU(negative_slope=0.01)
)
build_Decoder(
  (FC_hidden): Linear(in_features=4, out_features=4, bias=True)
  (FC_hidden2): Linear(in_features=4, out_features=4, bias=True)
  (FC_output): Linear(in_features=4, out_features=5, bias=True)
  (LeakyReLU): LeakyReLU(negative_slope=0.2)
)
epoch: 0
epoch_0_loss:  1.1455076351525533
epoch: 1
epoch_1_loss:  1.1441498483077122
epoch: 2
epoch_2_loss:  1.1444895629802612
epoch: 3
epoch_3_loss:  1.144775118420093
epoch: 4
epoch_4_loss:  1.1444902849545089
epoch: 5
epoch_5_loss:  1.1474114628420014
epoch: 6
epoch_6_loss:  1.1456994404196081
epoch: 7
epoch_7_loss:  1.1453205191902451
epoch: 8
epoch_8_loss:  1.1440469665631225
epoch: 9
epoch_9_loss:  1.144839353409281
epoch: 10
epoch_10_loss:  1.145417684910324
epoch: 11
epoch_11_loss:  1.144817738890026
epoch: 12
epoch_12_loss:  1.1456588655300761
epoch: 13
epoch_13_loss:  1.1437207861104264
epoch: 14
epoch_14_loss:  1.1451297471562134
[1.1455076351525533, 1.1441498483077122, 1.1444895629802612, 1.144775118420093, 1.1444902849545089, 1.1474114628420014, 1.1456994404196081, 1.1453205191902451, 1.1440469665631225, 1.144839353409281, 1.145417684910324, 1.144817738890026, 1.1456588655300761, 1.1437207861104264, 1.1451297471562134]
[I 2022-11-13 17:54:39,185] Trial 165 finished with value: 1.1451297471562134 and parameters: {'optimizer': 'Adam', 'lr': 0.00010168379994162058, 'hidden_dim': 4, 'latent_dim': 4}. Best is trial 58 with value: 1.0133226465254404.
build_Encoder(
  (FC_input): Linear(in_features=5, out_features=5, bias=True)
  (FC_input2): Linear(in_features=5, out_features=5, bias=True)
  (FC_mean): Linear(in_features=5, out_features=4, bias=True)
  (FC_var): Linear(in_features=5, out_features=4, bias=True)
  (LeakyReLU): LeakyReLU(negative_slope=0.01)
)
build_Decoder(
  (FC_hidden): Linear(in_features=4, out_features=5, bias=True)
  (FC_hidden2): Linear(in_features=5, out_features=5, bias=True)
  (FC_output): Linear(in_features=5, out_features=5, bias=True)
  (LeakyReLU): LeakyReLU(negative_slope=0.2)
)
epoch: 0
epoch_0_loss:  1.044843352936105
epoch: 1
epoch_1_loss:  1.0449621996549445
epoch: 2
epoch_2_loss:  1.0444951542124759
epoch: 3
epoch_3_loss:  1.0460427949262157
epoch: 4
epoch_4_loss:  1.0447613787662589
epoch: 5
epoch_5_loss:  1.0445451626071127
epoch: 6
epoch_6_loss:  1.044999764828354
epoch: 7
epoch_7_loss:  1.0455471762230146
epoch: 8
epoch_8_loss:  1.0454303456141238
epoch: 9
epoch_9_loss:  1.045360777447419
epoch: 10
epoch_10_loss:  1.0454385909169717
epoch: 11
epoch_11_loss:  1.0450570037267952
epoch: 12
epoch_12_loss:  1.044490493673104
epoch: 13
epoch_13_loss:  1.045372408677025
epoch: 14
epoch_14_loss:  1.0448850321263186
[1.044843352936105, 1.0449621996549445, 1.0444951542124759, 1.0460427949262157, 1.0447613787662589, 1.0445451626071127, 1.044999764828354, 1.0455471762230146, 1.0454303456141238, 1.045360777447419, 1.0454385909169717, 1.0450570037267952, 1.044490493673104, 1.045372408677025, 1.0448850321263186]
[I 2022-11-13 17:55:59,292] Trial 166 finished with value: 1.0448850321263186 and parameters: {'optimizer': 'Adam', 'lr': 6.923022366870967e-05, 'hidden_dim': 5, 'latent_dim': 4}. Best is trial 58 with value: 1.0133226465254404.
build_Encoder(
  (FC_input): Linear(in_features=5, out_features=4, bias=True)
  (FC_input2): Linear(in_features=4, out_features=4, bias=True)
  (FC_mean): Linear(in_features=4, out_features=4, bias=True)
  (FC_var): Linear(in_features=4, out_features=4, bias=True)
  (LeakyReLU): LeakyReLU(negative_slope=0.01)
)
build_Decoder(
  (FC_hidden): Linear(in_features=4, out_features=4, bias=True)
  (FC_hidden2): Linear(in_features=4, out_features=4, bias=True)
  (FC_output): Linear(in_features=4, out_features=5, bias=True)
  (LeakyReLU): LeakyReLU(negative_slope=0.2)
)
epoch: 0
epoch_0_loss:  1.0356768678510742
epoch: 1
epoch_1_loss:  1.0341150249351672
epoch: 2
epoch_2_loss:  1.0358820712278347
epoch: 3
epoch_3_loss:  1.035731680583792
epoch: 4
epoch_4_loss:  1.0348519696576302
epoch: 5
epoch_5_loss:  1.0350723811635214
epoch: 6
epoch_6_loss:  1.0356456856398488
epoch: 7
epoch_7_loss:  1.0349098175805291
epoch: 8
epoch_8_loss:  1.035625066453796
epoch: 9
epoch_9_loss:  1.0351120947276768
epoch: 10
epoch_10_loss:  1.0346441247535165
epoch: 11
epoch_11_loss:  1.0349184493725956
epoch: 12
epoch_12_loss:  1.0350788333029435
epoch: 13
epoch_13_loss:  1.034858102616558
epoch: 14
epoch_14_loss:  1.0357160705223354
[1.0356768678510742, 1.0341150249351672, 1.0358820712278347, 1.035731680583792, 1.0348519696576302, 1.0350723811635214, 1.0356456856398488, 1.0349098175805291, 1.035625066453796, 1.0351120947276768, 1.0346441247535165, 1.0349184493725956, 1.0350788333029435, 1.034858102616558, 1.0357160705223354]
[I 2022-11-13 17:57:19,244] Trial 167 finished with value: 1.0357160705223354 and parameters: {'optimizer': 'Adam', 'lr': 6.65779137696736e-05, 'hidden_dim': 4, 'latent_dim': 4}. Best is trial 58 with value: 1.0133226465254404.
build_Encoder(
  (FC_input): Linear(in_features=5, out_features=4, bias=True)
  (FC_input2): Linear(in_features=4, out_features=4, bias=True)
  (FC_mean): Linear(in_features=4, out_features=4, bias=True)
  (FC_var): Linear(in_features=4, out_features=4, bias=True)
  (LeakyReLU): LeakyReLU(negative_slope=0.01)
)
build_Decoder(
  (FC_hidden): Linear(in_features=4, out_features=4, bias=True)
  (FC_hidden2): Linear(in_features=4, out_features=4, bias=True)
  (FC_output): Linear(in_features=4, out_features=5, bias=True)
  (LeakyReLU): LeakyReLU(negative_slope=0.2)
)
epoch: 0
epoch_0_loss:  1.0518995876619877
epoch: 1
epoch_1_loss:  1.0500513594827083
epoch: 2
epoch_2_loss:  1.0515466683031223
epoch: 3
epoch_3_loss:  1.0513212520256743
epoch: 4
epoch_4_loss:  1.0516973202283961
epoch: 5
epoch_5_loss:  1.051075650641428
epoch: 6
epoch_6_loss:  1.0525000238291933
epoch: 7
epoch_7_loss:  1.0501286384115713
epoch: 8
epoch_8_loss:  1.0519213437167152
epoch: 9
epoch_9_loss:  1.0517358169631443
epoch: 10
epoch_10_loss:  1.051817507339885
epoch: 11
epoch_11_loss:  1.0511279553211486
epoch: 12
epoch_12_loss:  1.0521334195402625
epoch: 13
epoch_13_loss:  1.0510946654750373
epoch: 14
epoch_14_loss:  1.051105601569099
[1.0518995876619877, 1.0500513594827083, 1.0515466683031223, 1.0513212520256743, 1.0516973202283961, 1.051075650641428, 1.0525000238291933, 1.0501286384115713, 1.0519213437167152, 1.0517358169631443, 1.051817507339885, 1.0511279553211486, 1.0521334195402625, 1.0510946654750373, 1.051105601569099]
[I 2022-11-13 17:58:39,309] Trial 168 finished with value: 1.051105601569099 and parameters: {'optimizer': 'Adam', 'lr': 6.089746697610696e-05, 'hidden_dim': 4, 'latent_dim': 4}. Best is trial 58 with value: 1.0133226465254404.
build_Encoder(
  (FC_input): Linear(in_features=5, out_features=4, bias=True)
  (FC_input2): Linear(in_features=4, out_features=4, bias=True)
  (FC_mean): Linear(in_features=4, out_features=4, bias=True)
  (FC_var): Linear(in_features=4, out_features=4, bias=True)
  (LeakyReLU): LeakyReLU(negative_slope=0.01)
)
build_Decoder(
  (FC_hidden): Linear(in_features=4, out_features=4, bias=True)
  (FC_hidden2): Linear(in_features=4, out_features=4, bias=True)
  (FC_output): Linear(in_features=4, out_features=5, bias=True)
  (LeakyReLU): LeakyReLU(negative_slope=0.2)
)
epoch: 0
epoch_0_loss:  1.1302868161446074
epoch: 1
epoch_1_loss:  1.1286857300554043
epoch: 2
epoch_2_loss:  1.129190662368382
epoch: 3
epoch_3_loss:  1.1301364538927978
epoch: 4
epoch_4_loss:  1.130436107126912
epoch: 5
epoch_5_loss:  1.1299866632125735
epoch: 6
epoch_6_loss:  1.129516682820851
epoch: 7
epoch_7_loss:  1.1305206422023115
epoch: 8
epoch_8_loss:  1.1291705902626212
epoch: 9
epoch_9_loss:  1.131174863929524
epoch: 10
epoch_10_loss:  1.1294559324263236
epoch: 11
epoch_11_loss:  1.1291463459145306
epoch: 12
epoch_12_loss:  1.1301144864668355
epoch: 13
epoch_13_loss:  1.1286801132995523
epoch: 14
epoch_14_loss:  1.1303611560234368
[1.1302868161446074, 1.1286857300554043, 1.129190662368382, 1.1301364538927978, 1.130436107126912, 1.1299866632125735, 1.129516682820851, 1.1305206422023115, 1.1291705902626212, 1.131174863929524, 1.1294559324263236, 1.1291463459145306, 1.1301144864668355, 1.1286801132995523, 1.1303611560234368]
[I 2022-11-13 17:59:59,359] Trial 169 finished with value: 1.1303611560234368 and parameters: {'optimizer': 'Adam', 'lr': 5.2694086080304953e-05, 'hidden_dim': 4, 'latent_dim': 4}. Best is trial 58 with value: 1.0133226465254404.
build_Encoder(
  (FC_input): Linear(in_features=5, out_features=4, bias=True)
  (FC_input2): Linear(in_features=4, out_features=4, bias=True)
  (FC_mean): Linear(in_features=4, out_features=4, bias=True)
  (FC_var): Linear(in_features=4, out_features=4, bias=True)
  (LeakyReLU): LeakyReLU(negative_slope=0.01)
)
build_Decoder(
  (FC_hidden): Linear(in_features=4, out_features=4, bias=True)
  (FC_hidden2): Linear(in_features=4, out_features=4, bias=True)
  (FC_output): Linear(in_features=4, out_features=5, bias=True)
  (LeakyReLU): LeakyReLU(negative_slope=0.2)
)
epoch: 0
epoch_0_loss:  1.0703491939354852
epoch: 1
epoch_1_loss:  1.0689677444571701
epoch: 2
epoch_2_loss:  1.067845868388281
epoch: 3
epoch_3_loss:  1.0697342369273029
epoch: 4
epoch_4_loss:  1.0673089170361887
epoch: 5
epoch_5_loss:  1.06758136530056
epoch: 6
epoch_6_loss:  1.0668705277677204
epoch: 7
epoch_7_loss:  1.066662811439065
epoch: 8
epoch_8_loss:  1.0695435990828752
epoch: 9
epoch_9_loss:  1.067976224229931
epoch: 10
epoch_10_loss:  1.069037984306834
epoch: 11
epoch_11_loss:  1.068719094404124
epoch: 12
epoch_12_loss:  1.0668459132207322
epoch: 13
epoch_13_loss:  1.066012886862965
epoch: 14
epoch_14_loss:  1.0668861323681216
[1.0703491939354852, 1.0689677444571701, 1.067845868388281, 1.0697342369273029, 1.0673089170361887, 1.06758136530056, 1.0668705277677204, 1.066662811439065, 1.0695435990828752, 1.067976224229931, 1.069037984306834, 1.068719094404124, 1.0668459132207322, 1.066012886862965, 1.0668861323681216]
[I 2022-11-13 18:01:19,481] Trial 170 finished with value: 1.0668861323681216 and parameters: {'optimizer': 'Adam', 'lr': 6.524978574098539e-05, 'hidden_dim': 4, 'latent_dim': 4}. Best is trial 58 with value: 1.0133226465254404.
build_Encoder(
  (FC_input): Linear(in_features=5, out_features=3, bias=True)
  (FC_input2): Linear(in_features=3, out_features=3, bias=True)
  (FC_mean): Linear(in_features=3, out_features=3, bias=True)
  (FC_var): Linear(in_features=3, out_features=3, bias=True)
  (LeakyReLU): LeakyReLU(negative_slope=0.01)
)
build_Decoder(
  (FC_hidden): Linear(in_features=3, out_features=3, bias=True)
  (FC_hidden2): Linear(in_features=3, out_features=3, bias=True)
  (FC_output): Linear(in_features=3, out_features=5, bias=True)
  (LeakyReLU): LeakyReLU(negative_slope=0.2)
)
epoch: 0
epoch_0_loss:  1.1333095095618761
epoch: 1
epoch_1_loss:  1.1337328545850378
epoch: 2
epoch_2_loss:  1.132158646129491
epoch: 3
epoch_3_loss:  1.131368503880535
epoch: 4
epoch_4_loss:  1.1310383464553733
epoch: 5
epoch_5_loss:  1.1322294329716875
epoch: 6
epoch_6_loss:  1.1334901966600024
epoch: 7
epoch_7_loss:  1.132781837111038
epoch: 8
epoch_8_loss:  1.1319525761598133
epoch: 9
epoch_9_loss:  1.1309405501469765
epoch: 10
epoch_10_loss:  1.1340728111542162
epoch: 11
epoch_11_loss:  1.131839036318734
epoch: 12
epoch_12_loss:  1.1323943461015824
epoch: 13
epoch_13_loss:  1.1326795194386179
epoch: 14
epoch_14_loss:  1.1327004919370551
[1.1333095095618761, 1.1337328545850378, 1.132158646129491, 1.131368503880535, 1.1310383464553733, 1.1322294329716875, 1.1334901966600024, 1.132781837111038, 1.1319525761598133, 1.1309405501469765, 1.1340728111542162, 1.131839036318734, 1.1323943461015824, 1.1326795194386179, 1.1327004919370551]
[I 2022-11-13 18:02:39,567] Trial 171 finished with value: 1.1327004919370551 and parameters: {'optimizer': 'Adam', 'lr': 7.321630823588857e-05, 'hidden_dim': 3, 'latent_dim': 3}. Best is trial 58 with value: 1.0133226465254404.
build_Encoder(
  (FC_input): Linear(in_features=5, out_features=5, bias=True)
  (FC_input2): Linear(in_features=5, out_features=5, bias=True)
  (FC_mean): Linear(in_features=5, out_features=5, bias=True)
  (FC_var): Linear(in_features=5, out_features=5, bias=True)
  (LeakyReLU): LeakyReLU(negative_slope=0.01)
)
build_Decoder(
  (FC_hidden): Linear(in_features=5, out_features=5, bias=True)
  (FC_hidden2): Linear(in_features=5, out_features=5, bias=True)
  (FC_output): Linear(in_features=5, out_features=5, bias=True)
  (LeakyReLU): LeakyReLU(negative_slope=0.2)
)
epoch: 0
epoch_0_loss:  1.1047906979144029
epoch: 1
epoch_1_loss:  1.1030148661329515
epoch: 2
epoch_2_loss:  1.1050527116534927
epoch: 3
epoch_3_loss:  1.103966092263502
epoch: 4
epoch_4_loss:  1.1062498360704573
epoch: 5
epoch_5_loss:  1.1034021829674816
epoch: 6
epoch_6_loss:  1.1052485478919878
epoch: 7
epoch_7_loss:  1.105652187451474
epoch: 8
epoch_8_loss:  1.1044167725440273
epoch: 9
epoch_9_loss:  1.1057919801906058
epoch: 10
epoch_10_loss:  1.1055911092484176
epoch: 11
epoch_11_loss:  1.1044642340506106
epoch: 12
epoch_12_loss:  1.1060855610235363
epoch: 13
epoch_13_loss:  1.1049605722223426
epoch: 14
epoch_14_loss:  1.1049012432441594
[1.1047906979144029, 1.1030148661329515, 1.1050527116534927, 1.103966092263502, 1.1062498360704573, 1.1034021829674816, 1.1052485478919878, 1.105652187451474, 1.1044167725440273, 1.1057919801906058, 1.1055911092484176, 1.1044642340506106, 1.1060855610235363, 1.1049605722223426, 1.1049012432441594]
[I 2022-11-13 18:03:59,681] Trial 172 finished with value: 1.1049012432441594 and parameters: {'optimizer': 'Adam', 'lr': 0.0006642966814266327, 'hidden_dim': 5, 'latent_dim': 5}. Best is trial 58 with value: 1.0133226465254404.
build_Encoder(
  (FC_input): Linear(in_features=5, out_features=5, bias=True)
  (FC_input2): Linear(in_features=5, out_features=5, bias=True)
  (FC_mean): Linear(in_features=5, out_features=3, bias=True)
  (FC_var): Linear(in_features=5, out_features=3, bias=True)
  (LeakyReLU): LeakyReLU(negative_slope=0.01)
)
build_Decoder(
  (FC_hidden): Linear(in_features=3, out_features=5, bias=True)
  (FC_hidden2): Linear(in_features=5, out_features=5, bias=True)
  (FC_output): Linear(in_features=5, out_features=5, bias=True)
  (LeakyReLU): LeakyReLU(negative_slope=0.2)
)
epoch: 0
epoch_0_loss:  1.0671678471592319
epoch: 1
epoch_1_loss:  1.0660507156017065
epoch: 2
epoch_2_loss:  1.065187260913823
epoch: 3
epoch_3_loss:  1.0668031515359817
epoch: 4
epoch_4_loss:  1.065065904475855
epoch: 5
epoch_5_loss:  1.0669249094510465
epoch: 6
epoch_6_loss:  1.066587311448073
epoch: 7
epoch_7_loss:  1.065377214563986
epoch: 8
epoch_8_loss:  1.0656867838498973
epoch: 9
epoch_9_loss:  1.065541731186946
epoch: 10
epoch_10_loss:  1.066471372093696
epoch: 11
epoch_11_loss:  1.066671299697136
epoch: 12
epoch_12_loss:  1.0663749529150512
epoch: 13
epoch_13_loss:  1.0657454420433223
epoch: 14
epoch_14_loss:  1.065903499649326
[1.0671678471592319, 1.0660507156017065, 1.065187260913823, 1.0668031515359817, 1.065065904475855, 1.0669249094510465, 1.066587311448073, 1.065377214563986, 1.0656867838498973, 1.065541731186946, 1.066471372093696, 1.066671299697136, 1.0663749529150512, 1.0657454420433223, 1.065903499649326]
[I 2022-11-13 18:05:20,066] Trial 173 finished with value: 1.065903499649326 and parameters: {'optimizer': 'Adam', 'lr': 6.817759263424151e-05, 'hidden_dim': 5, 'latent_dim': 3}. Best is trial 58 with value: 1.0133226465254404.
build_Encoder(
  (FC_input): Linear(in_features=5, out_features=5, bias=True)
  (FC_input2): Linear(in_features=5, out_features=5, bias=True)
  (FC_mean): Linear(in_features=5, out_features=4, bias=True)
  (FC_var): Linear(in_features=5, out_features=4, bias=True)
  (LeakyReLU): LeakyReLU(negative_slope=0.01)
)
build_Decoder(
  (FC_hidden): Linear(in_features=4, out_features=5, bias=True)
  (FC_hidden2): Linear(in_features=5, out_features=5, bias=True)
  (FC_output): Linear(in_features=5, out_features=5, bias=True)
  (LeakyReLU): LeakyReLU(negative_slope=0.2)
)
epoch: 0
epoch_0_loss:  1.0486560342828184
epoch: 1
epoch_1_loss:  1.0487039514686376
epoch: 2
epoch_2_loss:  1.047017858040294
epoch: 3
epoch_3_loss:  1.0492908704723185
epoch: 4
epoch_4_loss:  1.0458256098603738
epoch: 5
epoch_5_loss:  1.0490239075785626
epoch: 6
epoch_6_loss:  1.0491624505199635
epoch: 7
epoch_7_loss:  1.0498235808554761
epoch: 8
epoch_8_loss:  1.0492901275248938
epoch: 9
epoch_9_loss:  1.0477992636229851
epoch: 10
epoch_10_loss:  1.046253241678933
epoch: 11
epoch_11_loss:  1.048450634531438
epoch: 12
epoch_12_loss:  1.0483330343593067
epoch: 13
epoch_13_loss:  1.048845297565086
epoch: 14
epoch_14_loss:  1.0471930349278529
[1.0486560342828184, 1.0487039514686376, 1.047017858040294, 1.0492908704723185, 1.0458256098603738, 1.0490239075785626, 1.0491624505199635, 1.0498235808554761, 1.0492901275248938, 1.0477992636229851, 1.046253241678933, 1.048450634531438, 1.0483330343593067, 1.048845297565086, 1.0471930349278529]
