[I 2022-11-13 10:54:07,437] Trial 197 finished with value: 1.1409541609319143 and parameters: {'optimizer': 'Adam', 'lr': 0.0006902956529155168, 'n_layers': 1, 'n_units_l0': 5}. Best is trial 128 with value: 0.8277037370898573.
Sequential(
  (0): Linear(in_features=5, out_features=5, bias=True)
  (1): ReLU()
)
Sequential(
  (0): Linear(in_features=5, out_features=5, bias=True)
)
epoch: 0
epoch_0_loss:  1.320623821170635
epoch: 1
epoch_1_loss:  1.320623821170635
epoch: 2
epoch_2_loss:  1.320623821170635
epoch: 3
epoch_3_loss:  1.320623821170635
epoch: 4
epoch_4_loss:  1.320623821170635
epoch: 5
epoch_5_loss:  1.320623821170635
epoch: 6
epoch_6_loss:  1.320623821170635
epoch: 7
epoch_7_loss:  1.320623821170635
epoch: 8
epoch_8_loss:  1.320623821170635
epoch: 9
epoch_9_loss:  1.320623821170635
epoch: 10
epoch_10_loss:  1.320623821170635
epoch: 11
epoch_11_loss:  1.320623821170635
epoch: 12
epoch_12_loss:  1.320623821170635
epoch: 13
epoch_13_loss:  1.320623821170635
epoch: 14
epoch_14_loss:  1.320623821170635
[1.320623821170635, 1.320623821170635, 1.320623821170635, 1.320623821170635, 1.320623821170635, 1.320623821170635, 1.320623821170635, 1.320623821170635, 1.320623821170635, 1.320623821170635, 1.320623821170635, 1.320623821170635, 1.320623821170635, 1.320623821170635, 1.320623821170635]
[I 2022-11-13 10:54:51,315] Trial 198 finished with value: 1.320623821170635 and parameters: {'optimizer': 'Adam', 'lr': 0.0005888905836599866, 'n_layers': 1, 'n_units_l0': 5}. Best is trial 128 with value: 0.8277037370898573.
Sequential(
  (0): Linear(in_features=5, out_features=5, bias=True)
  (1): ReLU()
)
Sequential(
  (0): Linear(in_features=5, out_features=5, bias=True)
)
epoch: 0
epoch_0_loss:  0.9360120837358005
epoch: 1
epoch_1_loss:  0.9360120837358005
epoch: 2
epoch_2_loss:  0.9360120837358005
epoch: 3
epoch_3_loss:  0.9360120837358005
epoch: 4
epoch_4_loss:  0.9360120837358005
epoch: 5
epoch_5_loss:  0.9360120837358005
epoch: 6
epoch_6_loss:  0.9360120837358005
epoch: 7
epoch_7_loss:  0.9360120837358005
epoch: 8
epoch_8_loss:  0.9360120837358005
epoch: 9
epoch_9_loss:  0.9360120837358005
epoch: 10
epoch_10_loss:  0.9360120837358005
epoch: 11
epoch_11_loss:  0.9360120837358005
epoch: 12
epoch_12_loss:  0.9360120837358005
epoch: 13
epoch_13_loss:  0.9360120837358005
epoch: 14
epoch_14_loss:  0.9360120837358005
[0.9360120837358005, 0.9360120837358005, 0.9360120837358005, 0.9360120837358005, 0.9360120837358005, 0.9360120837358005, 0.9360120837358005, 0.9360120837358005, 0.9360120837358005, 0.9360120837358005, 0.9360120837358005, 0.9360120837358005, 0.9360120837358005, 0.9360120837358005, 0.9360120837358005]
[I 2022-11-13 10:55:35,324] Trial 199 finished with value: 0.9360120837358005 and parameters: {'optimizer': 'Adam', 'lr': 0.0008271620750548044, 'n_layers': 1, 'n_units_l0': 5}. Best is trial 128 with value: 0.8277037370898573.
Study statistics: 
  Number of finished trials:  200
  Number of pruned trials:  0
  Number of complete trials:  200
Best trial:
  Value:  0.8277037370898573
  Params: 
    optimizer: Adam
    lr: 4.85950876791952e-05
    n_layers: 1
    n_units_l0: 5
MSE for AE:  0.08089752443084734
RR for AE:  0.9999685910089313
[I 2022-11-13 10:55:39,934] A new study created in memory with name: no-name-8679844f-e8d5-4931-a4cf-c5dc37c9ff01
MSE for AE:  1.8148666480906033
RR for AE:  0.9993525033207467
DAE is selected
Optimizing DAE
Sequential(
  (0): Linear(in_features=5, out_features=5, bias=True)
  (1): ReLU()
  (2): Linear(in_features=5, out_features=2, bias=True)
  (3): ReLU()
)
Sequential(
  (0): Linear(in_features=2, out_features=5, bias=True)
  (1): ReLU()
  (2): Linear(in_features=5, out_features=5, bias=True)
)
epoch: 0
epoch_0_loss:  1.0955449155216515
epoch: 1
epoch_1_loss:  1.0955449155216515
epoch: 2
epoch_2_loss:  1.0955449155216515
epoch: 3
epoch_3_loss:  1.0955449155216515
epoch: 4
epoch_4_loss:  1.0955449155216515
epoch: 5
epoch_5_loss:  1.0955449155216515
epoch: 6
epoch_6_loss:  1.0955449155216515
epoch: 7
epoch_7_loss:  1.0955449155216515
epoch: 8
epoch_8_loss:  1.0955449155216515
epoch: 9
epoch_9_loss:  1.0955449155216515
epoch: 10
epoch_10_loss:  1.0955449155216515
epoch: 11
epoch_11_loss:  1.0955449155216515
epoch: 12
epoch_12_loss:  1.0955449155216515
epoch: 13
epoch_13_loss:  1.0955449155216515
epoch: 14
epoch_14_loss:  1.0955449155216515
[1.0955449155216515, 1.0955449155216515, 1.0955449155216515, 1.0955449155216515, 1.0955449155216515, 1.0955449155216515, 1.0955449155216515, 1.0955449155216515, 1.0955449155216515, 1.0955449155216515, 1.0955449155216515, 1.0955449155216515, 1.0955449155216515, 1.0955449155216515, 1.0955449155216515]
Sequential(
  (0): Linear(in_features=5, out_features=4, bias=True)
  (1): ReLU()
  (2): Linear(in_features=4, out_features=5, bias=True)
  (3): ReLU()
  (4): Linear(in_features=5, out_features=5, bias=True)
  (5): ReLU()
)
Sequential(
  (0): Linear(in_features=5, out_features=5, bias=True)
  (1): ReLU()
  (2): Linear(in_features=5, out_features=4, bias=True)
  (3): ReLU()
  (4): Linear(in_features=4, out_features=5, bias=True)
)
epoch: 0
[I 2022-11-13 10:56:36,498] Trial 0 finished with value: 1.0955449155216515 and parameters: {'optimizer': 'Adam', 'lr': 2.2239213751236625e-05, 'n_layers': 2, 'n_units_l0': 5, 'n_units_l1': 2}. Best is trial 0 with value: 1.0955449155216515.
epoch_0_loss:  1.0940385883865975
epoch: 1
epoch_1_loss:  1.0940385883865975
epoch: 2
epoch_2_loss:  1.0940385883865975
epoch: 3
epoch_3_loss:  1.0940385883865975
epoch: 4
epoch_4_loss:  1.0940385883865975
epoch: 5
epoch_5_loss:  1.0940385883865975
epoch: 6
epoch_6_loss:  1.0940385883865975
epoch: 7
epoch_7_loss:  1.0940385883865975
epoch: 8
epoch_8_loss:  1.0940385883865975
epoch: 9
epoch_9_loss:  1.0940385883865975
epoch: 10
epoch_10_loss:  1.0940385883865975
epoch: 11
epoch_11_loss:  1.0940385883865975
epoch: 12
epoch_12_loss:  1.0940385883865975
epoch: 13
epoch_13_loss:  1.0940385883865975
epoch: 14
epoch_14_loss:  1.0940385883865975
[1.0940385883865975, 1.0940385883865975, 1.0940385883865975, 1.0940385883865975, 1.0940385883865975, 1.0940385883865975, 1.0940385883865975, 1.0940385883865975, 1.0940385883865975, 1.0940385883865975, 1.0940385883865975, 1.0940385883865975, 1.0940385883865975, 1.0940385883865975, 1.0940385883865975]
Sequential(
  (0): Linear(in_features=5, out_features=5, bias=True)
  (1): ReLU()
)
Sequential(
  (0): Linear(in_features=5, out_features=5, bias=True)
)
epoch: 0
[I 2022-11-13 10:57:45,582] Trial 1 finished with value: 1.0940385883865975 and parameters: {'optimizer': 'Adam', 'lr': 0.0008194945815726771, 'n_layers': 3, 'n_units_l0': 4, 'n_units_l1': 5, 'n_units_l2': 5}. Best is trial 1 with value: 1.0940385883865975.
epoch_0_loss:  1.2515054152226397
epoch: 1
epoch_1_loss:  1.2515054152226397
epoch: 2
epoch_2_loss:  1.2515054152226397
epoch: 3
epoch_3_loss:  1.2515054152226397
epoch: 4
epoch_4_loss:  1.2515054152226397
epoch: 5
epoch_5_loss:  1.2515054152226397
epoch: 6
epoch_6_loss:  1.2515054152226397
epoch: 7
epoch_7_loss:  1.2515054152226397
epoch: 8
epoch_8_loss:  1.2515054152226397
epoch: 9
epoch_9_loss:  1.2515054152226397
epoch: 10
epoch_10_loss:  1.2515054152226397
epoch: 11
epoch_11_loss:  1.2515054152226397
epoch: 12
epoch_12_loss:  1.2515054152226397
epoch: 13
epoch_13_loss:  1.2515054152226397
epoch: 14
epoch_14_loss:  1.2515054152226397
[1.2515054152226397, 1.2515054152226397, 1.2515054152226397, 1.2515054152226397, 1.2515054152226397, 1.2515054152226397, 1.2515054152226397, 1.2515054152226397, 1.2515054152226397, 1.2515054152226397, 1.2515054152226397, 1.2515054152226397, 1.2515054152226397, 1.2515054152226397, 1.2515054152226397]
[I 2022-11-13 10:58:29,623] Trial 2 finished with value: 1.2515054152226397 and parameters: {'optimizer': 'Adam', 'lr': 1.195311477554474e-05, 'n_layers': 1, 'n_units_l0': 5}. Best is trial 1 with value: 1.0940385883865975.
Sequential(
  (0): Linear(in_features=5, out_features=5, bias=True)
  (1): ReLU()
  (2): Linear(in_features=5, out_features=4, bias=True)
  (3): ReLU()
)
Sequential(
  (0): Linear(in_features=4, out_features=5, bias=True)
  (1): ReLU()
  (2): Linear(in_features=5, out_features=5, bias=True)
)
epoch: 0
epoch_0_loss:  1.085013307419245
epoch: 1
epoch_1_loss:  1.085013307419245
epoch: 2
epoch_2_loss:  1.085013307419245
epoch: 3
epoch_3_loss:  1.085013307419245
epoch: 4
epoch_4_loss:  1.085013307419245
epoch: 5
epoch_5_loss:  1.085013307419245
epoch: 6
epoch_6_loss:  1.085013307419245
epoch: 7
epoch_7_loss:  1.085013307419245
epoch: 8
epoch_8_loss:  1.085013307419245
epoch: 9
epoch_9_loss:  1.085013307419245
epoch: 10
epoch_10_loss:  1.085013307419245
epoch: 11
epoch_11_loss:  1.085013307419245
epoch: 12
epoch_12_loss:  1.085013307419245
epoch: 13
epoch_13_loss:  1.085013307419245
epoch: 14
epoch_14_loss:  1.085013307419245
[1.085013307419245, 1.085013307419245, 1.085013307419245, 1.085013307419245, 1.085013307419245, 1.085013307419245, 1.085013307419245, 1.085013307419245, 1.085013307419245, 1.085013307419245, 1.085013307419245, 1.085013307419245, 1.085013307419245, 1.085013307419245, 1.085013307419245]
[I 2022-11-13 10:59:26,024] Trial 3 finished with value: 1.085013307419245 and parameters: {'optimizer': 'Adam', 'lr': 5.2485837784147106e-05, 'n_layers': 2, 'n_units_l0': 5, 'n_units_l1': 4}. Best is trial 3 with value: 1.085013307419245.
Sequential(
  (0): Linear(in_features=5, out_features=4, bias=True)
  (1): ReLU()
  (2): Linear(in_features=4, out_features=5, bias=True)
  (3): ReLU()
)
Sequential(
  (0): Linear(in_features=5, out_features=4, bias=True)
  (1): ReLU()
  (2): Linear(in_features=4, out_features=5, bias=True)
)
epoch: 0
epoch_0_loss:  1.2607094119765851
epoch: 1
epoch_1_loss:  1.2607094119765851
epoch: 2
epoch_2_loss:  1.2607094119765851
epoch: 3
epoch_3_loss:  1.2607094119765851
epoch: 4
epoch_4_loss:  1.2607094119765851
epoch: 5
epoch_5_loss:  1.2607094119765851
epoch: 6
epoch_6_loss:  1.2607094119765851
epoch: 7
epoch_7_loss:  1.2607094119765851
epoch: 8
epoch_8_loss:  1.2607094119765851
epoch: 9
epoch_9_loss:  1.2607094119765851
epoch: 10
epoch_10_loss:  1.2607094119765851
epoch: 11
epoch_11_loss:  1.2607094119765851
epoch: 12
epoch_12_loss:  1.2607094119765851
epoch: 13
epoch_13_loss:  1.2607094119765851
epoch: 14
epoch_14_loss:  1.2607094119765851
[1.2607094119765851, 1.2607094119765851, 1.2607094119765851, 1.2607094119765851, 1.2607094119765851, 1.2607094119765851, 1.2607094119765851, 1.2607094119765851, 1.2607094119765851, 1.2607094119765851, 1.2607094119765851, 1.2607094119765851, 1.2607094119765851, 1.2607094119765851, 1.2607094119765851]
Sequential(
  (0): Linear(in_features=5, out_features=5, bias=True)
  (1): ReLU()
)
Sequential(
  (0): Linear(in_features=5, out_features=5, bias=True)
)
epoch: 0
[I 2022-11-13 11:00:22,464] Trial 4 finished with value: 1.2607094119765851 and parameters: {'optimizer': 'Adam', 'lr': 3.7447861659637436e-05, 'n_layers': 2, 'n_units_l0': 4, 'n_units_l1': 5}. Best is trial 3 with value: 1.085013307419245.
epoch_0_loss:  1.1082771972481091
epoch: 1
epoch_1_loss:  1.1082771972481091
epoch: 2
epoch_2_loss:  1.1082771972481091
epoch: 3
epoch_3_loss:  1.1082771972481091
epoch: 4
epoch_4_loss:  1.1082771972481091
epoch: 5
epoch_5_loss:  1.1082771972481091
epoch: 6
epoch_6_loss:  1.1082771972481091
epoch: 7
epoch_7_loss:  1.1082771972481091
epoch: 8
epoch_8_loss:  1.1082771972481091
epoch: 9
epoch_9_loss:  1.1082771972481091
epoch: 10
epoch_10_loss:  1.1082771972481091
epoch: 11
epoch_11_loss:  1.1082771972481091
epoch: 12
epoch_12_loss:  1.1082771972481091
epoch: 13
epoch_13_loss:  1.1082771972481091
epoch: 14
epoch_14_loss:  1.1082771972481091
[1.1082771972481091, 1.1082771972481091, 1.1082771972481091, 1.1082771972481091, 1.1082771972481091, 1.1082771972481091, 1.1082771972481091, 1.1082771972481091, 1.1082771972481091, 1.1082771972481091, 1.1082771972481091, 1.1082771972481091, 1.1082771972481091, 1.1082771972481091, 1.1082771972481091]
Sequential(
  (0): Linear(in_features=5, out_features=5, bias=True)
  (1): ReLU()
)
Sequential(
  (0): Linear(in_features=5, out_features=5, bias=True)
)
epoch: 0
[I 2022-11-13 11:02:02,096] Trial 5 finished with value: 1.1082771972481091 and parameters: {'optimizer': 'Adam', 'lr': 0.0005557428677285148, 'n_layers': 1, 'n_units_l0': 5}. Best is trial 3 with value: 1.085013307419245.
epoch_0_loss:  1.1036081584214796
epoch: 1
epoch_1_loss:  1.1036081584214796
epoch: 2
epoch_2_loss:  1.1036081584214796
epoch: 3
epoch_3_loss:  1.1036081584214796
epoch: 4
epoch_4_loss:  1.1036081584214796
epoch: 5
epoch_5_loss:  1.1036081584214796
epoch: 6
epoch_6_loss:  1.1036081584214796
epoch: 7
epoch_7_loss:  1.1036081584214796
epoch: 8
epoch_8_loss:  1.1036081584214796
epoch: 9
epoch_9_loss:  1.1036081584214796
epoch: 10
epoch_10_loss:  1.1036081584214796
epoch: 11
epoch_11_loss:  1.1036081584214796
epoch: 12
epoch_12_loss:  1.1036081584214796
epoch: 13
epoch_13_loss:  1.1036081584214796
epoch: 14
epoch_14_loss:  1.1036081584214796
[1.1036081584214796, 1.1036081584214796, 1.1036081584214796, 1.1036081584214796, 1.1036081584214796, 1.1036081584214796, 1.1036081584214796, 1.1036081584214796, 1.1036081584214796, 1.1036081584214796, 1.1036081584214796, 1.1036081584214796, 1.1036081584214796, 1.1036081584214796, 1.1036081584214796]
[I 2022-11-13 11:02:46,523] Trial 6 finished with value: 1.1036081584214796 and parameters: {'optimizer': 'Adam', 'lr': 8.112227020948102e-05, 'n_layers': 1, 'n_units_l0': 5}. Best is trial 3 with value: 1.085013307419245.
Sequential(
  (0): Linear(in_features=5, out_features=5, bias=True)
  (1): ReLU()
)
Sequential(
  (0): Linear(in_features=5, out_features=5, bias=True)
)
epoch: 0
epoch_0_loss:  1.0882488468591358
epoch: 1
epoch_1_loss:  1.0882488468591358
epoch: 2
epoch_2_loss:  1.0882488468591358
epoch: 3
epoch_3_loss:  1.0882488468591358
epoch: 4
epoch_4_loss:  1.0882488468591358
epoch: 5
epoch_5_loss:  1.0882488468591358
epoch: 6
epoch_6_loss:  1.0882488468591358
epoch: 7
epoch_7_loss:  1.0882488468591358
epoch: 8
epoch_8_loss:  1.0882488468591358
epoch: 9
epoch_9_loss:  1.0882488468591358
epoch: 10
epoch_10_loss:  1.0882488468591358
epoch: 11
epoch_11_loss:  1.0882488468591358
epoch: 12
epoch_12_loss:  1.0882488468591358
epoch: 13
epoch_13_loss:  1.0882488468591358
epoch: 14
epoch_14_loss:  1.0882488468591358
[1.0882488468591358, 1.0882488468591358, 1.0882488468591358, 1.0882488468591358, 1.0882488468591358, 1.0882488468591358, 1.0882488468591358, 1.0882488468591358, 1.0882488468591358, 1.0882488468591358, 1.0882488468591358, 1.0882488468591358, 1.0882488468591358, 1.0882488468591358, 1.0882488468591358]
Sequential(
  (0): Linear(in_features=5, out_features=3, bias=True)
  (1): ReLU()
  (2): Linear(in_features=3, out_features=2, bias=True)
  (3): ReLU()
)
Sequential(
  (0): Linear(in_features=2, out_features=3, bias=True)
  (1): ReLU()
  (2): Linear(in_features=3, out_features=5, bias=True)
)
epoch: 0
[I 2022-11-13 11:03:30,472] Trial 7 finished with value: 1.0882488468591358 and parameters: {'optimizer': 'Adam', 'lr': 2.6865864971675764e-05, 'n_layers': 1, 'n_units_l0': 5}. Best is trial 3 with value: 1.085013307419245.
epoch_0_loss:  1.1728291915804232
epoch: 1
epoch_1_loss:  1.1728291915804232
epoch: 2
epoch_2_loss:  1.1728291915804232
epoch: 3
epoch_3_loss:  1.1728291915804232
epoch: 4
epoch_4_loss:  1.1728291915804232
epoch: 5
epoch_5_loss:  1.1728291915804232
epoch: 6
epoch_6_loss:  1.1728291915804232
epoch: 7
epoch_7_loss:  1.1728291915804232
epoch: 8
epoch_8_loss:  1.1728291915804232
epoch: 9
epoch_9_loss:  1.1728291915804232
epoch: 10
epoch_10_loss:  1.1728291915804232
epoch: 11
epoch_11_loss:  1.1728291915804232
epoch: 12
epoch_12_loss:  1.1728291915804232
epoch: 13
epoch_13_loss:  1.1728291915804232
epoch: 14
epoch_14_loss:  1.1728291915804232
[1.1728291915804232, 1.1728291915804232, 1.1728291915804232, 1.1728291915804232, 1.1728291915804232, 1.1728291915804232, 1.1728291915804232, 1.1728291915804232, 1.1728291915804232, 1.1728291915804232, 1.1728291915804232, 1.1728291915804232, 1.1728291915804232, 1.1728291915804232, 1.1728291915804232]
[I 2022-11-13 11:04:26,713] Trial 8 finished with value: 1.1728291915804232 and parameters: {'optimizer': 'Adam', 'lr': 3.072291617672563e-05, 'n_layers': 2, 'n_units_l0': 3, 'n_units_l1': 2}. Best is trial 3 with value: 1.085013307419245.
Sequential(
  (0): Linear(in_features=5, out_features=1, bias=True)
  (1): ReLU()
  (2): Linear(in_features=1, out_features=5, bias=True)
  (3): ReLU()
)
Sequential(
  (0): Linear(in_features=5, out_features=1, bias=True)
  (1): ReLU()
  (2): Linear(in_features=1, out_features=5, bias=True)
)
epoch: 0
epoch_0_loss:  1.2984478614519674
epoch: 1
epoch_1_loss:  1.2984478614519674
epoch: 2
epoch_2_loss:  1.2984478614519674
epoch: 3
epoch_3_loss:  1.2984478614519674
epoch: 4
epoch_4_loss:  1.2984478614519674
epoch: 5
epoch_5_loss:  1.2984478614519674
epoch: 6
epoch_6_loss:  1.2984478614519674
epoch: 7
epoch_7_loss:  1.2984478614519674
epoch: 8
epoch_8_loss:  1.2984478614519674
epoch: 9
epoch_9_loss:  1.2984478614519674
epoch: 10
epoch_10_loss:  1.2984478614519674
epoch: 11
epoch_11_loss:  1.2984478614519674
epoch: 12
epoch_12_loss:  1.2984478614519674
epoch: 13
epoch_13_loss:  1.2984478614519674
epoch: 14
epoch_14_loss:  1.2984478614519674
[1.2984478614519674, 1.2984478614519674, 1.2984478614519674, 1.2984478614519674, 1.2984478614519674, 1.2984478614519674, 1.2984478614519674, 1.2984478614519674, 1.2984478614519674, 1.2984478614519674, 1.2984478614519674, 1.2984478614519674, 1.2984478614519674, 1.2984478614519674, 1.2984478614519674]
[I 2022-11-13 11:05:22,756] Trial 9 finished with value: 1.2984478614519674 and parameters: {'optimizer': 'Adam', 'lr': 5.105644614412726e-05, 'n_layers': 2, 'n_units_l0': 1, 'n_units_l1': 5}. Best is trial 3 with value: 1.085013307419245.
Sequential(
  (0): Linear(in_features=5, out_features=2, bias=True)
  (1): ReLU()
  (2): Linear(in_features=2, out_features=3, bias=True)
  (3): ReLU()
  (4): Linear(in_features=3, out_features=1, bias=True)
  (5): ReLU()
)
Sequential(
  (0): Linear(in_features=1, out_features=3, bias=True)
  (1): ReLU()
  (2): Linear(in_features=3, out_features=2, bias=True)
  (3): ReLU()
  (4): Linear(in_features=2, out_features=5, bias=True)
)
epoch: 0
epoch_0_loss:  1.1156555680672577
epoch: 1
epoch_1_loss:  1.1156555680672577
epoch: 2
epoch_2_loss:  1.1156555680672577
epoch: 3
epoch_3_loss:  1.1156555680672577
epoch: 4
epoch_4_loss:  1.1156555680672577
epoch: 5
epoch_5_loss:  1.1156555680672577
epoch: 6
epoch_6_loss:  1.1156555680672577
epoch: 7
epoch_7_loss:  1.1156555680672577
epoch: 8
epoch_8_loss:  1.1156555680672577
epoch: 9
epoch_9_loss:  1.1156555680672577
epoch: 10
epoch_10_loss:  1.1156555680672577
epoch: 11
epoch_11_loss:  1.1156555680672577
epoch: 12
epoch_12_loss:  1.1156555680672577
epoch: 13
epoch_13_loss:  1.1156555680672577
epoch: 14
epoch_14_loss:  1.1156555680672577
[1.1156555680672577, 1.1156555680672577, 1.1156555680672577, 1.1156555680672577, 1.1156555680672577, 1.1156555680672577, 1.1156555680672577, 1.1156555680672577, 1.1156555680672577, 1.1156555680672577, 1.1156555680672577, 1.1156555680672577, 1.1156555680672577, 1.1156555680672577, 1.1156555680672577]
[I 2022-11-13 11:06:31,336] Trial 10 finished with value: 1.1156555680672577 and parameters: {'optimizer': 'Adam', 'lr': 0.00022018837295989486, 'n_layers': 3, 'n_units_l0': 2, 'n_units_l1': 3, 'n_units_l2': 1}. Best is trial 3 with value: 1.085013307419245.
Sequential(
  (0): Linear(in_features=5, out_features=4, bias=True)
  (1): ReLU()
)
Sequential(
  (0): Linear(in_features=4, out_features=5, bias=True)
)
epoch: 0
epoch_0_loss:  1.0418190990257263
epoch: 1
epoch_1_loss:  1.0418190990257263
epoch: 2
epoch_2_loss:  1.0418190990257263
epoch: 3
epoch_3_loss:  1.0418190990257263
epoch: 4
epoch_4_loss:  1.0418190990257263
epoch: 5
epoch_5_loss:  1.0418190990257263
epoch: 6
epoch_6_loss:  1.0418190990257263
epoch: 7
epoch_7_loss:  1.0418190990257263
epoch: 8
epoch_8_loss:  1.0418190990257263
epoch: 9
epoch_9_loss:  1.0418190990257263
epoch: 10
epoch_10_loss:  1.0418190990257263
epoch: 11
epoch_11_loss:  1.0418190990257263
epoch: 12
epoch_12_loss:  1.0418190990257263
epoch: 13
epoch_13_loss:  1.0418190990257263
epoch: 14
epoch_14_loss:  1.0418190990257263
[1.0418190990257263, 1.0418190990257263, 1.0418190990257263, 1.0418190990257263, 1.0418190990257263, 1.0418190990257263, 1.0418190990257263, 1.0418190990257263, 1.0418190990257263, 1.0418190990257263, 1.0418190990257263, 1.0418190990257263, 1.0418190990257263, 1.0418190990257263, 1.0418190990257263]
