[I 2022-11-13 14:02:39,792] Trial 194 finished with value: 1.1124759265056046 and parameters: {'optimizer': 'Adam', 'lr': 0.00038357968629400225, 'n_layers': 2, 'n_units_l0': 5, 'n_units_l1': 5}. Best is trial 126 with value: 1.0114372774826383.
Sequential(
  (0): Linear(in_features=5, out_features=5, bias=True)
  (1): ReLU()
  (2): Linear(in_features=5, out_features=5, bias=True)
  (3): ReLU()
)
Sequential(
  (0): Linear(in_features=5, out_features=5, bias=True)
  (1): ReLU()
  (2): Linear(in_features=5, out_features=5, bias=True)
)
epoch: 0
epoch_0_loss:  1.067235759437447
epoch: 1
epoch_1_loss:  1.067235759437447
epoch: 2
epoch_2_loss:  1.067235759437447
epoch: 3
epoch_3_loss:  1.067235759437447
epoch: 4
epoch_4_loss:  1.067235759437447
epoch: 5
epoch_5_loss:  1.067235759437447
epoch: 6
epoch_6_loss:  1.067235759437447
epoch: 7
epoch_7_loss:  1.067235759437447
epoch: 8
epoch_8_loss:  1.067235759437447
epoch: 9
epoch_9_loss:  1.067235759437447
epoch: 10
epoch_10_loss:  1.067235759437447
epoch: 11
epoch_11_loss:  1.067235759437447
epoch: 12
epoch_12_loss:  1.067235759437447
epoch: 13
epoch_13_loss:  1.067235759437447
epoch: 14
epoch_14_loss:  1.067235759437447
[1.067235759437447, 1.067235759437447, 1.067235759437447, 1.067235759437447, 1.067235759437447, 1.067235759437447, 1.067235759437447, 1.067235759437447, 1.067235759437447, 1.067235759437447, 1.067235759437447, 1.067235759437447, 1.067235759437447, 1.067235759437447, 1.067235759437447]
[I 2022-11-13 14:03:36,099] Trial 195 finished with value: 1.067235759437447 and parameters: {'optimizer': 'Adam', 'lr': 0.0004175037639659335, 'n_layers': 2, 'n_units_l0': 5, 'n_units_l1': 5}. Best is trial 126 with value: 1.0114372774826383.
Sequential(
  (0): Linear(in_features=5, out_features=5, bias=True)
  (1): ReLU()
  (2): Linear(in_features=5, out_features=4, bias=True)
  (3): ReLU()
)
Sequential(
  (0): Linear(in_features=4, out_features=5, bias=True)
  (1): ReLU()
  (2): Linear(in_features=5, out_features=5, bias=True)
)
epoch: 0
epoch_0_loss:  1.021774584719313
epoch: 1
epoch_1_loss:  1.021774584719313
epoch: 2
epoch_2_loss:  1.021774584719313
epoch: 3
epoch_3_loss:  1.021774584719313
epoch: 4
epoch_4_loss:  1.021774584719313
epoch: 5
epoch_5_loss:  1.021774584719313
epoch: 6
epoch_6_loss:  1.021774584719313
epoch: 7
epoch_7_loss:  1.021774584719313
epoch: 8
epoch_8_loss:  1.021774584719313
epoch: 9
epoch_9_loss:  1.021774584719313
epoch: 10
epoch_10_loss:  1.021774584719313
epoch: 11
epoch_11_loss:  1.021774584719313
epoch: 12
epoch_12_loss:  1.021774584719313
epoch: 13
epoch_13_loss:  1.021774584719313
epoch: 14
epoch_14_loss:  1.021774584719313
[1.021774584719313, 1.021774584719313, 1.021774584719313, 1.021774584719313, 1.021774584719313, 1.021774584719313, 1.021774584719313, 1.021774584719313, 1.021774584719313, 1.021774584719313, 1.021774584719313, 1.021774584719313, 1.021774584719313, 1.021774584719313, 1.021774584719313]
[I 2022-11-13 14:04:32,077] Trial 196 finished with value: 1.021774584719313 and parameters: {'optimizer': 'Adam', 'lr': 0.00035606059502249043, 'n_layers': 2, 'n_units_l0': 5, 'n_units_l1': 4}. Best is trial 126 with value: 1.0114372774826383.
Sequential(
  (0): Linear(in_features=5, out_features=5, bias=True)
  (1): ReLU()
  (2): Linear(in_features=5, out_features=4, bias=True)
  (3): ReLU()
)
Sequential(
  (0): Linear(in_features=4, out_features=5, bias=True)
  (1): ReLU()
  (2): Linear(in_features=5, out_features=5, bias=True)
)
epoch: 0
epoch_0_loss:  1.0581309081602126
epoch: 1
epoch_1_loss:  1.0581309081602126
epoch: 2
epoch_2_loss:  1.0581309081602126
epoch: 3
epoch_3_loss:  1.0581309081602126
epoch: 4
epoch_4_loss:  1.0581309081602126
epoch: 5
epoch_5_loss:  1.0581309081602126
epoch: 6
epoch_6_loss:  1.0581309081602126
epoch: 7
epoch_7_loss:  1.0581309081602126
epoch: 8
epoch_8_loss:  1.0581309081602126
epoch: 9
epoch_9_loss:  1.0581309081602126
epoch: 10
epoch_10_loss:  1.0581309081602126
epoch: 11
epoch_11_loss:  1.0581309081602126
epoch: 12
epoch_12_loss:  1.0581309081602126
epoch: 13
epoch_13_loss:  1.0581309081602126
epoch: 14
epoch_14_loss:  1.0581309081602126
[1.0581309081602126, 1.0581309081602126, 1.0581309081602126, 1.0581309081602126, 1.0581309081602126, 1.0581309081602126, 1.0581309081602126, 1.0581309081602126, 1.0581309081602126, 1.0581309081602126, 1.0581309081602126, 1.0581309081602126, 1.0581309081602126, 1.0581309081602126, 1.0581309081602126]
[I 2022-11-13 14:05:28,447] Trial 197 finished with value: 1.0581309081602126 and parameters: {'optimizer': 'Adam', 'lr': 0.0003537420065244019, 'n_layers': 2, 'n_units_l0': 5, 'n_units_l1': 4}. Best is trial 126 with value: 1.0114372774826383.
Sequential(
  (0): Linear(in_features=5, out_features=5, bias=True)
  (1): ReLU()
  (2): Linear(in_features=5, out_features=5, bias=True)
  (3): ReLU()
)
Sequential(
  (0): Linear(in_features=5, out_features=5, bias=True)
  (1): ReLU()
  (2): Linear(in_features=5, out_features=5, bias=True)
)
epoch: 0
epoch_0_loss:  1.135822047330533
epoch: 1
epoch_1_loss:  1.135822047330533
epoch: 2
epoch_2_loss:  1.135822047330533
epoch: 3
epoch_3_loss:  1.135822047330533
epoch: 4
epoch_4_loss:  1.135822047330533
epoch: 5
epoch_5_loss:  1.135822047330533
epoch: 6
epoch_6_loss:  1.135822047330533
epoch: 7
epoch_7_loss:  1.135822047330533
epoch: 8
epoch_8_loss:  1.135822047330533
epoch: 9
epoch_9_loss:  1.135822047330533
epoch: 10
epoch_10_loss:  1.135822047330533
epoch: 11
epoch_11_loss:  1.135822047330533
epoch: 12
epoch_12_loss:  1.135822047330533
epoch: 13
epoch_13_loss:  1.135822047330533
epoch: 14
epoch_14_loss:  1.135822047330533
[1.135822047330533, 1.135822047330533, 1.135822047330533, 1.135822047330533, 1.135822047330533, 1.135822047330533, 1.135822047330533, 1.135822047330533, 1.135822047330533, 1.135822047330533, 1.135822047330533, 1.135822047330533, 1.135822047330533, 1.135822047330533, 1.135822047330533]
[I 2022-11-13 14:07:17,000] Trial 198 finished with value: 1.135822047330533 and parameters: {'optimizer': 'Adam', 'lr': 0.0005618473772069195, 'n_layers': 2, 'n_units_l0': 5, 'n_units_l1': 5}. Best is trial 126 with value: 1.0114372774826383.
Sequential(
  (0): Linear(in_features=5, out_features=5, bias=True)
  (1): ReLU()
  (2): Linear(in_features=5, out_features=4, bias=True)
  (3): ReLU()
)
Sequential(
  (0): Linear(in_features=4, out_features=5, bias=True)
  (1): ReLU()
  (2): Linear(in_features=5, out_features=5, bias=True)
)
epoch: 0
epoch_0_loss:  1.085145620389254
epoch: 1
epoch_1_loss:  1.085145620389254
epoch: 2
epoch_2_loss:  1.085145620389254
epoch: 3
epoch_3_loss:  1.085145620389254
epoch: 4
epoch_4_loss:  1.085145620389254
epoch: 5
epoch_5_loss:  1.085145620389254
epoch: 6
epoch_6_loss:  1.085145620389254
epoch: 7
epoch_7_loss:  1.085145620389254
epoch: 8
epoch_8_loss:  1.085145620389254
epoch: 9
epoch_9_loss:  1.085145620389254
epoch: 10
epoch_10_loss:  1.085145620389254
epoch: 11
epoch_11_loss:  1.085145620389254
epoch: 12
epoch_12_loss:  1.085145620389254
epoch: 13
epoch_13_loss:  1.085145620389254
epoch: 14
epoch_14_loss:  1.085145620389254
[1.085145620389254, 1.085145620389254, 1.085145620389254, 1.085145620389254, 1.085145620389254, 1.085145620389254, 1.085145620389254, 1.085145620389254, 1.085145620389254, 1.085145620389254, 1.085145620389254, 1.085145620389254, 1.085145620389254, 1.085145620389254, 1.085145620389254]
[I 2022-11-13 14:08:13,554] Trial 199 finished with value: 1.085145620389254 and parameters: {'optimizer': 'Adam', 'lr': 0.00045319612478198813, 'n_layers': 2, 'n_units_l0': 5, 'n_units_l1': 4}. Best is trial 126 with value: 1.0114372774826383.
Study statistics: 
  Number of finished trials:  200
  Number of pruned trials:  0
  Number of complete trials:  200
Best trial:
  Value:  1.0114372774826383
  Params: 
    optimizer: Adam
    lr: 0.00029737624946486973
    n_layers: 2
    n_units_l0: 4
    n_units_l1: 4
MSE for DAE:  0.03233578313086887
RR for DAE:  0.9999824230660341
MSE for DAE:  0.09962067696823904
RR for DAE:  0.999958326543094
VAE is selected
Encoder(
  (FC_input): Linear(in_features=5, out_features=5, bias=True)
  (FC_input2): Linear(in_features=5, out_features=5, bias=True)
  (FC_mean): Linear(in_features=5, out_features=5, bias=True)
  (FC_var): Linear(in_features=5, out_features=5, bias=True)
  (LeakyReLU): LeakyReLU(negative_slope=0.2)
)
Decoder(
  (FC_hidden): Linear(in_features=5, out_features=5, bias=True)
  (FC_hidden2): Linear(in_features=5, out_features=5, bias=True)
  (FC_output): Linear(in_features=5, out_features=5, bias=True)
  (LeakyReLU): LeakyReLU(negative_slope=0.2)
)
Optimizing VAE
build_Encoder(
  (FC_input): Linear(in_features=5, out_features=5, bias=True)
  (FC_input2): Linear(in_features=5, out_features=5, bias=True)
  (FC_mean): Linear(in_features=5, out_features=4, bias=True)
  (FC_var): Linear(in_features=5, out_features=4, bias=True)
  (LeakyReLU): LeakyReLU(negative_slope=0.01)
)
build_Decoder(
  (FC_hidden): Linear(in_features=4, out_features=5, bias=True)
  (FC_hidden2): Linear(in_features=5, out_features=5, bias=True)
  (FC_output): Linear(in_features=5, out_features=5, bias=True)
  (LeakyReLU): LeakyReLU(negative_slope=0.2)
)
epoch: 0
[I 2022-11-13 14:08:18,181] A new study created in memory with name: no-name-f2acbe56-f385-4b88-a89f-895e8fba6564
epoch_0_loss:  1.088579598708885
epoch: 1
epoch_1_loss:  1.0887748540404665
epoch: 2
epoch_2_loss:  1.090051264766561
epoch: 3
epoch_3_loss:  1.0897748042338766
epoch: 4
epoch_4_loss:  1.0897177929593707
epoch: 5
epoch_5_loss:  1.0882516009099332
epoch: 6
epoch_6_loss:  1.0905066304137288
epoch: 7
epoch_7_loss:  1.0899077541852338
epoch: 8
epoch_8_loss:  1.0889752437135642
epoch: 9
epoch_9_loss:  1.0903350280220165
epoch: 10
epoch_10_loss:  1.0895850288726543
epoch: 11
epoch_11_loss:  1.0900084920926736
epoch: 12
epoch_12_loss:  1.0904087637972584
epoch: 13
epoch_13_loss:  1.0883561266668076
epoch: 14
epoch_14_loss:  1.0895613487753824
[1.088579598708885, 1.0887748540404665, 1.090051264766561, 1.0897748042338766, 1.0897177929593707, 1.0882516009099332, 1.0905066304137288, 1.0899077541852338, 1.0889752437135642, 1.0903350280220165, 1.0895850288726543, 1.0900084920926736, 1.0904087637972584, 1.0883561266668076, 1.0895613487753824]
build_Encoder(
  (FC_input): Linear(in_features=5, out_features=4, bias=True)
  (FC_input2): Linear(in_features=4, out_features=4, bias=True)
  (FC_mean): Linear(in_features=4, out_features=3, bias=True)
  (FC_var): Linear(in_features=4, out_features=3, bias=True)
  (LeakyReLU): LeakyReLU(negative_slope=0.01)
)
build_Decoder(
  (FC_hidden): Linear(in_features=3, out_features=4, bias=True)
  (FC_hidden2): Linear(in_features=4, out_features=4, bias=True)
  (FC_output): Linear(in_features=4, out_features=5, bias=True)
  (LeakyReLU): LeakyReLU(negative_slope=0.2)
)
epoch: 0
[I 2022-11-13 14:09:38,199] Trial 0 finished with value: 1.0895613487753824 and parameters: {'optimizer': 'Adam', 'lr': 4.034561987801074e-05, 'hidden_dim': 5, 'latent_dim': 4}. Best is trial 0 with value: 1.0895613487753824.
epoch_0_loss:  1.107643073634903
epoch: 1
epoch_1_loss:  1.1052824386816187
epoch: 2
epoch_2_loss:  1.1095100486710003
epoch: 3
epoch_3_loss:  1.1049707496261787
epoch: 4
epoch_4_loss:  1.1078243048559615
epoch: 5
epoch_5_loss:  1.1064462634630228
epoch: 6
epoch_6_loss:  1.1082269973281977
epoch: 7
epoch_7_loss:  1.1074712991117763
epoch: 8
epoch_8_loss:  1.1066008412381683
epoch: 9
epoch_9_loss:  1.1067150680009756
epoch: 10
epoch_10_loss:  1.107470921260307
epoch: 11
epoch_11_loss:  1.1076600217648753
epoch: 12
epoch_12_loss:  1.1057297569602829
epoch: 13
epoch_13_loss:  1.1070113754412667
epoch: 14
epoch_14_loss:  1.1073066657651618
[1.107643073634903, 1.1052824386816187, 1.1095100486710003, 1.1049707496261787, 1.1078243048559615, 1.1064462634630228, 1.1082269973281977, 1.1074712991117763, 1.1066008412381683, 1.1067150680009756, 1.107470921260307, 1.1076600217648753, 1.1057297569602829, 1.1070113754412667, 1.1073066657651618]
build_Encoder(
  (FC_input): Linear(in_features=5, out_features=4, bias=True)
  (FC_input2): Linear(in_features=4, out_features=4, bias=True)
  (FC_mean): Linear(in_features=4, out_features=5, bias=True)
  (FC_var): Linear(in_features=4, out_features=5, bias=True)
  (LeakyReLU): LeakyReLU(negative_slope=0.01)
)
build_Decoder(
  (FC_hidden): Linear(in_features=5, out_features=4, bias=True)
  (FC_hidden2): Linear(in_features=4, out_features=4, bias=True)
  (FC_output): Linear(in_features=4, out_features=5, bias=True)
  (LeakyReLU): LeakyReLU(negative_slope=0.2)
)
epoch: 0
[I 2022-11-13 14:10:58,324] Trial 1 finished with value: 1.1073066657651618 and parameters: {'optimizer': 'Adam', 'lr': 0.00014056538242274413, 'hidden_dim': 4, 'latent_dim': 3}. Best is trial 0 with value: 1.0895613487753824.
epoch_0_loss:  1.0864794635227213
epoch: 1
epoch_1_loss:  1.0838483106504027
epoch: 2
epoch_2_loss:  1.0821853638565346
epoch: 3
epoch_3_loss:  1.0838039727014124
epoch: 4
epoch_4_loss:  1.0820528410918369
epoch: 5
epoch_5_loss:  1.0834836024458219
epoch: 6
epoch_6_loss:  1.0834059122714075
epoch: 7
epoch_7_loss:  1.0843691835805849
epoch: 8
epoch_8_loss:  1.0834983318308131
epoch: 9
epoch_9_loss:  1.0833038644347726
epoch: 10
epoch_10_loss:  1.0846983578329417
epoch: 11
epoch_11_loss:  1.082795375294997
epoch: 12
epoch_12_loss:  1.0833904985510578
epoch: 13
epoch_13_loss:  1.0836842403129303
epoch: 14
epoch_14_loss:  1.0817678873454597
[1.0864794635227213, 1.0838483106504027, 1.0821853638565346, 1.0838039727014124, 1.0820528410918369, 1.0834836024458219, 1.0834059122714075, 1.0843691835805849, 1.0834983318308131, 1.0833038644347726, 1.0846983578329417, 1.082795375294997, 1.0833904985510578, 1.0836842403129303, 1.0817678873454597]
build_Encoder(
  (FC_input): Linear(in_features=5, out_features=5, bias=True)
  (FC_input2): Linear(in_features=5, out_features=5, bias=True)
  (FC_mean): Linear(in_features=5, out_features=5, bias=True)
  (FC_var): Linear(in_features=5, out_features=5, bias=True)
  (LeakyReLU): LeakyReLU(negative_slope=0.01)
)
build_Decoder(
  (FC_hidden): Linear(in_features=5, out_features=5, bias=True)
  (FC_hidden2): Linear(in_features=5, out_features=5, bias=True)
  (FC_output): Linear(in_features=5, out_features=5, bias=True)
  (LeakyReLU): LeakyReLU(negative_slope=0.2)
)
epoch: 0
[I 2022-11-13 14:12:18,512] Trial 2 finished with value: 1.0817678873454597 and parameters: {'optimizer': 'Adam', 'lr': 3.369105918566501e-05, 'hidden_dim': 4, 'latent_dim': 5}. Best is trial 2 with value: 1.0817678873454597.
epoch_0_loss:  1.1586753259475147
epoch: 1
epoch_1_loss:  1.1584802903618336
epoch: 2
epoch_2_loss:  1.1579162312458466
epoch: 3
epoch_3_loss:  1.157372907623002
epoch: 4
epoch_4_loss:  1.157691941173417
epoch: 5
epoch_5_loss:  1.1529657151971249
epoch: 6
epoch_6_loss:  1.1575511827218878
epoch: 7
epoch_7_loss:  1.1573949485420447
epoch: 8
epoch_8_loss:  1.1549250177764712
epoch: 9
epoch_9_loss:  1.1589891180224994
epoch: 10
epoch_10_loss:  1.157625522312271
epoch: 11
epoch_11_loss:  1.156460215833293
epoch: 12
epoch_12_loss:  1.1576805279234326
epoch: 13
epoch_13_loss:  1.1589016380096655
epoch: 14
epoch_14_loss:  1.1573984019757695
[1.1586753259475147, 1.1584802903618336, 1.1579162312458466, 1.157372907623002, 1.157691941173417, 1.1529657151971249, 1.1575511827218878, 1.1573949485420447, 1.1549250177764712, 1.1589891180224994, 1.157625522312271, 1.156460215833293, 1.1576805279234326, 1.1589016380096655, 1.1573984019757695]
[I 2022-11-13 14:13:38,758] Trial 3 finished with value: 1.1573984019757695 and parameters: {'optimizer': 'Adam', 'lr': 5.771830999629701e-05, 'hidden_dim': 5, 'latent_dim': 5}. Best is trial 2 with value: 1.0817678873454597.
build_Encoder(
  (FC_input): Linear(in_features=5, out_features=4, bias=True)
  (FC_input2): Linear(in_features=4, out_features=4, bias=True)
  (FC_mean): Linear(in_features=4, out_features=3, bias=True)
  (FC_var): Linear(in_features=4, out_features=3, bias=True)
  (LeakyReLU): LeakyReLU(negative_slope=0.01)
)
build_Decoder(
  (FC_hidden): Linear(in_features=3, out_features=4, bias=True)
  (FC_hidden2): Linear(in_features=4, out_features=4, bias=True)
  (FC_output): Linear(in_features=4, out_features=5, bias=True)
  (LeakyReLU): LeakyReLU(negative_slope=0.2)
)
epoch: 0
epoch_0_loss:  1.1427035627314714
epoch: 1
epoch_1_loss:  1.1422657600320507
epoch: 2
epoch_2_loss:  1.1429678598289474
epoch: 3
epoch_3_loss:  1.1407596175184616
epoch: 4
epoch_4_loss:  1.1428779566217682
epoch: 5
epoch_5_loss:  1.1412476179272393
epoch: 6
epoch_6_loss:  1.141265713935105
epoch: 7
epoch_7_loss:  1.1432584806733215
epoch: 8
epoch_8_loss:  1.1421536966562778
epoch: 9
epoch_9_loss:  1.1433803518298176
epoch: 10
epoch_10_loss:  1.1413728945314945
epoch: 11
epoch_11_loss:  1.1440605608045114
epoch: 12
epoch_12_loss:  1.1431714008840412
epoch: 13
epoch_13_loss:  1.1436893717205614
epoch: 14
epoch_14_loss:  1.1422146450637158
[1.1427035627314714, 1.1422657600320507, 1.1429678598289474, 1.1407596175184616, 1.1428779566217682, 1.1412476179272393, 1.141265713935105, 1.1432584806733215, 1.1421536966562778, 1.1433803518298176, 1.1413728945314945, 1.1440605608045114, 1.1431714008840412, 1.1436893717205614, 1.1422146450637158]
[I 2022-11-13 14:14:58,931] Trial 4 finished with value: 1.1422146450637158 and parameters: {'optimizer': 'Adam', 'lr': 0.0007678995658334823, 'hidden_dim': 4, 'latent_dim': 3}. Best is trial 2 with value: 1.0817678873454597.
build_Encoder(
  (FC_input): Linear(in_features=5, out_features=5, bias=True)
  (FC_input2): Linear(in_features=5, out_features=5, bias=True)
  (FC_mean): Linear(in_features=5, out_features=5, bias=True)
  (FC_var): Linear(in_features=5, out_features=5, bias=True)
  (LeakyReLU): LeakyReLU(negative_slope=0.01)
)
build_Decoder(
  (FC_hidden): Linear(in_features=5, out_features=5, bias=True)
  (FC_hidden2): Linear(in_features=5, out_features=5, bias=True)
  (FC_output): Linear(in_features=5, out_features=5, bias=True)
  (LeakyReLU): LeakyReLU(negative_slope=0.2)
)
epoch: 0
epoch_0_loss:  1.1165942997947853
epoch: 1
epoch_1_loss:  1.1144949501582184
epoch: 2
epoch_2_loss:  1.113657371472039
epoch: 3
epoch_3_loss:  1.114754924441116
epoch: 4
epoch_4_loss:  1.1165288138738358
epoch: 5
epoch_5_loss:  1.1168933138540795
epoch: 6
epoch_6_loss:  1.1162831620752678
epoch: 7
epoch_7_loss:  1.1135469020513316
epoch: 8
epoch_8_loss:  1.1181146966488273
epoch: 9
epoch_9_loss:  1.117247325754538
epoch: 10
epoch_10_loss:  1.1174674432207545
epoch: 11
epoch_11_loss:  1.1157725485742251
epoch: 12
epoch_12_loss:  1.1148481966285555
epoch: 13
epoch_13_loss:  1.115954925882252
epoch: 14
epoch_14_loss:  1.1145391810387562
[1.1165942997947853, 1.1144949501582184, 1.113657371472039, 1.114754924441116, 1.1165288138738358, 1.1168933138540795, 1.1162831620752678, 1.1135469020513316, 1.1181146966488273, 1.117247325754538, 1.1174674432207545, 1.1157725485742251, 1.1148481966285555, 1.115954925882252, 1.1145391810387562]
build_Encoder(
  (FC_input): Linear(in_features=5, out_features=4, bias=True)
  (FC_input2): Linear(in_features=4, out_features=4, bias=True)
  (FC_mean): Linear(in_features=4, out_features=4, bias=True)
  (FC_var): Linear(in_features=4, out_features=4, bias=True)
  (LeakyReLU): LeakyReLU(negative_slope=0.01)
)
build_Decoder(
  (FC_hidden): Linear(in_features=4, out_features=4, bias=True)
  (FC_hidden2): Linear(in_features=4, out_features=4, bias=True)
  (FC_output): Linear(in_features=4, out_features=5, bias=True)
  (LeakyReLU): LeakyReLU(negative_slope=0.2)
)
epoch: 0
[I 2022-11-13 14:16:19,296] Trial 5 finished with value: 1.1145391810387562 and parameters: {'optimizer': 'Adam', 'lr': 6.780838408966388e-05, 'hidden_dim': 5, 'latent_dim': 5}. Best is trial 2 with value: 1.0817678873454597.
epoch_0_loss:  1.1808753194883612
epoch: 1
epoch_1_loss:  1.1813814011148147
epoch: 2
epoch_2_loss:  1.182777010491449
epoch: 3
epoch_3_loss:  1.180144736215731
epoch: 4
epoch_4_loss:  1.1815914611578053
epoch: 5
epoch_5_loss:  1.1797965807997752
epoch: 6
epoch_6_loss:  1.179729350053089
epoch: 7
epoch_7_loss:  1.1809538550141836
epoch: 8
epoch_8_loss:  1.1826024613312145
epoch: 9
epoch_9_loss:  1.1810219176032757
epoch: 10
epoch_10_loss:  1.1828864331789328
epoch: 11
epoch_11_loss:  1.1824659805779312
epoch: 12
epoch_12_loss:  1.1818751740550768
epoch: 13
epoch_13_loss:  1.1815428579911
epoch: 14
epoch_14_loss:  1.1816048731587179
[1.1808753194883612, 1.1813814011148147, 1.182777010491449, 1.180144736215731, 1.1815914611578053, 1.1797965807997752, 1.179729350053089, 1.1809538550141836, 1.1826024613312145, 1.1810219176032757, 1.1828864331789328, 1.1824659805779312, 1.1818751740550768, 1.1815428579911, 1.1816048731587179]
