[I 2022-11-13 16:13:37,361] Trial 90 finished with value: 1.0574927754306112 and parameters: {'optimizer': 'Adam', 'lr': 0.00011099466824763139, 'hidden_dim': 5, 'latent_dim': 3}. Best is trial 58 with value: 1.0133226465254404.
build_Encoder(
  (FC_input): Linear(in_features=5, out_features=5, bias=True)
  (FC_input2): Linear(in_features=5, out_features=5, bias=True)
  (FC_mean): Linear(in_features=5, out_features=5, bias=True)
  (FC_var): Linear(in_features=5, out_features=5, bias=True)
  (LeakyReLU): LeakyReLU(negative_slope=0.01)
)
build_Decoder(
  (FC_hidden): Linear(in_features=5, out_features=5, bias=True)
  (FC_hidden2): Linear(in_features=5, out_features=5, bias=True)
  (FC_output): Linear(in_features=5, out_features=5, bias=True)
  (LeakyReLU): LeakyReLU(negative_slope=0.2)
)
epoch: 0
epoch_0_loss:  1.09270137056314
epoch: 1
epoch_1_loss:  1.095420203791335
epoch: 2
epoch_2_loss:  1.095109251402402
epoch: 3
epoch_3_loss:  1.0941512518661742
epoch: 4
epoch_4_loss:  1.0958715851933236
epoch: 5
epoch_5_loss:  1.0954553921728098
epoch: 6
epoch_6_loss:  1.0942500188090774
epoch: 7
epoch_7_loss:  1.0949495987934317
epoch: 8
epoch_8_loss:  1.0961800744030463
epoch: 9
epoch_9_loss:  1.0945191442600295
epoch: 10
epoch_10_loss:  1.0956722040413178
epoch: 11
epoch_11_loss:  1.0935984735902127
epoch: 12
epoch_12_loss:  1.0950737923260614
epoch: 13
epoch_13_loss:  1.0953574179870176
epoch: 14
epoch_14_loss:  1.0949944650539953
[1.09270137056314, 1.095420203791335, 1.095109251402402, 1.0941512518661742, 1.0958715851933236, 1.0954553921728098, 1.0942500188090774, 1.0949495987934317, 1.0961800744030463, 1.0945191442600295, 1.0956722040413178, 1.0935984735902127, 1.0950737923260614, 1.0953574179870176, 1.0949944650539953]
[I 2022-11-13 16:14:57,291] Trial 91 finished with value: 1.0949944650539953 and parameters: {'optimizer': 'Adam', 'lr': 0.0001038469143963709, 'hidden_dim': 5, 'latent_dim': 5}. Best is trial 58 with value: 1.0133226465254404.
build_Encoder(
  (FC_input): Linear(in_features=5, out_features=5, bias=True)
  (FC_input2): Linear(in_features=5, out_features=5, bias=True)
  (FC_mean): Linear(in_features=5, out_features=5, bias=True)
  (FC_var): Linear(in_features=5, out_features=5, bias=True)
  (LeakyReLU): LeakyReLU(negative_slope=0.01)
)
build_Decoder(
  (FC_hidden): Linear(in_features=5, out_features=5, bias=True)
  (FC_hidden2): Linear(in_features=5, out_features=5, bias=True)
  (FC_output): Linear(in_features=5, out_features=5, bias=True)
  (LeakyReLU): LeakyReLU(negative_slope=0.2)
)
epoch: 0
epoch_0_loss:  1.06656401824348
epoch: 1
epoch_1_loss:  1.0654703413927316
epoch: 2
epoch_2_loss:  1.0662865579722631
epoch: 3
epoch_3_loss:  1.06621964827315
epoch: 4
epoch_4_loss:  1.0670153292660656
epoch: 5
epoch_5_loss:  1.065191774277496
epoch: 6
epoch_6_loss:  1.0672353022036543
epoch: 7
epoch_7_loss:  1.0648204597217577
epoch: 8
epoch_8_loss:  1.065285272323048
epoch: 9
epoch_9_loss:  1.066343039143163
epoch: 10
epoch_10_loss:  1.0664861971547384
epoch: 11
epoch_11_loss:  1.065330060001085
epoch: 12
epoch_12_loss:  1.0657986578525305
epoch: 13
epoch_13_loss:  1.066502768063599
epoch: 14
epoch_14_loss:  1.0648807079515084
[1.06656401824348, 1.0654703413927316, 1.0662865579722631, 1.06621964827315, 1.0670153292660656, 1.065191774277496, 1.0672353022036543, 1.0648204597217577, 1.065285272323048, 1.066343039143163, 1.0664861971547384, 1.065330060001085, 1.0657986578525305, 1.066502768063599, 1.0648807079515084]
[I 2022-11-13 16:16:17,380] Trial 92 finished with value: 1.0648807079515084 and parameters: {'optimizer': 'Adam', 'lr': 7.708785616734594e-05, 'hidden_dim': 5, 'latent_dim': 5}. Best is trial 58 with value: 1.0133226465254404.
build_Encoder(
  (FC_input): Linear(in_features=5, out_features=5, bias=True)
  (FC_input2): Linear(in_features=5, out_features=5, bias=True)
  (FC_mean): Linear(in_features=5, out_features=5, bias=True)
  (FC_var): Linear(in_features=5, out_features=5, bias=True)
  (LeakyReLU): LeakyReLU(negative_slope=0.01)
)
build_Decoder(
  (FC_hidden): Linear(in_features=5, out_features=5, bias=True)
  (FC_hidden2): Linear(in_features=5, out_features=5, bias=True)
  (FC_output): Linear(in_features=5, out_features=5, bias=True)
  (LeakyReLU): LeakyReLU(negative_slope=0.2)
)
epoch: 0
epoch_0_loss:  1.0931494562456072
epoch: 1
epoch_1_loss:  1.0931785332411423
epoch: 2
epoch_2_loss:  1.0923543285739665
epoch: 3
epoch_3_loss:  1.0924264533088983
epoch: 4
epoch_4_loss:  1.0934922664987774
epoch: 5
epoch_5_loss:  1.0925519866748885
epoch: 6
epoch_6_loss:  1.093390453571375
epoch: 7
epoch_7_loss:  1.0915516949285087
epoch: 8
epoch_8_loss:  1.0924642231112993
epoch: 9
epoch_9_loss:  1.0920110035889024
epoch: 10
epoch_10_loss:  1.09220537933769
epoch: 11
epoch_11_loss:  1.092103487527448
epoch: 12
epoch_12_loss:  1.0918019101322554
epoch: 13
epoch_13_loss:  1.092982695677123
epoch: 14
epoch_14_loss:  1.0908924065649226
[1.0931494562456072, 1.0931785332411423, 1.0923543285739665, 1.0924264533088983, 1.0934922664987774, 1.0925519866748885, 1.093390453571375, 1.0915516949285087, 1.0924642231112993, 1.0920110035889024, 1.09220537933769, 1.092103487527448, 1.0918019101322554, 1.092982695677123, 1.0908924065649226]
[I 2022-11-13 16:17:37,416] Trial 93 finished with value: 1.0908924065649226 and parameters: {'optimizer': 'Adam', 'lr': 6.526147295771887e-05, 'hidden_dim': 5, 'latent_dim': 5}. Best is trial 58 with value: 1.0133226465254404.
build_Encoder(
  (FC_input): Linear(in_features=5, out_features=5, bias=True)
  (FC_input2): Linear(in_features=5, out_features=5, bias=True)
  (FC_mean): Linear(in_features=5, out_features=5, bias=True)
  (FC_var): Linear(in_features=5, out_features=5, bias=True)
  (LeakyReLU): LeakyReLU(negative_slope=0.01)
)
build_Decoder(
  (FC_hidden): Linear(in_features=5, out_features=5, bias=True)
  (FC_hidden2): Linear(in_features=5, out_features=5, bias=True)
  (FC_output): Linear(in_features=5, out_features=5, bias=True)
  (LeakyReLU): LeakyReLU(negative_slope=0.2)
)
epoch: 0
epoch_0_loss:  1.0557581902613744
epoch: 1
epoch_1_loss:  1.0560910963759533
epoch: 2
epoch_2_loss:  1.0559835906137376
epoch: 3
epoch_3_loss:  1.0570597302812006
epoch: 4
epoch_4_loss:  1.0565302055199335
epoch: 5
epoch_5_loss:  1.056595802608371
epoch: 6
epoch_6_loss:  1.0575765448029277
epoch: 7
epoch_7_loss:  1.0586638984040107
epoch: 8
epoch_8_loss:  1.057685331356669
epoch: 9
epoch_9_loss:  1.0565541215677536
epoch: 10
epoch_10_loss:  1.0575215726760205
epoch: 11
epoch_11_loss:  1.0551287721031695
epoch: 12
epoch_12_loss:  1.057680178531066
epoch: 13
epoch_13_loss:  1.0571706717178222
epoch: 14
epoch_14_loss:  1.0553873081731857
[1.0557581902613744, 1.0560910963759533, 1.0559835906137376, 1.0570597302812006, 1.0565302055199335, 1.056595802608371, 1.0575765448029277, 1.0586638984040107, 1.057685331356669, 1.0565541215677536, 1.0575215726760205, 1.0551287721031695, 1.057680178531066, 1.0571706717178222, 1.0553873081731857]
[I 2022-11-13 16:18:57,362] Trial 94 finished with value: 1.0553873081731857 and parameters: {'optimizer': 'Adam', 'lr': 0.0001500700429815763, 'hidden_dim': 5, 'latent_dim': 5}. Best is trial 58 with value: 1.0133226465254404.
build_Encoder(
  (FC_input): Linear(in_features=5, out_features=5, bias=True)
  (FC_input2): Linear(in_features=5, out_features=5, bias=True)
  (FC_mean): Linear(in_features=5, out_features=5, bias=True)
  (FC_var): Linear(in_features=5, out_features=5, bias=True)
  (LeakyReLU): LeakyReLU(negative_slope=0.01)
)
build_Decoder(
  (FC_hidden): Linear(in_features=5, out_features=5, bias=True)
  (FC_hidden2): Linear(in_features=5, out_features=5, bias=True)
  (FC_output): Linear(in_features=5, out_features=5, bias=True)
  (LeakyReLU): LeakyReLU(negative_slope=0.2)
)
epoch: 0
epoch_0_loss:  1.031723661443677
epoch: 1
epoch_1_loss:  1.0330274483469088
epoch: 2
epoch_2_loss:  1.03144602655026
epoch: 3
epoch_3_loss:  1.0317395492184316
epoch: 4
epoch_4_loss:  1.0305809899882938
epoch: 5
epoch_5_loss:  1.0315786649221859
epoch: 6
epoch_6_loss:  1.0312959279255272
epoch: 7
epoch_7_loss:  1.0314267504792343
epoch: 8
epoch_8_loss:  1.0322178024177924
epoch: 9
epoch_9_loss:  1.0321542390610985
epoch: 10
epoch_10_loss:  1.0324281293568125
epoch: 11
epoch_11_loss:  1.0317524837265304
epoch: 12
epoch_12_loss:  1.031521145186826
epoch: 13
epoch_13_loss:  1.0299854041028949
epoch: 14
epoch_14_loss:  1.0321332465872133
[1.031723661443677, 1.0330274483469088, 1.03144602655026, 1.0317395492184316, 1.0305809899882938, 1.0315786649221859, 1.0312959279255272, 1.0314267504792343, 1.0322178024177924, 1.0321542390610985, 1.0324281293568125, 1.0317524837265304, 1.031521145186826, 1.0299854041028949, 1.0321332465872133]
[I 2022-11-13 16:20:17,239] Trial 95 finished with value: 1.0321332465872133 and parameters: {'optimizer': 'Adam', 'lr': 9.851087772258455e-05, 'hidden_dim': 5, 'latent_dim': 5}. Best is trial 58 with value: 1.0133226465254404.
build_Encoder(
  (FC_input): Linear(in_features=5, out_features=5, bias=True)
  (FC_input2): Linear(in_features=5, out_features=5, bias=True)
  (FC_mean): Linear(in_features=5, out_features=5, bias=True)
  (FC_var): Linear(in_features=5, out_features=5, bias=True)
  (LeakyReLU): LeakyReLU(negative_slope=0.01)
)
build_Decoder(
  (FC_hidden): Linear(in_features=5, out_features=5, bias=True)
  (FC_hidden2): Linear(in_features=5, out_features=5, bias=True)
  (FC_output): Linear(in_features=5, out_features=5, bias=True)
  (LeakyReLU): LeakyReLU(negative_slope=0.2)
)
epoch: 0
epoch_0_loss:  1.0575252527348098
epoch: 1
epoch_1_loss:  1.0565106815124388
epoch: 2
epoch_2_loss:  1.058758261584012
epoch: 3
epoch_3_loss:  1.0589801771280694
epoch: 4
epoch_4_loss:  1.0566443407859052
epoch: 5
epoch_5_loss:  1.0575364858508778
epoch: 6
epoch_6_loss:  1.0585622321573056
epoch: 7
epoch_7_loss:  1.0566104261699603
epoch: 8
epoch_8_loss:  1.0593379263147227
epoch: 9
epoch_9_loss:  1.0574813649733557
epoch: 10
epoch_10_loss:  1.0579061179901195
epoch: 11
epoch_11_loss:  1.0580930362667578
epoch: 12
epoch_12_loss:  1.0591002971209582
epoch: 13
epoch_13_loss:  1.0575497748600948
epoch: 14
epoch_14_loss:  1.0579401067859988
[1.0575252527348098, 1.0565106815124388, 1.058758261584012, 1.0589801771280694, 1.0566443407859052, 1.0575364858508778, 1.0585622321573056, 1.0566104261699603, 1.0593379263147227, 1.0574813649733557, 1.0579061179901195, 1.0580930362667578, 1.0591002971209582, 1.0575497748600948, 1.0579401067859988]
[I 2022-11-13 16:21:37,288] Trial 96 finished with value: 1.0579401067859988 and parameters: {'optimizer': 'Adam', 'lr': 2.9827667038145514e-05, 'hidden_dim': 5, 'latent_dim': 5}. Best is trial 58 with value: 1.0133226465254404.
build_Encoder(
  (FC_input): Linear(in_features=5, out_features=4, bias=True)
  (FC_input2): Linear(in_features=4, out_features=4, bias=True)
  (FC_mean): Linear(in_features=4, out_features=4, bias=True)
  (FC_var): Linear(in_features=4, out_features=4, bias=True)
  (LeakyReLU): LeakyReLU(negative_slope=0.01)
)
build_Decoder(
  (FC_hidden): Linear(in_features=4, out_features=4, bias=True)
  (FC_hidden2): Linear(in_features=4, out_features=4, bias=True)
  (FC_output): Linear(in_features=4, out_features=5, bias=True)
  (LeakyReLU): LeakyReLU(negative_slope=0.2)
)
epoch: 0
epoch_0_loss:  1.0910196264567298
epoch: 1
epoch_1_loss:  1.0910806372212478
epoch: 2
epoch_2_loss:  1.091173441633603
epoch: 3
epoch_3_loss:  1.0918920183240286
epoch: 4
epoch_4_loss:  1.091874315449303
epoch: 5
epoch_5_loss:  1.0914987088299744
epoch: 6
epoch_6_loss:  1.0912106470834726
epoch: 7
epoch_7_loss:  1.0921235518309373
epoch: 8
epoch_8_loss:  1.0914662665549537
epoch: 9
epoch_9_loss:  1.0912015334343383
epoch: 10
epoch_10_loss:  1.0918568494505148
epoch: 11
epoch_11_loss:  1.09163956213127
epoch: 12
epoch_12_loss:  1.090452897326942
epoch: 13
epoch_13_loss:  1.0923586686980788
epoch: 14
epoch_14_loss:  1.0912158158889447
[1.0910196264567298, 1.0910806372212478, 1.091173441633603, 1.0918920183240286, 1.091874315449303, 1.0914987088299744, 1.0912106470834726, 1.0921235518309373, 1.0914662665549537, 1.0912015334343383, 1.0918568494505148, 1.09163956213127, 1.090452897326942, 1.0923586686980788, 1.0912158158889447]
[I 2022-11-13 16:22:57,402] Trial 97 finished with value: 1.0912158158889447 and parameters: {'optimizer': 'Adam', 'lr': 0.0001293283563524129, 'hidden_dim': 4, 'latent_dim': 4}. Best is trial 58 with value: 1.0133226465254404.
build_Encoder(
  (FC_input): Linear(in_features=5, out_features=5, bias=True)
  (FC_input2): Linear(in_features=5, out_features=5, bias=True)
  (FC_mean): Linear(in_features=5, out_features=4, bias=True)
  (FC_var): Linear(in_features=5, out_features=4, bias=True)
  (LeakyReLU): LeakyReLU(negative_slope=0.01)
)
build_Decoder(
  (FC_hidden): Linear(in_features=4, out_features=5, bias=True)
  (FC_hidden2): Linear(in_features=5, out_features=5, bias=True)
  (FC_output): Linear(in_features=5, out_features=5, bias=True)
  (LeakyReLU): LeakyReLU(negative_slope=0.2)
)
epoch: 0
epoch_0_loss:  1.0341537174703155
epoch: 1
epoch_1_loss:  1.0353053004013542
epoch: 2
epoch_2_loss:  1.034397791545002
epoch: 3
epoch_3_loss:  1.0340396123672244
epoch: 4
epoch_4_loss:  1.0336537188786448
epoch: 5
epoch_5_loss:  1.0333187555215129
epoch: 6
epoch_6_loss:  1.033132217012714
epoch: 7
epoch_7_loss:  1.034049954620307
epoch: 8
epoch_8_loss:  1.033908190179222
epoch: 9
epoch_9_loss:  1.03387922775312
epoch: 10
epoch_10_loss:  1.0337873257984032
epoch: 11
epoch_11_loss:  1.032913295180101
epoch: 12
epoch_12_loss:  1.033896160134652
epoch: 13
epoch_13_loss:  1.0340435549463463
epoch: 14
epoch_14_loss:  1.032052518550966
[1.0341537174703155, 1.0353053004013542, 1.034397791545002, 1.0340396123672244, 1.0336537188786448, 1.0333187555215129, 1.033132217012714, 1.034049954620307, 1.033908190179222, 1.03387922775312, 1.0337873257984032, 1.032913295180101, 1.033896160134652, 1.0340435549463463, 1.032052518550966]
[I 2022-11-13 16:24:17,691] Trial 98 finished with value: 1.032052518550966 and parameters: {'optimizer': 'Adam', 'lr': 7.033011266745192e-05, 'hidden_dim': 5, 'latent_dim': 4}. Best is trial 58 with value: 1.0133226465254404.
build_Encoder(
  (FC_input): Linear(in_features=5, out_features=5, bias=True)
  (FC_input2): Linear(in_features=5, out_features=5, bias=True)
  (FC_mean): Linear(in_features=5, out_features=4, bias=True)
  (FC_var): Linear(in_features=5, out_features=4, bias=True)
  (LeakyReLU): LeakyReLU(negative_slope=0.01)
)
build_Decoder(
  (FC_hidden): Linear(in_features=4, out_features=5, bias=True)
  (FC_hidden2): Linear(in_features=5, out_features=5, bias=True)
  (FC_output): Linear(in_features=5, out_features=5, bias=True)
  (LeakyReLU): LeakyReLU(negative_slope=0.2)
)
epoch: 0
epoch_0_loss:  1.067600847413209
epoch: 1
epoch_1_loss:  1.0679435417134584
epoch: 2
epoch_2_loss:  1.0678055663272978
epoch: 3
epoch_3_loss:  1.0679608704837822
epoch: 4
epoch_4_loss:  1.0673616873231453
epoch: 5
epoch_5_loss:  1.0674332474639785
epoch: 6
epoch_6_loss:  1.067015845127035
epoch: 7
epoch_7_loss:  1.0679979768043915
epoch: 8
epoch_8_loss:  1.0671832030724464
epoch: 9
epoch_9_loss:  1.0673920051151042
epoch: 10
epoch_10_loss:  1.0676552313387115
epoch: 11
epoch_11_loss:  1.06775548322506
epoch: 12
epoch_12_loss:  1.0676567375187762
epoch: 13
epoch_13_loss:  1.0684337118389913
epoch: 14
epoch_14_loss:  1.0673133048195798
[1.067600847413209, 1.0679435417134584, 1.0678055663272978, 1.0679608704837822, 1.0673616873231453, 1.0674332474639785, 1.067015845127035, 1.0679979768043915, 1.0671832030724464, 1.0673920051151042, 1.0676552313387115, 1.06775548322506, 1.0676567375187762, 1.0684337118389913, 1.0673133048195798]
[I 2022-11-13 16:25:37,775] Trial 99 finished with value: 1.0673133048195798 and parameters: {'optimizer': 'Adam', 'lr': 4.7533362454814596e-05, 'hidden_dim': 5, 'latent_dim': 4}. Best is trial 58 with value: 1.0133226465254404.
build_Encoder(
  (FC_input): Linear(in_features=5, out_features=4, bias=True)
  (FC_input2): Linear(in_features=4, out_features=4, bias=True)
  (FC_mean): Linear(in_features=4, out_features=4, bias=True)
  (FC_var): Linear(in_features=4, out_features=4, bias=True)
  (LeakyReLU): LeakyReLU(negative_slope=0.01)
)
build_Decoder(
  (FC_hidden): Linear(in_features=4, out_features=4, bias=True)
  (FC_hidden2): Linear(in_features=4, out_features=4, bias=True)
  (FC_output): Linear(in_features=4, out_features=5, bias=True)
  (LeakyReLU): LeakyReLU(negative_slope=0.2)
)
epoch: 0
epoch_0_loss:  1.0500939935080664
epoch: 1
epoch_1_loss:  1.0489492213290401
epoch: 2
epoch_2_loss:  1.04934796159375
epoch: 3
epoch_3_loss:  1.046643137251001
epoch: 4
epoch_4_loss:  1.0482582750831146
epoch: 5
epoch_5_loss:  1.0490331371585797
epoch: 6
epoch_6_loss:  1.0482015869507446
epoch: 7
epoch_7_loss:  1.0477258620724486
epoch: 8
epoch_8_loss:  1.0479712177877654
epoch: 9
epoch_9_loss:  1.0485220928514403
epoch: 10
epoch_10_loss:  1.0497955642449228
epoch: 11
epoch_11_loss:  1.0468563171023009
epoch: 12
epoch_12_loss:  1.0487579302662773
epoch: 13
epoch_13_loss:  1.0470120105939364
epoch: 14
epoch_14_loss:  1.0484989171524828
[1.0500939935080664, 1.0489492213290401, 1.04934796159375, 1.046643137251001, 1.0482582750831146, 1.0490331371585797, 1.0482015869507446, 1.0477258620724486, 1.0479712177877654, 1.0485220928514403, 1.0497955642449228, 1.0468563171023009, 1.0487579302662773, 1.0470120105939364, 1.0484989171524828]
[I 2022-11-13 16:26:57,856] Trial 100 finished with value: 1.0484989171524828 and parameters: {'optimizer': 'Adam', 'lr': 9.270738562716443e-05, 'hidden_dim': 4, 'latent_dim': 4}. Best is trial 58 with value: 1.0133226465254404.
build_Encoder(
  (FC_input): Linear(in_features=5, out_features=5, bias=True)
  (FC_input2): Linear(in_features=5, out_features=5, bias=True)
  (FC_mean): Linear(in_features=5, out_features=4, bias=True)
  (FC_var): Linear(in_features=5, out_features=4, bias=True)
  (LeakyReLU): LeakyReLU(negative_slope=0.01)
)
build_Decoder(
  (FC_hidden): Linear(in_features=4, out_features=5, bias=True)
  (FC_hidden2): Linear(in_features=5, out_features=5, bias=True)
  (FC_output): Linear(in_features=5, out_features=5, bias=True)
  (LeakyReLU): LeakyReLU(negative_slope=0.2)
)
epoch: 0
epoch_0_loss:  1.145582949138267
epoch: 1
epoch_1_loss:  1.1492523789933686
epoch: 2
epoch_2_loss:  1.1499334800982177
epoch: 3
epoch_3_loss:  1.145628960468021
epoch: 4
epoch_4_loss:  1.1490564406293937
epoch: 5
epoch_5_loss:  1.1446620588707501
epoch: 6
epoch_6_loss:  1.1464809266443763
epoch: 7
epoch_7_loss:  1.1460231881444214
epoch: 8
epoch_8_loss:  1.1478482802799876
epoch: 9
epoch_9_loss:  1.1505835786211396
epoch: 10
epoch_10_loss:  1.149266667880549
epoch: 11
epoch_11_loss:  1.1470501696131759
epoch: 12
epoch_12_loss:  1.1474711178022547
epoch: 13
epoch_13_loss:  1.1481421805922911
epoch: 14
epoch_14_loss:  1.148070515990565
[1.145582949138267, 1.1492523789933686, 1.1499334800982177, 1.145628960468021, 1.1490564406293937, 1.1446620588707501, 1.1464809266443763, 1.1460231881444214, 1.1478482802799876, 1.1505835786211396, 1.149266667880549, 1.1470501696131759, 1.1474711178022547, 1.1481421805922911, 1.148070515990565]
[I 2022-11-13 16:28:17,895] Trial 101 finished with value: 1.148070515990565 and parameters: {'optimizer': 'Adam', 'lr': 7.042266800424535e-05, 'hidden_dim': 5, 'latent_dim': 4}. Best is trial 58 with value: 1.0133226465254404.
build_Encoder(
  (FC_input): Linear(in_features=5, out_features=5, bias=True)
  (FC_input2): Linear(in_features=5, out_features=5, bias=True)
  (FC_mean): Linear(in_features=5, out_features=4, bias=True)
  (FC_var): Linear(in_features=5, out_features=4, bias=True)
  (LeakyReLU): LeakyReLU(negative_slope=0.01)
)
build_Decoder(
  (FC_hidden): Linear(in_features=4, out_features=5, bias=True)
  (FC_hidden2): Linear(in_features=5, out_features=5, bias=True)
  (FC_output): Linear(in_features=5, out_features=5, bias=True)
  (LeakyReLU): LeakyReLU(negative_slope=0.2)
)
epoch: 0
epoch_0_loss:  1.1276330669054924
epoch: 1
epoch_1_loss:  1.1254401133750487
epoch: 2
epoch_2_loss:  1.1262252030448712
epoch: 3
epoch_3_loss:  1.1286206937652448
epoch: 4
epoch_4_loss:  1.1274411660226313
epoch: 5
epoch_5_loss:  1.1260358384861635
epoch: 6
epoch_6_loss:  1.1286731969933015
epoch: 7
epoch_7_loss:  1.1272546985331773
epoch: 8
epoch_8_loss:  1.1266768226908972
epoch: 9
epoch_9_loss:  1.1269260464228055
epoch: 10
epoch_10_loss:  1.1261504269647094
epoch: 11
epoch_11_loss:  1.1282455764969879
epoch: 12
epoch_12_loss:  1.1277766687819906
epoch: 13
epoch_13_loss:  1.1283553073115415
epoch: 14
epoch_14_loss:  1.125709009320154
[1.1276330669054924, 1.1254401133750487, 1.1262252030448712, 1.1286206937652448, 1.1274411660226313, 1.1260358384861635, 1.1286731969933015, 1.1272546985331773, 1.1266768226908972, 1.1269260464228055, 1.1261504269647094, 1.1282455764969879, 1.1277766687819906, 1.1283553073115415, 1.125709009320154]
