[I 2022-11-13 10:42:23,850] Trial 181 finished with value: 1.0037286345722027 and parameters: {'optimizer': 'Adam', 'lr': 0.0007405636865716144, 'n_layers': 1, 'n_units_l0': 5}. Best is trial 128 with value: 0.8277037370898573.
Sequential(
  (0): Linear(in_features=5, out_features=5, bias=True)
  (1): ReLU()
)
Sequential(
  (0): Linear(in_features=5, out_features=5, bias=True)
)
epoch: 0
epoch_0_loss:  1.1003408389652654
epoch: 1
epoch_1_loss:  1.1003408389652654
epoch: 2
epoch_2_loss:  1.1003408389652654
epoch: 3
epoch_3_loss:  1.1003408389652654
epoch: 4
epoch_4_loss:  1.1003408389652654
epoch: 5
epoch_5_loss:  1.1003408389652654
epoch: 6
epoch_6_loss:  1.1003408389652654
epoch: 7
epoch_7_loss:  1.1003408389652654
epoch: 8
epoch_8_loss:  1.1003408389652654
epoch: 9
epoch_9_loss:  1.1003408389652654
epoch: 10
epoch_10_loss:  1.1003408389652654
epoch: 11
epoch_11_loss:  1.1003408389652654
epoch: 12
epoch_12_loss:  1.1003408389652654
epoch: 13
epoch_13_loss:  1.1003408389652654
epoch: 14
epoch_14_loss:  1.1003408389652654
[1.1003408389652654, 1.1003408389652654, 1.1003408389652654, 1.1003408389652654, 1.1003408389652654, 1.1003408389652654, 1.1003408389652654, 1.1003408389652654, 1.1003408389652654, 1.1003408389652654, 1.1003408389652654, 1.1003408389652654, 1.1003408389652654, 1.1003408389652654, 1.1003408389652654]
[I 2022-11-13 10:43:07,927] Trial 182 finished with value: 1.1003408389652654 and parameters: {'optimizer': 'Adam', 'lr': 0.0007156287542694111, 'n_layers': 1, 'n_units_l0': 5}. Best is trial 128 with value: 0.8277037370898573.
Sequential(
  (0): Linear(in_features=5, out_features=5, bias=True)
  (1): ReLU()
)
Sequential(
  (0): Linear(in_features=5, out_features=5, bias=True)
)
epoch: 0
epoch_0_loss:  1.1551004664308553
epoch: 1
epoch_1_loss:  1.1551004664308553
epoch: 2
epoch_2_loss:  1.1551004664308553
epoch: 3
epoch_3_loss:  1.1551004664308553
epoch: 4
epoch_4_loss:  1.1551004664308553
epoch: 5
epoch_5_loss:  1.1551004664308553
epoch: 6
epoch_6_loss:  1.1551004664308553
epoch: 7
epoch_7_loss:  1.1551004664308553
epoch: 8
epoch_8_loss:  1.1551004664308553
epoch: 9
epoch_9_loss:  1.1551004664308553
epoch: 10
epoch_10_loss:  1.1551004664308553
epoch: 11
epoch_11_loss:  1.1551004664308553
epoch: 12
epoch_12_loss:  1.1551004664308553
epoch: 13
epoch_13_loss:  1.1551004664308553
epoch: 14
epoch_14_loss:  1.1551004664308553
[1.1551004664308553, 1.1551004664308553, 1.1551004664308553, 1.1551004664308553, 1.1551004664308553, 1.1551004664308553, 1.1551004664308553, 1.1551004664308553, 1.1551004664308553, 1.1551004664308553, 1.1551004664308553, 1.1551004664308553, 1.1551004664308553, 1.1551004664308553, 1.1551004664308553]
[I 2022-11-13 10:43:51,992] Trial 183 finished with value: 1.1551004664308553 and parameters: {'optimizer': 'Adam', 'lr': 0.0008423444859368472, 'n_layers': 1, 'n_units_l0': 5}. Best is trial 128 with value: 0.8277037370898573.
Sequential(
  (0): Linear(in_features=5, out_features=5, bias=True)
  (1): ReLU()
)
Sequential(
  (0): Linear(in_features=5, out_features=5, bias=True)
)
epoch: 0
epoch_0_loss:  1.2007524321398595
epoch: 1
epoch_1_loss:  1.2007524321398595
epoch: 2
epoch_2_loss:  1.2007524321398595
epoch: 3
epoch_3_loss:  1.2007524321398595
epoch: 4
epoch_4_loss:  1.2007524321398595
epoch: 5
epoch_5_loss:  1.2007524321398595
epoch: 6
epoch_6_loss:  1.2007524321398595
epoch: 7
epoch_7_loss:  1.2007524321398595
epoch: 8
epoch_8_loss:  1.2007524321398595
epoch: 9
epoch_9_loss:  1.2007524321398595
epoch: 10
epoch_10_loss:  1.2007524321398595
epoch: 11
epoch_11_loss:  1.2007524321398595
epoch: 12
epoch_12_loss:  1.2007524321398595
epoch: 13
epoch_13_loss:  1.2007524321398595
epoch: 14
epoch_14_loss:  1.2007524321398595
[1.2007524321398595, 1.2007524321398595, 1.2007524321398595, 1.2007524321398595, 1.2007524321398595, 1.2007524321398595, 1.2007524321398595, 1.2007524321398595, 1.2007524321398595, 1.2007524321398595, 1.2007524321398595, 1.2007524321398595, 1.2007524321398595, 1.2007524321398595, 1.2007524321398595]
[I 2022-11-13 10:44:35,819] Trial 184 finished with value: 1.2007524321398595 and parameters: {'optimizer': 'Adam', 'lr': 0.0007390772662977415, 'n_layers': 1, 'n_units_l0': 5}. Best is trial 128 with value: 0.8277037370898573.
Sequential(
  (0): Linear(in_features=5, out_features=5, bias=True)
  (1): ReLU()
)
Sequential(
  (0): Linear(in_features=5, out_features=5, bias=True)
)
epoch: 0
epoch_0_loss:  1.2643698052858119
epoch: 1
epoch_1_loss:  1.2643698052858119
epoch: 2
epoch_2_loss:  1.2643698052858119
epoch: 3
epoch_3_loss:  1.2643698052858119
epoch: 4
epoch_4_loss:  1.2643698052858119
epoch: 5
epoch_5_loss:  1.2643698052858119
epoch: 6
epoch_6_loss:  1.2643698052858119
epoch: 7
epoch_7_loss:  1.2643698052858119
epoch: 8
epoch_8_loss:  1.2643698052858119
epoch: 9
epoch_9_loss:  1.2643698052858119
epoch: 10
epoch_10_loss:  1.2643698052858119
epoch: 11
epoch_11_loss:  1.2643698052858119
epoch: 12
epoch_12_loss:  1.2643698052858119
epoch: 13
epoch_13_loss:  1.2643698052858119
epoch: 14
epoch_14_loss:  1.2643698052858119
[1.2643698052858119, 1.2643698052858119, 1.2643698052858119, 1.2643698052858119, 1.2643698052858119, 1.2643698052858119, 1.2643698052858119, 1.2643698052858119, 1.2643698052858119, 1.2643698052858119, 1.2643698052858119, 1.2643698052858119, 1.2643698052858119, 1.2643698052858119, 1.2643698052858119]
[I 2022-11-13 10:45:19,815] Trial 185 finished with value: 1.2643698052858119 and parameters: {'optimizer': 'Adam', 'lr': 0.0008124690920581495, 'n_layers': 1, 'n_units_l0': 5}. Best is trial 128 with value: 0.8277037370898573.
Sequential(
  (0): Linear(in_features=5, out_features=5, bias=True)
  (1): ReLU()
)
Sequential(
  (0): Linear(in_features=5, out_features=5, bias=True)
)
epoch: 0
epoch_0_loss:  1.1346521434332817
epoch: 1
epoch_1_loss:  1.1346521434332817
epoch: 2
epoch_2_loss:  1.1346521434332817
epoch: 3
epoch_3_loss:  1.1346521434332817
epoch: 4
epoch_4_loss:  1.1346521434332817
epoch: 5
epoch_5_loss:  1.1346521434332817
epoch: 6
epoch_6_loss:  1.1346521434332817
epoch: 7
epoch_7_loss:  1.1346521434332817
epoch: 8
epoch_8_loss:  1.1346521434332817
epoch: 9
epoch_9_loss:  1.1346521434332817
epoch: 10
epoch_10_loss:  1.1346521434332817
epoch: 11
epoch_11_loss:  1.1346521434332817
epoch: 12
epoch_12_loss:  1.1346521434332817
epoch: 13
epoch_13_loss:  1.1346521434332817
epoch: 14
epoch_14_loss:  1.1346521434332817
[1.1346521434332817, 1.1346521434332817, 1.1346521434332817, 1.1346521434332817, 1.1346521434332817, 1.1346521434332817, 1.1346521434332817, 1.1346521434332817, 1.1346521434332817, 1.1346521434332817, 1.1346521434332817, 1.1346521434332817, 1.1346521434332817, 1.1346521434332817, 1.1346521434332817]
[I 2022-11-13 10:46:03,820] Trial 186 finished with value: 1.1346521434332817 and parameters: {'optimizer': 'Adam', 'lr': 0.0009935910108576117, 'n_layers': 1, 'n_units_l0': 5}. Best is trial 128 with value: 0.8277037370898573.
Sequential(
  (0): Linear(in_features=5, out_features=5, bias=True)
  (1): ReLU()
)
Sequential(
  (0): Linear(in_features=5, out_features=5, bias=True)
)
epoch: 0
epoch_0_loss:  0.9817471585559362
epoch: 1
epoch_1_loss:  0.9817471585559362
epoch: 2
epoch_2_loss:  0.9817471585559362
epoch: 3
epoch_3_loss:  0.9817471585559362
epoch: 4
epoch_4_loss:  0.9817471585559362
epoch: 5
epoch_5_loss:  0.9817471585559362
epoch: 6
epoch_6_loss:  0.9817471585559362
epoch: 7
epoch_7_loss:  0.9817471585559362
epoch: 8
epoch_8_loss:  0.9817471585559362
epoch: 9
epoch_9_loss:  0.9817471585559362
epoch: 10
epoch_10_loss:  0.9817471585559362
epoch: 11
epoch_11_loss:  0.9817471585559362
epoch: 12
epoch_12_loss:  0.9817471585559362
epoch: 13
epoch_13_loss:  0.9817471585559362
epoch: 14
epoch_14_loss:  0.9817471585559362
[0.9817471585559362, 0.9817471585559362, 0.9817471585559362, 0.9817471585559362, 0.9817471585559362, 0.9817471585559362, 0.9817471585559362, 0.9817471585559362, 0.9817471585559362, 0.9817471585559362, 0.9817471585559362, 0.9817471585559362, 0.9817471585559362, 0.9817471585559362, 0.9817471585559362]
[I 2022-11-13 10:46:47,845] Trial 187 finished with value: 0.9817471585559362 and parameters: {'optimizer': 'Adam', 'lr': 0.0006773107433077436, 'n_layers': 1, 'n_units_l0': 5}. Best is trial 128 with value: 0.8277037370898573.
Sequential(
  (0): Linear(in_features=5, out_features=5, bias=True)
  (1): ReLU()
)
Sequential(
  (0): Linear(in_features=5, out_features=5, bias=True)
)
epoch: 0
epoch_0_loss:  1.2277483188086096
epoch: 1
epoch_1_loss:  1.2277483188086096
epoch: 2
epoch_2_loss:  1.2277483188086096
epoch: 3
epoch_3_loss:  1.2277483188086096
epoch: 4
epoch_4_loss:  1.2277483188086096
epoch: 5
epoch_5_loss:  1.2277483188086096
epoch: 6
epoch_6_loss:  1.2277483188086096
epoch: 7
epoch_7_loss:  1.2277483188086096
epoch: 8
epoch_8_loss:  1.2277483188086096
epoch: 9
epoch_9_loss:  1.2277483188086096
epoch: 10
epoch_10_loss:  1.2277483188086096
epoch: 11
epoch_11_loss:  1.2277483188086096
epoch: 12
epoch_12_loss:  1.2277483188086096
epoch: 13
epoch_13_loss:  1.2277483188086096
epoch: 14
epoch_14_loss:  1.2277483188086096
[1.2277483188086096, 1.2277483188086096, 1.2277483188086096, 1.2277483188086096, 1.2277483188086096, 1.2277483188086096, 1.2277483188086096, 1.2277483188086096, 1.2277483188086096, 1.2277483188086096, 1.2277483188086096, 1.2277483188086096, 1.2277483188086096, 1.2277483188086096, 1.2277483188086096]
[I 2022-11-13 10:47:31,672] Trial 188 finished with value: 1.2277483188086096 and parameters: {'optimizer': 'Adam', 'lr': 0.0006606047911764482, 'n_layers': 1, 'n_units_l0': 5}. Best is trial 128 with value: 0.8277037370898573.
Sequential(
  (0): Linear(in_features=5, out_features=5, bias=True)
  (1): ReLU()
)
Sequential(
  (0): Linear(in_features=5, out_features=5, bias=True)
)
epoch: 0
epoch_0_loss:  1.0874912817275255
epoch: 1
epoch_1_loss:  1.0874912817275255
epoch: 2
epoch_2_loss:  1.0874912817275255
epoch: 3
epoch_3_loss:  1.0874912817275255
epoch: 4
epoch_4_loss:  1.0874912817275255
epoch: 5
epoch_5_loss:  1.0874912817275255
epoch: 6
epoch_6_loss:  1.0874912817275255
epoch: 7
epoch_7_loss:  1.0874912817275255
epoch: 8
epoch_8_loss:  1.0874912817275255
epoch: 9
epoch_9_loss:  1.0874912817275255
epoch: 10
epoch_10_loss:  1.0874912817275255
epoch: 11
epoch_11_loss:  1.0874912817275255
epoch: 12
epoch_12_loss:  1.0874912817275255
epoch: 13
epoch_13_loss:  1.0874912817275255
epoch: 14
epoch_14_loss:  1.0874912817275255
[1.0874912817275255, 1.0874912817275255, 1.0874912817275255, 1.0874912817275255, 1.0874912817275255, 1.0874912817275255, 1.0874912817275255, 1.0874912817275255, 1.0874912817275255, 1.0874912817275255, 1.0874912817275255, 1.0874912817275255, 1.0874912817275255, 1.0874912817275255, 1.0874912817275255]
[I 2022-11-13 10:48:15,569] Trial 189 finished with value: 1.0874912817275255 and parameters: {'optimizer': 'Adam', 'lr': 0.0005394741027042937, 'n_layers': 1, 'n_units_l0': 5}. Best is trial 128 with value: 0.8277037370898573.
Sequential(
  (0): Linear(in_features=5, out_features=5, bias=True)
  (1): ReLU()
)
Sequential(
  (0): Linear(in_features=5, out_features=5, bias=True)
)
epoch: 0
epoch_0_loss:  1.1787531067054167
epoch: 1
epoch_1_loss:  1.1787531067054167
epoch: 2
epoch_2_loss:  1.1787531067054167
epoch: 3
epoch_3_loss:  1.1787531067054167
epoch: 4
epoch_4_loss:  1.1787531067054167
epoch: 5
epoch_5_loss:  1.1787531067054167
epoch: 6
epoch_6_loss:  1.1787531067054167
epoch: 7
epoch_7_loss:  1.1787531067054167
epoch: 8
epoch_8_loss:  1.1787531067054167
epoch: 9
epoch_9_loss:  1.1787531067054167
epoch: 10
epoch_10_loss:  1.1787531067054167
epoch: 11
epoch_11_loss:  1.1787531067054167
epoch: 12
epoch_12_loss:  1.1787531067054167
epoch: 13
epoch_13_loss:  1.1787531067054167
epoch: 14
epoch_14_loss:  1.1787531067054167
[1.1787531067054167, 1.1787531067054167, 1.1787531067054167, 1.1787531067054167, 1.1787531067054167, 1.1787531067054167, 1.1787531067054167, 1.1787531067054167, 1.1787531067054167, 1.1787531067054167, 1.1787531067054167, 1.1787531067054167, 1.1787531067054167, 1.1787531067054167, 1.1787531067054167]
[I 2022-11-13 10:48:59,521] Trial 190 finished with value: 1.1787531067054167 and parameters: {'optimizer': 'Adam', 'lr': 0.0008534975025035715, 'n_layers': 1, 'n_units_l0': 5}. Best is trial 128 with value: 0.8277037370898573.
Sequential(
  (0): Linear(in_features=5, out_features=5, bias=True)
  (1): ReLU()
)
Sequential(
  (0): Linear(in_features=5, out_features=5, bias=True)
)
epoch: 0
epoch_0_loss:  1.1609409100649128
epoch: 1
epoch_1_loss:  1.1609409100649128
epoch: 2
epoch_2_loss:  1.1609409100649128
epoch: 3
epoch_3_loss:  1.1609409100649128
epoch: 4
epoch_4_loss:  1.1609409100649128
epoch: 5
epoch_5_loss:  1.1609409100649128
epoch: 6
epoch_6_loss:  1.1609409100649128
epoch: 7
epoch_7_loss:  1.1609409100649128
epoch: 8
epoch_8_loss:  1.1609409100649128
epoch: 9
epoch_9_loss:  1.1609409100649128
epoch: 10
epoch_10_loss:  1.1609409100649128
epoch: 11
epoch_11_loss:  1.1609409100649128
epoch: 12
epoch_12_loss:  1.1609409100649128
epoch: 13
epoch_13_loss:  1.1609409100649128
epoch: 14
epoch_14_loss:  1.1609409100649128
[1.1609409100649128, 1.1609409100649128, 1.1609409100649128, 1.1609409100649128, 1.1609409100649128, 1.1609409100649128, 1.1609409100649128, 1.1609409100649128, 1.1609409100649128, 1.1609409100649128, 1.1609409100649128, 1.1609409100649128, 1.1609409100649128, 1.1609409100649128, 1.1609409100649128]
[I 2022-11-13 10:49:43,330] Trial 191 finished with value: 1.1609409100649128 and parameters: {'optimizer': 'Adam', 'lr': 0.000627687585897246, 'n_layers': 1, 'n_units_l0': 5}. Best is trial 128 with value: 0.8277037370898573.
Sequential(
  (0): Linear(in_features=5, out_features=5, bias=True)
  (1): ReLU()
)
Sequential(
  (0): Linear(in_features=5, out_features=5, bias=True)
)
epoch: 0
epoch_0_loss:  1.0784441816069716
epoch: 1
epoch_1_loss:  1.0784441816069716
epoch: 2
epoch_2_loss:  1.0784441816069716
epoch: 3
epoch_3_loss:  1.0784441816069716
epoch: 4
epoch_4_loss:  1.0784441816069716
epoch: 5
epoch_5_loss:  1.0784441816069716
epoch: 6
epoch_6_loss:  1.0784441816069716
epoch: 7
epoch_7_loss:  1.0784441816069716
epoch: 8
epoch_8_loss:  1.0784441816069716
epoch: 9
epoch_9_loss:  1.0784441816069716
epoch: 10
epoch_10_loss:  1.0784441816069716
epoch: 11
epoch_11_loss:  1.0784441816069716
epoch: 12
epoch_12_loss:  1.0784441816069716
epoch: 13
epoch_13_loss:  1.0784441816069716
epoch: 14
epoch_14_loss:  1.0784441816069716
[1.0784441816069716, 1.0784441816069716, 1.0784441816069716, 1.0784441816069716, 1.0784441816069716, 1.0784441816069716, 1.0784441816069716, 1.0784441816069716, 1.0784441816069716, 1.0784441816069716, 1.0784441816069716, 1.0784441816069716, 1.0784441816069716, 1.0784441816069716, 1.0784441816069716]
[I 2022-11-13 10:50:27,256] Trial 192 finished with value: 1.0784441816069716 and parameters: {'optimizer': 'Adam', 'lr': 0.000780832456803765, 'n_layers': 1, 'n_units_l0': 5}. Best is trial 128 with value: 0.8277037370898573.
Sequential(
  (0): Linear(in_features=5, out_features=5, bias=True)
  (1): ReLU()
)
Sequential(
  (0): Linear(in_features=5, out_features=5, bias=True)
)
epoch: 0
epoch_0_loss:  1.243864463834972
epoch: 1
epoch_1_loss:  1.243864463834972
epoch: 2
epoch_2_loss:  1.243864463834972
epoch: 3
epoch_3_loss:  1.243864463834972
epoch: 4
epoch_4_loss:  1.243864463834972
epoch: 5
epoch_5_loss:  1.243864463834972
epoch: 6
epoch_6_loss:  1.243864463834972
epoch: 7
epoch_7_loss:  1.243864463834972
epoch: 8
epoch_8_loss:  1.243864463834972
epoch: 9
epoch_9_loss:  1.243864463834972
epoch: 10
epoch_10_loss:  1.243864463834972
epoch: 11
epoch_11_loss:  1.243864463834972
epoch: 12
epoch_12_loss:  1.243864463834972
epoch: 13
epoch_13_loss:  1.243864463834972
epoch: 14
epoch_14_loss:  1.243864463834972
[1.243864463834972, 1.243864463834972, 1.243864463834972, 1.243864463834972, 1.243864463834972, 1.243864463834972, 1.243864463834972, 1.243864463834972, 1.243864463834972, 1.243864463834972, 1.243864463834972, 1.243864463834972, 1.243864463834972, 1.243864463834972, 1.243864463834972]
[I 2022-11-13 10:51:11,319] Trial 193 finished with value: 1.243864463834972 and parameters: {'optimizer': 'Adam', 'lr': 0.0007217360119392933, 'n_layers': 1, 'n_units_l0': 5}. Best is trial 128 with value: 0.8277037370898573.
Sequential(
  (0): Linear(in_features=5, out_features=5, bias=True)
  (1): ReLU()
)
Sequential(
  (0): Linear(in_features=5, out_features=5, bias=True)
)
epoch: 0
epoch_0_loss:  1.3035088380612485
epoch: 1
epoch_1_loss:  1.3035088380612485
epoch: 2
epoch_2_loss:  1.3035088380612485
epoch: 3
epoch_3_loss:  1.3035088380612485
epoch: 4
epoch_4_loss:  1.3035088380612485
epoch: 5
epoch_5_loss:  1.3035088380612485
epoch: 6
epoch_6_loss:  1.3035088380612485
epoch: 7
epoch_7_loss:  1.3035088380612485
epoch: 8
epoch_8_loss:  1.3035088380612485
epoch: 9
epoch_9_loss:  1.3035088380612485
epoch: 10
epoch_10_loss:  1.3035088380612485
epoch: 11
epoch_11_loss:  1.3035088380612485
epoch: 12
epoch_12_loss:  1.3035088380612485
epoch: 13
epoch_13_loss:  1.3035088380612485
epoch: 14
epoch_14_loss:  1.3035088380612485
[1.3035088380612485, 1.3035088380612485, 1.3035088380612485, 1.3035088380612485, 1.3035088380612485, 1.3035088380612485, 1.3035088380612485, 1.3035088380612485, 1.3035088380612485, 1.3035088380612485, 1.3035088380612485, 1.3035088380612485, 1.3035088380612485, 1.3035088380612485, 1.3035088380612485]
[I 2022-11-13 10:51:55,405] Trial 194 finished with value: 1.3035088380612485 and parameters: {'optimizer': 'Adam', 'lr': 0.000925300674699374, 'n_layers': 1, 'n_units_l0': 5}. Best is trial 128 with value: 0.8277037370898573.
Sequential(
  (0): Linear(in_features=5, out_features=5, bias=True)
  (1): ReLU()
)
Sequential(
  (0): Linear(in_features=5, out_features=5, bias=True)
)
epoch: 0
epoch_0_loss:  1.0847246579203085
epoch: 1
epoch_1_loss:  1.0847246579203085
epoch: 2
epoch_2_loss:  1.0847246579203085
epoch: 3
epoch_3_loss:  1.0847246579203085
epoch: 4
epoch_4_loss:  1.0847246579203085
epoch: 5
epoch_5_loss:  1.0847246579203085
epoch: 6
epoch_6_loss:  1.0847246579203085
epoch: 7
epoch_7_loss:  1.0847246579203085
epoch: 8
epoch_8_loss:  1.0847246579203085
epoch: 9
epoch_9_loss:  1.0847246579203085
epoch: 10
epoch_10_loss:  1.0847246579203085
epoch: 11
epoch_11_loss:  1.0847246579203085
epoch: 12
epoch_12_loss:  1.0847246579203085
epoch: 13
epoch_13_loss:  1.0847246579203085
epoch: 14
epoch_14_loss:  1.0847246579203085
[1.0847246579203085, 1.0847246579203085, 1.0847246579203085, 1.0847246579203085, 1.0847246579203085, 1.0847246579203085, 1.0847246579203085, 1.0847246579203085, 1.0847246579203085, 1.0847246579203085, 1.0847246579203085, 1.0847246579203085, 1.0847246579203085, 1.0847246579203085, 1.0847246579203085]
[I 2022-11-13 10:52:39,340] Trial 195 finished with value: 1.0847246579203085 and parameters: {'optimizer': 'Adam', 'lr': 0.000325800708966798, 'n_layers': 1, 'n_units_l0': 5}. Best is trial 128 with value: 0.8277037370898573.
Sequential(
  (0): Linear(in_features=5, out_features=5, bias=True)
  (1): ReLU()
)
Sequential(
  (0): Linear(in_features=5, out_features=5, bias=True)
)
epoch: 0
epoch_0_loss:  1.2051888133712934
epoch: 1
epoch_1_loss:  1.2051888133712934
epoch: 2
epoch_2_loss:  1.2051888133712934
epoch: 3
epoch_3_loss:  1.2051888133712934
epoch: 4
epoch_4_loss:  1.2051888133712934
epoch: 5
epoch_5_loss:  1.2051888133712934
epoch: 6
epoch_6_loss:  1.2051888133712934
epoch: 7
epoch_7_loss:  1.2051888133712934
epoch: 8
epoch_8_loss:  1.2051888133712934
epoch: 9
epoch_9_loss:  1.2051888133712934
epoch: 10
epoch_10_loss:  1.2051888133712934
epoch: 11
epoch_11_loss:  1.2051888133712934
epoch: 12
epoch_12_loss:  1.2051888133712934
epoch: 13
epoch_13_loss:  1.2051888133712934
epoch: 14
epoch_14_loss:  1.2051888133712934
[1.2051888133712934, 1.2051888133712934, 1.2051888133712934, 1.2051888133712934, 1.2051888133712934, 1.2051888133712934, 1.2051888133712934, 1.2051888133712934, 1.2051888133712934, 1.2051888133712934, 1.2051888133712934, 1.2051888133712934, 1.2051888133712934, 1.2051888133712934, 1.2051888133712934]
[I 2022-11-13 10:53:23,330] Trial 196 finished with value: 1.2051888133712934 and parameters: {'optimizer': 'Adam', 'lr': 5.3401945579187676e-05, 'n_layers': 1, 'n_units_l0': 5}. Best is trial 128 with value: 0.8277037370898573.
Sequential(
  (0): Linear(in_features=5, out_features=5, bias=True)
  (1): ReLU()
)
Sequential(
  (0): Linear(in_features=5, out_features=5, bias=True)
)
epoch: 0
epoch_0_loss:  1.1409541609319143
epoch: 1
epoch_1_loss:  1.1409541609319143
epoch: 2
epoch_2_loss:  1.1409541609319143
epoch: 3
epoch_3_loss:  1.1409541609319143
epoch: 4
epoch_4_loss:  1.1409541609319143
epoch: 5
epoch_5_loss:  1.1409541609319143
epoch: 6
epoch_6_loss:  1.1409541609319143
epoch: 7
epoch_7_loss:  1.1409541609319143
epoch: 8
epoch_8_loss:  1.1409541609319143
epoch: 9
epoch_9_loss:  1.1409541609319143
epoch: 10
epoch_10_loss:  1.1409541609319143
epoch: 11
epoch_11_loss:  1.1409541609319143
epoch: 12
epoch_12_loss:  1.1409541609319143
epoch: 13
epoch_13_loss:  1.1409541609319143
epoch: 14
epoch_14_loss:  1.1409541609319143
[1.1409541609319143, 1.1409541609319143, 1.1409541609319143, 1.1409541609319143, 1.1409541609319143, 1.1409541609319143, 1.1409541609319143, 1.1409541609319143, 1.1409541609319143, 1.1409541609319143, 1.1409541609319143, 1.1409541609319143, 1.1409541609319143, 1.1409541609319143, 1.1409541609319143]
