[I 2022-11-13 15:05:58,300] Trial 42 finished with value: 1.1575529477122188 and parameters: {'optimizer': 'Adam', 'lr': 0.00014106040958427522, 'hidden_dim': 5, 'latent_dim': 5}. Best is trial 18 with value: 1.0382107218962973.
build_Encoder(
  (FC_input): Linear(in_features=5, out_features=5, bias=True)
  (FC_input2): Linear(in_features=5, out_features=5, bias=True)
  (FC_mean): Linear(in_features=5, out_features=5, bias=True)
  (FC_var): Linear(in_features=5, out_features=5, bias=True)
  (LeakyReLU): LeakyReLU(negative_slope=0.01)
)
build_Decoder(
  (FC_hidden): Linear(in_features=5, out_features=5, bias=True)
  (FC_hidden2): Linear(in_features=5, out_features=5, bias=True)
  (FC_output): Linear(in_features=5, out_features=5, bias=True)
  (LeakyReLU): LeakyReLU(negative_slope=0.2)
)
epoch: 0
epoch_0_loss:  1.0406873244873072
epoch: 1
epoch_1_loss:  1.0408504350464014
epoch: 2
epoch_2_loss:  1.0413078739520636
epoch: 3
epoch_3_loss:  1.0421090865925264
epoch: 4
epoch_4_loss:  1.0434880625906193
epoch: 5
epoch_5_loss:  1.042955482064923
epoch: 6
epoch_6_loss:  1.04166946160479
epoch: 7
epoch_7_loss:  1.040173847221247
epoch: 8
epoch_8_loss:  1.0420043656309883
epoch: 9
epoch_9_loss:  1.0404354345887479
epoch: 10
epoch_10_loss:  1.045073457786295
epoch: 11
epoch_11_loss:  1.0442489744483532
epoch: 12
epoch_12_loss:  1.0405762708332265
epoch: 13
epoch_13_loss:  1.043910714593794
epoch: 14
epoch_14_loss:  1.0447926509761287
[1.0406873244873072, 1.0408504350464014, 1.0413078739520636, 1.0421090865925264, 1.0434880625906193, 1.042955482064923, 1.04166946160479, 1.040173847221247, 1.0420043656309883, 1.0404354345887479, 1.045073457786295, 1.0442489744483532, 1.0405762708332265, 1.043910714593794, 1.0447926509761287]
[I 2022-11-13 15:07:18,496] Trial 43 finished with value: 1.0447926509761287 and parameters: {'optimizer': 'Adam', 'lr': 7.914459591375359e-05, 'hidden_dim': 5, 'latent_dim': 5}. Best is trial 18 with value: 1.0382107218962973.
build_Encoder(
  (FC_input): Linear(in_features=5, out_features=5, bias=True)
  (FC_input2): Linear(in_features=5, out_features=5, bias=True)
  (FC_mean): Linear(in_features=5, out_features=5, bias=True)
  (FC_var): Linear(in_features=5, out_features=5, bias=True)
  (LeakyReLU): LeakyReLU(negative_slope=0.01)
)
build_Decoder(
  (FC_hidden): Linear(in_features=5, out_features=5, bias=True)
  (FC_hidden2): Linear(in_features=5, out_features=5, bias=True)
  (FC_output): Linear(in_features=5, out_features=5, bias=True)
  (LeakyReLU): LeakyReLU(negative_slope=0.2)
)
epoch: 0
epoch_0_loss:  1.106848908787021
epoch: 1
epoch_1_loss:  1.1061628834142065
epoch: 2
epoch_2_loss:  1.106036577410516
epoch: 3
epoch_3_loss:  1.1066886461907135
epoch: 4
epoch_4_loss:  1.1063152439099455
epoch: 5
epoch_5_loss:  1.1057250554616258
epoch: 6
epoch_6_loss:  1.107121132764088
epoch: 7
epoch_7_loss:  1.1067668081865496
epoch: 8
epoch_8_loss:  1.1048358198207313
epoch: 9
epoch_9_loss:  1.1060451293219162
epoch: 10
epoch_10_loss:  1.1068945989835286
epoch: 11
epoch_11_loss:  1.1055381203971875
epoch: 12
epoch_12_loss:  1.1056519215132388
epoch: 13
epoch_13_loss:  1.1077388971149442
epoch: 14
epoch_14_loss:  1.1060592673447174
[1.106848908787021, 1.1061628834142065, 1.106036577410516, 1.1066886461907135, 1.1063152439099455, 1.1057250554616258, 1.107121132764088, 1.1067668081865496, 1.1048358198207313, 1.1060451293219162, 1.1068945989835286, 1.1055381203971875, 1.1056519215132388, 1.1077388971149442, 1.1060592673447174]
[I 2022-11-13 15:08:50,610] Trial 44 finished with value: 1.1060592673447174 and parameters: {'optimizer': 'Adam', 'lr': 6.170862736661318e-05, 'hidden_dim': 5, 'latent_dim': 5}. Best is trial 18 with value: 1.0382107218962973.
build_Encoder(
  (FC_input): Linear(in_features=5, out_features=5, bias=True)
  (FC_input2): Linear(in_features=5, out_features=5, bias=True)
  (FC_mean): Linear(in_features=5, out_features=4, bias=True)
  (FC_var): Linear(in_features=5, out_features=4, bias=True)
  (LeakyReLU): LeakyReLU(negative_slope=0.01)
)
build_Decoder(
  (FC_hidden): Linear(in_features=4, out_features=5, bias=True)
  (FC_hidden2): Linear(in_features=5, out_features=5, bias=True)
  (FC_output): Linear(in_features=5, out_features=5, bias=True)
  (LeakyReLU): LeakyReLU(negative_slope=0.2)
)
epoch: 0
epoch_0_loss:  1.085825758048463
epoch: 1
epoch_1_loss:  1.0835878345948438
epoch: 2
epoch_2_loss:  1.0857271425190242
epoch: 3
epoch_3_loss:  1.0863406543755678
epoch: 4
epoch_4_loss:  1.0883956508966828
epoch: 5
epoch_5_loss:  1.0881569901149009
epoch: 6
epoch_6_loss:  1.0893031726020133
epoch: 7
epoch_7_loss:  1.08685362959206
epoch: 8
epoch_8_loss:  1.0856264850684918
epoch: 9
epoch_9_loss:  1.0819541159981718
epoch: 10
epoch_10_loss:  1.0868630274579882
epoch: 11
epoch_11_loss:  1.088113349103464
epoch: 12
epoch_12_loss:  1.0897552186106958
epoch: 13
epoch_13_loss:  1.0887190573020087
epoch: 14
epoch_14_loss:  1.0911303340131768
[1.085825758048463, 1.0835878345948438, 1.0857271425190242, 1.0863406543755678, 1.0883956508966828, 1.0881569901149009, 1.0893031726020133, 1.08685362959206, 1.0856264850684918, 1.0819541159981718, 1.0868630274579882, 1.088113349103464, 1.0897552186106958, 1.0887190573020087, 1.0911303340131768]
[I 2022-11-13 15:10:10,794] Trial 45 finished with value: 1.0911303340131768 and parameters: {'optimizer': 'Adam', 'lr': 0.00017096301875239216, 'hidden_dim': 5, 'latent_dim': 4}. Best is trial 18 with value: 1.0382107218962973.
build_Encoder(
  (FC_input): Linear(in_features=5, out_features=4, bias=True)
  (FC_input2): Linear(in_features=4, out_features=4, bias=True)
  (FC_mean): Linear(in_features=4, out_features=4, bias=True)
  (FC_var): Linear(in_features=4, out_features=4, bias=True)
  (LeakyReLU): LeakyReLU(negative_slope=0.01)
)
build_Decoder(
  (FC_hidden): Linear(in_features=4, out_features=4, bias=True)
  (FC_hidden2): Linear(in_features=4, out_features=4, bias=True)
  (FC_output): Linear(in_features=4, out_features=5, bias=True)
  (LeakyReLU): LeakyReLU(negative_slope=0.2)
)
epoch: 0
epoch_0_loss:  1.054832943067389
epoch: 1
epoch_1_loss:  1.0540877037891063
epoch: 2
epoch_2_loss:  1.0541673073813984
epoch: 3
epoch_3_loss:  1.0542989013856368
epoch: 4
epoch_4_loss:  1.053320243410496
epoch: 5
epoch_5_loss:  1.0538297271180206
epoch: 6
epoch_6_loss:  1.0537564301977023
epoch: 7
epoch_7_loss:  1.0541673717746218
epoch: 8
epoch_8_loss:  1.054078603759554
epoch: 9
epoch_9_loss:  1.0538440629670638
epoch: 10
epoch_10_loss:  1.053978213464027
epoch: 11
epoch_11_loss:  1.0549330605041143
epoch: 12
epoch_12_loss:  1.0545571753298808
epoch: 13
epoch_13_loss:  1.0542138163362207
epoch: 14
epoch_14_loss:  1.0549292723183763
[1.054832943067389, 1.0540877037891063, 1.0541673073813984, 1.0542989013856368, 1.053320243410496, 1.0538297271180206, 1.0537564301977023, 1.0541673717746218, 1.054078603759554, 1.0538440629670638, 1.053978213464027, 1.0549330605041143, 1.0545571753298808, 1.0542138163362207, 1.0549292723183763]
[I 2022-11-13 15:11:30,803] Trial 46 finished with value: 1.0549292723183763 and parameters: {'optimizer': 'Adam', 'lr': 0.0002307478726616427, 'hidden_dim': 4, 'latent_dim': 4}. Best is trial 18 with value: 1.0382107218962973.
build_Encoder(
  (FC_input): Linear(in_features=5, out_features=5, bias=True)
  (FC_input2): Linear(in_features=5, out_features=5, bias=True)
  (FC_mean): Linear(in_features=5, out_features=4, bias=True)
  (FC_var): Linear(in_features=5, out_features=4, bias=True)
  (LeakyReLU): LeakyReLU(negative_slope=0.01)
)
build_Decoder(
  (FC_hidden): Linear(in_features=4, out_features=5, bias=True)
  (FC_hidden2): Linear(in_features=5, out_features=5, bias=True)
  (FC_output): Linear(in_features=5, out_features=5, bias=True)
  (LeakyReLU): LeakyReLU(negative_slope=0.2)
)
epoch: 0
epoch_0_loss:  1.0410939251951346
epoch: 1
epoch_1_loss:  1.0410769020906958
epoch: 2
epoch_2_loss:  1.0413174934587952
epoch: 3
epoch_3_loss:  1.0419705537312385
epoch: 4
epoch_4_loss:  1.0423271330445119
epoch: 5
epoch_5_loss:  1.0405126335714832
epoch: 6
epoch_6_loss:  1.0392297843452392
epoch: 7
epoch_7_loss:  1.041424256656345
epoch: 8
epoch_8_loss:  1.041862585197939
epoch: 9
epoch_9_loss:  1.040790506520965
epoch: 10
epoch_10_loss:  1.0409292332583935
epoch: 11
epoch_11_loss:  1.0413026734827975
epoch: 12
epoch_12_loss:  1.0407226443718687
epoch: 13
epoch_13_loss:  1.0418761738267466
epoch: 14
epoch_14_loss:  1.0402334683961505
[1.0410939251951346, 1.0410769020906958, 1.0413174934587952, 1.0419705537312385, 1.0423271330445119, 1.0405126335714832, 1.0392297843452392, 1.041424256656345, 1.041862585197939, 1.040790506520965, 1.0409292332583935, 1.0413026734827975, 1.0407226443718687, 1.0418761738267466, 1.0402334683961505]
[I 2022-11-13 15:12:50,865] Trial 47 finished with value: 1.0402334683961505 and parameters: {'optimizer': 'Adam', 'lr': 0.00010834735593359108, 'hidden_dim': 5, 'latent_dim': 4}. Best is trial 18 with value: 1.0382107218962973.
build_Encoder(
  (FC_input): Linear(in_features=5, out_features=5, bias=True)
  (FC_input2): Linear(in_features=5, out_features=5, bias=True)
  (FC_mean): Linear(in_features=5, out_features=5, bias=True)
  (FC_var): Linear(in_features=5, out_features=5, bias=True)
  (LeakyReLU): LeakyReLU(negative_slope=0.01)
)
build_Decoder(
  (FC_hidden): Linear(in_features=5, out_features=5, bias=True)
  (FC_hidden2): Linear(in_features=5, out_features=5, bias=True)
  (FC_output): Linear(in_features=5, out_features=5, bias=True)
  (LeakyReLU): LeakyReLU(negative_slope=0.2)
)
epoch: 0
epoch_0_loss:  1.1308167959109379
epoch: 1
epoch_1_loss:  1.1309180886739485
epoch: 2
epoch_2_loss:  1.1295530708985013
epoch: 3
epoch_3_loss:  1.1306489638377057
epoch: 4
epoch_4_loss:  1.1291880651059747
epoch: 5
epoch_5_loss:  1.1306913411382975
epoch: 6
epoch_6_loss:  1.1298032682545502
epoch: 7
epoch_7_loss:  1.1302271123748096
epoch: 8
epoch_8_loss:  1.1309865025213512
epoch: 9
epoch_9_loss:  1.1300615122559
epoch: 10
epoch_10_loss:  1.129179316783312
epoch: 11
epoch_11_loss:  1.1303721225044074
epoch: 12
epoch_12_loss:  1.1305602832713761
epoch: 13
epoch_13_loss:  1.1304051942812465
epoch: 14
epoch_14_loss:  1.130304934330195
[1.1308167959109379, 1.1309180886739485, 1.1295530708985013, 1.1306489638377057, 1.1291880651059747, 1.1306913411382975, 1.1298032682545502, 1.1302271123748096, 1.1309865025213512, 1.1300615122559, 1.129179316783312, 1.1303721225044074, 1.1305602832713761, 1.1304051942812465, 1.130304934330195]
[I 2022-11-13 15:14:11,232] Trial 48 finished with value: 1.130304934330195 and parameters: {'optimizer': 'Adam', 'lr': 0.00011813784079522359, 'hidden_dim': 5, 'latent_dim': 5}. Best is trial 18 with value: 1.0382107218962973.
build_Encoder(
  (FC_input): Linear(in_features=5, out_features=4, bias=True)
  (FC_input2): Linear(in_features=4, out_features=4, bias=True)
  (FC_mean): Linear(in_features=4, out_features=4, bias=True)
  (FC_var): Linear(in_features=4, out_features=4, bias=True)
  (LeakyReLU): LeakyReLU(negative_slope=0.01)
)
build_Decoder(
  (FC_hidden): Linear(in_features=4, out_features=4, bias=True)
  (FC_hidden2): Linear(in_features=4, out_features=4, bias=True)
  (FC_output): Linear(in_features=4, out_features=5, bias=True)
  (LeakyReLU): LeakyReLU(negative_slope=0.2)
)
epoch: 0
epoch_0_loss:  1.0708364832635684
epoch: 1
epoch_1_loss:  1.0694342410696285
epoch: 2
epoch_2_loss:  1.070212076260056
epoch: 3
epoch_3_loss:  1.0695549816271857
epoch: 4
epoch_4_loss:  1.0706266442288233
epoch: 5
epoch_5_loss:  1.0706556552884934
epoch: 6
epoch_6_loss:  1.0702155063677818
epoch: 7
epoch_7_loss:  1.0695033735355446
epoch: 8
epoch_8_loss:  1.070742770067636
epoch: 9
epoch_9_loss:  1.0708025026997618
epoch: 10
epoch_10_loss:  1.0692329973410644
epoch: 11
epoch_11_loss:  1.0706426193032679
epoch: 12
epoch_12_loss:  1.0700857239882027
epoch: 13
epoch_13_loss:  1.0709674194370646
epoch: 14
epoch_14_loss:  1.0705401366161877
[1.0708364832635684, 1.0694342410696285, 1.070212076260056, 1.0695549816271857, 1.0706266442288233, 1.0706556552884934, 1.0702155063677818, 1.0695033735355446, 1.070742770067636, 1.0708025026997618, 1.0692329973410644, 1.0706426193032679, 1.0700857239882027, 1.0709674194370646, 1.0705401366161877]
[I 2022-11-13 15:15:31,251] Trial 49 finished with value: 1.0705401366161877 and parameters: {'optimizer': 'Adam', 'lr': 7.823422380921466e-05, 'hidden_dim': 4, 'latent_dim': 4}. Best is trial 18 with value: 1.0382107218962973.
build_Encoder(
  (FC_input): Linear(in_features=5, out_features=5, bias=True)
  (FC_input2): Linear(in_features=5, out_features=5, bias=True)
  (FC_mean): Linear(in_features=5, out_features=5, bias=True)
  (FC_var): Linear(in_features=5, out_features=5, bias=True)
  (LeakyReLU): LeakyReLU(negative_slope=0.01)
)
build_Decoder(
  (FC_hidden): Linear(in_features=5, out_features=5, bias=True)
  (FC_hidden2): Linear(in_features=5, out_features=5, bias=True)
  (FC_output): Linear(in_features=5, out_features=5, bias=True)
  (LeakyReLU): LeakyReLU(negative_slope=0.2)
)
epoch: 0
epoch_0_loss:  1.1037882650555333
epoch: 1
epoch_1_loss:  1.104332687878823
epoch: 2
epoch_2_loss:  1.104166264168749
epoch: 3
epoch_3_loss:  1.1045656287398484
epoch: 4
epoch_4_loss:  1.1028627230360941
epoch: 5
epoch_5_loss:  1.1045621918637991
epoch: 6
epoch_6_loss:  1.102077620178023
epoch: 7
epoch_7_loss:  1.1043478908735525
epoch: 8
epoch_8_loss:  1.1042679705933776
epoch: 9
epoch_9_loss:  1.103167894460914
epoch: 10
epoch_10_loss:  1.1036716137833535
epoch: 11
epoch_11_loss:  1.1040157692361383
epoch: 12
epoch_12_loss:  1.1048791158857783
epoch: 13
epoch_13_loss:  1.1054831394788531
epoch: 14
epoch_14_loss:  1.1027654088580852
[1.1037882650555333, 1.104332687878823, 1.104166264168749, 1.1045656287398484, 1.1028627230360941, 1.1045621918637991, 1.102077620178023, 1.1043478908735525, 1.1042679705933776, 1.103167894460914, 1.1036716137833535, 1.1040157692361383, 1.1048791158857783, 1.1054831394788531, 1.1027654088580852]
[I 2022-11-13 15:16:51,563] Trial 50 finished with value: 1.1027654088580852 and parameters: {'optimizer': 'Adam', 'lr': 0.0009134356267907389, 'hidden_dim': 5, 'latent_dim': 5}. Best is trial 18 with value: 1.0382107218962973.
build_Encoder(
  (FC_input): Linear(in_features=5, out_features=5, bias=True)
  (FC_input2): Linear(in_features=5, out_features=5, bias=True)
  (FC_mean): Linear(in_features=5, out_features=4, bias=True)
  (FC_var): Linear(in_features=5, out_features=4, bias=True)
  (LeakyReLU): LeakyReLU(negative_slope=0.01)
)
build_Decoder(
  (FC_hidden): Linear(in_features=4, out_features=5, bias=True)
  (FC_hidden2): Linear(in_features=5, out_features=5, bias=True)
  (FC_output): Linear(in_features=5, out_features=5, bias=True)
  (LeakyReLU): LeakyReLU(negative_slope=0.2)
)
epoch: 0
epoch_0_loss:  1.0525043162457788
epoch: 1
epoch_1_loss:  1.0507741193047788
epoch: 2
epoch_2_loss:  1.0501515378499937
epoch: 3
epoch_3_loss:  1.0518073792367806
epoch: 4
epoch_4_loss:  1.0525038088898762
epoch: 5
epoch_5_loss:  1.0505518617740712
epoch: 6
epoch_6_loss:  1.0509359805263594
epoch: 7
epoch_7_loss:  1.051054716069023
epoch: 8
epoch_8_loss:  1.0511265615514056
epoch: 9
epoch_9_loss:  1.0534088610665202
epoch: 10
epoch_10_loss:  1.0528166863601263
epoch: 11
epoch_11_loss:  1.0499817043992354
epoch: 12
epoch_12_loss:  1.0509578888540556
epoch: 13
epoch_13_loss:  1.0507259901163897
epoch: 14
epoch_14_loss:  1.050815770755937
[1.0525043162457788, 1.0507741193047788, 1.0501515378499937, 1.0518073792367806, 1.0525038088898762, 1.0505518617740712, 1.0509359805263594, 1.051054716069023, 1.0511265615514056, 1.0534088610665202, 1.0528166863601263, 1.0499817043992354, 1.0509578888540556, 1.0507259901163897, 1.050815770755937]
[I 2022-11-13 15:18:11,764] Trial 51 finished with value: 1.050815770755937 and parameters: {'optimizer': 'Adam', 'lr': 0.00010763945697894805, 'hidden_dim': 5, 'latent_dim': 4}. Best is trial 18 with value: 1.0382107218962973.
build_Encoder(
  (FC_input): Linear(in_features=5, out_features=5, bias=True)
  (FC_input2): Linear(in_features=5, out_features=5, bias=True)
  (FC_mean): Linear(in_features=5, out_features=4, bias=True)
  (FC_var): Linear(in_features=5, out_features=4, bias=True)
  (LeakyReLU): LeakyReLU(negative_slope=0.01)
)
build_Decoder(
  (FC_hidden): Linear(in_features=4, out_features=5, bias=True)
  (FC_hidden2): Linear(in_features=5, out_features=5, bias=True)
  (FC_output): Linear(in_features=5, out_features=5, bias=True)
  (LeakyReLU): LeakyReLU(negative_slope=0.2)
)
epoch: 0
epoch_0_loss:  1.1911653431181466
epoch: 1
epoch_1_loss:  1.1922816616738356
epoch: 2
epoch_2_loss:  1.196356402582809
epoch: 3
epoch_3_loss:  1.1927538358892498
epoch: 4
epoch_4_loss:  1.1951972997630784
epoch: 5
epoch_5_loss:  1.195400735228269
epoch: 6
epoch_6_loss:  1.1935484488861121
epoch: 7
epoch_7_loss:  1.1953953326783044
epoch: 8
epoch_8_loss:  1.1931453660320626
epoch: 9
epoch_9_loss:  1.1914124870028642
epoch: 10
epoch_10_loss:  1.1968205528512692
epoch: 11
epoch_11_loss:  1.1956005639513185
epoch: 12
epoch_12_loss:  1.193453605190802
epoch: 13
epoch_13_loss:  1.194128152028663
epoch: 14
epoch_14_loss:  1.1926940999603308
[1.1911653431181466, 1.1922816616738356, 1.196356402582809, 1.1927538358892498, 1.1951972997630784, 1.195400735228269, 1.1935484488861121, 1.1953953326783044, 1.1931453660320626, 1.1914124870028642, 1.1968205528512692, 1.1956005639513185, 1.193453605190802, 1.194128152028663, 1.1926940999603308]
[I 2022-11-13 15:19:31,956] Trial 52 finished with value: 1.1926940999603308 and parameters: {'optimizer': 'Adam', 'lr': 9.816966098078293e-05, 'hidden_dim': 5, 'latent_dim': 4}. Best is trial 18 with value: 1.0382107218962973.
build_Encoder(
  (FC_input): Linear(in_features=5, out_features=5, bias=True)
  (FC_input2): Linear(in_features=5, out_features=5, bias=True)
  (FC_mean): Linear(in_features=5, out_features=4, bias=True)
  (FC_var): Linear(in_features=5, out_features=4, bias=True)
  (LeakyReLU): LeakyReLU(negative_slope=0.01)
)
build_Decoder(
  (FC_hidden): Linear(in_features=4, out_features=5, bias=True)
  (FC_hidden2): Linear(in_features=5, out_features=5, bias=True)
  (FC_output): Linear(in_features=5, out_features=5, bias=True)
  (LeakyReLU): LeakyReLU(negative_slope=0.2)
)
epoch: 0
epoch_0_loss:  1.0804531210922623
epoch: 1
epoch_1_loss:  1.079864916941897
epoch: 2
epoch_2_loss:  1.080387736430214
epoch: 3
epoch_3_loss:  1.0796632970028925
epoch: 4
epoch_4_loss:  1.0798609076509604
epoch: 5
epoch_5_loss:  1.079902272011959
epoch: 6
epoch_6_loss:  1.0801911992446012
epoch: 7
epoch_7_loss:  1.0790364567223791
epoch: 8
epoch_8_loss:  1.0805094785163154
epoch: 9
epoch_9_loss:  1.0797584753594895
epoch: 10
epoch_10_loss:  1.0801046207968121
epoch: 11
epoch_11_loss:  1.0801481271549398
epoch: 12
epoch_12_loss:  1.0799138246480198
epoch: 13
epoch_13_loss:  1.079709280566598
epoch: 14
epoch_14_loss:  1.0802451970998628
[1.0804531210922623, 1.079864916941897, 1.080387736430214, 1.0796632970028925, 1.0798609076509604, 1.079902272011959, 1.0801911992446012, 1.0790364567223791, 1.0805094785163154, 1.0797584753594895, 1.0801046207968121, 1.0801481271549398, 1.0799138246480198, 1.079709280566598, 1.0802451970998628]
[I 2022-11-13 15:20:52,302] Trial 53 finished with value: 1.0802451970998628 and parameters: {'optimizer': 'Adam', 'lr': 0.00013460055181769407, 'hidden_dim': 5, 'latent_dim': 4}. Best is trial 18 with value: 1.0382107218962973.
build_Encoder(
  (FC_input): Linear(in_features=5, out_features=5, bias=True)
  (FC_input2): Linear(in_features=5, out_features=5, bias=True)
  (FC_mean): Linear(in_features=5, out_features=4, bias=True)
  (FC_var): Linear(in_features=5, out_features=4, bias=True)
  (LeakyReLU): LeakyReLU(negative_slope=0.01)
)
build_Decoder(
  (FC_hidden): Linear(in_features=4, out_features=5, bias=True)
  (FC_hidden2): Linear(in_features=5, out_features=5, bias=True)
  (FC_output): Linear(in_features=5, out_features=5, bias=True)
  (LeakyReLU): LeakyReLU(negative_slope=0.2)
)
epoch: 0
epoch_0_loss:  1.0446153142818364
epoch: 1
epoch_1_loss:  1.0444186569773886
epoch: 2
epoch_2_loss:  1.0449781245420298
epoch: 3
epoch_3_loss:  1.0433809784366466
epoch: 4
epoch_4_loss:  1.0424111376137577
epoch: 5
epoch_5_loss:  1.043104738976626
epoch: 6
epoch_6_loss:  1.0430517206638759
epoch: 7
epoch_7_loss:  1.0433987843530481
epoch: 8
epoch_8_loss:  1.0436827294425206
epoch: 9
epoch_9_loss:  1.044040280569254
epoch: 10
epoch_10_loss:  1.0427255782003255
epoch: 11
epoch_11_loss:  1.0426898377688534
epoch: 12
epoch_12_loss:  1.0441775466418466
epoch: 13
epoch_13_loss:  1.0434011097040807
epoch: 14
epoch_14_loss:  1.0445718119498337
[1.0446153142818364, 1.0444186569773886, 1.0449781245420298, 1.0433809784366466, 1.0424111376137577, 1.043104738976626, 1.0430517206638759, 1.0433987843530481, 1.0436827294425206, 1.044040280569254, 1.0427255782003255, 1.0426898377688534, 1.0441775466418466, 1.0434011097040807, 1.0445718119498337]
