[I 2022-11-13 23:41:35,185] Trial 129 finished with value: 1.0543749090550127 and parameters: {'optimizer': 'Adam', 'lr': 5.908738201700363e-05, 'hidden_dim': 5, 'latent_dim': 4, 'mem_dim': 177}. Best is trial 45 with value: 1.016495998638263.
build_Encoder(
  (FC_input): Linear(in_features=5, out_features=5, bias=True)
  (FC_input2): Linear(in_features=5, out_features=5, bias=True)
  (FC_mean): Linear(in_features=5, out_features=5, bias=True)
  (FC_var): Linear(in_features=5, out_features=5, bias=True)
  (LeakyReLU): LeakyReLU(negative_slope=0.01)
)
build_Decoder(
  (FC_hidden): Linear(in_features=5, out_features=5, bias=True)
  (FC_hidden2): Linear(in_features=5, out_features=5, bias=True)
  (FC_output): Linear(in_features=5, out_features=5, bias=True)
  (LeakyReLU): LeakyReLU(negative_slope=0.2)
)
epoch: 0
epoch_0_loss:  1.0997323301388406
epoch: 1
epoch_1_loss:  1.0997068264504184
epoch: 2
epoch_2_loss:  1.099647557950761
epoch: 3
epoch_3_loss:  1.0997036768567392
epoch: 4
epoch_4_loss:  1.0997391890568042
epoch: 5
epoch_5_loss:  1.0997091492137774
epoch: 6
epoch_6_loss:  1.0997361479060022
epoch: 7
epoch_7_loss:  1.0997154628745827
epoch: 8
epoch_8_loss:  1.0996683199082256
epoch: 9
epoch_9_loss:  1.0997213741098861
epoch: 10
epoch_10_loss:  1.099696686270993
epoch: 11
epoch_11_loss:  1.099737548279242
epoch: 12
epoch_12_loss:  1.0997141867584477
epoch: 13
epoch_13_loss:  1.099680780144411
epoch: 14
epoch_14_loss:  1.0996838733637342
[1.0997323301388406, 1.0997068264504184, 1.099647557950761, 1.0997036768567392, 1.0997391890568042, 1.0997091492137774, 1.0997361479060022, 1.0997154628745827, 1.0996683199082256, 1.0997213741098861, 1.099696686270993, 1.099737548279242, 1.0997141867584477, 1.099680780144411, 1.0996838733637342]
[I 2022-11-13 23:43:50,081] Trial 130 finished with value: 1.0996838733637342 and parameters: {'optimizer': 'Adam', 'lr': 4.98216375924634e-05, 'hidden_dim': 5, 'latent_dim': 5, 'mem_dim': 118}. Best is trial 45 with value: 1.016495998638263.
build_Encoder(
  (FC_input): Linear(in_features=5, out_features=5, bias=True)
  (FC_input2): Linear(in_features=5, out_features=5, bias=True)
  (FC_mean): Linear(in_features=5, out_features=4, bias=True)
  (FC_var): Linear(in_features=5, out_features=4, bias=True)
  (LeakyReLU): LeakyReLU(negative_slope=0.01)
)
build_Decoder(
  (FC_hidden): Linear(in_features=4, out_features=5, bias=True)
  (FC_hidden2): Linear(in_features=5, out_features=5, bias=True)
  (FC_output): Linear(in_features=5, out_features=5, bias=True)
  (LeakyReLU): LeakyReLU(negative_slope=0.2)
)
epoch: 0
epoch_0_loss:  1.0280609348581782
epoch: 1
epoch_1_loss:  1.028052229658802
epoch: 2
epoch_2_loss:  1.027700935490951
epoch: 3
epoch_3_loss:  1.0277484115541766
epoch: 4
epoch_4_loss:  1.027946346869483
epoch: 5
epoch_5_loss:  1.0280114855766984
epoch: 6
epoch_6_loss:  1.0278588244057743
epoch: 7
epoch_7_loss:  1.0279135426784936
epoch: 8
epoch_8_loss:  1.0279649870443563
epoch: 9
epoch_9_loss:  1.0278708273954367
epoch: 10
epoch_10_loss:  1.0280400409184038
epoch: 11
epoch_11_loss:  1.0274828352379393
epoch: 12
epoch_12_loss:  1.027969568499941
epoch: 13
epoch_13_loss:  1.0282105322407198
epoch: 14
epoch_14_loss:  1.0280765259377105
[1.0280609348581782, 1.028052229658802, 1.027700935490951, 1.0277484115541766, 1.027946346869483, 1.0280114855766984, 1.0278588244057743, 1.0279135426784936, 1.0279649870443563, 1.0278708273954367, 1.0280400409184038, 1.0274828352379393, 1.027969568499941, 1.0282105322407198, 1.0280765259377105]
[I 2022-11-13 23:46:04,048] Trial 131 finished with value: 1.0280765259377105 and parameters: {'optimizer': 'Adam', 'lr': 0.00041923462985611533, 'hidden_dim': 5, 'latent_dim': 4, 'mem_dim': 74}. Best is trial 45 with value: 1.016495998638263.
build_Encoder(
  (FC_input): Linear(in_features=5, out_features=5, bias=True)
  (FC_input2): Linear(in_features=5, out_features=5, bias=True)
  (FC_mean): Linear(in_features=5, out_features=4, bias=True)
  (FC_var): Linear(in_features=5, out_features=4, bias=True)
  (LeakyReLU): LeakyReLU(negative_slope=0.01)
)
build_Decoder(
  (FC_hidden): Linear(in_features=4, out_features=5, bias=True)
  (FC_hidden2): Linear(in_features=5, out_features=5, bias=True)
  (FC_output): Linear(in_features=5, out_features=5, bias=True)
  (LeakyReLU): LeakyReLU(negative_slope=0.2)
)
epoch: 0
epoch_0_loss:  1.1322893336638538
epoch: 1
epoch_1_loss:  1.1322827738360535
epoch: 2
epoch_2_loss:  1.1323478155461923
epoch: 3
epoch_3_loss:  1.1322946555826952
epoch: 4
epoch_4_loss:  1.1322954841348278
epoch: 5
epoch_5_loss:  1.1323416341545784
epoch: 6
epoch_6_loss:  1.1322837568865425
epoch: 7
epoch_7_loss:  1.1322670487211812
epoch: 8
epoch_8_loss:  1.1322694555967128
epoch: 9
epoch_9_loss:  1.1322383319839597
epoch: 10
epoch_10_loss:  1.1322975931279684
epoch: 11
epoch_11_loss:  1.132281151855507
epoch: 12
epoch_12_loss:  1.132359484261206
epoch: 13
epoch_13_loss:  1.1322741834068626
epoch: 14
epoch_14_loss:  1.1323377181364063
[1.1322893336638538, 1.1322827738360535, 1.1323478155461923, 1.1322946555826952, 1.1322954841348278, 1.1323416341545784, 1.1322837568865425, 1.1322670487211812, 1.1322694555967128, 1.1322383319839597, 1.1322975931279684, 1.132281151855507, 1.132359484261206, 1.1322741834068626, 1.1323377181364063]
[I 2022-11-13 23:48:17,906] Trial 132 finished with value: 1.1323377181364063 and parameters: {'optimizer': 'Adam', 'lr': 0.0003283605445188421, 'hidden_dim': 5, 'latent_dim': 4, 'mem_dim': 57}. Best is trial 45 with value: 1.016495998638263.
build_Encoder(
  (FC_input): Linear(in_features=5, out_features=5, bias=True)
  (FC_input2): Linear(in_features=5, out_features=5, bias=True)
  (FC_mean): Linear(in_features=5, out_features=4, bias=True)
  (FC_var): Linear(in_features=5, out_features=4, bias=True)
  (LeakyReLU): LeakyReLU(negative_slope=0.01)
)
build_Decoder(
  (FC_hidden): Linear(in_features=4, out_features=5, bias=True)
  (FC_hidden2): Linear(in_features=5, out_features=5, bias=True)
  (FC_output): Linear(in_features=5, out_features=5, bias=True)
  (LeakyReLU): LeakyReLU(negative_slope=0.2)
)
epoch: 0
epoch_0_loss:  1.094320324064592
epoch: 1
epoch_1_loss:  1.0945690666794572
epoch: 2
epoch_2_loss:  1.094741370265918
epoch: 3
epoch_3_loss:  1.0942652287355876
epoch: 4
epoch_4_loss:  1.0944183664083442
epoch: 5
epoch_5_loss:  1.0948023766212587
epoch: 6
epoch_6_loss:  1.0945817497946835
epoch: 7
epoch_7_loss:  1.0943667141415385
epoch: 8
epoch_8_loss:  1.0946936775590923
epoch: 9
epoch_9_loss:  1.0944533747299052
epoch: 10
epoch_10_loss:  1.0942732965361377
epoch: 11
epoch_11_loss:  1.094418955488455
epoch: 12
epoch_12_loss:  1.0945631637450128
epoch: 13
epoch_13_loss:  1.0944948891426578
epoch: 14
epoch_14_loss:  1.094580558402301
[1.094320324064592, 1.0945690666794572, 1.094741370265918, 1.0942652287355876, 1.0944183664083442, 1.0948023766212587, 1.0945817497946835, 1.0943667141415385, 1.0946936775590923, 1.0944533747299052, 1.0942732965361377, 1.094418955488455, 1.0945631637450128, 1.0944948891426578, 1.094580558402301]
[I 2022-11-13 23:50:32,293] Trial 133 finished with value: 1.094580558402301 and parameters: {'optimizer': 'Adam', 'lr': 0.0004183707608850886, 'hidden_dim': 5, 'latent_dim': 4, 'mem_dim': 81}. Best is trial 45 with value: 1.016495998638263.
build_Encoder(
  (FC_input): Linear(in_features=5, out_features=5, bias=True)
  (FC_input2): Linear(in_features=5, out_features=5, bias=True)
  (FC_mean): Linear(in_features=5, out_features=4, bias=True)
  (FC_var): Linear(in_features=5, out_features=4, bias=True)
  (LeakyReLU): LeakyReLU(negative_slope=0.01)
)
build_Decoder(
  (FC_hidden): Linear(in_features=4, out_features=5, bias=True)
  (FC_hidden2): Linear(in_features=5, out_features=5, bias=True)
  (FC_output): Linear(in_features=5, out_features=5, bias=True)
  (LeakyReLU): LeakyReLU(negative_slope=0.2)
)
epoch: 0
epoch_0_loss:  1.0680053563127663
epoch: 1
epoch_1_loss:  1.0677745873909168
epoch: 2
epoch_2_loss:  1.0678730661569003
epoch: 3
epoch_3_loss:  1.0677704737033749
epoch: 4
epoch_4_loss:  1.067741396658809
epoch: 5
epoch_5_loss:  1.0677255192099728
epoch: 6
epoch_6_loss:  1.067816557602613
epoch: 7
epoch_7_loss:  1.06779990830774
epoch: 8
epoch_8_loss:  1.0677997654340943
epoch: 9
epoch_9_loss:  1.0677990002098103
epoch: 10
epoch_10_loss:  1.0677778370176643
epoch: 11
epoch_11_loss:  1.0678451237428095
epoch: 12
epoch_12_loss:  1.0678437493947024
epoch: 13
epoch_13_loss:  1.0678440278403314
epoch: 14
epoch_14_loss:  1.067995332183801
[1.0680053563127663, 1.0677745873909168, 1.0678730661569003, 1.0677704737033749, 1.067741396658809, 1.0677255192099728, 1.067816557602613, 1.06779990830774, 1.0677997654340943, 1.0677990002098103, 1.0677778370176643, 1.0678451237428095, 1.0678437493947024, 1.0678440278403314, 1.067995332183801]
[I 2022-11-13 23:52:47,235] Trial 134 finished with value: 1.067995332183801 and parameters: {'optimizer': 'Adam', 'lr': 0.0005259299172877386, 'hidden_dim': 5, 'latent_dim': 4, 'mem_dim': 88}. Best is trial 45 with value: 1.016495998638263.
build_Encoder(
  (FC_input): Linear(in_features=5, out_features=5, bias=True)
  (FC_input2): Linear(in_features=5, out_features=5, bias=True)
  (FC_mean): Linear(in_features=5, out_features=4, bias=True)
  (FC_var): Linear(in_features=5, out_features=4, bias=True)
  (LeakyReLU): LeakyReLU(negative_slope=0.01)
)
build_Decoder(
  (FC_hidden): Linear(in_features=4, out_features=5, bias=True)
  (FC_hidden2): Linear(in_features=5, out_features=5, bias=True)
  (FC_output): Linear(in_features=5, out_features=5, bias=True)
  (LeakyReLU): LeakyReLU(negative_slope=0.2)
)
epoch: 0
epoch_0_loss:  1.1115921871651624
epoch: 1
epoch_1_loss:  1.1116002261121212
epoch: 2
epoch_2_loss:  1.1118193550483415
epoch: 3
epoch_3_loss:  1.1116724422483701
epoch: 4
epoch_4_loss:  1.1116459292749028
epoch: 5
epoch_5_loss:  1.1117158878408946
epoch: 6
epoch_6_loss:  1.1116506354682496
epoch: 7
epoch_7_loss:  1.1114883444618064
epoch: 8
epoch_8_loss:  1.111629926029189
epoch: 9
epoch_9_loss:  1.1116379052463181
epoch: 10
epoch_10_loss:  1.111786509989478
epoch: 11
epoch_11_loss:  1.1116232408684772
epoch: 12
epoch_12_loss:  1.1117072939346966
epoch: 13
epoch_13_loss:  1.1116530074464386
epoch: 14
epoch_14_loss:  1.1116138672306446
[1.1115921871651624, 1.1116002261121212, 1.1118193550483415, 1.1116724422483701, 1.1116459292749028, 1.1117158878408946, 1.1116506354682496, 1.1114883444618064, 1.111629926029189, 1.1116379052463181, 1.111786509989478, 1.1116232408684772, 1.1117072939346966, 1.1116530074464386, 1.1116138672306446]
[I 2022-11-13 23:55:29,429] Trial 135 finished with value: 1.1116138672306446 and parameters: {'optimizer': 'Adam', 'lr': 9.337923546916165e-05, 'hidden_dim': 5, 'latent_dim': 4, 'mem_dim': 103}. Best is trial 45 with value: 1.016495998638263.
build_Encoder(
  (FC_input): Linear(in_features=5, out_features=5, bias=True)
  (FC_input2): Linear(in_features=5, out_features=5, bias=True)
  (FC_mean): Linear(in_features=5, out_features=4, bias=True)
  (FC_var): Linear(in_features=5, out_features=4, bias=True)
  (LeakyReLU): LeakyReLU(negative_slope=0.01)
)
build_Decoder(
  (FC_hidden): Linear(in_features=4, out_features=5, bias=True)
  (FC_hidden2): Linear(in_features=5, out_features=5, bias=True)
  (FC_output): Linear(in_features=5, out_features=5, bias=True)
  (LeakyReLU): LeakyReLU(negative_slope=0.2)
)
epoch: 0
epoch_0_loss:  1.068927472844906
epoch: 1
epoch_1_loss:  1.068905794246433
epoch: 2
epoch_2_loss:  1.0687688790725711
epoch: 3
epoch_3_loss:  1.069002400451264
epoch: 4
epoch_4_loss:  1.0689445004922482
epoch: 5
epoch_5_loss:  1.0689001947541485
epoch: 6
epoch_6_loss:  1.0689006991692522
epoch: 7
epoch_7_loss:  1.0687531395146357
epoch: 8
epoch_8_loss:  1.068556658007495
epoch: 9
epoch_9_loss:  1.068964701323102
epoch: 10
epoch_10_loss:  1.0689055202264772
epoch: 11
epoch_11_loss:  1.0690279393046767
epoch: 12
epoch_12_loss:  1.0685152479499453
epoch: 13
epoch_13_loss:  1.0688525235852984
epoch: 14
epoch_14_loss:  1.0688566862778555
[1.068927472844906, 1.068905794246433, 1.0687688790725711, 1.069002400451264, 1.0689445004922482, 1.0689001947541485, 1.0689006991692522, 1.0687531395146357, 1.068556658007495, 1.068964701323102, 1.0689055202264772, 1.0690279393046767, 1.0685152479499453, 1.0688525235852984, 1.0688566862778555]
[I 2022-11-13 23:57:44,417] Trial 136 finished with value: 1.0688566862778555 and parameters: {'optimizer': 'Adam', 'lr': 0.0005920301450121425, 'hidden_dim': 5, 'latent_dim': 4, 'mem_dim': 67}. Best is trial 45 with value: 1.016495998638263.
build_Encoder(
  (FC_input): Linear(in_features=5, out_features=5, bias=True)
  (FC_input2): Linear(in_features=5, out_features=5, bias=True)
  (FC_mean): Linear(in_features=5, out_features=5, bias=True)
  (FC_var): Linear(in_features=5, out_features=5, bias=True)
  (LeakyReLU): LeakyReLU(negative_slope=0.01)
)
build_Decoder(
  (FC_hidden): Linear(in_features=5, out_features=5, bias=True)
  (FC_hidden2): Linear(in_features=5, out_features=5, bias=True)
  (FC_output): Linear(in_features=5, out_features=5, bias=True)
  (LeakyReLU): LeakyReLU(negative_slope=0.2)
)
epoch: 0
epoch_0_loss:  1.0907362967534489
epoch: 1
epoch_1_loss:  1.090626001493649
epoch: 2
epoch_2_loss:  1.0905604529393005
epoch: 3
epoch_3_loss:  1.090457157892217
epoch: 4
epoch_4_loss:  1.0903856110141241
epoch: 5
epoch_5_loss:  1.090553106173395
epoch: 6
epoch_6_loss:  1.090263498875043
epoch: 7
epoch_7_loss:  1.0904979955316847
epoch: 8
epoch_8_loss:  1.090447374837313
epoch: 9
epoch_9_loss:  1.090685340371927
epoch: 10
epoch_10_loss:  1.0905479759831234
epoch: 11
epoch_11_loss:  1.0904159907768505
epoch: 12
epoch_12_loss:  1.0903902584473018
epoch: 13
epoch_13_loss:  1.0905443991945696
epoch: 14
epoch_14_loss:  1.0904412487768487
[1.0907362967534489, 1.090626001493649, 1.0905604529393005, 1.090457157892217, 1.0903856110141241, 1.090553106173395, 1.090263498875043, 1.0904979955316847, 1.090447374837313, 1.090685340371927, 1.0905479759831234, 1.0904159907768505, 1.0903902584473018, 1.0905443991945696, 1.0904412487768487]
[I 2022-11-13 23:59:58,160] Trial 137 finished with value: 1.0904412487768487 and parameters: {'optimizer': 'Adam', 'lr': 0.00023871859040105843, 'hidden_dim': 5, 'latent_dim': 5, 'mem_dim': 49}. Best is trial 45 with value: 1.016495998638263.
build_Encoder(
  (FC_input): Linear(in_features=5, out_features=5, bias=True)
  (FC_input2): Linear(in_features=5, out_features=5, bias=True)
  (FC_mean): Linear(in_features=5, out_features=4, bias=True)
  (FC_var): Linear(in_features=5, out_features=4, bias=True)
  (LeakyReLU): LeakyReLU(negative_slope=0.01)
)
build_Decoder(
  (FC_hidden): Linear(in_features=4, out_features=5, bias=True)
  (FC_hidden2): Linear(in_features=5, out_features=5, bias=True)
  (FC_output): Linear(in_features=5, out_features=5, bias=True)
  (LeakyReLU): LeakyReLU(negative_slope=0.2)
)
epoch: 0
epoch_0_loss:  1.047818491889531
epoch: 1
epoch_1_loss:  1.0475703303237818
epoch: 2
epoch_2_loss:  1.047727568081581
epoch: 3
epoch_3_loss:  1.0476345404133267
epoch: 4
epoch_4_loss:  1.0477296529409876
epoch: 5
epoch_5_loss:  1.047675736668775
epoch: 6
epoch_6_loss:  1.047771354800208
epoch: 7
epoch_7_loss:  1.0479035285541183
epoch: 8
epoch_8_loss:  1.0478207855562969
epoch: 9
epoch_9_loss:  1.047806816870486
epoch: 10
epoch_10_loss:  1.0478033700778462
epoch: 11
epoch_11_loss:  1.047561793350642
epoch: 12
epoch_12_loss:  1.0477044688871804
epoch: 13
epoch_13_loss:  1.0477391889749668
epoch: 14
epoch_14_loss:  1.0478690610500248
[1.047818491889531, 1.0475703303237818, 1.047727568081581, 1.0476345404133267, 1.0477296529409876, 1.047675736668775, 1.047771354800208, 1.0479035285541183, 1.0478207855562969, 1.047806816870486, 1.0478033700778462, 1.047561793350642, 1.0477044688871804, 1.0477391889749668, 1.0478690610500248]
[I 2022-11-14 00:02:11,824] Trial 138 finished with value: 1.0478690610500248 and parameters: {'optimizer': 'Adam', 'lr': 0.00011627148402994397, 'hidden_dim': 5, 'latent_dim': 4, 'mem_dim': 94}. Best is trial 45 with value: 1.016495998638263.
build_Encoder(
  (FC_input): Linear(in_features=5, out_features=5, bias=True)
  (FC_input2): Linear(in_features=5, out_features=5, bias=True)
  (FC_mean): Linear(in_features=5, out_features=4, bias=True)
  (FC_var): Linear(in_features=5, out_features=4, bias=True)
  (LeakyReLU): LeakyReLU(negative_slope=0.01)
)
build_Decoder(
  (FC_hidden): Linear(in_features=4, out_features=5, bias=True)
  (FC_hidden2): Linear(in_features=5, out_features=5, bias=True)
  (FC_output): Linear(in_features=5, out_features=5, bias=True)
  (LeakyReLU): LeakyReLU(negative_slope=0.2)
)
epoch: 0
epoch_0_loss:  1.094575460742532
epoch: 1
epoch_1_loss:  1.0946683972089173
epoch: 2
epoch_2_loss:  1.0946660300352158
epoch: 3
epoch_3_loss:  1.0947267247279946
epoch: 4
epoch_4_loss:  1.0946095303510524
epoch: 5
epoch_5_loss:  1.0947400863725485
epoch: 6
epoch_6_loss:  1.0945773008194741
epoch: 7
epoch_7_loss:  1.0946192778542625
epoch: 8
epoch_8_loss:  1.0946314213914812
epoch: 9
epoch_9_loss:  1.0946197370847035
epoch: 10
epoch_10_loss:  1.0946523239906514
epoch: 11
epoch_11_loss:  1.0946173684922413
epoch: 12
epoch_12_loss:  1.0946638270288296
epoch: 13
epoch_13_loss:  1.0946930027581194
epoch: 14
epoch_14_loss:  1.0946303761262448
[1.094575460742532, 1.0946683972089173, 1.0946660300352158, 1.0947267247279946, 1.0946095303510524, 1.0947400863725485, 1.0945773008194741, 1.0946192778542625, 1.0946314213914812, 1.0946197370847035, 1.0946523239906514, 1.0946173684922413, 1.0946638270288296, 1.0946930027581194, 1.0946303761262448]
[I 2022-11-14 00:04:25,626] Trial 139 finished with value: 1.0946303761262448 and parameters: {'optimizer': 'Adam', 'lr': 0.0004950446351185762, 'hidden_dim': 5, 'latent_dim': 4, 'mem_dim': 73}. Best is trial 45 with value: 1.016495998638263.
build_Encoder(
  (FC_input): Linear(in_features=5, out_features=4, bias=True)
  (FC_input2): Linear(in_features=4, out_features=4, bias=True)
  (FC_mean): Linear(in_features=4, out_features=4, bias=True)
  (FC_var): Linear(in_features=4, out_features=4, bias=True)
  (LeakyReLU): LeakyReLU(negative_slope=0.01)
)
build_Decoder(
  (FC_hidden): Linear(in_features=4, out_features=4, bias=True)
  (FC_hidden2): Linear(in_features=4, out_features=4, bias=True)
  (FC_output): Linear(in_features=4, out_features=5, bias=True)
  (LeakyReLU): LeakyReLU(negative_slope=0.2)
)
epoch: 0
epoch_0_loss:  1.108482195832747
epoch: 1
epoch_1_loss:  1.1085954093583215
epoch: 2
epoch_2_loss:  1.108598463148613
epoch: 3
epoch_3_loss:  1.1084279968423882
epoch: 4
epoch_4_loss:  1.1086575326389023
epoch: 5
epoch_5_loss:  1.1085738307076345
epoch: 6
epoch_6_loss:  1.108640462953469
epoch: 7
epoch_7_loss:  1.1087353233173927
epoch: 8
epoch_8_loss:  1.1086082002260176
epoch: 9
epoch_9_loss:  1.108356919626801
epoch: 10
epoch_10_loss:  1.1085754323597383
epoch: 11
epoch_11_loss:  1.1085660485031765
epoch: 12
epoch_12_loss:  1.108504162808696
epoch: 13
epoch_13_loss:  1.1085546339617678
epoch: 14
epoch_14_loss:  1.1083174289343187
[1.108482195832747, 1.1085954093583215, 1.108598463148613, 1.1084279968423882, 1.1086575326389023, 1.1085738307076345, 1.108640462953469, 1.1087353233173927, 1.1086082002260176, 1.108356919626801, 1.1085754323597383, 1.1085660485031765, 1.108504162808696, 1.1085546339617678, 1.1083174289343187]
[I 2022-11-14 00:06:46,549] Trial 140 finished with value: 1.1083174289343187 and parameters: {'optimizer': 'Adam', 'lr': 0.0002891540817626074, 'hidden_dim': 4, 'latent_dim': 4, 'mem_dim': 131}. Best is trial 45 with value: 1.016495998638263.
build_Encoder(
  (FC_input): Linear(in_features=5, out_features=5, bias=True)
  (FC_input2): Linear(in_features=5, out_features=5, bias=True)
  (FC_mean): Linear(in_features=5, out_features=4, bias=True)
  (FC_var): Linear(in_features=5, out_features=4, bias=True)
  (LeakyReLU): LeakyReLU(negative_slope=0.01)
)
build_Decoder(
  (FC_hidden): Linear(in_features=4, out_features=5, bias=True)
  (FC_hidden2): Linear(in_features=5, out_features=5, bias=True)
  (FC_output): Linear(in_features=5, out_features=5, bias=True)
  (LeakyReLU): LeakyReLU(negative_slope=0.2)
)
epoch: 0
epoch_0_loss:  1.1296765771539306
epoch: 1
epoch_1_loss:  1.1296653091592974
epoch: 2
epoch_2_loss:  1.1297659801350015
epoch: 3
epoch_3_loss:  1.1287798546437195
epoch: 4
epoch_4_loss:  1.1295336650374643
epoch: 5
epoch_5_loss:  1.1292296365877283
epoch: 6
epoch_6_loss:  1.129264339818211
epoch: 7
epoch_7_loss:  1.1291523868329165
epoch: 8
epoch_8_loss:  1.1297027716080357
epoch: 9
epoch_9_loss:  1.1295724552428834
epoch: 10
epoch_10_loss:  1.1296491595772749
epoch: 11
epoch_11_loss:  1.1295487903792947
epoch: 12
epoch_12_loss:  1.1293476979127997
epoch: 13
epoch_13_loss:  1.1294697403260465
epoch: 14
epoch_14_loss:  1.1294121564655675
[1.1296765771539306, 1.1296653091592974, 1.1297659801350015, 1.1287798546437195, 1.1295336650374643, 1.1292296365877283, 1.129264339818211, 1.1291523868329165, 1.1297027716080357, 1.1295724552428834, 1.1296491595772749, 1.1295487903792947, 1.1293476979127997, 1.1294697403260465, 1.1294121564655675]
