[I 2022-11-14 01:59:31,860] Trial 189 finished with value: 1.0453997323351716 and parameters: {'optimizer': 'Adam', 'lr': 0.00027289175746925885, 'hidden_dim': 5, 'latent_dim': 4, 'mem_dim': 226}. Best is trial 45 with value: 1.016495998638263.
build_Encoder(
  (FC_input): Linear(in_features=5, out_features=4, bias=True)
  (FC_input2): Linear(in_features=4, out_features=4, bias=True)
  (FC_mean): Linear(in_features=4, out_features=5, bias=True)
  (FC_var): Linear(in_features=4, out_features=5, bias=True)
  (LeakyReLU): LeakyReLU(negative_slope=0.01)
)
build_Decoder(
  (FC_hidden): Linear(in_features=5, out_features=4, bias=True)
  (FC_hidden2): Linear(in_features=4, out_features=4, bias=True)
  (FC_output): Linear(in_features=4, out_features=5, bias=True)
  (LeakyReLU): LeakyReLU(negative_slope=0.2)
)
epoch: 0
epoch_0_loss:  1.134752361695912
epoch: 1
epoch_1_loss:  1.134755422361456
epoch: 2
epoch_2_loss:  1.134789461867732
epoch: 3
epoch_3_loss:  1.1347971346064487
epoch: 4
epoch_4_loss:  1.1347423581282854
epoch: 5
epoch_5_loss:  1.134799080414453
epoch: 6
epoch_6_loss:  1.1346642701948926
epoch: 7
epoch_7_loss:  1.1347715263031954
epoch: 8
epoch_8_loss:  1.1348210975743707
epoch: 9
epoch_9_loss:  1.1347751243123945
epoch: 10
epoch_10_loss:  1.134882969696735
epoch: 11
epoch_11_loss:  1.1347235421360882
epoch: 12
epoch_12_loss:  1.1347304566874703
epoch: 13
epoch_13_loss:  1.1348075513740743
epoch: 14
epoch_14_loss:  1.134730872435501
[1.134752361695912, 1.134755422361456, 1.134789461867732, 1.1347971346064487, 1.1347423581282854, 1.134799080414453, 1.1346642701948926, 1.1347715263031954, 1.1348210975743707, 1.1347751243123945, 1.134882969696735, 1.1347235421360882, 1.1347304566874703, 1.1348075513740743, 1.134730872435501]
[I 2022-11-14 02:01:45,514] Trial 190 finished with value: 1.134730872435501 and parameters: {'optimizer': 'Adam', 'lr': 0.0002118624970154877, 'hidden_dim': 4, 'latent_dim': 5, 'mem_dim': 62}. Best is trial 45 with value: 1.016495998638263.
build_Encoder(
  (FC_input): Linear(in_features=5, out_features=5, bias=True)
  (FC_input2): Linear(in_features=5, out_features=5, bias=True)
  (FC_mean): Linear(in_features=5, out_features=3, bias=True)
  (FC_var): Linear(in_features=5, out_features=3, bias=True)
  (LeakyReLU): LeakyReLU(negative_slope=0.01)
)
build_Decoder(
  (FC_hidden): Linear(in_features=3, out_features=5, bias=True)
  (FC_hidden2): Linear(in_features=5, out_features=5, bias=True)
  (FC_output): Linear(in_features=5, out_features=5, bias=True)
  (LeakyReLU): LeakyReLU(negative_slope=0.2)
)
epoch: 0
epoch_0_loss:  1.0910633665623493
epoch: 1
epoch_1_loss:  1.0909077359529828
epoch: 2
epoch_2_loss:  1.091181397294087
epoch: 3
epoch_3_loss:  1.09114458199483
epoch: 4
epoch_4_loss:  1.0909602841713397
epoch: 5
epoch_5_loss:  1.0909293890061982
epoch: 6
epoch_6_loss:  1.0909416850325575
epoch: 7
epoch_7_loss:  1.090775530063945
epoch: 8
epoch_8_loss:  1.0911632084212852
epoch: 9
epoch_9_loss:  1.0909019129085284
epoch: 10
epoch_10_loss:  1.0909597255071524
epoch: 11
epoch_11_loss:  1.0910012133553044
epoch: 12
epoch_12_loss:  1.0907778464512259
epoch: 13
epoch_13_loss:  1.0909332976671569
epoch: 14
epoch_14_loss:  1.090805840384068
[1.0910633665623493, 1.0909077359529828, 1.091181397294087, 1.09114458199483, 1.0909602841713397, 1.0909293890061982, 1.0909416850325575, 1.090775530063945, 1.0911632084212852, 1.0909019129085284, 1.0909597255071524, 1.0910012133553044, 1.0907778464512259, 1.0909332976671569, 1.090805840384068]
[I 2022-11-14 02:03:59,070] Trial 191 finished with value: 1.090805840384068 and parameters: {'optimizer': 'Adam', 'lr': 0.0001019415675104343, 'hidden_dim': 5, 'latent_dim': 3, 'mem_dim': 81}. Best is trial 45 with value: 1.016495998638263.
build_Encoder(
  (FC_input): Linear(in_features=5, out_features=5, bias=True)
  (FC_input2): Linear(in_features=5, out_features=5, bias=True)
  (FC_mean): Linear(in_features=5, out_features=3, bias=True)
  (FC_var): Linear(in_features=5, out_features=3, bias=True)
  (LeakyReLU): LeakyReLU(negative_slope=0.01)
)
build_Decoder(
  (FC_hidden): Linear(in_features=3, out_features=5, bias=True)
  (FC_hidden2): Linear(in_features=5, out_features=5, bias=True)
  (FC_output): Linear(in_features=5, out_features=5, bias=True)
  (LeakyReLU): LeakyReLU(negative_slope=0.2)
)
epoch: 0
epoch_0_loss:  1.1210731361050903
epoch: 1
epoch_1_loss:  1.121081331118866
epoch: 2
epoch_2_loss:  1.1210391769108465
epoch: 3
epoch_3_loss:  1.121095387906658
epoch: 4
epoch_4_loss:  1.1210738941617633
epoch: 5
epoch_5_loss:  1.121079830904769
epoch: 6
epoch_6_loss:  1.1210583182478449
epoch: 7
epoch_7_loss:  1.1210723793349515
epoch: 8
epoch_8_loss:  1.1210583011619486
epoch: 9
epoch_9_loss:  1.1210691930848227
epoch: 10
epoch_10_loss:  1.1210569250443025
epoch: 11
epoch_11_loss:  1.1210606133756214
epoch: 12
epoch_12_loss:  1.1210647504755853
epoch: 13
epoch_13_loss:  1.1210802134120688
epoch: 14
epoch_14_loss:  1.1210652664872327
[1.1210731361050903, 1.121081331118866, 1.1210391769108465, 1.121095387906658, 1.1210738941617633, 1.121079830904769, 1.1210583182478449, 1.1210723793349515, 1.1210583011619486, 1.1210691930848227, 1.1210569250443025, 1.1210606133756214, 1.1210647504755853, 1.1210802134120688, 1.1210652664872327]
[I 2022-11-14 02:06:13,025] Trial 192 finished with value: 1.1210652664872327 and parameters: {'optimizer': 'Adam', 'lr': 1.0057566622627033e-05, 'hidden_dim': 5, 'latent_dim': 3, 'mem_dim': 103}. Best is trial 45 with value: 1.016495998638263.
build_Encoder(
  (FC_input): Linear(in_features=5, out_features=5, bias=True)
  (FC_input2): Linear(in_features=5, out_features=5, bias=True)
  (FC_mean): Linear(in_features=5, out_features=3, bias=True)
  (FC_var): Linear(in_features=5, out_features=3, bias=True)
  (LeakyReLU): LeakyReLU(negative_slope=0.01)
)
build_Decoder(
  (FC_hidden): Linear(in_features=3, out_features=5, bias=True)
  (FC_hidden2): Linear(in_features=5, out_features=5, bias=True)
  (FC_output): Linear(in_features=5, out_features=5, bias=True)
  (LeakyReLU): LeakyReLU(negative_slope=0.2)
)
epoch: 0
epoch_0_loss:  1.0243488544675419
epoch: 1
epoch_1_loss:  1.0245565425092629
epoch: 2
epoch_2_loss:  1.0244909868085585
epoch: 3
epoch_3_loss:  1.0245266710366303
epoch: 4
epoch_4_loss:  1.024651116805174
epoch: 5
epoch_5_loss:  1.0246205053243185
epoch: 6
epoch_6_loss:  1.0243512632021978
epoch: 7
epoch_7_loss:  1.0246395358163263
epoch: 8
epoch_8_loss:  1.0247618753306027
epoch: 9
epoch_9_loss:  1.0244944814598598
epoch: 10
epoch_10_loss:  1.0244702528426708
epoch: 11
epoch_11_loss:  1.0245834927925999
epoch: 12
epoch_12_loss:  1.024577070217975
epoch: 13
epoch_13_loss:  1.024469714675013
epoch: 14
epoch_14_loss:  1.0243612720742035
[1.0243488544675419, 1.0245565425092629, 1.0244909868085585, 1.0245266710366303, 1.024651116805174, 1.0246205053243185, 1.0243512632021978, 1.0246395358163263, 1.0247618753306027, 1.0244944814598598, 1.0244702528426708, 1.0245834927925999, 1.024577070217975, 1.024469714675013, 1.0243612720742035]
[I 2022-11-14 02:08:36,508] Trial 193 finished with value: 1.0243612720742035 and parameters: {'optimizer': 'Adam', 'lr': 0.0003360112342441119, 'hidden_dim': 5, 'latent_dim': 3, 'mem_dim': 219}. Best is trial 45 with value: 1.016495998638263.
build_Encoder(
  (FC_input): Linear(in_features=5, out_features=5, bias=True)
  (FC_input2): Linear(in_features=5, out_features=5, bias=True)
  (FC_mean): Linear(in_features=5, out_features=3, bias=True)
  (FC_var): Linear(in_features=5, out_features=3, bias=True)
  (LeakyReLU): LeakyReLU(negative_slope=0.01)
)
build_Decoder(
  (FC_hidden): Linear(in_features=3, out_features=5, bias=True)
  (FC_hidden2): Linear(in_features=5, out_features=5, bias=True)
  (FC_output): Linear(in_features=5, out_features=5, bias=True)
  (LeakyReLU): LeakyReLU(negative_slope=0.2)
)
epoch: 0
epoch_0_loss:  1.0318516834406377
epoch: 1
epoch_1_loss:  1.0318782404880138
epoch: 2
epoch_2_loss:  1.0318328869983906
epoch: 3
epoch_3_loss:  1.0318540234475477
epoch: 4
epoch_4_loss:  1.0319177142568183
epoch: 5
epoch_5_loss:  1.0318909178817088
epoch: 6
epoch_6_loss:  1.0318270916200327
epoch: 7
epoch_7_loss:  1.0318957063837852
epoch: 8
epoch_8_loss:  1.0318987028886106
epoch: 9
epoch_9_loss:  1.0318108019162124
epoch: 10
epoch_10_loss:  1.0318558456464084
epoch: 11
epoch_11_loss:  1.0318481627139997
epoch: 12
epoch_12_loss:  1.0317907333186247
epoch: 13
epoch_13_loss:  1.03181563225791
epoch: 14
epoch_14_loss:  1.0318641236640806
[1.0318516834406377, 1.0318782404880138, 1.0318328869983906, 1.0318540234475477, 1.0319177142568183, 1.0318909178817088, 1.0318270916200327, 1.0318957063837852, 1.0318987028886106, 1.0318108019162124, 1.0318558456464084, 1.0318481627139997, 1.0317907333186247, 1.03181563225791, 1.0318641236640806]
[I 2022-11-14 02:11:00,609] Trial 194 finished with value: 1.0318641236640806 and parameters: {'optimizer': 'Adam', 'lr': 0.00033202942584064596, 'hidden_dim': 5, 'latent_dim': 3, 'mem_dim': 233}. Best is trial 45 with value: 1.016495998638263.
build_Encoder(
  (FC_input): Linear(in_features=5, out_features=5, bias=True)
  (FC_input2): Linear(in_features=5, out_features=5, bias=True)
  (FC_mean): Linear(in_features=5, out_features=3, bias=True)
  (FC_var): Linear(in_features=5, out_features=3, bias=True)
  (LeakyReLU): LeakyReLU(negative_slope=0.01)
)
build_Decoder(
  (FC_hidden): Linear(in_features=3, out_features=5, bias=True)
  (FC_hidden2): Linear(in_features=5, out_features=5, bias=True)
  (FC_output): Linear(in_features=5, out_features=5, bias=True)
  (LeakyReLU): LeakyReLU(negative_slope=0.2)
)
epoch: 0
epoch_0_loss:  1.0771096738880004
epoch: 1
epoch_1_loss:  1.0769564584445275
epoch: 2
epoch_2_loss:  1.0771016350224119
epoch: 3
epoch_3_loss:  1.0770081744642235
epoch: 4
epoch_4_loss:  1.0770002926006867
epoch: 5
epoch_5_loss:  1.0770603284407725
epoch: 6
epoch_6_loss:  1.0770066396722655
epoch: 7
epoch_7_loss:  1.0771554119919393
epoch: 8
epoch_8_loss:  1.0772230490850188
epoch: 9
epoch_9_loss:  1.0771304404350517
epoch: 10
epoch_10_loss:  1.0775354960002266
epoch: 11
epoch_11_loss:  1.077087611251583
epoch: 12
epoch_12_loss:  1.0771774125646136
epoch: 13
epoch_13_loss:  1.0772985379795539
epoch: 14
epoch_14_loss:  1.0767720102947242
[1.0771096738880004, 1.0769564584445275, 1.0771016350224119, 1.0770081744642235, 1.0770002926006867, 1.0770603284407725, 1.0770066396722655, 1.0771554119919393, 1.0772230490850188, 1.0771304404350517, 1.0775354960002266, 1.077087611251583, 1.0771774125646136, 1.0772985379795539, 1.0767720102947242]
[I 2022-11-14 02:13:24,150] Trial 195 finished with value: 1.0767720102947242 and parameters: {'optimizer': 'Adam', 'lr': 0.0003298000653041555, 'hidden_dim': 5, 'latent_dim': 3, 'mem_dim': 217}. Best is trial 45 with value: 1.016495998638263.
build_Encoder(
  (FC_input): Linear(in_features=5, out_features=5, bias=True)
  (FC_input2): Linear(in_features=5, out_features=5, bias=True)
  (FC_mean): Linear(in_features=5, out_features=3, bias=True)
  (FC_var): Linear(in_features=5, out_features=3, bias=True)
  (LeakyReLU): LeakyReLU(negative_slope=0.01)
)
build_Decoder(
  (FC_hidden): Linear(in_features=3, out_features=5, bias=True)
  (FC_hidden2): Linear(in_features=5, out_features=5, bias=True)
  (FC_output): Linear(in_features=5, out_features=5, bias=True)
  (LeakyReLU): LeakyReLU(negative_slope=0.2)
)
epoch: 0
epoch_0_loss:  1.0745755984729302
epoch: 1
epoch_1_loss:  1.0744598882587888
epoch: 2
epoch_2_loss:  1.0743240987288956
epoch: 3
epoch_3_loss:  1.0740990509143196
epoch: 4
epoch_4_loss:  1.0743450956169784
epoch: 5
epoch_5_loss:  1.0746669981702202
epoch: 6
epoch_6_loss:  1.0741996378101903
epoch: 7
epoch_7_loss:  1.0742071389179708
epoch: 8
epoch_8_loss:  1.0743115759097108
epoch: 9
epoch_9_loss:  1.0745136497742558
epoch: 10
epoch_10_loss:  1.074292413174983
epoch: 11
epoch_11_loss:  1.0743596944227727
epoch: 12
epoch_12_loss:  1.0743870370054016
epoch: 13
epoch_13_loss:  1.07415009127657
epoch: 14
epoch_14_loss:  1.0742688069265576
[1.0745755984729302, 1.0744598882587888, 1.0743240987288956, 1.0740990509143196, 1.0743450956169784, 1.0746669981702202, 1.0741996378101903, 1.0742071389179708, 1.0743115759097108, 1.0745136497742558, 1.074292413174983, 1.0743596944227727, 1.0743870370054016, 1.07415009127657, 1.0742688069265576]
[I 2022-11-14 02:15:47,911] Trial 196 finished with value: 1.0742688069265576 and parameters: {'optimizer': 'Adam', 'lr': 0.0003032612981147936, 'hidden_dim': 5, 'latent_dim': 3, 'mem_dim': 236}. Best is trial 45 with value: 1.016495998638263.
build_Encoder(
  (FC_input): Linear(in_features=5, out_features=5, bias=True)
  (FC_input2): Linear(in_features=5, out_features=5, bias=True)
  (FC_mean): Linear(in_features=5, out_features=3, bias=True)
  (FC_var): Linear(in_features=5, out_features=3, bias=True)
  (LeakyReLU): LeakyReLU(negative_slope=0.01)
)
build_Decoder(
  (FC_hidden): Linear(in_features=3, out_features=5, bias=True)
  (FC_hidden2): Linear(in_features=5, out_features=5, bias=True)
  (FC_output): Linear(in_features=5, out_features=5, bias=True)
  (LeakyReLU): LeakyReLU(negative_slope=0.2)
)
epoch: 0
epoch_0_loss:  1.0968121252875767
epoch: 1
epoch_1_loss:  1.0968546063825175
epoch: 2
epoch_2_loss:  1.096828995995981
epoch: 3
epoch_3_loss:  1.096916254188368
epoch: 4
epoch_4_loss:  1.0969036457138472
epoch: 5
epoch_5_loss:  1.0967353282178676
epoch: 6
epoch_6_loss:  1.0968672040989713
epoch: 7
epoch_7_loss:  1.0968467003682294
epoch: 8
epoch_8_loss:  1.0968325441107007
epoch: 9
epoch_9_loss:  1.0969071744932568
epoch: 10
epoch_10_loss:  1.0968143403195252
epoch: 11
epoch_11_loss:  1.096938612987972
epoch: 12
epoch_12_loss:  1.09678248339939
epoch: 13
epoch_13_loss:  1.0968678753214853
epoch: 14
epoch_14_loss:  1.096915540404595
[1.0968121252875767, 1.0968546063825175, 1.096828995995981, 1.096916254188368, 1.0969036457138472, 1.0967353282178676, 1.0968672040989713, 1.0968467003682294, 1.0968325441107007, 1.0969071744932568, 1.0968143403195252, 1.096938612987972, 1.09678248339939, 1.0968678753214853, 1.096915540404595]
[I 2022-11-14 02:18:11,283] Trial 197 finished with value: 1.096915540404595 and parameters: {'optimizer': 'Adam', 'lr': 0.00024617600411238786, 'hidden_dim': 5, 'latent_dim': 3, 'mem_dim': 215}. Best is trial 45 with value: 1.016495998638263.
build_Encoder(
  (FC_input): Linear(in_features=5, out_features=5, bias=True)
  (FC_input2): Linear(in_features=5, out_features=5, bias=True)
  (FC_mean): Linear(in_features=5, out_features=3, bias=True)
  (FC_var): Linear(in_features=5, out_features=3, bias=True)
  (LeakyReLU): LeakyReLU(negative_slope=0.01)
)
build_Decoder(
  (FC_hidden): Linear(in_features=3, out_features=5, bias=True)
  (FC_hidden2): Linear(in_features=5, out_features=5, bias=True)
  (FC_output): Linear(in_features=5, out_features=5, bias=True)
  (LeakyReLU): LeakyReLU(negative_slope=0.2)
)
epoch: 0
epoch_0_loss:  1.0805554300738596
epoch: 1
epoch_1_loss:  1.080482265263513
epoch: 2
epoch_2_loss:  1.0805356763286327
epoch: 3
epoch_3_loss:  1.0805368917933955
epoch: 4
epoch_4_loss:  1.080455680336314
epoch: 5
epoch_5_loss:  1.0805484599912931
epoch: 6
epoch_6_loss:  1.0805192181709617
epoch: 7
epoch_7_loss:  1.0805147769444945
epoch: 8
epoch_8_loss:  1.0805256332721205
epoch: 9
epoch_9_loss:  1.0804506990533334
epoch: 10
epoch_10_loss:  1.0804927607440007
epoch: 11
epoch_11_loss:  1.0805070863241757
epoch: 12
epoch_12_loss:  1.0806026424517847
epoch: 13
epoch_13_loss:  1.0804879318932408
epoch: 14
epoch_14_loss:  1.0805228319818696
[1.0805554300738596, 1.080482265263513, 1.0805356763286327, 1.0805368917933955, 1.080455680336314, 1.0805484599912931, 1.0805192181709617, 1.0805147769444945, 1.0805256332721205, 1.0804506990533334, 1.0804927607440007, 1.0805070863241757, 1.0806026424517847, 1.0804879318932408, 1.0805228319818696]
[I 2022-11-14 02:20:35,007] Trial 198 finished with value: 1.0805228319818696 and parameters: {'optimizer': 'Adam', 'lr': 0.00040362794599271135, 'hidden_dim': 5, 'latent_dim': 3, 'mem_dim': 245}. Best is trial 45 with value: 1.016495998638263.
build_Encoder(
  (FC_input): Linear(in_features=5, out_features=5, bias=True)
  (FC_input2): Linear(in_features=5, out_features=5, bias=True)
  (FC_mean): Linear(in_features=5, out_features=3, bias=True)
  (FC_var): Linear(in_features=5, out_features=3, bias=True)
  (LeakyReLU): LeakyReLU(negative_slope=0.01)
)
build_Decoder(
  (FC_hidden): Linear(in_features=3, out_features=5, bias=True)
  (FC_hidden2): Linear(in_features=5, out_features=5, bias=True)
  (FC_output): Linear(in_features=5, out_features=5, bias=True)
  (LeakyReLU): LeakyReLU(negative_slope=0.2)
)
epoch: 0
epoch_0_loss:  1.1001021749552813
epoch: 1
epoch_1_loss:  1.100058080447844
epoch: 2
epoch_2_loss:  1.1000845087620421
epoch: 3
epoch_3_loss:  1.1000669246188826
epoch: 4
epoch_4_loss:  1.100024796462532
epoch: 5
epoch_5_loss:  1.1001153593072217
epoch: 6
epoch_6_loss:  1.1000913433048345
epoch: 7
epoch_7_loss:  1.1000798972836925
epoch: 8
epoch_8_loss:  1.1000395369152918
epoch: 9
epoch_9_loss:  1.1000221407248814
epoch: 10
epoch_10_loss:  1.1000775168692232
epoch: 11
epoch_11_loss:  1.100054461534287
epoch: 12
epoch_12_loss:  1.1000910762257876
epoch: 13
epoch_13_loss:  1.1000635599032502
epoch: 14
epoch_14_loss:  1.100031005691654
[1.1001021749552813, 1.100058080447844, 1.1000845087620421, 1.1000669246188826, 1.100024796462532, 1.1001153593072217, 1.1000913433048345, 1.1000798972836925, 1.1000395369152918, 1.1000221407248814, 1.1000775168692232, 1.100054461534287, 1.1000910762257876, 1.1000635599032502, 1.100031005691654]
[I 2022-11-14 02:22:58,555] Trial 199 finished with value: 1.100031005691654 and parameters: {'optimizer': 'Adam', 'lr': 0.0003527472743057926, 'hidden_dim': 5, 'latent_dim': 3, 'mem_dim': 232}. Best is trial 45 with value: 1.016495998638263.
Study statistics: 
  Number of finished trials:  200
  Number of pruned trials:  0
  Number of complete trials:  200
Best trial:
  Value:  1.016495998638263
  Params: 
    optimizer: Adam
    lr: 0.0002058814431270351
    hidden_dim: 5
    latent_dim: 4
    mem_dim: 57
MSE for MVAE:  5.741818157345223
RR for MVAE:  0.9960967435386958
MSE for MVAE:  7.207430719686566
RR for MVAE:  0.9861293389309003

Process finished with exit code 0
