[I 2022-11-13 17:18:06,641] Trial 138 finished with value: 1.07954195629387 and parameters: {'optimizer': 'Adam', 'lr': 6.826416970057997e-05, 'hidden_dim': 5, 'latent_dim': 4}. Best is trial 58 with value: 1.0133226465254404.
build_Encoder(
  (FC_input): Linear(in_features=5, out_features=4, bias=True)
  (FC_input2): Linear(in_features=4, out_features=4, bias=True)
  (FC_mean): Linear(in_features=4, out_features=4, bias=True)
  (FC_var): Linear(in_features=4, out_features=4, bias=True)
  (LeakyReLU): LeakyReLU(negative_slope=0.01)
)
build_Decoder(
  (FC_hidden): Linear(in_features=4, out_features=4, bias=True)
  (FC_hidden2): Linear(in_features=4, out_features=4, bias=True)
  (FC_output): Linear(in_features=4, out_features=5, bias=True)
  (LeakyReLU): LeakyReLU(negative_slope=0.2)
)
epoch: 0
epoch_0_loss:  1.056570747576563
epoch: 1
epoch_1_loss:  1.0552025903178026
epoch: 2
epoch_2_loss:  1.0557005290405992
epoch: 3
epoch_3_loss:  1.0557964286468067
epoch: 4
epoch_4_loss:  1.0561019138197536
epoch: 5
epoch_5_loss:  1.0553268427756888
epoch: 6
epoch_6_loss:  1.0550409153451217
epoch: 7
epoch_7_loss:  1.0572744140499806
epoch: 8
epoch_8_loss:  1.0543346719415214
epoch: 9
epoch_9_loss:  1.0544616906428765
epoch: 10
epoch_10_loss:  1.0575460557948702
epoch: 11
epoch_11_loss:  1.054705504379912
epoch: 12
epoch_12_loss:  1.0562529476195737
epoch: 13
epoch_13_loss:  1.0558637021262292
epoch: 14
epoch_14_loss:  1.0563956701256845
[1.056570747576563, 1.0552025903178026, 1.0557005290405992, 1.0557964286468067, 1.0561019138197536, 1.0553268427756888, 1.0550409153451217, 1.0572744140499806, 1.0543346719415214, 1.0544616906428765, 1.0575460557948702, 1.054705504379912, 1.0562529476195737, 1.0558637021262292, 1.0563956701256845]
[I 2022-11-13 17:19:26,585] Trial 139 finished with value: 1.0563956701256845 and parameters: {'optimizer': 'Adam', 'lr': 9.367321404175728e-05, 'hidden_dim': 4, 'latent_dim': 4}. Best is trial 58 with value: 1.0133226465254404.
build_Encoder(
  (FC_input): Linear(in_features=5, out_features=5, bias=True)
  (FC_input2): Linear(in_features=5, out_features=5, bias=True)
  (FC_mean): Linear(in_features=5, out_features=5, bias=True)
  (FC_var): Linear(in_features=5, out_features=5, bias=True)
  (LeakyReLU): LeakyReLU(negative_slope=0.01)
)
build_Decoder(
  (FC_hidden): Linear(in_features=5, out_features=5, bias=True)
  (FC_hidden2): Linear(in_features=5, out_features=5, bias=True)
  (FC_output): Linear(in_features=5, out_features=5, bias=True)
  (LeakyReLU): LeakyReLU(negative_slope=0.2)
)
epoch: 0
epoch_0_loss:  1.1857020197068744
epoch: 1
epoch_1_loss:  1.1858109846534857
epoch: 2
epoch_2_loss:  1.1857321192869028
epoch: 3
epoch_3_loss:  1.1856743211404701
epoch: 4
epoch_4_loss:  1.1866799785466868
epoch: 5
epoch_5_loss:  1.1864177173117525
epoch: 6
epoch_6_loss:  1.1850547635311262
epoch: 7
epoch_7_loss:  1.1855249365475327
epoch: 8
epoch_8_loss:  1.1863722855236158
epoch: 9
epoch_9_loss:  1.1883344753268894
epoch: 10
epoch_10_loss:  1.1854214671842995
epoch: 11
epoch_11_loss:  1.1880560911407116
epoch: 12
epoch_12_loss:  1.1869871833283967
epoch: 13
epoch_13_loss:  1.185077316490949
epoch: 14
epoch_14_loss:  1.1852764529010447
[1.1857020197068744, 1.1858109846534857, 1.1857321192869028, 1.1856743211404701, 1.1866799785466868, 1.1864177173117525, 1.1850547635311262, 1.1855249365475327, 1.1863722855236158, 1.1883344753268894, 1.1854214671842995, 1.1880560911407116, 1.1869871833283967, 1.185077316490949, 1.1852764529010447]
[I 2022-11-13 17:20:46,740] Trial 140 finished with value: 1.1852764529010447 and parameters: {'optimizer': 'Adam', 'lr': 0.00011766367882886945, 'hidden_dim': 5, 'latent_dim': 5}. Best is trial 58 with value: 1.0133226465254404.
build_Encoder(
  (FC_input): Linear(in_features=5, out_features=5, bias=True)
  (FC_input2): Linear(in_features=5, out_features=5, bias=True)
  (FC_mean): Linear(in_features=5, out_features=4, bias=True)
  (FC_var): Linear(in_features=5, out_features=4, bias=True)
  (LeakyReLU): LeakyReLU(negative_slope=0.01)
)
build_Decoder(
  (FC_hidden): Linear(in_features=4, out_features=5, bias=True)
  (FC_hidden2): Linear(in_features=5, out_features=5, bias=True)
  (FC_output): Linear(in_features=5, out_features=5, bias=True)
  (LeakyReLU): LeakyReLU(negative_slope=0.2)
)
epoch: 0
epoch_0_loss:  1.0819168650362359
epoch: 1
epoch_1_loss:  1.085149228133851
epoch: 2
epoch_2_loss:  1.0850905000534168
epoch: 3
epoch_3_loss:  1.0847350047137516
epoch: 4
epoch_4_loss:  1.0850360825307979
epoch: 5
epoch_5_loss:  1.0844910281068234
epoch: 6
epoch_6_loss:  1.0818055367438386
epoch: 7
epoch_7_loss:  1.0848320925600323
epoch: 8
epoch_8_loss:  1.0837372518569655
epoch: 9
epoch_9_loss:  1.0835670595401827
epoch: 10
epoch_10_loss:  1.082818759454806
epoch: 11
epoch_11_loss:  1.083839762777255
epoch: 12
epoch_12_loss:  1.0823105977791057
epoch: 13
epoch_13_loss:  1.0837484226041523
epoch: 14
epoch_14_loss:  1.0812226149110888
[1.0819168650362359, 1.085149228133851, 1.0850905000534168, 1.0847350047137516, 1.0850360825307979, 1.0844910281068234, 1.0818055367438386, 1.0848320925600323, 1.0837372518569655, 1.0835670595401827, 1.082818759454806, 1.083839762777255, 1.0823105977791057, 1.0837484226041523, 1.0812226149110888]
[I 2022-11-13 17:22:06,794] Trial 141 finished with value: 1.0812226149110888 and parameters: {'optimizer': 'Adam', 'lr': 8.374788723023613e-05, 'hidden_dim': 5, 'latent_dim': 4}. Best is trial 58 with value: 1.0133226465254404.
build_Encoder(
  (FC_input): Linear(in_features=5, out_features=5, bias=True)
  (FC_input2): Linear(in_features=5, out_features=5, bias=True)
  (FC_mean): Linear(in_features=5, out_features=4, bias=True)
  (FC_var): Linear(in_features=5, out_features=4, bias=True)
  (LeakyReLU): LeakyReLU(negative_slope=0.01)
)
build_Decoder(
  (FC_hidden): Linear(in_features=4, out_features=5, bias=True)
  (FC_hidden2): Linear(in_features=5, out_features=5, bias=True)
  (FC_output): Linear(in_features=5, out_features=5, bias=True)
  (LeakyReLU): LeakyReLU(negative_slope=0.2)
)
epoch: 0
epoch_0_loss:  1.0573514758642357
epoch: 1
epoch_1_loss:  1.0572818799035113
epoch: 2
epoch_2_loss:  1.0559762927164482
epoch: 3
epoch_3_loss:  1.0565076856777433
epoch: 4
epoch_4_loss:  1.0564094327088447
epoch: 5
epoch_5_loss:  1.056924289277721
epoch: 6
epoch_6_loss:  1.0571649520315263
epoch: 7
epoch_7_loss:  1.0569945507713112
epoch: 8
epoch_8_loss:  1.057037988398824
epoch: 9
epoch_9_loss:  1.0558616805148007
epoch: 10
epoch_10_loss:  1.0571150189224923
epoch: 11
epoch_11_loss:  1.0572632256127503
epoch: 12
epoch_12_loss:  1.0575234955467505
epoch: 13
epoch_13_loss:  1.0561974123506295
epoch: 14
epoch_14_loss:  1.057163505784847
[1.0573514758642357, 1.0572818799035113, 1.0559762927164482, 1.0565076856777433, 1.0564094327088447, 1.056924289277721, 1.0571649520315263, 1.0569945507713112, 1.057037988398824, 1.0558616805148007, 1.0571150189224923, 1.0572632256127503, 1.0575234955467505, 1.0561974123506295, 1.057163505784847]
[I 2022-11-13 17:23:26,724] Trial 142 finished with value: 1.057163505784847 and parameters: {'optimizer': 'Adam', 'lr': 0.00010060607698838595, 'hidden_dim': 5, 'latent_dim': 4}. Best is trial 58 with value: 1.0133226465254404.
build_Encoder(
  (FC_input): Linear(in_features=5, out_features=5, bias=True)
  (FC_input2): Linear(in_features=5, out_features=5, bias=True)
  (FC_mean): Linear(in_features=5, out_features=4, bias=True)
  (FC_var): Linear(in_features=5, out_features=4, bias=True)
  (LeakyReLU): LeakyReLU(negative_slope=0.01)
)
build_Decoder(
  (FC_hidden): Linear(in_features=4, out_features=5, bias=True)
  (FC_hidden2): Linear(in_features=5, out_features=5, bias=True)
  (FC_output): Linear(in_features=5, out_features=5, bias=True)
  (LeakyReLU): LeakyReLU(negative_slope=0.2)
)
epoch: 0
epoch_0_loss:  1.1607471912602723
epoch: 1
epoch_1_loss:  1.1605908364188986
epoch: 2
epoch_2_loss:  1.1616807354416452
epoch: 3
epoch_3_loss:  1.1598022711888119
epoch: 4
epoch_4_loss:  1.1589762587334989
epoch: 5
epoch_5_loss:  1.1567264570080285
epoch: 6
epoch_6_loss:  1.1613963996786525
epoch: 7
epoch_7_loss:  1.1601039811392952
epoch: 8
epoch_8_loss:  1.1612849977410948
epoch: 9
epoch_9_loss:  1.1593138203760325
epoch: 10
epoch_10_loss:  1.160843628935685
epoch: 11
epoch_11_loss:  1.1592432689594558
epoch: 12
epoch_12_loss:  1.159380618614272
epoch: 13
epoch_13_loss:  1.1609217537307783
epoch: 14
epoch_14_loss:  1.1590926255091911
[1.1607471912602723, 1.1605908364188986, 1.1616807354416452, 1.1598022711888119, 1.1589762587334989, 1.1567264570080285, 1.1613963996786525, 1.1601039811392952, 1.1612849977410948, 1.1593138203760325, 1.160843628935685, 1.1592432689594558, 1.159380618614272, 1.1609217537307783, 1.1590926255091911]
[I 2022-11-13 17:24:47,082] Trial 143 finished with value: 1.1590926255091911 and parameters: {'optimizer': 'Adam', 'lr': 0.00012848436258960493, 'hidden_dim': 5, 'latent_dim': 4}. Best is trial 58 with value: 1.0133226465254404.
build_Encoder(
  (FC_input): Linear(in_features=5, out_features=5, bias=True)
  (FC_input2): Linear(in_features=5, out_features=5, bias=True)
  (FC_mean): Linear(in_features=5, out_features=4, bias=True)
  (FC_var): Linear(in_features=5, out_features=4, bias=True)
  (LeakyReLU): LeakyReLU(negative_slope=0.01)
)
build_Decoder(
  (FC_hidden): Linear(in_features=4, out_features=5, bias=True)
  (FC_hidden2): Linear(in_features=5, out_features=5, bias=True)
  (FC_output): Linear(in_features=5, out_features=5, bias=True)
  (LeakyReLU): LeakyReLU(negative_slope=0.2)
)
epoch: 0
epoch_0_loss:  1.2256482454684847
epoch: 1
epoch_1_loss:  1.2254568226750862
epoch: 2
epoch_2_loss:  1.2260847724550352
epoch: 3
epoch_3_loss:  1.22439872648085
epoch: 4
epoch_4_loss:  1.2234908695842834
epoch: 5
epoch_5_loss:  1.2249696547106115
epoch: 6
epoch_6_loss:  1.2255468576325592
epoch: 7
epoch_7_loss:  1.2261654951623233
epoch: 8
epoch_8_loss:  1.22572617200258
epoch: 9
epoch_9_loss:  1.2261783607142138
epoch: 10
epoch_10_loss:  1.2235763318938337
epoch: 11
epoch_11_loss:  1.2262057736122514
epoch: 12
epoch_12_loss:  1.2247276746542606
epoch: 13
epoch_13_loss:  1.225605320803588
epoch: 14
epoch_14_loss:  1.2238128226714897
[1.2256482454684847, 1.2254568226750862, 1.2260847724550352, 1.22439872648085, 1.2234908695842834, 1.2249696547106115, 1.2255468576325592, 1.2261654951623233, 1.22572617200258, 1.2261783607142138, 1.2235763318938337, 1.2262057736122514, 1.2247276746542606, 1.225605320803588, 1.2238128226714897]
[I 2022-11-13 17:26:07,237] Trial 144 finished with value: 1.2238128226714897 and parameters: {'optimizer': 'Adam', 'lr': 7.273781101183742e-05, 'hidden_dim': 5, 'latent_dim': 4}. Best is trial 58 with value: 1.0133226465254404.
build_Encoder(
  (FC_input): Linear(in_features=5, out_features=5, bias=True)
  (FC_input2): Linear(in_features=5, out_features=5, bias=True)
  (FC_mean): Linear(in_features=5, out_features=4, bias=True)
  (FC_var): Linear(in_features=5, out_features=4, bias=True)
  (LeakyReLU): LeakyReLU(negative_slope=0.01)
)
build_Decoder(
  (FC_hidden): Linear(in_features=4, out_features=5, bias=True)
  (FC_hidden2): Linear(in_features=5, out_features=5, bias=True)
  (FC_output): Linear(in_features=5, out_features=5, bias=True)
  (LeakyReLU): LeakyReLU(negative_slope=0.2)
)
epoch: 0
epoch_0_loss:  1.0587798430914546
epoch: 1
epoch_1_loss:  1.0563942435735045
epoch: 2
epoch_2_loss:  1.0577235797754492
epoch: 3
epoch_3_loss:  1.0572723234631747
epoch: 4
epoch_4_loss:  1.0577544695913539
epoch: 5
epoch_5_loss:  1.057839819724619
epoch: 6
epoch_6_loss:  1.057974040385563
epoch: 7
epoch_7_loss:  1.0575136211186957
epoch: 8
epoch_8_loss:  1.0565081407740875
epoch: 9
epoch_9_loss:  1.0573106165299857
epoch: 10
epoch_10_loss:  1.0582798675007912
epoch: 11
epoch_11_loss:  1.059077799693428
epoch: 12
epoch_12_loss:  1.0567806537158253
epoch: 13
epoch_13_loss:  1.0563843145542597
epoch: 14
epoch_14_loss:  1.057085098645271
[1.0587798430914546, 1.0563942435735045, 1.0577235797754492, 1.0572723234631747, 1.0577544695913539, 1.057839819724619, 1.057974040385563, 1.0575136211186957, 1.0565081407740875, 1.0573106165299857, 1.0582798675007912, 1.059077799693428, 1.0567806537158253, 1.0563843145542597, 1.057085098645271]
[I 2022-11-13 17:27:27,224] Trial 145 finished with value: 1.057085098645271 and parameters: {'optimizer': 'Adam', 'lr': 9.045821648890648e-05, 'hidden_dim': 5, 'latent_dim': 4}. Best is trial 58 with value: 1.0133226465254404.
build_Encoder(
  (FC_input): Linear(in_features=5, out_features=5, bias=True)
  (FC_input2): Linear(in_features=5, out_features=5, bias=True)
  (FC_mean): Linear(in_features=5, out_features=4, bias=True)
  (FC_var): Linear(in_features=5, out_features=4, bias=True)
  (LeakyReLU): LeakyReLU(negative_slope=0.01)
)
build_Decoder(
  (FC_hidden): Linear(in_features=4, out_features=5, bias=True)
  (FC_hidden2): Linear(in_features=5, out_features=5, bias=True)
  (FC_output): Linear(in_features=5, out_features=5, bias=True)
  (LeakyReLU): LeakyReLU(negative_slope=0.2)
)
epoch: 0
epoch_0_loss:  1.1293621586996399
epoch: 1
epoch_1_loss:  1.1276366498846289
epoch: 2
epoch_2_loss:  1.1277082801811622
epoch: 3
epoch_3_loss:  1.127734562493334
epoch: 4
epoch_4_loss:  1.1280960774379598
epoch: 5
epoch_5_loss:  1.1285091133604885
epoch: 6
epoch_6_loss:  1.128812597182902
epoch: 7
epoch_7_loss:  1.128081516619877
epoch: 8
epoch_8_loss:  1.1284464996815868
epoch: 9
epoch_9_loss:  1.1284886535287875
epoch: 10
epoch_10_loss:  1.1288486415098073
epoch: 11
epoch_11_loss:  1.125601446020603
epoch: 12
epoch_12_loss:  1.1302795591063899
epoch: 13
epoch_13_loss:  1.1279055160043636
epoch: 14
epoch_14_loss:  1.1265111424891345
[1.1293621586996399, 1.1276366498846289, 1.1277082801811622, 1.127734562493334, 1.1280960774379598, 1.1285091133604885, 1.128812597182902, 1.128081516619877, 1.1284464996815868, 1.1284886535287875, 1.1288486415098073, 1.125601446020603, 1.1302795591063899, 1.1279055160043636, 1.1265111424891345]
[I 2022-11-13 17:28:47,133] Trial 146 finished with value: 1.1265111424891345 and parameters: {'optimizer': 'Adam', 'lr': 4.0677707915553384e-05, 'hidden_dim': 5, 'latent_dim': 4}. Best is trial 58 with value: 1.0133226465254404.
build_Encoder(
  (FC_input): Linear(in_features=5, out_features=4, bias=True)
  (FC_input2): Linear(in_features=4, out_features=4, bias=True)
  (FC_mean): Linear(in_features=4, out_features=4, bias=True)
  (FC_var): Linear(in_features=4, out_features=4, bias=True)
  (LeakyReLU): LeakyReLU(negative_slope=0.01)
)
build_Decoder(
  (FC_hidden): Linear(in_features=4, out_features=4, bias=True)
  (FC_hidden2): Linear(in_features=4, out_features=4, bias=True)
  (FC_output): Linear(in_features=4, out_features=5, bias=True)
  (LeakyReLU): LeakyReLU(negative_slope=0.2)
)
epoch: 0
epoch_0_loss:  1.1166868414362103
epoch: 1
epoch_1_loss:  1.1177900251120045
epoch: 2
epoch_2_loss:  1.1169586052921987
epoch: 3
epoch_3_loss:  1.1181677349215076
epoch: 4
epoch_4_loss:  1.1176495459556655
epoch: 5
epoch_5_loss:  1.1174079013082872
epoch: 6
epoch_6_loss:  1.117399197954604
epoch: 7
epoch_7_loss:  1.1171566877869856
epoch: 8
epoch_8_loss:  1.1174328086341703
epoch: 9
epoch_9_loss:  1.1182721898943453
epoch: 10
epoch_10_loss:  1.1165816850225576
epoch: 11
epoch_11_loss:  1.117184603952176
epoch: 12
epoch_12_loss:  1.11722379241653
epoch: 13
epoch_13_loss:  1.1174458920915495
epoch: 14
epoch_14_loss:  1.1173935170191254
[1.1166868414362103, 1.1177900251120045, 1.1169586052921987, 1.1181677349215076, 1.1176495459556655, 1.1174079013082872, 1.117399197954604, 1.1171566877869856, 1.1174328086341703, 1.1182721898943453, 1.1165816850225576, 1.117184603952176, 1.11722379241653, 1.1174458920915495, 1.1173935170191254]
[I 2022-11-13 17:30:07,144] Trial 147 finished with value: 1.1173935170191254 and parameters: {'optimizer': 'Adam', 'lr': 6.319415183329482e-05, 'hidden_dim': 4, 'latent_dim': 4}. Best is trial 58 with value: 1.0133226465254404.
build_Encoder(
  (FC_input): Linear(in_features=5, out_features=5, bias=True)
  (FC_input2): Linear(in_features=5, out_features=5, bias=True)
  (FC_mean): Linear(in_features=5, out_features=4, bias=True)
  (FC_var): Linear(in_features=5, out_features=4, bias=True)
  (LeakyReLU): LeakyReLU(negative_slope=0.01)
)
build_Decoder(
  (FC_hidden): Linear(in_features=4, out_features=5, bias=True)
  (FC_hidden2): Linear(in_features=5, out_features=5, bias=True)
  (FC_output): Linear(in_features=5, out_features=5, bias=True)
  (LeakyReLU): LeakyReLU(negative_slope=0.2)
)
epoch: 0
epoch_0_loss:  1.1095361408747022
epoch: 1
epoch_1_loss:  1.1094760632629341
epoch: 2
epoch_2_loss:  1.108160947035613
epoch: 3
epoch_3_loss:  1.1113996666886623
epoch: 4
epoch_4_loss:  1.1105280882702138
epoch: 5
epoch_5_loss:  1.1085771932097133
epoch: 6
epoch_6_loss:  1.1116501838899888
epoch: 7
epoch_7_loss:  1.1101847323892862
epoch: 8
epoch_8_loss:  1.1089678876739892
epoch: 9
epoch_9_loss:  1.1091874265024615
epoch: 10
epoch_10_loss:  1.1115353182016878
epoch: 11
epoch_11_loss:  1.1100146160929147
epoch: 12
epoch_12_loss:  1.1100617682869547
epoch: 13
epoch_13_loss:  1.109965737036958
epoch: 14
epoch_14_loss:  1.1100885732523478
[1.1095361408747022, 1.1094760632629341, 1.108160947035613, 1.1113996666886623, 1.1105280882702138, 1.1085771932097133, 1.1116501838899888, 1.1101847323892862, 1.1089678876739892, 1.1091874265024615, 1.1115353182016878, 1.1100146160929147, 1.1100617682869547, 1.109965737036958, 1.1100885732523478]
[I 2022-11-13 17:31:27,485] Trial 148 finished with value: 1.1100885732523478 and parameters: {'optimizer': 'Adam', 'lr': 0.00015768585707904315, 'hidden_dim': 5, 'latent_dim': 4}. Best is trial 58 with value: 1.0133226465254404.
build_Encoder(
  (FC_input): Linear(in_features=5, out_features=4, bias=True)
  (FC_input2): Linear(in_features=4, out_features=4, bias=True)
  (FC_mean): Linear(in_features=4, out_features=4, bias=True)
  (FC_var): Linear(in_features=4, out_features=4, bias=True)
  (LeakyReLU): LeakyReLU(negative_slope=0.01)
)
build_Decoder(
  (FC_hidden): Linear(in_features=4, out_features=4, bias=True)
  (FC_hidden2): Linear(in_features=4, out_features=4, bias=True)
  (FC_output): Linear(in_features=4, out_features=5, bias=True)
  (LeakyReLU): LeakyReLU(negative_slope=0.2)
)
epoch: 0
epoch_0_loss:  1.0956442054046578
epoch: 1
epoch_1_loss:  1.0953644065678514
epoch: 2
epoch_2_loss:  1.0964228260639646
epoch: 3
epoch_3_loss:  1.0958216949379074
epoch: 4
epoch_4_loss:  1.0953227670309589
epoch: 5
epoch_5_loss:  1.0951304245566482
epoch: 6
epoch_6_loss:  1.096277593134153
epoch: 7
epoch_7_loss:  1.095874833464946
epoch: 8
epoch_8_loss:  1.0955887078625095
epoch: 9
epoch_9_loss:  1.096266112379256
epoch: 10
epoch_10_loss:  1.096350344366208
epoch: 11
epoch_11_loss:  1.0954891411108765
epoch: 12
epoch_12_loss:  1.0955854163362218
epoch: 13
epoch_13_loss:  1.0950218358331911
epoch: 14
epoch_14_loss:  1.095980793991794
[1.0956442054046578, 1.0953644065678514, 1.0964228260639646, 1.0958216949379074, 1.0953227670309589, 1.0951304245566482, 1.096277593134153, 1.095874833464946, 1.0955887078625095, 1.096266112379256, 1.096350344366208, 1.0954891411108765, 1.0955854163362218, 1.0950218358331911, 1.095980793991794]
[I 2022-11-13 17:32:47,724] Trial 149 finished with value: 1.095980793991794 and parameters: {'optimizer': 'Adam', 'lr': 0.00010811698115736569, 'hidden_dim': 4, 'latent_dim': 4}. Best is trial 58 with value: 1.0133226465254404.
build_Encoder(
  (FC_input): Linear(in_features=5, out_features=5, bias=True)
  (FC_input2): Linear(in_features=5, out_features=5, bias=True)
  (FC_mean): Linear(in_features=5, out_features=3, bias=True)
  (FC_var): Linear(in_features=5, out_features=3, bias=True)
  (LeakyReLU): LeakyReLU(negative_slope=0.01)
)
build_Decoder(
  (FC_hidden): Linear(in_features=3, out_features=5, bias=True)
  (FC_hidden2): Linear(in_features=5, out_features=5, bias=True)
  (FC_output): Linear(in_features=5, out_features=5, bias=True)
  (LeakyReLU): LeakyReLU(negative_slope=0.2)
)
epoch: 0
epoch_0_loss:  1.0549452118546885
epoch: 1
epoch_1_loss:  1.055116448316695
epoch: 2
epoch_2_loss:  1.0558198654251676
epoch: 3
epoch_3_loss:  1.055137772018153
epoch: 4
epoch_4_loss:  1.0546908441850682
epoch: 5
epoch_5_loss:  1.0546968192309643
epoch: 6
epoch_6_loss:  1.0551013262815683
epoch: 7
epoch_7_loss:  1.0557341942163583
epoch: 8
epoch_8_loss:  1.0556643935787857
epoch: 9
epoch_9_loss:  1.0542776586466505
epoch: 10
epoch_10_loss:  1.0555118105974903
epoch: 11
epoch_11_loss:  1.0556017703023846
epoch: 12
epoch_12_loss:  1.054783327482042
epoch: 13
epoch_13_loss:  1.055355057000876
epoch: 14
epoch_14_loss:  1.0561297713027544
[1.0549452118546885, 1.055116448316695, 1.0558198654251676, 1.055137772018153, 1.0546908441850682, 1.0546968192309643, 1.0551013262815683, 1.0557341942163583, 1.0556643935787857, 1.0542776586466505, 1.0555118105974903, 1.0556017703023846, 1.054783327482042, 1.055355057000876, 1.0561297713027544]
