[I 2022-11-13 16:29:38,055] Trial 102 finished with value: 1.125709009320154 and parameters: {'optimizer': 'Adam', 'lr': 8.219158604653611e-05, 'hidden_dim': 5, 'latent_dim': 4}. Best is trial 58 with value: 1.0133226465254404.
build_Encoder(
  (FC_input): Linear(in_features=5, out_features=5, bias=True)
  (FC_input2): Linear(in_features=5, out_features=5, bias=True)
  (FC_mean): Linear(in_features=5, out_features=4, bias=True)
  (FC_var): Linear(in_features=5, out_features=4, bias=True)
  (LeakyReLU): LeakyReLU(negative_slope=0.01)
)
build_Decoder(
  (FC_hidden): Linear(in_features=4, out_features=5, bias=True)
  (FC_hidden2): Linear(in_features=5, out_features=5, bias=True)
  (FC_output): Linear(in_features=5, out_features=5, bias=True)
  (LeakyReLU): LeakyReLU(negative_slope=0.2)
)
epoch: 0
epoch_0_loss:  1.1533598229649613
epoch: 1
epoch_1_loss:  1.1538932131727502
epoch: 2
epoch_2_loss:  1.153695012568474
epoch: 3
epoch_3_loss:  1.15326773163554
epoch: 4
epoch_4_loss:  1.1522753564265324
epoch: 5
epoch_5_loss:  1.1536195562150042
epoch: 6
epoch_6_loss:  1.153595080276838
epoch: 7
epoch_7_loss:  1.1549064823890793
epoch: 8
epoch_8_loss:  1.1528966619886245
epoch: 9
epoch_9_loss:  1.1537706022555319
epoch: 10
epoch_10_loss:  1.1526010751977742
epoch: 11
epoch_11_loss:  1.1524958443209568
epoch: 12
epoch_12_loss:  1.1547693026699888
epoch: 13
epoch_13_loss:  1.1532953179318033
epoch: 14
epoch_14_loss:  1.1525988925195703
[1.1533598229649613, 1.1538932131727502, 1.153695012568474, 1.15326773163554, 1.1522753564265324, 1.1536195562150042, 1.153595080276838, 1.1549064823890793, 1.1528966619886245, 1.1537706022555319, 1.1526010751977742, 1.1524958443209568, 1.1547693026699888, 1.1532953179318033, 1.1525988925195703]
[I 2022-11-13 16:30:58,120] Trial 103 finished with value: 1.1525988925195703 and parameters: {'optimizer': 'Adam', 'lr': 6.0768288887634183e-05, 'hidden_dim': 5, 'latent_dim': 4}. Best is trial 58 with value: 1.0133226465254404.
build_Encoder(
  (FC_input): Linear(in_features=5, out_features=5, bias=True)
  (FC_input2): Linear(in_features=5, out_features=5, bias=True)
  (FC_mean): Linear(in_features=5, out_features=4, bias=True)
  (FC_var): Linear(in_features=5, out_features=4, bias=True)
  (LeakyReLU): LeakyReLU(negative_slope=0.01)
)
build_Decoder(
  (FC_hidden): Linear(in_features=4, out_features=5, bias=True)
  (FC_hidden2): Linear(in_features=5, out_features=5, bias=True)
  (FC_output): Linear(in_features=5, out_features=5, bias=True)
  (LeakyReLU): LeakyReLU(negative_slope=0.2)
)
epoch: 0
epoch_0_loss:  1.104832301977255
epoch: 1
epoch_1_loss:  1.1064971267161992
epoch: 2
epoch_2_loss:  1.1054023650326972
epoch: 3
epoch_3_loss:  1.105791252482504
epoch: 4
epoch_4_loss:  1.107012394440129
epoch: 5
epoch_5_loss:  1.1054093832668053
epoch: 6
epoch_6_loss:  1.104260027943243
epoch: 7
epoch_7_loss:  1.1056891517978118
epoch: 8
epoch_8_loss:  1.1056940501706545
epoch: 9
epoch_9_loss:  1.1056736210257845
epoch: 10
epoch_10_loss:  1.1054144505924122
epoch: 11
epoch_11_loss:  1.1057139701444423
epoch: 12
epoch_12_loss:  1.1048248861938532
epoch: 13
epoch_13_loss:  1.105338340609258
epoch: 14
epoch_14_loss:  1.106089757515983
[1.104832301977255, 1.1064971267161992, 1.1054023650326972, 1.105791252482504, 1.107012394440129, 1.1054093832668053, 1.104260027943243, 1.1056891517978118, 1.1056940501706545, 1.1056736210257845, 1.1054144505924122, 1.1057139701444423, 1.1048248861938532, 1.105338340609258, 1.106089757515983]
[I 2022-11-13 16:32:18,174] Trial 104 finished with value: 1.106089757515983 and parameters: {'optimizer': 'Adam', 'lr': 9.826358687814998e-05, 'hidden_dim': 5, 'latent_dim': 4}. Best is trial 58 with value: 1.0133226465254404.
build_Encoder(
  (FC_input): Linear(in_features=5, out_features=5, bias=True)
  (FC_input2): Linear(in_features=5, out_features=5, bias=True)
  (FC_mean): Linear(in_features=5, out_features=4, bias=True)
  (FC_var): Linear(in_features=5, out_features=4, bias=True)
  (LeakyReLU): LeakyReLU(negative_slope=0.01)
)
build_Decoder(
  (FC_hidden): Linear(in_features=4, out_features=5, bias=True)
  (FC_hidden2): Linear(in_features=5, out_features=5, bias=True)
  (FC_output): Linear(in_features=5, out_features=5, bias=True)
  (LeakyReLU): LeakyReLU(negative_slope=0.2)
)
epoch: 0
epoch_0_loss:  1.05071980675781
epoch: 1
epoch_1_loss:  1.0483128302786693
epoch: 2
epoch_2_loss:  1.051221122604528
epoch: 3
epoch_3_loss:  1.0517066241096202
epoch: 4
epoch_4_loss:  1.0490181968901833
epoch: 5
epoch_5_loss:  1.0512471569016641
epoch: 6
epoch_6_loss:  1.0491743780302474
epoch: 7
epoch_7_loss:  1.0497094109755878
epoch: 8
epoch_8_loss:  1.0484912470924594
epoch: 9
epoch_9_loss:  1.0505456392251913
epoch: 10
epoch_10_loss:  1.0505343129132303
epoch: 11
epoch_11_loss:  1.051444206012815
epoch: 12
epoch_12_loss:  1.0484518164800634
epoch: 13
epoch_13_loss:  1.0494876709617769
epoch: 14
epoch_14_loss:  1.051315556483349
[1.05071980675781, 1.0483128302786693, 1.051221122604528, 1.0517066241096202, 1.0490181968901833, 1.0512471569016641, 1.0491743780302474, 1.0497094109755878, 1.0484912470924594, 1.0505456392251913, 1.0505343129132303, 1.051444206012815, 1.0484518164800634, 1.0494876709617769, 1.051315556483349]
[I 2022-11-13 16:33:38,335] Trial 105 finished with value: 1.051315556483349 and parameters: {'optimizer': 'Adam', 'lr': 0.00011921168431033795, 'hidden_dim': 5, 'latent_dim': 4}. Best is trial 58 with value: 1.0133226465254404.
build_Encoder(
  (FC_input): Linear(in_features=5, out_features=5, bias=True)
  (FC_input2): Linear(in_features=5, out_features=5, bias=True)
  (FC_mean): Linear(in_features=5, out_features=4, bias=True)
  (FC_var): Linear(in_features=5, out_features=4, bias=True)
  (LeakyReLU): LeakyReLU(negative_slope=0.01)
)
build_Decoder(
  (FC_hidden): Linear(in_features=4, out_features=5, bias=True)
  (FC_hidden2): Linear(in_features=5, out_features=5, bias=True)
  (FC_output): Linear(in_features=5, out_features=5, bias=True)
  (LeakyReLU): LeakyReLU(negative_slope=0.2)
)
epoch: 0
epoch_0_loss:  1.0716114148950855
epoch: 1
epoch_1_loss:  1.070535063693387
epoch: 2
epoch_2_loss:  1.0719416727037023
epoch: 3
epoch_3_loss:  1.072316688206451
epoch: 4
epoch_4_loss:  1.0718191370144496
epoch: 5
epoch_5_loss:  1.0700442750632577
epoch: 6
epoch_6_loss:  1.0712840783007358
epoch: 7
epoch_7_loss:  1.0719021015723078
epoch: 8
epoch_8_loss:  1.0725124092502412
epoch: 9
epoch_9_loss:  1.0722225808041148
epoch: 10
epoch_10_loss:  1.0723834897399191
epoch: 11
epoch_11_loss:  1.0722344338767924
epoch: 12
epoch_12_loss:  1.0720041526786126
epoch: 13
epoch_13_loss:  1.0699993088928546
epoch: 14
epoch_14_loss:  1.0705745868361758
[1.0716114148950855, 1.070535063693387, 1.0719416727037023, 1.072316688206451, 1.0718191370144496, 1.0700442750632577, 1.0712840783007358, 1.0719021015723078, 1.0725124092502412, 1.0722225808041148, 1.0723834897399191, 1.0722344338767924, 1.0720041526786126, 1.0699993088928546, 1.0705745868361758]
[I 2022-11-13 16:34:58,461] Trial 106 finished with value: 1.0705745868361758 and parameters: {'optimizer': 'Adam', 'lr': 7.255640234186584e-05, 'hidden_dim': 5, 'latent_dim': 4}. Best is trial 58 with value: 1.0133226465254404.
build_Encoder(
  (FC_input): Linear(in_features=5, out_features=4, bias=True)
  (FC_input2): Linear(in_features=4, out_features=4, bias=True)
  (FC_mean): Linear(in_features=4, out_features=4, bias=True)
  (FC_var): Linear(in_features=4, out_features=4, bias=True)
  (LeakyReLU): LeakyReLU(negative_slope=0.01)
)
build_Decoder(
  (FC_hidden): Linear(in_features=4, out_features=4, bias=True)
  (FC_hidden2): Linear(in_features=4, out_features=4, bias=True)
  (FC_output): Linear(in_features=4, out_features=5, bias=True)
  (LeakyReLU): LeakyReLU(negative_slope=0.2)
)
epoch: 0
epoch_0_loss:  1.1113936888778781
epoch: 1
epoch_1_loss:  1.11101338867796
epoch: 2
epoch_2_loss:  1.1105061444342794
epoch: 3
epoch_3_loss:  1.1112084592827127
epoch: 4
epoch_4_loss:  1.111791430323642
epoch: 5
epoch_5_loss:  1.1113160296367521
epoch: 6
epoch_6_loss:  1.1110898273360914
epoch: 7
epoch_7_loss:  1.111037612927765
epoch: 8
epoch_8_loss:  1.1114087765673877
epoch: 9
epoch_9_loss:  1.1117306748150557
epoch: 10
epoch_10_loss:  1.1110562573853924
epoch: 11
epoch_11_loss:  1.1108093081024957
epoch: 12
epoch_12_loss:  1.1108822563832124
epoch: 13
epoch_13_loss:  1.1110227347707082
epoch: 14
epoch_14_loss:  1.1113156489039466
[1.1113936888778781, 1.11101338867796, 1.1105061444342794, 1.1112084592827127, 1.111791430323642, 1.1113160296367521, 1.1110898273360914, 1.111037612927765, 1.1114087765673877, 1.1117306748150557, 1.1110562573853924, 1.1108093081024957, 1.1108822563832124, 1.1110227347707082, 1.1113156489039466]
[I 2022-11-13 16:36:18,460] Trial 107 finished with value: 1.1113156489039466 and parameters: {'optimizer': 'Adam', 'lr': 5.5902662988798384e-05, 'hidden_dim': 4, 'latent_dim': 4}. Best is trial 58 with value: 1.0133226465254404.
build_Encoder(
  (FC_input): Linear(in_features=5, out_features=4, bias=True)
  (FC_input2): Linear(in_features=4, out_features=4, bias=True)
  (FC_mean): Linear(in_features=4, out_features=4, bias=True)
  (FC_var): Linear(in_features=4, out_features=4, bias=True)
  (LeakyReLU): LeakyReLU(negative_slope=0.01)
)
build_Decoder(
  (FC_hidden): Linear(in_features=4, out_features=4, bias=True)
  (FC_hidden2): Linear(in_features=4, out_features=4, bias=True)
  (FC_output): Linear(in_features=4, out_features=5, bias=True)
  (LeakyReLU): LeakyReLU(negative_slope=0.2)
)
epoch: 0
epoch_0_loss:  1.0817993099364922
epoch: 1
epoch_1_loss:  1.0825588761642888
epoch: 2
epoch_2_loss:  1.0819907253490746
epoch: 3
epoch_3_loss:  1.0820589462867374
epoch: 4
epoch_4_loss:  1.082606388007149
epoch: 5
epoch_5_loss:  1.081981591127648
epoch: 6
epoch_6_loss:  1.0815697223765948
epoch: 7
epoch_7_loss:  1.0823768338903648
epoch: 8
epoch_8_loss:  1.0821103179424134
epoch: 9
epoch_9_loss:  1.0820419025338521
epoch: 10
epoch_10_loss:  1.0822857359960962
epoch: 11
epoch_11_loss:  1.0820735904613201
epoch: 12
epoch_12_loss:  1.0820705864888318
epoch: 13
epoch_13_loss:  1.0814980425934761
epoch: 14
epoch_14_loss:  1.082658488212664
[1.0817993099364922, 1.0825588761642888, 1.0819907253490746, 1.0820589462867374, 1.082606388007149, 1.081981591127648, 1.0815697223765948, 1.0823768338903648, 1.0821103179424134, 1.0820419025338521, 1.0822857359960962, 1.0820735904613201, 1.0820705864888318, 1.0814980425934761, 1.082658488212664]
[I 2022-11-13 16:37:38,774] Trial 108 finished with value: 1.082658488212664 and parameters: {'optimizer': 'Adam', 'lr': 8.335354681275382e-05, 'hidden_dim': 4, 'latent_dim': 4}. Best is trial 58 with value: 1.0133226465254404.
build_Encoder(
  (FC_input): Linear(in_features=5, out_features=5, bias=True)
  (FC_input2): Linear(in_features=5, out_features=5, bias=True)
  (FC_mean): Linear(in_features=5, out_features=4, bias=True)
  (FC_var): Linear(in_features=5, out_features=4, bias=True)
  (LeakyReLU): LeakyReLU(negative_slope=0.01)
)
build_Decoder(
  (FC_hidden): Linear(in_features=4, out_features=5, bias=True)
  (FC_hidden2): Linear(in_features=5, out_features=5, bias=True)
  (FC_output): Linear(in_features=5, out_features=5, bias=True)
  (LeakyReLU): LeakyReLU(negative_slope=0.2)
)
epoch: 0
epoch_0_loss:  1.0173086969231968
epoch: 1
epoch_1_loss:  1.015836085068457
epoch: 2
epoch_2_loss:  1.0164641471336082
epoch: 3
epoch_3_loss:  1.0171795535673034
epoch: 4
epoch_4_loss:  1.015837057884047
epoch: 5
epoch_5_loss:  1.0157162990945008
epoch: 6
epoch_6_loss:  1.0153761970415738
epoch: 7
epoch_7_loss:  1.0156588576589582
epoch: 8
epoch_8_loss:  1.0165889256417875
epoch: 9
epoch_9_loss:  1.0165042860496833
epoch: 10
epoch_10_loss:  1.014647519718767
epoch: 11
epoch_11_loss:  1.0159818750640022
epoch: 12
epoch_12_loss:  1.016789150587042
epoch: 13
epoch_13_loss:  1.0168924453953614
epoch: 14
epoch_14_loss:  1.017451086957858
[1.0173086969231968, 1.015836085068457, 1.0164641471336082, 1.0171795535673034, 1.015837057884047, 1.0157162990945008, 1.0153761970415738, 1.0156588576589582, 1.0165889256417875, 1.0165042860496833, 1.014647519718767, 1.0159818750640022, 1.016789150587042, 1.0168924453953614, 1.017451086957858]
[I 2022-11-13 16:38:59,098] Trial 109 finished with value: 1.017451086957858 and parameters: {'optimizer': 'Adam', 'lr': 3.8975975896547626e-05, 'hidden_dim': 5, 'latent_dim': 4}. Best is trial 58 with value: 1.0133226465254404.
build_Encoder(
  (FC_input): Linear(in_features=5, out_features=5, bias=True)
  (FC_input2): Linear(in_features=5, out_features=5, bias=True)
  (FC_mean): Linear(in_features=5, out_features=4, bias=True)
  (FC_var): Linear(in_features=5, out_features=4, bias=True)
  (LeakyReLU): LeakyReLU(negative_slope=0.01)
)
build_Decoder(
  (FC_hidden): Linear(in_features=4, out_features=5, bias=True)
  (FC_hidden2): Linear(in_features=5, out_features=5, bias=True)
  (FC_output): Linear(in_features=5, out_features=5, bias=True)
  (LeakyReLU): LeakyReLU(negative_slope=0.2)
)
epoch: 0
epoch_0_loss:  1.2100988337245893
epoch: 1
epoch_1_loss:  1.2142004638636974
epoch: 2
epoch_2_loss:  1.209893327987474
epoch: 3
epoch_3_loss:  1.2087645005360161
epoch: 4
epoch_4_loss:  1.2092682323964936
epoch: 5
epoch_5_loss:  1.2135283368462564
epoch: 6
epoch_6_loss:  1.2100899800657183
epoch: 7
epoch_7_loss:  1.2134699058653518
epoch: 8
epoch_8_loss:  1.2086958909056218
epoch: 9
epoch_9_loss:  1.2105233808945488
epoch: 10
epoch_10_loss:  1.2130110308711028
epoch: 11
epoch_11_loss:  1.2127088917436528
epoch: 12
epoch_12_loss:  1.213236485435793
epoch: 13
epoch_13_loss:  1.21248433191094
epoch: 14
epoch_14_loss:  1.2110357598684054
[1.2100988337245893, 1.2142004638636974, 1.209893327987474, 1.2087645005360161, 1.2092682323964936, 1.2135283368462564, 1.2100899800657183, 1.2134699058653518, 1.2086958909056218, 1.2105233808945488, 1.2130110308711028, 1.2127088917436528, 1.213236485435793, 1.21248433191094, 1.2110357598684054]
[I 2022-11-13 16:40:19,038] Trial 110 finished with value: 1.2110357598684054 and parameters: {'optimizer': 'Adam', 'lr': 3.255623865267702e-05, 'hidden_dim': 5, 'latent_dim': 4}. Best is trial 58 with value: 1.0133226465254404.
build_Encoder(
  (FC_input): Linear(in_features=5, out_features=5, bias=True)
  (FC_input2): Linear(in_features=5, out_features=5, bias=True)
  (FC_mean): Linear(in_features=5, out_features=4, bias=True)
  (FC_var): Linear(in_features=5, out_features=4, bias=True)
  (LeakyReLU): LeakyReLU(negative_slope=0.01)
)
build_Decoder(
  (FC_hidden): Linear(in_features=4, out_features=5, bias=True)
  (FC_hidden2): Linear(in_features=5, out_features=5, bias=True)
  (FC_output): Linear(in_features=5, out_features=5, bias=True)
  (LeakyReLU): LeakyReLU(negative_slope=0.2)
)
epoch: 0
epoch_0_loss:  1.0777811488723843
epoch: 1
epoch_1_loss:  1.076274443953083
epoch: 2
epoch_2_loss:  1.0738883834442807
epoch: 3
epoch_3_loss:  1.0757193602036055
epoch: 4
epoch_4_loss:  1.0767098148151277
epoch: 5
epoch_5_loss:  1.0751869400340655
epoch: 6
epoch_6_loss:  1.074690400325993
epoch: 7
epoch_7_loss:  1.0761079243642495
epoch: 8
epoch_8_loss:  1.075551266359487
epoch: 9
epoch_9_loss:  1.0754627633427258
epoch: 10
epoch_10_loss:  1.0749932607000543
epoch: 11
epoch_11_loss:  1.0765651937847207
epoch: 12
epoch_12_loss:  1.0766546573648732
epoch: 13
epoch_13_loss:  1.0756803584861192
epoch: 14
epoch_14_loss:  1.0735031701580058
[1.0777811488723843, 1.076274443953083, 1.0738883834442807, 1.0757193602036055, 1.0767098148151277, 1.0751869400340655, 1.074690400325993, 1.0761079243642495, 1.075551266359487, 1.0754627633427258, 1.0749932607000543, 1.0765651937847207, 1.0766546573648732, 1.0756803584861192, 1.0735031701580058]
[I 2022-11-13 16:41:39,023] Trial 111 finished with value: 1.0735031701580058 and parameters: {'optimizer': 'Adam', 'lr': 3.712413273546606e-05, 'hidden_dim': 5, 'latent_dim': 4}. Best is trial 58 with value: 1.0133226465254404.
build_Encoder(
  (FC_input): Linear(in_features=5, out_features=5, bias=True)
  (FC_input2): Linear(in_features=5, out_features=5, bias=True)
  (FC_mean): Linear(in_features=5, out_features=4, bias=True)
  (FC_var): Linear(in_features=5, out_features=4, bias=True)
  (LeakyReLU): LeakyReLU(negative_slope=0.01)
)
build_Decoder(
  (FC_hidden): Linear(in_features=4, out_features=5, bias=True)
  (FC_hidden2): Linear(in_features=5, out_features=5, bias=True)
  (FC_output): Linear(in_features=5, out_features=5, bias=True)
  (LeakyReLU): LeakyReLU(negative_slope=0.2)
)
epoch: 0
epoch_0_loss:  1.115514706410791
epoch: 1
epoch_1_loss:  1.1159466701642917
epoch: 2
epoch_2_loss:  1.11657951105917
epoch: 3
epoch_3_loss:  1.1151479214859656
epoch: 4
epoch_4_loss:  1.1150507465874955
epoch: 5
epoch_5_loss:  1.1156328139126142
epoch: 6
epoch_6_loss:  1.1159713438739967
epoch: 7
epoch_7_loss:  1.1156875352708775
epoch: 8
epoch_8_loss:  1.1151230570572543
epoch: 9
epoch_9_loss:  1.115769971569453
epoch: 10
epoch_10_loss:  1.1149002223778166
epoch: 11
epoch_11_loss:  1.1141199710077596
epoch: 12
epoch_12_loss:  1.1162707050299903
epoch: 13
epoch_13_loss:  1.1153245245502155
epoch: 14
epoch_14_loss:  1.1155151045030738
[1.115514706410791, 1.1159466701642917, 1.11657951105917, 1.1151479214859656, 1.1150507465874955, 1.1156328139126142, 1.1159713438739967, 1.1156875352708775, 1.1151230570572543, 1.115769971569453, 1.1149002223778166, 1.1141199710077596, 1.1162707050299903, 1.1153245245502155, 1.1155151045030738]
[I 2022-11-13 16:42:58,978] Trial 112 finished with value: 1.1155151045030738 and parameters: {'optimizer': 'Adam', 'lr': 4.2602678940489356e-05, 'hidden_dim': 5, 'latent_dim': 4}. Best is trial 58 with value: 1.0133226465254404.
build_Encoder(
  (FC_input): Linear(in_features=5, out_features=5, bias=True)
  (FC_input2): Linear(in_features=5, out_features=5, bias=True)
  (FC_mean): Linear(in_features=5, out_features=4, bias=True)
  (FC_var): Linear(in_features=5, out_features=4, bias=True)
  (LeakyReLU): LeakyReLU(negative_slope=0.01)
)
build_Decoder(
  (FC_hidden): Linear(in_features=4, out_features=5, bias=True)
  (FC_hidden2): Linear(in_features=5, out_features=5, bias=True)
  (FC_output): Linear(in_features=5, out_features=5, bias=True)
  (LeakyReLU): LeakyReLU(negative_slope=0.2)
)
epoch: 0
epoch_0_loss:  1.069106192000404
epoch: 1
epoch_1_loss:  1.0692204087933521
epoch: 2
epoch_2_loss:  1.070167359283642
epoch: 3
epoch_3_loss:  1.069579173704699
epoch: 4
epoch_4_loss:  1.0690851603026728
epoch: 5
epoch_5_loss:  1.069405130133762
epoch: 6
epoch_6_loss:  1.069131154219746
epoch: 7
epoch_7_loss:  1.0680574218459449
epoch: 8
epoch_8_loss:  1.0694382549794594
epoch: 9
epoch_9_loss:  1.0691559203094259
epoch: 10
epoch_10_loss:  1.0695518668818185
epoch: 11
epoch_11_loss:  1.0685332256187514
epoch: 12
epoch_12_loss:  1.069060418592728
epoch: 13
epoch_13_loss:  1.069069688931865
epoch: 14
epoch_14_loss:  1.0685654535274915
[1.069106192000404, 1.0692204087933521, 1.070167359283642, 1.069579173704699, 1.0690851603026728, 1.069405130133762, 1.069131154219746, 1.0680574218459449, 1.0694382549794594, 1.0691559203094259, 1.0695518668818185, 1.0685332256187514, 1.069060418592728, 1.069069688931865, 1.0685654535274915]
[I 2022-11-13 16:44:30,499] Trial 113 finished with value: 1.0685654535274915 and parameters: {'optimizer': 'Adam', 'lr': 2.4302350356628477e-05, 'hidden_dim': 5, 'latent_dim': 4}. Best is trial 58 with value: 1.0133226465254404.
build_Encoder(
  (FC_input): Linear(in_features=5, out_features=5, bias=True)
  (FC_input2): Linear(in_features=5, out_features=5, bias=True)
  (FC_mean): Linear(in_features=5, out_features=4, bias=True)
  (FC_var): Linear(in_features=5, out_features=4, bias=True)
  (LeakyReLU): LeakyReLU(negative_slope=0.01)
)
build_Decoder(
  (FC_hidden): Linear(in_features=4, out_features=5, bias=True)
  (FC_hidden2): Linear(in_features=5, out_features=5, bias=True)
  (FC_output): Linear(in_features=5, out_features=5, bias=True)
  (LeakyReLU): LeakyReLU(negative_slope=0.2)
)
epoch: 0
epoch_0_loss:  1.102198138070462
epoch: 1
epoch_1_loss:  1.1020847766955382
epoch: 2
epoch_2_loss:  1.1021985016975502
epoch: 3
epoch_3_loss:  1.101686947485531
epoch: 4
epoch_4_loss:  1.1027369793457271
epoch: 5
epoch_5_loss:  1.103598277583182
epoch: 6
epoch_6_loss:  1.1025676043906338
epoch: 7
epoch_7_loss:  1.102715768564067
epoch: 8
epoch_8_loss:  1.1037228271651787
epoch: 9
epoch_9_loss:  1.1026425257090973
epoch: 10
epoch_10_loss:  1.1028315413398218
epoch: 11
epoch_11_loss:  1.1018679410967562
epoch: 12
epoch_12_loss:  1.1035288423769232
epoch: 13
epoch_13_loss:  1.1030743988109553
epoch: 14
epoch_14_loss:  1.1030342800551058
[1.102198138070462, 1.1020847766955382, 1.1021985016975502, 1.101686947485531, 1.1027369793457271, 1.103598277583182, 1.1025676043906338, 1.102715768564067, 1.1037228271651787, 1.1026425257090973, 1.1028315413398218, 1.1018679410967562, 1.1035288423769232, 1.1030743988109553, 1.1030342800551058]
