[I 2022-11-14 01:31:39,790] Trial 177 finished with value: 1.208371068881702 and parameters: {'optimizer': 'Adam', 'lr': 0.0003626787357775423, 'hidden_dim': 5, 'latent_dim': 4, 'mem_dim': 117}. Best is trial 45 with value: 1.016495998638263.
build_Encoder(
  (FC_input): Linear(in_features=5, out_features=5, bias=True)
  (FC_input2): Linear(in_features=5, out_features=5, bias=True)
  (FC_mean): Linear(in_features=5, out_features=4, bias=True)
  (FC_var): Linear(in_features=5, out_features=4, bias=True)
  (LeakyReLU): LeakyReLU(negative_slope=0.01)
)
build_Decoder(
  (FC_hidden): Linear(in_features=4, out_features=5, bias=True)
  (FC_hidden2): Linear(in_features=5, out_features=5, bias=True)
  (FC_output): Linear(in_features=5, out_features=5, bias=True)
  (LeakyReLU): LeakyReLU(negative_slope=0.2)
)
epoch: 0
epoch_0_loss:  1.0621693916446695
epoch: 1
epoch_1_loss:  1.0622038731215355
epoch: 2
epoch_2_loss:  1.0622014327867213
epoch: 3
epoch_3_loss:  1.0622068029987197
epoch: 4
epoch_4_loss:  1.0622379070064938
epoch: 5
epoch_5_loss:  1.0622263551853728
epoch: 6
epoch_6_loss:  1.0621215245482785
epoch: 7
epoch_7_loss:  1.0622025377656175
epoch: 8
epoch_8_loss:  1.0621804771123355
epoch: 9
epoch_9_loss:  1.0622234355639515
epoch: 10
epoch_10_loss:  1.0620858077798587
epoch: 11
epoch_11_loss:  1.0622053904820352
epoch: 12
epoch_12_loss:  1.0621562071245771
epoch: 13
epoch_13_loss:  1.0621352881022075
epoch: 14
epoch_14_loss:  1.0621897332214842
[1.0621693916446695, 1.0622038731215355, 1.0622014327867213, 1.0622068029987197, 1.0622379070064938, 1.0622263551853728, 1.0621215245482785, 1.0622025377656175, 1.0621804771123355, 1.0622234355639515, 1.0620858077798587, 1.0622053904820352, 1.0621562071245771, 1.0621352881022075, 1.0621897332214842]
[I 2022-11-14 01:33:53,218] Trial 178 finished with value: 1.0621897332214842 and parameters: {'optimizer': 'Adam', 'lr': 0.00022930496747805036, 'hidden_dim': 5, 'latent_dim': 4, 'mem_dim': 96}. Best is trial 45 with value: 1.016495998638263.
build_Encoder(
  (FC_input): Linear(in_features=5, out_features=5, bias=True)
  (FC_input2): Linear(in_features=5, out_features=5, bias=True)
  (FC_mean): Linear(in_features=5, out_features=5, bias=True)
  (FC_var): Linear(in_features=5, out_features=5, bias=True)
  (LeakyReLU): LeakyReLU(negative_slope=0.01)
)
build_Decoder(
  (FC_hidden): Linear(in_features=5, out_features=5, bias=True)
  (FC_hidden2): Linear(in_features=5, out_features=5, bias=True)
  (FC_output): Linear(in_features=5, out_features=5, bias=True)
  (LeakyReLU): LeakyReLU(negative_slope=0.2)
)
epoch: 0
epoch_0_loss:  1.1159518648307218
epoch: 1
epoch_1_loss:  1.1160619968957355
epoch: 2
epoch_2_loss:  1.1160702638104307
epoch: 3
epoch_3_loss:  1.1159499985706014
epoch: 4
epoch_4_loss:  1.1159434157554857
epoch: 5
epoch_5_loss:  1.1159302733751972
epoch: 6
epoch_6_loss:  1.116012480110191
epoch: 7
epoch_7_loss:  1.1159660942178065
epoch: 8
epoch_8_loss:  1.1159618151828217
epoch: 9
epoch_9_loss:  1.1159572655419048
epoch: 10
epoch_10_loss:  1.1160803898032916
epoch: 11
epoch_11_loss:  1.1161177955973123
epoch: 12
epoch_12_loss:  1.1159774753314895
epoch: 13
epoch_13_loss:  1.1158819228624057
epoch: 14
epoch_14_loss:  1.115984817913876
[1.1159518648307218, 1.1160619968957355, 1.1160702638104307, 1.1159499985706014, 1.1159434157554857, 1.1159302733751972, 1.116012480110191, 1.1159660942178065, 1.1159618151828217, 1.1159572655419048, 1.1160803898032916, 1.1161177955973123, 1.1159774753314895, 1.1158819228624057, 1.115984817913876]
[I 2022-11-14 01:36:07,448] Trial 179 finished with value: 1.115984817913876 and parameters: {'optimizer': 'Adam', 'lr': 3.461182985008204e-05, 'hidden_dim': 5, 'latent_dim': 5, 'mem_dim': 105}. Best is trial 45 with value: 1.016495998638263.
build_Encoder(
  (FC_input): Linear(in_features=5, out_features=5, bias=True)
  (FC_input2): Linear(in_features=5, out_features=5, bias=True)
  (FC_mean): Linear(in_features=5, out_features=4, bias=True)
  (FC_var): Linear(in_features=5, out_features=4, bias=True)
  (LeakyReLU): LeakyReLU(negative_slope=0.01)
)
build_Decoder(
  (FC_hidden): Linear(in_features=4, out_features=5, bias=True)
  (FC_hidden2): Linear(in_features=5, out_features=5, bias=True)
  (FC_output): Linear(in_features=5, out_features=5, bias=True)
  (LeakyReLU): LeakyReLU(negative_slope=0.2)
)
epoch: 0
epoch_0_loss:  1.0766384153582784
epoch: 1
epoch_1_loss:  1.076697978858469
epoch: 2
epoch_2_loss:  1.0766178331445058
epoch: 3
epoch_3_loss:  1.0766807662422744
epoch: 4
epoch_4_loss:  1.0766869416777007
epoch: 5
epoch_5_loss:  1.0766526513945
epoch: 6
epoch_6_loss:  1.0766190165412322
epoch: 7
epoch_7_loss:  1.0766384988794746
epoch: 8
epoch_8_loss:  1.0766900159883852
epoch: 9
epoch_9_loss:  1.0766020910112848
epoch: 10
epoch_10_loss:  1.0766135272180055
epoch: 11
epoch_11_loss:  1.0766017245062507
epoch: 12
epoch_12_loss:  1.076652032490877
epoch: 13
epoch_13_loss:  1.0766337954521896
epoch: 14
epoch_14_loss:  1.0765969175386374
[1.0766384153582784, 1.076697978858469, 1.0766178331445058, 1.0766807662422744, 1.0766869416777007, 1.0766526513945, 1.0766190165412322, 1.0766384988794746, 1.0766900159883852, 1.0766020910112848, 1.0766135272180055, 1.0766017245062507, 1.076652032490877, 1.0766337954521896, 1.0765969175386374]
[I 2022-11-14 01:38:21,735] Trial 180 finished with value: 1.0765969175386374 and parameters: {'optimizer': 'Adam', 'lr': 0.00011433283110288588, 'hidden_dim': 5, 'latent_dim': 4, 'mem_dim': 89}. Best is trial 45 with value: 1.016495998638263.
build_Encoder(
  (FC_input): Linear(in_features=5, out_features=3, bias=True)
  (FC_input2): Linear(in_features=3, out_features=3, bias=True)
  (FC_mean): Linear(in_features=3, out_features=3, bias=True)
  (FC_var): Linear(in_features=3, out_features=3, bias=True)
  (LeakyReLU): LeakyReLU(negative_slope=0.01)
)
build_Decoder(
  (FC_hidden): Linear(in_features=3, out_features=3, bias=True)
  (FC_hidden2): Linear(in_features=3, out_features=3, bias=True)
  (FC_output): Linear(in_features=3, out_features=5, bias=True)
  (LeakyReLU): LeakyReLU(negative_slope=0.2)
)
epoch: 0
epoch_0_loss:  1.1493411838162813
epoch: 1
epoch_1_loss:  1.1492890465534646
epoch: 2
epoch_2_loss:  1.1490536814863794
epoch: 3
epoch_3_loss:  1.149200528593553
epoch: 4
epoch_4_loss:  1.1491174450282657
epoch: 5
epoch_5_loss:  1.1491052963067023
epoch: 6
epoch_6_loss:  1.1490934783478328
epoch: 7
epoch_7_loss:  1.1489835255248595
epoch: 8
epoch_8_loss:  1.1492132827007397
epoch: 9
epoch_9_loss:  1.1490883239013154
epoch: 10
epoch_10_loss:  1.1488879728699544
epoch: 11
epoch_11_loss:  1.1492959362994832
epoch: 12
epoch_12_loss:  1.1491008658875932
epoch: 13
epoch_13_loss:  1.1488689538356134
epoch: 14
epoch_14_loss:  1.1492375110365238
[1.1493411838162813, 1.1492890465534646, 1.1490536814863794, 1.149200528593553, 1.1491174450282657, 1.1491052963067023, 1.1490934783478328, 1.1489835255248595, 1.1492132827007397, 1.1490883239013154, 1.1488879728699544, 1.1492959362994832, 1.1491008658875932, 1.1488689538356134, 1.1492375110365238]
[I 2022-11-14 01:40:35,569] Trial 181 finished with value: 1.1492375110365238 and parameters: {'optimizer': 'Adam', 'lr': 1.8692142089803597e-05, 'hidden_dim': 3, 'latent_dim': 3, 'mem_dim': 84}. Best is trial 45 with value: 1.016495998638263.
build_Encoder(
  (FC_input): Linear(in_features=5, out_features=5, bias=True)
  (FC_input2): Linear(in_features=5, out_features=5, bias=True)
  (FC_mean): Linear(in_features=5, out_features=3, bias=True)
  (FC_var): Linear(in_features=5, out_features=3, bias=True)
  (LeakyReLU): LeakyReLU(negative_slope=0.01)
)
build_Decoder(
  (FC_hidden): Linear(in_features=3, out_features=5, bias=True)
  (FC_hidden2): Linear(in_features=5, out_features=5, bias=True)
  (FC_output): Linear(in_features=5, out_features=5, bias=True)
  (LeakyReLU): LeakyReLU(negative_slope=0.2)
)
epoch: 0
epoch_0_loss:  1.1494486763790663
epoch: 1
epoch_1_loss:  1.1495251345887125
epoch: 2
epoch_2_loss:  1.1495502825239081
epoch: 3
epoch_3_loss:  1.1495791884320177
epoch: 4
epoch_4_loss:  1.1494034574570793
epoch: 5
epoch_5_loss:  1.1494661721924346
epoch: 6
epoch_6_loss:  1.149517577917669
epoch: 7
epoch_7_loss:  1.149620979128745
epoch: 8
epoch_8_loss:  1.1494398765068776
epoch: 9
epoch_9_loss:  1.1493649152953838
epoch: 10
epoch_10_loss:  1.1494649729739173
epoch: 11
epoch_11_loss:  1.149528941018567
epoch: 12
epoch_12_loss:  1.1495169220287254
epoch: 13
epoch_13_loss:  1.1494463517697535
epoch: 14
epoch_14_loss:  1.1494385622305108
[1.1494486763790663, 1.1495251345887125, 1.1495502825239081, 1.1495791884320177, 1.1494034574570793, 1.1494661721924346, 1.149517577917669, 1.149620979128745, 1.1494398765068776, 1.1493649152953838, 1.1494649729739173, 1.149528941018567, 1.1495169220287254, 1.1494463517697535, 1.1494385622305108]
[I 2022-11-14 01:42:59,638] Trial 182 finished with value: 1.1494385622305108 and parameters: {'optimizer': 'Adam', 'lr': 2.3856727212435564e-05, 'hidden_dim': 5, 'latent_dim': 3, 'mem_dim': 241}. Best is trial 45 with value: 1.016495998638263.
build_Encoder(
  (FC_input): Linear(in_features=5, out_features=3, bias=True)
  (FC_input2): Linear(in_features=3, out_features=3, bias=True)
  (FC_mean): Linear(in_features=3, out_features=5, bias=True)
  (FC_var): Linear(in_features=3, out_features=5, bias=True)
  (LeakyReLU): LeakyReLU(negative_slope=0.01)
)
build_Decoder(
  (FC_hidden): Linear(in_features=5, out_features=3, bias=True)
  (FC_hidden2): Linear(in_features=3, out_features=3, bias=True)
  (FC_output): Linear(in_features=3, out_features=5, bias=True)
  (LeakyReLU): LeakyReLU(negative_slope=0.2)
)
epoch: 0
epoch_0_loss:  1.0991235966057429
epoch: 1
epoch_1_loss:  1.0991040938190888
epoch: 2
epoch_2_loss:  1.0991916673879176
epoch: 3
epoch_3_loss:  1.0992321142990968
epoch: 4
epoch_4_loss:  1.0992014971849915
epoch: 5
epoch_5_loss:  1.099183840128937
epoch: 6
epoch_6_loss:  1.0990885702903048
epoch: 7
epoch_7_loss:  1.0991302459568277
epoch: 8
epoch_8_loss:  1.0991686995231706
epoch: 9
epoch_9_loss:  1.0991263214088778
epoch: 10
epoch_10_loss:  1.0992016770619533
epoch: 11
epoch_11_loss:  1.0991748186301422
epoch: 12
epoch_12_loss:  1.099168059308926
epoch: 13
epoch_13_loss:  1.099173588311032
epoch: 14
epoch_14_loss:  1.0991097421937466
[1.0991235966057429, 1.0991040938190888, 1.0991916673879176, 1.0992321142990968, 1.0992014971849915, 1.099183840128937, 1.0990885702903048, 1.0991302459568277, 1.0991686995231706, 1.0991263214088778, 1.0992016770619533, 1.0991748186301422, 1.099168059308926, 1.099173588311032, 1.0991097421937466]
[I 2022-11-14 01:45:13,865] Trial 183 finished with value: 1.0991097421937466 and parameters: {'optimizer': 'Adam', 'lr': 0.0004787734455433768, 'hidden_dim': 3, 'latent_dim': 5, 'mem_dim': 111}. Best is trial 45 with value: 1.016495998638263.
build_Encoder(
  (FC_input): Linear(in_features=5, out_features=5, bias=True)
  (FC_input2): Linear(in_features=5, out_features=5, bias=True)
  (FC_mean): Linear(in_features=5, out_features=3, bias=True)
  (FC_var): Linear(in_features=5, out_features=3, bias=True)
  (LeakyReLU): LeakyReLU(negative_slope=0.01)
)
build_Decoder(
  (FC_hidden): Linear(in_features=3, out_features=5, bias=True)
  (FC_hidden2): Linear(in_features=5, out_features=5, bias=True)
  (FC_output): Linear(in_features=5, out_features=5, bias=True)
  (LeakyReLU): LeakyReLU(negative_slope=0.2)
)
epoch: 0
epoch_0_loss:  1.0531930173783755
epoch: 1
epoch_1_loss:  1.0532158937964258
epoch: 2
epoch_2_loss:  1.053215249771087
epoch: 3
epoch_3_loss:  1.0531767563834666
epoch: 4
epoch_4_loss:  1.0532278868247702
epoch: 5
epoch_5_loss:  1.053265730700568
epoch: 6
epoch_6_loss:  1.0532105123503976
epoch: 7
epoch_7_loss:  1.053243709641927
epoch: 8
epoch_8_loss:  1.0532024919952039
epoch: 9
epoch_9_loss:  1.0532066463372842
epoch: 10
epoch_10_loss:  1.0532139930544195
epoch: 11
epoch_11_loss:  1.0532462720174236
epoch: 12
epoch_12_loss:  1.0532473773095423
epoch: 13
epoch_13_loss:  1.05320266070451
epoch: 14
epoch_14_loss:  1.0531863422388352
[1.0531930173783755, 1.0532158937964258, 1.053215249771087, 1.0531767563834666, 1.0532278868247702, 1.053265730700568, 1.0532105123503976, 1.053243709641927, 1.0532024919952039, 1.0532066463372842, 1.0532139930544195, 1.0532462720174236, 1.0532473773095423, 1.05320266070451, 1.0531863422388352]
[I 2022-11-14 01:47:28,433] Trial 184 finished with value: 1.0531863422388352 and parameters: {'optimizer': 'Adam', 'lr': 1.24860599733338e-05, 'hidden_dim': 5, 'latent_dim': 3, 'mem_dim': 98}. Best is trial 45 with value: 1.016495998638263.
build_Encoder(
  (FC_input): Linear(in_features=5, out_features=5, bias=True)
  (FC_input2): Linear(in_features=5, out_features=5, bias=True)
  (FC_mean): Linear(in_features=5, out_features=5, bias=True)
  (FC_var): Linear(in_features=5, out_features=5, bias=True)
  (LeakyReLU): LeakyReLU(negative_slope=0.01)
)
build_Decoder(
  (FC_hidden): Linear(in_features=5, out_features=5, bias=True)
  (FC_hidden2): Linear(in_features=5, out_features=5, bias=True)
  (FC_output): Linear(in_features=5, out_features=5, bias=True)
  (LeakyReLU): LeakyReLU(negative_slope=0.2)
)
epoch: 0
epoch_0_loss:  1.1927262005322903
epoch: 1
epoch_1_loss:  1.1927859803622063
epoch: 2
epoch_2_loss:  1.192721984902873
epoch: 3
epoch_3_loss:  1.1927749629368998
epoch: 4
epoch_4_loss:  1.1927403989643093
epoch: 5
epoch_5_loss:  1.1927157237150925
epoch: 6
epoch_6_loss:  1.1927267582562875
epoch: 7
epoch_7_loss:  1.1927325840725413
epoch: 8
epoch_8_loss:  1.1927876173524075
epoch: 9
epoch_9_loss:  1.1928574090752593
epoch: 10
epoch_10_loss:  1.1928570448457194
epoch: 11
epoch_11_loss:  1.19271604072989
epoch: 12
epoch_12_loss:  1.1928651872844973
epoch: 13
epoch_13_loss:  1.1927518990168307
epoch: 14
epoch_14_loss:  1.1928057653315154
[1.1927262005322903, 1.1927859803622063, 1.192721984902873, 1.1927749629368998, 1.1927403989643093, 1.1927157237150925, 1.1927267582562875, 1.1927325840725413, 1.1927876173524075, 1.1928574090752593, 1.1928570448457194, 1.19271604072989, 1.1928651872844973, 1.1927518990168307, 1.1928057653315154]
[I 2022-11-14 01:49:43,137] Trial 185 finished with value: 1.1928057653315154 and parameters: {'optimizer': 'Adam', 'lr': 8.591688409098675e-05, 'hidden_dim': 5, 'latent_dim': 5, 'mem_dim': 90}. Best is trial 45 with value: 1.016495998638263.
build_Encoder(
  (FC_input): Linear(in_features=5, out_features=5, bias=True)
  (FC_input2): Linear(in_features=5, out_features=5, bias=True)
  (FC_mean): Linear(in_features=5, out_features=3, bias=True)
  (FC_var): Linear(in_features=5, out_features=3, bias=True)
  (LeakyReLU): LeakyReLU(negative_slope=0.01)
)
build_Decoder(
  (FC_hidden): Linear(in_features=3, out_features=5, bias=True)
  (FC_hidden2): Linear(in_features=5, out_features=5, bias=True)
  (FC_output): Linear(in_features=5, out_features=5, bias=True)
  (LeakyReLU): LeakyReLU(negative_slope=0.2)
)
epoch: 0
epoch_0_loss:  1.037165216503295
epoch: 1
epoch_1_loss:  1.0372971232729598
epoch: 2
epoch_2_loss:  1.037193671747775
epoch: 3
epoch_3_loss:  1.0369570395017047
epoch: 4
epoch_4_loss:  1.0374328505359454
epoch: 5
epoch_5_loss:  1.0368305264258337
epoch: 6
epoch_6_loss:  1.0371099289076873
epoch: 7
epoch_7_loss:  1.037284139122838
epoch: 8
epoch_8_loss:  1.037347329124804
epoch: 9
epoch_9_loss:  1.0369581391772
epoch: 10
epoch_10_loss:  1.0375023486647672
epoch: 11
epoch_11_loss:  1.0373391880690572
epoch: 12
epoch_12_loss:  1.0372293506652739
epoch: 13
epoch_13_loss:  1.0371491566359854
epoch: 14
epoch_14_loss:  1.0372860418990968
[1.037165216503295, 1.0372971232729598, 1.037193671747775, 1.0369570395017047, 1.0374328505359454, 1.0368305264258337, 1.0371099289076873, 1.037284139122838, 1.037347329124804, 1.0369581391772, 1.0375023486647672, 1.0373391880690572, 1.0372293506652739, 1.0371491566359854, 1.0372860418990968]
[I 2022-11-14 01:52:06,123] Trial 186 finished with value: 1.0372860418990968 and parameters: {'optimizer': 'Adam', 'lr': 0.00027820136820368656, 'hidden_dim': 5, 'latent_dim': 3, 'mem_dim': 216}. Best is trial 45 with value: 1.016495998638263.
build_Encoder(
  (FC_input): Linear(in_features=5, out_features=5, bias=True)
  (FC_input2): Linear(in_features=5, out_features=5, bias=True)
  (FC_mean): Linear(in_features=5, out_features=3, bias=True)
  (FC_var): Linear(in_features=5, out_features=3, bias=True)
  (LeakyReLU): LeakyReLU(negative_slope=0.01)
)
build_Decoder(
  (FC_hidden): Linear(in_features=3, out_features=5, bias=True)
  (FC_hidden2): Linear(in_features=5, out_features=5, bias=True)
  (FC_output): Linear(in_features=5, out_features=5, bias=True)
  (LeakyReLU): LeakyReLU(negative_slope=0.2)
)
epoch: 0
epoch_0_loss:  1.078493311254814
epoch: 1
epoch_1_loss:  1.0785143774056125
epoch: 2
epoch_2_loss:  1.078558110804979
epoch: 3
epoch_3_loss:  1.078275652047981
epoch: 4
epoch_4_loss:  1.0784190645484706
epoch: 5
epoch_5_loss:  1.0782545049907184
epoch: 6
epoch_6_loss:  1.0784008356661583
epoch: 7
epoch_7_loss:  1.078339105074181
epoch: 8
epoch_8_loss:  1.0782836030414853
epoch: 9
epoch_9_loss:  1.0785789854971375
epoch: 10
epoch_10_loss:  1.0785576118078986
epoch: 11
epoch_11_loss:  1.0785687569029643
epoch: 12
epoch_12_loss:  1.0784909726587106
epoch: 13
epoch_13_loss:  1.0784251086748469
epoch: 14
epoch_14_loss:  1.0784379948631218
[1.078493311254814, 1.0785143774056125, 1.078558110804979, 1.078275652047981, 1.0784190645484706, 1.0782545049907184, 1.0784008356661583, 1.078339105074181, 1.0782836030414853, 1.0785789854971375, 1.0785576118078986, 1.0785687569029643, 1.0784909726587106, 1.0784251086748469, 1.0784379948631218]
[I 2022-11-14 01:54:29,725] Trial 187 finished with value: 1.0784379948631218 and parameters: {'optimizer': 'Adam', 'lr': 0.00026567486729907596, 'hidden_dim': 5, 'latent_dim': 3, 'mem_dim': 223}. Best is trial 45 with value: 1.016495998638263.
build_Encoder(
  (FC_input): Linear(in_features=5, out_features=5, bias=True)
  (FC_input2): Linear(in_features=5, out_features=5, bias=True)
  (FC_mean): Linear(in_features=5, out_features=5, bias=True)
  (FC_var): Linear(in_features=5, out_features=5, bias=True)
  (LeakyReLU): LeakyReLU(negative_slope=0.01)
)
build_Decoder(
  (FC_hidden): Linear(in_features=5, out_features=5, bias=True)
  (FC_hidden2): Linear(in_features=5, out_features=5, bias=True)
  (FC_output): Linear(in_features=5, out_features=5, bias=True)
  (LeakyReLU): LeakyReLU(negative_slope=0.2)
)
epoch: 0
epoch_0_loss:  1.075473041782999
epoch: 1
epoch_1_loss:  1.0755803490412799
epoch: 2
epoch_2_loss:  1.075397574918898
epoch: 3
epoch_3_loss:  1.0753970929893275
epoch: 4
epoch_4_loss:  1.075334732279649
epoch: 5
epoch_5_loss:  1.0753635872542457
epoch: 6
epoch_6_loss:  1.075367822896275
epoch: 7
epoch_7_loss:  1.0754170225981703
epoch: 8
epoch_8_loss:  1.0753161663795112
epoch: 9
epoch_9_loss:  1.0753577698389336
epoch: 10
epoch_10_loss:  1.0754941952149053
epoch: 11
epoch_11_loss:  1.075466773591391
epoch: 12
epoch_12_loss:  1.0755184732718657
epoch: 13
epoch_13_loss:  1.075445883841395
epoch: 14
epoch_14_loss:  1.0754469613484918
[1.075473041782999, 1.0755803490412799, 1.075397574918898, 1.0753970929893275, 1.075334732279649, 1.0753635872542457, 1.075367822896275, 1.0754170225981703, 1.0753161663795112, 1.0753577698389336, 1.0754941952149053, 1.075466773591391, 1.0755184732718657, 1.075445883841395, 1.0754469613484918]
[I 2022-11-14 01:56:53,189] Trial 188 finished with value: 1.0754469613484918 and parameters: {'optimizer': 'Adam', 'lr': 0.0003020238384170201, 'hidden_dim': 5, 'latent_dim': 5, 'mem_dim': 198}. Best is trial 45 with value: 1.016495998638263.
build_Encoder(
  (FC_input): Linear(in_features=5, out_features=5, bias=True)
  (FC_input2): Linear(in_features=5, out_features=5, bias=True)
  (FC_mean): Linear(in_features=5, out_features=4, bias=True)
  (FC_var): Linear(in_features=5, out_features=4, bias=True)
  (LeakyReLU): LeakyReLU(negative_slope=0.01)
)
build_Decoder(
  (FC_hidden): Linear(in_features=4, out_features=5, bias=True)
  (FC_hidden2): Linear(in_features=5, out_features=5, bias=True)
  (FC_output): Linear(in_features=5, out_features=5, bias=True)
  (LeakyReLU): LeakyReLU(negative_slope=0.2)
)
epoch: 0
epoch_0_loss:  1.0453899682005119
epoch: 1
epoch_1_loss:  1.0454454073485262
epoch: 2
epoch_2_loss:  1.0452779237882766
epoch: 3
epoch_3_loss:  1.0454273204302489
epoch: 4
epoch_4_loss:  1.0455118533750947
epoch: 5
epoch_5_loss:  1.0454013650917802
epoch: 6
epoch_6_loss:  1.0453251804153687
epoch: 7
epoch_7_loss:  1.045514234715149
epoch: 8
epoch_8_loss:  1.0453233007267686
epoch: 9
epoch_9_loss:  1.045414338795754
epoch: 10
epoch_10_loss:  1.045417946358442
epoch: 11
epoch_11_loss:  1.045397680107263
epoch: 12
epoch_12_loss:  1.0455017201874997
epoch: 13
epoch_13_loss:  1.0454194440940112
epoch: 14
epoch_14_loss:  1.0453997323351716
[1.0453899682005119, 1.0454454073485262, 1.0452779237882766, 1.0454273204302489, 1.0455118533750947, 1.0454013650917802, 1.0453251804153687, 1.045514234715149, 1.0453233007267686, 1.045414338795754, 1.045417946358442, 1.045397680107263, 1.0455017201874997, 1.0454194440940112, 1.0453997323351716]
