[I 2022-11-13 21:51:01,427] Trial 81 finished with value: 1.0930356455445749 and parameters: {'optimizer': 'Adam', 'lr': 9.883449232003192e-05, 'hidden_dim': 5, 'latent_dim': 5, 'mem_dim': 124}. Best is trial 45 with value: 1.016495998638263.
build_Encoder(
  (FC_input): Linear(in_features=5, out_features=5, bias=True)
  (FC_input2): Linear(in_features=5, out_features=5, bias=True)
  (FC_mean): Linear(in_features=5, out_features=5, bias=True)
  (FC_var): Linear(in_features=5, out_features=5, bias=True)
  (LeakyReLU): LeakyReLU(negative_slope=0.01)
)
build_Decoder(
  (FC_hidden): Linear(in_features=5, out_features=5, bias=True)
  (FC_hidden2): Linear(in_features=5, out_features=5, bias=True)
  (FC_output): Linear(in_features=5, out_features=5, bias=True)
  (LeakyReLU): LeakyReLU(negative_slope=0.2)
)
epoch: 0
epoch_0_loss:  1.1257231160545853
epoch: 1
epoch_1_loss:  1.1257587026736096
epoch: 2
epoch_2_loss:  1.1257891420061636
epoch: 3
epoch_3_loss:  1.1258012266318178
epoch: 4
epoch_4_loss:  1.1257727457510605
epoch: 5
epoch_5_loss:  1.1257735912112226
epoch: 6
epoch_6_loss:  1.1257971004834355
epoch: 7
epoch_7_loss:  1.1258254380883908
epoch: 8
epoch_8_loss:  1.125754967527618
epoch: 9
epoch_9_loss:  1.1257957078072338
epoch: 10
epoch_10_loss:  1.125767329691572
epoch: 11
epoch_11_loss:  1.1257623383622524
epoch: 12
epoch_12_loss:  1.1257629024813662
epoch: 13
epoch_13_loss:  1.1258056663012994
epoch: 14
epoch_14_loss:  1.1258286573631766
[1.1257231160545853, 1.1257587026736096, 1.1257891420061636, 1.1258012266318178, 1.1257727457510605, 1.1257735912112226, 1.1257971004834355, 1.1258254380883908, 1.125754967527618, 1.1257957078072338, 1.125767329691572, 1.1257623383622524, 1.1257629024813662, 1.1258056663012994, 1.1258286573631766]
[I 2022-11-13 21:53:34,618] Trial 82 finished with value: 1.1258286573631766 and parameters: {'optimizer': 'Adam', 'lr': 0.00011858008052743488, 'hidden_dim': 5, 'latent_dim': 5, 'mem_dim': 133}. Best is trial 45 with value: 1.016495998638263.
build_Encoder(
  (FC_input): Linear(in_features=5, out_features=5, bias=True)
  (FC_input2): Linear(in_features=5, out_features=5, bias=True)
  (FC_mean): Linear(in_features=5, out_features=5, bias=True)
  (FC_var): Linear(in_features=5, out_features=5, bias=True)
  (LeakyReLU): LeakyReLU(negative_slope=0.01)
)
build_Decoder(
  (FC_hidden): Linear(in_features=5, out_features=5, bias=True)
  (FC_hidden2): Linear(in_features=5, out_features=5, bias=True)
  (FC_output): Linear(in_features=5, out_features=5, bias=True)
  (LeakyReLU): LeakyReLU(negative_slope=0.2)
)
epoch: 0
epoch_0_loss:  1.0903065512893089
epoch: 1
epoch_1_loss:  1.090223764462667
epoch: 2
epoch_2_loss:  1.0903379255701018
epoch: 3
epoch_3_loss:  1.0903015855336742
epoch: 4
epoch_4_loss:  1.090179363049429
epoch: 5
epoch_5_loss:  1.0902297247846167
epoch: 6
epoch_6_loss:  1.0903127513865274
epoch: 7
epoch_7_loss:  1.0902108003486295
epoch: 8
epoch_8_loss:  1.0902343785544912
epoch: 9
epoch_9_loss:  1.0902710901556347
epoch: 10
epoch_10_loss:  1.090367506796093
epoch: 11
epoch_11_loss:  1.090291601500219
epoch: 12
epoch_12_loss:  1.0903290319006116
epoch: 13
epoch_13_loss:  1.090256054185042
epoch: 14
epoch_14_loss:  1.0902643594774777
[1.0903065512893089, 1.090223764462667, 1.0903379255701018, 1.0903015855336742, 1.090179363049429, 1.0902297247846167, 1.0903127513865274, 1.0902108003486295, 1.0902343785544912, 1.0902710901556347, 1.090367506796093, 1.090291601500219, 1.0903290319006116, 1.090256054185042, 1.0902643594774777]
[I 2022-11-13 21:55:48,740] Trial 83 finished with value: 1.0902643594774777 and parameters: {'optimizer': 'Adam', 'lr': 7.458475028354732e-05, 'hidden_dim': 5, 'latent_dim': 5, 'mem_dim': 114}. Best is trial 45 with value: 1.016495998638263.
build_Encoder(
  (FC_input): Linear(in_features=5, out_features=5, bias=True)
  (FC_input2): Linear(in_features=5, out_features=5, bias=True)
  (FC_mean): Linear(in_features=5, out_features=5, bias=True)
  (FC_var): Linear(in_features=5, out_features=5, bias=True)
  (LeakyReLU): LeakyReLU(negative_slope=0.01)
)
build_Decoder(
  (FC_hidden): Linear(in_features=5, out_features=5, bias=True)
  (FC_hidden2): Linear(in_features=5, out_features=5, bias=True)
  (FC_output): Linear(in_features=5, out_features=5, bias=True)
  (LeakyReLU): LeakyReLU(negative_slope=0.2)
)
epoch: 0
epoch_0_loss:  1.0575481705665921
epoch: 1
epoch_1_loss:  1.0575510588061463
epoch: 2
epoch_2_loss:  1.0575194539824613
epoch: 3
epoch_3_loss:  1.057506824461772
epoch: 4
epoch_4_loss:  1.057513543318444
epoch: 5
epoch_5_loss:  1.057544047216611
epoch: 6
epoch_6_loss:  1.0575668351698402
epoch: 7
epoch_7_loss:  1.0575224052977992
epoch: 8
epoch_8_loss:  1.0575291229825592
epoch: 9
epoch_9_loss:  1.0575205866986528
epoch: 10
epoch_10_loss:  1.05755948946292
epoch: 11
epoch_11_loss:  1.0575281398424847
epoch: 12
epoch_12_loss:  1.0574800453136524
epoch: 13
epoch_13_loss:  1.057521094902291
epoch: 14
epoch_14_loss:  1.0575296322635688
[1.0575481705665921, 1.0575510588061463, 1.0575194539824613, 1.057506824461772, 1.057513543318444, 1.057544047216611, 1.0575668351698402, 1.0575224052977992, 1.0575291229825592, 1.0575205866986528, 1.05755948946292, 1.0575281398424847, 1.0574800453136524, 1.057521094902291, 1.0575296322635688]
[I 2022-11-13 21:58:11,500] Trial 84 finished with value: 1.0575296322635688 and parameters: {'optimizer': 'Adam', 'lr': 0.0002553302699299879, 'hidden_dim': 5, 'latent_dim': 5, 'mem_dim': 181}. Best is trial 45 with value: 1.016495998638263.
build_Encoder(
  (FC_input): Linear(in_features=5, out_features=5, bias=True)
  (FC_input2): Linear(in_features=5, out_features=5, bias=True)
  (FC_mean): Linear(in_features=5, out_features=5, bias=True)
  (FC_var): Linear(in_features=5, out_features=5, bias=True)
  (LeakyReLU): LeakyReLU(negative_slope=0.01)
)
build_Decoder(
  (FC_hidden): Linear(in_features=5, out_features=5, bias=True)
  (FC_hidden2): Linear(in_features=5, out_features=5, bias=True)
  (FC_output): Linear(in_features=5, out_features=5, bias=True)
  (LeakyReLU): LeakyReLU(negative_slope=0.2)
)
epoch: 0
epoch_0_loss:  1.2500890599029988
epoch: 1
epoch_1_loss:  1.250421431967081
epoch: 2
epoch_2_loss:  1.2501860959656188
epoch: 3
epoch_3_loss:  1.2501844738288521
epoch: 4
epoch_4_loss:  1.250273964426357
epoch: 5
epoch_5_loss:  1.25012162000656
epoch: 6
epoch_6_loss:  1.2503083107129231
epoch: 7
epoch_7_loss:  1.2501328468441548
epoch: 8
epoch_8_loss:  1.25015579367799
epoch: 9
epoch_9_loss:  1.2502959065838373
epoch: 10
epoch_10_loss:  1.2501404187509682
epoch: 11
epoch_11_loss:  1.250027266009253
epoch: 12
epoch_12_loss:  1.2500593778003113
epoch: 13
epoch_13_loss:  1.2501109551729124
epoch: 14
epoch_14_loss:  1.2500864036619357
[1.2500890599029988, 1.250421431967081, 1.2501860959656188, 1.2501844738288521, 1.250273964426357, 1.25012162000656, 1.2503083107129231, 1.2501328468441548, 1.25015579367799, 1.2502959065838373, 1.2501404187509682, 1.250027266009253, 1.2500593778003113, 1.2501109551729124, 1.2500864036619357]
[I 2022-11-13 22:00:34,072] Trial 85 finished with value: 1.2500864036619357 and parameters: {'optimizer': 'Adam', 'lr': 0.00015047563677664832, 'hidden_dim': 5, 'latent_dim': 5, 'mem_dim': 165}. Best is trial 45 with value: 1.016495998638263.
build_Encoder(
  (FC_input): Linear(in_features=5, out_features=5, bias=True)
  (FC_input2): Linear(in_features=5, out_features=5, bias=True)
  (FC_mean): Linear(in_features=5, out_features=5, bias=True)
  (FC_var): Linear(in_features=5, out_features=5, bias=True)
  (LeakyReLU): LeakyReLU(negative_slope=0.01)
)
build_Decoder(
  (FC_hidden): Linear(in_features=5, out_features=5, bias=True)
  (FC_hidden2): Linear(in_features=5, out_features=5, bias=True)
  (FC_output): Linear(in_features=5, out_features=5, bias=True)
  (LeakyReLU): LeakyReLU(negative_slope=0.2)
)
epoch: 0
epoch_0_loss:  1.0344335786030436
epoch: 1
epoch_1_loss:  1.034408217904976
epoch: 2
epoch_2_loss:  1.0344002570781425
epoch: 3
epoch_3_loss:  1.0344382799145755
epoch: 4
epoch_4_loss:  1.034667338575444
epoch: 5
epoch_5_loss:  1.034499496283874
epoch: 6
epoch_6_loss:  1.0347630341671088
epoch: 7
epoch_7_loss:  1.0345479469537449
epoch: 8
epoch_8_loss:  1.0347328863157004
epoch: 9
epoch_9_loss:  1.0341898077493572
epoch: 10
epoch_10_loss:  1.0344174545730596
epoch: 11
epoch_11_loss:  1.0347389092846757
epoch: 12
epoch_12_loss:  1.0342386915522948
epoch: 13
epoch_13_loss:  1.0345328252759165
epoch: 14
epoch_14_loss:  1.0348433079647885
[1.0344335786030436, 1.034408217904976, 1.0344002570781425, 1.0344382799145755, 1.034667338575444, 1.034499496283874, 1.0347630341671088, 1.0345479469537449, 1.0347328863157004, 1.0341898077493572, 1.0344174545730596, 1.0347389092846757, 1.0342386915522948, 1.0345328252759165, 1.0348433079647885]
[I 2022-11-13 22:02:48,229] Trial 86 finished with value: 1.0348433079647885 and parameters: {'optimizer': 'Adam', 'lr': 0.000293663574423657, 'hidden_dim': 5, 'latent_dim': 5, 'mem_dim': 98}. Best is trial 45 with value: 1.016495998638263.
build_Encoder(
  (FC_input): Linear(in_features=5, out_features=5, bias=True)
  (FC_input2): Linear(in_features=5, out_features=5, bias=True)
  (FC_mean): Linear(in_features=5, out_features=4, bias=True)
  (FC_var): Linear(in_features=5, out_features=4, bias=True)
  (LeakyReLU): LeakyReLU(negative_slope=0.01)
)
build_Decoder(
  (FC_hidden): Linear(in_features=4, out_features=5, bias=True)
  (FC_hidden2): Linear(in_features=5, out_features=5, bias=True)
  (FC_output): Linear(in_features=5, out_features=5, bias=True)
  (LeakyReLU): LeakyReLU(negative_slope=0.2)
)
epoch: 0
epoch_0_loss:  1.0423102763311134
epoch: 1
epoch_1_loss:  1.0422760586756212
epoch: 2
epoch_2_loss:  1.0423117679182843
epoch: 3
epoch_3_loss:  1.0423061905994837
epoch: 4
epoch_4_loss:  1.0422863559455755
epoch: 5
epoch_5_loss:  1.04234245402335
epoch: 6
epoch_6_loss:  1.0422924107552989
epoch: 7
epoch_7_loss:  1.0422979306451272
epoch: 8
epoch_8_loss:  1.042259028873927
epoch: 9
epoch_9_loss:  1.0423576599508586
epoch: 10
epoch_10_loss:  1.0422819103783916
epoch: 11
epoch_11_loss:  1.04228544265326
epoch: 12
epoch_12_loss:  1.0423499781858632
epoch: 13
epoch_13_loss:  1.0423367768717766
epoch: 14
epoch_14_loss:  1.0422247128475206
[1.0423102763311134, 1.0422760586756212, 1.0423117679182843, 1.0423061905994837, 1.0422863559455755, 1.04234245402335, 1.0422924107552989, 1.0422979306451272, 1.042259028873927, 1.0423576599508586, 1.0422819103783916, 1.04228544265326, 1.0423499781858632, 1.0423367768717766, 1.0422247128475206]
[I 2022-11-13 22:05:02,024] Trial 87 finished with value: 1.0422247128475206 and parameters: {'optimizer': 'Adam', 'lr': 0.0003251350679680751, 'hidden_dim': 5, 'latent_dim': 4, 'mem_dim': 103}. Best is trial 45 with value: 1.016495998638263.
build_Encoder(
  (FC_input): Linear(in_features=5, out_features=5, bias=True)
  (FC_input2): Linear(in_features=5, out_features=5, bias=True)
  (FC_mean): Linear(in_features=5, out_features=5, bias=True)
  (FC_var): Linear(in_features=5, out_features=5, bias=True)
  (LeakyReLU): LeakyReLU(negative_slope=0.01)
)
build_Decoder(
  (FC_hidden): Linear(in_features=5, out_features=5, bias=True)
  (FC_hidden2): Linear(in_features=5, out_features=5, bias=True)
  (FC_output): Linear(in_features=5, out_features=5, bias=True)
  (LeakyReLU): LeakyReLU(negative_slope=0.2)
)
epoch: 0
epoch_0_loss:  1.0416131769394326
epoch: 1
epoch_1_loss:  1.0415225775724106
epoch: 2
epoch_2_loss:  1.0416689893748226
epoch: 3
epoch_3_loss:  1.0416146199020981
epoch: 4
epoch_4_loss:  1.0415438343829482
epoch: 5
epoch_5_loss:  1.0415690065922543
epoch: 6
epoch_6_loss:  1.0415413332119838
epoch: 7
epoch_7_loss:  1.0416194502795253
epoch: 8
epoch_8_loss:  1.041634659651115
epoch: 9
epoch_9_loss:  1.041540460559341
epoch: 10
epoch_10_loss:  1.0415867505121994
epoch: 11
epoch_11_loss:  1.0415583648026465
epoch: 12
epoch_12_loss:  1.041552302566858
epoch: 13
epoch_13_loss:  1.0416366044318215
epoch: 14
epoch_14_loss:  1.0415513721477
[1.0416131769394326, 1.0415225775724106, 1.0416689893748226, 1.0416146199020981, 1.0415438343829482, 1.0415690065922543, 1.0415413332119838, 1.0416194502795253, 1.041634659651115, 1.041540460559341, 1.0415867505121994, 1.0415583648026465, 1.041552302566858, 1.0416366044318215, 1.0415513721477]
[I 2022-11-13 22:07:15,409] Trial 88 finished with value: 1.0415513721477 and parameters: {'optimizer': 'Adam', 'lr': 0.0002053289187565993, 'hidden_dim': 5, 'latent_dim': 5, 'mem_dim': 72}. Best is trial 45 with value: 1.016495998638263.
build_Encoder(
  (FC_input): Linear(in_features=5, out_features=5, bias=True)
  (FC_input2): Linear(in_features=5, out_features=5, bias=True)
  (FC_mean): Linear(in_features=5, out_features=4, bias=True)
  (FC_var): Linear(in_features=5, out_features=4, bias=True)
  (LeakyReLU): LeakyReLU(negative_slope=0.01)
)
build_Decoder(
  (FC_hidden): Linear(in_features=4, out_features=5, bias=True)
  (FC_hidden2): Linear(in_features=5, out_features=5, bias=True)
  (FC_output): Linear(in_features=5, out_features=5, bias=True)
  (LeakyReLU): LeakyReLU(negative_slope=0.2)
)
epoch: 0
epoch_0_loss:  1.047864094011181
epoch: 1
epoch_1_loss:  1.0478339735293374
epoch: 2
epoch_2_loss:  1.0478877218761482
epoch: 3
epoch_3_loss:  1.047897610474598
epoch: 4
epoch_4_loss:  1.047846406550874
epoch: 5
epoch_5_loss:  1.0478416070729615
epoch: 6
epoch_6_loss:  1.0480224703131096
epoch: 7
epoch_7_loss:  1.0480977797190165
epoch: 8
epoch_8_loss:  1.0479566303549428
epoch: 9
epoch_9_loss:  1.0476498800895542
epoch: 10
epoch_10_loss:  1.047955068178815
epoch: 11
epoch_11_loss:  1.0479697243348849
epoch: 12
epoch_12_loss:  1.0478738974858084
epoch: 13
epoch_13_loss:  1.047857896323639
epoch: 14
epoch_14_loss:  1.047652599702998
[1.047864094011181, 1.0478339735293374, 1.0478877218761482, 1.047897610474598, 1.047846406550874, 1.0478416070729615, 1.0480224703131096, 1.0480977797190165, 1.0479566303549428, 1.0476498800895542, 1.047955068178815, 1.0479697243348849, 1.0478738974858084, 1.047857896323639, 1.047652599702998]
[I 2022-11-13 22:09:29,439] Trial 89 finished with value: 1.047652599702998 and parameters: {'optimizer': 'Adam', 'lr': 0.00027854773655003676, 'hidden_dim': 5, 'latent_dim': 4, 'mem_dim': 86}. Best is trial 45 with value: 1.016495998638263.
build_Encoder(
  (FC_input): Linear(in_features=5, out_features=4, bias=True)
  (FC_input2): Linear(in_features=4, out_features=4, bias=True)
  (FC_mean): Linear(in_features=4, out_features=4, bias=True)
  (FC_var): Linear(in_features=4, out_features=4, bias=True)
  (LeakyReLU): LeakyReLU(negative_slope=0.01)
)
build_Decoder(
  (FC_hidden): Linear(in_features=4, out_features=4, bias=True)
  (FC_hidden2): Linear(in_features=4, out_features=4, bias=True)
  (FC_output): Linear(in_features=4, out_features=5, bias=True)
  (LeakyReLU): LeakyReLU(negative_slope=0.2)
)
epoch: 0
epoch_0_loss:  1.1168382636004617
epoch: 1
epoch_1_loss:  1.1169970784202277
epoch: 2
epoch_2_loss:  1.1168650497015522
epoch: 3
epoch_3_loss:  1.1169114060691072
epoch: 4
epoch_4_loss:  1.1167952229068814
epoch: 5
epoch_5_loss:  1.1169007861448461
epoch: 6
epoch_6_loss:  1.1168275704313706
epoch: 7
epoch_7_loss:  1.1167707786410503
epoch: 8
epoch_8_loss:  1.1169301924347623
epoch: 9
epoch_9_loss:  1.1168810563903688
epoch: 10
epoch_10_loss:  1.1168640099100202
epoch: 11
epoch_11_loss:  1.1170344349715124
epoch: 12
epoch_12_loss:  1.1168731060032937
epoch: 13
epoch_13_loss:  1.1169343667320784
epoch: 14
epoch_14_loss:  1.1169051775975856
[1.1168382636004617, 1.1169970784202277, 1.1168650497015522, 1.1169114060691072, 1.1167952229068814, 1.1169007861448461, 1.1168275704313706, 1.1167707786410503, 1.1169301924347623, 1.1168810563903688, 1.1168640099100202, 1.1170344349715124, 1.1168731060032937, 1.1169343667320784, 1.1169051775975856]
[I 2022-11-13 22:11:43,098] Trial 90 finished with value: 1.1169051775975856 and parameters: {'optimizer': 'Adam', 'lr': 0.00038258066339600744, 'hidden_dim': 4, 'latent_dim': 4, 'mem_dim': 92}. Best is trial 45 with value: 1.016495998638263.
build_Encoder(
  (FC_input): Linear(in_features=5, out_features=5, bias=True)
  (FC_input2): Linear(in_features=5, out_features=5, bias=True)
  (FC_mean): Linear(in_features=5, out_features=5, bias=True)
  (FC_var): Linear(in_features=5, out_features=5, bias=True)
  (LeakyReLU): LeakyReLU(negative_slope=0.01)
)
build_Decoder(
  (FC_hidden): Linear(in_features=5, out_features=5, bias=True)
  (FC_hidden2): Linear(in_features=5, out_features=5, bias=True)
  (FC_output): Linear(in_features=5, out_features=5, bias=True)
  (LeakyReLU): LeakyReLU(negative_slope=0.2)
)
epoch: 0
epoch_0_loss:  1.0562174208314234
epoch: 1
epoch_1_loss:  1.056323123815175
epoch: 2
epoch_2_loss:  1.0562739219572979
epoch: 3
epoch_3_loss:  1.056272217671999
epoch: 4
epoch_4_loss:  1.0562969301090488
epoch: 5
epoch_5_loss:  1.0562278830589222
epoch: 6
epoch_6_loss:  1.0563170313423078
epoch: 7
epoch_7_loss:  1.056260948663891
epoch: 8
epoch_8_loss:  1.0563476097340234
epoch: 9
epoch_9_loss:  1.0563335854970768
epoch: 10
epoch_10_loss:  1.0562367448919028
epoch: 11
epoch_11_loss:  1.0563326835223779
epoch: 12
epoch_12_loss:  1.0563881315704429
epoch: 13
epoch_13_loss:  1.0563790474939951
epoch: 14
epoch_14_loss:  1.0563724330494462
[1.0562174208314234, 1.056323123815175, 1.0562739219572979, 1.056272217671999, 1.0562969301090488, 1.0562278830589222, 1.0563170313423078, 1.056260948663891, 1.0563476097340234, 1.0563335854970768, 1.0562367448919028, 1.0563326835223779, 1.0563881315704429, 1.0563790474939951, 1.0563724330494462]
[I 2022-11-13 22:13:56,659] Trial 91 finished with value: 1.0563724330494462 and parameters: {'optimizer': 'Adam', 'lr': 0.00018183827014305777, 'hidden_dim': 5, 'latent_dim': 5, 'mem_dim': 119}. Best is trial 45 with value: 1.016495998638263.
build_Encoder(
  (FC_input): Linear(in_features=5, out_features=5, bias=True)
  (FC_input2): Linear(in_features=5, out_features=5, bias=True)
  (FC_mean): Linear(in_features=5, out_features=5, bias=True)
  (FC_var): Linear(in_features=5, out_features=5, bias=True)
  (LeakyReLU): LeakyReLU(negative_slope=0.01)
)
build_Decoder(
  (FC_hidden): Linear(in_features=5, out_features=5, bias=True)
  (FC_hidden2): Linear(in_features=5, out_features=5, bias=True)
  (FC_output): Linear(in_features=5, out_features=5, bias=True)
  (LeakyReLU): LeakyReLU(negative_slope=0.2)
)
epoch: 0
epoch_0_loss:  1.2182392630046972
epoch: 1
epoch_1_loss:  1.2181502551933658
epoch: 2
epoch_2_loss:  1.218135209704557
epoch: 3
epoch_3_loss:  1.2183059425630747
epoch: 4
epoch_4_loss:  1.218269068450445
epoch: 5
epoch_5_loss:  1.2182845395341102
epoch: 6
epoch_6_loss:  1.2182927666150098
epoch: 7
epoch_7_loss:  1.2182969858844352
epoch: 8
epoch_8_loss:  1.2181758446057147
epoch: 9
epoch_9_loss:  1.2182140401813604
epoch: 10
epoch_10_loss:  1.2182881601615903
epoch: 11
epoch_11_loss:  1.2182754216174791
epoch: 12
epoch_12_loss:  1.2182010276912307
epoch: 13
epoch_13_loss:  1.218293822022821
epoch: 14
epoch_14_loss:  1.2182455265477772
[1.2182392630046972, 1.2181502551933658, 1.218135209704557, 1.2183059425630747, 1.218269068450445, 1.2182845395341102, 1.2182927666150098, 1.2182969858844352, 1.2181758446057147, 1.2182140401813604, 1.2182881601615903, 1.2182754216174791, 1.2182010276912307, 1.218293822022821, 1.2182455265477772]
[I 2022-11-13 22:16:10,154] Trial 92 finished with value: 1.2182455265477772 and parameters: {'optimizer': 'Adam', 'lr': 0.00023523991442381517, 'hidden_dim': 5, 'latent_dim': 5, 'mem_dim': 100}. Best is trial 45 with value: 1.016495998638263.
build_Encoder(
  (FC_input): Linear(in_features=5, out_features=5, bias=True)
  (FC_input2): Linear(in_features=5, out_features=5, bias=True)
  (FC_mean): Linear(in_features=5, out_features=5, bias=True)
  (FC_var): Linear(in_features=5, out_features=5, bias=True)
  (LeakyReLU): LeakyReLU(negative_slope=0.01)
)
build_Decoder(
  (FC_hidden): Linear(in_features=5, out_features=5, bias=True)
  (FC_hidden2): Linear(in_features=5, out_features=5, bias=True)
  (FC_output): Linear(in_features=5, out_features=5, bias=True)
  (LeakyReLU): LeakyReLU(negative_slope=0.2)
)
epoch: 0
epoch_0_loss:  1.0744685874472093
epoch: 1
epoch_1_loss:  1.074429757150844
epoch: 2
epoch_2_loss:  1.0743904441868397
epoch: 3
epoch_3_loss:  1.074466382903137
epoch: 4
epoch_4_loss:  1.0744146890604456
epoch: 5
epoch_5_loss:  1.0744490039241987
epoch: 6
epoch_6_loss:  1.0744255597809305
epoch: 7
epoch_7_loss:  1.0744461411236257
epoch: 8
epoch_8_loss:  1.0744583272033255
epoch: 9
epoch_9_loss:  1.0743718401773266
epoch: 10
epoch_10_loss:  1.0743910507900154
epoch: 11
epoch_11_loss:  1.0744950908283932
epoch: 12
epoch_12_loss:  1.07440312443553
epoch: 13
epoch_13_loss:  1.074436124029784
epoch: 14
epoch_14_loss:  1.074455578478423
[1.0744685874472093, 1.074429757150844, 1.0743904441868397, 1.074466382903137, 1.0744146890604456, 1.0744490039241987, 1.0744255597809305, 1.0744461411236257, 1.0744583272033255, 1.0743718401773266, 1.0743910507900154, 1.0744950908283932, 1.07440312443553, 1.074436124029784, 1.074455578478423]
