[I 2022-11-13 15:22:12,587] Trial 54 finished with value: 1.0445718119498337 and parameters: {'optimizer': 'Adam', 'lr': 6.539928833113108e-05, 'hidden_dim': 5, 'latent_dim': 4}. Best is trial 18 with value: 1.0382107218962973.
build_Encoder(
  (FC_input): Linear(in_features=5, out_features=5, bias=True)
  (FC_input2): Linear(in_features=5, out_features=5, bias=True)
  (FC_mean): Linear(in_features=5, out_features=4, bias=True)
  (FC_var): Linear(in_features=5, out_features=4, bias=True)
  (LeakyReLU): LeakyReLU(negative_slope=0.01)
)
build_Decoder(
  (FC_hidden): Linear(in_features=4, out_features=5, bias=True)
  (FC_hidden2): Linear(in_features=5, out_features=5, bias=True)
  (FC_output): Linear(in_features=5, out_features=5, bias=True)
  (LeakyReLU): LeakyReLU(negative_slope=0.2)
)
epoch: 0
epoch_0_loss:  1.1716050117145427
epoch: 1
epoch_1_loss:  1.1734350573822325
epoch: 2
epoch_2_loss:  1.1705735148150016
epoch: 3
epoch_3_loss:  1.1733988712908707
epoch: 4
epoch_4_loss:  1.1702839144255452
epoch: 5
epoch_5_loss:  1.1701379228684268
epoch: 6
epoch_6_loss:  1.171641108424235
epoch: 7
epoch_7_loss:  1.171743832089923
epoch: 8
epoch_8_loss:  1.1717294363327924
epoch: 9
epoch_9_loss:  1.171524016036634
epoch: 10
epoch_10_loss:  1.1711804361028628
epoch: 11
epoch_11_loss:  1.170535388810013
epoch: 12
epoch_12_loss:  1.1715843107413633
epoch: 13
epoch_13_loss:  1.1706992206670963
epoch: 14
epoch_14_loss:  1.171333625605442
[1.1716050117145427, 1.1734350573822325, 1.1705735148150016, 1.1733988712908707, 1.1702839144255452, 1.1701379228684268, 1.171641108424235, 1.171743832089923, 1.1717294363327924, 1.171524016036634, 1.1711804361028628, 1.170535388810013, 1.1715843107413633, 1.1706992206670963, 1.171333625605442]
[I 2022-11-13 15:23:32,679] Trial 55 finished with value: 1.171333625605442 and parameters: {'optimizer': 'Adam', 'lr': 4.318030527829534e-05, 'hidden_dim': 5, 'latent_dim': 4}. Best is trial 18 with value: 1.0382107218962973.
build_Encoder(
  (FC_input): Linear(in_features=5, out_features=5, bias=True)
  (FC_input2): Linear(in_features=5, out_features=5, bias=True)
  (FC_mean): Linear(in_features=5, out_features=4, bias=True)
  (FC_var): Linear(in_features=5, out_features=4, bias=True)
  (LeakyReLU): LeakyReLU(negative_slope=0.01)
)
build_Decoder(
  (FC_hidden): Linear(in_features=4, out_features=5, bias=True)
  (FC_hidden2): Linear(in_features=5, out_features=5, bias=True)
  (FC_output): Linear(in_features=5, out_features=5, bias=True)
  (LeakyReLU): LeakyReLU(negative_slope=0.2)
)
epoch: 0
epoch_0_loss:  1.2361008243867933
epoch: 1
epoch_1_loss:  1.237542458977738
epoch: 2
epoch_2_loss:  1.2392621413759994
epoch: 3
epoch_3_loss:  1.2387899940551002
epoch: 4
epoch_4_loss:  1.2369696154031335
epoch: 5
epoch_5_loss:  1.2396259455201202
epoch: 6
epoch_6_loss:  1.2365984520095121
epoch: 7
epoch_7_loss:  1.2388786704417576
epoch: 8
epoch_8_loss:  1.234429990157036
epoch: 9
epoch_9_loss:  1.2403132702125894
epoch: 10
epoch_10_loss:  1.2385182881254329
epoch: 11
epoch_11_loss:  1.2348125120145026
epoch: 12
epoch_12_loss:  1.2386042454223365
epoch: 13
epoch_13_loss:  1.2374747358091713
epoch: 14
epoch_14_loss:  1.2367387409357824
[1.2361008243867933, 1.237542458977738, 1.2392621413759994, 1.2387899940551002, 1.2369696154031335, 1.2396259455201202, 1.2365984520095121, 1.2388786704417576, 1.234429990157036, 1.2403132702125894, 1.2385182881254329, 1.2348125120145026, 1.2386042454223365, 1.2374747358091713, 1.2367387409357824]
[I 2022-11-13 15:24:52,906] Trial 56 finished with value: 1.2367387409357824 and parameters: {'optimizer': 'Adam', 'lr': 6.454333452748184e-05, 'hidden_dim': 5, 'latent_dim': 4}. Best is trial 18 with value: 1.0382107218962973.
build_Encoder(
  (FC_input): Linear(in_features=5, out_features=4, bias=True)
  (FC_input2): Linear(in_features=4, out_features=4, bias=True)
  (FC_mean): Linear(in_features=4, out_features=4, bias=True)
  (FC_var): Linear(in_features=4, out_features=4, bias=True)
  (LeakyReLU): LeakyReLU(negative_slope=0.01)
)
build_Decoder(
  (FC_hidden): Linear(in_features=4, out_features=4, bias=True)
  (FC_hidden2): Linear(in_features=4, out_features=4, bias=True)
  (FC_output): Linear(in_features=4, out_features=5, bias=True)
  (LeakyReLU): LeakyReLU(negative_slope=0.2)
)
epoch: 0
epoch_0_loss:  1.0395110841692892
epoch: 1
epoch_1_loss:  1.039194227877099
epoch: 2
epoch_2_loss:  1.0398744375449382
epoch: 3
epoch_3_loss:  1.039879069767644
epoch: 4
epoch_4_loss:  1.0396874484748746
epoch: 5
epoch_5_loss:  1.0396576536382758
epoch: 6
epoch_6_loss:  1.0401914657102191
epoch: 7
epoch_7_loss:  1.040356841239425
epoch: 8
epoch_8_loss:  1.0395386977224512
epoch: 9
epoch_9_loss:  1.0399561849446486
epoch: 10
epoch_10_loss:  1.0396351700504443
epoch: 11
epoch_11_loss:  1.0401965067326788
epoch: 12
epoch_12_loss:  1.0397784476905478
epoch: 13
epoch_13_loss:  1.0395062701881987
epoch: 14
epoch_14_loss:  1.039431007103006
[1.0395110841692892, 1.039194227877099, 1.0398744375449382, 1.039879069767644, 1.0396874484748746, 1.0396576536382758, 1.0401914657102191, 1.040356841239425, 1.0395386977224512, 1.0399561849446486, 1.0396351700504443, 1.0401965067326788, 1.0397784476905478, 1.0395062701881987, 1.039431007103006]
[I 2022-11-13 15:26:12,904] Trial 57 finished with value: 1.039431007103006 and parameters: {'optimizer': 'Adam', 'lr': 7.712550327444412e-05, 'hidden_dim': 4, 'latent_dim': 4}. Best is trial 18 with value: 1.0382107218962973.
build_Encoder(
  (FC_input): Linear(in_features=5, out_features=4, bias=True)
  (FC_input2): Linear(in_features=4, out_features=4, bias=True)
  (FC_mean): Linear(in_features=4, out_features=4, bias=True)
  (FC_var): Linear(in_features=4, out_features=4, bias=True)
  (LeakyReLU): LeakyReLU(negative_slope=0.01)
)
build_Decoder(
  (FC_hidden): Linear(in_features=4, out_features=4, bias=True)
  (FC_hidden2): Linear(in_features=4, out_features=4, bias=True)
  (FC_output): Linear(in_features=4, out_features=5, bias=True)
  (LeakyReLU): LeakyReLU(negative_slope=0.2)
)
epoch: 0
epoch_0_loss:  1.0132326208224802
epoch: 1
epoch_1_loss:  1.0137074090406357
epoch: 2
epoch_2_loss:  1.0127396803830175
epoch: 3
epoch_3_loss:  1.0123674038433017
epoch: 4
epoch_4_loss:  1.0120236371179354
epoch: 5
epoch_5_loss:  1.0123503868224517
epoch: 6
epoch_6_loss:  1.0135860760463857
epoch: 7
epoch_7_loss:  1.01311409797726
epoch: 8
epoch_8_loss:  1.0119898083497978
epoch: 9
epoch_9_loss:  1.013978283439229
epoch: 10
epoch_10_loss:  1.012159480554219
epoch: 11
epoch_11_loss:  1.012848193395113
epoch: 12
epoch_12_loss:  1.0133137623265696
epoch: 13
epoch_13_loss:  1.0139959325562213
epoch: 14
epoch_14_loss:  1.0133226465254404
[1.0132326208224802, 1.0137074090406357, 1.0127396803830175, 1.0123674038433017, 1.0120236371179354, 1.0123503868224517, 1.0135860760463857, 1.01311409797726, 1.0119898083497978, 1.013978283439229, 1.012159480554219, 1.012848193395113, 1.0133137623265696, 1.0139959325562213, 1.0133226465254404]
[I 2022-11-13 15:27:32,901] Trial 58 finished with value: 1.0133226465254404 and parameters: {'optimizer': 'Adam', 'lr': 4.866718058583817e-05, 'hidden_dim': 4, 'latent_dim': 4}. Best is trial 58 with value: 1.0133226465254404.
build_Encoder(
  (FC_input): Linear(in_features=5, out_features=4, bias=True)
  (FC_input2): Linear(in_features=4, out_features=4, bias=True)
  (FC_mean): Linear(in_features=4, out_features=4, bias=True)
  (FC_var): Linear(in_features=4, out_features=4, bias=True)
  (LeakyReLU): LeakyReLU(negative_slope=0.01)
)
build_Decoder(
  (FC_hidden): Linear(in_features=4, out_features=4, bias=True)
  (FC_hidden2): Linear(in_features=4, out_features=4, bias=True)
  (FC_output): Linear(in_features=4, out_features=5, bias=True)
  (LeakyReLU): LeakyReLU(negative_slope=0.2)
)
epoch: 0
epoch_0_loss:  1.142911517278541
epoch: 1
epoch_1_loss:  1.1423056908180034
epoch: 2
epoch_2_loss:  1.1433188227497957
epoch: 3
epoch_3_loss:  1.1436076176694319
epoch: 4
epoch_4_loss:  1.142615164999247
epoch: 5
epoch_5_loss:  1.144011438642197
epoch: 6
epoch_6_loss:  1.1416014500553828
epoch: 7
epoch_7_loss:  1.1427660607536578
epoch: 8
epoch_8_loss:  1.1433992983047148
epoch: 9
epoch_9_loss:  1.1422461487800906
epoch: 10
epoch_10_loss:  1.1422557323449036
epoch: 11
epoch_11_loss:  1.1426324811793402
epoch: 12
epoch_12_loss:  1.14308609993281
epoch: 13
epoch_13_loss:  1.1429502909022582
epoch: 14
epoch_14_loss:  1.1420689368689236
[1.142911517278541, 1.1423056908180034, 1.1433188227497957, 1.1436076176694319, 1.142615164999247, 1.144011438642197, 1.1416014500553828, 1.1427660607536578, 1.1433992983047148, 1.1422461487800906, 1.1422557323449036, 1.1426324811793402, 1.14308609993281, 1.1429502909022582, 1.1420689368689236]
[I 2022-11-13 15:28:52,944] Trial 59 finished with value: 1.1420689368689236 and parameters: {'optimizer': 'Adam', 'lr': 1.7721097878897423e-05, 'hidden_dim': 4, 'latent_dim': 4}. Best is trial 58 with value: 1.0133226465254404.
build_Encoder(
  (FC_input): Linear(in_features=5, out_features=4, bias=True)
  (FC_input2): Linear(in_features=4, out_features=4, bias=True)
  (FC_mean): Linear(in_features=4, out_features=4, bias=True)
  (FC_var): Linear(in_features=4, out_features=4, bias=True)
  (LeakyReLU): LeakyReLU(negative_slope=0.01)
)
build_Decoder(
  (FC_hidden): Linear(in_features=4, out_features=4, bias=True)
  (FC_hidden2): Linear(in_features=4, out_features=4, bias=True)
  (FC_output): Linear(in_features=4, out_features=5, bias=True)
  (LeakyReLU): LeakyReLU(negative_slope=0.2)
)
epoch: 0
epoch_0_loss:  1.1259067603106576
epoch: 1
epoch_1_loss:  1.122780506624818
epoch: 2
epoch_2_loss:  1.1214469847899453
epoch: 3
epoch_3_loss:  1.1232135066709363
epoch: 4
epoch_4_loss:  1.122169304936806
epoch: 5
epoch_5_loss:  1.1243453004108745
epoch: 6
epoch_6_loss:  1.1217770465066512
epoch: 7
epoch_7_loss:  1.1238448651342148
epoch: 8
epoch_8_loss:  1.1225475657810056
epoch: 9
epoch_9_loss:  1.1229217659918844
epoch: 10
epoch_10_loss:  1.1264203119145675
epoch: 11
epoch_11_loss:  1.1213675901479967
epoch: 12
epoch_12_loss:  1.1233646038591598
epoch: 13
epoch_13_loss:  1.1210730180418935
epoch: 14
epoch_14_loss:  1.1251175705000465
[1.1259067603106576, 1.122780506624818, 1.1214469847899453, 1.1232135066709363, 1.122169304936806, 1.1243453004108745, 1.1217770465066512, 1.1238448651342148, 1.1225475657810056, 1.1229217659918844, 1.1264203119145675, 1.1213675901479967, 1.1233646038591598, 1.1210730180418935, 1.1251175705000465]
[I 2022-11-13 15:30:12,865] Trial 60 finished with value: 1.1251175705000465 and parameters: {'optimizer': 'Adam', 'lr': 3.6569856668969285e-05, 'hidden_dim': 4, 'latent_dim': 4}. Best is trial 58 with value: 1.0133226465254404.
build_Encoder(
  (FC_input): Linear(in_features=5, out_features=4, bias=True)
  (FC_input2): Linear(in_features=4, out_features=4, bias=True)
  (FC_mean): Linear(in_features=4, out_features=4, bias=True)
  (FC_var): Linear(in_features=4, out_features=4, bias=True)
  (LeakyReLU): LeakyReLU(negative_slope=0.01)
)
build_Decoder(
  (FC_hidden): Linear(in_features=4, out_features=4, bias=True)
  (FC_hidden2): Linear(in_features=4, out_features=4, bias=True)
  (FC_output): Linear(in_features=4, out_features=5, bias=True)
  (LeakyReLU): LeakyReLU(negative_slope=0.2)
)
epoch: 0
epoch_0_loss:  1.0246998138481387
epoch: 1
epoch_1_loss:  1.0243899049560765
epoch: 2
epoch_2_loss:  1.0244215460932569
epoch: 3
epoch_3_loss:  1.0246264742910591
epoch: 4
epoch_4_loss:  1.0243310363689666
epoch: 5
epoch_5_loss:  1.0243943005050964
epoch: 6
epoch_6_loss:  1.024453714473702
epoch: 7
epoch_7_loss:  1.0247458956685274
epoch: 8
epoch_8_loss:  1.0239093332244718
epoch: 9
epoch_9_loss:  1.0242437079633726
epoch: 10
epoch_10_loss:  1.02464207943797
epoch: 11
epoch_11_loss:  1.0244099497828356
epoch: 12
epoch_12_loss:  1.0245831515198613
epoch: 13
epoch_13_loss:  1.0246183434804472
epoch: 14
epoch_14_loss:  1.0239536052838893
[1.0246998138481387, 1.0243899049560765, 1.0244215460932569, 1.0246264742910591, 1.0243310363689666, 1.0243943005050964, 1.024453714473702, 1.0247458956685274, 1.0239093332244718, 1.0242437079633726, 1.02464207943797, 1.0244099497828356, 1.0245831515198613, 1.0246183434804472, 1.0239536052838893]
[I 2022-11-13 15:31:32,918] Trial 61 finished with value: 1.0239536052838893 and parameters: {'optimizer': 'Adam', 'lr': 4.728264742470134e-05, 'hidden_dim': 4, 'latent_dim': 4}. Best is trial 58 with value: 1.0133226465254404.
build_Encoder(
  (FC_input): Linear(in_features=5, out_features=4, bias=True)
  (FC_input2): Linear(in_features=4, out_features=4, bias=True)
  (FC_mean): Linear(in_features=4, out_features=4, bias=True)
  (FC_var): Linear(in_features=4, out_features=4, bias=True)
  (LeakyReLU): LeakyReLU(negative_slope=0.01)
)
build_Decoder(
  (FC_hidden): Linear(in_features=4, out_features=4, bias=True)
  (FC_hidden2): Linear(in_features=4, out_features=4, bias=True)
  (FC_output): Linear(in_features=4, out_features=5, bias=True)
  (LeakyReLU): LeakyReLU(negative_slope=0.2)
)
epoch: 0
epoch_0_loss:  1.1266844157825606
epoch: 1
epoch_1_loss:  1.1279582856023473
epoch: 2
epoch_2_loss:  1.127773070540613
epoch: 3
epoch_3_loss:  1.1258142024053177
epoch: 4
epoch_4_loss:  1.1275887380731486
epoch: 5
epoch_5_loss:  1.1257549160841078
epoch: 6
epoch_6_loss:  1.1260865498798396
epoch: 7
epoch_7_loss:  1.1264336905609091
epoch: 8
epoch_8_loss:  1.1263263918578341
epoch: 9
epoch_9_loss:  1.1263616626780482
epoch: 10
epoch_10_loss:  1.1278453292160835
epoch: 11
epoch_11_loss:  1.1263704040430453
epoch: 12
epoch_12_loss:  1.1273314124511806
epoch: 13
epoch_13_loss:  1.1253687718928014
epoch: 14
epoch_14_loss:  1.1265522840990156
[1.1266844157825606, 1.1279582856023473, 1.127773070540613, 1.1258142024053177, 1.1275887380731486, 1.1257549160841078, 1.1260865498798396, 1.1264336905609091, 1.1263263918578341, 1.1263616626780482, 1.1278453292160835, 1.1263704040430453, 1.1273314124511806, 1.1253687718928014, 1.1265522840990156]
[I 2022-11-13 15:32:52,987] Trial 62 finished with value: 1.1265522840990156 and parameters: {'optimizer': 'Adam', 'lr': 4.637652366068455e-05, 'hidden_dim': 4, 'latent_dim': 4}. Best is trial 58 with value: 1.0133226465254404.
build_Encoder(
  (FC_input): Linear(in_features=5, out_features=4, bias=True)
  (FC_input2): Linear(in_features=4, out_features=4, bias=True)
  (FC_mean): Linear(in_features=4, out_features=4, bias=True)
  (FC_var): Linear(in_features=4, out_features=4, bias=True)
  (LeakyReLU): LeakyReLU(negative_slope=0.01)
)
build_Decoder(
  (FC_hidden): Linear(in_features=4, out_features=4, bias=True)
  (FC_hidden2): Linear(in_features=4, out_features=4, bias=True)
  (FC_output): Linear(in_features=4, out_features=5, bias=True)
  (LeakyReLU): LeakyReLU(negative_slope=0.2)
)
epoch: 0
epoch_0_loss:  1.1218048380145365
epoch: 1
epoch_1_loss:  1.1192731059877996
epoch: 2
epoch_2_loss:  1.1156372096988332
epoch: 3
epoch_3_loss:  1.1205427642542378
epoch: 4
epoch_4_loss:  1.122884659774422
epoch: 5
epoch_5_loss:  1.1175573800738199
epoch: 6
epoch_6_loss:  1.1219783872501568
epoch: 7
epoch_7_loss:  1.1166415261430704
epoch: 8
epoch_8_loss:  1.11952285097249
epoch: 9
epoch_9_loss:  1.1132105520017002
epoch: 10
epoch_10_loss:  1.12038911369039
epoch: 11
epoch_11_loss:  1.119946181163994
epoch: 12
epoch_12_loss:  1.1163297130652472
epoch: 13
epoch_13_loss:  1.1187029040848366
epoch: 14
epoch_14_loss:  1.1175103879561614
[1.1218048380145365, 1.1192731059877996, 1.1156372096988332, 1.1205427642542378, 1.122884659774422, 1.1175573800738199, 1.1219783872501568, 1.1166415261430704, 1.11952285097249, 1.1132105520017002, 1.12038911369039, 1.119946181163994, 1.1163297130652472, 1.1187029040848366, 1.1175103879561614]
[I 2022-11-13 15:34:13,040] Trial 63 finished with value: 1.1175103879561614 and parameters: {'optimizer': 'Adam', 'lr': 5.9163323998312394e-05, 'hidden_dim': 4, 'latent_dim': 4}. Best is trial 58 with value: 1.0133226465254404.
build_Encoder(
  (FC_input): Linear(in_features=5, out_features=4, bias=True)
  (FC_input2): Linear(in_features=4, out_features=4, bias=True)
  (FC_mean): Linear(in_features=4, out_features=4, bias=True)
  (FC_var): Linear(in_features=4, out_features=4, bias=True)
  (LeakyReLU): LeakyReLU(negative_slope=0.01)
)
build_Decoder(
  (FC_hidden): Linear(in_features=4, out_features=4, bias=True)
  (FC_hidden2): Linear(in_features=4, out_features=4, bias=True)
  (FC_output): Linear(in_features=4, out_features=5, bias=True)
  (LeakyReLU): LeakyReLU(negative_slope=0.2)
)
epoch: 0
epoch_0_loss:  1.04586984003127
epoch: 1
epoch_1_loss:  1.0442166950608947
epoch: 2
epoch_2_loss:  1.0457003603472126
epoch: 3
epoch_3_loss:  1.0429246535906018
epoch: 4
epoch_4_loss:  1.042066820058163
epoch: 5
epoch_5_loss:  1.043634086812358
epoch: 6
epoch_6_loss:  1.0456645077277518
epoch: 7
epoch_7_loss:  1.0459281521009813
epoch: 8
epoch_8_loss:  1.0432740312885442
epoch: 9
epoch_9_loss:  1.0433108392618837
epoch: 10
epoch_10_loss:  1.0447538079046081
epoch: 11
epoch_11_loss:  1.0454512365498545
epoch: 12
epoch_12_loss:  1.0463552176475095
epoch: 13
epoch_13_loss:  1.042833679732409
epoch: 14
epoch_14_loss:  1.043890247639927
[1.04586984003127, 1.0442166950608947, 1.0457003603472126, 1.0429246535906018, 1.042066820058163, 1.043634086812358, 1.0456645077277518, 1.0459281521009813, 1.0432740312885442, 1.0433108392618837, 1.0447538079046081, 1.0454512365498545, 1.0463552176475095, 1.042833679732409, 1.043890247639927]
[I 2022-11-13 15:35:33,163] Trial 64 finished with value: 1.043890247639927 and parameters: {'optimizer': 'Adam', 'lr': 3.2300611961289585e-05, 'hidden_dim': 4, 'latent_dim': 4}. Best is trial 58 with value: 1.0133226465254404.
build_Encoder(
  (FC_input): Linear(in_features=5, out_features=4, bias=True)
  (FC_input2): Linear(in_features=4, out_features=4, bias=True)
  (FC_mean): Linear(in_features=4, out_features=4, bias=True)
  (FC_var): Linear(in_features=4, out_features=4, bias=True)
  (LeakyReLU): LeakyReLU(negative_slope=0.01)
)
build_Decoder(
  (FC_hidden): Linear(in_features=4, out_features=4, bias=True)
  (FC_hidden2): Linear(in_features=4, out_features=4, bias=True)
  (FC_output): Linear(in_features=4, out_features=5, bias=True)
  (LeakyReLU): LeakyReLU(negative_slope=0.2)
)
epoch: 0
epoch_0_loss:  1.1223787589050704
epoch: 1
epoch_1_loss:  1.1220641506534788
epoch: 2
epoch_2_loss:  1.1224791910457605
epoch: 3
epoch_3_loss:  1.1228847371937734
epoch: 4
epoch_4_loss:  1.1212397208754197
epoch: 5
epoch_5_loss:  1.1234316265170607
epoch: 6
epoch_6_loss:  1.1230676497129783
epoch: 7
epoch_7_loss:  1.1220786378132304
epoch: 8
epoch_8_loss:  1.121646446674363
epoch: 9
epoch_9_loss:  1.1226717251990561
epoch: 10
epoch_10_loss:  1.1219707872833717
epoch: 11
epoch_11_loss:  1.1219325667770474
epoch: 12
epoch_12_loss:  1.1228333110941948
epoch: 13
epoch_13_loss:  1.1217568868263805
epoch: 14
epoch_14_loss:  1.122964117827741
[1.1223787589050704, 1.1220641506534788, 1.1224791910457605, 1.1228847371937734, 1.1212397208754197, 1.1234316265170607, 1.1230676497129783, 1.1220786378132304, 1.121646446674363, 1.1226717251990561, 1.1219707872833717, 1.1219325667770474, 1.1228333110941948, 1.1217568868263805, 1.122964117827741]
[I 2022-11-13 15:36:52,992] Trial 65 finished with value: 1.122964117827741 and parameters: {'optimizer': 'Adam', 'lr': 2.837654240070241e-05, 'hidden_dim': 4, 'latent_dim': 4}. Best is trial 58 with value: 1.0133226465254404.
build_Encoder(
  (FC_input): Linear(in_features=5, out_features=4, bias=True)
  (FC_input2): Linear(in_features=4, out_features=4, bias=True)
  (FC_mean): Linear(in_features=4, out_features=4, bias=True)
  (FC_var): Linear(in_features=4, out_features=4, bias=True)
  (LeakyReLU): LeakyReLU(negative_slope=0.01)
)
build_Decoder(
  (FC_hidden): Linear(in_features=4, out_features=4, bias=True)
  (FC_hidden2): Linear(in_features=4, out_features=4, bias=True)
  (FC_output): Linear(in_features=4, out_features=5, bias=True)
  (LeakyReLU): LeakyReLU(negative_slope=0.2)
)
epoch: 0
epoch_0_loss:  1.2124295117295976
epoch: 1
epoch_1_loss:  1.2141655884905858
epoch: 2
epoch_2_loss:  1.2105953307064456
epoch: 3
epoch_3_loss:  1.212258931392821
epoch: 4
epoch_4_loss:  1.213063802924534
epoch: 5
epoch_5_loss:  1.212089197136393
epoch: 6
epoch_6_loss:  1.2121568481951381
epoch: 7
epoch_7_loss:  1.2112370740006269
epoch: 8
epoch_8_loss:  1.213337589722952
epoch: 9
epoch_9_loss:  1.212806034620118
epoch: 10
epoch_10_loss:  1.211101045567585
epoch: 11
epoch_11_loss:  1.2144294153764381
epoch: 12
epoch_12_loss:  1.2107329038938064
epoch: 13
epoch_13_loss:  1.2127634151957385
epoch: 14
epoch_14_loss:  1.2114434078767649
[1.2124295117295976, 1.2141655884905858, 1.2105953307064456, 1.212258931392821, 1.213063802924534, 1.212089197136393, 1.2121568481951381, 1.2112370740006269, 1.213337589722952, 1.212806034620118, 1.211101045567585, 1.2144294153764381, 1.2107329038938064, 1.2127634151957385, 1.2114434078767649]
