[I 2022-11-13 14:33:40,516] Trial 18 finished with value: 1.0382107218962973 and parameters: {'optimizer': 'Adam', 'lr': 8.802001954145362e-05, 'hidden_dim': 4, 'latent_dim': 3}. Best is trial 18 with value: 1.0382107218962973.
build_Encoder(
  (FC_input): Linear(in_features=5, out_features=4, bias=True)
  (FC_input2): Linear(in_features=4, out_features=4, bias=True)
  (FC_mean): Linear(in_features=4, out_features=4, bias=True)
  (FC_var): Linear(in_features=4, out_features=4, bias=True)
  (LeakyReLU): LeakyReLU(negative_slope=0.01)
)
build_Decoder(
  (FC_hidden): Linear(in_features=4, out_features=4, bias=True)
  (FC_hidden2): Linear(in_features=4, out_features=4, bias=True)
  (FC_output): Linear(in_features=4, out_features=5, bias=True)
  (LeakyReLU): LeakyReLU(negative_slope=0.2)
)
epoch: 0
epoch_0_loss:  1.2357637391327085
epoch: 1
epoch_1_loss:  1.2352349075810314
epoch: 2
epoch_2_loss:  1.2336899726796353
epoch: 3
epoch_3_loss:  1.2356132239363335
epoch: 4
epoch_4_loss:  1.2341566585822985
epoch: 5
epoch_5_loss:  1.2330996643318146
epoch: 6
epoch_6_loss:  1.2344792134305074
epoch: 7
epoch_7_loss:  1.2350480679569449
epoch: 8
epoch_8_loss:  1.23612653465735
epoch: 9
epoch_9_loss:  1.2346615897120192
epoch: 10
epoch_10_loss:  1.2371000928347353
epoch: 11
epoch_11_loss:  1.2350734248306177
epoch: 12
epoch_12_loss:  1.234378572174582
epoch: 13
epoch_13_loss:  1.2361459193600732
epoch: 14
epoch_14_loss:  1.2343003883349153
[1.2357637391327085, 1.2352349075810314, 1.2336899726796353, 1.2356132239363335, 1.2341566585822985, 1.2330996643318146, 1.2344792134305074, 1.2350480679569449, 1.23612653465735, 1.2346615897120192, 1.2371000928347353, 1.2350734248306177, 1.234378572174582, 1.2361459193600732, 1.2343003883349153]
[I 2022-11-13 14:35:00,393] Trial 19 finished with value: 1.2343003883349153 and parameters: {'optimizer': 'Adam', 'lr': 0.0005060241417757164, 'hidden_dim': 4, 'latent_dim': 4}. Best is trial 18 with value: 1.0382107218962973.
build_Encoder(
  (FC_input): Linear(in_features=5, out_features=5, bias=True)
  (FC_input2): Linear(in_features=5, out_features=5, bias=True)
  (FC_mean): Linear(in_features=5, out_features=5, bias=True)
  (FC_var): Linear(in_features=5, out_features=5, bias=True)
  (LeakyReLU): LeakyReLU(negative_slope=0.01)
)
build_Decoder(
  (FC_hidden): Linear(in_features=5, out_features=5, bias=True)
  (FC_hidden2): Linear(in_features=5, out_features=5, bias=True)
  (FC_output): Linear(in_features=5, out_features=5, bias=True)
  (LeakyReLU): LeakyReLU(negative_slope=0.2)
)
epoch: 0
epoch_0_loss:  1.1840738403490656
epoch: 1
epoch_1_loss:  1.1825119874183765
epoch: 2
epoch_2_loss:  1.1844106678426103
epoch: 3
epoch_3_loss:  1.1833167931086348
epoch: 4
epoch_4_loss:  1.184085759238552
epoch: 5
epoch_5_loss:  1.1826972959657547
epoch: 6
epoch_6_loss:  1.1827991979921175
epoch: 7
epoch_7_loss:  1.1838679851469114
epoch: 8
epoch_8_loss:  1.1836527026668129
epoch: 9
epoch_9_loss:  1.183574074218939
epoch: 10
epoch_10_loss:  1.184921930272584
epoch: 11
epoch_11_loss:  1.1813796900287876
epoch: 12
epoch_12_loss:  1.183294359068025
epoch: 13
epoch_13_loss:  1.1817183587428894
epoch: 14
epoch_14_loss:  1.1879688187496327
[1.1840738403490656, 1.1825119874183765, 1.1844106678426103, 1.1833167931086348, 1.184085759238552, 1.1826972959657547, 1.1827991979921175, 1.1838679851469114, 1.1836527026668129, 1.183574074218939, 1.184921930272584, 1.1813796900287876, 1.183294359068025, 1.1817183587428894, 1.1879688187496327]
[I 2022-11-13 14:36:20,416] Trial 20 finished with value: 1.1879688187496327 and parameters: {'optimizer': 'Adam', 'lr': 0.00011500383863460806, 'hidden_dim': 5, 'latent_dim': 5}. Best is trial 18 with value: 1.0382107218962973.
build_Encoder(
  (FC_input): Linear(in_features=5, out_features=4, bias=True)
  (FC_input2): Linear(in_features=4, out_features=4, bias=True)
  (FC_mean): Linear(in_features=4, out_features=3, bias=True)
  (FC_var): Linear(in_features=4, out_features=3, bias=True)
  (LeakyReLU): LeakyReLU(negative_slope=0.01)
)
build_Decoder(
  (FC_hidden): Linear(in_features=3, out_features=4, bias=True)
  (FC_hidden2): Linear(in_features=4, out_features=4, bias=True)
  (FC_output): Linear(in_features=4, out_features=5, bias=True)
  (LeakyReLU): LeakyReLU(negative_slope=0.2)
)
epoch: 0
epoch_0_loss:  1.129258878202548
epoch: 1
epoch_1_loss:  1.1280496584169892
epoch: 2
epoch_2_loss:  1.128865328094291
epoch: 3
epoch_3_loss:  1.1316608831138295
epoch: 4
epoch_4_loss:  1.129536143526773
epoch: 5
epoch_5_loss:  1.1276751500034083
epoch: 6
epoch_6_loss:  1.1282615669270406
epoch: 7
epoch_7_loss:  1.1302425777735212
epoch: 8
epoch_8_loss:  1.1307432552458194
epoch: 9
epoch_9_loss:  1.1297205183677193
epoch: 10
epoch_10_loss:  1.1275392173286356
epoch: 11
epoch_11_loss:  1.1319397137406717
epoch: 12
epoch_12_loss:  1.1308321019885497
epoch: 13
epoch_13_loss:  1.1318828263595175
epoch: 14
epoch_14_loss:  1.1300158398786626
[1.129258878202548, 1.1280496584169892, 1.128865328094291, 1.1316608831138295, 1.129536143526773, 1.1276751500034083, 1.1282615669270406, 1.1302425777735212, 1.1307432552458194, 1.1297205183677193, 1.1275392173286356, 1.1319397137406717, 1.1308321019885497, 1.1318828263595175, 1.1300158398786626]
[I 2022-11-13 14:37:55,747] Trial 21 finished with value: 1.1300158398786626 and parameters: {'optimizer': 'Adam', 'lr': 6.826140324708917e-05, 'hidden_dim': 4, 'latent_dim': 3}. Best is trial 18 with value: 1.0382107218962973.
build_Encoder(
  (FC_input): Linear(in_features=5, out_features=4, bias=True)
  (FC_input2): Linear(in_features=4, out_features=4, bias=True)
  (FC_mean): Linear(in_features=4, out_features=3, bias=True)
  (FC_var): Linear(in_features=4, out_features=3, bias=True)
  (LeakyReLU): LeakyReLU(negative_slope=0.01)
)
build_Decoder(
  (FC_hidden): Linear(in_features=3, out_features=4, bias=True)
  (FC_hidden2): Linear(in_features=4, out_features=4, bias=True)
  (FC_output): Linear(in_features=4, out_features=5, bias=True)
  (LeakyReLU): LeakyReLU(negative_slope=0.2)
)
epoch: 0
epoch_0_loss:  1.1696540103733406
epoch: 1
epoch_1_loss:  1.170556880941589
epoch: 2
epoch_2_loss:  1.170447807307338
epoch: 3
epoch_3_loss:  1.169767800638219
epoch: 4
epoch_4_loss:  1.169374094257307
epoch: 5
epoch_5_loss:  1.1706710451563445
epoch: 6
epoch_6_loss:  1.1699816783463979
epoch: 7
epoch_7_loss:  1.16982093768247
epoch: 8
epoch_8_loss:  1.1700529940353326
epoch: 9
epoch_9_loss:  1.1696564575781911
epoch: 10
epoch_10_loss:  1.16951228756154
epoch: 11
epoch_11_loss:  1.1701421806689438
epoch: 12
epoch_12_loss:  1.1685722713882651
epoch: 13
epoch_13_loss:  1.169780149043975
epoch: 14
epoch_14_loss:  1.1705155796057134
[1.1696540103733406, 1.170556880941589, 1.170447807307338, 1.169767800638219, 1.169374094257307, 1.1706710451563445, 1.1699816783463979, 1.16982093768247, 1.1700529940353326, 1.1696564575781911, 1.16951228756154, 1.1701421806689438, 1.1685722713882651, 1.169780149043975, 1.1705155796057134]
[I 2022-11-13 14:39:16,455] Trial 22 finished with value: 1.1705155796057134 and parameters: {'optimizer': 'Adam', 'lr': 7.202092479036678e-05, 'hidden_dim': 4, 'latent_dim': 3}. Best is trial 18 with value: 1.0382107218962973.
build_Encoder(
  (FC_input): Linear(in_features=5, out_features=4, bias=True)
  (FC_input2): Linear(in_features=4, out_features=4, bias=True)
  (FC_mean): Linear(in_features=4, out_features=3, bias=True)
  (FC_var): Linear(in_features=4, out_features=3, bias=True)
  (LeakyReLU): LeakyReLU(negative_slope=0.01)
)
build_Decoder(
  (FC_hidden): Linear(in_features=3, out_features=4, bias=True)
  (FC_hidden2): Linear(in_features=4, out_features=4, bias=True)
  (FC_output): Linear(in_features=4, out_features=5, bias=True)
  (LeakyReLU): LeakyReLU(negative_slope=0.2)
)
epoch: 0
epoch_0_loss:  1.1852112071095982
epoch: 1
epoch_1_loss:  1.185940064759706
epoch: 2
epoch_2_loss:  1.1838323340667904
epoch: 3
epoch_3_loss:  1.1844404228926184
epoch: 4
epoch_4_loss:  1.1835567742182938
epoch: 5
epoch_5_loss:  1.184812707578473
epoch: 6
epoch_6_loss:  1.1850269806206966
epoch: 7
epoch_7_loss:  1.1855301601831543
epoch: 8
epoch_8_loss:  1.1858396656470631
epoch: 9
epoch_9_loss:  1.1858892043821934
epoch: 10
epoch_10_loss:  1.1842416996288616
epoch: 11
epoch_11_loss:  1.1822655532233681
epoch: 12
epoch_12_loss:  1.1859392473263939
epoch: 13
epoch_13_loss:  1.1829598986579444
epoch: 14
epoch_14_loss:  1.1824816777518223
[1.1852112071095982, 1.185940064759706, 1.1838323340667904, 1.1844404228926184, 1.1835567742182938, 1.184812707578473, 1.1850269806206966, 1.1855301601831543, 1.1858396656470631, 1.1858892043821934, 1.1842416996288616, 1.1822655532233681, 1.1859392473263939, 1.1829598986579444, 1.1824816777518223]
[I 2022-11-13 14:40:36,595] Trial 23 finished with value: 1.1824816777518223 and parameters: {'optimizer': 'Adam', 'lr': 0.00018072737266842362, 'hidden_dim': 4, 'latent_dim': 3}. Best is trial 18 with value: 1.0382107218962973.
build_Encoder(
  (FC_input): Linear(in_features=5, out_features=3, bias=True)
  (FC_input2): Linear(in_features=3, out_features=3, bias=True)
  (FC_mean): Linear(in_features=3, out_features=3, bias=True)
  (FC_var): Linear(in_features=3, out_features=3, bias=True)
  (LeakyReLU): LeakyReLU(negative_slope=0.01)
)
build_Decoder(
  (FC_hidden): Linear(in_features=3, out_features=3, bias=True)
  (FC_hidden2): Linear(in_features=3, out_features=3, bias=True)
  (FC_output): Linear(in_features=3, out_features=5, bias=True)
  (LeakyReLU): LeakyReLU(negative_slope=0.2)
)
epoch: 0
epoch_0_loss:  1.1657683827772942
epoch: 1
epoch_1_loss:  1.1659971215537648
epoch: 2
epoch_2_loss:  1.165583040914205
epoch: 3
epoch_3_loss:  1.1657178956666845
epoch: 4
epoch_4_loss:  1.1669975708060654
epoch: 5
epoch_5_loss:  1.165937174286733
epoch: 6
epoch_6_loss:  1.166178829247772
epoch: 7
epoch_7_loss:  1.1654895810620065
epoch: 8
epoch_8_loss:  1.165320032467772
epoch: 9
epoch_9_loss:  1.166203828808494
epoch: 10
epoch_10_loss:  1.1655398860166397
epoch: 11
epoch_11_loss:  1.1655823347904362
epoch: 12
epoch_12_loss:  1.165360344616627
epoch: 13
epoch_13_loss:  1.1655755884288432
epoch: 14
epoch_14_loss:  1.1658896998558648
[1.1657683827772942, 1.1659971215537648, 1.165583040914205, 1.1657178956666845, 1.1669975708060654, 1.165937174286733, 1.166178829247772, 1.1654895810620065, 1.165320032467772, 1.166203828808494, 1.1655398860166397, 1.1655823347904362, 1.165360344616627, 1.1655755884288432, 1.1658896998558648]
[I 2022-11-13 14:41:56,780] Trial 24 finished with value: 1.1658896998558648 and parameters: {'optimizer': 'Adam', 'lr': 0.0004143189886878924, 'hidden_dim': 3, 'latent_dim': 3}. Best is trial 18 with value: 1.0382107218962973.
build_Encoder(
  (FC_input): Linear(in_features=5, out_features=4, bias=True)
  (FC_input2): Linear(in_features=4, out_features=4, bias=True)
  (FC_mean): Linear(in_features=4, out_features=3, bias=True)
  (FC_var): Linear(in_features=4, out_features=3, bias=True)
  (LeakyReLU): LeakyReLU(negative_slope=0.01)
)
build_Decoder(
  (FC_hidden): Linear(in_features=3, out_features=4, bias=True)
  (FC_hidden2): Linear(in_features=4, out_features=4, bias=True)
  (FC_output): Linear(in_features=4, out_features=5, bias=True)
  (LeakyReLU): LeakyReLU(negative_slope=0.2)
)
epoch: 0
epoch_0_loss:  1.130617901042064
epoch: 1
epoch_1_loss:  1.1292206573270593
epoch: 2
epoch_2_loss:  1.1288965706880671
epoch: 3
epoch_3_loss:  1.128024683625379
epoch: 4
epoch_4_loss:  1.129313057165429
epoch: 5
epoch_5_loss:  1.128790825827954
epoch: 6
epoch_6_loss:  1.1337876521251486
epoch: 7
epoch_7_loss:  1.1295120366762288
epoch: 8
epoch_8_loss:  1.1301579642048545
epoch: 9
epoch_9_loss:  1.128335785757212
epoch: 10
epoch_10_loss:  1.1299713464560484
epoch: 11
epoch_11_loss:  1.1303032957354116
epoch: 12
epoch_12_loss:  1.1292795161177107
epoch: 13
epoch_13_loss:  1.1292919248854467
epoch: 14
epoch_14_loss:  1.131801314279085
[1.130617901042064, 1.1292206573270593, 1.1288965706880671, 1.128024683625379, 1.129313057165429, 1.128790825827954, 1.1337876521251486, 1.1295120366762288, 1.1301579642048545, 1.128335785757212, 1.1299713464560484, 1.1303032957354116, 1.1292795161177107, 1.1292919248854467, 1.131801314279085]
[I 2022-11-13 14:43:16,724] Trial 25 finished with value: 1.131801314279085 and parameters: {'optimizer': 'Adam', 'lr': 9.304481458276383e-05, 'hidden_dim': 4, 'latent_dim': 3}. Best is trial 18 with value: 1.0382107218962973.
build_Encoder(
  (FC_input): Linear(in_features=5, out_features=4, bias=True)
  (FC_input2): Linear(in_features=4, out_features=4, bias=True)
  (FC_mean): Linear(in_features=4, out_features=4, bias=True)
  (FC_var): Linear(in_features=4, out_features=4, bias=True)
  (LeakyReLU): LeakyReLU(negative_slope=0.01)
)
build_Decoder(
  (FC_hidden): Linear(in_features=4, out_features=4, bias=True)
  (FC_hidden2): Linear(in_features=4, out_features=4, bias=True)
  (FC_output): Linear(in_features=4, out_features=5, bias=True)
  (LeakyReLU): LeakyReLU(negative_slope=0.2)
)
epoch: 0
epoch_0_loss:  1.064364289480737
epoch: 1
epoch_1_loss:  1.0608958636975951
epoch: 2
epoch_2_loss:  1.064651267856865
epoch: 3
epoch_3_loss:  1.0651904740232585
epoch: 4
epoch_4_loss:  1.0610581042380125
epoch: 5
epoch_5_loss:  1.063161751761348
epoch: 6
epoch_6_loss:  1.0630014708695463
epoch: 7
epoch_7_loss:  1.0645969356665792
epoch: 8
epoch_8_loss:  1.0627824217720034
epoch: 9
epoch_9_loss:  1.0610756555600058
epoch: 10
epoch_10_loss:  1.0638502422199634
epoch: 11
epoch_11_loss:  1.0619919300375356
epoch: 12
epoch_12_loss:  1.0634617994748603
epoch: 13
epoch_13_loss:  1.0615632583197332
epoch: 14
epoch_14_loss:  1.0630477686052466
[1.064364289480737, 1.0608958636975951, 1.064651267856865, 1.0651904740232585, 1.0610581042380125, 1.063161751761348, 1.0630014708695463, 1.0645969356665792, 1.0627824217720034, 1.0610756555600058, 1.0638502422199634, 1.0619919300375356, 1.0634617994748603, 1.0615632583197332, 1.0630477686052466]
[I 2022-11-13 14:44:36,674] Trial 26 finished with value: 1.0630477686052466 and parameters: {'optimizer': 'Adam', 'lr': 5.0972066840166546e-05, 'hidden_dim': 4, 'latent_dim': 4}. Best is trial 18 with value: 1.0382107218962973.
build_Encoder(
  (FC_input): Linear(in_features=5, out_features=5, bias=True)
  (FC_input2): Linear(in_features=5, out_features=5, bias=True)
  (FC_mean): Linear(in_features=5, out_features=3, bias=True)
  (FC_var): Linear(in_features=5, out_features=3, bias=True)
  (LeakyReLU): LeakyReLU(negative_slope=0.01)
)
build_Decoder(
  (FC_hidden): Linear(in_features=3, out_features=5, bias=True)
  (FC_hidden2): Linear(in_features=5, out_features=5, bias=True)
  (FC_output): Linear(in_features=5, out_features=5, bias=True)
  (LeakyReLU): LeakyReLU(negative_slope=0.2)
)
epoch: 0
epoch_0_loss:  1.0626714441088636
epoch: 1
epoch_1_loss:  1.0635100057848306
epoch: 2
epoch_2_loss:  1.063402839545179
epoch: 3
epoch_3_loss:  1.061979327202524
epoch: 4
epoch_4_loss:  1.0643539332180434
epoch: 5
epoch_5_loss:  1.0647439408546104
epoch: 6
epoch_6_loss:  1.0631669114561069
epoch: 7
epoch_7_loss:  1.066693067623749
epoch: 8
epoch_8_loss:  1.0614261467506478
epoch: 9
epoch_9_loss:  1.0629284965806491
epoch: 10
epoch_10_loss:  1.0645282685752315
epoch: 11
epoch_11_loss:  1.0638996198914479
epoch: 12
epoch_12_loss:  1.0644420773211842
epoch: 13
epoch_13_loss:  1.0638679378171503
epoch: 14
epoch_14_loss:  1.064192702564732
[1.0626714441088636, 1.0635100057848306, 1.063402839545179, 1.061979327202524, 1.0643539332180434, 1.0647439408546104, 1.0631669114561069, 1.066693067623749, 1.0614261467506478, 1.0629284965806491, 1.0645282685752315, 1.0638996198914479, 1.0644420773211842, 1.0638679378171503, 1.064192702564732]
[I 2022-11-13 14:45:56,780] Trial 27 finished with value: 1.064192702564732 and parameters: {'optimizer': 'Adam', 'lr': 2.5029907432400905e-05, 'hidden_dim': 5, 'latent_dim': 3}. Best is trial 18 with value: 1.0382107218962973.
build_Encoder(
  (FC_input): Linear(in_features=5, out_features=4, bias=True)
  (FC_input2): Linear(in_features=4, out_features=4, bias=True)
  (FC_mean): Linear(in_features=4, out_features=4, bias=True)
  (FC_var): Linear(in_features=4, out_features=4, bias=True)
  (LeakyReLU): LeakyReLU(negative_slope=0.01)
)
build_Decoder(
  (FC_hidden): Linear(in_features=4, out_features=4, bias=True)
  (FC_hidden2): Linear(in_features=4, out_features=4, bias=True)
  (FC_output): Linear(in_features=4, out_features=5, bias=True)
  (LeakyReLU): LeakyReLU(negative_slope=0.2)
)
epoch: 0
epoch_0_loss:  1.151348722404121
epoch: 1
epoch_1_loss:  1.151962677698329
epoch: 2
epoch_2_loss:  1.1514098081407582
epoch: 3
epoch_3_loss:  1.1508178496329065
epoch: 4
epoch_4_loss:  1.1508580917530065
epoch: 5
epoch_5_loss:  1.15117803963777
epoch: 6
epoch_6_loss:  1.1511320664295188
epoch: 7
epoch_7_loss:  1.1518468622220468
epoch: 8
epoch_8_loss:  1.151709388974909
epoch: 9
epoch_9_loss:  1.151416710689789
epoch: 10
epoch_10_loss:  1.1513620082070428
epoch: 11
epoch_11_loss:  1.1506920217196566
epoch: 12
epoch_12_loss:  1.1524408819882586
epoch: 13
epoch_13_loss:  1.151490423637196
epoch: 14
epoch_14_loss:  1.1515219763583249
[1.151348722404121, 1.151962677698329, 1.1514098081407582, 1.1508178496329065, 1.1508580917530065, 1.15117803963777, 1.1511320664295188, 1.1518468622220468, 1.151709388974909, 1.151416710689789, 1.1513620082070428, 1.1506920217196566, 1.1524408819882586, 1.151490423637196, 1.1515219763583249]
[I 2022-11-13 14:47:16,732] Trial 28 finished with value: 1.1515219763583249 and parameters: {'optimizer': 'Adam', 'lr': 0.00011439774591893057, 'hidden_dim': 4, 'latent_dim': 4}. Best is trial 18 with value: 1.0382107218962973.
build_Encoder(
  (FC_input): Linear(in_features=5, out_features=5, bias=True)
  (FC_input2): Linear(in_features=5, out_features=5, bias=True)
  (FC_mean): Linear(in_features=5, out_features=3, bias=True)
  (FC_var): Linear(in_features=5, out_features=3, bias=True)
  (LeakyReLU): LeakyReLU(negative_slope=0.01)
)
build_Decoder(
  (FC_hidden): Linear(in_features=3, out_features=5, bias=True)
  (FC_hidden2): Linear(in_features=5, out_features=5, bias=True)
  (FC_output): Linear(in_features=5, out_features=5, bias=True)
  (LeakyReLU): LeakyReLU(negative_slope=0.2)
)
epoch: 0
epoch_0_loss:  1.095495997621641
epoch: 1
epoch_1_loss:  1.0971071815799016
epoch: 2
epoch_2_loss:  1.0969065812111758
epoch: 3
epoch_3_loss:  1.0958442715952734
epoch: 4
epoch_4_loss:  1.0932161149942323
epoch: 5
epoch_5_loss:  1.0957637220695178
epoch: 6
epoch_6_loss:  1.0961852262001452
epoch: 7
epoch_7_loss:  1.0962954294184253
epoch: 8
epoch_8_loss:  1.097724882843303
epoch: 9
epoch_9_loss:  1.09557448012004
epoch: 10
epoch_10_loss:  1.0956844372079673
epoch: 11
epoch_11_loss:  1.0948456231984816
epoch: 12
epoch_12_loss:  1.0969581124521437
epoch: 13
epoch_13_loss:  1.09760564563846
epoch: 14
epoch_14_loss:  1.0973423081476243
[1.095495997621641, 1.0971071815799016, 1.0969065812111758, 1.0958442715952734, 1.0932161149942323, 1.0957637220695178, 1.0961852262001452, 1.0962954294184253, 1.097724882843303, 1.09557448012004, 1.0956844372079673, 1.0948456231984816, 1.0969581124521437, 1.09760564563846, 1.0973423081476243]
[I 2022-11-13 14:48:37,123] Trial 29 finished with value: 1.0973423081476243 and parameters: {'optimizer': 'Adam', 'lr': 3.6203049671794576e-05, 'hidden_dim': 5, 'latent_dim': 3}. Best is trial 18 with value: 1.0382107218962973.
build_Encoder(
  (FC_input): Linear(in_features=5, out_features=5, bias=True)
  (FC_input2): Linear(in_features=5, out_features=5, bias=True)
  (FC_mean): Linear(in_features=5, out_features=4, bias=True)
  (FC_var): Linear(in_features=5, out_features=4, bias=True)
  (LeakyReLU): LeakyReLU(negative_slope=0.01)
)
build_Decoder(
  (FC_hidden): Linear(in_features=4, out_features=5, bias=True)
  (FC_hidden2): Linear(in_features=5, out_features=5, bias=True)
  (FC_output): Linear(in_features=5, out_features=5, bias=True)
  (LeakyReLU): LeakyReLU(negative_slope=0.2)
)
epoch: 0
epoch_0_loss:  1.0477459251555166
epoch: 1
epoch_1_loss:  1.048567753632427
epoch: 2
epoch_2_loss:  1.0479633689363017
epoch: 3
epoch_3_loss:  1.0465100261788827
epoch: 4
epoch_4_loss:  1.048488016556651
epoch: 5
epoch_5_loss:  1.0479626162577493
epoch: 6
epoch_6_loss:  1.0474246706556944
epoch: 7
epoch_7_loss:  1.0469965664519911
epoch: 8
epoch_8_loss:  1.0477325515837224
epoch: 9
epoch_9_loss:  1.0473580642188858
epoch: 10
epoch_10_loss:  1.048023836992997
epoch: 11
epoch_11_loss:  1.0472205716326888
epoch: 12
epoch_12_loss:  1.0472578084079622
epoch: 13
epoch_13_loss:  1.048105463576228
epoch: 14
epoch_14_loss:  1.0470472481671602
[1.0477459251555166, 1.048567753632427, 1.0479633689363017, 1.0465100261788827, 1.048488016556651, 1.0479626162577493, 1.0474246706556944, 1.0469965664519911, 1.0477325515837224, 1.0473580642188858, 1.048023836992997, 1.0472205716326888, 1.0472578084079622, 1.048105463576228, 1.0470472481671602]
