[I 2022-11-13 19:03:55,869] Trial 9 finished with value: 1.1192414988459796 and parameters: {'optimizer': 'Adam', 'lr': 1.00761466622848e-05, 'hidden_dim': 4, 'latent_dim': 5, 'mem_dim': 159}. Best is trial 4 with value: 1.038919869705468.
build_Encoder(
  (FC_input): Linear(in_features=5, out_features=5, bias=True)
  (FC_input2): Linear(in_features=5, out_features=5, bias=True)
  (FC_mean): Linear(in_features=5, out_features=3, bias=True)
  (FC_var): Linear(in_features=5, out_features=3, bias=True)
  (LeakyReLU): LeakyReLU(negative_slope=0.01)
)
build_Decoder(
  (FC_hidden): Linear(in_features=3, out_features=5, bias=True)
  (FC_hidden2): Linear(in_features=5, out_features=5, bias=True)
  (FC_output): Linear(in_features=5, out_features=5, bias=True)
  (LeakyReLU): LeakyReLU(negative_slope=0.2)
)
epoch: 0
epoch_0_loss:  1.1847255190508923
epoch: 1
epoch_1_loss:  1.1848860007682849
epoch: 2
epoch_2_loss:  1.1846921019307233
epoch: 3
epoch_3_loss:  1.1846439991747735
epoch: 4
epoch_4_loss:  1.1848117160428033
epoch: 5
epoch_5_loss:  1.1848409373247466
epoch: 6
epoch_6_loss:  1.1847653990789822
epoch: 7
epoch_7_loss:  1.1847431324041588
epoch: 8
epoch_8_loss:  1.1848005808947764
epoch: 9
epoch_9_loss:  1.1848816575823615
epoch: 10
epoch_10_loss:  1.1847514393667682
epoch: 11
epoch_11_loss:  1.1848234320137658
epoch: 12
epoch_12_loss:  1.1848066072142702
epoch: 13
epoch_13_loss:  1.1847541063843496
epoch: 14
epoch_14_loss:  1.1848219023366493
[1.1847255190508923, 1.1848860007682849, 1.1846921019307233, 1.1846439991747735, 1.1848117160428033, 1.1848409373247466, 1.1847653990789822, 1.1847431324041588, 1.1848005808947764, 1.1848816575823615, 1.1847514393667682, 1.1848234320137658, 1.1848066072142702, 1.1847541063843496, 1.1848219023366493]
[I 2022-11-13 19:06:19,699] Trial 10 finished with value: 1.1848219023366493 and parameters: {'optimizer': 'Adam', 'lr': 1.0493410021184081e-05, 'hidden_dim': 5, 'latent_dim': 3, 'mem_dim': 279}. Best is trial 4 with value: 1.038919869705468.
build_Encoder(
  (FC_input): Linear(in_features=5, out_features=5, bias=True)
  (FC_input2): Linear(in_features=5, out_features=5, bias=True)
  (FC_mean): Linear(in_features=5, out_features=3, bias=True)
  (FC_var): Linear(in_features=5, out_features=3, bias=True)
  (LeakyReLU): LeakyReLU(negative_slope=0.01)
)
build_Decoder(
  (FC_hidden): Linear(in_features=3, out_features=5, bias=True)
  (FC_hidden2): Linear(in_features=5, out_features=5, bias=True)
  (FC_output): Linear(in_features=5, out_features=5, bias=True)
  (LeakyReLU): LeakyReLU(negative_slope=0.2)
)
epoch: 0
epoch_0_loss:  1.089350780492241
epoch: 1
epoch_1_loss:  1.0892940311622499
epoch: 2
epoch_2_loss:  1.0892941742779196
epoch: 3
epoch_3_loss:  1.0893700839493927
epoch: 4
epoch_4_loss:  1.0893606807536087
epoch: 5
epoch_5_loss:  1.0893698424281872
epoch: 6
epoch_6_loss:  1.0894127461700136
epoch: 7
epoch_7_loss:  1.0893876610916589
epoch: 8
epoch_8_loss:  1.0892560270937535
epoch: 9
epoch_9_loss:  1.0894920974686895
epoch: 10
epoch_10_loss:  1.08938802206157
epoch: 11
epoch_11_loss:  1.0893678947151577
epoch: 12
epoch_12_loss:  1.0894590570544185
epoch: 13
epoch_13_loss:  1.0893097385613901
epoch: 14
epoch_14_loss:  1.0894185511736463
[1.089350780492241, 1.0892940311622499, 1.0892941742779196, 1.0893700839493927, 1.0893606807536087, 1.0893698424281872, 1.0894127461700136, 1.0893876610916589, 1.0892560270937535, 1.0894920974686895, 1.08938802206157, 1.0893678947151577, 1.0894590570544185, 1.0893097385613901, 1.0894185511736463]
[I 2022-11-13 19:08:33,491] Trial 11 finished with value: 1.0894185511736463 and parameters: {'optimizer': 'Adam', 'lr': 0.0005961998586806527, 'hidden_dim': 5, 'latent_dim': 3, 'mem_dim': 99}. Best is trial 4 with value: 1.038919869705468.
build_Encoder(
  (FC_input): Linear(in_features=5, out_features=4, bias=True)
  (FC_input2): Linear(in_features=4, out_features=4, bias=True)
  (FC_mean): Linear(in_features=4, out_features=3, bias=True)
  (FC_var): Linear(in_features=4, out_features=3, bias=True)
  (LeakyReLU): LeakyReLU(negative_slope=0.01)
)
build_Decoder(
  (FC_hidden): Linear(in_features=3, out_features=4, bias=True)
  (FC_hidden2): Linear(in_features=4, out_features=4, bias=True)
  (FC_output): Linear(in_features=4, out_features=5, bias=True)
  (LeakyReLU): LeakyReLU(negative_slope=0.2)
)
epoch: 0
epoch_0_loss:  1.0688720159352585
epoch: 1
epoch_1_loss:  1.068855011366773
epoch: 2
epoch_2_loss:  1.0688056724766195
epoch: 3
epoch_3_loss:  1.0688377762042784
epoch: 4
epoch_4_loss:  1.068872001597168
epoch: 5
epoch_5_loss:  1.0688272556968115
epoch: 6
epoch_6_loss:  1.068884200177611
epoch: 7
epoch_7_loss:  1.0689388264061372
epoch: 8
epoch_8_loss:  1.0688499620002263
epoch: 9
epoch_9_loss:  1.0689823626577375
epoch: 10
epoch_10_loss:  1.0689309170598478
epoch: 11
epoch_11_loss:  1.0688401724547523
epoch: 12
epoch_12_loss:  1.0688690224360415
epoch: 13
epoch_13_loss:  1.0687504388995466
epoch: 14
epoch_14_loss:  1.0688937741014362
[1.0688720159352585, 1.068855011366773, 1.0688056724766195, 1.0688377762042784, 1.068872001597168, 1.0688272556968115, 1.068884200177611, 1.0689388264061372, 1.0688499620002263, 1.0689823626577375, 1.0689309170598478, 1.0688401724547523, 1.0688690224360415, 1.0687504388995466, 1.0688937741014362]
[I 2022-11-13 19:10:56,830] Trial 12 finished with value: 1.0688937741014362 and parameters: {'optimizer': 'Adam', 'lr': 0.0001903887300054649, 'hidden_dim': 4, 'latent_dim': 3, 'mem_dim': 240}. Best is trial 4 with value: 1.038919869705468.
build_Encoder(
  (FC_input): Linear(in_features=5, out_features=5, bias=True)
  (FC_input2): Linear(in_features=5, out_features=5, bias=True)
  (FC_mean): Linear(in_features=5, out_features=3, bias=True)
  (FC_var): Linear(in_features=5, out_features=3, bias=True)
  (LeakyReLU): LeakyReLU(negative_slope=0.01)
)
build_Decoder(
  (FC_hidden): Linear(in_features=3, out_features=5, bias=True)
  (FC_hidden2): Linear(in_features=5, out_features=5, bias=True)
  (FC_output): Linear(in_features=5, out_features=5, bias=True)
  (LeakyReLU): LeakyReLU(negative_slope=0.2)
)
epoch: 0
epoch_0_loss:  1.1307781716919256
epoch: 1
epoch_1_loss:  1.1310721224000992
epoch: 2
epoch_2_loss:  1.1309012562739114
epoch: 3
epoch_3_loss:  1.1308057475102233
epoch: 4
epoch_4_loss:  1.130908681013241
epoch: 5
epoch_5_loss:  1.1308851546660854
epoch: 6
epoch_6_loss:  1.130880257231868
epoch: 7
epoch_7_loss:  1.1308793022869261
epoch: 8
epoch_8_loss:  1.1308627788601295
epoch: 9
epoch_9_loss:  1.1307550897318177
epoch: 10
epoch_10_loss:  1.1309677752369123
epoch: 11
epoch_11_loss:  1.1308869316896726
epoch: 12
epoch_12_loss:  1.1308565999247453
epoch: 13
epoch_13_loss:  1.1307721201493945
epoch: 14
epoch_14_loss:  1.1309657909001636
[1.1307781716919256, 1.1310721224000992, 1.1309012562739114, 1.1308057475102233, 1.130908681013241, 1.1308851546660854, 1.130880257231868, 1.1308793022869261, 1.1308627788601295, 1.1307550897318177, 1.1309677752369123, 1.1308869316896726, 1.1308565999247453, 1.1307721201493945, 1.1309657909001636]
[I 2022-11-13 19:13:10,869] Trial 13 finished with value: 1.1309657909001636 and parameters: {'optimizer': 'Adam', 'lr': 0.00044389533494829824, 'hidden_dim': 5, 'latent_dim': 3, 'mem_dim': 85}. Best is trial 4 with value: 1.038919869705468.
build_Encoder(
  (FC_input): Linear(in_features=5, out_features=5, bias=True)
  (FC_input2): Linear(in_features=5, out_features=5, bias=True)
  (FC_mean): Linear(in_features=5, out_features=4, bias=True)
  (FC_var): Linear(in_features=5, out_features=4, bias=True)
  (LeakyReLU): LeakyReLU(negative_slope=0.01)
)
build_Decoder(
  (FC_hidden): Linear(in_features=4, out_features=5, bias=True)
  (FC_hidden2): Linear(in_features=5, out_features=5, bias=True)
  (FC_output): Linear(in_features=5, out_features=5, bias=True)
  (LeakyReLU): LeakyReLU(negative_slope=0.2)
)
epoch: 0
epoch_0_loss:  1.0560301755722148
epoch: 1
epoch_1_loss:  1.0560223255155217
epoch: 2
epoch_2_loss:  1.0560296568638785
epoch: 3
epoch_3_loss:  1.0560286677633137
epoch: 4
epoch_4_loss:  1.0560286844066298
epoch: 5
epoch_5_loss:  1.0560252768884968
epoch: 6
epoch_6_loss:  1.056010299066754
epoch: 7
epoch_7_loss:  1.0560265756325624
epoch: 8
epoch_8_loss:  1.0560230540653606
epoch: 9
epoch_9_loss:  1.0559945473422927
epoch: 10
epoch_10_loss:  1.0560169375371955
epoch: 11
epoch_11_loss:  1.0559839814284817
epoch: 12
epoch_12_loss:  1.056010935340808
epoch: 13
epoch_13_loss:  1.0560105810746723
epoch: 14
epoch_14_loss:  1.05602508802066
[1.0560301755722148, 1.0560223255155217, 1.0560296568638785, 1.0560286677633137, 1.0560286844066298, 1.0560252768884968, 1.056010299066754, 1.0560265756325624, 1.0560230540653606, 1.0559945473422927, 1.0560169375371955, 1.0559839814284817, 1.056010935340808, 1.0560105810746723, 1.05602508802066]
[I 2022-11-13 19:15:31,791] Trial 14 finished with value: 1.05602508802066 and parameters: {'optimizer': 'Adam', 'lr': 8.13019912835743e-05, 'hidden_dim': 5, 'latent_dim': 4, 'mem_dim': 154}. Best is trial 4 with value: 1.038919869705468.
build_Encoder(
  (FC_input): Linear(in_features=5, out_features=4, bias=True)
  (FC_input2): Linear(in_features=4, out_features=4, bias=True)
  (FC_mean): Linear(in_features=4, out_features=4, bias=True)
  (FC_var): Linear(in_features=4, out_features=4, bias=True)
  (LeakyReLU): LeakyReLU(negative_slope=0.01)
)
build_Decoder(
  (FC_hidden): Linear(in_features=4, out_features=4, bias=True)
  (FC_hidden2): Linear(in_features=4, out_features=4, bias=True)
  (FC_output): Linear(in_features=4, out_features=5, bias=True)
  (LeakyReLU): LeakyReLU(negative_slope=0.2)
)
epoch: 0
epoch_0_loss:  1.0241198138182852
epoch: 1
epoch_1_loss:  1.0241893088303973
epoch: 2
epoch_2_loss:  1.0241473224368733
epoch: 3
epoch_3_loss:  1.0242096051311387
epoch: 4
epoch_4_loss:  1.0242180407366233
epoch: 5
epoch_5_loss:  1.0241046485500747
epoch: 6
epoch_6_loss:  1.0241552479103524
epoch: 7
epoch_7_loss:  1.0240720292562173
epoch: 8
epoch_8_loss:  1.024193730959275
epoch: 9
epoch_9_loss:  1.0241983980196
epoch: 10
epoch_10_loss:  1.0241351031841206
epoch: 11
epoch_11_loss:  1.0241626569992377
epoch: 12
epoch_12_loss:  1.0242092298979872
epoch: 13
epoch_13_loss:  1.0241694677467514
epoch: 14
epoch_14_loss:  1.0241701810728174
[1.0241198138182852, 1.0241893088303973, 1.0241473224368733, 1.0242096051311387, 1.0242180407366233, 1.0241046485500747, 1.0241552479103524, 1.0240720292562173, 1.024193730959275, 1.0241983980196, 1.0241351031841206, 1.0241626569992377, 1.0242092298979872, 1.0241694677467514, 1.0241701810728174]
[I 2022-11-13 19:18:05,523] Trial 15 finished with value: 1.0241701810728174 and parameters: {'optimizer': 'Adam', 'lr': 0.00034117730291802645, 'hidden_dim': 4, 'latent_dim': 4, 'mem_dim': 198}. Best is trial 15 with value: 1.0241701810728174.
build_Encoder(
  (FC_input): Linear(in_features=5, out_features=4, bias=True)
  (FC_input2): Linear(in_features=4, out_features=4, bias=True)
  (FC_mean): Linear(in_features=4, out_features=3, bias=True)
  (FC_var): Linear(in_features=4, out_features=3, bias=True)
  (LeakyReLU): LeakyReLU(negative_slope=0.01)
)
build_Decoder(
  (FC_hidden): Linear(in_features=3, out_features=4, bias=True)
  (FC_hidden2): Linear(in_features=4, out_features=4, bias=True)
  (FC_output): Linear(in_features=4, out_features=5, bias=True)
  (LeakyReLU): LeakyReLU(negative_slope=0.2)
)
epoch: 0
epoch_0_loss:  1.047796521135675
epoch: 1
epoch_1_loss:  1.0471877220776051
epoch: 2
epoch_2_loss:  1.0477013055508206
epoch: 3
epoch_3_loss:  1.0475500161199875
epoch: 4
epoch_4_loss:  1.0472554040967623
epoch: 5
epoch_5_loss:  1.0476651273431004
epoch: 6
epoch_6_loss:  1.0476360982701232
epoch: 7
epoch_7_loss:  1.047550124578252
epoch: 8
epoch_8_loss:  1.0472636404569835
epoch: 9
epoch_9_loss:  1.047462013205323
epoch: 10
epoch_10_loss:  1.047110853532866
epoch: 11
epoch_11_loss:  1.0470305030259976
epoch: 12
epoch_12_loss:  1.0471680166079314
epoch: 13
epoch_13_loss:  1.047060473335923
epoch: 14
epoch_14_loss:  1.0469089831076657
[1.047796521135675, 1.0471877220776051, 1.0477013055508206, 1.0475500161199875, 1.0472554040967623, 1.0476651273431004, 1.0476360982701232, 1.047550124578252, 1.0472636404569835, 1.047462013205323, 1.047110853532866, 1.0470305030259976, 1.0471680166079314, 1.047060473335923, 1.0469089831076657]
[I 2022-11-13 19:20:29,671] Trial 16 finished with value: 1.0469089831076657 and parameters: {'optimizer': 'Adam', 'lr': 5.513503244824206e-05, 'hidden_dim': 4, 'latent_dim': 3, 'mem_dim': 293}. Best is trial 15 with value: 1.0241701810728174.
build_Encoder(
  (FC_input): Linear(in_features=5, out_features=4, bias=True)
  (FC_input2): Linear(in_features=4, out_features=4, bias=True)
  (FC_mean): Linear(in_features=4, out_features=4, bias=True)
  (FC_var): Linear(in_features=4, out_features=4, bias=True)
  (LeakyReLU): LeakyReLU(negative_slope=0.01)
)
build_Decoder(
  (FC_hidden): Linear(in_features=4, out_features=4, bias=True)
  (FC_hidden2): Linear(in_features=4, out_features=4, bias=True)
  (FC_output): Linear(in_features=4, out_features=5, bias=True)
  (LeakyReLU): LeakyReLU(negative_slope=0.2)
)
epoch: 0
epoch_0_loss:  1.1473486047453665
epoch: 1
epoch_1_loss:  1.1473903891316726
epoch: 2
epoch_2_loss:  1.1472707618122076
epoch: 3
epoch_3_loss:  1.1471687919201783
epoch: 4
epoch_4_loss:  1.1471769050510485
epoch: 5
epoch_5_loss:  1.1471553847660032
epoch: 6
epoch_6_loss:  1.1473228509622766
epoch: 7
epoch_7_loss:  1.147358272214037
epoch: 8
epoch_8_loss:  1.1474376748278434
epoch: 9
epoch_9_loss:  1.1472250466123228
epoch: 10
epoch_10_loss:  1.1473894632161676
epoch: 11
epoch_11_loss:  1.1472769118703978
epoch: 12
epoch_12_loss:  1.1472851674334419
epoch: 13
epoch_13_loss:  1.1472975043139182
epoch: 14
epoch_14_loss:  1.1471787607803257
[1.1473486047453665, 1.1473903891316726, 1.1472707618122076, 1.1471687919201783, 1.1471769050510485, 1.1471553847660032, 1.1473228509622766, 1.147358272214037, 1.1474376748278434, 1.1472250466123228, 1.1473894632161676, 1.1472769118703978, 1.1472851674334419, 1.1472975043139182, 1.1471787607803257]
[I 2022-11-13 19:22:42,926] Trial 17 finished with value: 1.1471787607803257 and parameters: {'optimizer': 'Adam', 'lr': 1.8846592019127845e-05, 'hidden_dim': 4, 'latent_dim': 4, 'mem_dim': 71}. Best is trial 15 with value: 1.0241701810728174.
build_Encoder(
  (FC_input): Linear(in_features=5, out_features=4, bias=True)
  (FC_input2): Linear(in_features=4, out_features=4, bias=True)
  (FC_mean): Linear(in_features=4, out_features=3, bias=True)
  (FC_var): Linear(in_features=4, out_features=3, bias=True)
  (LeakyReLU): LeakyReLU(negative_slope=0.01)
)
build_Decoder(
  (FC_hidden): Linear(in_features=3, out_features=4, bias=True)
  (FC_hidden2): Linear(in_features=4, out_features=4, bias=True)
  (FC_output): Linear(in_features=4, out_features=5, bias=True)
  (LeakyReLU): LeakyReLU(negative_slope=0.2)
)
epoch: 0
epoch_0_loss:  1.211754989842888
epoch: 1
epoch_1_loss:  1.2115324472491344
epoch: 2
epoch_2_loss:  1.2115057092892838
epoch: 3
epoch_3_loss:  1.2115586148642756
epoch: 4
epoch_4_loss:  1.2115825198085322
epoch: 5
epoch_5_loss:  1.2114241791767015
epoch: 6
epoch_6_loss:  1.2116318268375954
epoch: 7
epoch_7_loss:  1.2113955203611722
epoch: 8
epoch_8_loss:  1.2115251626351233
epoch: 9
epoch_9_loss:  1.2117511899112974
epoch: 10
epoch_10_loss:  1.2113459254611096
epoch: 11
epoch_11_loss:  1.2118553204092377
epoch: 12
epoch_12_loss:  1.2117474048755212
epoch: 13
epoch_13_loss:  1.2116400691752591
epoch: 14
epoch_14_loss:  1.2116021171767182
[1.211754989842888, 1.2115324472491344, 1.2115057092892838, 1.2115586148642756, 1.2115825198085322, 1.2114241791767015, 1.2116318268375954, 1.2113955203611722, 1.2115251626351233, 1.2117511899112974, 1.2113459254611096, 1.2118553204092377, 1.2117474048755212, 1.2116400691752591, 1.2116021171767182]
[I 2022-11-13 19:25:06,035] Trial 18 finished with value: 1.2116021171767182 and parameters: {'optimizer': 'Adam', 'lr': 0.00014958642619176967, 'hidden_dim': 4, 'latent_dim': 3, 'mem_dim': 219}. Best is trial 15 with value: 1.0241701810728174.
build_Encoder(
  (FC_input): Linear(in_features=5, out_features=4, bias=True)
  (FC_input2): Linear(in_features=4, out_features=4, bias=True)
  (FC_mean): Linear(in_features=4, out_features=4, bias=True)
  (FC_var): Linear(in_features=4, out_features=4, bias=True)
  (LeakyReLU): LeakyReLU(negative_slope=0.01)
)
build_Decoder(
  (FC_hidden): Linear(in_features=4, out_features=4, bias=True)
  (FC_hidden2): Linear(in_features=4, out_features=4, bias=True)
  (FC_output): Linear(in_features=4, out_features=5, bias=True)
  (LeakyReLU): LeakyReLU(negative_slope=0.2)
)
epoch: 0
epoch_0_loss:  1.1036567632238024
epoch: 1
epoch_1_loss:  1.1035794268872874
epoch: 2
epoch_2_loss:  1.103695014722226
epoch: 3
epoch_3_loss:  1.1037327550164886
epoch: 4
epoch_4_loss:  1.1036736935249198
epoch: 5
epoch_5_loss:  1.1037228362864544
epoch: 6
epoch_6_loss:  1.1036776953415428
epoch: 7
epoch_7_loss:  1.1036082585541742
epoch: 8
epoch_8_loss:  1.1036688600783138
epoch: 9
epoch_9_loss:  1.103609795112737
epoch: 10
epoch_10_loss:  1.1035988078695453
epoch: 11
epoch_11_loss:  1.1036171860004078
epoch: 12
epoch_12_loss:  1.1037069850685886
epoch: 13
epoch_13_loss:  1.103597879264654
epoch: 14
epoch_14_loss:  1.1035683699376262
[1.1036567632238024, 1.1035794268872874, 1.103695014722226, 1.1037327550164886, 1.1036736935249198, 1.1037228362864544, 1.1036776953415428, 1.1036082585541742, 1.1036688600783138, 1.103609795112737, 1.1035988078695453, 1.1036171860004078, 1.1037069850685886, 1.103597879264654, 1.1035683699376262]
[I 2022-11-13 19:27:26,232] Trial 19 finished with value: 1.1035683699376262 and parameters: {'optimizer': 'Adam', 'lr': 0.00043772662804553153, 'hidden_dim': 4, 'latent_dim': 4, 'mem_dim': 141}. Best is trial 15 with value: 1.0241701810728174.
build_Encoder(
  (FC_input): Linear(in_features=5, out_features=4, bias=True)
  (FC_input2): Linear(in_features=4, out_features=4, bias=True)
  (FC_mean): Linear(in_features=4, out_features=4, bias=True)
  (FC_var): Linear(in_features=4, out_features=4, bias=True)
  (LeakyReLU): LeakyReLU(negative_slope=0.01)
)
build_Decoder(
  (FC_hidden): Linear(in_features=4, out_features=4, bias=True)
  (FC_hidden2): Linear(in_features=4, out_features=4, bias=True)
  (FC_output): Linear(in_features=4, out_features=5, bias=True)
  (LeakyReLU): LeakyReLU(negative_slope=0.2)
)
epoch: 0
epoch_0_loss:  1.101382869113997
epoch: 1
epoch_1_loss:  1.101167311135067
epoch: 2
epoch_2_loss:  1.1014284423261138
epoch: 3
epoch_3_loss:  1.101105974889088
epoch: 4
epoch_4_loss:  1.1014005970621903
epoch: 5
epoch_5_loss:  1.1014737231848337
epoch: 6
epoch_6_loss:  1.1012753314234043
epoch: 7
epoch_7_loss:  1.1014615792225086
epoch: 8
epoch_8_loss:  1.1012055238578975
epoch: 9
epoch_9_loss:  1.1014434033204146
epoch: 10
epoch_10_loss:  1.1013556333131997
epoch: 11
epoch_11_loss:  1.1014292874652292
epoch: 12
epoch_12_loss:  1.1013693338261619
epoch: 13
epoch_13_loss:  1.1013383769005896
epoch: 14
epoch_14_loss:  1.1011609598197245
[1.101382869113997, 1.101167311135067, 1.1014284423261138, 1.101105974889088, 1.1014005970621903, 1.1014737231848337, 1.1012753314234043, 1.1014615792225086, 1.1012055238578975, 1.1014434033204146, 1.1013556333131997, 1.1014292874652292, 1.1013693338261619, 1.1013383769005896, 1.1011609598197245]
[I 2022-11-13 19:29:49,890] Trial 20 finished with value: 1.1011609598197245 and parameters: {'optimizer': 'Adam', 'lr': 0.0009958842397524011, 'hidden_dim': 4, 'latent_dim': 4, 'mem_dim': 250}. Best is trial 15 with value: 1.0241701810728174.
build_Encoder(
  (FC_input): Linear(in_features=5, out_features=5, bias=True)
  (FC_input2): Linear(in_features=5, out_features=5, bias=True)
  (FC_mean): Linear(in_features=5, out_features=5, bias=True)
  (FC_var): Linear(in_features=5, out_features=5, bias=True)
  (LeakyReLU): LeakyReLU(negative_slope=0.01)
)
build_Decoder(
  (FC_hidden): Linear(in_features=5, out_features=5, bias=True)
  (FC_hidden2): Linear(in_features=5, out_features=5, bias=True)
  (FC_output): Linear(in_features=5, out_features=5, bias=True)
  (LeakyReLU): LeakyReLU(negative_slope=0.2)
)
epoch: 0
epoch_0_loss:  1.0392035483689084
epoch: 1
epoch_1_loss:  1.0392154661450328
epoch: 2
epoch_2_loss:  1.0392126850350893
epoch: 3
epoch_3_loss:  1.0391950923493076
epoch: 4
epoch_4_loss:  1.0391919005008112
epoch: 5
epoch_5_loss:  1.0391940804549424
epoch: 6
epoch_6_loss:  1.0391873883798581
epoch: 7
epoch_7_loss:  1.0391971759831424
epoch: 8
epoch_8_loss:  1.039209502059064
epoch: 9
epoch_9_loss:  1.0391691085728352
epoch: 10
epoch_10_loss:  1.0392021270587757
epoch: 11
epoch_11_loss:  1.0392004626356346
epoch: 12
epoch_12_loss:  1.0392054288252432
epoch: 13
epoch_13_loss:  1.039181380907454
epoch: 14
epoch_14_loss:  1.0392119949735708
[1.0392035483689084, 1.0392154661450328, 1.0392126850350893, 1.0391950923493076, 1.0391919005008112, 1.0391940804549424, 1.0391873883798581, 1.0391971759831424, 1.039209502059064, 1.0391691085728352, 1.0392021270587757, 1.0392004626356346, 1.0392054288252432, 1.039181380907454, 1.0392119949735708]
