[I 2022-11-13 21:23:30,175] Trial 69 finished with value: 1.1380432586552582 and parameters: {'optimizer': 'Adam', 'lr': 2.8589857516919055e-05, 'hidden_dim': 5, 'latent_dim': 5, 'mem_dim': 122}. Best is trial 45 with value: 1.016495998638263.
build_Encoder(
  (FC_input): Linear(in_features=5, out_features=4, bias=True)
  (FC_input2): Linear(in_features=4, out_features=4, bias=True)
  (FC_mean): Linear(in_features=4, out_features=4, bias=True)
  (FC_var): Linear(in_features=4, out_features=4, bias=True)
  (LeakyReLU): LeakyReLU(negative_slope=0.01)
)
build_Decoder(
  (FC_hidden): Linear(in_features=4, out_features=4, bias=True)
  (FC_hidden2): Linear(in_features=4, out_features=4, bias=True)
  (FC_output): Linear(in_features=4, out_features=5, bias=True)
  (LeakyReLU): LeakyReLU(negative_slope=0.2)
)
epoch: 0
epoch_0_loss:  1.161536282262507
epoch: 1
epoch_1_loss:  1.1616023077794595
epoch: 2
epoch_2_loss:  1.161563485777629
epoch: 3
epoch_3_loss:  1.1614785532114202
epoch: 4
epoch_4_loss:  1.1614454802526284
epoch: 5
epoch_5_loss:  1.1615396039257908
epoch: 6
epoch_6_loss:  1.161416181697513
epoch: 7
epoch_7_loss:  1.161556780694803
epoch: 8
epoch_8_loss:  1.1615774511213321
epoch: 9
epoch_9_loss:  1.161473995610838
epoch: 10
epoch_10_loss:  1.1615152769030659
epoch: 11
epoch_11_loss:  1.1615904089534415
epoch: 12
epoch_12_loss:  1.161496319134937
epoch: 13
epoch_13_loss:  1.1615084787696137
epoch: 14
epoch_14_loss:  1.161620582128687
[1.161536282262507, 1.1616023077794595, 1.161563485777629, 1.1614785532114202, 1.1614454802526284, 1.1615396039257908, 1.161416181697513, 1.161556780694803, 1.1615774511213321, 1.161473995610838, 1.1615152769030659, 1.1615904089534415, 1.161496319134937, 1.1615084787696137, 1.161620582128687]
[I 2022-11-13 21:25:43,699] Trial 70 finished with value: 1.161620582128687 and parameters: {'optimizer': 'Adam', 'lr': 5.412338309937817e-05, 'hidden_dim': 4, 'latent_dim': 4, 'mem_dim': 73}. Best is trial 45 with value: 1.016495998638263.
build_Encoder(
  (FC_input): Linear(in_features=5, out_features=5, bias=True)
  (FC_input2): Linear(in_features=5, out_features=5, bias=True)
  (FC_mean): Linear(in_features=5, out_features=5, bias=True)
  (FC_var): Linear(in_features=5, out_features=5, bias=True)
  (LeakyReLU): LeakyReLU(negative_slope=0.01)
)
build_Decoder(
  (FC_hidden): Linear(in_features=5, out_features=5, bias=True)
  (FC_hidden2): Linear(in_features=5, out_features=5, bias=True)
  (FC_output): Linear(in_features=5, out_features=5, bias=True)
  (LeakyReLU): LeakyReLU(negative_slope=0.2)
)
epoch: 0
epoch_0_loss:  1.0756711240902697
epoch: 1
epoch_1_loss:  1.075621050191786
epoch: 2
epoch_2_loss:  1.0757067898344181
epoch: 3
epoch_3_loss:  1.0756780552125953
epoch: 4
epoch_4_loss:  1.0757124906127271
epoch: 5
epoch_5_loss:  1.0756917617801975
epoch: 6
epoch_6_loss:  1.075715293985218
epoch: 7
epoch_7_loss:  1.075667256676391
epoch: 8
epoch_8_loss:  1.0757281653864976
epoch: 9
epoch_9_loss:  1.0756459217505527
epoch: 10
epoch_10_loss:  1.0757096642079325
epoch: 11
epoch_11_loss:  1.075682991879461
epoch: 12
epoch_12_loss:  1.0756611452733686
epoch: 13
epoch_13_loss:  1.0756351654910727
epoch: 14
epoch_14_loss:  1.0756933004333233
[1.0756711240902697, 1.075621050191786, 1.0757067898344181, 1.0756780552125953, 1.0757124906127271, 1.0756917617801975, 1.075715293985218, 1.075667256676391, 1.0757281653864976, 1.0756459217505527, 1.0757096642079325, 1.075682991879461, 1.0756611452733686, 1.0756351654910727, 1.0756933004333233]
[I 2022-11-13 21:28:06,043] Trial 71 finished with value: 1.0756933004333233 and parameters: {'optimizer': 'Adam', 'lr': 0.00012266242473636985, 'hidden_dim': 5, 'latent_dim': 5, 'mem_dim': 173}. Best is trial 45 with value: 1.016495998638263.
build_Encoder(
  (FC_input): Linear(in_features=5, out_features=5, bias=True)
  (FC_input2): Linear(in_features=5, out_features=5, bias=True)
  (FC_mean): Linear(in_features=5, out_features=5, bias=True)
  (FC_var): Linear(in_features=5, out_features=5, bias=True)
  (LeakyReLU): LeakyReLU(negative_slope=0.01)
)
build_Decoder(
  (FC_hidden): Linear(in_features=5, out_features=5, bias=True)
  (FC_hidden2): Linear(in_features=5, out_features=5, bias=True)
  (FC_output): Linear(in_features=5, out_features=5, bias=True)
  (LeakyReLU): LeakyReLU(negative_slope=0.2)
)
epoch: 0
epoch_0_loss:  1.098828394915799
epoch: 1
epoch_1_loss:  1.0989331732372625
epoch: 2
epoch_2_loss:  1.0990486916521571
epoch: 3
epoch_3_loss:  1.0989033296148525
epoch: 4
epoch_4_loss:  1.0989082925946452
epoch: 5
epoch_5_loss:  1.0989669237952984
epoch: 6
epoch_6_loss:  1.0989388845193566
epoch: 7
epoch_7_loss:  1.098780213685034
epoch: 8
epoch_8_loss:  1.0988448987703472
epoch: 9
epoch_9_loss:  1.098955386324004
epoch: 10
epoch_10_loss:  1.0989170426882813
epoch: 11
epoch_11_loss:  1.09898429990581
epoch: 12
epoch_12_loss:  1.0989852138070972
epoch: 13
epoch_13_loss:  1.0988701417928994
epoch: 14
epoch_14_loss:  1.0988454152044933
[1.098828394915799, 1.0989331732372625, 1.0990486916521571, 1.0989033296148525, 1.0989082925946452, 1.0989669237952984, 1.0989388845193566, 1.098780213685034, 1.0988448987703472, 1.098955386324004, 1.0989170426882813, 1.09898429990581, 1.0989852138070972, 1.0988701417928994, 1.0988454152044933]
[I 2022-11-13 21:30:26,777] Trial 72 finished with value: 1.0988454152044933 and parameters: {'optimizer': 'Adam', 'lr': 0.00014627409984470022, 'hidden_dim': 5, 'latent_dim': 5, 'mem_dim': 149}. Best is trial 45 with value: 1.016495998638263.
build_Encoder(
  (FC_input): Linear(in_features=5, out_features=5, bias=True)
  (FC_input2): Linear(in_features=5, out_features=5, bias=True)
  (FC_mean): Linear(in_features=5, out_features=5, bias=True)
  (FC_var): Linear(in_features=5, out_features=5, bias=True)
  (LeakyReLU): LeakyReLU(negative_slope=0.01)
)
build_Decoder(
  (FC_hidden): Linear(in_features=5, out_features=5, bias=True)
  (FC_hidden2): Linear(in_features=5, out_features=5, bias=True)
  (FC_output): Linear(in_features=5, out_features=5, bias=True)
  (LeakyReLU): LeakyReLU(negative_slope=0.2)
)
epoch: 0
epoch_0_loss:  1.0782018851038164
epoch: 1
epoch_1_loss:  1.0782102530679238
epoch: 2
epoch_2_loss:  1.078252342394239
epoch: 3
epoch_3_loss:  1.0781872622158615
epoch: 4
epoch_4_loss:  1.0782841170624993
epoch: 5
epoch_5_loss:  1.078261184785176
epoch: 6
epoch_6_loss:  1.0782412029750639
epoch: 7
epoch_7_loss:  1.0782187998780444
epoch: 8
epoch_8_loss:  1.0782254799763358
epoch: 9
epoch_9_loss:  1.0782833006824997
epoch: 10
epoch_10_loss:  1.078220403022194
epoch: 11
epoch_11_loss:  1.0782724973015139
epoch: 12
epoch_12_loss:  1.0781443041353662
epoch: 13
epoch_13_loss:  1.0783375976740213
epoch: 14
epoch_14_loss:  1.0782022457676765
[1.0782018851038164, 1.0782102530679238, 1.078252342394239, 1.0781872622158615, 1.0782841170624993, 1.078261184785176, 1.0782412029750639, 1.0782187998780444, 1.0782254799763358, 1.0782833006824997, 1.078220403022194, 1.0782724973015139, 1.0781443041353662, 1.0783375976740213, 1.0782022457676765]
[I 2022-11-13 21:32:50,087] Trial 73 finished with value: 1.0782022457676765 and parameters: {'optimizer': 'Adam', 'lr': 0.00018560614058207175, 'hidden_dim': 5, 'latent_dim': 5, 'mem_dim': 205}. Best is trial 45 with value: 1.016495998638263.
build_Encoder(
  (FC_input): Linear(in_features=5, out_features=5, bias=True)
  (FC_input2): Linear(in_features=5, out_features=5, bias=True)
  (FC_mean): Linear(in_features=5, out_features=5, bias=True)
  (FC_var): Linear(in_features=5, out_features=5, bias=True)
  (LeakyReLU): LeakyReLU(negative_slope=0.01)
)
build_Decoder(
  (FC_hidden): Linear(in_features=5, out_features=5, bias=True)
  (FC_hidden2): Linear(in_features=5, out_features=5, bias=True)
  (FC_output): Linear(in_features=5, out_features=5, bias=True)
  (LeakyReLU): LeakyReLU(negative_slope=0.2)
)
epoch: 0
epoch_0_loss:  1.0353756740105604
epoch: 1
epoch_1_loss:  1.0355021140476346
epoch: 2
epoch_2_loss:  1.0354002407310963
epoch: 3
epoch_3_loss:  1.0353451732366659
epoch: 4
epoch_4_loss:  1.035330932703181
epoch: 5
epoch_5_loss:  1.0354519418584982
epoch: 6
epoch_6_loss:  1.035357618147366
epoch: 7
epoch_7_loss:  1.0353757491681095
epoch: 8
epoch_8_loss:  1.0353834814692213
epoch: 9
epoch_9_loss:  1.0353202517583833
epoch: 10
epoch_10_loss:  1.035244284192472
epoch: 11
epoch_11_loss:  1.0354299861802145
epoch: 12
epoch_12_loss:  1.0354489823717241
epoch: 13
epoch_13_loss:  1.0353517813127653
epoch: 14
epoch_14_loss:  1.035429757272288
[1.0353756740105604, 1.0355021140476346, 1.0354002407310963, 1.0353451732366659, 1.035330932703181, 1.0354519418584982, 1.035357618147366, 1.0353757491681095, 1.0353834814692213, 1.0353202517583833, 1.035244284192472, 1.0354299861802145, 1.0354489823717241, 1.0353517813127653, 1.035429757272288]
[I 2022-11-13 21:35:03,781] Trial 74 finished with value: 1.035429757272288 and parameters: {'optimizer': 'Adam', 'lr': 8.460923840558502e-05, 'hidden_dim': 5, 'latent_dim': 5, 'mem_dim': 113}. Best is trial 45 with value: 1.016495998638263.
build_Encoder(
  (FC_input): Linear(in_features=5, out_features=5, bias=True)
  (FC_input2): Linear(in_features=5, out_features=5, bias=True)
  (FC_mean): Linear(in_features=5, out_features=5, bias=True)
  (FC_var): Linear(in_features=5, out_features=5, bias=True)
  (LeakyReLU): LeakyReLU(negative_slope=0.01)
)
build_Decoder(
  (FC_hidden): Linear(in_features=5, out_features=5, bias=True)
  (FC_hidden2): Linear(in_features=5, out_features=5, bias=True)
  (FC_output): Linear(in_features=5, out_features=5, bias=True)
  (LeakyReLU): LeakyReLU(negative_slope=0.2)
)
epoch: 0
epoch_0_loss:  1.0885445433203262
epoch: 1
epoch_1_loss:  1.0884942526505799
epoch: 2
epoch_2_loss:  1.088738986957861
epoch: 3
epoch_3_loss:  1.0890184351686703
epoch: 4
epoch_4_loss:  1.0886047377444865
epoch: 5
epoch_5_loss:  1.088700819400133
epoch: 6
epoch_6_loss:  1.0891075678971953
epoch: 7
epoch_7_loss:  1.0883179713516293
epoch: 8
epoch_8_loss:  1.0886195381042905
epoch: 9
epoch_9_loss:  1.0885253932835073
epoch: 10
epoch_10_loss:  1.0888148493367424
epoch: 11
epoch_11_loss:  1.0889551705599678
epoch: 12
epoch_12_loss:  1.0885804224129765
epoch: 13
epoch_13_loss:  1.088776330219217
epoch: 14
epoch_14_loss:  1.088848830621144
[1.0885445433203262, 1.0884942526505799, 1.088738986957861, 1.0890184351686703, 1.0886047377444865, 1.088700819400133, 1.0891075678971953, 1.0883179713516293, 1.0886195381042905, 1.0885253932835073, 1.0888148493367424, 1.0889551705599678, 1.0885804224129765, 1.088776330219217, 1.088848830621144]
[I 2022-11-13 21:37:27,885] Trial 75 finished with value: 1.088848830621144 and parameters: {'optimizer': 'Adam', 'lr': 4.940677555778426e-05, 'hidden_dim': 5, 'latent_dim': 5, 'mem_dim': 231}. Best is trial 45 with value: 1.016495998638263.
build_Encoder(
  (FC_input): Linear(in_features=5, out_features=5, bias=True)
  (FC_input2): Linear(in_features=5, out_features=5, bias=True)
  (FC_mean): Linear(in_features=5, out_features=5, bias=True)
  (FC_var): Linear(in_features=5, out_features=5, bias=True)
  (LeakyReLU): LeakyReLU(negative_slope=0.01)
)
build_Decoder(
  (FC_hidden): Linear(in_features=5, out_features=5, bias=True)
  (FC_hidden2): Linear(in_features=5, out_features=5, bias=True)
  (FC_output): Linear(in_features=5, out_features=5, bias=True)
  (LeakyReLU): LeakyReLU(negative_slope=0.2)
)
epoch: 0
epoch_0_loss:  1.052918135222685
epoch: 1
epoch_1_loss:  1.0529031315231625
epoch: 2
epoch_2_loss:  1.0529193191947397
epoch: 3
epoch_3_loss:  1.0529267599984056
epoch: 4
epoch_4_loss:  1.0528984137084956
epoch: 5
epoch_5_loss:  1.052821940783379
epoch: 6
epoch_6_loss:  1.0529549670932765
epoch: 7
epoch_7_loss:  1.0529621463984635
epoch: 8
epoch_8_loss:  1.0527901711446779
epoch: 9
epoch_9_loss:  1.052781568624724
epoch: 10
epoch_10_loss:  1.052935544677857
epoch: 11
epoch_11_loss:  1.0529365126185435
epoch: 12
epoch_12_loss:  1.0528031246013183
epoch: 13
epoch_13_loss:  1.05288386329731
epoch: 14
epoch_14_loss:  1.0529731395793909
[1.052918135222685, 1.0529031315231625, 1.0529193191947397, 1.0529267599984056, 1.0528984137084956, 1.052821940783379, 1.0529549670932765, 1.0529621463984635, 1.0527901711446779, 1.052781568624724, 1.052935544677857, 1.0529365126185435, 1.0528031246013183, 1.05288386329731, 1.0529731395793909]
[I 2022-11-13 21:39:41,643] Trial 76 finished with value: 1.0529731395793909 and parameters: {'optimizer': 'Adam', 'lr': 6.422269801335688e-05, 'hidden_dim': 5, 'latent_dim': 5, 'mem_dim': 95}. Best is trial 45 with value: 1.016495998638263.
build_Encoder(
  (FC_input): Linear(in_features=5, out_features=5, bias=True)
  (FC_input2): Linear(in_features=5, out_features=5, bias=True)
  (FC_mean): Linear(in_features=5, out_features=5, bias=True)
  (FC_var): Linear(in_features=5, out_features=5, bias=True)
  (LeakyReLU): LeakyReLU(negative_slope=0.01)
)
build_Decoder(
  (FC_hidden): Linear(in_features=5, out_features=5, bias=True)
  (FC_hidden2): Linear(in_features=5, out_features=5, bias=True)
  (FC_output): Linear(in_features=5, out_features=5, bias=True)
  (LeakyReLU): LeakyReLU(negative_slope=0.2)
)
epoch: 0
epoch_0_loss:  1.1749658210469591
epoch: 1
epoch_1_loss:  1.1749123421533372
epoch: 2
epoch_2_loss:  1.1750280705174456
epoch: 3
epoch_3_loss:  1.174866730083866
epoch: 4
epoch_4_loss:  1.1750113166998044
epoch: 5
epoch_5_loss:  1.1749459325096765
epoch: 6
epoch_6_loss:  1.1749805924666508
epoch: 7
epoch_7_loss:  1.174943452417742
epoch: 8
epoch_8_loss:  1.1749607278866048
epoch: 9
epoch_9_loss:  1.1749195431311386
epoch: 10
epoch_10_loss:  1.1749559429353424
epoch: 11
epoch_11_loss:  1.1750347629310502
epoch: 12
epoch_12_loss:  1.174956521028207
epoch: 13
epoch_13_loss:  1.1750034252799748
epoch: 14
epoch_14_loss:  1.1749422678766182
[1.1749658210469591, 1.1749123421533372, 1.1750280705174456, 1.174866730083866, 1.1750113166998044, 1.1749459325096765, 1.1749805924666508, 1.174943452417742, 1.1749607278866048, 1.1749195431311386, 1.1749559429353424, 1.1750347629310502, 1.174956521028207, 1.1750034252799748, 1.1749422678766182]
[I 2022-11-13 21:41:55,166] Trial 77 finished with value: 1.1749422678766182 and parameters: {'optimizer': 'Adam', 'lr': 8.537975847203192e-05, 'hidden_dim': 5, 'latent_dim': 5, 'mem_dim': 60}. Best is trial 45 with value: 1.016495998638263.
build_Encoder(
  (FC_input): Linear(in_features=5, out_features=5, bias=True)
  (FC_input2): Linear(in_features=5, out_features=5, bias=True)
  (FC_mean): Linear(in_features=5, out_features=4, bias=True)
  (FC_var): Linear(in_features=5, out_features=4, bias=True)
  (LeakyReLU): LeakyReLU(negative_slope=0.01)
)
build_Decoder(
  (FC_hidden): Linear(in_features=4, out_features=5, bias=True)
  (FC_hidden2): Linear(in_features=5, out_features=5, bias=True)
  (FC_output): Linear(in_features=5, out_features=5, bias=True)
  (LeakyReLU): LeakyReLU(negative_slope=0.2)
)
epoch: 0
epoch_0_loss:  1.1104338178032964
epoch: 1
epoch_1_loss:  1.1104117127202422
epoch: 2
epoch_2_loss:  1.1104521402705527
epoch: 3
epoch_3_loss:  1.1103531547500751
epoch: 4
epoch_4_loss:  1.1104557170044684
epoch: 5
epoch_5_loss:  1.1105006316998043
epoch: 6
epoch_6_loss:  1.1104122935206187
epoch: 7
epoch_7_loss:  1.1104217237375367
epoch: 8
epoch_8_loss:  1.1104367330676355
epoch: 9
epoch_9_loss:  1.110366968419382
epoch: 10
epoch_10_loss:  1.110441422245372
epoch: 11
epoch_11_loss:  1.1103019848106275
epoch: 12
epoch_12_loss:  1.1103381522546738
epoch: 13
epoch_13_loss:  1.1104331257993272
epoch: 14
epoch_14_loss:  1.1104496837010984
[1.1104338178032964, 1.1104117127202422, 1.1104521402705527, 1.1103531547500751, 1.1104557170044684, 1.1105006316998043, 1.1104122935206187, 1.1104217237375367, 1.1104367330676355, 1.110366968419382, 1.110441422245372, 1.1103019848106275, 1.1103381522546738, 1.1104331257993272, 1.1104496837010984]
[I 2022-11-13 21:44:09,050] Trial 78 finished with value: 1.1104496837010984 and parameters: {'optimizer': 'Adam', 'lr': 0.0005918090720606265, 'hidden_dim': 5, 'latent_dim': 4, 'mem_dim': 82}. Best is trial 45 with value: 1.016495998638263.
build_Encoder(
  (FC_input): Linear(in_features=5, out_features=5, bias=True)
  (FC_input2): Linear(in_features=5, out_features=5, bias=True)
  (FC_mean): Linear(in_features=5, out_features=5, bias=True)
  (FC_var): Linear(in_features=5, out_features=5, bias=True)
  (LeakyReLU): LeakyReLU(negative_slope=0.01)
)
build_Decoder(
  (FC_hidden): Linear(in_features=5, out_features=5, bias=True)
  (FC_hidden2): Linear(in_features=5, out_features=5, bias=True)
  (FC_output): Linear(in_features=5, out_features=5, bias=True)
  (LeakyReLU): LeakyReLU(negative_slope=0.2)
)
epoch: 0
epoch_0_loss:  1.0499765427146255
epoch: 1
epoch_1_loss:  1.04997909738852
epoch: 2
epoch_2_loss:  1.0499760081271219
epoch: 3
epoch_3_loss:  1.0500412212501669
epoch: 4
epoch_4_loss:  1.050018676023829
epoch: 5
epoch_5_loss:  1.0500357676098173
epoch: 6
epoch_6_loss:  1.0499833009994162
epoch: 7
epoch_7_loss:  1.049992266563045
epoch: 8
epoch_8_loss:  1.0499556890720916
epoch: 9
epoch_9_loss:  1.0499587750943333
epoch: 10
epoch_10_loss:  1.0499790605873254
epoch: 11
epoch_11_loss:  1.0499832512421188
epoch: 12
epoch_12_loss:  1.0499898815082631
epoch: 13
epoch_13_loss:  1.0499828340502906
epoch: 14
epoch_14_loss:  1.0500103839553394
[1.0499765427146255, 1.04997909738852, 1.0499760081271219, 1.0500412212501669, 1.050018676023829, 1.0500357676098173, 1.0499833009994162, 1.049992266563045, 1.0499556890720916, 1.0499587750943333, 1.0499790605873254, 1.0499832512421188, 1.0499898815082631, 1.0499828340502906, 1.0500103839553394]
[I 2022-11-13 21:46:32,613] Trial 79 finished with value: 1.0500103839553394 and parameters: {'optimizer': 'Adam', 'lr': 0.000968745931048353, 'hidden_dim': 5, 'latent_dim': 5, 'mem_dim': 220}. Best is trial 45 with value: 1.016495998638263.
build_Encoder(
  (FC_input): Linear(in_features=5, out_features=4, bias=True)
  (FC_input2): Linear(in_features=4, out_features=4, bias=True)
  (FC_mean): Linear(in_features=4, out_features=4, bias=True)
  (FC_var): Linear(in_features=4, out_features=4, bias=True)
  (LeakyReLU): LeakyReLU(negative_slope=0.01)
)
build_Decoder(
  (FC_hidden): Linear(in_features=4, out_features=4, bias=True)
  (FC_hidden2): Linear(in_features=4, out_features=4, bias=True)
  (FC_output): Linear(in_features=4, out_features=5, bias=True)
  (LeakyReLU): LeakyReLU(negative_slope=0.2)
)
epoch: 0
epoch_0_loss:  1.0793316464644793
epoch: 1
epoch_1_loss:  1.0795009983805206
epoch: 2
epoch_2_loss:  1.0796128580217867
epoch: 3
epoch_3_loss:  1.079665398289867
epoch: 4
epoch_4_loss:  1.0795322339705344
epoch: 5
epoch_5_loss:  1.0793783873537657
epoch: 6
epoch_6_loss:  1.079540258754922
epoch: 7
epoch_7_loss:  1.079596863233348
epoch: 8
epoch_8_loss:  1.0794459690484086
epoch: 9
epoch_9_loss:  1.0794389630354642
epoch: 10
epoch_10_loss:  1.0793962480515467
epoch: 11
epoch_11_loss:  1.079309395671692
epoch: 12
epoch_12_loss:  1.079448716004033
epoch: 13
epoch_13_loss:  1.0795969903464913
epoch: 14
epoch_14_loss:  1.0795521227936555
[1.0793316464644793, 1.0795009983805206, 1.0796128580217867, 1.079665398289867, 1.0795322339705344, 1.0793783873537657, 1.079540258754922, 1.079596863233348, 1.0794459690484086, 1.0794389630354642, 1.0793962480515467, 1.079309395671692, 1.079448716004033, 1.0795969903464913, 1.0795521227936555]
[I 2022-11-13 21:48:47,039] Trial 80 finished with value: 1.0795521227936555 and parameters: {'optimizer': 'Adam', 'lr': 4.0253261729203654e-05, 'hidden_dim': 4, 'latent_dim': 4, 'mem_dim': 109}. Best is trial 45 with value: 1.016495998638263.
build_Encoder(
  (FC_input): Linear(in_features=5, out_features=5, bias=True)
  (FC_input2): Linear(in_features=5, out_features=5, bias=True)
  (FC_mean): Linear(in_features=5, out_features=5, bias=True)
  (FC_var): Linear(in_features=5, out_features=5, bias=True)
  (LeakyReLU): LeakyReLU(negative_slope=0.01)
)
build_Decoder(
  (FC_hidden): Linear(in_features=5, out_features=5, bias=True)
  (FC_hidden2): Linear(in_features=5, out_features=5, bias=True)
  (FC_output): Linear(in_features=5, out_features=5, bias=True)
  (LeakyReLU): LeakyReLU(negative_slope=0.2)
)
epoch: 0
epoch_0_loss:  1.0929156246904657
epoch: 1
epoch_1_loss:  1.0930668541270163
epoch: 2
epoch_2_loss:  1.0929791265449222
epoch: 3
epoch_3_loss:  1.092931753171551
epoch: 4
epoch_4_loss:  1.0928868350612786
epoch: 5
epoch_5_loss:  1.0929808124229083
epoch: 6
epoch_6_loss:  1.0930596268150325
epoch: 7
epoch_7_loss:  1.093053542461963
epoch: 8
epoch_8_loss:  1.0931847593114636
epoch: 9
epoch_9_loss:  1.0929385276646406
epoch: 10
epoch_10_loss:  1.0929556569917525
epoch: 11
epoch_11_loss:  1.0931368371927122
epoch: 12
epoch_12_loss:  1.0929334067038772
epoch: 13
epoch_13_loss:  1.0929053963363604
epoch: 14
epoch_14_loss:  1.0930356455445749
[1.0929156246904657, 1.0930668541270163, 1.0929791265449222, 1.092931753171551, 1.0928868350612786, 1.0929808124229083, 1.0930596268150325, 1.093053542461963, 1.0931847593114636, 1.0929385276646406, 1.0929556569917525, 1.0931368371927122, 1.0929334067038772, 1.0929053963363604, 1.0930356455445749]
