[I 2022-11-13 22:18:30,774] Trial 93 finished with value: 1.074455578478423 and parameters: {'optimizer': 'Adam', 'lr': 0.00010591272388774781, 'hidden_dim': 5, 'latent_dim': 5, 'mem_dim': 135}. Best is trial 45 with value: 1.016495998638263.
build_Encoder(
  (FC_input): Linear(in_features=5, out_features=5, bias=True)
  (FC_input2): Linear(in_features=5, out_features=5, bias=True)
  (FC_mean): Linear(in_features=5, out_features=5, bias=True)
  (FC_var): Linear(in_features=5, out_features=5, bias=True)
  (LeakyReLU): LeakyReLU(negative_slope=0.01)
)
build_Decoder(
  (FC_hidden): Linear(in_features=5, out_features=5, bias=True)
  (FC_hidden2): Linear(in_features=5, out_features=5, bias=True)
  (FC_output): Linear(in_features=5, out_features=5, bias=True)
  (LeakyReLU): LeakyReLU(negative_slope=0.2)
)
epoch: 0
epoch_0_loss:  1.0605287009145197
epoch: 1
epoch_1_loss:  1.0605440958332895
epoch: 2
epoch_2_loss:  1.0605123733652553
epoch: 3
epoch_3_loss:  1.0605293378909124
epoch: 4
epoch_4_loss:  1.0604943892734924
epoch: 5
epoch_5_loss:  1.0604660445243983
epoch: 6
epoch_6_loss:  1.0604296320361077
epoch: 7
epoch_7_loss:  1.0604800307228421
epoch: 8
epoch_8_loss:  1.0604880382781532
epoch: 9
epoch_9_loss:  1.0604423353116248
epoch: 10
epoch_10_loss:  1.06055848139738
epoch: 11
epoch_11_loss:  1.0605648882557734
epoch: 12
epoch_12_loss:  1.0604812897127867
epoch: 13
epoch_13_loss:  1.0604066077078107
epoch: 14
epoch_14_loss:  1.0605161902685114
[1.0605287009145197, 1.0605440958332895, 1.0605123733652553, 1.0605293378909124, 1.0604943892734924, 1.0604660445243983, 1.0604296320361077, 1.0604800307228421, 1.0604880382781532, 1.0604423353116248, 1.06055848139738, 1.0605648882557734, 1.0604812897127867, 1.0604066077078107, 1.0605161902685114]
[I 2022-11-13 22:20:44,805] Trial 94 finished with value: 1.0605161902685114 and parameters: {'optimizer': 'Adam', 'lr': 0.0001580434021749726, 'hidden_dim': 5, 'latent_dim': 5, 'mem_dim': 126}. Best is trial 45 with value: 1.016495998638263.
build_Encoder(
  (FC_input): Linear(in_features=5, out_features=5, bias=True)
  (FC_input2): Linear(in_features=5, out_features=5, bias=True)
  (FC_mean): Linear(in_features=5, out_features=5, bias=True)
  (FC_var): Linear(in_features=5, out_features=5, bias=True)
  (LeakyReLU): LeakyReLU(negative_slope=0.01)
)
build_Decoder(
  (FC_hidden): Linear(in_features=5, out_features=5, bias=True)
  (FC_hidden2): Linear(in_features=5, out_features=5, bias=True)
  (FC_output): Linear(in_features=5, out_features=5, bias=True)
  (LeakyReLU): LeakyReLU(negative_slope=0.2)
)
epoch: 0
epoch_0_loss:  1.1101595592480706
epoch: 1
epoch_1_loss:  1.110052679286442
epoch: 2
epoch_2_loss:  1.110054342972036
epoch: 3
epoch_3_loss:  1.110070575672251
epoch: 4
epoch_4_loss:  1.110156262995536
epoch: 5
epoch_5_loss:  1.1100394396366693
epoch: 6
epoch_6_loss:  1.1100749506834044
epoch: 7
epoch_7_loss:  1.1100821641592757
epoch: 8
epoch_8_loss:  1.1102043417122922
epoch: 9
epoch_9_loss:  1.110094325637494
epoch: 10
epoch_10_loss:  1.110116624220091
epoch: 11
epoch_11_loss:  1.110130529496031
epoch: 12
epoch_12_loss:  1.1100984895993724
epoch: 13
epoch_13_loss:  1.1101453468558626
epoch: 14
epoch_14_loss:  1.1101248456237958
[1.1101595592480706, 1.110052679286442, 1.110054342972036, 1.110070575672251, 1.110156262995536, 1.1100394396366693, 1.1100749506834044, 1.1100821641592757, 1.1102043417122922, 1.110094325637494, 1.110116624220091, 1.110130529496031, 1.1100984895993724, 1.1101453468558626, 1.1101248456237958]
[I 2022-11-13 22:23:17,799] Trial 95 finished with value: 1.1101248456237958 and parameters: {'optimizer': 'Adam', 'lr': 9.338560579981568e-05, 'hidden_dim': 5, 'latent_dim': 5, 'mem_dim': 146}. Best is trial 45 with value: 1.016495998638263.
build_Encoder(
  (FC_input): Linear(in_features=5, out_features=5, bias=True)
  (FC_input2): Linear(in_features=5, out_features=5, bias=True)
  (FC_mean): Linear(in_features=5, out_features=4, bias=True)
  (FC_var): Linear(in_features=5, out_features=4, bias=True)
  (LeakyReLU): LeakyReLU(negative_slope=0.01)
)
build_Decoder(
  (FC_hidden): Linear(in_features=4, out_features=5, bias=True)
  (FC_hidden2): Linear(in_features=5, out_features=5, bias=True)
  (FC_output): Linear(in_features=5, out_features=5, bias=True)
  (LeakyReLU): LeakyReLU(negative_slope=0.2)
)
epoch: 0
epoch_0_loss:  1.0359313048159449
epoch: 1
epoch_1_loss:  1.0358846231249743
epoch: 2
epoch_2_loss:  1.0359533637776674
epoch: 3
epoch_3_loss:  1.0359829191553496
epoch: 4
epoch_4_loss:  1.0359963144161886
epoch: 5
epoch_5_loss:  1.0359119595722452
epoch: 6
epoch_6_loss:  1.0359486041481556
epoch: 7
epoch_7_loss:  1.0359340521007008
epoch: 8
epoch_8_loss:  1.03594299926947
epoch: 9
epoch_9_loss:  1.0359097373492137
epoch: 10
epoch_10_loss:  1.0359187310775917
epoch: 11
epoch_11_loss:  1.0358646351510767
epoch: 12
epoch_12_loss:  1.0359749150966056
epoch: 13
epoch_13_loss:  1.035981884952014
epoch: 14
epoch_14_loss:  1.0359658178127729
[1.0359313048159449, 1.0358846231249743, 1.0359533637776674, 1.0359829191553496, 1.0359963144161886, 1.0359119595722452, 1.0359486041481556, 1.0359340521007008, 1.03594299926947, 1.0359097373492137, 1.0359187310775917, 1.0358646351510767, 1.0359749150966056, 1.035981884952014, 1.0359658178127729]
[I 2022-11-13 22:25:31,709] Trial 96 finished with value: 1.0359658178127729 and parameters: {'optimizer': 'Adam', 'lr': 0.00044498011878926807, 'hidden_dim': 5, 'latent_dim': 4, 'mem_dim': 108}. Best is trial 45 with value: 1.016495998638263.
build_Encoder(
  (FC_input): Linear(in_features=5, out_features=5, bias=True)
  (FC_input2): Linear(in_features=5, out_features=5, bias=True)
  (FC_mean): Linear(in_features=5, out_features=4, bias=True)
  (FC_var): Linear(in_features=5, out_features=4, bias=True)
  (LeakyReLU): LeakyReLU(negative_slope=0.01)
)
build_Decoder(
  (FC_hidden): Linear(in_features=4, out_features=5, bias=True)
  (FC_hidden2): Linear(in_features=5, out_features=5, bias=True)
  (FC_output): Linear(in_features=5, out_features=5, bias=True)
  (LeakyReLU): LeakyReLU(negative_slope=0.2)
)
epoch: 0
epoch_0_loss:  1.0730039343829636
epoch: 1
epoch_1_loss:  1.0728659555074729
epoch: 2
epoch_2_loss:  1.0728936463274172
epoch: 3
epoch_3_loss:  1.0728555033704539
epoch: 4
epoch_4_loss:  1.0728862629113216
epoch: 5
epoch_5_loss:  1.073004270649354
epoch: 6
epoch_6_loss:  1.0730235721366712
epoch: 7
epoch_7_loss:  1.0730041013584606
epoch: 8
epoch_8_loss:  1.073043060130136
epoch: 9
epoch_9_loss:  1.072992964410772
epoch: 10
epoch_10_loss:  1.072960124977269
epoch: 11
epoch_11_loss:  1.0729397367478697
epoch: 12
epoch_12_loss:  1.0729787785814695
epoch: 13
epoch_13_loss:  1.0730022125872485
epoch: 14
epoch_14_loss:  1.0729756207764514
[1.0730039343829636, 1.0728659555074729, 1.0728936463274172, 1.0728555033704539, 1.0728862629113216, 1.073004270649354, 1.0730235721366712, 1.0730041013584606, 1.073043060130136, 1.072992964410772, 1.072960124977269, 1.0729397367478697, 1.0729787785814695, 1.0730022125872485, 1.0729756207764514]
[I 2022-11-13 22:27:45,214] Trial 97 finished with value: 1.0729756207764514 and parameters: {'optimizer': 'Adam', 'lr': 0.00041044406731692367, 'hidden_dim': 5, 'latent_dim': 4, 'mem_dim': 51}. Best is trial 45 with value: 1.016495998638263.
build_Encoder(
  (FC_input): Linear(in_features=5, out_features=5, bias=True)
  (FC_input2): Linear(in_features=5, out_features=5, bias=True)
  (FC_mean): Linear(in_features=5, out_features=4, bias=True)
  (FC_var): Linear(in_features=5, out_features=4, bias=True)
  (LeakyReLU): LeakyReLU(negative_slope=0.01)
)
build_Decoder(
  (FC_hidden): Linear(in_features=4, out_features=5, bias=True)
  (FC_hidden2): Linear(in_features=5, out_features=5, bias=True)
  (FC_output): Linear(in_features=5, out_features=5, bias=True)
  (LeakyReLU): LeakyReLU(negative_slope=0.2)
)
epoch: 0
epoch_0_loss:  1.1362815126688022
epoch: 1
epoch_1_loss:  1.1361173674107188
epoch: 2
epoch_2_loss:  1.1363979973313896
epoch: 3
epoch_3_loss:  1.13621480303726
epoch: 4
epoch_4_loss:  1.1364146471418675
epoch: 5
epoch_5_loss:  1.136368484313758
epoch: 6
epoch_6_loss:  1.1364191630023246
epoch: 7
epoch_7_loss:  1.1363439526873398
epoch: 8
epoch_8_loss:  1.1362819609805228
epoch: 9
epoch_9_loss:  1.1362775400492462
epoch: 10
epoch_10_loss:  1.1364274584307215
epoch: 11
epoch_11_loss:  1.1363167259946478
epoch: 12
epoch_12_loss:  1.1360805406045034
epoch: 13
epoch_13_loss:  1.1361121008901833
epoch: 14
epoch_14_loss:  1.1361754355144702
[1.1362815126688022, 1.1361173674107188, 1.1363979973313896, 1.13621480303726, 1.1364146471418675, 1.136368484313758, 1.1364191630023246, 1.1363439526873398, 1.1362819609805228, 1.1362775400492462, 1.1364274584307215, 1.1363167259946478, 1.1360805406045034, 1.1361121008901833, 1.1361754355144702]
[I 2022-11-13 22:29:58,810] Trial 98 finished with value: 1.1361754355144702 and parameters: {'optimizer': 'Adam', 'lr': 0.0004668120913226808, 'hidden_dim': 5, 'latent_dim': 4, 'mem_dim': 67}. Best is trial 45 with value: 1.016495998638263.
build_Encoder(
  (FC_input): Linear(in_features=5, out_features=5, bias=True)
  (FC_input2): Linear(in_features=5, out_features=5, bias=True)
  (FC_mean): Linear(in_features=5, out_features=4, bias=True)
  (FC_var): Linear(in_features=5, out_features=4, bias=True)
  (LeakyReLU): LeakyReLU(negative_slope=0.01)
)
build_Decoder(
  (FC_hidden): Linear(in_features=4, out_features=5, bias=True)
  (FC_hidden2): Linear(in_features=5, out_features=5, bias=True)
  (FC_output): Linear(in_features=5, out_features=5, bias=True)
  (LeakyReLU): LeakyReLU(negative_slope=0.2)
)
epoch: 0
epoch_0_loss:  1.0728576891361579
epoch: 1
epoch_1_loss:  1.0728158453994232
epoch: 2
epoch_2_loss:  1.0729618758433668
epoch: 3
epoch_3_loss:  1.0727866763673886
epoch: 4
epoch_4_loss:  1.0728222147475024
epoch: 5
epoch_5_loss:  1.072946681136652
epoch: 6
epoch_6_loss:  1.0729107155919166
epoch: 7
epoch_7_loss:  1.0729997723156786
epoch: 8
epoch_8_loss:  1.0725840908300222
epoch: 9
epoch_9_loss:  1.0730361479111026
epoch: 10
epoch_10_loss:  1.072815054281842
epoch: 11
epoch_11_loss:  1.0728346620393212
epoch: 12
epoch_12_loss:  1.072966739617093
epoch: 13
epoch_13_loss:  1.0729391627831035
epoch: 14
epoch_14_loss:  1.0728499933153244
[1.0728576891361579, 1.0728158453994232, 1.0729618758433668, 1.0727866763673886, 1.0728222147475024, 1.072946681136652, 1.0729107155919166, 1.0729997723156786, 1.0725840908300222, 1.0730361479111026, 1.072815054281842, 1.0728346620393212, 1.072966739617093, 1.0729391627831035, 1.0728499933153244]
[I 2022-11-13 22:32:22,785] Trial 99 finished with value: 1.0728499933153244 and parameters: {'optimizer': 'Adam', 'lr': 0.0006782536802675028, 'hidden_dim': 5, 'latent_dim': 4, 'mem_dim': 254}. Best is trial 45 with value: 1.016495998638263.
build_Encoder(
  (FC_input): Linear(in_features=5, out_features=4, bias=True)
  (FC_input2): Linear(in_features=4, out_features=4, bias=True)
  (FC_mean): Linear(in_features=4, out_features=4, bias=True)
  (FC_var): Linear(in_features=4, out_features=4, bias=True)
  (LeakyReLU): LeakyReLU(negative_slope=0.01)
)
build_Decoder(
  (FC_hidden): Linear(in_features=4, out_features=4, bias=True)
  (FC_hidden2): Linear(in_features=4, out_features=4, bias=True)
  (FC_output): Linear(in_features=4, out_features=5, bias=True)
  (LeakyReLU): LeakyReLU(negative_slope=0.2)
)
epoch: 0
epoch_0_loss:  1.1020852295815886
epoch: 1
epoch_1_loss:  1.1020432680394596
epoch: 2
epoch_2_loss:  1.1021146265024675
epoch: 3
epoch_3_loss:  1.102174338709132
epoch: 4
epoch_4_loss:  1.1020404071740344
epoch: 5
epoch_5_loss:  1.1021081278316032
epoch: 6
epoch_6_loss:  1.1020487956895701
epoch: 7
epoch_7_loss:  1.1022537196374798
epoch: 8
epoch_8_loss:  1.1021581285115978
epoch: 9
epoch_9_loss:  1.1020831674200726
epoch: 10
epoch_10_loss:  1.102093995104118
epoch: 11
epoch_11_loss:  1.10221857448622
epoch: 12
epoch_12_loss:  1.1021394842598735
epoch: 13
epoch_13_loss:  1.1021046749694579
epoch: 14
epoch_14_loss:  1.1022404261356942
[1.1020852295815886, 1.1020432680394596, 1.1021146265024675, 1.102174338709132, 1.1020404071740344, 1.1021081278316032, 1.1020487956895701, 1.1022537196374798, 1.1021581285115978, 1.1020831674200726, 1.102093995104118, 1.10221857448622, 1.1021394842598735, 1.1021046749694579, 1.1022404261356942]
[I 2022-11-13 22:34:36,624] Trial 100 finished with value: 1.1022404261356942 and parameters: {'optimizer': 'Adam', 'lr': 0.0005481731402558684, 'hidden_dim': 4, 'latent_dim': 4, 'mem_dim': 106}. Best is trial 45 with value: 1.016495998638263.
build_Encoder(
  (FC_input): Linear(in_features=5, out_features=5, bias=True)
  (FC_input2): Linear(in_features=5, out_features=5, bias=True)
  (FC_mean): Linear(in_features=5, out_features=4, bias=True)
  (FC_var): Linear(in_features=5, out_features=4, bias=True)
  (LeakyReLU): LeakyReLU(negative_slope=0.01)
)
build_Decoder(
  (FC_hidden): Linear(in_features=4, out_features=5, bias=True)
  (FC_hidden2): Linear(in_features=5, out_features=5, bias=True)
  (FC_output): Linear(in_features=5, out_features=5, bias=True)
  (LeakyReLU): LeakyReLU(negative_slope=0.2)
)
epoch: 0
epoch_0_loss:  1.0247647534519668
epoch: 1
epoch_1_loss:  1.0249244293387854
epoch: 2
epoch_2_loss:  1.0249739471434123
epoch: 3
epoch_3_loss:  1.0247779639948444
epoch: 4
epoch_4_loss:  1.0248492518878036
epoch: 5
epoch_5_loss:  1.0249383737929312
epoch: 6
epoch_6_loss:  1.0247196263631844
epoch: 7
epoch_7_loss:  1.0249136749188694
epoch: 8
epoch_8_loss:  1.0250896419170545
epoch: 9
epoch_9_loss:  1.0246890767893952
epoch: 10
epoch_10_loss:  1.0248079557873901
epoch: 11
epoch_11_loss:  1.024902880509981
epoch: 12
epoch_12_loss:  1.0248454208793527
epoch: 13
epoch_13_loss:  1.0249348655795547
epoch: 14
epoch_14_loss:  1.0247711088368578
[1.0247647534519668, 1.0249244293387854, 1.0249739471434123, 1.0247779639948444, 1.0248492518878036, 1.0249383737929312, 1.0247196263631844, 1.0249136749188694, 1.0250896419170545, 1.0246890767893952, 1.0248079557873901, 1.024902880509981, 1.0248454208793527, 1.0249348655795547, 1.0247711088368578]
[I 2022-11-13 22:36:50,639] Trial 101 finished with value: 1.0247711088368578 and parameters: {'optimizer': 'Adam', 'lr': 0.0003087041840564662, 'hidden_dim': 5, 'latent_dim': 4, 'mem_dim': 115}. Best is trial 45 with value: 1.016495998638263.
build_Encoder(
  (FC_input): Linear(in_features=5, out_features=5, bias=True)
  (FC_input2): Linear(in_features=5, out_features=5, bias=True)
  (FC_mean): Linear(in_features=5, out_features=4, bias=True)
  (FC_var): Linear(in_features=5, out_features=4, bias=True)
  (LeakyReLU): LeakyReLU(negative_slope=0.01)
)
build_Decoder(
  (FC_hidden): Linear(in_features=4, out_features=5, bias=True)
  (FC_hidden2): Linear(in_features=5, out_features=5, bias=True)
  (FC_output): Linear(in_features=5, out_features=5, bias=True)
  (LeakyReLU): LeakyReLU(negative_slope=0.2)
)
epoch: 0
epoch_0_loss:  1.0561029075920578
epoch: 1
epoch_1_loss:  1.0563070845401092
epoch: 2
epoch_2_loss:  1.0562422923434414
epoch: 3
epoch_3_loss:  1.0562524036689498
epoch: 4
epoch_4_loss:  1.056353524581299
epoch: 5
epoch_5_loss:  1.0562466367825165
epoch: 6
epoch_6_loss:  1.0563891961123744
epoch: 7
epoch_7_loss:  1.056289189257556
epoch: 8
epoch_8_loss:  1.0562579508881793
epoch: 9
epoch_9_loss:  1.0562946192151625
epoch: 10
epoch_10_loss:  1.056135296509154
epoch: 11
epoch_11_loss:  1.0562096239686758
epoch: 12
epoch_12_loss:  1.0561429720229303
epoch: 13
epoch_13_loss:  1.0562167932665134
epoch: 14
epoch_14_loss:  1.0562585141328253
[1.0561029075920578, 1.0563070845401092, 1.0562422923434414, 1.0562524036689498, 1.056353524581299, 1.0562466367825165, 1.0563891961123744, 1.056289189257556, 1.0562579508881793, 1.0562946192151625, 1.056135296509154, 1.0562096239686758, 1.0561429720229303, 1.0562167932665134, 1.0562585141328253]
[I 2022-11-13 22:39:04,851] Trial 102 finished with value: 1.0562585141328253 and parameters: {'optimizer': 'Adam', 'lr': 0.0003059626530799517, 'hidden_dim': 5, 'latent_dim': 4, 'mem_dim': 99}. Best is trial 45 with value: 1.016495998638263.
build_Encoder(
  (FC_input): Linear(in_features=5, out_features=5, bias=True)
  (FC_input2): Linear(in_features=5, out_features=5, bias=True)
  (FC_mean): Linear(in_features=5, out_features=4, bias=True)
  (FC_var): Linear(in_features=5, out_features=4, bias=True)
  (LeakyReLU): LeakyReLU(negative_slope=0.01)
)
build_Decoder(
  (FC_hidden): Linear(in_features=4, out_features=5, bias=True)
  (FC_hidden2): Linear(in_features=5, out_features=5, bias=True)
  (FC_output): Linear(in_features=5, out_features=5, bias=True)
  (LeakyReLU): LeakyReLU(negative_slope=0.2)
)
epoch: 0
epoch_0_loss:  1.1667376135120462
epoch: 1
epoch_1_loss:  1.1667638962863582
epoch: 2
epoch_2_loss:  1.1666755012062582
epoch: 3
epoch_3_loss:  1.1668404256306888
epoch: 4
epoch_4_loss:  1.1669556980162914
epoch: 5
epoch_5_loss:  1.166766691727872
epoch: 6
epoch_6_loss:  1.1668649103072086
epoch: 7
epoch_7_loss:  1.166839483766252
epoch: 8
epoch_8_loss:  1.1666492650653615
epoch: 9
epoch_9_loss:  1.166799646472854
epoch: 10
epoch_10_loss:  1.1669089008757474
epoch: 11
epoch_11_loss:  1.166828359679604
epoch: 12
epoch_12_loss:  1.1667240958656147
epoch: 13
epoch_13_loss:  1.1666138591523874
epoch: 14
epoch_14_loss:  1.1669075525355599
[1.1667376135120462, 1.1667638962863582, 1.1666755012062582, 1.1668404256306888, 1.1669556980162914, 1.166766691727872, 1.1668649103072086, 1.166839483766252, 1.1666492650653615, 1.166799646472854, 1.1669089008757474, 1.166828359679604, 1.1667240958656147, 1.1666138591523874, 1.1669075525355599]
[I 2022-11-13 22:41:18,983] Trial 103 finished with value: 1.1669075525355599 and parameters: {'optimizer': 'Adam', 'lr': 0.00043415479785021115, 'hidden_dim': 5, 'latent_dim': 4, 'mem_dim': 113}. Best is trial 45 with value: 1.016495998638263.
build_Encoder(
  (FC_input): Linear(in_features=5, out_features=5, bias=True)
  (FC_input2): Linear(in_features=5, out_features=5, bias=True)
  (FC_mean): Linear(in_features=5, out_features=4, bias=True)
  (FC_var): Linear(in_features=5, out_features=4, bias=True)
  (LeakyReLU): LeakyReLU(negative_slope=0.01)
)
build_Decoder(
  (FC_hidden): Linear(in_features=4, out_features=5, bias=True)
  (FC_hidden2): Linear(in_features=5, out_features=5, bias=True)
  (FC_output): Linear(in_features=5, out_features=5, bias=True)
  (LeakyReLU): LeakyReLU(negative_slope=0.2)
)
epoch: 0
epoch_0_loss:  1.0388192189734136
epoch: 1
epoch_1_loss:  1.03880636874753
epoch: 2
epoch_2_loss:  1.0388225763286374
epoch: 3
epoch_3_loss:  1.0388401431362482
epoch: 4
epoch_4_loss:  1.0388264314912299
epoch: 5
epoch_5_loss:  1.038783318741488
epoch: 6
epoch_6_loss:  1.0388535853997978
epoch: 7
epoch_7_loss:  1.0387959135082103
epoch: 8
epoch_8_loss:  1.0389215925761095
epoch: 9
epoch_9_loss:  1.0388678197424392
epoch: 10
epoch_10_loss:  1.0388034889638165
epoch: 11
epoch_11_loss:  1.0388051040614823
epoch: 12
epoch_12_loss:  1.0388693917409426
epoch: 13
epoch_13_loss:  1.0388194119143845
epoch: 14
epoch_14_loss:  1.0388314633128042
[1.0388192189734136, 1.03880636874753, 1.0388225763286374, 1.0388401431362482, 1.0388264314912299, 1.038783318741488, 1.0388535853997978, 1.0387959135082103, 1.0389215925761095, 1.0388678197424392, 1.0388034889638165, 1.0388051040614823, 1.0388693917409426, 1.0388194119143845, 1.0388314633128042]
[I 2022-11-13 22:43:33,193] Trial 104 finished with value: 1.0388314633128042 and parameters: {'optimizer': 'Adam', 'lr': 0.00034807341334951516, 'hidden_dim': 5, 'latent_dim': 4, 'mem_dim': 76}. Best is trial 45 with value: 1.016495998638263.
build_Encoder(
  (FC_input): Linear(in_features=5, out_features=5, bias=True)
  (FC_input2): Linear(in_features=5, out_features=5, bias=True)
  (FC_mean): Linear(in_features=5, out_features=4, bias=True)
  (FC_var): Linear(in_features=5, out_features=4, bias=True)
  (LeakyReLU): LeakyReLU(negative_slope=0.01)
)
build_Decoder(
  (FC_hidden): Linear(in_features=4, out_features=5, bias=True)
  (FC_hidden2): Linear(in_features=5, out_features=5, bias=True)
  (FC_output): Linear(in_features=5, out_features=5, bias=True)
  (LeakyReLU): LeakyReLU(negative_slope=0.2)
)
epoch: 0
epoch_0_loss:  1.1010447881721508
epoch: 1
epoch_1_loss:  1.101136454962897
epoch: 2
epoch_2_loss:  1.1009112775823384
epoch: 3
epoch_3_loss:  1.1009950481336412
epoch: 4
epoch_4_loss:  1.1010501728664632
epoch: 5
epoch_5_loss:  1.1008546579263017
epoch: 6
epoch_6_loss:  1.1010038000553664
epoch: 7
epoch_7_loss:  1.1010606792423947
epoch: 8
epoch_8_loss:  1.1011275096046127
epoch: 9
epoch_9_loss:  1.1010343867073211
epoch: 10
epoch_10_loss:  1.1011387699548896
epoch: 11
epoch_11_loss:  1.1010055165368573
epoch: 12
epoch_12_loss:  1.1008764107184013
epoch: 13
epoch_13_loss:  1.101120174439685
epoch: 14
epoch_14_loss:  1.1009605486233864
[1.1010447881721508, 1.101136454962897, 1.1009112775823384, 1.1009950481336412, 1.1010501728664632, 1.1008546579263017, 1.1010038000553664, 1.1010606792423947, 1.1011275096046127, 1.1010343867073211, 1.1011387699548896, 1.1010055165368573, 1.1008764107184013, 1.101120174439685, 1.1009605486233864]
