[I 2022-11-13 14:17:39,410] Trial 6 finished with value: 1.1816048731587179 and parameters: {'optimizer': 'Adam', 'lr': 0.0006406241256271437, 'hidden_dim': 4, 'latent_dim': 4}. Best is trial 2 with value: 1.0817678873454597.
build_Encoder(
  (FC_input): Linear(in_features=5, out_features=4, bias=True)
  (FC_input2): Linear(in_features=4, out_features=4, bias=True)
  (FC_mean): Linear(in_features=4, out_features=3, bias=True)
  (FC_var): Linear(in_features=4, out_features=3, bias=True)
  (LeakyReLU): LeakyReLU(negative_slope=0.01)
)
build_Decoder(
  (FC_hidden): Linear(in_features=3, out_features=4, bias=True)
  (FC_hidden2): Linear(in_features=4, out_features=4, bias=True)
  (FC_output): Linear(in_features=4, out_features=5, bias=True)
  (LeakyReLU): LeakyReLU(negative_slope=0.2)
)
epoch: 0
epoch_0_loss:  1.0575818394148293
epoch: 1
epoch_1_loss:  1.058892195187071
epoch: 2
epoch_2_loss:  1.05617195619591
epoch: 3
epoch_3_loss:  1.056153588342522
epoch: 4
epoch_4_loss:  1.0541531457514868
epoch: 5
epoch_5_loss:  1.0563495567705334
epoch: 6
epoch_6_loss:  1.0530264044988475
epoch: 7
epoch_7_loss:  1.0587576190849495
epoch: 8
epoch_8_loss:  1.0590293384972127
epoch: 9
epoch_9_loss:  1.0566825178662824
epoch: 10
epoch_10_loss:  1.058116874827614
epoch: 11
epoch_11_loss:  1.0546429685729828
epoch: 12
epoch_12_loss:  1.0582617600488853
epoch: 13
epoch_13_loss:  1.056482657661348
epoch: 14
epoch_14_loss:  1.05807162945617
[1.0575818394148293, 1.058892195187071, 1.05617195619591, 1.056153588342522, 1.0541531457514868, 1.0563495567705334, 1.0530264044988475, 1.0587576190849495, 1.0590293384972127, 1.0566825178662824, 1.058116874827614, 1.0546429685729828, 1.0582617600488853, 1.056482657661348, 1.05807162945617]
[I 2022-11-13 14:18:59,740] Trial 7 finished with value: 1.05807162945617 and parameters: {'optimizer': 'Adam', 'lr': 6.973463007424898e-05, 'hidden_dim': 4, 'latent_dim': 3}. Best is trial 7 with value: 1.05807162945617.
build_Encoder(
  (FC_input): Linear(in_features=5, out_features=4, bias=True)
  (FC_input2): Linear(in_features=4, out_features=4, bias=True)
  (FC_mean): Linear(in_features=4, out_features=5, bias=True)
  (FC_var): Linear(in_features=4, out_features=5, bias=True)
  (LeakyReLU): LeakyReLU(negative_slope=0.01)
)
build_Decoder(
  (FC_hidden): Linear(in_features=5, out_features=4, bias=True)
  (FC_hidden2): Linear(in_features=4, out_features=4, bias=True)
  (FC_output): Linear(in_features=4, out_features=5, bias=True)
  (LeakyReLU): LeakyReLU(negative_slope=0.2)
)
epoch: 0
epoch_0_loss:  1.144379369793259
epoch: 1
epoch_1_loss:  1.143096363534058
epoch: 2
epoch_2_loss:  1.144348053662294
epoch: 3
epoch_3_loss:  1.1413858168061068
epoch: 4
epoch_4_loss:  1.1447185297000833
epoch: 5
epoch_5_loss:  1.1438996174080114
epoch: 6
epoch_6_loss:  1.1449306655256064
epoch: 7
epoch_7_loss:  1.1431356397568522
epoch: 8
epoch_8_loss:  1.145183475545963
epoch: 9
epoch_9_loss:  1.141907567260315
epoch: 10
epoch_10_loss:  1.145388881365806
epoch: 11
epoch_11_loss:  1.1445299583104878
epoch: 12
epoch_12_loss:  1.1431288775803796
epoch: 13
epoch_13_loss:  1.1435261312428808
epoch: 14
epoch_14_loss:  1.1421979861292237
[1.144379369793259, 1.143096363534058, 1.144348053662294, 1.1413858168061068, 1.1447185297000833, 1.1438996174080114, 1.1449306655256064, 1.1431356397568522, 1.145183475545963, 1.141907567260315, 1.145388881365806, 1.1445299583104878, 1.1431288775803796, 1.1435261312428808, 1.1421979861292237]
build_Encoder(
  (FC_input): Linear(in_features=5, out_features=5, bias=True)
  (FC_input2): Linear(in_features=5, out_features=5, bias=True)
  (FC_mean): Linear(in_features=5, out_features=4, bias=True)
  (FC_var): Linear(in_features=5, out_features=4, bias=True)
  (LeakyReLU): LeakyReLU(negative_slope=0.01)
)
build_Decoder(
  (FC_hidden): Linear(in_features=4, out_features=5, bias=True)
  (FC_hidden2): Linear(in_features=5, out_features=5, bias=True)
  (FC_output): Linear(in_features=5, out_features=5, bias=True)
  (LeakyReLU): LeakyReLU(negative_slope=0.2)
)
epoch: 0
[I 2022-11-13 14:20:20,109] Trial 8 finished with value: 1.1421979861292237 and parameters: {'optimizer': 'Adam', 'lr': 4.179901485288251e-05, 'hidden_dim': 4, 'latent_dim': 5}. Best is trial 7 with value: 1.05807162945617.
epoch_0_loss:  1.0502428763742433
epoch: 1
epoch_1_loss:  1.0498986267169155
epoch: 2
epoch_2_loss:  1.0499081211229795
epoch: 3
epoch_3_loss:  1.0497406942598277
epoch: 4
epoch_4_loss:  1.0503217635778759
epoch: 5
epoch_5_loss:  1.0502659965140129
epoch: 6
epoch_6_loss:  1.0504528701178117
epoch: 7
epoch_7_loss:  1.0496741780465888
epoch: 8
epoch_8_loss:  1.050119956586801
epoch: 9
epoch_9_loss:  1.0504831490024729
epoch: 10
epoch_10_loss:  1.0497151937139346
epoch: 11
epoch_11_loss:  1.0489000665512664
epoch: 12
epoch_12_loss:  1.0500528360061083
epoch: 13
epoch_13_loss:  1.048977362097887
epoch: 14
epoch_14_loss:  1.0502429785452327
[1.0502428763742433, 1.0498986267169155, 1.0499081211229795, 1.0497406942598277, 1.0503217635778759, 1.0502659965140129, 1.0504528701178117, 1.0496741780465888, 1.050119956586801, 1.0504831490024729, 1.0497151937139346, 1.0489000665512664, 1.0500528360061083, 1.048977362097887, 1.0502429785452327]
[I 2022-11-13 14:21:40,325] Trial 9 finished with value: 1.0502429785452327 and parameters: {'optimizer': 'Adam', 'lr': 9.857309679577888e-05, 'hidden_dim': 5, 'latent_dim': 4}. Best is trial 9 with value: 1.0502429785452327.
build_Encoder(
  (FC_input): Linear(in_features=5, out_features=3, bias=True)
  (FC_input2): Linear(in_features=3, out_features=3, bias=True)
  (FC_mean): Linear(in_features=3, out_features=4, bias=True)
  (FC_var): Linear(in_features=3, out_features=4, bias=True)
  (LeakyReLU): LeakyReLU(negative_slope=0.01)
)
build_Decoder(
  (FC_hidden): Linear(in_features=4, out_features=3, bias=True)
  (FC_hidden2): Linear(in_features=3, out_features=3, bias=True)
  (FC_output): Linear(in_features=3, out_features=5, bias=True)
  (LeakyReLU): LeakyReLU(negative_slope=0.2)
)
epoch: 0
epoch_0_loss:  1.0839425602303705
epoch: 1
epoch_1_loss:  1.084244607035874
epoch: 2
epoch_2_loss:  1.0840490140222707
epoch: 3
epoch_3_loss:  1.0839629068629553
epoch: 4
epoch_4_loss:  1.085177782104066
epoch: 5
epoch_5_loss:  1.0840253556260406
epoch: 6
epoch_6_loss:  1.0842736506815327
epoch: 7
epoch_7_loss:  1.0837948335343395
epoch: 8
epoch_8_loss:  1.0823971080804753
epoch: 9
epoch_9_loss:  1.083941834885653
epoch: 10
epoch_10_loss:  1.0840005564562833
epoch: 11
epoch_11_loss:  1.0833644511344267
epoch: 12
epoch_12_loss:  1.083929751570527
epoch: 13
epoch_13_loss:  1.0827880975225948
epoch: 14
epoch_14_loss:  1.084645139489133
[1.0839425602303705, 1.084244607035874, 1.0840490140222707, 1.0839629068629553, 1.085177782104066, 1.0840253556260406, 1.0842736506815327, 1.0837948335343395, 1.0823971080804753, 1.083941834885653, 1.0840005564562833, 1.0833644511344267, 1.083929751570527, 1.0827880975225948, 1.084645139489133]
[I 2022-11-13 14:23:00,380] Trial 10 finished with value: 1.084645139489133 and parameters: {'optimizer': 'Adam', 'lr': 0.00021951650727357417, 'hidden_dim': 3, 'latent_dim': 4}. Best is trial 9 with value: 1.0502429785452327.
build_Encoder(
  (FC_input): Linear(in_features=5, out_features=3, bias=True)
  (FC_input2): Linear(in_features=3, out_features=3, bias=True)
  (FC_mean): Linear(in_features=3, out_features=3, bias=True)
  (FC_var): Linear(in_features=3, out_features=3, bias=True)
  (LeakyReLU): LeakyReLU(negative_slope=0.01)
)
build_Decoder(
  (FC_hidden): Linear(in_features=3, out_features=3, bias=True)
  (FC_hidden2): Linear(in_features=3, out_features=3, bias=True)
  (FC_output): Linear(in_features=3, out_features=5, bias=True)
  (LeakyReLU): LeakyReLU(negative_slope=0.2)
)
epoch: 0
epoch_0_loss:  1.3076527060216354
epoch: 1
epoch_1_loss:  1.3028836196902132
epoch: 2
epoch_2_loss:  1.3059191077614312
epoch: 3
epoch_3_loss:  1.3010599547658075
epoch: 4
epoch_4_loss:  1.302346887601082
epoch: 5
epoch_5_loss:  1.3062061002312133
epoch: 6
epoch_6_loss:  1.3012224222139332
epoch: 7
epoch_7_loss:  1.3002620158819793
epoch: 8
epoch_8_loss:  1.3001327835896046
epoch: 9
epoch_9_loss:  1.3048203271203154
epoch: 10
epoch_10_loss:  1.305365535906834
epoch: 11
epoch_11_loss:  1.3107629833356729
epoch: 12
epoch_12_loss:  1.301781555438204
epoch: 13
epoch_13_loss:  1.3037086658109864
epoch: 14
epoch_14_loss:  1.3086040757695077
[1.3076527060216354, 1.3028836196902132, 1.3059191077614312, 1.3010599547658075, 1.302346887601082, 1.3062061002312133, 1.3012224222139332, 1.3002620158819793, 1.3001327835896046, 1.3048203271203154, 1.305365535906834, 1.3107629833356729, 1.301781555438204, 1.3037086658109864, 1.3086040757695077]
[I 2022-11-13 14:24:20,327] Trial 11 finished with value: 1.3086040757695077 and parameters: {'optimizer': 'Adam', 'lr': 1.1013088714280672e-05, 'hidden_dim': 3, 'latent_dim': 3}. Best is trial 9 with value: 1.0502429785452327.
build_Encoder(
  (FC_input): Linear(in_features=5, out_features=5, bias=True)
  (FC_input2): Linear(in_features=5, out_features=5, bias=True)
  (FC_mean): Linear(in_features=5, out_features=3, bias=True)
  (FC_var): Linear(in_features=5, out_features=3, bias=True)
  (LeakyReLU): LeakyReLU(negative_slope=0.01)
)
build_Decoder(
  (FC_hidden): Linear(in_features=3, out_features=5, bias=True)
  (FC_hidden2): Linear(in_features=5, out_features=5, bias=True)
  (FC_output): Linear(in_features=5, out_features=5, bias=True)
  (LeakyReLU): LeakyReLU(negative_slope=0.2)
)
epoch: 0
epoch_0_loss:  1.0776537285965886
epoch: 1
epoch_1_loss:  1.0778827692745334
epoch: 2
epoch_2_loss:  1.0780793430519169
epoch: 3
epoch_3_loss:  1.0779199658162022
epoch: 4
epoch_4_loss:  1.0769978072018305
epoch: 5
epoch_5_loss:  1.078055080723511
epoch: 6
epoch_6_loss:  1.077994669801669
epoch: 7
epoch_7_loss:  1.077876597182323
epoch: 8
epoch_8_loss:  1.078138056468715
epoch: 9
epoch_9_loss:  1.0788640767400832
epoch: 10
epoch_10_loss:  1.0776930897714672
epoch: 11
epoch_11_loss:  1.0778984912330543
epoch: 12
epoch_12_loss:  1.0786347281709636
epoch: 13
epoch_13_loss:  1.0775904742812044
epoch: 14
epoch_14_loss:  1.0784148867888825
[1.0776537285965886, 1.0778827692745334, 1.0780793430519169, 1.0779199658162022, 1.0769978072018305, 1.078055080723511, 1.077994669801669, 1.077876597182323, 1.078138056468715, 1.0788640767400832, 1.0776930897714672, 1.0778984912330543, 1.0786347281709636, 1.0775904742812044, 1.0784148867888825]
[I 2022-11-13 14:25:40,457] Trial 12 finished with value: 1.0784148867888825 and parameters: {'optimizer': 'Adam', 'lr': 0.0002659675512136371, 'hidden_dim': 5, 'latent_dim': 3}. Best is trial 9 with value: 1.0502429785452327.
build_Encoder(
  (FC_input): Linear(in_features=5, out_features=3, bias=True)
  (FC_input2): Linear(in_features=3, out_features=3, bias=True)
  (FC_mean): Linear(in_features=3, out_features=4, bias=True)
  (FC_var): Linear(in_features=3, out_features=4, bias=True)
  (LeakyReLU): LeakyReLU(negative_slope=0.01)
)
build_Decoder(
  (FC_hidden): Linear(in_features=4, out_features=3, bias=True)
  (FC_hidden2): Linear(in_features=3, out_features=3, bias=True)
  (FC_output): Linear(in_features=3, out_features=5, bias=True)
  (LeakyReLU): LeakyReLU(negative_slope=0.2)
)
epoch: 0
epoch_0_loss:  1.1489741642518922
epoch: 1
epoch_1_loss:  1.146512093795221
epoch: 2
epoch_2_loss:  1.147555402277423
epoch: 3
epoch_3_loss:  1.147229506050958
epoch: 4
epoch_4_loss:  1.1472480727975927
epoch: 5
epoch_5_loss:  1.1459097117136041
epoch: 6
epoch_6_loss:  1.145963527643242
epoch: 7
epoch_7_loss:  1.1498048525457214
epoch: 8
epoch_8_loss:  1.1478108228910615
epoch: 9
epoch_9_loss:  1.1469382965742698
epoch: 10
epoch_10_loss:  1.147572887359196
epoch: 11
epoch_11_loss:  1.1479536389808938
epoch: 12
epoch_12_loss:  1.1482131728282794
epoch: 13
epoch_13_loss:  1.1466839020665331
epoch: 14
epoch_14_loss:  1.1481665557173966
[1.1489741642518922, 1.146512093795221, 1.147555402277423, 1.147229506050958, 1.1472480727975927, 1.1459097117136041, 1.145963527643242, 1.1498048525457214, 1.1478108228910615, 1.1469382965742698, 1.147572887359196, 1.1479536389808938, 1.1482131728282794, 1.1466839020665331, 1.1481665557173966]
[I 2022-11-13 14:27:00,507] Trial 13 finished with value: 1.1481665557173966 and parameters: {'optimizer': 'Adam', 'lr': 1.736117712820115e-05, 'hidden_dim': 3, 'latent_dim': 4}. Best is trial 9 with value: 1.0502429785452327.
build_Encoder(
  (FC_input): Linear(in_features=5, out_features=5, bias=True)
  (FC_input2): Linear(in_features=5, out_features=5, bias=True)
  (FC_mean): Linear(in_features=5, out_features=3, bias=True)
  (FC_var): Linear(in_features=5, out_features=3, bias=True)
  (LeakyReLU): LeakyReLU(negative_slope=0.01)
)
build_Decoder(
  (FC_hidden): Linear(in_features=3, out_features=5, bias=True)
  (FC_hidden2): Linear(in_features=5, out_features=5, bias=True)
  (FC_output): Linear(in_features=5, out_features=5, bias=True)
  (LeakyReLU): LeakyReLU(negative_slope=0.2)
)
epoch: 0
epoch_0_loss:  1.0781483911203433
epoch: 1
epoch_1_loss:  1.0784632171294515
epoch: 2
epoch_2_loss:  1.0783659481609464
epoch: 3
epoch_3_loss:  1.079245810929787
epoch: 4
epoch_4_loss:  1.0795206149437058
epoch: 5
epoch_5_loss:  1.0785858818336782
epoch: 6
epoch_6_loss:  1.0782146846063934
epoch: 7
epoch_7_loss:  1.0789005988428368
epoch: 8
epoch_8_loss:  1.0786033673033284
epoch: 9
epoch_9_loss:  1.0783748193848064
epoch: 10
epoch_10_loss:  1.0809481009381694
epoch: 11
epoch_11_loss:  1.0779525431705514
epoch: 12
epoch_12_loss:  1.0796602714248158
epoch: 13
epoch_13_loss:  1.0796542877735098
epoch: 14
epoch_14_loss:  1.0795131287849433
[1.0781483911203433, 1.0784632171294515, 1.0783659481609464, 1.079245810929787, 1.0795206149437058, 1.0785858818336782, 1.0782146846063934, 1.0789005988428368, 1.0786033673033284, 1.0783748193848064, 1.0809481009381694, 1.0779525431705514, 1.0796602714248158, 1.0796542877735098, 1.0795131287849433]
[I 2022-11-13 14:28:20,563] Trial 14 finished with value: 1.0795131287849433 and parameters: {'optimizer': 'Adam', 'lr': 0.00014943250506613476, 'hidden_dim': 5, 'latent_dim': 3}. Best is trial 9 with value: 1.0502429785452327.
build_Encoder(
  (FC_input): Linear(in_features=5, out_features=4, bias=True)
  (FC_input2): Linear(in_features=4, out_features=4, bias=True)
  (FC_mean): Linear(in_features=4, out_features=4, bias=True)
  (FC_var): Linear(in_features=4, out_features=4, bias=True)
  (LeakyReLU): LeakyReLU(negative_slope=0.01)
)
build_Decoder(
  (FC_hidden): Linear(in_features=4, out_features=4, bias=True)
  (FC_hidden2): Linear(in_features=4, out_features=4, bias=True)
  (FC_output): Linear(in_features=4, out_features=5, bias=True)
  (LeakyReLU): LeakyReLU(negative_slope=0.2)
)
epoch: 0
epoch_0_loss:  1.1156138130723157
epoch: 1
epoch_1_loss:  1.1168062214386756
epoch: 2
epoch_2_loss:  1.1153496297942727
epoch: 3
epoch_3_loss:  1.1161616365094071
epoch: 4
epoch_4_loss:  1.1153736864483947
epoch: 5
epoch_5_loss:  1.1162788859910577
epoch: 6
epoch_6_loss:  1.1151246639752035
epoch: 7
epoch_7_loss:  1.1162057014605231
epoch: 8
epoch_8_loss:  1.1159866361778925
epoch: 9
epoch_9_loss:  1.1171204269134984
epoch: 10
epoch_10_loss:  1.1150279162225771
epoch: 11
epoch_11_loss:  1.1149366685714561
epoch: 12
epoch_12_loss:  1.1145361972375776
epoch: 13
epoch_13_loss:  1.1155147403787673
epoch: 14
epoch_14_loss:  1.1145626488995188
[1.1156138130723157, 1.1168062214386756, 1.1153496297942727, 1.1161616365094071, 1.1153736864483947, 1.1162788859910577, 1.1151246639752035, 1.1162057014605231, 1.1159866361778925, 1.1171204269134984, 1.1150279162225771, 1.1149366685714561, 1.1145361972375776, 1.1155147403787673, 1.1145626488995188]
[I 2022-11-13 14:29:40,375] Trial 15 finished with value: 1.1145626488995188 and parameters: {'optimizer': 'Adam', 'lr': 0.00010019668487133952, 'hidden_dim': 4, 'latent_dim': 4}. Best is trial 9 with value: 1.0502429785452327.
build_Encoder(
  (FC_input): Linear(in_features=5, out_features=5, bias=True)
  (FC_input2): Linear(in_features=5, out_features=5, bias=True)
  (FC_mean): Linear(in_features=5, out_features=3, bias=True)
  (FC_var): Linear(in_features=5, out_features=3, bias=True)
  (LeakyReLU): LeakyReLU(negative_slope=0.01)
)
build_Decoder(
  (FC_hidden): Linear(in_features=3, out_features=5, bias=True)
  (FC_hidden2): Linear(in_features=5, out_features=5, bias=True)
  (FC_output): Linear(in_features=5, out_features=5, bias=True)
  (LeakyReLU): LeakyReLU(negative_slope=0.2)
)
epoch: 0
epoch_0_loss:  1.1129605031562633
epoch: 1
epoch_1_loss:  1.113102098521877
epoch: 2
epoch_2_loss:  1.114230730046511
epoch: 3
epoch_3_loss:  1.1141980075337634
epoch: 4
epoch_4_loss:  1.1128977693177111
epoch: 5
epoch_5_loss:  1.111485801840598
epoch: 6
epoch_6_loss:  1.114484262847514
epoch: 7
epoch_7_loss:  1.1155213654668257
epoch: 8
epoch_8_loss:  1.1127489322769861
epoch: 9
epoch_9_loss:  1.1145640928204346
epoch: 10
epoch_10_loss:  1.112697454324048
epoch: 11
epoch_11_loss:  1.1152173359858801
epoch: 12
epoch_12_loss:  1.113891858512338
epoch: 13
epoch_13_loss:  1.112580209257573
epoch: 14
epoch_14_loss:  1.1133129211294968
[1.1129605031562633, 1.113102098521877, 1.114230730046511, 1.1141980075337634, 1.1128977693177111, 1.111485801840598, 1.114484262847514, 1.1155213654668257, 1.1127489322769861, 1.1145640928204346, 1.112697454324048, 1.1152173359858801, 1.113891858512338, 1.112580209257573, 1.1133129211294968]
[I 2022-11-13 14:31:00,635] Trial 16 finished with value: 1.1133129211294968 and parameters: {'optimizer': 'Adam', 'lr': 0.00029282386075440265, 'hidden_dim': 5, 'latent_dim': 3}. Best is trial 9 with value: 1.0502429785452327.
build_Encoder(
  (FC_input): Linear(in_features=5, out_features=3, bias=True)
  (FC_input2): Linear(in_features=3, out_features=3, bias=True)
  (FC_mean): Linear(in_features=3, out_features=4, bias=True)
  (FC_var): Linear(in_features=3, out_features=4, bias=True)
  (LeakyReLU): LeakyReLU(negative_slope=0.01)
)
build_Decoder(
  (FC_hidden): Linear(in_features=4, out_features=3, bias=True)
  (FC_hidden2): Linear(in_features=3, out_features=3, bias=True)
  (FC_output): Linear(in_features=3, out_features=5, bias=True)
  (LeakyReLU): LeakyReLU(negative_slope=0.2)
)
epoch: 0
epoch_0_loss:  1.0790731847464612
epoch: 1
epoch_1_loss:  1.077832901200686
epoch: 2
epoch_2_loss:  1.0787685444942086
epoch: 3
epoch_3_loss:  1.0785620534676226
epoch: 4
epoch_4_loss:  1.0789071412134246
epoch: 5
epoch_5_loss:  1.078270395066004
epoch: 6
epoch_6_loss:  1.0777753702466835
epoch: 7
epoch_7_loss:  1.0797572441861238
epoch: 8
epoch_8_loss:  1.0785215934203873
epoch: 9
epoch_9_loss:  1.0797578236197694
epoch: 10
epoch_10_loss:  1.0790601055145899
epoch: 11
epoch_11_loss:  1.0791597094572507
epoch: 12
epoch_12_loss:  1.0791861699832521
epoch: 13
epoch_13_loss:  1.0789711912582753
epoch: 14
epoch_14_loss:  1.0787827883458725
[1.0790731847464612, 1.077832901200686, 1.0787685444942086, 1.0785620534676226, 1.0789071412134246, 1.078270395066004, 1.0777753702466835, 1.0797572441861238, 1.0785215934203873, 1.0797578236197694, 1.0790601055145899, 1.0791597094572507, 1.0791861699832521, 1.0789711912582753, 1.0787827883458725]
[I 2022-11-13 14:32:20,656] Trial 17 finished with value: 1.0787827883458725 and parameters: {'optimizer': 'Adam', 'lr': 2.4977546881991977e-05, 'hidden_dim': 3, 'latent_dim': 4}. Best is trial 9 with value: 1.0502429785452327.
build_Encoder(
  (FC_input): Linear(in_features=5, out_features=4, bias=True)
  (FC_input2): Linear(in_features=4, out_features=4, bias=True)
  (FC_mean): Linear(in_features=4, out_features=3, bias=True)
  (FC_var): Linear(in_features=4, out_features=3, bias=True)
  (LeakyReLU): LeakyReLU(negative_slope=0.01)
)
build_Decoder(
  (FC_hidden): Linear(in_features=3, out_features=4, bias=True)
  (FC_hidden2): Linear(in_features=4, out_features=4, bias=True)
  (FC_output): Linear(in_features=4, out_features=5, bias=True)
  (LeakyReLU): LeakyReLU(negative_slope=0.2)
)
epoch: 0
epoch_0_loss:  1.0390889217042463
epoch: 1
epoch_1_loss:  1.0389652578565713
epoch: 2
epoch_2_loss:  1.0381163959863466
epoch: 3
epoch_3_loss:  1.0386888339155929
epoch: 4
epoch_4_loss:  1.0378104187256063
epoch: 5
epoch_5_loss:  1.0391063034424657
epoch: 6
epoch_6_loss:  1.0380400767830495
epoch: 7
epoch_7_loss:  1.0383358555322357
epoch: 8
epoch_8_loss:  1.0390117519929065
epoch: 9
epoch_9_loss:  1.0390230671767233
epoch: 10
epoch_10_loss:  1.039424417519958
epoch: 11
epoch_11_loss:  1.0389750049722302
epoch: 12
epoch_12_loss:  1.0393782291651081
epoch: 13
epoch_13_loss:  1.0392603801574596
epoch: 14
epoch_14_loss:  1.0382107218962973
[1.0390889217042463, 1.0389652578565713, 1.0381163959863466, 1.0386888339155929, 1.0378104187256063, 1.0391063034424657, 1.0380400767830495, 1.0383358555322357, 1.0390117519929065, 1.0390230671767233, 1.039424417519958, 1.0389750049722302, 1.0393782291651081, 1.0392603801574596, 1.0382107218962973]
