[I 2022-11-13 12:43:00,505] Trial 109 finished with value: 1.0469818930948809 and parameters: {'optimizer': 'Adam', 'lr': 0.00029657116968970665, 'n_layers': 2, 'n_units_l0': 5, 'n_units_l1': 4}. Best is trial 101 with value: 1.0294992527642812.
Sequential(
  (0): Linear(in_features=5, out_features=4, bias=True)
  (1): ReLU()
  (2): Linear(in_features=4, out_features=4, bias=True)
  (3): ReLU()
)
Sequential(
  (0): Linear(in_features=4, out_features=4, bias=True)
  (1): ReLU()
  (2): Linear(in_features=4, out_features=5, bias=True)
)
epoch: 0
epoch_0_loss:  1.1016378248534477
epoch: 1
epoch_1_loss:  1.1016378248534477
epoch: 2
epoch_2_loss:  1.1016378248534477
epoch: 3
epoch_3_loss:  1.1016378248534477
epoch: 4
epoch_4_loss:  1.1016378248534477
epoch: 5
epoch_5_loss:  1.1016378248534477
epoch: 6
epoch_6_loss:  1.1016378248534477
epoch: 7
epoch_7_loss:  1.1016378248534477
epoch: 8
epoch_8_loss:  1.1016378248534477
epoch: 9
epoch_9_loss:  1.1016378248534477
epoch: 10
epoch_10_loss:  1.1016378248534477
epoch: 11
epoch_11_loss:  1.1016378248534477
epoch: 12
epoch_12_loss:  1.1016378248534477
epoch: 13
epoch_13_loss:  1.1016378248534477
epoch: 14
epoch_14_loss:  1.1016378248534477
[1.1016378248534477, 1.1016378248534477, 1.1016378248534477, 1.1016378248534477, 1.1016378248534477, 1.1016378248534477, 1.1016378248534477, 1.1016378248534477, 1.1016378248534477, 1.1016378248534477, 1.1016378248534477, 1.1016378248534477, 1.1016378248534477, 1.1016378248534477, 1.1016378248534477]
[I 2022-11-13 12:43:56,905] Trial 110 finished with value: 1.1016378248534477 and parameters: {'optimizer': 'Adam', 'lr': 0.0002913628584812935, 'n_layers': 2, 'n_units_l0': 4, 'n_units_l1': 4}. Best is trial 101 with value: 1.0294992527642812.
Sequential(
  (0): Linear(in_features=5, out_features=5, bias=True)
  (1): ReLU()
  (2): Linear(in_features=5, out_features=4, bias=True)
  (3): ReLU()
)
Sequential(
  (0): Linear(in_features=4, out_features=5, bias=True)
  (1): ReLU()
  (2): Linear(in_features=5, out_features=5, bias=True)
)
epoch: 0
epoch_0_loss:  1.0551293001154731
epoch: 1
epoch_1_loss:  1.0551293001154731
epoch: 2
epoch_2_loss:  1.0551293001154731
epoch: 3
epoch_3_loss:  1.0551293001154731
epoch: 4
epoch_4_loss:  1.0551293001154731
epoch: 5
epoch_5_loss:  1.0551293001154731
epoch: 6
epoch_6_loss:  1.0551293001154731
epoch: 7
epoch_7_loss:  1.0551293001154731
epoch: 8
epoch_8_loss:  1.0551293001154731
epoch: 9
epoch_9_loss:  1.0551293001154731
epoch: 10
epoch_10_loss:  1.0551293001154731
epoch: 11
epoch_11_loss:  1.0551293001154731
epoch: 12
epoch_12_loss:  1.0551293001154731
epoch: 13
epoch_13_loss:  1.0551293001154731
epoch: 14
epoch_14_loss:  1.0551293001154731
[1.0551293001154731, 1.0551293001154731, 1.0551293001154731, 1.0551293001154731, 1.0551293001154731, 1.0551293001154731, 1.0551293001154731, 1.0551293001154731, 1.0551293001154731, 1.0551293001154731, 1.0551293001154731, 1.0551293001154731, 1.0551293001154731, 1.0551293001154731, 1.0551293001154731]
[I 2022-11-13 12:44:53,278] Trial 111 finished with value: 1.0551293001154731 and parameters: {'optimizer': 'Adam', 'lr': 0.000527054373161758, 'n_layers': 2, 'n_units_l0': 5, 'n_units_l1': 4}. Best is trial 101 with value: 1.0294992527642812.
Sequential(
  (0): Linear(in_features=5, out_features=5, bias=True)
  (1): ReLU()
  (2): Linear(in_features=5, out_features=4, bias=True)
  (3): ReLU()
)
Sequential(
  (0): Linear(in_features=4, out_features=5, bias=True)
  (1): ReLU()
  (2): Linear(in_features=5, out_features=5, bias=True)
)
epoch: 0
epoch_0_loss:  1.1442395345855831
epoch: 1
epoch_1_loss:  1.1442395345855831
epoch: 2
epoch_2_loss:  1.1442395345855831
epoch: 3
epoch_3_loss:  1.1442395345855831
epoch: 4
epoch_4_loss:  1.1442395345855831
epoch: 5
epoch_5_loss:  1.1442395345855831
epoch: 6
epoch_6_loss:  1.1442395345855831
epoch: 7
epoch_7_loss:  1.1442395345855831
epoch: 8
epoch_8_loss:  1.1442395345855831
epoch: 9
epoch_9_loss:  1.1442395345855831
epoch: 10
epoch_10_loss:  1.1442395345855831
epoch: 11
epoch_11_loss:  1.1442395345855831
epoch: 12
epoch_12_loss:  1.1442395345855831
epoch: 13
epoch_13_loss:  1.1442395345855831
epoch: 14
epoch_14_loss:  1.1442395345855831
[1.1442395345855831, 1.1442395345855831, 1.1442395345855831, 1.1442395345855831, 1.1442395345855831, 1.1442395345855831, 1.1442395345855831, 1.1442395345855831, 1.1442395345855831, 1.1442395345855831, 1.1442395345855831, 1.1442395345855831, 1.1442395345855831, 1.1442395345855831, 1.1442395345855831]
[I 2022-11-13 12:45:49,550] Trial 112 finished with value: 1.1442395345855831 and parameters: {'optimizer': 'Adam', 'lr': 0.00027339707548144947, 'n_layers': 2, 'n_units_l0': 5, 'n_units_l1': 4}. Best is trial 101 with value: 1.0294992527642812.
Sequential(
  (0): Linear(in_features=5, out_features=5, bias=True)
  (1): ReLU()
  (2): Linear(in_features=5, out_features=4, bias=True)
  (3): ReLU()
)
Sequential(
  (0): Linear(in_features=4, out_features=5, bias=True)
  (1): ReLU()
  (2): Linear(in_features=5, out_features=5, bias=True)
)
epoch: 0
epoch_0_loss:  1.14083712369238
epoch: 1
epoch_1_loss:  1.14083712369238
epoch: 2
epoch_2_loss:  1.14083712369238
epoch: 3
epoch_3_loss:  1.14083712369238
epoch: 4
epoch_4_loss:  1.14083712369238
epoch: 5
epoch_5_loss:  1.14083712369238
epoch: 6
epoch_6_loss:  1.14083712369238
epoch: 7
epoch_7_loss:  1.14083712369238
epoch: 8
epoch_8_loss:  1.14083712369238
epoch: 9
epoch_9_loss:  1.14083712369238
epoch: 10
epoch_10_loss:  1.14083712369238
epoch: 11
epoch_11_loss:  1.14083712369238
epoch: 12
epoch_12_loss:  1.14083712369238
epoch: 13
epoch_13_loss:  1.14083712369238
epoch: 14
epoch_14_loss:  1.14083712369238
[1.14083712369238, 1.14083712369238, 1.14083712369238, 1.14083712369238, 1.14083712369238, 1.14083712369238, 1.14083712369238, 1.14083712369238, 1.14083712369238, 1.14083712369238, 1.14083712369238, 1.14083712369238, 1.14083712369238, 1.14083712369238, 1.14083712369238]
[I 2022-11-13 12:46:45,986] Trial 113 finished with value: 1.14083712369238 and parameters: {'optimizer': 'Adam', 'lr': 0.00030092463176847206, 'n_layers': 2, 'n_units_l0': 5, 'n_units_l1': 4}. Best is trial 101 with value: 1.0294992527642812.
Sequential(
  (0): Linear(in_features=5, out_features=5, bias=True)
  (1): ReLU()
  (2): Linear(in_features=5, out_features=5, bias=True)
  (3): ReLU()
)
Sequential(
  (0): Linear(in_features=5, out_features=5, bias=True)
  (1): ReLU()
  (2): Linear(in_features=5, out_features=5, bias=True)
)
epoch: 0
epoch_0_loss:  1.10149265993809
epoch: 1
epoch_1_loss:  1.10149265993809
epoch: 2
epoch_2_loss:  1.10149265993809
epoch: 3
epoch_3_loss:  1.10149265993809
epoch: 4
epoch_4_loss:  1.10149265993809
epoch: 5
epoch_5_loss:  1.10149265993809
epoch: 6
epoch_6_loss:  1.10149265993809
epoch: 7
epoch_7_loss:  1.10149265993809
epoch: 8
epoch_8_loss:  1.10149265993809
epoch: 9
epoch_9_loss:  1.10149265993809
epoch: 10
epoch_10_loss:  1.10149265993809
epoch: 11
epoch_11_loss:  1.10149265993809
epoch: 12
epoch_12_loss:  1.10149265993809
epoch: 13
epoch_13_loss:  1.10149265993809
epoch: 14
epoch_14_loss:  1.10149265993809
[1.10149265993809, 1.10149265993809, 1.10149265993809, 1.10149265993809, 1.10149265993809, 1.10149265993809, 1.10149265993809, 1.10149265993809, 1.10149265993809, 1.10149265993809, 1.10149265993809, 1.10149265993809, 1.10149265993809, 1.10149265993809, 1.10149265993809]
[I 2022-11-13 12:47:42,168] Trial 114 finished with value: 1.10149265993809 and parameters: {'optimizer': 'Adam', 'lr': 0.0003567567232189351, 'n_layers': 2, 'n_units_l0': 5, 'n_units_l1': 5}. Best is trial 101 with value: 1.0294992527642812.
Sequential(
  (0): Linear(in_features=5, out_features=5, bias=True)
  (1): ReLU()
  (2): Linear(in_features=5, out_features=4, bias=True)
  (3): ReLU()
)
Sequential(
  (0): Linear(in_features=4, out_features=5, bias=True)
  (1): ReLU()
  (2): Linear(in_features=5, out_features=5, bias=True)
)
epoch: 0
epoch_0_loss:  1.045922302900472
epoch: 1
epoch_1_loss:  1.045922302900472
epoch: 2
epoch_2_loss:  1.045922302900472
epoch: 3
epoch_3_loss:  1.045922302900472
epoch: 4
epoch_4_loss:  1.045922302900472
epoch: 5
epoch_5_loss:  1.045922302900472
epoch: 6
epoch_6_loss:  1.045922302900472
epoch: 7
epoch_7_loss:  1.045922302900472
epoch: 8
epoch_8_loss:  1.045922302900472
epoch: 9
epoch_9_loss:  1.045922302900472
epoch: 10
epoch_10_loss:  1.045922302900472
epoch: 11
epoch_11_loss:  1.045922302900472
epoch: 12
epoch_12_loss:  1.045922302900472
epoch: 13
epoch_13_loss:  1.045922302900472
epoch: 14
epoch_14_loss:  1.045922302900472
[1.045922302900472, 1.045922302900472, 1.045922302900472, 1.045922302900472, 1.045922302900472, 1.045922302900472, 1.045922302900472, 1.045922302900472, 1.045922302900472, 1.045922302900472, 1.045922302900472, 1.045922302900472, 1.045922302900472, 1.045922302900472, 1.045922302900472]
[I 2022-11-13 12:48:38,427] Trial 115 finished with value: 1.045922302900472 and parameters: {'optimizer': 'Adam', 'lr': 0.00022815837511300992, 'n_layers': 2, 'n_units_l0': 5, 'n_units_l1': 4}. Best is trial 101 with value: 1.0294992527642812.
Sequential(
  (0): Linear(in_features=5, out_features=5, bias=True)
  (1): ReLU()
  (2): Linear(in_features=5, out_features=4, bias=True)
  (3): ReLU()
)
Sequential(
  (0): Linear(in_features=4, out_features=5, bias=True)
  (1): ReLU()
  (2): Linear(in_features=5, out_features=5, bias=True)
)
epoch: 0
epoch_0_loss:  1.0845451179191703
epoch: 1
epoch_1_loss:  1.0845451179191703
epoch: 2
epoch_2_loss:  1.0845451179191703
epoch: 3
epoch_3_loss:  1.0845451179191703
epoch: 4
epoch_4_loss:  1.0845451179191703
epoch: 5
epoch_5_loss:  1.0845451179191703
epoch: 6
epoch_6_loss:  1.0845451179191703
epoch: 7
epoch_7_loss:  1.0845451179191703
epoch: 8
epoch_8_loss:  1.0845451179191703
epoch: 9
epoch_9_loss:  1.0845451179191703
epoch: 10
epoch_10_loss:  1.0845451179191703
epoch: 11
epoch_11_loss:  1.0845451179191703
epoch: 12
epoch_12_loss:  1.0845451179191703
epoch: 13
epoch_13_loss:  1.0845451179191703
epoch: 14
epoch_14_loss:  1.0845451179191703
[1.0845451179191703, 1.0845451179191703, 1.0845451179191703, 1.0845451179191703, 1.0845451179191703, 1.0845451179191703, 1.0845451179191703, 1.0845451179191703, 1.0845451179191703, 1.0845451179191703, 1.0845451179191703, 1.0845451179191703, 1.0845451179191703, 1.0845451179191703, 1.0845451179191703]
[I 2022-11-13 12:49:34,750] Trial 116 finished with value: 1.0845451179191703 and parameters: {'optimizer': 'Adam', 'lr': 0.00023962197940545135, 'n_layers': 2, 'n_units_l0': 5, 'n_units_l1': 4}. Best is trial 101 with value: 1.0294992527642812.
Sequential(
  (0): Linear(in_features=5, out_features=4, bias=True)
  (1): ReLU()
  (2): Linear(in_features=4, out_features=4, bias=True)
  (3): ReLU()
)
Sequential(
  (0): Linear(in_features=4, out_features=4, bias=True)
  (1): ReLU()
  (2): Linear(in_features=4, out_features=5, bias=True)
)
epoch: 0
epoch_0_loss:  1.0564110509626665
epoch: 1
epoch_1_loss:  1.0564110509626665
epoch: 2
epoch_2_loss:  1.0564110509626665
epoch: 3
epoch_3_loss:  1.0564110509626665
epoch: 4
epoch_4_loss:  1.0564110509626665
epoch: 5
epoch_5_loss:  1.0564110509626665
epoch: 6
epoch_6_loss:  1.0564110509626665
epoch: 7
epoch_7_loss:  1.0564110509626665
epoch: 8
epoch_8_loss:  1.0564110509626665
epoch: 9
epoch_9_loss:  1.0564110509626665
epoch: 10
epoch_10_loss:  1.0564110509626665
epoch: 11
epoch_11_loss:  1.0564110509626665
epoch: 12
epoch_12_loss:  1.0564110509626665
epoch: 13
epoch_13_loss:  1.0564110509626665
epoch: 14
epoch_14_loss:  1.0564110509626665
[1.0564110509626665, 1.0564110509626665, 1.0564110509626665, 1.0564110509626665, 1.0564110509626665, 1.0564110509626665, 1.0564110509626665, 1.0564110509626665, 1.0564110509626665, 1.0564110509626665, 1.0564110509626665, 1.0564110509626665, 1.0564110509626665, 1.0564110509626665, 1.0564110509626665]
[I 2022-11-13 12:50:30,914] Trial 117 finished with value: 1.0564110509626665 and parameters: {'optimizer': 'Adam', 'lr': 0.0004375853827998713, 'n_layers': 2, 'n_units_l0': 4, 'n_units_l1': 4}. Best is trial 101 with value: 1.0294992527642812.
Sequential(
  (0): Linear(in_features=5, out_features=5, bias=True)
  (1): ReLU()
  (2): Linear(in_features=5, out_features=4, bias=True)
  (3): ReLU()
)
Sequential(
  (0): Linear(in_features=4, out_features=5, bias=True)
  (1): ReLU()
  (2): Linear(in_features=5, out_features=5, bias=True)
)
epoch: 0
epoch_0_loss:  1.152897850174777
epoch: 1
epoch_1_loss:  1.152897850174777
epoch: 2
epoch_2_loss:  1.152897850174777
epoch: 3
epoch_3_loss:  1.152897850174777
epoch: 4
epoch_4_loss:  1.152897850174777
epoch: 5
epoch_5_loss:  1.152897850174777
epoch: 6
epoch_6_loss:  1.152897850174777
epoch: 7
epoch_7_loss:  1.152897850174777
epoch: 8
epoch_8_loss:  1.152897850174777
epoch: 9
epoch_9_loss:  1.152897850174777
epoch: 10
epoch_10_loss:  1.152897850174777
epoch: 11
epoch_11_loss:  1.152897850174777
epoch: 12
epoch_12_loss:  1.152897850174777
epoch: 13
epoch_13_loss:  1.152897850174777
epoch: 14
epoch_14_loss:  1.152897850174777
[1.152897850174777, 1.152897850174777, 1.152897850174777, 1.152897850174777, 1.152897850174777, 1.152897850174777, 1.152897850174777, 1.152897850174777, 1.152897850174777, 1.152897850174777, 1.152897850174777, 1.152897850174777, 1.152897850174777, 1.152897850174777, 1.152897850174777]
[I 2022-11-13 12:51:27,277] Trial 118 finished with value: 1.152897850174777 and parameters: {'optimizer': 'Adam', 'lr': 0.00013008893886989043, 'n_layers': 2, 'n_units_l0': 5, 'n_units_l1': 4}. Best is trial 101 with value: 1.0294992527642812.
Sequential(
  (0): Linear(in_features=5, out_features=5, bias=True)
  (1): ReLU()
)
Sequential(
  (0): Linear(in_features=5, out_features=5, bias=True)
)
epoch: 0
epoch_0_loss:  1.1600453571018194
epoch: 1
epoch_1_loss:  1.1600453571018194
epoch: 2
epoch_2_loss:  1.1600453571018194
epoch: 3
epoch_3_loss:  1.1600453571018194
epoch: 4
epoch_4_loss:  1.1600453571018194
epoch: 5
epoch_5_loss:  1.1600453571018194
epoch: 6
epoch_6_loss:  1.1600453571018194
epoch: 7
epoch_7_loss:  1.1600453571018194
epoch: 8
epoch_8_loss:  1.1600453571018194
epoch: 9
epoch_9_loss:  1.1600453571018194
epoch: 10
epoch_10_loss:  1.1600453571018194
epoch: 11
epoch_11_loss:  1.1600453571018194
epoch: 12
epoch_12_loss:  1.1600453571018194
epoch: 13
epoch_13_loss:  1.1600453571018194
epoch: 14
epoch_14_loss:  1.1600453571018194
[1.1600453571018194, 1.1600453571018194, 1.1600453571018194, 1.1600453571018194, 1.1600453571018194, 1.1600453571018194, 1.1600453571018194, 1.1600453571018194, 1.1600453571018194, 1.1600453571018194, 1.1600453571018194, 1.1600453571018194, 1.1600453571018194, 1.1600453571018194, 1.1600453571018194]
[I 2022-11-13 12:52:11,230] Trial 119 finished with value: 1.1600453571018194 and parameters: {'optimizer': 'Adam', 'lr': 0.00019749139117026504, 'n_layers': 1, 'n_units_l0': 5}. Best is trial 101 with value: 1.0294992527642812.
Sequential(
  (0): Linear(in_features=5, out_features=5, bias=True)
  (1): ReLU()
  (2): Linear(in_features=5, out_features=4, bias=True)
  (3): ReLU()
)
Sequential(
  (0): Linear(in_features=4, out_features=5, bias=True)
  (1): ReLU()
  (2): Linear(in_features=5, out_features=5, bias=True)
)
epoch: 0
epoch_0_loss:  1.140019368419689
epoch: 1
epoch_1_loss:  1.140019368419689
epoch: 2
epoch_2_loss:  1.140019368419689
epoch: 3
epoch_3_loss:  1.140019368419689
epoch: 4
epoch_4_loss:  1.140019368419689
epoch: 5
epoch_5_loss:  1.140019368419689
epoch: 6
epoch_6_loss:  1.140019368419689
epoch: 7
epoch_7_loss:  1.140019368419689
epoch: 8
epoch_8_loss:  1.140019368419689
epoch: 9
epoch_9_loss:  1.140019368419689
epoch: 10
epoch_10_loss:  1.140019368419689
epoch: 11
epoch_11_loss:  1.140019368419689
epoch: 12
epoch_12_loss:  1.140019368419689
epoch: 13
epoch_13_loss:  1.140019368419689
epoch: 14
epoch_14_loss:  1.140019368419689
[1.140019368419689, 1.140019368419689, 1.140019368419689, 1.140019368419689, 1.140019368419689, 1.140019368419689, 1.140019368419689, 1.140019368419689, 1.140019368419689, 1.140019368419689, 1.140019368419689, 1.140019368419689, 1.140019368419689, 1.140019368419689, 1.140019368419689]
[I 2022-11-13 12:53:07,214] Trial 120 finished with value: 1.140019368419689 and parameters: {'optimizer': 'Adam', 'lr': 0.00014977579706308816, 'n_layers': 2, 'n_units_l0': 5, 'n_units_l1': 4}. Best is trial 101 with value: 1.0294992527642812.
Sequential(
  (0): Linear(in_features=5, out_features=5, bias=True)
  (1): ReLU()
  (2): Linear(in_features=5, out_features=5, bias=True)
  (3): ReLU()
)
Sequential(
  (0): Linear(in_features=5, out_features=5, bias=True)
  (1): ReLU()
  (2): Linear(in_features=5, out_features=5, bias=True)
)
epoch: 0
epoch_0_loss:  1.102915836749554
epoch: 1
epoch_1_loss:  1.102915836749554
epoch: 2
epoch_2_loss:  1.102915836749554
epoch: 3
epoch_3_loss:  1.102915836749554
epoch: 4
epoch_4_loss:  1.102915836749554
epoch: 5
epoch_5_loss:  1.102915836749554
epoch: 6
epoch_6_loss:  1.102915836749554
epoch: 7
epoch_7_loss:  1.102915836749554
epoch: 8
epoch_8_loss:  1.102915836749554
epoch: 9
epoch_9_loss:  1.102915836749554
epoch: 10
epoch_10_loss:  1.102915836749554
epoch: 11
epoch_11_loss:  1.102915836749554
epoch: 12
epoch_12_loss:  1.102915836749554
epoch: 13
epoch_13_loss:  1.102915836749554
epoch: 14
epoch_14_loss:  1.102915836749554
[1.102915836749554, 1.102915836749554, 1.102915836749554, 1.102915836749554, 1.102915836749554, 1.102915836749554, 1.102915836749554, 1.102915836749554, 1.102915836749554, 1.102915836749554, 1.102915836749554, 1.102915836749554, 1.102915836749554, 1.102915836749554, 1.102915836749554]
[I 2022-11-13 12:54:03,529] Trial 121 finished with value: 1.102915836749554 and parameters: {'optimizer': 'Adam', 'lr': 0.00025471429119672696, 'n_layers': 2, 'n_units_l0': 5, 'n_units_l1': 5}. Best is trial 101 with value: 1.0294992527642812.
Sequential(
  (0): Linear(in_features=5, out_features=5, bias=True)
  (1): ReLU()
  (2): Linear(in_features=5, out_features=4, bias=True)
  (3): ReLU()
)
Sequential(
  (0): Linear(in_features=4, out_features=5, bias=True)
  (1): ReLU()
  (2): Linear(in_features=5, out_features=5, bias=True)
)
epoch: 0
epoch_0_loss:  1.048357064094529
epoch: 1
epoch_1_loss:  1.048357064094529
epoch: 2
epoch_2_loss:  1.048357064094529
epoch: 3
epoch_3_loss:  1.048357064094529
epoch: 4
epoch_4_loss:  1.048357064094529
epoch: 5
epoch_5_loss:  1.048357064094529
epoch: 6
epoch_6_loss:  1.048357064094529
epoch: 7
epoch_7_loss:  1.048357064094529
epoch: 8
epoch_8_loss:  1.048357064094529
epoch: 9
epoch_9_loss:  1.048357064094529
epoch: 10
epoch_10_loss:  1.048357064094529
epoch: 11
epoch_11_loss:  1.048357064094529
epoch: 12
epoch_12_loss:  1.048357064094529
epoch: 13
epoch_13_loss:  1.048357064094529
epoch: 14
epoch_14_loss:  1.048357064094529
[1.048357064094529, 1.048357064094529, 1.048357064094529, 1.048357064094529, 1.048357064094529, 1.048357064094529, 1.048357064094529, 1.048357064094529, 1.048357064094529, 1.048357064094529, 1.048357064094529, 1.048357064094529, 1.048357064094529, 1.048357064094529, 1.048357064094529]
[I 2022-11-13 12:54:59,821] Trial 122 finished with value: 1.048357064094529 and parameters: {'optimizer': 'Adam', 'lr': 0.0002236293682250878, 'n_layers': 2, 'n_units_l0': 5, 'n_units_l1': 4}. Best is trial 101 with value: 1.0294992527642812.
Sequential(
  (0): Linear(in_features=5, out_features=5, bias=True)
  (1): ReLU()
  (2): Linear(in_features=5, out_features=4, bias=True)
  (3): ReLU()
)
Sequential(
  (0): Linear(in_features=4, out_features=5, bias=True)
  (1): ReLU()
  (2): Linear(in_features=5, out_features=5, bias=True)
)
epoch: 0
epoch_0_loss:  1.1901183770197536
epoch: 1
epoch_1_loss:  1.1901183770197536
epoch: 2
epoch_2_loss:  1.1901183770197536
epoch: 3
epoch_3_loss:  1.1901183770197536
epoch: 4
epoch_4_loss:  1.1901183770197536
epoch: 5
epoch_5_loss:  1.1901183770197536
epoch: 6
epoch_6_loss:  1.1901183770197536
epoch: 7
epoch_7_loss:  1.1901183770197536
epoch: 8
epoch_8_loss:  1.1901183770197536
epoch: 9
epoch_9_loss:  1.1901183770197536
epoch: 10
epoch_10_loss:  1.1901183770197536
epoch: 11
epoch_11_loss:  1.1901183770197536
epoch: 12
epoch_12_loss:  1.1901183770197536
epoch: 13
epoch_13_loss:  1.1901183770197536
epoch: 14
epoch_14_loss:  1.1901183770197536
[1.1901183770197536, 1.1901183770197536, 1.1901183770197536, 1.1901183770197536, 1.1901183770197536, 1.1901183770197536, 1.1901183770197536, 1.1901183770197536, 1.1901183770197536, 1.1901183770197536, 1.1901183770197536, 1.1901183770197536, 1.1901183770197536, 1.1901183770197536, 1.1901183770197536]
[I 2022-11-13 12:55:56,246] Trial 123 finished with value: 1.1901183770197536 and parameters: {'optimizer': 'Adam', 'lr': 0.00033091277850263214, 'n_layers': 2, 'n_units_l0': 5, 'n_units_l1': 4}. Best is trial 101 with value: 1.0294992527642812.
Sequential(
  (0): Linear(in_features=5, out_features=5, bias=True)
  (1): ReLU()
  (2): Linear(in_features=5, out_features=4, bias=True)
  (3): ReLU()
)
Sequential(
  (0): Linear(in_features=4, out_features=5, bias=True)
  (1): ReLU()
  (2): Linear(in_features=5, out_features=5, bias=True)
)
epoch: 0
epoch_0_loss:  1.1238833727553441
epoch: 1
epoch_1_loss:  1.1238833727553441
epoch: 2
epoch_2_loss:  1.1238833727553441
epoch: 3
epoch_3_loss:  1.1238833727553441
epoch: 4
epoch_4_loss:  1.1238833727553441
epoch: 5
epoch_5_loss:  1.1238833727553441
epoch: 6
epoch_6_loss:  1.1238833727553441
epoch: 7
epoch_7_loss:  1.1238833727553441
epoch: 8
epoch_8_loss:  1.1238833727553441
epoch: 9
epoch_9_loss:  1.1238833727553441
epoch: 10
epoch_10_loss:  1.1238833727553441
epoch: 11
epoch_11_loss:  1.1238833727553441
epoch: 12
epoch_12_loss:  1.1238833727553441
epoch: 13
epoch_13_loss:  1.1238833727553441
epoch: 14
epoch_14_loss:  1.1238833727553441
[1.1238833727553441, 1.1238833727553441, 1.1238833727553441, 1.1238833727553441, 1.1238833727553441, 1.1238833727553441, 1.1238833727553441, 1.1238833727553441, 1.1238833727553441, 1.1238833727553441, 1.1238833727553441, 1.1238833727553441, 1.1238833727553441, 1.1238833727553441, 1.1238833727553441]
