[I 2022-11-13 11:48:09,391] Trial 53 finished with value: 1.0915163317567467 and parameters: {'optimizer': 'Adam', 'lr': 4.505367712449648e-05, 'n_layers': 3, 'n_units_l0': 3, 'n_units_l1': 3, 'n_units_l2': 3}. Best is trial 26 with value: 1.034786592180601.
Sequential(
  (0): Linear(in_features=5, out_features=3, bias=True)
  (1): ReLU()
  (2): Linear(in_features=3, out_features=2, bias=True)
  (3): ReLU()
  (4): Linear(in_features=2, out_features=1, bias=True)
  (5): ReLU()
)
Sequential(
  (0): Linear(in_features=1, out_features=2, bias=True)
  (1): ReLU()
  (2): Linear(in_features=2, out_features=3, bias=True)
  (3): ReLU()
  (4): Linear(in_features=3, out_features=5, bias=True)
)
epoch: 0
epoch_0_loss:  1.0786008193073895
epoch: 1
epoch_1_loss:  1.0786008193073895
epoch: 2
epoch_2_loss:  1.0786008193073895
epoch: 3
epoch_3_loss:  1.0786008193073895
epoch: 4
epoch_4_loss:  1.0786008193073895
epoch: 5
epoch_5_loss:  1.0786008193073895
epoch: 6
epoch_6_loss:  1.0786008193073895
epoch: 7
epoch_7_loss:  1.0786008193073895
epoch: 8
epoch_8_loss:  1.0786008193073895
epoch: 9
epoch_9_loss:  1.0786008193073895
epoch: 10
epoch_10_loss:  1.0786008193073895
epoch: 11
epoch_11_loss:  1.0786008193073895
epoch: 12
epoch_12_loss:  1.0786008193073895
epoch: 13
epoch_13_loss:  1.0786008193073895
epoch: 14
epoch_14_loss:  1.0786008193073895
[1.0786008193073895, 1.0786008193073895, 1.0786008193073895, 1.0786008193073895, 1.0786008193073895, 1.0786008193073895, 1.0786008193073895, 1.0786008193073895, 1.0786008193073895, 1.0786008193073895, 1.0786008193073895, 1.0786008193073895, 1.0786008193073895, 1.0786008193073895, 1.0786008193073895]
[I 2022-11-13 11:49:18,344] Trial 54 finished with value: 1.0786008193073895 and parameters: {'optimizer': 'Adam', 'lr': 3.520058126340565e-05, 'n_layers': 3, 'n_units_l0': 3, 'n_units_l1': 2, 'n_units_l2': 1}. Best is trial 26 with value: 1.034786592180601.
Sequential(
  (0): Linear(in_features=5, out_features=4, bias=True)
  (1): ReLU()
  (2): Linear(in_features=4, out_features=3, bias=True)
  (3): ReLU()
  (4): Linear(in_features=3, out_features=2, bias=True)
  (5): ReLU()
)
Sequential(
  (0): Linear(in_features=2, out_features=3, bias=True)
  (1): ReLU()
  (2): Linear(in_features=3, out_features=4, bias=True)
  (3): ReLU()
  (4): Linear(in_features=4, out_features=5, bias=True)
)
epoch: 0
epoch_0_loss:  1.088810401750367
epoch: 1
epoch_1_loss:  1.088810401750367
epoch: 2
epoch_2_loss:  1.088810401750367
epoch: 3
epoch_3_loss:  1.088810401750367
epoch: 4
epoch_4_loss:  1.088810401750367
epoch: 5
epoch_5_loss:  1.088810401750367
epoch: 6
epoch_6_loss:  1.088810401750367
epoch: 7
epoch_7_loss:  1.088810401750367
epoch: 8
epoch_8_loss:  1.088810401750367
epoch: 9
epoch_9_loss:  1.088810401750367
epoch: 10
epoch_10_loss:  1.088810401750367
epoch: 11
epoch_11_loss:  1.088810401750367
epoch: 12
epoch_12_loss:  1.088810401750367
epoch: 13
epoch_13_loss:  1.088810401750367
epoch: 14
epoch_14_loss:  1.088810401750367
[1.088810401750367, 1.088810401750367, 1.088810401750367, 1.088810401750367, 1.088810401750367, 1.088810401750367, 1.088810401750367, 1.088810401750367, 1.088810401750367, 1.088810401750367, 1.088810401750367, 1.088810401750367, 1.088810401750367, 1.088810401750367, 1.088810401750367]
[I 2022-11-13 11:50:27,390] Trial 55 finished with value: 1.088810401750367 and parameters: {'optimizer': 'Adam', 'lr': 0.00021564140562905512, 'n_layers': 3, 'n_units_l0': 4, 'n_units_l1': 3, 'n_units_l2': 2}. Best is trial 26 with value: 1.034786592180601.
Sequential(
  (0): Linear(in_features=5, out_features=3, bias=True)
  (1): ReLU()
  (2): Linear(in_features=3, out_features=4, bias=True)
  (3): ReLU()
  (4): Linear(in_features=4, out_features=3, bias=True)
  (5): ReLU()
)
Sequential(
  (0): Linear(in_features=3, out_features=4, bias=True)
  (1): ReLU()
  (2): Linear(in_features=4, out_features=3, bias=True)
  (3): ReLU()
  (4): Linear(in_features=3, out_features=5, bias=True)
)
epoch: 0
epoch_0_loss:  1.2587356753991585
epoch: 1
epoch_1_loss:  1.2587356753991585
epoch: 2
epoch_2_loss:  1.2587356753991585
epoch: 3
epoch_3_loss:  1.2587356753991585
epoch: 4
epoch_4_loss:  1.2587356753991585
epoch: 5
epoch_5_loss:  1.2587356753991585
epoch: 6
epoch_6_loss:  1.2587356753991585
epoch: 7
epoch_7_loss:  1.2587356753991585
epoch: 8
epoch_8_loss:  1.2587356753991585
epoch: 9
epoch_9_loss:  1.2587356753991585
epoch: 10
epoch_10_loss:  1.2587356753991585
epoch: 11
epoch_11_loss:  1.2587356753991585
epoch: 12
epoch_12_loss:  1.2587356753991585
epoch: 13
epoch_13_loss:  1.2587356753991585
epoch: 14
epoch_14_loss:  1.2587356753991585
[1.2587356753991585, 1.2587356753991585, 1.2587356753991585, 1.2587356753991585, 1.2587356753991585, 1.2587356753991585, 1.2587356753991585, 1.2587356753991585, 1.2587356753991585, 1.2587356753991585, 1.2587356753991585, 1.2587356753991585, 1.2587356753991585, 1.2587356753991585, 1.2587356753991585]
[I 2022-11-13 11:51:36,397] Trial 56 finished with value: 1.2587356753991585 and parameters: {'optimizer': 'Adam', 'lr': 2.4624550877198458e-05, 'n_layers': 3, 'n_units_l0': 3, 'n_units_l1': 4, 'n_units_l2': 3}. Best is trial 26 with value: 1.034786592180601.
Sequential(
  (0): Linear(in_features=5, out_features=4, bias=True)
  (1): ReLU()
  (2): Linear(in_features=4, out_features=3, bias=True)
  (3): ReLU()
)
Sequential(
  (0): Linear(in_features=3, out_features=4, bias=True)
  (1): ReLU()
  (2): Linear(in_features=4, out_features=5, bias=True)
)
epoch: 0
epoch_0_loss:  1.1908690862916254
epoch: 1
epoch_1_loss:  1.1908690862916254
epoch: 2
epoch_2_loss:  1.1908690862916254
epoch: 3
epoch_3_loss:  1.1908690862916254
epoch: 4
epoch_4_loss:  1.1908690862916254
epoch: 5
epoch_5_loss:  1.1908690862916254
epoch: 6
epoch_6_loss:  1.1908690862916254
epoch: 7
epoch_7_loss:  1.1908690862916254
epoch: 8
epoch_8_loss:  1.1908690862916254
epoch: 9
epoch_9_loss:  1.1908690862916254
epoch: 10
epoch_10_loss:  1.1908690862916254
epoch: 11
epoch_11_loss:  1.1908690862916254
epoch: 12
epoch_12_loss:  1.1908690862916254
epoch: 13
epoch_13_loss:  1.1908690862916254
epoch: 14
epoch_14_loss:  1.1908690862916254
[1.1908690862916254, 1.1908690862916254, 1.1908690862916254, 1.1908690862916254, 1.1908690862916254, 1.1908690862916254, 1.1908690862916254, 1.1908690862916254, 1.1908690862916254, 1.1908690862916254, 1.1908690862916254, 1.1908690862916254, 1.1908690862916254, 1.1908690862916254, 1.1908690862916254]
[I 2022-11-13 11:52:32,908] Trial 57 finished with value: 1.1908690862916254 and parameters: {'optimizer': 'Adam', 'lr': 9.714223207473715e-05, 'n_layers': 2, 'n_units_l0': 4, 'n_units_l1': 3}. Best is trial 26 with value: 1.034786592180601.
Sequential(
  (0): Linear(in_features=5, out_features=2, bias=True)
  (1): ReLU()
  (2): Linear(in_features=2, out_features=4, bias=True)
  (3): ReLU()
)
Sequential(
  (0): Linear(in_features=4, out_features=2, bias=True)
  (1): ReLU()
  (2): Linear(in_features=2, out_features=5, bias=True)
)
epoch: 0
epoch_0_loss:  1.290010495112911
epoch: 1
epoch_1_loss:  1.290010495112911
epoch: 2
epoch_2_loss:  1.290010495112911
epoch: 3
epoch_3_loss:  1.290010495112911
epoch: 4
epoch_4_loss:  1.290010495112911
epoch: 5
epoch_5_loss:  1.290010495112911
epoch: 6
epoch_6_loss:  1.290010495112911
epoch: 7
epoch_7_loss:  1.290010495112911
epoch: 8
epoch_8_loss:  1.290010495112911
epoch: 9
epoch_9_loss:  1.290010495112911
epoch: 10
epoch_10_loss:  1.290010495112911
epoch: 11
epoch_11_loss:  1.290010495112911
epoch: 12
epoch_12_loss:  1.290010495112911
epoch: 13
epoch_13_loss:  1.290010495112911
epoch: 14
epoch_14_loss:  1.290010495112911
[1.290010495112911, 1.290010495112911, 1.290010495112911, 1.290010495112911, 1.290010495112911, 1.290010495112911, 1.290010495112911, 1.290010495112911, 1.290010495112911, 1.290010495112911, 1.290010495112911, 1.290010495112911, 1.290010495112911, 1.290010495112911, 1.290010495112911]
[I 2022-11-13 11:53:29,551] Trial 58 finished with value: 1.290010495112911 and parameters: {'optimizer': 'Adam', 'lr': 7.05313259182444e-05, 'n_layers': 2, 'n_units_l0': 2, 'n_units_l1': 4}. Best is trial 26 with value: 1.034786592180601.
Sequential(
  (0): Linear(in_features=5, out_features=3, bias=True)
  (1): ReLU()
  (2): Linear(in_features=3, out_features=5, bias=True)
  (3): ReLU()
)
Sequential(
  (0): Linear(in_features=5, out_features=3, bias=True)
  (1): ReLU()
  (2): Linear(in_features=3, out_features=5, bias=True)
)
epoch: 0
epoch_0_loss:  1.140161404358257
epoch: 1
epoch_1_loss:  1.140161404358257
epoch: 2
epoch_2_loss:  1.140161404358257
epoch: 3
epoch_3_loss:  1.140161404358257
epoch: 4
epoch_4_loss:  1.140161404358257
epoch: 5
epoch_5_loss:  1.140161404358257
epoch: 6
epoch_6_loss:  1.140161404358257
epoch: 7
epoch_7_loss:  1.140161404358257
epoch: 8
epoch_8_loss:  1.140161404358257
epoch: 9
epoch_9_loss:  1.140161404358257
epoch: 10
epoch_10_loss:  1.140161404358257
epoch: 11
epoch_11_loss:  1.140161404358257
epoch: 12
epoch_12_loss:  1.140161404358257
epoch: 13
epoch_13_loss:  1.140161404358257
epoch: 14
epoch_14_loss:  1.140161404358257
[1.140161404358257, 1.140161404358257, 1.140161404358257, 1.140161404358257, 1.140161404358257, 1.140161404358257, 1.140161404358257, 1.140161404358257, 1.140161404358257, 1.140161404358257, 1.140161404358257, 1.140161404358257, 1.140161404358257, 1.140161404358257, 1.140161404358257]
[I 2022-11-13 11:54:26,024] Trial 59 finished with value: 1.140161404358257 and parameters: {'optimizer': 'Adam', 'lr': 0.0004857160816710065, 'n_layers': 2, 'n_units_l0': 3, 'n_units_l1': 5}. Best is trial 26 with value: 1.034786592180601.
Sequential(
  (0): Linear(in_features=5, out_features=4, bias=True)
  (1): ReLU()
)
Sequential(
  (0): Linear(in_features=4, out_features=5, bias=True)
)
epoch: 0
epoch_0_loss:  1.0884677846309656
epoch: 1
epoch_1_loss:  1.0884677846309656
epoch: 2
epoch_2_loss:  1.0884677846309656
epoch: 3
epoch_3_loss:  1.0884677846309656
epoch: 4
epoch_4_loss:  1.0884677846309656
epoch: 5
epoch_5_loss:  1.0884677846309656
epoch: 6
epoch_6_loss:  1.0884677846309656
epoch: 7
epoch_7_loss:  1.0884677846309656
epoch: 8
epoch_8_loss:  1.0884677846309656
epoch: 9
epoch_9_loss:  1.0884677846309656
epoch: 10
epoch_10_loss:  1.0884677846309656
epoch: 11
epoch_11_loss:  1.0884677846309656
epoch: 12
epoch_12_loss:  1.0884677846309656
epoch: 13
epoch_13_loss:  1.0884677846309656
epoch: 14
epoch_14_loss:  1.0884677846309656
[1.0884677846309656, 1.0884677846309656, 1.0884677846309656, 1.0884677846309656, 1.0884677846309656, 1.0884677846309656, 1.0884677846309656, 1.0884677846309656, 1.0884677846309656, 1.0884677846309656, 1.0884677846309656, 1.0884677846309656, 1.0884677846309656, 1.0884677846309656, 1.0884677846309656]
[I 2022-11-13 11:55:10,051] Trial 60 finished with value: 1.0884677846309656 and parameters: {'optimizer': 'Adam', 'lr': 0.00018654711788193665, 'n_layers': 1, 'n_units_l0': 4}. Best is trial 26 with value: 1.034786592180601.
Sequential(
  (0): Linear(in_features=5, out_features=3, bias=True)
  (1): ReLU()
  (2): Linear(in_features=3, out_features=3, bias=True)
  (3): ReLU()
  (4): Linear(in_features=3, out_features=2, bias=True)
  (5): ReLU()
)
Sequential(
  (0): Linear(in_features=2, out_features=3, bias=True)
  (1): ReLU()
  (2): Linear(in_features=3, out_features=3, bias=True)
  (3): ReLU()
  (4): Linear(in_features=3, out_features=5, bias=True)
)
epoch: 0
epoch_0_loss:  1.0986040401883013
epoch: 1
epoch_1_loss:  1.0986040401883013
epoch: 2
epoch_2_loss:  1.0986040401883013
epoch: 3
epoch_3_loss:  1.0986040401883013
epoch: 4
epoch_4_loss:  1.0986040401883013
epoch: 5
epoch_5_loss:  1.0986040401883013
epoch: 6
epoch_6_loss:  1.0986040401883013
epoch: 7
epoch_7_loss:  1.0986040401883013
epoch: 8
epoch_8_loss:  1.0986040401883013
epoch: 9
epoch_9_loss:  1.0986040401883013
epoch: 10
epoch_10_loss:  1.0986040401883013
epoch: 11
epoch_11_loss:  1.0986040401883013
epoch: 12
epoch_12_loss:  1.0986040401883013
epoch: 13
epoch_13_loss:  1.0986040401883013
epoch: 14
epoch_14_loss:  1.0986040401883013
[1.0986040401883013, 1.0986040401883013, 1.0986040401883013, 1.0986040401883013, 1.0986040401883013, 1.0986040401883013, 1.0986040401883013, 1.0986040401883013, 1.0986040401883013, 1.0986040401883013, 1.0986040401883013, 1.0986040401883013, 1.0986040401883013, 1.0986040401883013, 1.0986040401883013]
[I 2022-11-13 11:56:18,788] Trial 61 finished with value: 1.0986040401883013 and parameters: {'optimizer': 'Adam', 'lr': 3.867032422337845e-05, 'n_layers': 3, 'n_units_l0': 3, 'n_units_l1': 3, 'n_units_l2': 2}. Best is trial 26 with value: 1.034786592180601.
Sequential(
  (0): Linear(in_features=5, out_features=3, bias=True)
  (1): ReLU()
  (2): Linear(in_features=3, out_features=3, bias=True)
  (3): ReLU()
  (4): Linear(in_features=3, out_features=3, bias=True)
  (5): ReLU()
)
Sequential(
  (0): Linear(in_features=3, out_features=3, bias=True)
  (1): ReLU()
  (2): Linear(in_features=3, out_features=3, bias=True)
  (3): ReLU()
  (4): Linear(in_features=3, out_features=5, bias=True)
)
epoch: 0
epoch_0_loss:  1.1216668302938655
epoch: 1
epoch_1_loss:  1.1216668302938655
epoch: 2
epoch_2_loss:  1.1216668302938655
epoch: 3
epoch_3_loss:  1.1216668302938655
epoch: 4
epoch_4_loss:  1.1216668302938655
epoch: 5
epoch_5_loss:  1.1216668302938655
epoch: 6
epoch_6_loss:  1.1216668302938655
epoch: 7
epoch_7_loss:  1.1216668302938655
epoch: 8
epoch_8_loss:  1.1216668302938655
epoch: 9
epoch_9_loss:  1.1216668302938655
epoch: 10
epoch_10_loss:  1.1216668302938655
epoch: 11
epoch_11_loss:  1.1216668302938655
epoch: 12
epoch_12_loss:  1.1216668302938655
epoch: 13
epoch_13_loss:  1.1216668302938655
epoch: 14
epoch_14_loss:  1.1216668302938655
[1.1216668302938655, 1.1216668302938655, 1.1216668302938655, 1.1216668302938655, 1.1216668302938655, 1.1216668302938655, 1.1216668302938655, 1.1216668302938655, 1.1216668302938655, 1.1216668302938655, 1.1216668302938655, 1.1216668302938655, 1.1216668302938655, 1.1216668302938655, 1.1216668302938655]
[I 2022-11-13 11:57:27,663] Trial 62 finished with value: 1.1216668302938655 and parameters: {'optimizer': 'Adam', 'lr': 6.485076878750268e-05, 'n_layers': 3, 'n_units_l0': 3, 'n_units_l1': 3, 'n_units_l2': 3}. Best is trial 26 with value: 1.034786592180601.
Sequential(
  (0): Linear(in_features=5, out_features=3, bias=True)
  (1): ReLU()
  (2): Linear(in_features=3, out_features=3, bias=True)
  (3): ReLU()
  (4): Linear(in_features=3, out_features=2, bias=True)
  (5): ReLU()
)
Sequential(
  (0): Linear(in_features=2, out_features=3, bias=True)
  (1): ReLU()
  (2): Linear(in_features=3, out_features=3, bias=True)
  (3): ReLU()
  (4): Linear(in_features=3, out_features=5, bias=True)
)
epoch: 0
epoch_0_loss:  1.200473617907333
epoch: 1
epoch_1_loss:  1.200473617907333
epoch: 2
epoch_2_loss:  1.200473617907333
epoch: 3
epoch_3_loss:  1.200473617907333
epoch: 4
epoch_4_loss:  1.200473617907333
epoch: 5
epoch_5_loss:  1.200473617907333
epoch: 6
epoch_6_loss:  1.200473617907333
epoch: 7
epoch_7_loss:  1.200473617907333
epoch: 8
epoch_8_loss:  1.200473617907333
epoch: 9
epoch_9_loss:  1.200473617907333
epoch: 10
epoch_10_loss:  1.200473617907333
epoch: 11
epoch_11_loss:  1.200473617907333
epoch: 12
epoch_12_loss:  1.200473617907333
epoch: 13
epoch_13_loss:  1.200473617907333
epoch: 14
epoch_14_loss:  1.200473617907333
[1.200473617907333, 1.200473617907333, 1.200473617907333, 1.200473617907333, 1.200473617907333, 1.200473617907333, 1.200473617907333, 1.200473617907333, 1.200473617907333, 1.200473617907333, 1.200473617907333, 1.200473617907333, 1.200473617907333, 1.200473617907333, 1.200473617907333]
[I 2022-11-13 11:58:36,656] Trial 63 finished with value: 1.200473617907333 and parameters: {'optimizer': 'Adam', 'lr': 0.00011507888005198411, 'n_layers': 3, 'n_units_l0': 3, 'n_units_l1': 3, 'n_units_l2': 2}. Best is trial 26 with value: 1.034786592180601.
Sequential(
  (0): Linear(in_features=5, out_features=4, bias=True)
  (1): ReLU()
  (2): Linear(in_features=4, out_features=4, bias=True)
  (3): ReLU()
  (4): Linear(in_features=4, out_features=1, bias=True)
  (5): ReLU()
)
Sequential(
  (0): Linear(in_features=1, out_features=4, bias=True)
  (1): ReLU()
  (2): Linear(in_features=4, out_features=4, bias=True)
  (3): ReLU()
  (4): Linear(in_features=4, out_features=5, bias=True)
)
epoch: 0
epoch_0_loss:  1.0857833274075508
epoch: 1
epoch_1_loss:  1.0857833274075508
epoch: 2
epoch_2_loss:  1.0857833274075508
epoch: 3
epoch_3_loss:  1.0857833274075508
epoch: 4
epoch_4_loss:  1.0857833274075508
epoch: 5
epoch_5_loss:  1.0857833274075508
epoch: 6
epoch_6_loss:  1.0857833274075508
epoch: 7
epoch_7_loss:  1.0857833274075508
epoch: 8
epoch_8_loss:  1.0857833274075508
epoch: 9
epoch_9_loss:  1.0857833274075508
epoch: 10
epoch_10_loss:  1.0857833274075508
epoch: 11
epoch_11_loss:  1.0857833274075508
epoch: 12
epoch_12_loss:  1.0857833274075508
epoch: 13
epoch_13_loss:  1.0857833274075508
epoch: 14
epoch_14_loss:  1.0857833274075508
[1.0857833274075508, 1.0857833274075508, 1.0857833274075508, 1.0857833274075508, 1.0857833274075508, 1.0857833274075508, 1.0857833274075508, 1.0857833274075508, 1.0857833274075508, 1.0857833274075508, 1.0857833274075508, 1.0857833274075508, 1.0857833274075508, 1.0857833274075508, 1.0857833274075508]
[I 2022-11-13 11:59:45,512] Trial 64 finished with value: 1.0857833274075508 and parameters: {'optimizer': 'Adam', 'lr': 9.062292321057037e-05, 'n_layers': 3, 'n_units_l0': 4, 'n_units_l1': 4, 'n_units_l2': 1}. Best is trial 26 with value: 1.034786592180601.
Sequential(
  (0): Linear(in_features=5, out_features=3, bias=True)
  (1): ReLU()
  (2): Linear(in_features=3, out_features=3, bias=True)
  (3): ReLU()
  (4): Linear(in_features=3, out_features=2, bias=True)
  (5): ReLU()
)
Sequential(
  (0): Linear(in_features=2, out_features=3, bias=True)
  (1): ReLU()
  (2): Linear(in_features=3, out_features=3, bias=True)
  (3): ReLU()
  (4): Linear(in_features=3, out_features=5, bias=True)
)
epoch: 0
epoch_0_loss:  1.080846074052641
epoch: 1
epoch_1_loss:  1.080846074052641
epoch: 2
epoch_2_loss:  1.080846074052641
epoch: 3
epoch_3_loss:  1.080846074052641
epoch: 4
epoch_4_loss:  1.080846074052641
epoch: 5
epoch_5_loss:  1.080846074052641
epoch: 6
epoch_6_loss:  1.080846074052641
epoch: 7
epoch_7_loss:  1.080846074052641
epoch: 8
epoch_8_loss:  1.080846074052641
epoch: 9
epoch_9_loss:  1.080846074052641
epoch: 10
epoch_10_loss:  1.080846074052641
epoch: 11
epoch_11_loss:  1.080846074052641
epoch: 12
epoch_12_loss:  1.080846074052641
epoch: 13
epoch_13_loss:  1.080846074052641
epoch: 14
epoch_14_loss:  1.080846074052641
[1.080846074052641, 1.080846074052641, 1.080846074052641, 1.080846074052641, 1.080846074052641, 1.080846074052641, 1.080846074052641, 1.080846074052641, 1.080846074052641, 1.080846074052641, 1.080846074052641, 1.080846074052641, 1.080846074052641, 1.080846074052641, 1.080846074052641]
[I 2022-11-13 12:00:54,306] Trial 65 finished with value: 1.080846074052641 and parameters: {'optimizer': 'Adam', 'lr': 0.00014532046115826367, 'n_layers': 3, 'n_units_l0': 3, 'n_units_l1': 3, 'n_units_l2': 2}. Best is trial 26 with value: 1.034786592180601.
Sequential(
  (0): Linear(in_features=5, out_features=2, bias=True)
  (1): ReLU()
  (2): Linear(in_features=2, out_features=2, bias=True)
  (3): ReLU()
  (4): Linear(in_features=2, out_features=4, bias=True)
  (5): ReLU()
)
Sequential(
  (0): Linear(in_features=4, out_features=2, bias=True)
  (1): ReLU()
  (2): Linear(in_features=2, out_features=2, bias=True)
  (3): ReLU()
  (4): Linear(in_features=2, out_features=5, bias=True)
)
epoch: 0
epoch_0_loss:  1.176729529287569
epoch: 1
epoch_1_loss:  1.176729529287569
epoch: 2
epoch_2_loss:  1.176729529287569
epoch: 3
epoch_3_loss:  1.176729529287569
epoch: 4
epoch_4_loss:  1.176729529287569
epoch: 5
epoch_5_loss:  1.176729529287569
epoch: 6
epoch_6_loss:  1.176729529287569
epoch: 7
epoch_7_loss:  1.176729529287569
epoch: 8
epoch_8_loss:  1.176729529287569
epoch: 9
epoch_9_loss:  1.176729529287569
epoch: 10
epoch_10_loss:  1.176729529287569
epoch: 11
epoch_11_loss:  1.176729529287569
epoch: 12
epoch_12_loss:  1.176729529287569
epoch: 13
epoch_13_loss:  1.176729529287569
epoch: 14
epoch_14_loss:  1.176729529287569
[1.176729529287569, 1.176729529287569, 1.176729529287569, 1.176729529287569, 1.176729529287569, 1.176729529287569, 1.176729529287569, 1.176729529287569, 1.176729529287569, 1.176729529287569, 1.176729529287569, 1.176729529287569, 1.176729529287569, 1.176729529287569, 1.176729529287569]
[I 2022-11-13 12:02:03,196] Trial 66 finished with value: 1.176729529287569 and parameters: {'optimizer': 'Adam', 'lr': 5.151000908132388e-05, 'n_layers': 3, 'n_units_l0': 2, 'n_units_l1': 2, 'n_units_l2': 4}. Best is trial 26 with value: 1.034786592180601.
Sequential(
  (0): Linear(in_features=5, out_features=4, bias=True)
  (1): ReLU()
  (2): Linear(in_features=4, out_features=4, bias=True)
  (3): ReLU()
)
Sequential(
  (0): Linear(in_features=4, out_features=4, bias=True)
  (1): ReLU()
  (2): Linear(in_features=4, out_features=5, bias=True)
)
epoch: 0
epoch_0_loss:  1.0807433364935297
epoch: 1
epoch_1_loss:  1.0807433364935297
epoch: 2
epoch_2_loss:  1.0807433364935297
epoch: 3
epoch_3_loss:  1.0807433364935297
epoch: 4
epoch_4_loss:  1.0807433364935297
epoch: 5
epoch_5_loss:  1.0807433364935297
epoch: 6
epoch_6_loss:  1.0807433364935297
epoch: 7
epoch_7_loss:  1.0807433364935297
epoch: 8
epoch_8_loss:  1.0807433364935297
epoch: 9
epoch_9_loss:  1.0807433364935297
epoch: 10
epoch_10_loss:  1.0807433364935297
epoch: 11
epoch_11_loss:  1.0807433364935297
epoch: 12
epoch_12_loss:  1.0807433364935297
epoch: 13
epoch_13_loss:  1.0807433364935297
epoch: 14
epoch_14_loss:  1.0807433364935297
[1.0807433364935297, 1.0807433364935297, 1.0807433364935297, 1.0807433364935297, 1.0807433364935297, 1.0807433364935297, 1.0807433364935297, 1.0807433364935297, 1.0807433364935297, 1.0807433364935297, 1.0807433364935297, 1.0807433364935297, 1.0807433364935297, 1.0807433364935297, 1.0807433364935297]
