[I 2022-11-13 12:56:52,708] Trial 124 finished with value: 1.1238833727553441 and parameters: {'optimizer': 'Adam', 'lr': 0.00017212822756986054, 'n_layers': 2, 'n_units_l0': 5, 'n_units_l1': 4}. Best is trial 101 with value: 1.0294992527642812.
Sequential(
  (0): Linear(in_features=5, out_features=5, bias=True)
  (1): ReLU()
  (2): Linear(in_features=5, out_features=4, bias=True)
  (3): ReLU()
)
Sequential(
  (0): Linear(in_features=4, out_features=5, bias=True)
  (1): ReLU()
  (2): Linear(in_features=5, out_features=5, bias=True)
)
epoch: 0
epoch_0_loss:  1.123684329974007
epoch: 1
epoch_1_loss:  1.123684329974007
epoch: 2
epoch_2_loss:  1.123684329974007
epoch: 3
epoch_3_loss:  1.123684329974007
epoch: 4
epoch_4_loss:  1.123684329974007
epoch: 5
epoch_5_loss:  1.123684329974007
epoch: 6
epoch_6_loss:  1.123684329974007
epoch: 7
epoch_7_loss:  1.123684329974007
epoch: 8
epoch_8_loss:  1.123684329974007
epoch: 9
epoch_9_loss:  1.123684329974007
epoch: 10
epoch_10_loss:  1.123684329974007
epoch: 11
epoch_11_loss:  1.123684329974007
epoch: 12
epoch_12_loss:  1.123684329974007
epoch: 13
epoch_13_loss:  1.123684329974007
epoch: 14
epoch_14_loss:  1.123684329974007
[1.123684329974007, 1.123684329974007, 1.123684329974007, 1.123684329974007, 1.123684329974007, 1.123684329974007, 1.123684329974007, 1.123684329974007, 1.123684329974007, 1.123684329974007, 1.123684329974007, 1.123684329974007, 1.123684329974007, 1.123684329974007, 1.123684329974007]
[I 2022-11-13 12:57:49,085] Trial 125 finished with value: 1.123684329974007 and parameters: {'optimizer': 'Adam', 'lr': 0.0002286122227288151, 'n_layers': 2, 'n_units_l0': 5, 'n_units_l1': 4}. Best is trial 101 with value: 1.0294992527642812.
Sequential(
  (0): Linear(in_features=5, out_features=4, bias=True)
  (1): ReLU()
  (2): Linear(in_features=4, out_features=4, bias=True)
  (3): ReLU()
)
Sequential(
  (0): Linear(in_features=4, out_features=4, bias=True)
  (1): ReLU()
  (2): Linear(in_features=4, out_features=5, bias=True)
)
epoch: 0
epoch_0_loss:  1.0114372774826383
epoch: 1
epoch_1_loss:  1.0114372774826383
epoch: 2
epoch_2_loss:  1.0114372774826383
epoch: 3
epoch_3_loss:  1.0114372774826383
epoch: 4
epoch_4_loss:  1.0114372774826383
epoch: 5
epoch_5_loss:  1.0114372774826383
epoch: 6
epoch_6_loss:  1.0114372774826383
epoch: 7
epoch_7_loss:  1.0114372774826383
epoch: 8
epoch_8_loss:  1.0114372774826383
epoch: 9
epoch_9_loss:  1.0114372774826383
epoch: 10
epoch_10_loss:  1.0114372774826383
epoch: 11
epoch_11_loss:  1.0114372774826383
epoch: 12
epoch_12_loss:  1.0114372774826383
epoch: 13
epoch_13_loss:  1.0114372774826383
epoch: 14
epoch_14_loss:  1.0114372774826383
[1.0114372774826383, 1.0114372774826383, 1.0114372774826383, 1.0114372774826383, 1.0114372774826383, 1.0114372774826383, 1.0114372774826383, 1.0114372774826383, 1.0114372774826383, 1.0114372774826383, 1.0114372774826383, 1.0114372774826383, 1.0114372774826383, 1.0114372774826383, 1.0114372774826383]
[I 2022-11-13 12:58:45,444] Trial 126 finished with value: 1.0114372774826383 and parameters: {'optimizer': 'Adam', 'lr': 0.00029737624946486973, 'n_layers': 2, 'n_units_l0': 4, 'n_units_l1': 4}. Best is trial 126 with value: 1.0114372774826383.
Sequential(
  (0): Linear(in_features=5, out_features=4, bias=True)
  (1): ReLU()
  (2): Linear(in_features=4, out_features=4, bias=True)
  (3): ReLU()
)
Sequential(
  (0): Linear(in_features=4, out_features=4, bias=True)
  (1): ReLU()
  (2): Linear(in_features=4, out_features=5, bias=True)
)
epoch: 0
epoch_0_loss:  1.075605627794697
epoch: 1
epoch_1_loss:  1.075605627794697
epoch: 2
epoch_2_loss:  1.075605627794697
epoch: 3
epoch_3_loss:  1.075605627794697
epoch: 4
epoch_4_loss:  1.075605627794697
epoch: 5
epoch_5_loss:  1.075605627794697
epoch: 6
epoch_6_loss:  1.075605627794697
epoch: 7
epoch_7_loss:  1.075605627794697
epoch: 8
epoch_8_loss:  1.075605627794697
epoch: 9
epoch_9_loss:  1.075605627794697
epoch: 10
epoch_10_loss:  1.075605627794697
epoch: 11
epoch_11_loss:  1.075605627794697
epoch: 12
epoch_12_loss:  1.075605627794697
epoch: 13
epoch_13_loss:  1.075605627794697
epoch: 14
epoch_14_loss:  1.075605627794697
[1.075605627794697, 1.075605627794697, 1.075605627794697, 1.075605627794697, 1.075605627794697, 1.075605627794697, 1.075605627794697, 1.075605627794697, 1.075605627794697, 1.075605627794697, 1.075605627794697, 1.075605627794697, 1.075605627794697, 1.075605627794697, 1.075605627794697]
[I 2022-11-13 12:59:41,863] Trial 127 finished with value: 1.075605627794697 and parameters: {'optimizer': 'Adam', 'lr': 0.0003901424264115428, 'n_layers': 2, 'n_units_l0': 4, 'n_units_l1': 4}. Best is trial 126 with value: 1.0114372774826383.
Sequential(
  (0): Linear(in_features=5, out_features=4, bias=True)
  (1): ReLU()
  (2): Linear(in_features=4, out_features=4, bias=True)
  (3): ReLU()
)
Sequential(
  (0): Linear(in_features=4, out_features=4, bias=True)
  (1): ReLU()
  (2): Linear(in_features=4, out_features=5, bias=True)
)
epoch: 0
epoch_0_loss:  1.0601547087021892
epoch: 1
epoch_1_loss:  1.0601547087021892
epoch: 2
epoch_2_loss:  1.0601547087021892
epoch: 3
epoch_3_loss:  1.0601547087021892
epoch: 4
epoch_4_loss:  1.0601547087021892
epoch: 5
epoch_5_loss:  1.0601547087021892
epoch: 6
epoch_6_loss:  1.0601547087021892
epoch: 7
epoch_7_loss:  1.0601547087021892
epoch: 8
epoch_8_loss:  1.0601547087021892
epoch: 9
epoch_9_loss:  1.0601547087021892
epoch: 10
epoch_10_loss:  1.0601547087021892
epoch: 11
epoch_11_loss:  1.0601547087021892
epoch: 12
epoch_12_loss:  1.0601547087021892
epoch: 13
epoch_13_loss:  1.0601547087021892
epoch: 14
epoch_14_loss:  1.0601547087021892
[1.0601547087021892, 1.0601547087021892, 1.0601547087021892, 1.0601547087021892, 1.0601547087021892, 1.0601547087021892, 1.0601547087021892, 1.0601547087021892, 1.0601547087021892, 1.0601547087021892, 1.0601547087021892, 1.0601547087021892, 1.0601547087021892, 1.0601547087021892, 1.0601547087021892]
[I 2022-11-13 13:00:38,150] Trial 128 finished with value: 1.0601547087021892 and parameters: {'optimizer': 'Adam', 'lr': 0.00028952123159084746, 'n_layers': 2, 'n_units_l0': 4, 'n_units_l1': 4}. Best is trial 126 with value: 1.0114372774826383.
Sequential(
  (0): Linear(in_features=5, out_features=4, bias=True)
  (1): ReLU()
  (2): Linear(in_features=4, out_features=4, bias=True)
  (3): ReLU()
)
Sequential(
  (0): Linear(in_features=4, out_features=4, bias=True)
  (1): ReLU()
  (2): Linear(in_features=4, out_features=5, bias=True)
)
epoch: 0
epoch_0_loss:  1.1058177385002987
epoch: 1
epoch_1_loss:  1.1058177385002987
epoch: 2
epoch_2_loss:  1.1058177385002987
epoch: 3
epoch_3_loss:  1.1058177385002987
epoch: 4
epoch_4_loss:  1.1058177385002987
epoch: 5
epoch_5_loss:  1.1058177385002987
epoch: 6
epoch_6_loss:  1.1058177385002987
epoch: 7
epoch_7_loss:  1.1058177385002987
epoch: 8
epoch_8_loss:  1.1058177385002987
epoch: 9
epoch_9_loss:  1.1058177385002987
epoch: 10
epoch_10_loss:  1.1058177385002987
epoch: 11
epoch_11_loss:  1.1058177385002987
epoch: 12
epoch_12_loss:  1.1058177385002987
epoch: 13
epoch_13_loss:  1.1058177385002987
epoch: 14
epoch_14_loss:  1.1058177385002987
[1.1058177385002987, 1.1058177385002987, 1.1058177385002987, 1.1058177385002987, 1.1058177385002987, 1.1058177385002987, 1.1058177385002987, 1.1058177385002987, 1.1058177385002987, 1.1058177385002987, 1.1058177385002987, 1.1058177385002987, 1.1058177385002987, 1.1058177385002987, 1.1058177385002987]
[I 2022-11-13 13:01:34,553] Trial 129 finished with value: 1.1058177385002987 and parameters: {'optimizer': 'Adam', 'lr': 0.00031592939683579725, 'n_layers': 2, 'n_units_l0': 4, 'n_units_l1': 4}. Best is trial 126 with value: 1.0114372774826383.
Sequential(
  (0): Linear(in_features=5, out_features=4, bias=True)
  (1): ReLU()
  (2): Linear(in_features=4, out_features=4, bias=True)
  (3): ReLU()
)
Sequential(
  (0): Linear(in_features=4, out_features=4, bias=True)
  (1): ReLU()
  (2): Linear(in_features=4, out_features=5, bias=True)
)
epoch: 0
epoch_0_loss:  1.2452048386515722
epoch: 1
epoch_1_loss:  1.2452048386515722
epoch: 2
epoch_2_loss:  1.2452048386515722
epoch: 3
epoch_3_loss:  1.2452048386515722
epoch: 4
epoch_4_loss:  1.2452048386515722
epoch: 5
epoch_5_loss:  1.2452048386515722
epoch: 6
epoch_6_loss:  1.2452048386515722
epoch: 7
epoch_7_loss:  1.2452048386515722
epoch: 8
epoch_8_loss:  1.2452048386515722
epoch: 9
epoch_9_loss:  1.2452048386515722
epoch: 10
epoch_10_loss:  1.2452048386515722
epoch: 11
epoch_11_loss:  1.2452048386515722
epoch: 12
epoch_12_loss:  1.2452048386515722
epoch: 13
epoch_13_loss:  1.2452048386515722
epoch: 14
epoch_14_loss:  1.2452048386515722
[1.2452048386515722, 1.2452048386515722, 1.2452048386515722, 1.2452048386515722, 1.2452048386515722, 1.2452048386515722, 1.2452048386515722, 1.2452048386515722, 1.2452048386515722, 1.2452048386515722, 1.2452048386515722, 1.2452048386515722, 1.2452048386515722, 1.2452048386515722, 1.2452048386515722]
[I 2022-11-13 13:02:31,191] Trial 130 finished with value: 1.2452048386515722 and parameters: {'optimizer': 'Adam', 'lr': 0.0002678811564728772, 'n_layers': 2, 'n_units_l0': 4, 'n_units_l1': 4}. Best is trial 126 with value: 1.0114372774826383.
Sequential(
  (0): Linear(in_features=5, out_features=4, bias=True)
  (1): ReLU()
  (2): Linear(in_features=4, out_features=4, bias=True)
  (3): ReLU()
)
Sequential(
  (0): Linear(in_features=4, out_features=4, bias=True)
  (1): ReLU()
  (2): Linear(in_features=4, out_features=5, bias=True)
)
epoch: 0
epoch_0_loss:  1.114463244571873
epoch: 1
epoch_1_loss:  1.114463244571873
epoch: 2
epoch_2_loss:  1.114463244571873
epoch: 3
epoch_3_loss:  1.114463244571873
epoch: 4
epoch_4_loss:  1.114463244571873
epoch: 5
epoch_5_loss:  1.114463244571873
epoch: 6
epoch_6_loss:  1.114463244571873
epoch: 7
epoch_7_loss:  1.114463244571873
epoch: 8
epoch_8_loss:  1.114463244571873
epoch: 9
epoch_9_loss:  1.114463244571873
epoch: 10
epoch_10_loss:  1.114463244571873
epoch: 11
epoch_11_loss:  1.114463244571873
epoch: 12
epoch_12_loss:  1.114463244571873
epoch: 13
epoch_13_loss:  1.114463244571873
epoch: 14
epoch_14_loss:  1.114463244571873
[1.114463244571873, 1.114463244571873, 1.114463244571873, 1.114463244571873, 1.114463244571873, 1.114463244571873, 1.114463244571873, 1.114463244571873, 1.114463244571873, 1.114463244571873, 1.114463244571873, 1.114463244571873, 1.114463244571873, 1.114463244571873, 1.114463244571873]
[I 2022-11-13 13:03:28,142] Trial 131 finished with value: 1.114463244571873 and parameters: {'optimizer': 'Adam', 'lr': 0.00021681207917197118, 'n_layers': 2, 'n_units_l0': 4, 'n_units_l1': 4}. Best is trial 126 with value: 1.0114372774826383.
Sequential(
  (0): Linear(in_features=5, out_features=5, bias=True)
  (1): ReLU()
  (2): Linear(in_features=5, out_features=4, bias=True)
  (3): ReLU()
)
Sequential(
  (0): Linear(in_features=4, out_features=5, bias=True)
  (1): ReLU()
  (2): Linear(in_features=5, out_features=5, bias=True)
)
epoch: 0
epoch_0_loss:  1.211623769771966
epoch: 1
epoch_1_loss:  1.211623769771966
epoch: 2
epoch_2_loss:  1.211623769771966
epoch: 3
epoch_3_loss:  1.211623769771966
epoch: 4
epoch_4_loss:  1.211623769771966
epoch: 5
epoch_5_loss:  1.211623769771966
epoch: 6
epoch_6_loss:  1.211623769771966
epoch: 7
epoch_7_loss:  1.211623769771966
epoch: 8
epoch_8_loss:  1.211623769771966
epoch: 9
epoch_9_loss:  1.211623769771966
epoch: 10
epoch_10_loss:  1.211623769771966
epoch: 11
epoch_11_loss:  1.211623769771966
epoch: 12
epoch_12_loss:  1.211623769771966
epoch: 13
epoch_13_loss:  1.211623769771966
epoch: 14
epoch_14_loss:  1.211623769771966
[1.211623769771966, 1.211623769771966, 1.211623769771966, 1.211623769771966, 1.211623769771966, 1.211623769771966, 1.211623769771966, 1.211623769771966, 1.211623769771966, 1.211623769771966, 1.211623769771966, 1.211623769771966, 1.211623769771966, 1.211623769771966, 1.211623769771966]
[I 2022-11-13 13:04:24,444] Trial 132 finished with value: 1.211623769771966 and parameters: {'optimizer': 'Adam', 'lr': 0.00019887470633042227, 'n_layers': 2, 'n_units_l0': 5, 'n_units_l1': 4}. Best is trial 126 with value: 1.0114372774826383.
Sequential(
  (0): Linear(in_features=5, out_features=4, bias=True)
  (1): ReLU()
  (2): Linear(in_features=4, out_features=4, bias=True)
  (3): ReLU()
)
Sequential(
  (0): Linear(in_features=4, out_features=4, bias=True)
  (1): ReLU()
  (2): Linear(in_features=4, out_features=5, bias=True)
)
epoch: 0
epoch_0_loss:  1.1823722643194055
epoch: 1
epoch_1_loss:  1.1823722643194055
epoch: 2
epoch_2_loss:  1.1823722643194055
epoch: 3
epoch_3_loss:  1.1823722643194055
epoch: 4
epoch_4_loss:  1.1823722643194055
epoch: 5
epoch_5_loss:  1.1823722643194055
epoch: 6
epoch_6_loss:  1.1823722643194055
epoch: 7
epoch_7_loss:  1.1823722643194055
epoch: 8
epoch_8_loss:  1.1823722643194055
epoch: 9
epoch_9_loss:  1.1823722643194055
epoch: 10
epoch_10_loss:  1.1823722643194055
epoch: 11
epoch_11_loss:  1.1823722643194055
epoch: 12
epoch_12_loss:  1.1823722643194055
epoch: 13
epoch_13_loss:  1.1823722643194055
epoch: 14
epoch_14_loss:  1.1823722643194055
[1.1823722643194055, 1.1823722643194055, 1.1823722643194055, 1.1823722643194055, 1.1823722643194055, 1.1823722643194055, 1.1823722643194055, 1.1823722643194055, 1.1823722643194055, 1.1823722643194055, 1.1823722643194055, 1.1823722643194055, 1.1823722643194055, 1.1823722643194055, 1.1823722643194055]
[I 2022-11-13 13:05:32,147] Trial 133 finished with value: 1.1823722643194055 and parameters: {'optimizer': 'Adam', 'lr': 0.00024679227570195114, 'n_layers': 2, 'n_units_l0': 4, 'n_units_l1': 4}. Best is trial 126 with value: 1.0114372774826383.
Sequential(
  (0): Linear(in_features=5, out_features=5, bias=True)
  (1): ReLU()
  (2): Linear(in_features=5, out_features=5, bias=True)
  (3): ReLU()
)
Sequential(
  (0): Linear(in_features=5, out_features=5, bias=True)
  (1): ReLU()
  (2): Linear(in_features=5, out_features=5, bias=True)
)
epoch: 0
epoch_0_loss:  1.0724847255701324
epoch: 1
epoch_1_loss:  1.0724847255701324
epoch: 2
epoch_2_loss:  1.0724847255701324
epoch: 3
epoch_3_loss:  1.0724847255701324
epoch: 4
epoch_4_loss:  1.0724847255701324
epoch: 5
epoch_5_loss:  1.0724847255701324
epoch: 6
epoch_6_loss:  1.0724847255701324
epoch: 7
epoch_7_loss:  1.0724847255701324
epoch: 8
epoch_8_loss:  1.0724847255701324
epoch: 9
epoch_9_loss:  1.0724847255701324
epoch: 10
epoch_10_loss:  1.0724847255701324
epoch: 11
epoch_11_loss:  1.0724847255701324
epoch: 12
epoch_12_loss:  1.0724847255701324
epoch: 13
epoch_13_loss:  1.0724847255701324
epoch: 14
epoch_14_loss:  1.0724847255701324
[1.0724847255701324, 1.0724847255701324, 1.0724847255701324, 1.0724847255701324, 1.0724847255701324, 1.0724847255701324, 1.0724847255701324, 1.0724847255701324, 1.0724847255701324, 1.0724847255701324, 1.0724847255701324, 1.0724847255701324, 1.0724847255701324, 1.0724847255701324, 1.0724847255701324]
[I 2022-11-13 13:06:28,496] Trial 134 finished with value: 1.0724847255701324 and parameters: {'optimizer': 'Adam', 'lr': 0.00029453817641463833, 'n_layers': 2, 'n_units_l0': 5, 'n_units_l1': 5}. Best is trial 126 with value: 1.0114372774826383.
Sequential(
  (0): Linear(in_features=5, out_features=5, bias=True)
  (1): ReLU()
  (2): Linear(in_features=5, out_features=5, bias=True)
  (3): ReLU()
)
Sequential(
  (0): Linear(in_features=5, out_features=5, bias=True)
  (1): ReLU()
  (2): Linear(in_features=5, out_features=5, bias=True)
)
epoch: 0
epoch_0_loss:  1.0460491459300307
epoch: 1
epoch_1_loss:  1.0460491459300307
epoch: 2
epoch_2_loss:  1.0460491459300307
epoch: 3
epoch_3_loss:  1.0460491459300307
epoch: 4
epoch_4_loss:  1.0460491459300307
epoch: 5
epoch_5_loss:  1.0460491459300307
epoch: 6
epoch_6_loss:  1.0460491459300307
epoch: 7
epoch_7_loss:  1.0460491459300307
epoch: 8
epoch_8_loss:  1.0460491459300307
epoch: 9
epoch_9_loss:  1.0460491459300307
epoch: 10
epoch_10_loss:  1.0460491459300307
epoch: 11
epoch_11_loss:  1.0460491459300307
epoch: 12
epoch_12_loss:  1.0460491459300307
epoch: 13
epoch_13_loss:  1.0460491459300307
epoch: 14
epoch_14_loss:  1.0460491459300307
[1.0460491459300307, 1.0460491459300307, 1.0460491459300307, 1.0460491459300307, 1.0460491459300307, 1.0460491459300307, 1.0460491459300307, 1.0460491459300307, 1.0460491459300307, 1.0460491459300307, 1.0460491459300307, 1.0460491459300307, 1.0460491459300307, 1.0460491459300307, 1.0460491459300307]
[I 2022-11-13 13:07:24,818] Trial 135 finished with value: 1.0460491459300307 and parameters: {'optimizer': 'Adam', 'lr': 0.0003602873312305994, 'n_layers': 2, 'n_units_l0': 5, 'n_units_l1': 5}. Best is trial 126 with value: 1.0114372774826383.
Sequential(
  (0): Linear(in_features=5, out_features=4, bias=True)
  (1): ReLU()
  (2): Linear(in_features=4, out_features=4, bias=True)
  (3): ReLU()
)
Sequential(
  (0): Linear(in_features=4, out_features=4, bias=True)
  (1): ReLU()
  (2): Linear(in_features=4, out_features=5, bias=True)
)
epoch: 0
epoch_0_loss:  1.1897619811728548
epoch: 1
epoch_1_loss:  1.1897619811728548
epoch: 2
epoch_2_loss:  1.1897619811728548
epoch: 3
epoch_3_loss:  1.1897619811728548
epoch: 4
epoch_4_loss:  1.1897619811728548
epoch: 5
epoch_5_loss:  1.1897619811728548
epoch: 6
epoch_6_loss:  1.1897619811728548
epoch: 7
epoch_7_loss:  1.1897619811728548
epoch: 8
epoch_8_loss:  1.1897619811728548
epoch: 9
epoch_9_loss:  1.1897619811728548
epoch: 10
epoch_10_loss:  1.1897619811728548
epoch: 11
epoch_11_loss:  1.1897619811728548
epoch: 12
epoch_12_loss:  1.1897619811728548
epoch: 13
epoch_13_loss:  1.1897619811728548
epoch: 14
epoch_14_loss:  1.1897619811728548
[1.1897619811728548, 1.1897619811728548, 1.1897619811728548, 1.1897619811728548, 1.1897619811728548, 1.1897619811728548, 1.1897619811728548, 1.1897619811728548, 1.1897619811728548, 1.1897619811728548, 1.1897619811728548, 1.1897619811728548, 1.1897619811728548, 1.1897619811728548, 1.1897619811728548]
[I 2022-11-13 13:08:21,019] Trial 136 finished with value: 1.1897619811728548 and parameters: {'optimizer': 'Adam', 'lr': 0.0004599875058924159, 'n_layers': 2, 'n_units_l0': 4, 'n_units_l1': 4}. Best is trial 126 with value: 1.0114372774826383.
Sequential(
  (0): Linear(in_features=5, out_features=5, bias=True)
  (1): ReLU()
  (2): Linear(in_features=5, out_features=5, bias=True)
  (3): ReLU()
)
Sequential(
  (0): Linear(in_features=5, out_features=5, bias=True)
  (1): ReLU()
  (2): Linear(in_features=5, out_features=5, bias=True)
)
epoch: 0
epoch_0_loss:  1.1368093712117655
epoch: 1
epoch_1_loss:  1.1368093712117655
epoch: 2
epoch_2_loss:  1.1368093712117655
epoch: 3
epoch_3_loss:  1.1368093712117655
epoch: 4
epoch_4_loss:  1.1368093712117655
epoch: 5
epoch_5_loss:  1.1368093712117655
epoch: 6
epoch_6_loss:  1.1368093712117655
epoch: 7
epoch_7_loss:  1.1368093712117655
epoch: 8
epoch_8_loss:  1.1368093712117655
epoch: 9
epoch_9_loss:  1.1368093712117655
epoch: 10
epoch_10_loss:  1.1368093712117655
epoch: 11
epoch_11_loss:  1.1368093712117655
epoch: 12
epoch_12_loss:  1.1368093712117655
epoch: 13
epoch_13_loss:  1.1368093712117655
epoch: 14
epoch_14_loss:  1.1368093712117655
[1.1368093712117655, 1.1368093712117655, 1.1368093712117655, 1.1368093712117655, 1.1368093712117655, 1.1368093712117655, 1.1368093712117655, 1.1368093712117655, 1.1368093712117655, 1.1368093712117655, 1.1368093712117655, 1.1368093712117655, 1.1368093712117655, 1.1368093712117655, 1.1368093712117655]
[I 2022-11-13 13:09:17,436] Trial 137 finished with value: 1.1368093712117655 and parameters: {'optimizer': 'Adam', 'lr': 9.170415056796798e-05, 'n_layers': 2, 'n_units_l0': 5, 'n_units_l1': 5}. Best is trial 126 with value: 1.0114372774826383.
Sequential(
  (0): Linear(in_features=5, out_features=5, bias=True)
  (1): ReLU()
  (2): Linear(in_features=5, out_features=4, bias=True)
  (3): ReLU()
)
Sequential(
  (0): Linear(in_features=4, out_features=5, bias=True)
  (1): ReLU()
  (2): Linear(in_features=5, out_features=5, bias=True)
)
epoch: 0
epoch_0_loss:  1.042879571925637
epoch: 1
epoch_1_loss:  1.042879571925637
epoch: 2
epoch_2_loss:  1.042879571925637
epoch: 3
epoch_3_loss:  1.042879571925637
epoch: 4
epoch_4_loss:  1.042879571925637
epoch: 5
epoch_5_loss:  1.042879571925637
epoch: 6
epoch_6_loss:  1.042879571925637
epoch: 7
epoch_7_loss:  1.042879571925637
epoch: 8
epoch_8_loss:  1.042879571925637
epoch: 9
epoch_9_loss:  1.042879571925637
epoch: 10
epoch_10_loss:  1.042879571925637
epoch: 11
epoch_11_loss:  1.042879571925637
epoch: 12
epoch_12_loss:  1.042879571925637
epoch: 13
epoch_13_loss:  1.042879571925637
epoch: 14
epoch_14_loss:  1.042879571925637
[1.042879571925637, 1.042879571925637, 1.042879571925637, 1.042879571925637, 1.042879571925637, 1.042879571925637, 1.042879571925637, 1.042879571925637, 1.042879571925637, 1.042879571925637, 1.042879571925637, 1.042879571925637, 1.042879571925637, 1.042879571925637, 1.042879571925637]
