[I 2022-11-14 01:04:14,716] Trial 165 finished with value: 1.0832988158879253 and parameters: {'optimizer': 'Adam', 'lr': 0.00012178974922659362, 'hidden_dim': 5, 'latent_dim': 5, 'mem_dim': 101}. Best is trial 45 with value: 1.016495998638263.
build_Encoder(
  (FC_input): Linear(in_features=5, out_features=5, bias=True)
  (FC_input2): Linear(in_features=5, out_features=5, bias=True)
  (FC_mean): Linear(in_features=5, out_features=4, bias=True)
  (FC_var): Linear(in_features=5, out_features=4, bias=True)
  (LeakyReLU): LeakyReLU(negative_slope=0.01)
)
build_Decoder(
  (FC_hidden): Linear(in_features=4, out_features=5, bias=True)
  (FC_hidden2): Linear(in_features=5, out_features=5, bias=True)
  (FC_output): Linear(in_features=5, out_features=5, bias=True)
  (LeakyReLU): LeakyReLU(negative_slope=0.2)
)
epoch: 0
epoch_0_loss:  1.0744774494986764
epoch: 1
epoch_1_loss:  1.074396490278226
epoch: 2
epoch_2_loss:  1.0744922086087927
epoch: 3
epoch_3_loss:  1.0744780490252608
epoch: 4
epoch_4_loss:  1.074411240828833
epoch: 5
epoch_5_loss:  1.074494103688535
epoch: 6
epoch_6_loss:  1.0744671246033757
epoch: 7
epoch_7_loss:  1.0744494163394454
epoch: 8
epoch_8_loss:  1.0743361735438448
epoch: 9
epoch_9_loss:  1.074455093027509
epoch: 10
epoch_10_loss:  1.07450824711332
epoch: 11
epoch_11_loss:  1.0743850427652333
epoch: 12
epoch_12_loss:  1.0744990379888866
epoch: 13
epoch_13_loss:  1.0744480733949826
epoch: 14
epoch_14_loss:  1.0743200320795332
[1.0744774494986764, 1.074396490278226, 1.0744922086087927, 1.0744780490252608, 1.074411240828833, 1.074494103688535, 1.0744671246033757, 1.0744494163394454, 1.0743361735438448, 1.074455093027509, 1.07450824711332, 1.0743850427652333, 1.0744990379888866, 1.0744480733949826, 1.0743200320795332]
[I 2022-11-14 01:06:28,206] Trial 166 finished with value: 1.0743200320795332 and parameters: {'optimizer': 'Adam', 'lr': 9.776086596407685e-05, 'hidden_dim': 5, 'latent_dim': 4, 'mem_dim': 44}. Best is trial 45 with value: 1.016495998638263.
build_Encoder(
  (FC_input): Linear(in_features=5, out_features=5, bias=True)
  (FC_input2): Linear(in_features=5, out_features=5, bias=True)
  (FC_mean): Linear(in_features=5, out_features=5, bias=True)
  (FC_var): Linear(in_features=5, out_features=5, bias=True)
  (LeakyReLU): LeakyReLU(negative_slope=0.01)
)
build_Decoder(
  (FC_hidden): Linear(in_features=5, out_features=5, bias=True)
  (FC_hidden2): Linear(in_features=5, out_features=5, bias=True)
  (FC_output): Linear(in_features=5, out_features=5, bias=True)
  (LeakyReLU): LeakyReLU(negative_slope=0.2)
)
epoch: 0
epoch_0_loss:  1.0526375673521957
epoch: 1
epoch_1_loss:  1.0526514063941097
epoch: 2
epoch_2_loss:  1.052658468187304
epoch: 3
epoch_3_loss:  1.05273527197448
epoch: 4
epoch_4_loss:  1.0527186453104065
epoch: 5
epoch_5_loss:  1.0526972311608613
epoch: 6
epoch_6_loss:  1.0527878272563878
epoch: 7
epoch_7_loss:  1.0526550184354786
epoch: 8
epoch_8_loss:  1.0527430181048583
epoch: 9
epoch_9_loss:  1.0526793931481264
epoch: 10
epoch_10_loss:  1.0526887287342208
epoch: 11
epoch_11_loss:  1.0527039772646516
epoch: 12
epoch_12_loss:  1.0526198370267958
epoch: 13
epoch_13_loss:  1.0526960075323557
epoch: 14
epoch_14_loss:  1.052712206958262
[1.0526375673521957, 1.0526514063941097, 1.052658468187304, 1.05273527197448, 1.0527186453104065, 1.0526972311608613, 1.0527878272563878, 1.0526550184354786, 1.0527430181048583, 1.0526793931481264, 1.0526887287342208, 1.0527039772646516, 1.0526198370267958, 1.0526960075323557, 1.052712206958262]
[I 2022-11-14 01:08:42,231] Trial 167 finished with value: 1.052712206958262 and parameters: {'optimizer': 'Adam', 'lr': 7.30866036156844e-05, 'hidden_dim': 5, 'latent_dim': 5, 'mem_dim': 85}. Best is trial 45 with value: 1.016495998638263.
build_Encoder(
  (FC_input): Linear(in_features=5, out_features=5, bias=True)
  (FC_input2): Linear(in_features=5, out_features=5, bias=True)
  (FC_mean): Linear(in_features=5, out_features=4, bias=True)
  (FC_var): Linear(in_features=5, out_features=4, bias=True)
  (LeakyReLU): LeakyReLU(negative_slope=0.01)
)
build_Decoder(
  (FC_hidden): Linear(in_features=4, out_features=5, bias=True)
  (FC_hidden2): Linear(in_features=5, out_features=5, bias=True)
  (FC_output): Linear(in_features=5, out_features=5, bias=True)
  (LeakyReLU): LeakyReLU(negative_slope=0.2)
)
epoch: 0
epoch_0_loss:  1.115144110094491
epoch: 1
epoch_1_loss:  1.1151439152412572
epoch: 2
epoch_2_loss:  1.1151530228467053
epoch: 3
epoch_3_loss:  1.1151409401598502
epoch: 4
epoch_4_loss:  1.1151456200512238
epoch: 5
epoch_5_loss:  1.1151430266226001
epoch: 6
epoch_6_loss:  1.1151338550460363
epoch: 7
epoch_7_loss:  1.1151328629638568
epoch: 8
epoch_8_loss:  1.115133999826794
epoch: 9
epoch_9_loss:  1.1151360275678428
epoch: 10
epoch_10_loss:  1.1151317179108362
epoch: 11
epoch_11_loss:  1.115136089984581
epoch: 12
epoch_12_loss:  1.1151391530701031
epoch: 13
epoch_13_loss:  1.115143577304693
epoch: 14
epoch_14_loss:  1.115158120938166
[1.115144110094491, 1.1151439152412572, 1.1151530228467053, 1.1151409401598502, 1.1151456200512238, 1.1151430266226001, 1.1151338550460363, 1.1151328629638568, 1.115133999826794, 1.1151360275678428, 1.1151317179108362, 1.115136089984581, 1.1151391530701031, 1.115143577304693, 1.115158120938166]
[I 2022-11-14 01:11:05,073] Trial 168 finished with value: 1.115158120938166 and parameters: {'optimizer': 'Adam', 'lr': 0.0007640071035609622, 'hidden_dim': 5, 'latent_dim': 4, 'mem_dim': 188}. Best is trial 45 with value: 1.016495998638263.
build_Encoder(
  (FC_input): Linear(in_features=5, out_features=4, bias=True)
  (FC_input2): Linear(in_features=4, out_features=4, bias=True)
  (FC_mean): Linear(in_features=4, out_features=4, bias=True)
  (FC_var): Linear(in_features=4, out_features=4, bias=True)
  (LeakyReLU): LeakyReLU(negative_slope=0.01)
)
build_Decoder(
  (FC_hidden): Linear(in_features=4, out_features=4, bias=True)
  (FC_hidden2): Linear(in_features=4, out_features=4, bias=True)
  (FC_output): Linear(in_features=4, out_features=5, bias=True)
  (LeakyReLU): LeakyReLU(negative_slope=0.2)
)
epoch: 0
epoch_0_loss:  1.1203507425419874
epoch: 1
epoch_1_loss:  1.120372805265643
epoch: 2
epoch_2_loss:  1.120327197587028
epoch: 3
epoch_3_loss:  1.120283115694891
epoch: 4
epoch_4_loss:  1.1204207983532088
epoch: 5
epoch_5_loss:  1.1203404738862737
epoch: 6
epoch_6_loss:  1.1202885352223235
epoch: 7
epoch_7_loss:  1.1203598254750808
epoch: 8
epoch_8_loss:  1.1203826804611716
epoch: 9
epoch_9_loss:  1.1203538049256925
epoch: 10
epoch_10_loss:  1.1203341614979847
epoch: 11
epoch_11_loss:  1.1202865299256661
epoch: 12
epoch_12_loss:  1.1203818450021645
epoch: 13
epoch_13_loss:  1.120291901137513
epoch: 14
epoch_14_loss:  1.1204202262383085
[1.1203507425419874, 1.120372805265643, 1.120327197587028, 1.120283115694891, 1.1204207983532088, 1.1203404738862737, 1.1202885352223235, 1.1203598254750808, 1.1203826804611716, 1.1203538049256925, 1.1203341614979847, 1.1202865299256661, 1.1203818450021645, 1.120291901137513, 1.1204202262383085]
[I 2022-11-14 01:13:27,228] Trial 169 finished with value: 1.1204202262383085 and parameters: {'optimizer': 'Adam', 'lr': 0.0004054287666256975, 'hidden_dim': 4, 'latent_dim': 4, 'mem_dim': 167}. Best is trial 45 with value: 1.016495998638263.
build_Encoder(
  (FC_input): Linear(in_features=5, out_features=5, bias=True)
  (FC_input2): Linear(in_features=5, out_features=5, bias=True)
  (FC_mean): Linear(in_features=5, out_features=5, bias=True)
  (FC_var): Linear(in_features=5, out_features=5, bias=True)
  (LeakyReLU): LeakyReLU(negative_slope=0.01)
)
build_Decoder(
  (FC_hidden): Linear(in_features=5, out_features=5, bias=True)
  (FC_hidden2): Linear(in_features=5, out_features=5, bias=True)
  (FC_output): Linear(in_features=5, out_features=5, bias=True)
  (LeakyReLU): LeakyReLU(negative_slope=0.2)
)
epoch: 0
epoch_0_loss:  1.091119075826706
epoch: 1
epoch_1_loss:  1.091087873907224
epoch: 2
epoch_2_loss:  1.0913524925107623
epoch: 3
epoch_3_loss:  1.091062622754051
epoch: 4
epoch_4_loss:  1.0912329441206898
epoch: 5
epoch_5_loss:  1.0913071216060461
epoch: 6
epoch_6_loss:  1.0911666844879937
epoch: 7
epoch_7_loss:  1.0911046106023263
epoch: 8
epoch_8_loss:  1.0914238704340045
epoch: 9
epoch_9_loss:  1.0912774196722643
epoch: 10
epoch_10_loss:  1.0913628268723792
epoch: 11
epoch_11_loss:  1.0911529746368993
epoch: 12
epoch_12_loss:  1.0913629771179088
epoch: 13
epoch_13_loss:  1.0913439094338298
epoch: 14
epoch_14_loss:  1.0912434857420037
[1.091119075826706, 1.091087873907224, 1.0913524925107623, 1.091062622754051, 1.0912329441206898, 1.0913071216060461, 1.0911666844879937, 1.0911046106023263, 1.0914238704340045, 1.0912774196722643, 1.0913628268723792, 1.0911529746368993, 1.0913629771179088, 1.0913439094338298, 1.0912434857420037]
[I 2022-11-14 01:15:41,665] Trial 170 finished with value: 1.0912434857420037 and parameters: {'optimizer': 'Adam', 'lr': 0.00013555234744033813, 'hidden_dim': 5, 'latent_dim': 5, 'mem_dim': 92}. Best is trial 45 with value: 1.016495998638263.
build_Encoder(
  (FC_input): Linear(in_features=5, out_features=5, bias=True)
  (FC_input2): Linear(in_features=5, out_features=5, bias=True)
  (FC_mean): Linear(in_features=5, out_features=4, bias=True)
  (FC_var): Linear(in_features=5, out_features=4, bias=True)
  (LeakyReLU): LeakyReLU(negative_slope=0.01)
)
build_Decoder(
  (FC_hidden): Linear(in_features=4, out_features=5, bias=True)
  (FC_hidden2): Linear(in_features=5, out_features=5, bias=True)
  (FC_output): Linear(in_features=5, out_features=5, bias=True)
  (LeakyReLU): LeakyReLU(negative_slope=0.2)
)
epoch: 0
epoch_0_loss:  1.0568217192295322
epoch: 1
epoch_1_loss:  1.0569169665682874
epoch: 2
epoch_2_loss:  1.0569664419425777
epoch: 3
epoch_3_loss:  1.0569561377160661
epoch: 4
epoch_4_loss:  1.0569518196871972
epoch: 5
epoch_5_loss:  1.0569433180604353
epoch: 6
epoch_6_loss:  1.056888567839518
epoch: 7
epoch_7_loss:  1.0569258958830996
epoch: 8
epoch_8_loss:  1.056832178701988
epoch: 9
epoch_9_loss:  1.0569156636850394
epoch: 10
epoch_10_loss:  1.0568450658971529
epoch: 11
epoch_11_loss:  1.0569569139071884
epoch: 12
epoch_12_loss:  1.0569637628870454
epoch: 13
epoch_13_loss:  1.05694479382412
epoch: 14
epoch_14_loss:  1.0569343251598415
[1.0568217192295322, 1.0569169665682874, 1.0569664419425777, 1.0569561377160661, 1.0569518196871972, 1.0569433180604353, 1.056888567839518, 1.0569258958830996, 1.056832178701988, 1.0569156636850394, 1.0568450658971529, 1.0569569139071884, 1.0569637628870454, 1.05694479382412, 1.0569343251598415]
[I 2022-11-14 01:17:55,759] Trial 171 finished with value: 1.0569343251598415 and parameters: {'optimizer': 'Adam', 'lr': 0.00027498312449676367, 'hidden_dim': 5, 'latent_dim': 4, 'mem_dim': 75}. Best is trial 45 with value: 1.016495998638263.
build_Encoder(
  (FC_input): Linear(in_features=5, out_features=5, bias=True)
  (FC_input2): Linear(in_features=5, out_features=5, bias=True)
  (FC_mean): Linear(in_features=5, out_features=4, bias=True)
  (FC_var): Linear(in_features=5, out_features=4, bias=True)
  (LeakyReLU): LeakyReLU(negative_slope=0.01)
)
build_Decoder(
  (FC_hidden): Linear(in_features=4, out_features=5, bias=True)
  (FC_hidden2): Linear(in_features=5, out_features=5, bias=True)
  (FC_output): Linear(in_features=5, out_features=5, bias=True)
  (LeakyReLU): LeakyReLU(negative_slope=0.2)
)
epoch: 0
epoch_0_loss:  1.1128776353050793
epoch: 1
epoch_1_loss:  1.1127719286305282
epoch: 2
epoch_2_loss:  1.112730149456929
epoch: 3
epoch_3_loss:  1.1127147048935284
epoch: 4
epoch_4_loss:  1.11282562388139
epoch: 5
epoch_5_loss:  1.1128556163885972
epoch: 6
epoch_6_loss:  1.1128420750966526
epoch: 7
epoch_7_loss:  1.1126873247098261
epoch: 8
epoch_8_loss:  1.112900341493937
epoch: 9
epoch_9_loss:  1.1128374098738052
epoch: 10
epoch_10_loss:  1.112818739951117
epoch: 11
epoch_11_loss:  1.1128575261499059
epoch: 12
epoch_12_loss:  1.112698229286534
epoch: 13
epoch_13_loss:  1.112782912428922
epoch: 14
epoch_14_loss:  1.113007692028269
[1.1128776353050793, 1.1127719286305282, 1.112730149456929, 1.1127147048935284, 1.11282562388139, 1.1128556163885972, 1.1128420750966526, 1.1126873247098261, 1.112900341493937, 1.1128374098738052, 1.112818739951117, 1.1128575261499059, 1.112698229286534, 1.112782912428922, 1.113007692028269]
[I 2022-11-14 01:20:09,821] Trial 172 finished with value: 1.113007692028269 and parameters: {'optimizer': 'Adam', 'lr': 0.0003470894293437865, 'hidden_dim': 5, 'latent_dim': 4, 'mem_dim': 70}. Best is trial 45 with value: 1.016495998638263.
build_Encoder(
  (FC_input): Linear(in_features=5, out_features=5, bias=True)
  (FC_input2): Linear(in_features=5, out_features=5, bias=True)
  (FC_mean): Linear(in_features=5, out_features=4, bias=True)
  (FC_var): Linear(in_features=5, out_features=4, bias=True)
  (LeakyReLU): LeakyReLU(negative_slope=0.01)
)
build_Decoder(
  (FC_hidden): Linear(in_features=4, out_features=5, bias=True)
  (FC_hidden2): Linear(in_features=5, out_features=5, bias=True)
  (FC_output): Linear(in_features=5, out_features=5, bias=True)
  (LeakyReLU): LeakyReLU(negative_slope=0.2)
)
epoch: 0
epoch_0_loss:  1.0431371541718322
epoch: 1
epoch_1_loss:  1.0431290216842009
epoch: 2
epoch_2_loss:  1.0431026924308677
epoch: 3
epoch_3_loss:  1.0431453292921824
epoch: 4
epoch_4_loss:  1.0431136711618207
epoch: 5
epoch_5_loss:  1.0431103382605953
epoch: 6
epoch_6_loss:  1.0431163264049916
epoch: 7
epoch_7_loss:  1.0431497754830084
epoch: 8
epoch_8_loss:  1.042998207426854
epoch: 9
epoch_9_loss:  1.043088281831778
epoch: 10
epoch_10_loss:  1.043143300293157
epoch: 11
epoch_11_loss:  1.0429040525777271
epoch: 12
epoch_12_loss:  1.0429473051254161
epoch: 13
epoch_13_loss:  1.0430175154797214
epoch: 14
epoch_14_loss:  1.0431042496642833
[1.0431371541718322, 1.0431290216842009, 1.0431026924308677, 1.0431453292921824, 1.0431136711618207, 1.0431103382605953, 1.0431163264049916, 1.0431497754830084, 1.042998207426854, 1.043088281831778, 1.043143300293157, 1.0429040525777271, 1.0429473051254161, 1.0430175154797214, 1.0431042496642833]
[I 2022-11-14 01:22:30,841] Trial 173 finished with value: 1.0431042496642833 and parameters: {'optimizer': 'Adam', 'lr': 0.0004504252261653271, 'hidden_dim': 5, 'latent_dim': 4, 'mem_dim': 152}. Best is trial 45 with value: 1.016495998638263.
build_Encoder(
  (FC_input): Linear(in_features=5, out_features=5, bias=True)
  (FC_input2): Linear(in_features=5, out_features=5, bias=True)
  (FC_mean): Linear(in_features=5, out_features=4, bias=True)
  (FC_var): Linear(in_features=5, out_features=4, bias=True)
  (LeakyReLU): LeakyReLU(negative_slope=0.01)
)
build_Decoder(
  (FC_hidden): Linear(in_features=4, out_features=5, bias=True)
  (FC_hidden2): Linear(in_features=5, out_features=5, bias=True)
  (FC_output): Linear(in_features=5, out_features=5, bias=True)
  (LeakyReLU): LeakyReLU(negative_slope=0.2)
)
epoch: 0
epoch_0_loss:  1.0863411543094477
epoch: 1
epoch_1_loss:  1.0864711185160674
epoch: 2
epoch_2_loss:  1.0863375199716918
epoch: 3
epoch_3_loss:  1.0862803097701654
epoch: 4
epoch_4_loss:  1.0866570865873115
epoch: 5
epoch_5_loss:  1.0864857491925364
epoch: 6
epoch_6_loss:  1.0863989901548192
epoch: 7
epoch_7_loss:  1.086403959921257
epoch: 8
epoch_8_loss:  1.086245931270883
epoch: 9
epoch_9_loss:  1.0864221144849535
epoch: 10
epoch_10_loss:  1.0863269578837103
epoch: 11
epoch_11_loss:  1.0864647828029859
epoch: 12
epoch_12_loss:  1.086147080898977
epoch: 13
epoch_13_loss:  1.08647491340545
epoch: 14
epoch_14_loss:  1.0864053972245924
[1.0863411543094477, 1.0864711185160674, 1.0863375199716918, 1.0862803097701654, 1.0866570865873115, 1.0864857491925364, 1.0863989901548192, 1.086403959921257, 1.086245931270883, 1.0864221144849535, 1.0863269578837103, 1.0864647828029859, 1.086147080898977, 1.08647491340545, 1.0864053972245924]
[I 2022-11-14 01:24:44,708] Trial 174 finished with value: 1.0864053972245924 and parameters: {'optimizer': 'Adam', 'lr': 0.0003155562211285607, 'hidden_dim': 5, 'latent_dim': 4, 'mem_dim': 53}. Best is trial 45 with value: 1.016495998638263.
build_Encoder(
  (FC_input): Linear(in_features=5, out_features=5, bias=True)
  (FC_input2): Linear(in_features=5, out_features=5, bias=True)
  (FC_mean): Linear(in_features=5, out_features=4, bias=True)
  (FC_var): Linear(in_features=5, out_features=4, bias=True)
  (LeakyReLU): LeakyReLU(negative_slope=0.01)
)
build_Decoder(
  (FC_hidden): Linear(in_features=4, out_features=5, bias=True)
  (FC_hidden2): Linear(in_features=5, out_features=5, bias=True)
  (FC_output): Linear(in_features=5, out_features=5, bias=True)
  (LeakyReLU): LeakyReLU(negative_slope=0.2)
)
epoch: 0
epoch_0_loss:  1.0507208131106627
epoch: 1
epoch_1_loss:  1.0507883734080978
epoch: 2
epoch_2_loss:  1.050766569047434
epoch: 3
epoch_3_loss:  1.0507886744206298
epoch: 4
epoch_4_loss:  1.0508397883526694
epoch: 5
epoch_5_loss:  1.0508530339261595
epoch: 6
epoch_6_loss:  1.0507535917104935
epoch: 7
epoch_7_loss:  1.0507944003430836
epoch: 8
epoch_8_loss:  1.050893506275407
epoch: 9
epoch_9_loss:  1.050820147616565
epoch: 10
epoch_10_loss:  1.0508564285742543
epoch: 11
epoch_11_loss:  1.0507997610415607
epoch: 12
epoch_12_loss:  1.0508328677313905
epoch: 13
epoch_13_loss:  1.050720569551423
epoch: 14
epoch_14_loss:  1.05080685492509
[1.0507208131106627, 1.0507883734080978, 1.050766569047434, 1.0507886744206298, 1.0508397883526694, 1.0508530339261595, 1.0507535917104935, 1.0507944003430836, 1.050893506275407, 1.050820147616565, 1.0508564285742543, 1.0507997610415607, 1.0508328677313905, 1.050720569551423, 1.05080685492509]
[I 2022-11-14 01:26:58,376] Trial 175 finished with value: 1.05080685492509 and parameters: {'optimizer': 'Adam', 'lr': 0.00038861431434944677, 'hidden_dim': 5, 'latent_dim': 4, 'mem_dim': 78}. Best is trial 45 with value: 1.016495998638263.
build_Encoder(
  (FC_input): Linear(in_features=5, out_features=5, bias=True)
  (FC_input2): Linear(in_features=5, out_features=5, bias=True)
  (FC_mean): Linear(in_features=5, out_features=4, bias=True)
  (FC_var): Linear(in_features=5, out_features=4, bias=True)
  (LeakyReLU): LeakyReLU(negative_slope=0.01)
)
build_Decoder(
  (FC_hidden): Linear(in_features=4, out_features=5, bias=True)
  (FC_hidden2): Linear(in_features=5, out_features=5, bias=True)
  (FC_output): Linear(in_features=5, out_features=5, bias=True)
  (LeakyReLU): LeakyReLU(negative_slope=0.2)
)
epoch: 0
epoch_0_loss:  1.0971538155128149
epoch: 1
epoch_1_loss:  1.0971193771768393
epoch: 2
epoch_2_loss:  1.0971350046053363
epoch: 3
epoch_3_loss:  1.0971594473003592
epoch: 4
epoch_4_loss:  1.0971037917570932
epoch: 5
epoch_5_loss:  1.0971325768929292
epoch: 6
epoch_6_loss:  1.0971454196619728
epoch: 7
epoch_7_loss:  1.0971671849482953
epoch: 8
epoch_8_loss:  1.0971474359921685
epoch: 9
epoch_9_loss:  1.0971293410361158
epoch: 10
epoch_10_loss:  1.0971488895050419
epoch: 11
epoch_11_loss:  1.0971412436493644
epoch: 12
epoch_12_loss:  1.0971275290883233
epoch: 13
epoch_13_loss:  1.0971275703957786
epoch: 14
epoch_14_loss:  1.0971209506155546
[1.0971538155128149, 1.0971193771768393, 1.0971350046053363, 1.0971594473003592, 1.0971037917570932, 1.0971325768929292, 1.0971454196619728, 1.0971671849482953, 1.0971474359921685, 1.0971293410361158, 1.0971488895050419, 1.0971412436493644, 1.0971275290883233, 1.0971275703957786, 1.0971209506155546]
[I 2022-11-14 01:29:25,846] Trial 176 finished with value: 1.0971209506155546 and parameters: {'optimizer': 'Adam', 'lr': 0.0001708884274445192, 'hidden_dim': 5, 'latent_dim': 4, 'mem_dim': 125}. Best is trial 45 with value: 1.016495998638263.
build_Encoder(
  (FC_input): Linear(in_features=5, out_features=5, bias=True)
  (FC_input2): Linear(in_features=5, out_features=5, bias=True)
  (FC_mean): Linear(in_features=5, out_features=4, bias=True)
  (FC_var): Linear(in_features=5, out_features=4, bias=True)
  (LeakyReLU): LeakyReLU(negative_slope=0.01)
)
build_Decoder(
  (FC_hidden): Linear(in_features=4, out_features=5, bias=True)
  (FC_hidden2): Linear(in_features=5, out_features=5, bias=True)
  (FC_output): Linear(in_features=5, out_features=5, bias=True)
  (LeakyReLU): LeakyReLU(negative_slope=0.2)
)
epoch: 0
epoch_0_loss:  1.2082198358231384
epoch: 1
epoch_1_loss:  1.2083633594377656
epoch: 2
epoch_2_loss:  1.2080513554148207
epoch: 3
epoch_3_loss:  1.208183946736831
epoch: 4
epoch_4_loss:  1.2082727686910193
epoch: 5
epoch_5_loss:  1.2082764490154678
epoch: 6
epoch_6_loss:  1.2081291705507653
epoch: 7
epoch_7_loss:  1.208198826827862
epoch: 8
epoch_8_loss:  1.2079439214439878
epoch: 9
epoch_9_loss:  1.2081656680710757
epoch: 10
epoch_10_loss:  1.2081400069977448
epoch: 11
epoch_11_loss:  1.2080805239282513
epoch: 12
epoch_12_loss:  1.2081618730497274
epoch: 13
epoch_13_loss:  1.2082293181985542
epoch: 14
epoch_14_loss:  1.208371068881702
[1.2082198358231384, 1.2083633594377656, 1.2080513554148207, 1.208183946736831, 1.2082727686910193, 1.2082764490154678, 1.2081291705507653, 1.208198826827862, 1.2079439214439878, 1.2081656680710757, 1.2081400069977448, 1.2080805239282513, 1.2081618730497274, 1.2082293181985542, 1.208371068881702]
