[I 2022-11-14 00:36:40,993] Trial 153 finished with value: 1.1679107952470211 and parameters: {'optimizer': 'Adam', 'lr': 0.00036037536356153235, 'hidden_dim': 5, 'latent_dim': 5, 'mem_dim': 65}. Best is trial 45 with value: 1.016495998638263.
build_Encoder(
  (FC_input): Linear(in_features=5, out_features=5, bias=True)
  (FC_input2): Linear(in_features=5, out_features=5, bias=True)
  (FC_mean): Linear(in_features=5, out_features=4, bias=True)
  (FC_var): Linear(in_features=5, out_features=4, bias=True)
  (LeakyReLU): LeakyReLU(negative_slope=0.01)
)
build_Decoder(
  (FC_hidden): Linear(in_features=4, out_features=5, bias=True)
  (FC_hidden2): Linear(in_features=5, out_features=5, bias=True)
  (FC_output): Linear(in_features=5, out_features=5, bias=True)
  (LeakyReLU): LeakyReLU(negative_slope=0.2)
)
epoch: 0
epoch_0_loss:  1.03416605578181
epoch: 1
epoch_1_loss:  1.034227229664178
epoch: 2
epoch_2_loss:  1.0341683408856763
epoch: 3
epoch_3_loss:  1.0341373636465268
epoch: 4
epoch_4_loss:  1.0341390927998468
epoch: 5
epoch_5_loss:  1.0340046420050781
epoch: 6
epoch_6_loss:  1.0341021857855284
epoch: 7
epoch_7_loss:  1.034326089016657
epoch: 8
epoch_8_loss:  1.0340983935265906
epoch: 9
epoch_9_loss:  1.034243557967811
epoch: 10
epoch_10_loss:  1.0341792235240128
epoch: 11
epoch_11_loss:  1.0342061213478217
epoch: 12
epoch_12_loss:  1.0342945800721228
epoch: 13
epoch_13_loss:  1.034212032188793
epoch: 14
epoch_14_loss:  1.034256934596461
[1.03416605578181, 1.034227229664178, 1.0341683408856763, 1.0341373636465268, 1.0341390927998468, 1.0340046420050781, 1.0341021857855284, 1.034326089016657, 1.0340983935265906, 1.034243557967811, 1.0341792235240128, 1.0342061213478217, 1.0342945800721228, 1.034212032188793, 1.034256934596461]
[I 2022-11-14 00:38:55,478] Trial 154 finished with value: 1.034256934596461 and parameters: {'optimizer': 'Adam', 'lr': 0.0003164450243393098, 'hidden_dim': 5, 'latent_dim': 4, 'mem_dim': 92}. Best is trial 45 with value: 1.016495998638263.
build_Encoder(
  (FC_input): Linear(in_features=5, out_features=5, bias=True)
  (FC_input2): Linear(in_features=5, out_features=5, bias=True)
  (FC_mean): Linear(in_features=5, out_features=4, bias=True)
  (FC_var): Linear(in_features=5, out_features=4, bias=True)
  (LeakyReLU): LeakyReLU(negative_slope=0.01)
)
build_Decoder(
  (FC_hidden): Linear(in_features=4, out_features=5, bias=True)
  (FC_hidden2): Linear(in_features=5, out_features=5, bias=True)
  (FC_output): Linear(in_features=5, out_features=5, bias=True)
  (LeakyReLU): LeakyReLU(negative_slope=0.2)
)
epoch: 0
epoch_0_loss:  1.1283306486224451
epoch: 1
epoch_1_loss:  1.1282735236974402
epoch: 2
epoch_2_loss:  1.1282703895880746
epoch: 3
epoch_3_loss:  1.1282606055835918
epoch: 4
epoch_4_loss:  1.1282082578953376
epoch: 5
epoch_5_loss:  1.128337194376347
epoch: 6
epoch_6_loss:  1.1282780712360354
epoch: 7
epoch_7_loss:  1.1281858063619807
epoch: 8
epoch_8_loss:  1.1282422941718464
epoch: 9
epoch_9_loss:  1.128191699258497
epoch: 10
epoch_10_loss:  1.1281409240926314
epoch: 11
epoch_11_loss:  1.1282700180558285
epoch: 12
epoch_12_loss:  1.1283304773099476
epoch: 13
epoch_13_loss:  1.128217325514812
epoch: 14
epoch_14_loss:  1.1282265079039502
[1.1283306486224451, 1.1282735236974402, 1.1282703895880746, 1.1282606055835918, 1.1282082578953376, 1.128337194376347, 1.1282780712360354, 1.1281858063619807, 1.1282422941718464, 1.128191699258497, 1.1281409240926314, 1.1282700180558285, 1.1283304773099476, 1.128217325514812, 1.1282265079039502]
[I 2022-11-14 00:41:09,386] Trial 155 finished with value: 1.1282265079039502 and parameters: {'optimizer': 'Adam', 'lr': 0.0002990941809467149, 'hidden_dim': 5, 'latent_dim': 4, 'mem_dim': 93}. Best is trial 45 with value: 1.016495998638263.
build_Encoder(
  (FC_input): Linear(in_features=5, out_features=5, bias=True)
  (FC_input2): Linear(in_features=5, out_features=5, bias=True)
  (FC_mean): Linear(in_features=5, out_features=4, bias=True)
  (FC_var): Linear(in_features=5, out_features=4, bias=True)
  (LeakyReLU): LeakyReLU(negative_slope=0.01)
)
build_Decoder(
  (FC_hidden): Linear(in_features=4, out_features=5, bias=True)
  (FC_hidden2): Linear(in_features=5, out_features=5, bias=True)
  (FC_output): Linear(in_features=5, out_features=5, bias=True)
  (LeakyReLU): LeakyReLU(negative_slope=0.2)
)
epoch: 0
epoch_0_loss:  1.0364241179744382
epoch: 1
epoch_1_loss:  1.0362880590695964
epoch: 2
epoch_2_loss:  1.0364089721025656
epoch: 3
epoch_3_loss:  1.036371873001597
epoch: 4
epoch_4_loss:  1.0363560652426043
epoch: 5
epoch_5_loss:  1.036316437321527
epoch: 6
epoch_6_loss:  1.0363783888032154
epoch: 7
epoch_7_loss:  1.0363571512419234
epoch: 8
epoch_8_loss:  1.0363208582972703
epoch: 9
epoch_9_loss:  1.0363029455687842
epoch: 10
epoch_10_loss:  1.036412639296174
epoch: 11
epoch_11_loss:  1.0363267330597283
epoch: 12
epoch_12_loss:  1.0363745674547262
epoch: 13
epoch_13_loss:  1.0363654745088067
epoch: 14
epoch_14_loss:  1.0362743458435986
[1.0364241179744382, 1.0362880590695964, 1.0364089721025656, 1.036371873001597, 1.0363560652426043, 1.036316437321527, 1.0363783888032154, 1.0363571512419234, 1.0363208582972703, 1.0363029455687842, 1.036412639296174, 1.0363267330597283, 1.0363745674547262, 1.0363654745088067, 1.0362743458435986]
[I 2022-11-14 00:43:23,747] Trial 156 finished with value: 1.0362743458435986 and parameters: {'optimizer': 'Adam', 'lr': 0.00010482886785556337, 'hidden_dim': 5, 'latent_dim': 4, 'mem_dim': 90}. Best is trial 45 with value: 1.016495998638263.
build_Encoder(
  (FC_input): Linear(in_features=5, out_features=5, bias=True)
  (FC_input2): Linear(in_features=5, out_features=5, bias=True)
  (FC_mean): Linear(in_features=5, out_features=4, bias=True)
  (FC_var): Linear(in_features=5, out_features=4, bias=True)
  (LeakyReLU): LeakyReLU(negative_slope=0.01)
)
build_Decoder(
  (FC_hidden): Linear(in_features=4, out_features=5, bias=True)
  (FC_hidden2): Linear(in_features=5, out_features=5, bias=True)
  (FC_output): Linear(in_features=5, out_features=5, bias=True)
  (LeakyReLU): LeakyReLU(negative_slope=0.2)
)
epoch: 0
epoch_0_loss:  1.0825439361167914
epoch: 1
epoch_1_loss:  1.0822191250921798
epoch: 2
epoch_2_loss:  1.0823772620100416
epoch: 3
epoch_3_loss:  1.0823849638826464
epoch: 4
epoch_4_loss:  1.0821524923476926
epoch: 5
epoch_5_loss:  1.0822864338761866
epoch: 6
epoch_6_loss:  1.0822237523914726
epoch: 7
epoch_7_loss:  1.082278807898939
epoch: 8
epoch_8_loss:  1.0823719836393326
epoch: 9
epoch_9_loss:  1.0824748849323074
epoch: 10
epoch_10_loss:  1.082246479452349
epoch: 11
epoch_11_loss:  1.0822732828464123
epoch: 12
epoch_12_loss:  1.0823980076436723
epoch: 13
epoch_13_loss:  1.0823843280136172
epoch: 14
epoch_14_loss:  1.0821212963695324
[1.0825439361167914, 1.0822191250921798, 1.0823772620100416, 1.0823849638826464, 1.0821524923476926, 1.0822864338761866, 1.0822237523914726, 1.082278807898939, 1.0823719836393326, 1.0824748849323074, 1.082246479452349, 1.0822732828464123, 1.0823980076436723, 1.0823843280136172, 1.0821212963695324]
[I 2022-11-14 00:45:37,688] Trial 157 finished with value: 1.0821212963695324 and parameters: {'optimizer': 'Adam', 'lr': 0.00010559213282154714, 'hidden_dim': 5, 'latent_dim': 4, 'mem_dim': 86}. Best is trial 45 with value: 1.016495998638263.
build_Encoder(
  (FC_input): Linear(in_features=5, out_features=5, bias=True)
  (FC_input2): Linear(in_features=5, out_features=5, bias=True)
  (FC_mean): Linear(in_features=5, out_features=4, bias=True)
  (FC_var): Linear(in_features=5, out_features=4, bias=True)
  (LeakyReLU): LeakyReLU(negative_slope=0.01)
)
build_Decoder(
  (FC_hidden): Linear(in_features=4, out_features=5, bias=True)
  (FC_hidden2): Linear(in_features=5, out_features=5, bias=True)
  (FC_output): Linear(in_features=5, out_features=5, bias=True)
  (LeakyReLU): LeakyReLU(negative_slope=0.2)
)
epoch: 0
epoch_0_loss:  1.13138568474974
epoch: 1
epoch_1_loss:  1.1313183638132907
epoch: 2
epoch_2_loss:  1.1313388405905767
epoch: 3
epoch_3_loss:  1.1314551231573389
epoch: 4
epoch_4_loss:  1.1311875224904737
epoch: 5
epoch_5_loss:  1.1314054937705655
epoch: 6
epoch_6_loss:  1.1313162886744819
epoch: 7
epoch_7_loss:  1.1314188665922944
epoch: 8
epoch_8_loss:  1.131365324188067
epoch: 9
epoch_9_loss:  1.1313484040915953
epoch: 10
epoch_10_loss:  1.1312698237402994
epoch: 11
epoch_11_loss:  1.1312365268426994
epoch: 12
epoch_12_loss:  1.1314478456732526
epoch: 13
epoch_13_loss:  1.1312205191996747
epoch: 14
epoch_14_loss:  1.1314211503805467
[1.13138568474974, 1.1313183638132907, 1.1313388405905767, 1.1314551231573389, 1.1311875224904737, 1.1314054937705655, 1.1313162886744819, 1.1314188665922944, 1.131365324188067, 1.1313484040915953, 1.1312698237402994, 1.1312365268426994, 1.1314478456732526, 1.1312205191996747, 1.1314211503805467]
[I 2022-11-14 00:47:51,663] Trial 158 finished with value: 1.1314211503805467 and parameters: {'optimizer': 'Adam', 'lr': 0.00024113206061050736, 'hidden_dim': 5, 'latent_dim': 4, 'mem_dim': 104}. Best is trial 45 with value: 1.016495998638263.
build_Encoder(
  (FC_input): Linear(in_features=5, out_features=5, bias=True)
  (FC_input2): Linear(in_features=5, out_features=5, bias=True)
  (FC_mean): Linear(in_features=5, out_features=4, bias=True)
  (FC_var): Linear(in_features=5, out_features=4, bias=True)
  (LeakyReLU): LeakyReLU(negative_slope=0.01)
)
build_Decoder(
  (FC_hidden): Linear(in_features=4, out_features=5, bias=True)
  (FC_hidden2): Linear(in_features=5, out_features=5, bias=True)
  (FC_output): Linear(in_features=5, out_features=5, bias=True)
  (LeakyReLU): LeakyReLU(negative_slope=0.2)
)
epoch: 0
epoch_0_loss:  1.1026211537676858
epoch: 1
epoch_1_loss:  1.1028785383622457
epoch: 2
epoch_2_loss:  1.1027379307277276
epoch: 3
epoch_3_loss:  1.102793356928702
epoch: 4
epoch_4_loss:  1.1028127281485036
epoch: 5
epoch_5_loss:  1.1028865196579638
epoch: 6
epoch_6_loss:  1.1028466350264645
epoch: 7
epoch_7_loss:  1.1027622331211302
epoch: 8
epoch_8_loss:  1.1028300199119905
epoch: 9
epoch_9_loss:  1.1028861498034546
epoch: 10
epoch_10_loss:  1.1028030722349094
epoch: 11
epoch_11_loss:  1.1028464128988584
epoch: 12
epoch_12_loss:  1.1029096464192256
epoch: 13
epoch_13_loss:  1.1028662142944967
epoch: 14
epoch_14_loss:  1.102857723458141
[1.1026211537676858, 1.1028785383622457, 1.1027379307277276, 1.102793356928702, 1.1028127281485036, 1.1028865196579638, 1.1028466350264645, 1.1027622331211302, 1.1028300199119905, 1.1028861498034546, 1.1028030722349094, 1.1028464128988584, 1.1029096464192256, 1.1028662142944967, 1.102857723458141]
[I 2022-11-14 00:50:05,901] Trial 159 finished with value: 1.102857723458141 and parameters: {'optimizer': 'Adam', 'lr': 0.00014777305375190275, 'hidden_dim': 5, 'latent_dim': 4, 'mem_dim': 91}. Best is trial 45 with value: 1.016495998638263.
build_Encoder(
  (FC_input): Linear(in_features=5, out_features=5, bias=True)
  (FC_input2): Linear(in_features=5, out_features=5, bias=True)
  (FC_mean): Linear(in_features=5, out_features=4, bias=True)
  (FC_var): Linear(in_features=5, out_features=4, bias=True)
  (LeakyReLU): LeakyReLU(negative_slope=0.01)
)
build_Decoder(
  (FC_hidden): Linear(in_features=4, out_features=5, bias=True)
  (FC_hidden2): Linear(in_features=5, out_features=5, bias=True)
  (FC_output): Linear(in_features=5, out_features=5, bias=True)
  (LeakyReLU): LeakyReLU(negative_slope=0.2)
)
epoch: 0
epoch_0_loss:  1.1204903550924343
epoch: 1
epoch_1_loss:  1.1204698593491331
epoch: 2
epoch_2_loss:  1.1205431749385442
epoch: 3
epoch_3_loss:  1.1204188138676077
epoch: 4
epoch_4_loss:  1.1204850612681863
epoch: 5
epoch_5_loss:  1.1205584246848321
epoch: 6
epoch_6_loss:  1.12048934760027
epoch: 7
epoch_7_loss:  1.1205677713196567
epoch: 8
epoch_8_loss:  1.1204794767985313
epoch: 9
epoch_9_loss:  1.1204990280036575
epoch: 10
epoch_10_loss:  1.1205085782950743
epoch: 11
epoch_11_loss:  1.1204309325355664
epoch: 12
epoch_12_loss:  1.120449765605184
epoch: 13
epoch_13_loss:  1.1204897050489677
epoch: 14
epoch_14_loss:  1.1205103677509443
[1.1204903550924343, 1.1204698593491331, 1.1205431749385442, 1.1204188138676077, 1.1204850612681863, 1.1205584246848321, 1.12048934760027, 1.1205677713196567, 1.1204794767985313, 1.1204990280036575, 1.1205085782950743, 1.1204309325355664, 1.120449765605184, 1.1204897050489677, 1.1205103677509443]
[I 2022-11-14 00:52:29,317] Trial 160 finished with value: 1.1205103677509443 and parameters: {'optimizer': 'Adam', 'lr': 0.00018622113092291428, 'hidden_dim': 5, 'latent_dim': 4, 'mem_dim': 206}. Best is trial 45 with value: 1.016495998638263.
build_Encoder(
  (FC_input): Linear(in_features=5, out_features=5, bias=True)
  (FC_input2): Linear(in_features=5, out_features=5, bias=True)
  (FC_mean): Linear(in_features=5, out_features=4, bias=True)
  (FC_var): Linear(in_features=5, out_features=4, bias=True)
  (LeakyReLU): LeakyReLU(negative_slope=0.01)
)
build_Decoder(
  (FC_hidden): Linear(in_features=4, out_features=5, bias=True)
  (FC_hidden2): Linear(in_features=5, out_features=5, bias=True)
  (FC_output): Linear(in_features=5, out_features=5, bias=True)
  (LeakyReLU): LeakyReLU(negative_slope=0.2)
)
epoch: 0
epoch_0_loss:  1.052545599382787
epoch: 1
epoch_1_loss:  1.0526305160455738
epoch: 2
epoch_2_loss:  1.0526327805432434
epoch: 3
epoch_3_loss:  1.0524976405296063
epoch: 4
epoch_4_loss:  1.0525907791965283
epoch: 5
epoch_5_loss:  1.0526482571804183
epoch: 6
epoch_6_loss:  1.0526592879126058
epoch: 7
epoch_7_loss:  1.0526615692455414
epoch: 8
epoch_8_loss:  1.0524919434398146
epoch: 9
epoch_9_loss:  1.0525172942911867
epoch: 10
epoch_10_loss:  1.0525257305073383
epoch: 11
epoch_11_loss:  1.052507641925277
epoch: 12
epoch_12_loss:  1.0526838685959385
epoch: 13
epoch_13_loss:  1.0527176788137786
epoch: 14
epoch_14_loss:  1.0526008624724315
[1.052545599382787, 1.0526305160455738, 1.0526327805432434, 1.0524976405296063, 1.0525907791965283, 1.0526482571804183, 1.0526592879126058, 1.0526615692455414, 1.0524919434398146, 1.0525172942911867, 1.0525257305073383, 1.052507641925277, 1.0526838685959385, 1.0527176788137786, 1.0526008624724315]
[I 2022-11-14 00:54:43,412] Trial 161 finished with value: 1.0526008624724315 and parameters: {'optimizer': 'Adam', 'lr': 9.227082606527433e-05, 'hidden_dim': 5, 'latent_dim': 4, 'mem_dim': 98}. Best is trial 45 with value: 1.016495998638263.
build_Encoder(
  (FC_input): Linear(in_features=5, out_features=5, bias=True)
  (FC_input2): Linear(in_features=5, out_features=5, bias=True)
  (FC_mean): Linear(in_features=5, out_features=5, bias=True)
  (FC_var): Linear(in_features=5, out_features=5, bias=True)
  (LeakyReLU): LeakyReLU(negative_slope=0.01)
)
build_Decoder(
  (FC_hidden): Linear(in_features=5, out_features=5, bias=True)
  (FC_hidden2): Linear(in_features=5, out_features=5, bias=True)
  (FC_output): Linear(in_features=5, out_features=5, bias=True)
  (LeakyReLU): LeakyReLU(negative_slope=0.2)
)
epoch: 0
epoch_0_loss:  1.04713572572349
epoch: 1
epoch_1_loss:  1.0470908517041433
epoch: 2
epoch_2_loss:  1.0470436529624265
epoch: 3
epoch_3_loss:  1.0470848215567337
epoch: 4
epoch_4_loss:  1.0471615281882658
epoch: 5
epoch_5_loss:  1.0471063157507288
epoch: 6
epoch_6_loss:  1.0471405934505775
epoch: 7
epoch_7_loss:  1.0470837459177587
epoch: 8
epoch_8_loss:  1.0469962547707168
epoch: 9
epoch_9_loss:  1.047079507876811
epoch: 10
epoch_10_loss:  1.047064576514529
epoch: 11
epoch_11_loss:  1.0471993921694558
epoch: 12
epoch_12_loss:  1.0470705625464973
epoch: 13
epoch_13_loss:  1.0472345396973353
epoch: 14
epoch_14_loss:  1.047142443001008
[1.04713572572349, 1.0470908517041433, 1.0470436529624265, 1.0470848215567337, 1.0471615281882658, 1.0471063157507288, 1.0471405934505775, 1.0470837459177587, 1.0469962547707168, 1.047079507876811, 1.047064576514529, 1.0471993921694558, 1.0470705625464973, 1.0472345396973353, 1.047142443001008]
[I 2022-11-14 00:56:58,001] Trial 162 finished with value: 1.047142443001008 and parameters: {'optimizer': 'Adam', 'lr': 0.00010943806513320145, 'hidden_dim': 5, 'latent_dim': 5, 'mem_dim': 115}. Best is trial 45 with value: 1.016495998638263.
build_Encoder(
  (FC_input): Linear(in_features=5, out_features=5, bias=True)
  (FC_input2): Linear(in_features=5, out_features=5, bias=True)
  (FC_mean): Linear(in_features=5, out_features=4, bias=True)
  (FC_var): Linear(in_features=5, out_features=4, bias=True)
  (LeakyReLU): LeakyReLU(negative_slope=0.01)
)
build_Decoder(
  (FC_hidden): Linear(in_features=4, out_features=5, bias=True)
  (FC_hidden2): Linear(in_features=5, out_features=5, bias=True)
  (FC_output): Linear(in_features=5, out_features=5, bias=True)
  (LeakyReLU): LeakyReLU(negative_slope=0.2)
)
epoch: 0
epoch_0_loss:  1.1536640210115765
epoch: 1
epoch_1_loss:  1.1536597574512557
epoch: 2
epoch_2_loss:  1.1536251643377358
epoch: 3
epoch_3_loss:  1.1536723411897862
epoch: 4
epoch_4_loss:  1.1534586290520354
epoch: 5
epoch_5_loss:  1.1538512779504595
epoch: 6
epoch_6_loss:  1.153537202397483
epoch: 7
epoch_7_loss:  1.153288451340013
epoch: 8
epoch_8_loss:  1.1535712587604108
epoch: 9
epoch_9_loss:  1.1534916271816276
epoch: 10
epoch_10_loss:  1.1534136899678364
epoch: 11
epoch_11_loss:  1.1532617795477496
epoch: 12
epoch_12_loss:  1.153640326407997
epoch: 13
epoch_13_loss:  1.1536823374307128
epoch: 14
epoch_14_loss:  1.1534814644945006
[1.1536640210115765, 1.1536597574512557, 1.1536251643377358, 1.1536723411897862, 1.1534586290520354, 1.1538512779504595, 1.153537202397483, 1.153288451340013, 1.1535712587604108, 1.1534916271816276, 1.1534136899678364, 1.1532617795477496, 1.153640326407997, 1.1536823374307128, 1.1534814644945006]
[I 2022-11-14 00:59:47,366] Trial 163 finished with value: 1.1534814644945006 and parameters: {'optimizer': 'Adam', 'lr': 8.064470925282696e-05, 'hidden_dim': 5, 'latent_dim': 4, 'mem_dim': 81}. Best is trial 45 with value: 1.016495998638263.
build_Encoder(
  (FC_input): Linear(in_features=5, out_features=5, bias=True)
  (FC_input2): Linear(in_features=5, out_features=5, bias=True)
  (FC_mean): Linear(in_features=5, out_features=3, bias=True)
  (FC_var): Linear(in_features=5, out_features=3, bias=True)
  (LeakyReLU): LeakyReLU(negative_slope=0.01)
)
build_Decoder(
  (FC_hidden): Linear(in_features=3, out_features=5, bias=True)
  (FC_hidden2): Linear(in_features=5, out_features=5, bias=True)
  (FC_output): Linear(in_features=5, out_features=5, bias=True)
  (LeakyReLU): LeakyReLU(negative_slope=0.2)
)
epoch: 0
epoch_0_loss:  1.1046606750219425
epoch: 1
epoch_1_loss:  1.104608397684664
epoch: 2
epoch_2_loss:  1.1045834670639805
epoch: 3
epoch_3_loss:  1.1046572708522417
epoch: 4
epoch_4_loss:  1.1046231325814364
epoch: 5
epoch_5_loss:  1.1046337442980096
epoch: 6
epoch_6_loss:  1.1046165542821007
epoch: 7
epoch_7_loss:  1.1046734153791464
epoch: 8
epoch_8_loss:  1.1046566614728328
epoch: 9
epoch_9_loss:  1.1045979365844147
epoch: 10
epoch_10_loss:  1.1046385548498197
epoch: 11
epoch_11_loss:  1.1046432089756886
epoch: 12
epoch_12_loss:  1.1046551703813154
epoch: 13
epoch_13_loss:  1.104671286085208
epoch: 14
epoch_14_loss:  1.1046446817117272
[1.1046606750219425, 1.104608397684664, 1.1045834670639805, 1.1046572708522417, 1.1046231325814364, 1.1046337442980096, 1.1046165542821007, 1.1046734153791464, 1.1046566614728328, 1.1045979365844147, 1.1046385548498197, 1.1046432089756886, 1.1046551703813154, 1.104671286085208, 1.1046446817117272]
[I 2022-11-14 01:02:01,133] Trial 164 finished with value: 1.1046446817117272 and parameters: {'optimizer': 'Adam', 'lr': 0.0003175430260066535, 'hidden_dim': 5, 'latent_dim': 3, 'mem_dim': 108}. Best is trial 45 with value: 1.016495998638263.
build_Encoder(
  (FC_input): Linear(in_features=5, out_features=5, bias=True)
  (FC_input2): Linear(in_features=5, out_features=5, bias=True)
  (FC_mean): Linear(in_features=5, out_features=5, bias=True)
  (FC_var): Linear(in_features=5, out_features=5, bias=True)
  (LeakyReLU): LeakyReLU(negative_slope=0.01)
)
build_Decoder(
  (FC_hidden): Linear(in_features=5, out_features=5, bias=True)
  (FC_hidden2): Linear(in_features=5, out_features=5, bias=True)
  (FC_output): Linear(in_features=5, out_features=5, bias=True)
  (LeakyReLU): LeakyReLU(negative_slope=0.2)
)
epoch: 0
epoch_0_loss:  1.0833851006071107
epoch: 1
epoch_1_loss:  1.0834492749000686
epoch: 2
epoch_2_loss:  1.0834462651563013
epoch: 3
epoch_3_loss:  1.083437659204198
epoch: 4
epoch_4_loss:  1.0834513914335708
epoch: 5
epoch_5_loss:  1.083335528350692
epoch: 6
epoch_6_loss:  1.0834167895167575
epoch: 7
epoch_7_loss:  1.0833855721940715
epoch: 8
epoch_8_loss:  1.0834359404676208
epoch: 9
epoch_9_loss:  1.0833390603288335
epoch: 10
epoch_10_loss:  1.0834315184431942
epoch: 11
epoch_11_loss:  1.083440790472065
epoch: 12
epoch_12_loss:  1.0834305240841515
epoch: 13
epoch_13_loss:  1.0833506089961455
epoch: 14
epoch_14_loss:  1.0832988158879253
[1.0833851006071107, 1.0834492749000686, 1.0834462651563013, 1.083437659204198, 1.0834513914335708, 1.083335528350692, 1.0834167895167575, 1.0833855721940715, 1.0834359404676208, 1.0833390603288335, 1.0834315184431942, 1.083440790472065, 1.0834305240841515, 1.0833506089961455, 1.0832988158879253]
