[I 2022-11-13 13:36:34,865] Trial 166 finished with value: 1.0791979040642792 and parameters: {'optimizer': 'Adam', 'lr': 7.595047752101094e-05, 'n_layers': 2, 'n_units_l0': 5, 'n_units_l1': 4}. Best is trial 126 with value: 1.0114372774826383.
Sequential(
  (0): Linear(in_features=5, out_features=5, bias=True)
  (1): ReLU()
  (2): Linear(in_features=5, out_features=4, bias=True)
  (3): ReLU()
)
Sequential(
  (0): Linear(in_features=4, out_features=5, bias=True)
  (1): ReLU()
  (2): Linear(in_features=5, out_features=5, bias=True)
)
epoch: 0
epoch_0_loss:  1.0493985963747343
epoch: 1
epoch_1_loss:  1.0493985963747343
epoch: 2
epoch_2_loss:  1.0493985963747343
epoch: 3
epoch_3_loss:  1.0493985963747343
epoch: 4
epoch_4_loss:  1.0493985963747343
epoch: 5
epoch_5_loss:  1.0493985963747343
epoch: 6
epoch_6_loss:  1.0493985963747343
epoch: 7
epoch_7_loss:  1.0493985963747343
epoch: 8
epoch_8_loss:  1.0493985963747343
epoch: 9
epoch_9_loss:  1.0493985963747343
epoch: 10
epoch_10_loss:  1.0493985963747343
epoch: 11
epoch_11_loss:  1.0493985963747343
epoch: 12
epoch_12_loss:  1.0493985963747343
epoch: 13
epoch_13_loss:  1.0493985963747343
epoch: 14
epoch_14_loss:  1.0493985963747343
[1.0493985963747343, 1.0493985963747343, 1.0493985963747343, 1.0493985963747343, 1.0493985963747343, 1.0493985963747343, 1.0493985963747343, 1.0493985963747343, 1.0493985963747343, 1.0493985963747343, 1.0493985963747343, 1.0493985963747343, 1.0493985963747343, 1.0493985963747343, 1.0493985963747343]
[I 2022-11-13 13:37:31,156] Trial 167 finished with value: 1.0493985963747343 and parameters: {'optimizer': 'Adam', 'lr': 0.0003278774989266717, 'n_layers': 2, 'n_units_l0': 5, 'n_units_l1': 4}. Best is trial 126 with value: 1.0114372774826383.
Sequential(
  (0): Linear(in_features=5, out_features=5, bias=True)
  (1): ReLU()
  (2): Linear(in_features=5, out_features=3, bias=True)
  (3): ReLU()
)
Sequential(
  (0): Linear(in_features=3, out_features=5, bias=True)
  (1): ReLU()
  (2): Linear(in_features=5, out_features=5, bias=True)
)
epoch: 0
epoch_0_loss:  1.0954417652909905
epoch: 1
epoch_1_loss:  1.0954417652909905
epoch: 2
epoch_2_loss:  1.0954417652909905
epoch: 3
epoch_3_loss:  1.0954417652909905
epoch: 4
epoch_4_loss:  1.0954417652909905
epoch: 5
epoch_5_loss:  1.0954417652909905
epoch: 6
epoch_6_loss:  1.0954417652909905
epoch: 7
epoch_7_loss:  1.0954417652909905
epoch: 8
epoch_8_loss:  1.0954417652909905
epoch: 9
epoch_9_loss:  1.0954417652909905
epoch: 10
epoch_10_loss:  1.0954417652909905
epoch: 11
epoch_11_loss:  1.0954417652909905
epoch: 12
epoch_12_loss:  1.0954417652909905
epoch: 13
epoch_13_loss:  1.0954417652909905
epoch: 14
epoch_14_loss:  1.0954417652909905
[1.0954417652909905, 1.0954417652909905, 1.0954417652909905, 1.0954417652909905, 1.0954417652909905, 1.0954417652909905, 1.0954417652909905, 1.0954417652909905, 1.0954417652909905, 1.0954417652909905, 1.0954417652909905, 1.0954417652909905, 1.0954417652909905, 1.0954417652909905, 1.0954417652909905]
[I 2022-11-13 13:38:27,363] Trial 168 finished with value: 1.0954417652909905 and parameters: {'optimizer': 'Adam', 'lr': 0.0002713167020761977, 'n_layers': 2, 'n_units_l0': 5, 'n_units_l1': 3}. Best is trial 126 with value: 1.0114372774826383.
Sequential(
  (0): Linear(in_features=5, out_features=5, bias=True)
  (1): ReLU()
)
Sequential(
  (0): Linear(in_features=5, out_features=5, bias=True)
)
epoch: 0
epoch_0_loss:  1.2287458568804637
epoch: 1
epoch_1_loss:  1.2287458568804637
epoch: 2
epoch_2_loss:  1.2287458568804637
epoch: 3
epoch_3_loss:  1.2287458568804637
epoch: 4
epoch_4_loss:  1.2287458568804637
epoch: 5
epoch_5_loss:  1.2287458568804637
epoch: 6
epoch_6_loss:  1.2287458568804637
epoch: 7
epoch_7_loss:  1.2287458568804637
epoch: 8
epoch_8_loss:  1.2287458568804637
epoch: 9
epoch_9_loss:  1.2287458568804637
epoch: 10
epoch_10_loss:  1.2287458568804637
epoch: 11
epoch_11_loss:  1.2287458568804637
epoch: 12
epoch_12_loss:  1.2287458568804637
epoch: 13
epoch_13_loss:  1.2287458568804637
epoch: 14
epoch_14_loss:  1.2287458568804637
[1.2287458568804637, 1.2287458568804637, 1.2287458568804637, 1.2287458568804637, 1.2287458568804637, 1.2287458568804637, 1.2287458568804637, 1.2287458568804637, 1.2287458568804637, 1.2287458568804637, 1.2287458568804637, 1.2287458568804637, 1.2287458568804637, 1.2287458568804637, 1.2287458568804637]
[I 2022-11-13 13:39:11,263] Trial 169 finished with value: 1.2287458568804637 and parameters: {'optimizer': 'Adam', 'lr': 0.00037510786973029886, 'n_layers': 1, 'n_units_l0': 5}. Best is trial 126 with value: 1.0114372774826383.
Sequential(
  (0): Linear(in_features=5, out_features=5, bias=True)
  (1): ReLU()
  (2): Linear(in_features=5, out_features=5, bias=True)
  (3): ReLU()
)
Sequential(
  (0): Linear(in_features=5, out_features=5, bias=True)
  (1): ReLU()
  (2): Linear(in_features=5, out_features=5, bias=True)
)
epoch: 0
epoch_0_loss:  1.1119787732280846
epoch: 1
epoch_1_loss:  1.1119787732280846
epoch: 2
epoch_2_loss:  1.1119787732280846
epoch: 3
epoch_3_loss:  1.1119787732280846
epoch: 4
epoch_4_loss:  1.1119787732280846
epoch: 5
epoch_5_loss:  1.1119787732280846
epoch: 6
epoch_6_loss:  1.1119787732280846
epoch: 7
epoch_7_loss:  1.1119787732280846
epoch: 8
epoch_8_loss:  1.1119787732280846
epoch: 9
epoch_9_loss:  1.1119787732280846
epoch: 10
epoch_10_loss:  1.1119787732280846
epoch: 11
epoch_11_loss:  1.1119787732280846
epoch: 12
epoch_12_loss:  1.1119787732280846
epoch: 13
epoch_13_loss:  1.1119787732280846
epoch: 14
epoch_14_loss:  1.1119787732280846
[1.1119787732280846, 1.1119787732280846, 1.1119787732280846, 1.1119787732280846, 1.1119787732280846, 1.1119787732280846, 1.1119787732280846, 1.1119787732280846, 1.1119787732280846, 1.1119787732280846, 1.1119787732280846, 1.1119787732280846, 1.1119787732280846, 1.1119787732280846, 1.1119787732280846]
[I 2022-11-13 13:40:07,606] Trial 170 finished with value: 1.1119787732280846 and parameters: {'optimizer': 'Adam', 'lr': 0.0004390654440630219, 'n_layers': 2, 'n_units_l0': 5, 'n_units_l1': 5}. Best is trial 126 with value: 1.0114372774826383.
Sequential(
  (0): Linear(in_features=5, out_features=4, bias=True)
  (1): ReLU()
  (2): Linear(in_features=4, out_features=5, bias=True)
  (3): ReLU()
)
Sequential(
  (0): Linear(in_features=5, out_features=4, bias=True)
  (1): ReLU()
  (2): Linear(in_features=4, out_features=5, bias=True)
)
epoch: 0
epoch_0_loss:  1.1912593211891567
epoch: 1
epoch_1_loss:  1.1912593211891567
epoch: 2
epoch_2_loss:  1.1912593211891567
epoch: 3
epoch_3_loss:  1.1912593211891567
epoch: 4
epoch_4_loss:  1.1912593211891567
epoch: 5
epoch_5_loss:  1.1912593211891567
epoch: 6
epoch_6_loss:  1.1912593211891567
epoch: 7
epoch_7_loss:  1.1912593211891567
epoch: 8
epoch_8_loss:  1.1912593211891567
epoch: 9
epoch_9_loss:  1.1912593211891567
epoch: 10
epoch_10_loss:  1.1912593211891567
epoch: 11
epoch_11_loss:  1.1912593211891567
epoch: 12
epoch_12_loss:  1.1912593211891567
epoch: 13
epoch_13_loss:  1.1912593211891567
epoch: 14
epoch_14_loss:  1.1912593211891567
[1.1912593211891567, 1.1912593211891567, 1.1912593211891567, 1.1912593211891567, 1.1912593211891567, 1.1912593211891567, 1.1912593211891567, 1.1912593211891567, 1.1912593211891567, 1.1912593211891567, 1.1912593211891567, 1.1912593211891567, 1.1912593211891567, 1.1912593211891567, 1.1912593211891567]
[I 2022-11-13 13:41:04,020] Trial 171 finished with value: 1.1912593211891567 and parameters: {'optimizer': 'Adam', 'lr': 0.0001828703349355912, 'n_layers': 2, 'n_units_l0': 4, 'n_units_l1': 5}. Best is trial 126 with value: 1.0114372774826383.
Sequential(
  (0): Linear(in_features=5, out_features=4, bias=True)
  (1): ReLU()
  (2): Linear(in_features=4, out_features=5, bias=True)
  (3): ReLU()
)
Sequential(
  (0): Linear(in_features=5, out_features=4, bias=True)
  (1): ReLU()
  (2): Linear(in_features=4, out_features=5, bias=True)
)
epoch: 0
epoch_0_loss:  1.1909077270329416
epoch: 1
epoch_1_loss:  1.1909077270329416
epoch: 2
epoch_2_loss:  1.1909077270329416
epoch: 3
epoch_3_loss:  1.1909077270329416
epoch: 4
epoch_4_loss:  1.1909077270329416
epoch: 5
epoch_5_loss:  1.1909077270329416
epoch: 6
epoch_6_loss:  1.1909077270329416
epoch: 7
epoch_7_loss:  1.1909077270329416
epoch: 8
epoch_8_loss:  1.1909077270329416
epoch: 9
epoch_9_loss:  1.1909077270329416
epoch: 10
epoch_10_loss:  1.1909077270329416
epoch: 11
epoch_11_loss:  1.1909077270329416
epoch: 12
epoch_12_loss:  1.1909077270329416
epoch: 13
epoch_13_loss:  1.1909077270329416
epoch: 14
epoch_14_loss:  1.1909077270329416
[1.1909077270329416, 1.1909077270329416, 1.1909077270329416, 1.1909077270329416, 1.1909077270329416, 1.1909077270329416, 1.1909077270329416, 1.1909077270329416, 1.1909077270329416, 1.1909077270329416, 1.1909077270329416, 1.1909077270329416, 1.1909077270329416, 1.1909077270329416, 1.1909077270329416]
[I 2022-11-13 13:42:00,475] Trial 172 finished with value: 1.1909077270329416 and parameters: {'optimizer': 'Adam', 'lr': 0.00024379263782222334, 'n_layers': 2, 'n_units_l0': 4, 'n_units_l1': 5}. Best is trial 126 with value: 1.0114372774826383.
Sequential(
  (0): Linear(in_features=5, out_features=4, bias=True)
  (1): ReLU()
  (2): Linear(in_features=4, out_features=5, bias=True)
  (3): ReLU()
)
Sequential(
  (0): Linear(in_features=5, out_features=4, bias=True)
  (1): ReLU()
  (2): Linear(in_features=4, out_features=5, bias=True)
)
epoch: 0
epoch_0_loss:  1.1840322752519963
epoch: 1
epoch_1_loss:  1.1840322752519963
epoch: 2
epoch_2_loss:  1.1840322752519963
epoch: 3
epoch_3_loss:  1.1840322752519963
epoch: 4
epoch_4_loss:  1.1840322752519963
epoch: 5
epoch_5_loss:  1.1840322752519963
epoch: 6
epoch_6_loss:  1.1840322752519963
epoch: 7
epoch_7_loss:  1.1840322752519963
epoch: 8
epoch_8_loss:  1.1840322752519963
epoch: 9
epoch_9_loss:  1.1840322752519963
epoch: 10
epoch_10_loss:  1.1840322752519963
epoch: 11
epoch_11_loss:  1.1840322752519963
epoch: 12
epoch_12_loss:  1.1840322752519963
epoch: 13
epoch_13_loss:  1.1840322752519963
epoch: 14
epoch_14_loss:  1.1840322752519963
[1.1840322752519963, 1.1840322752519963, 1.1840322752519963, 1.1840322752519963, 1.1840322752519963, 1.1840322752519963, 1.1840322752519963, 1.1840322752519963, 1.1840322752519963, 1.1840322752519963, 1.1840322752519963, 1.1840322752519963, 1.1840322752519963, 1.1840322752519963, 1.1840322752519963]
[I 2022-11-13 13:42:56,907] Trial 173 finished with value: 1.1840322752519963 and parameters: {'optimizer': 'Adam', 'lr': 0.00030065728359783046, 'n_layers': 2, 'n_units_l0': 4, 'n_units_l1': 5}. Best is trial 126 with value: 1.0114372774826383.
Sequential(
  (0): Linear(in_features=5, out_features=4, bias=True)
  (1): ReLU()
  (2): Linear(in_features=4, out_features=5, bias=True)
  (3): ReLU()
)
Sequential(
  (0): Linear(in_features=5, out_features=4, bias=True)
  (1): ReLU()
  (2): Linear(in_features=4, out_features=5, bias=True)
)
epoch: 0
epoch_0_loss:  1.1252649403801822
epoch: 1
epoch_1_loss:  1.1252649403801822
epoch: 2
epoch_2_loss:  1.1252649403801822
epoch: 3
epoch_3_loss:  1.1252649403801822
epoch: 4
epoch_4_loss:  1.1252649403801822
epoch: 5
epoch_5_loss:  1.1252649403801822
epoch: 6
epoch_6_loss:  1.1252649403801822
epoch: 7
epoch_7_loss:  1.1252649403801822
epoch: 8
epoch_8_loss:  1.1252649403801822
epoch: 9
epoch_9_loss:  1.1252649403801822
epoch: 10
epoch_10_loss:  1.1252649403801822
epoch: 11
epoch_11_loss:  1.1252649403801822
epoch: 12
epoch_12_loss:  1.1252649403801822
epoch: 13
epoch_13_loss:  1.1252649403801822
epoch: 14
epoch_14_loss:  1.1252649403801822
[1.1252649403801822, 1.1252649403801822, 1.1252649403801822, 1.1252649403801822, 1.1252649403801822, 1.1252649403801822, 1.1252649403801822, 1.1252649403801822, 1.1252649403801822, 1.1252649403801822, 1.1252649403801822, 1.1252649403801822, 1.1252649403801822, 1.1252649403801822, 1.1252649403801822]
[I 2022-11-13 13:43:53,252] Trial 174 finished with value: 1.1252649403801822 and parameters: {'optimizer': 'Adam', 'lr': 0.00011307874301839975, 'n_layers': 2, 'n_units_l0': 4, 'n_units_l1': 5}. Best is trial 126 with value: 1.0114372774826383.
Sequential(
  (0): Linear(in_features=5, out_features=4, bias=True)
  (1): ReLU()
  (2): Linear(in_features=4, out_features=4, bias=True)
  (3): ReLU()
)
Sequential(
  (0): Linear(in_features=4, out_features=4, bias=True)
  (1): ReLU()
  (2): Linear(in_features=4, out_features=5, bias=True)
)
epoch: 0
epoch_0_loss:  1.1963642181298408
epoch: 1
epoch_1_loss:  1.1963642181298408
epoch: 2
epoch_2_loss:  1.1963642181298408
epoch: 3
epoch_3_loss:  1.1963642181298408
epoch: 4
epoch_4_loss:  1.1963642181298408
epoch: 5
epoch_5_loss:  1.1963642181298408
epoch: 6
epoch_6_loss:  1.1963642181298408
epoch: 7
epoch_7_loss:  1.1963642181298408
epoch: 8
epoch_8_loss:  1.1963642181298408
epoch: 9
epoch_9_loss:  1.1963642181298408
epoch: 10
epoch_10_loss:  1.1963642181298408
epoch: 11
epoch_11_loss:  1.1963642181298408
epoch: 12
epoch_12_loss:  1.1963642181298408
epoch: 13
epoch_13_loss:  1.1963642181298408
epoch: 14
epoch_14_loss:  1.1963642181298408
[1.1963642181298408, 1.1963642181298408, 1.1963642181298408, 1.1963642181298408, 1.1963642181298408, 1.1963642181298408, 1.1963642181298408, 1.1963642181298408, 1.1963642181298408, 1.1963642181298408, 1.1963642181298408, 1.1963642181298408, 1.1963642181298408, 1.1963642181298408, 1.1963642181298408]
[I 2022-11-13 13:44:49,527] Trial 175 finished with value: 1.1963642181298408 and parameters: {'optimizer': 'Adam', 'lr': 0.00022344674792333226, 'n_layers': 2, 'n_units_l0': 4, 'n_units_l1': 4}. Best is trial 126 with value: 1.0114372774826383.
Sequential(
  (0): Linear(in_features=5, out_features=5, bias=True)
  (1): ReLU()
  (2): Linear(in_features=5, out_features=5, bias=True)
  (3): ReLU()
)
Sequential(
  (0): Linear(in_features=5, out_features=5, bias=True)
  (1): ReLU()
  (2): Linear(in_features=5, out_features=5, bias=True)
)
epoch: 0
epoch_0_loss:  1.120879280338655
epoch: 1
epoch_1_loss:  1.120879280338655
epoch: 2
epoch_2_loss:  1.120879280338655
epoch: 3
epoch_3_loss:  1.120879280338655
epoch: 4
epoch_4_loss:  1.120879280338655
epoch: 5
epoch_5_loss:  1.120879280338655
epoch: 6
epoch_6_loss:  1.120879280338655
epoch: 7
epoch_7_loss:  1.120879280338655
epoch: 8
epoch_8_loss:  1.120879280338655
epoch: 9
epoch_9_loss:  1.120879280338655
epoch: 10
epoch_10_loss:  1.120879280338655
epoch: 11
epoch_11_loss:  1.120879280338655
epoch: 12
epoch_12_loss:  1.120879280338655
epoch: 13
epoch_13_loss:  1.120879280338655
epoch: 14
epoch_14_loss:  1.120879280338655
[1.120879280338655, 1.120879280338655, 1.120879280338655, 1.120879280338655, 1.120879280338655, 1.120879280338655, 1.120879280338655, 1.120879280338655, 1.120879280338655, 1.120879280338655, 1.120879280338655, 1.120879280338655, 1.120879280338655, 1.120879280338655, 1.120879280338655]
[I 2022-11-13 13:45:46,029] Trial 176 finished with value: 1.120879280338655 and parameters: {'optimizer': 'Adam', 'lr': 0.00020528527170270809, 'n_layers': 2, 'n_units_l0': 5, 'n_units_l1': 5}. Best is trial 126 with value: 1.0114372774826383.
Sequential(
  (0): Linear(in_features=5, out_features=5, bias=True)
  (1): ReLU()
  (2): Linear(in_features=5, out_features=4, bias=True)
  (3): ReLU()
)
Sequential(
  (0): Linear(in_features=4, out_features=5, bias=True)
  (1): ReLU()
  (2): Linear(in_features=5, out_features=5, bias=True)
)
epoch: 0
epoch_0_loss:  1.0963743939994202
epoch: 1
epoch_1_loss:  1.0963743939994202
epoch: 2
epoch_2_loss:  1.0963743939994202
epoch: 3
epoch_3_loss:  1.0963743939994202
epoch: 4
epoch_4_loss:  1.0963743939994202
epoch: 5
epoch_5_loss:  1.0963743939994202
epoch: 6
epoch_6_loss:  1.0963743939994202
epoch: 7
epoch_7_loss:  1.0963743939994202
epoch: 8
epoch_8_loss:  1.0963743939994202
epoch: 9
epoch_9_loss:  1.0963743939994202
epoch: 10
epoch_10_loss:  1.0963743939994202
epoch: 11
epoch_11_loss:  1.0963743939994202
epoch: 12
epoch_12_loss:  1.0963743939994202
epoch: 13
epoch_13_loss:  1.0963743939994202
epoch: 14
epoch_14_loss:  1.0963743939994202
[1.0963743939994202, 1.0963743939994202, 1.0963743939994202, 1.0963743939994202, 1.0963743939994202, 1.0963743939994202, 1.0963743939994202, 1.0963743939994202, 1.0963743939994202, 1.0963743939994202, 1.0963743939994202, 1.0963743939994202, 1.0963743939994202, 1.0963743939994202, 1.0963743939994202]
[I 2022-11-13 13:46:42,479] Trial 177 finished with value: 1.0963743939994202 and parameters: {'optimizer': 'Adam', 'lr': 0.00034311362585693966, 'n_layers': 2, 'n_units_l0': 5, 'n_units_l1': 4}. Best is trial 126 with value: 1.0114372774826383.
Sequential(
  (0): Linear(in_features=5, out_features=5, bias=True)
  (1): ReLU()
  (2): Linear(in_features=5, out_features=4, bias=True)
  (3): ReLU()
)
Sequential(
  (0): Linear(in_features=4, out_features=5, bias=True)
  (1): ReLU()
  (2): Linear(in_features=5, out_features=5, bias=True)
)
epoch: 0
epoch_0_loss:  1.1462409390244572
epoch: 1
epoch_1_loss:  1.1462409390244572
epoch: 2
epoch_2_loss:  1.1462409390244572
epoch: 3
epoch_3_loss:  1.1462409390244572
epoch: 4
epoch_4_loss:  1.1462409390244572
epoch: 5
epoch_5_loss:  1.1462409390244572
epoch: 6
epoch_6_loss:  1.1462409390244572
epoch: 7
epoch_7_loss:  1.1462409390244572
epoch: 8
epoch_8_loss:  1.1462409390244572
epoch: 9
epoch_9_loss:  1.1462409390244572
epoch: 10
epoch_10_loss:  1.1462409390244572
epoch: 11
epoch_11_loss:  1.1462409390244572
epoch: 12
epoch_12_loss:  1.1462409390244572
epoch: 13
epoch_13_loss:  1.1462409390244572
epoch: 14
epoch_14_loss:  1.1462409390244572
[1.1462409390244572, 1.1462409390244572, 1.1462409390244572, 1.1462409390244572, 1.1462409390244572, 1.1462409390244572, 1.1462409390244572, 1.1462409390244572, 1.1462409390244572, 1.1462409390244572, 1.1462409390244572, 1.1462409390244572, 1.1462409390244572, 1.1462409390244572, 1.1462409390244572]
[I 2022-11-13 13:47:38,778] Trial 178 finished with value: 1.1462409390244572 and parameters: {'optimizer': 'Adam', 'lr': 0.0002595112412784804, 'n_layers': 2, 'n_units_l0': 5, 'n_units_l1': 4}. Best is trial 126 with value: 1.0114372774826383.
Sequential(
  (0): Linear(in_features=5, out_features=4, bias=True)
  (1): ReLU()
  (2): Linear(in_features=4, out_features=5, bias=True)
  (3): ReLU()
)
Sequential(
  (0): Linear(in_features=5, out_features=4, bias=True)
  (1): ReLU()
  (2): Linear(in_features=4, out_features=5, bias=True)
)
epoch: 0
epoch_0_loss:  1.103396291973122
epoch: 1
epoch_1_loss:  1.103396291973122
epoch: 2
epoch_2_loss:  1.103396291973122
epoch: 3
epoch_3_loss:  1.103396291973122
epoch: 4
epoch_4_loss:  1.103396291973122
epoch: 5
epoch_5_loss:  1.103396291973122
epoch: 6
epoch_6_loss:  1.103396291973122
epoch: 7
epoch_7_loss:  1.103396291973122
epoch: 8
epoch_8_loss:  1.103396291973122
epoch: 9
epoch_9_loss:  1.103396291973122
epoch: 10
epoch_10_loss:  1.103396291973122
epoch: 11
epoch_11_loss:  1.103396291973122
epoch: 12
epoch_12_loss:  1.103396291973122
epoch: 13
epoch_13_loss:  1.103396291973122
epoch: 14
epoch_14_loss:  1.103396291973122
[1.103396291973122, 1.103396291973122, 1.103396291973122, 1.103396291973122, 1.103396291973122, 1.103396291973122, 1.103396291973122, 1.103396291973122, 1.103396291973122, 1.103396291973122, 1.103396291973122, 1.103396291973122, 1.103396291973122, 1.103396291973122, 1.103396291973122]
[I 2022-11-13 13:48:35,103] Trial 179 finished with value: 1.103396291973122 and parameters: {'optimizer': 'Adam', 'lr': 8.634997968589078e-05, 'n_layers': 2, 'n_units_l0': 4, 'n_units_l1': 5}. Best is trial 126 with value: 1.0114372774826383.
Sequential(
  (0): Linear(in_features=5, out_features=5, bias=True)
  (1): ReLU()
  (2): Linear(in_features=5, out_features=4, bias=True)
  (3): ReLU()
)
Sequential(
  (0): Linear(in_features=4, out_features=5, bias=True)
  (1): ReLU()
  (2): Linear(in_features=5, out_features=5, bias=True)
)
epoch: 0
epoch_0_loss:  1.1006388501847046
epoch: 1
epoch_1_loss:  1.1006388501847046
epoch: 2
epoch_2_loss:  1.1006388501847046
epoch: 3
epoch_3_loss:  1.1006388501847046
epoch: 4
epoch_4_loss:  1.1006388501847046
epoch: 5
epoch_5_loss:  1.1006388501847046
epoch: 6
epoch_6_loss:  1.1006388501847046
epoch: 7
epoch_7_loss:  1.1006388501847046
epoch: 8
epoch_8_loss:  1.1006388501847046
epoch: 9
epoch_9_loss:  1.1006388501847046
epoch: 10
epoch_10_loss:  1.1006388501847046
epoch: 11
epoch_11_loss:  1.1006388501847046
epoch: 12
epoch_12_loss:  1.1006388501847046
epoch: 13
epoch_13_loss:  1.1006388501847046
epoch: 14
epoch_14_loss:  1.1006388501847046
[1.1006388501847046, 1.1006388501847046, 1.1006388501847046, 1.1006388501847046, 1.1006388501847046, 1.1006388501847046, 1.1006388501847046, 1.1006388501847046, 1.1006388501847046, 1.1006388501847046, 1.1006388501847046, 1.1006388501847046, 1.1006388501847046, 1.1006388501847046, 1.1006388501847046]
