[I 2022-11-14 00:09:00,646] Trial 141 finished with value: 1.1294121564655675 and parameters: {'optimizer': 'Adam', 'lr': 0.0003422639913851834, 'hidden_dim': 5, 'latent_dim': 4, 'mem_dim': 87}. Best is trial 45 with value: 1.016495998638263.
build_Encoder(
  (FC_input): Linear(in_features=5, out_features=5, bias=True)
  (FC_input2): Linear(in_features=5, out_features=5, bias=True)
  (FC_mean): Linear(in_features=5, out_features=4, bias=True)
  (FC_var): Linear(in_features=5, out_features=4, bias=True)
  (LeakyReLU): LeakyReLU(negative_slope=0.01)
)
build_Decoder(
  (FC_hidden): Linear(in_features=4, out_features=5, bias=True)
  (FC_hidden2): Linear(in_features=5, out_features=5, bias=True)
  (FC_output): Linear(in_features=5, out_features=5, bias=True)
  (LeakyReLU): LeakyReLU(negative_slope=0.2)
)
epoch: 0
epoch_0_loss:  1.1714110290749014
epoch: 1
epoch_1_loss:  1.171379205984387
epoch: 2
epoch_2_loss:  1.1713894109711889
epoch: 3
epoch_3_loss:  1.1713568532791951
epoch: 4
epoch_4_loss:  1.1713731524137323
epoch: 5
epoch_5_loss:  1.1713896392247642
epoch: 6
epoch_6_loss:  1.17144117238784
epoch: 7
epoch_7_loss:  1.1712976659326553
epoch: 8
epoch_8_loss:  1.17138550645176
epoch: 9
epoch_9_loss:  1.1713547201739019
epoch: 10
epoch_10_loss:  1.1714375140706144
epoch: 11
epoch_11_loss:  1.1713776097454818
epoch: 12
epoch_12_loss:  1.171335803328676
epoch: 13
epoch_13_loss:  1.1713449723887652
epoch: 14
epoch_14_loss:  1.1714338309735841
[1.1714110290749014, 1.171379205984387, 1.1713894109711889, 1.1713568532791951, 1.1713731524137323, 1.1713896392247642, 1.17144117238784, 1.1712976659326553, 1.17138550645176, 1.1713547201739019, 1.1714375140706144, 1.1713776097454818, 1.171335803328676, 1.1713449723887652, 1.1714338309735841]
[I 2022-11-14 00:11:14,125] Trial 142 finished with value: 1.1714338309735841 and parameters: {'optimizer': 'Adam', 'lr': 0.00037275503967586226, 'hidden_dim': 5, 'latent_dim': 4, 'mem_dim': 78}. Best is trial 45 with value: 1.016495998638263.
build_Encoder(
  (FC_input): Linear(in_features=5, out_features=5, bias=True)
  (FC_input2): Linear(in_features=5, out_features=5, bias=True)
  (FC_mean): Linear(in_features=5, out_features=4, bias=True)
  (FC_var): Linear(in_features=5, out_features=4, bias=True)
  (LeakyReLU): LeakyReLU(negative_slope=0.01)
)
build_Decoder(
  (FC_hidden): Linear(in_features=4, out_features=5, bias=True)
  (FC_hidden2): Linear(in_features=5, out_features=5, bias=True)
  (FC_output): Linear(in_features=5, out_features=5, bias=True)
  (LeakyReLU): LeakyReLU(negative_slope=0.2)
)
epoch: 0
epoch_0_loss:  1.10051313738981
epoch: 1
epoch_1_loss:  1.1006125023609923
epoch: 2
epoch_2_loss:  1.1003353356375134
epoch: 3
epoch_3_loss:  1.1005884178949858
epoch: 4
epoch_4_loss:  1.1006387802473605
epoch: 5
epoch_5_loss:  1.1004853441401612
epoch: 6
epoch_6_loss:  1.1005826141524593
epoch: 7
epoch_7_loss:  1.1005275997100332
epoch: 8
epoch_8_loss:  1.100546790554481
epoch: 9
epoch_9_loss:  1.1005734843051975
epoch: 10
epoch_10_loss:  1.1004991017723285
epoch: 11
epoch_11_loss:  1.1004368246777347
epoch: 12
epoch_12_loss:  1.1006091977807362
epoch: 13
epoch_13_loss:  1.1005696685068274
epoch: 14
epoch_14_loss:  1.1005348787275024
[1.10051313738981, 1.1006125023609923, 1.1003353356375134, 1.1005884178949858, 1.1006387802473605, 1.1004853441401612, 1.1005826141524593, 1.1005275997100332, 1.100546790554481, 1.1005734843051975, 1.1004991017723285, 1.1004368246777347, 1.1006091977807362, 1.1005696685068274, 1.1005348787275024]
[I 2022-11-14 00:13:27,512] Trial 143 finished with value: 1.1005348787275024 and parameters: {'optimizer': 'Adam', 'lr': 0.00039591129500952054, 'hidden_dim': 5, 'latent_dim': 4, 'mem_dim': 56}. Best is trial 45 with value: 1.016495998638263.
build_Encoder(
  (FC_input): Linear(in_features=5, out_features=5, bias=True)
  (FC_input2): Linear(in_features=5, out_features=5, bias=True)
  (FC_mean): Linear(in_features=5, out_features=4, bias=True)
  (FC_var): Linear(in_features=5, out_features=4, bias=True)
  (LeakyReLU): LeakyReLU(negative_slope=0.01)
)
build_Decoder(
  (FC_hidden): Linear(in_features=4, out_features=5, bias=True)
  (FC_hidden2): Linear(in_features=5, out_features=5, bias=True)
  (FC_output): Linear(in_features=5, out_features=5, bias=True)
  (LeakyReLU): LeakyReLU(negative_slope=0.2)
)
epoch: 0
epoch_0_loss:  1.0359541622432038
epoch: 1
epoch_1_loss:  1.0359629803580745
epoch: 2
epoch_2_loss:  1.0360093974282492
epoch: 3
epoch_3_loss:  1.0359486044917618
epoch: 4
epoch_4_loss:  1.035971366899603
epoch: 5
epoch_5_loss:  1.0359725831043902
epoch: 6
epoch_6_loss:  1.0360298072861873
epoch: 7
epoch_7_loss:  1.0360458400023533
epoch: 8
epoch_8_loss:  1.0359129893637957
epoch: 9
epoch_9_loss:  1.0359475909186164
epoch: 10
epoch_10_loss:  1.0359682782199229
epoch: 11
epoch_11_loss:  1.035891993233798
epoch: 12
epoch_12_loss:  1.0360994618770714
epoch: 13
epoch_13_loss:  1.035961474518356
epoch: 14
epoch_14_loss:  1.0359391409675434
[1.0359541622432038, 1.0359629803580745, 1.0360093974282492, 1.0359486044917618, 1.035971366899603, 1.0359725831043902, 1.0360298072861873, 1.0360458400023533, 1.0359129893637957, 1.0359475909186164, 1.0359682782199229, 1.035891993233798, 1.0360994618770714, 1.035961474518356, 1.0359391409675434]
[I 2022-11-14 00:15:41,429] Trial 144 finished with value: 1.0359391409675434 and parameters: {'optimizer': 'Adam', 'lr': 0.000299507679316917, 'hidden_dim': 5, 'latent_dim': 4, 'mem_dim': 76}. Best is trial 45 with value: 1.016495998638263.
build_Encoder(
  (FC_input): Linear(in_features=5, out_features=5, bias=True)
  (FC_input2): Linear(in_features=5, out_features=5, bias=True)
  (FC_mean): Linear(in_features=5, out_features=4, bias=True)
  (FC_var): Linear(in_features=5, out_features=4, bias=True)
  (LeakyReLU): LeakyReLU(negative_slope=0.01)
)
build_Decoder(
  (FC_hidden): Linear(in_features=4, out_features=5, bias=True)
  (FC_hidden2): Linear(in_features=5, out_features=5, bias=True)
  (FC_output): Linear(in_features=5, out_features=5, bias=True)
  (LeakyReLU): LeakyReLU(negative_slope=0.2)
)
epoch: 0
epoch_0_loss:  1.0618455433212397
epoch: 1
epoch_1_loss:  1.0617229154965133
epoch: 2
epoch_2_loss:  1.0616850529809634
epoch: 3
epoch_3_loss:  1.0617611065631598
epoch: 4
epoch_4_loss:  1.0617914071459937
epoch: 5
epoch_5_loss:  1.0616437126484652
epoch: 6
epoch_6_loss:  1.061866415942829
epoch: 7
epoch_7_loss:  1.0618191752027282
epoch: 8
epoch_8_loss:  1.0618320886690917
epoch: 9
epoch_9_loss:  1.061767316752749
epoch: 10
epoch_10_loss:  1.0616439399055175
epoch: 11
epoch_11_loss:  1.061756666564025
epoch: 12
epoch_12_loss:  1.0618045637251048
epoch: 13
epoch_13_loss:  1.0617445305005984
epoch: 14
epoch_14_loss:  1.0618438472161793
[1.0618455433212397, 1.0617229154965133, 1.0616850529809634, 1.0617611065631598, 1.0617914071459937, 1.0616437126484652, 1.061866415942829, 1.0618191752027282, 1.0618320886690917, 1.061767316752749, 1.0616439399055175, 1.061756666564025, 1.0618045637251048, 1.0617445305005984, 1.0618438472161793]
[I 2022-11-14 00:18:02,699] Trial 145 finished with value: 1.0618438472161793 and parameters: {'optimizer': 'Adam', 'lr': 0.00026281954397861364, 'hidden_dim': 5, 'latent_dim': 4, 'mem_dim': 158}. Best is trial 45 with value: 1.016495998638263.
build_Encoder(
  (FC_input): Linear(in_features=5, out_features=5, bias=True)
  (FC_input2): Linear(in_features=5, out_features=5, bias=True)
  (FC_mean): Linear(in_features=5, out_features=4, bias=True)
  (FC_var): Linear(in_features=5, out_features=4, bias=True)
  (LeakyReLU): LeakyReLU(negative_slope=0.01)
)
build_Decoder(
  (FC_hidden): Linear(in_features=4, out_features=5, bias=True)
  (FC_hidden2): Linear(in_features=5, out_features=5, bias=True)
  (FC_output): Linear(in_features=5, out_features=5, bias=True)
  (LeakyReLU): LeakyReLU(negative_slope=0.2)
)
epoch: 0
epoch_0_loss:  1.0993833500160115
epoch: 1
epoch_1_loss:  1.0994528895395268
epoch: 2
epoch_2_loss:  1.099504679969836
epoch: 3
epoch_3_loss:  1.0993231366195768
epoch: 4
epoch_4_loss:  1.099161421187176
epoch: 5
epoch_5_loss:  1.0991081586407534
epoch: 6
epoch_6_loss:  1.099204808881611
epoch: 7
epoch_7_loss:  1.0993231719728007
epoch: 8
epoch_8_loss:  1.0992435744612286
epoch: 9
epoch_9_loss:  1.098949437198268
epoch: 10
epoch_10_loss:  1.0990016791086463
epoch: 11
epoch_11_loss:  1.0990884632012488
epoch: 12
epoch_12_loss:  1.099308641484903
epoch: 13
epoch_13_loss:  1.099271465474059
epoch: 14
epoch_14_loss:  1.0991430002783935
[1.0993833500160115, 1.0994528895395268, 1.099504679969836, 1.0993231366195768, 1.099161421187176, 1.0991081586407534, 1.099204808881611, 1.0993231719728007, 1.0992435744612286, 1.098949437198268, 1.0990016791086463, 1.0990884632012488, 1.099308641484903, 1.099271465474059, 1.0991430002783935]
[I 2022-11-14 00:20:16,828] Trial 146 finished with value: 1.0991430002783935 and parameters: {'optimizer': 'Adam', 'lr': 0.00020898043154709878, 'hidden_dim': 5, 'latent_dim': 4, 'mem_dim': 107}. Best is trial 45 with value: 1.016495998638263.
build_Encoder(
  (FC_input): Linear(in_features=5, out_features=5, bias=True)
  (FC_input2): Linear(in_features=5, out_features=5, bias=True)
  (FC_mean): Linear(in_features=5, out_features=5, bias=True)
  (FC_var): Linear(in_features=5, out_features=5, bias=True)
  (LeakyReLU): LeakyReLU(negative_slope=0.01)
)
build_Decoder(
  (FC_hidden): Linear(in_features=5, out_features=5, bias=True)
  (FC_hidden2): Linear(in_features=5, out_features=5, bias=True)
  (FC_output): Linear(in_features=5, out_features=5, bias=True)
  (LeakyReLU): LeakyReLU(negative_slope=0.2)
)
epoch: 0
epoch_0_loss:  1.1403729759111847
epoch: 1
epoch_1_loss:  1.1403805299790368
epoch: 2
epoch_2_loss:  1.1403740263371633
epoch: 3
epoch_3_loss:  1.1402884674776481
epoch: 4
epoch_4_loss:  1.1403561624830307
epoch: 5
epoch_5_loss:  1.1404019067271525
epoch: 6
epoch_6_loss:  1.140376482288257
epoch: 7
epoch_7_loss:  1.1403636004506095
epoch: 8
epoch_8_loss:  1.1403866470990913
epoch: 9
epoch_9_loss:  1.140333505566966
epoch: 10
epoch_10_loss:  1.1403303319331153
epoch: 11
epoch_11_loss:  1.140332727084832
epoch: 12
epoch_12_loss:  1.1403828788075614
epoch: 13
epoch_13_loss:  1.1403634214846277
epoch: 14
epoch_14_loss:  1.1403635628810933
[1.1403729759111847, 1.1403805299790368, 1.1403740263371633, 1.1402884674776481, 1.1403561624830307, 1.1404019067271525, 1.140376482288257, 1.1403636004506095, 1.1403866470990913, 1.140333505566966, 1.1403303319331153, 1.140332727084832, 1.1403828788075614, 1.1403634214846277, 1.1403635628810933]
[I 2022-11-14 00:22:31,379] Trial 147 finished with value: 1.1403635628810933 and parameters: {'optimizer': 'Adam', 'lr': 0.0004398290723145326, 'hidden_dim': 5, 'latent_dim': 5, 'mem_dim': 122}. Best is trial 45 with value: 1.016495998638263.
build_Encoder(
  (FC_input): Linear(in_features=5, out_features=5, bias=True)
  (FC_input2): Linear(in_features=5, out_features=5, bias=True)
  (FC_mean): Linear(in_features=5, out_features=4, bias=True)
  (FC_var): Linear(in_features=5, out_features=4, bias=True)
  (LeakyReLU): LeakyReLU(negative_slope=0.01)
)
build_Decoder(
  (FC_hidden): Linear(in_features=4, out_features=5, bias=True)
  (FC_hidden2): Linear(in_features=5, out_features=5, bias=True)
  (FC_output): Linear(in_features=5, out_features=5, bias=True)
  (LeakyReLU): LeakyReLU(negative_slope=0.2)
)
epoch: 0
epoch_0_loss:  1.058338974097087
epoch: 1
epoch_1_loss:  1.0583177269858917
epoch: 2
epoch_2_loss:  1.0583450428371375
epoch: 3
epoch_3_loss:  1.058371390734135
epoch: 4
epoch_4_loss:  1.058325073683858
epoch: 5
epoch_5_loss:  1.0583605884340415
epoch: 6
epoch_6_loss:  1.0584303463644364
epoch: 7
epoch_7_loss:  1.0583432057540676
epoch: 8
epoch_8_loss:  1.0583895204503488
epoch: 9
epoch_9_loss:  1.0584107555658433
epoch: 10
epoch_10_loss:  1.058369007596636
epoch: 11
epoch_11_loss:  1.05836300848501
epoch: 12
epoch_12_loss:  1.0583091510980862
epoch: 13
epoch_13_loss:  1.0583557448228882
epoch: 14
epoch_14_loss:  1.0584097799808005
[1.058338974097087, 1.0583177269858917, 1.0583450428371375, 1.058371390734135, 1.058325073683858, 1.0583605884340415, 1.0584303463644364, 1.0583432057540676, 1.0583895204503488, 1.0584107555658433, 1.058369007596636, 1.05836300848501, 1.0583091510980862, 1.0583557448228882, 1.0584097799808005]
[I 2022-11-14 00:24:45,179] Trial 148 finished with value: 1.0584097799808005 and parameters: {'optimizer': 'Adam', 'lr': 0.0002978137617920468, 'hidden_dim': 5, 'latent_dim': 4, 'mem_dim': 62}. Best is trial 45 with value: 1.016495998638263.
build_Encoder(
  (FC_input): Linear(in_features=5, out_features=5, bias=True)
  (FC_input2): Linear(in_features=5, out_features=5, bias=True)
  (FC_mean): Linear(in_features=5, out_features=5, bias=True)
  (FC_var): Linear(in_features=5, out_features=5, bias=True)
  (LeakyReLU): LeakyReLU(negative_slope=0.01)
)
build_Decoder(
  (FC_hidden): Linear(in_features=5, out_features=5, bias=True)
  (FC_hidden2): Linear(in_features=5, out_features=5, bias=True)
  (FC_output): Linear(in_features=5, out_features=5, bias=True)
  (LeakyReLU): LeakyReLU(negative_slope=0.2)
)
epoch: 0
epoch_0_loss:  1.0477872391272305
epoch: 1
epoch_1_loss:  1.0477102943156222
epoch: 2
epoch_2_loss:  1.0477683872359516
epoch: 3
epoch_3_loss:  1.0476788776956427
epoch: 4
epoch_4_loss:  1.0477024710603378
epoch: 5
epoch_5_loss:  1.047642825939021
epoch: 6
epoch_6_loss:  1.0476724267443025
epoch: 7
epoch_7_loss:  1.047705890090254
epoch: 8
epoch_8_loss:  1.0477061279633666
epoch: 9
epoch_9_loss:  1.047824543613906
epoch: 10
epoch_10_loss:  1.0477253348694124
epoch: 11
epoch_11_loss:  1.0477596467279484
epoch: 12
epoch_12_loss:  1.047730737489663
epoch: 13
epoch_13_loss:  1.0477352812701068
epoch: 14
epoch_14_loss:  1.0475844004687243
[1.0477872391272305, 1.0477102943156222, 1.0477683872359516, 1.0476788776956427, 1.0477024710603378, 1.047642825939021, 1.0476724267443025, 1.047705890090254, 1.0477061279633666, 1.047824543613906, 1.0477253348694124, 1.0477596467279484, 1.047730737489663, 1.0477352812701068, 1.0475844004687243]
[I 2022-11-14 00:27:45,590] Trial 149 finished with value: 1.0475844004687243 and parameters: {'optimizer': 'Adam', 'lr': 1.3549411958078214e-05, 'hidden_dim': 5, 'latent_dim': 5, 'mem_dim': 99}. Best is trial 45 with value: 1.016495998638263.
build_Encoder(
  (FC_input): Linear(in_features=5, out_features=5, bias=True)
  (FC_input2): Linear(in_features=5, out_features=5, bias=True)
  (FC_mean): Linear(in_features=5, out_features=4, bias=True)
  (FC_var): Linear(in_features=5, out_features=4, bias=True)
  (LeakyReLU): LeakyReLU(negative_slope=0.01)
)
build_Decoder(
  (FC_hidden): Linear(in_features=4, out_features=5, bias=True)
  (FC_hidden2): Linear(in_features=5, out_features=5, bias=True)
  (FC_output): Linear(in_features=5, out_features=5, bias=True)
  (LeakyReLU): LeakyReLU(negative_slope=0.2)
)
epoch: 0
epoch_0_loss:  1.0653206307904048
epoch: 1
epoch_1_loss:  1.0652912086576383
epoch: 2
epoch_2_loss:  1.0653291985320068
epoch: 3
epoch_3_loss:  1.0653314631914386
epoch: 4
epoch_4_loss:  1.06526393902233
epoch: 5
epoch_5_loss:  1.0652037917404091
epoch: 6
epoch_6_loss:  1.0652897886798758
epoch: 7
epoch_7_loss:  1.0653274573694895
epoch: 8
epoch_8_loss:  1.0651904499480744
epoch: 9
epoch_9_loss:  1.0652908858979677
epoch: 10
epoch_10_loss:  1.065399353585611
epoch: 11
epoch_11_loss:  1.0652486286405134
epoch: 12
epoch_12_loss:  1.0653668013514779
epoch: 13
epoch_13_loss:  1.0653266822114025
epoch: 14
epoch_14_loss:  1.0652747506048093
[1.0653206307904048, 1.0652912086576383, 1.0653291985320068, 1.0653314631914386, 1.06526393902233, 1.0652037917404091, 1.0652897886798758, 1.0653274573694895, 1.0651904499480744, 1.0652908858979677, 1.065399353585611, 1.0652486286405134, 1.0653668013514779, 1.0653266822114025, 1.0652747506048093]
[I 2022-11-14 00:29:59,540] Trial 150 finished with value: 1.0652747506048093 and parameters: {'optimizer': 'Adam', 'lr': 0.00013047815424617348, 'hidden_dim': 5, 'latent_dim': 4, 'mem_dim': 112}. Best is trial 45 with value: 1.016495998638263.
build_Encoder(
  (FC_input): Linear(in_features=5, out_features=5, bias=True)
  (FC_input2): Linear(in_features=5, out_features=5, bias=True)
  (FC_mean): Linear(in_features=5, out_features=4, bias=True)
  (FC_var): Linear(in_features=5, out_features=4, bias=True)
  (LeakyReLU): LeakyReLU(negative_slope=0.01)
)
build_Decoder(
  (FC_hidden): Linear(in_features=4, out_features=5, bias=True)
  (FC_hidden2): Linear(in_features=5, out_features=5, bias=True)
  (FC_output): Linear(in_features=5, out_features=5, bias=True)
  (LeakyReLU): LeakyReLU(negative_slope=0.2)
)
epoch: 0
epoch_0_loss:  1.1382117536358662
epoch: 1
epoch_1_loss:  1.1383220599679986
epoch: 2
epoch_2_loss:  1.1382849225516214
epoch: 3
epoch_3_loss:  1.1381874774039955
epoch: 4
epoch_4_loss:  1.1383069920559885
epoch: 5
epoch_5_loss:  1.1382344603899464
epoch: 6
epoch_6_loss:  1.138307353838427
epoch: 7
epoch_7_loss:  1.1382988619067045
epoch: 8
epoch_8_loss:  1.1382674441342426
epoch: 9
epoch_9_loss:  1.1381842965691513
epoch: 10
epoch_10_loss:  1.138223131786843
epoch: 11
epoch_11_loss:  1.1382556304505638
epoch: 12
epoch_12_loss:  1.1382695391857112
epoch: 13
epoch_13_loss:  1.1382752510835579
epoch: 14
epoch_14_loss:  1.1382994224523144
[1.1382117536358662, 1.1383220599679986, 1.1382849225516214, 1.1381874774039955, 1.1383069920559885, 1.1382344603899464, 1.138307353838427, 1.1382988619067045, 1.1382674441342426, 1.1381842965691513, 1.138223131786843, 1.1382556304505638, 1.1382695391857112, 1.1382752510835579, 1.1382994224523144]
[I 2022-11-14 00:32:13,343] Trial 151 finished with value: 1.1382994224523144 and parameters: {'optimizer': 'Adam', 'lr': 0.0003404061157417489, 'hidden_dim': 5, 'latent_dim': 4, 'mem_dim': 72}. Best is trial 45 with value: 1.016495998638263.
build_Encoder(
  (FC_input): Linear(in_features=5, out_features=5, bias=True)
  (FC_input2): Linear(in_features=5, out_features=5, bias=True)
  (FC_mean): Linear(in_features=5, out_features=3, bias=True)
  (FC_var): Linear(in_features=5, out_features=3, bias=True)
  (LeakyReLU): LeakyReLU(negative_slope=0.01)
)
build_Decoder(
  (FC_hidden): Linear(in_features=3, out_features=5, bias=True)
  (FC_hidden2): Linear(in_features=5, out_features=5, bias=True)
  (FC_output): Linear(in_features=5, out_features=5, bias=True)
  (LeakyReLU): LeakyReLU(negative_slope=0.2)
)
epoch: 0
epoch_0_loss:  1.118856709529767
epoch: 1
epoch_1_loss:  1.118888053362884
epoch: 2
epoch_2_loss:  1.118908426870684
epoch: 3
epoch_3_loss:  1.118845554906901
epoch: 4
epoch_4_loss:  1.1188737791792096
epoch: 5
epoch_5_loss:  1.1188528459149854
epoch: 6
epoch_6_loss:  1.1189604724888556
epoch: 7
epoch_7_loss:  1.1189828114080742
epoch: 8
epoch_8_loss:  1.1189573456141269
epoch: 9
epoch_9_loss:  1.1189721593452298
epoch: 10
epoch_10_loss:  1.1188915664644652
epoch: 11
epoch_11_loss:  1.1188148663065507
epoch: 12
epoch_12_loss:  1.1188782771428079
epoch: 13
epoch_13_loss:  1.1188864079863459
epoch: 14
epoch_14_loss:  1.118933571641313
[1.118856709529767, 1.118888053362884, 1.118908426870684, 1.118845554906901, 1.1188737791792096, 1.1188528459149854, 1.1189604724888556, 1.1189828114080742, 1.1189573456141269, 1.1189721593452298, 1.1188915664644652, 1.1188148663065507, 1.1188782771428079, 1.1188864079863459, 1.118933571641313]
[I 2022-11-14 00:34:27,034] Trial 152 finished with value: 1.118933571641313 and parameters: {'optimizer': 'Adam', 'lr': 0.00025798595108572555, 'hidden_dim': 5, 'latent_dim': 3, 'mem_dim': 78}. Best is trial 45 with value: 1.016495998638263.
build_Encoder(
  (FC_input): Linear(in_features=5, out_features=5, bias=True)
  (FC_input2): Linear(in_features=5, out_features=5, bias=True)
  (FC_mean): Linear(in_features=5, out_features=5, bias=True)
  (FC_var): Linear(in_features=5, out_features=5, bias=True)
  (LeakyReLU): LeakyReLU(negative_slope=0.01)
)
build_Decoder(
  (FC_hidden): Linear(in_features=5, out_features=5, bias=True)
  (FC_hidden2): Linear(in_features=5, out_features=5, bias=True)
  (FC_output): Linear(in_features=5, out_features=5, bias=True)
  (LeakyReLU): LeakyReLU(negative_slope=0.2)
)
epoch: 0
epoch_0_loss:  1.1679898535397746
epoch: 1
epoch_1_loss:  1.167955800931086
epoch: 2
epoch_2_loss:  1.1679374085380914
epoch: 3
epoch_3_loss:  1.1679907908413567
epoch: 4
epoch_4_loss:  1.1679652823625304
epoch: 5
epoch_5_loss:  1.1679761783987674
epoch: 6
epoch_6_loss:  1.1679865853371711
epoch: 7
epoch_7_loss:  1.1679440904719047
epoch: 8
epoch_8_loss:  1.1679048813237658
epoch: 9
epoch_9_loss:  1.167957759639642
epoch: 10
epoch_10_loss:  1.1679735567842697
epoch: 11
epoch_11_loss:  1.16794839809179
epoch: 12
epoch_12_loss:  1.1680093665407238
epoch: 13
epoch_13_loss:  1.1680118108860151
epoch: 14
epoch_14_loss:  1.1679107952470211
[1.1679898535397746, 1.167955800931086, 1.1679374085380914, 1.1679907908413567, 1.1679652823625304, 1.1679761783987674, 1.1679865853371711, 1.1679440904719047, 1.1679048813237658, 1.167957759639642, 1.1679735567842697, 1.16794839809179, 1.1680093665407238, 1.1680118108860151, 1.1679107952470211]
