[I 2022-11-13 12:03:34,155] Trial 67 finished with value: 1.0807433364935297 and parameters: {'optimizer': 'Adam', 'lr': 7.11741106282044e-05, 'n_layers': 2, 'n_units_l0': 4, 'n_units_l1': 4}. Best is trial 26 with value: 1.034786592180601.
Sequential(
  (0): Linear(in_features=5, out_features=3, bias=True)
  (1): ReLU()
  (2): Linear(in_features=3, out_features=4, bias=True)
  (3): ReLU()
)
Sequential(
  (0): Linear(in_features=4, out_features=3, bias=True)
  (1): ReLU()
  (2): Linear(in_features=3, out_features=5, bias=True)
)
epoch: 0
epoch_0_loss:  1.1774967738399316
epoch: 1
epoch_1_loss:  1.1774967738399316
epoch: 2
epoch_2_loss:  1.1774967738399316
epoch: 3
epoch_3_loss:  1.1774967738399316
epoch: 4
epoch_4_loss:  1.1774967738399316
epoch: 5
epoch_5_loss:  1.1774967738399316
epoch: 6
epoch_6_loss:  1.1774967738399316
epoch: 7
epoch_7_loss:  1.1774967738399316
epoch: 8
epoch_8_loss:  1.1774967738399316
epoch: 9
epoch_9_loss:  1.1774967738399316
epoch: 10
epoch_10_loss:  1.1774967738399316
epoch: 11
epoch_11_loss:  1.1774967738399316
epoch: 12
epoch_12_loss:  1.1774967738399316
epoch: 13
epoch_13_loss:  1.1774967738399316
epoch: 14
epoch_14_loss:  1.1774967738399316
[1.1774967738399316, 1.1774967738399316, 1.1774967738399316, 1.1774967738399316, 1.1774967738399316, 1.1774967738399316, 1.1774967738399316, 1.1774967738399316, 1.1774967738399316, 1.1774967738399316, 1.1774967738399316, 1.1774967738399316, 1.1774967738399316, 1.1774967738399316, 1.1774967738399316]
[I 2022-11-13 12:04:30,825] Trial 68 finished with value: 1.1774967738399316 and parameters: {'optimizer': 'Adam', 'lr': 0.0003410631961654007, 'n_layers': 2, 'n_units_l0': 3, 'n_units_l1': 4}. Best is trial 26 with value: 1.034786592180601.
Sequential(
  (0): Linear(in_features=5, out_features=2, bias=True)
  (1): ReLU()
  (2): Linear(in_features=2, out_features=2, bias=True)
  (3): ReLU()
  (4): Linear(in_features=2, out_features=3, bias=True)
  (5): ReLU()
)
Sequential(
  (0): Linear(in_features=3, out_features=2, bias=True)
  (1): ReLU()
  (2): Linear(in_features=2, out_features=2, bias=True)
  (3): ReLU()
  (4): Linear(in_features=2, out_features=5, bias=True)
)
epoch: 0
epoch_0_loss:  1.1225703873420438
epoch: 1
epoch_1_loss:  1.1225703873420438
epoch: 2
epoch_2_loss:  1.1225703873420438
epoch: 3
epoch_3_loss:  1.1225703873420438
epoch: 4
epoch_4_loss:  1.1225703873420438
epoch: 5
epoch_5_loss:  1.1225703873420438
epoch: 6
epoch_6_loss:  1.1225703873420438
epoch: 7
epoch_7_loss:  1.1225703873420438
epoch: 8
epoch_8_loss:  1.1225703873420438
epoch: 9
epoch_9_loss:  1.1225703873420438
epoch: 10
epoch_10_loss:  1.1225703873420438
epoch: 11
epoch_11_loss:  1.1225703873420438
epoch: 12
epoch_12_loss:  1.1225703873420438
epoch: 13
epoch_13_loss:  1.1225703873420438
epoch: 14
epoch_14_loss:  1.1225703873420438
[1.1225703873420438, 1.1225703873420438, 1.1225703873420438, 1.1225703873420438, 1.1225703873420438, 1.1225703873420438, 1.1225703873420438, 1.1225703873420438, 1.1225703873420438, 1.1225703873420438, 1.1225703873420438, 1.1225703873420438, 1.1225703873420438, 1.1225703873420438, 1.1225703873420438]
[I 2022-11-13 12:05:39,349] Trial 69 finished with value: 1.1225703873420438 and parameters: {'optimizer': 'Adam', 'lr': 1.8999030865694202e-05, 'n_layers': 3, 'n_units_l0': 2, 'n_units_l1': 2, 'n_units_l2': 3}. Best is trial 26 with value: 1.034786592180601.
Sequential(
  (0): Linear(in_features=5, out_features=4, bias=True)
  (1): ReLU()
  (2): Linear(in_features=4, out_features=3, bias=True)
  (3): ReLU()
)
Sequential(
  (0): Linear(in_features=3, out_features=4, bias=True)
  (1): ReLU()
  (2): Linear(in_features=4, out_features=5, bias=True)
)
epoch: 0
epoch_0_loss:  1.1457164108425115
epoch: 1
epoch_1_loss:  1.1457164108425115
epoch: 2
epoch_2_loss:  1.1457164108425115
epoch: 3
epoch_3_loss:  1.1457164108425115
epoch: 4
epoch_4_loss:  1.1457164108425115
epoch: 5
epoch_5_loss:  1.1457164108425115
epoch: 6
epoch_6_loss:  1.1457164108425115
epoch: 7
epoch_7_loss:  1.1457164108425115
epoch: 8
epoch_8_loss:  1.1457164108425115
epoch: 9
epoch_9_loss:  1.1457164108425115
epoch: 10
epoch_10_loss:  1.1457164108425115
epoch: 11
epoch_11_loss:  1.1457164108425115
epoch: 12
epoch_12_loss:  1.1457164108425115
epoch: 13
epoch_13_loss:  1.1457164108425115
epoch: 14
epoch_14_loss:  1.1457164108425115
[1.1457164108425115, 1.1457164108425115, 1.1457164108425115, 1.1457164108425115, 1.1457164108425115, 1.1457164108425115, 1.1457164108425115, 1.1457164108425115, 1.1457164108425115, 1.1457164108425115, 1.1457164108425115, 1.1457164108425115, 1.1457164108425115, 1.1457164108425115, 1.1457164108425115]
[I 2022-11-13 12:06:35,688] Trial 70 finished with value: 1.1457164108425115 and parameters: {'optimizer': 'Adam', 'lr': 0.000107728489872208, 'n_layers': 2, 'n_units_l0': 4, 'n_units_l1': 3}. Best is trial 26 with value: 1.034786592180601.
Sequential(
  (0): Linear(in_features=5, out_features=5, bias=True)
  (1): ReLU()
  (2): Linear(in_features=5, out_features=5, bias=True)
  (3): ReLU()
)
Sequential(
  (0): Linear(in_features=5, out_features=5, bias=True)
  (1): ReLU()
  (2): Linear(in_features=5, out_features=5, bias=True)
)
epoch: 0
epoch_0_loss:  1.0714979545361678
epoch: 1
epoch_1_loss:  1.0714979545361678
epoch: 2
epoch_2_loss:  1.0714979545361678
epoch: 3
epoch_3_loss:  1.0714979545361678
epoch: 4
epoch_4_loss:  1.0714979545361678
epoch: 5
epoch_5_loss:  1.0714979545361678
epoch: 6
epoch_6_loss:  1.0714979545361678
epoch: 7
epoch_7_loss:  1.0714979545361678
epoch: 8
epoch_8_loss:  1.0714979545361678
epoch: 9
epoch_9_loss:  1.0714979545361678
epoch: 10
epoch_10_loss:  1.0714979545361678
epoch: 11
epoch_11_loss:  1.0714979545361678
epoch: 12
epoch_12_loss:  1.0714979545361678
epoch: 13
epoch_13_loss:  1.0714979545361678
epoch: 14
epoch_14_loss:  1.0714979545361678
[1.0714979545361678, 1.0714979545361678, 1.0714979545361678, 1.0714979545361678, 1.0714979545361678, 1.0714979545361678, 1.0714979545361678, 1.0714979545361678, 1.0714979545361678, 1.0714979545361678, 1.0714979545361678, 1.0714979545361678, 1.0714979545361678, 1.0714979545361678, 1.0714979545361678]
[I 2022-11-13 12:07:31,867] Trial 71 finished with value: 1.0714979545361678 and parameters: {'optimizer': 'Adam', 'lr': 0.00026169439208320795, 'n_layers': 2, 'n_units_l0': 5, 'n_units_l1': 5}. Best is trial 26 with value: 1.034786592180601.
Sequential(
  (0): Linear(in_features=5, out_features=5, bias=True)
  (1): ReLU()
  (2): Linear(in_features=5, out_features=5, bias=True)
  (3): ReLU()
)
Sequential(
  (0): Linear(in_features=5, out_features=5, bias=True)
  (1): ReLU()
  (2): Linear(in_features=5, out_features=5, bias=True)
)
epoch: 0
epoch_0_loss:  1.054180346164895
epoch: 1
epoch_1_loss:  1.054180346164895
epoch: 2
epoch_2_loss:  1.054180346164895
epoch: 3
epoch_3_loss:  1.054180346164895
epoch: 4
epoch_4_loss:  1.054180346164895
epoch: 5
epoch_5_loss:  1.054180346164895
epoch: 6
epoch_6_loss:  1.054180346164895
epoch: 7
epoch_7_loss:  1.054180346164895
epoch: 8
epoch_8_loss:  1.054180346164895
epoch: 9
epoch_9_loss:  1.054180346164895
epoch: 10
epoch_10_loss:  1.054180346164895
epoch: 11
epoch_11_loss:  1.054180346164895
epoch: 12
epoch_12_loss:  1.054180346164895
epoch: 13
epoch_13_loss:  1.054180346164895
epoch: 14
epoch_14_loss:  1.054180346164895
[1.054180346164895, 1.054180346164895, 1.054180346164895, 1.054180346164895, 1.054180346164895, 1.054180346164895, 1.054180346164895, 1.054180346164895, 1.054180346164895, 1.054180346164895, 1.054180346164895, 1.054180346164895, 1.054180346164895, 1.054180346164895, 1.054180346164895]
[I 2022-11-13 12:08:28,162] Trial 72 finished with value: 1.054180346164895 and parameters: {'optimizer': 'Adam', 'lr': 0.00021802240807986537, 'n_layers': 2, 'n_units_l0': 5, 'n_units_l1': 5}. Best is trial 26 with value: 1.034786592180601.
Sequential(
  (0): Linear(in_features=5, out_features=5, bias=True)
  (1): ReLU()
  (2): Linear(in_features=5, out_features=5, bias=True)
  (3): ReLU()
)
Sequential(
  (0): Linear(in_features=5, out_features=5, bias=True)
  (1): ReLU()
  (2): Linear(in_features=5, out_features=5, bias=True)
)
epoch: 0
epoch_0_loss:  1.1263403342172866
epoch: 1
epoch_1_loss:  1.1263403342172866
epoch: 2
epoch_2_loss:  1.1263403342172866
epoch: 3
epoch_3_loss:  1.1263403342172866
epoch: 4
epoch_4_loss:  1.1263403342172866
epoch: 5
epoch_5_loss:  1.1263403342172866
epoch: 6
epoch_6_loss:  1.1263403342172866
epoch: 7
epoch_7_loss:  1.1263403342172866
epoch: 8
epoch_8_loss:  1.1263403342172866
epoch: 9
epoch_9_loss:  1.1263403342172866
epoch: 10
epoch_10_loss:  1.1263403342172866
epoch: 11
epoch_11_loss:  1.1263403342172866
epoch: 12
epoch_12_loss:  1.1263403342172866
epoch: 13
epoch_13_loss:  1.1263403342172866
epoch: 14
epoch_14_loss:  1.1263403342172866
[1.1263403342172866, 1.1263403342172866, 1.1263403342172866, 1.1263403342172866, 1.1263403342172866, 1.1263403342172866, 1.1263403342172866, 1.1263403342172866, 1.1263403342172866, 1.1263403342172866, 1.1263403342172866, 1.1263403342172866, 1.1263403342172866, 1.1263403342172866, 1.1263403342172866]
[I 2022-11-13 12:09:24,534] Trial 73 finished with value: 1.1263403342172866 and parameters: {'optimizer': 'Adam', 'lr': 0.000170704411504881, 'n_layers': 2, 'n_units_l0': 5, 'n_units_l1': 5}. Best is trial 26 with value: 1.034786592180601.
Sequential(
  (0): Linear(in_features=5, out_features=5, bias=True)
  (1): ReLU()
  (2): Linear(in_features=5, out_features=5, bias=True)
  (3): ReLU()
)
Sequential(
  (0): Linear(in_features=5, out_features=5, bias=True)
  (1): ReLU()
  (2): Linear(in_features=5, out_features=5, bias=True)
)
epoch: 0
epoch_0_loss:  1.0534250481291256
epoch: 1
epoch_1_loss:  1.0534250481291256
epoch: 2
epoch_2_loss:  1.0534250481291256
epoch: 3
epoch_3_loss:  1.0534250481291256
epoch: 4
epoch_4_loss:  1.0534250481291256
epoch: 5
epoch_5_loss:  1.0534250481291256
epoch: 6
epoch_6_loss:  1.0534250481291256
epoch: 7
epoch_7_loss:  1.0534250481291256
epoch: 8
epoch_8_loss:  1.0534250481291256
epoch: 9
epoch_9_loss:  1.0534250481291256
epoch: 10
epoch_10_loss:  1.0534250481291256
epoch: 11
epoch_11_loss:  1.0534250481291256
epoch: 12
epoch_12_loss:  1.0534250481291256
epoch: 13
epoch_13_loss:  1.0534250481291256
epoch: 14
epoch_14_loss:  1.0534250481291256
[1.0534250481291256, 1.0534250481291256, 1.0534250481291256, 1.0534250481291256, 1.0534250481291256, 1.0534250481291256, 1.0534250481291256, 1.0534250481291256, 1.0534250481291256, 1.0534250481291256, 1.0534250481291256, 1.0534250481291256, 1.0534250481291256, 1.0534250481291256, 1.0534250481291256]
[I 2022-11-13 12:10:20,934] Trial 74 finished with value: 1.0534250481291256 and parameters: {'optimizer': 'Adam', 'lr': 0.00021803610952823532, 'n_layers': 2, 'n_units_l0': 5, 'n_units_l1': 5}. Best is trial 26 with value: 1.034786592180601.
Sequential(
  (0): Linear(in_features=5, out_features=5, bias=True)
  (1): ReLU()
  (2): Linear(in_features=5, out_features=5, bias=True)
  (3): ReLU()
)
Sequential(
  (0): Linear(in_features=5, out_features=5, bias=True)
  (1): ReLU()
  (2): Linear(in_features=5, out_features=5, bias=True)
)
epoch: 0
epoch_0_loss:  1.0732145353965121
epoch: 1
epoch_1_loss:  1.0732145353965121
epoch: 2
epoch_2_loss:  1.0732145353965121
epoch: 3
epoch_3_loss:  1.0732145353965121
epoch: 4
epoch_4_loss:  1.0732145353965121
epoch: 5
epoch_5_loss:  1.0732145353965121
epoch: 6
epoch_6_loss:  1.0732145353965121
epoch: 7
epoch_7_loss:  1.0732145353965121
epoch: 8
epoch_8_loss:  1.0732145353965121
epoch: 9
epoch_9_loss:  1.0732145353965121
epoch: 10
epoch_10_loss:  1.0732145353965121
epoch: 11
epoch_11_loss:  1.0732145353965121
epoch: 12
epoch_12_loss:  1.0732145353965121
epoch: 13
epoch_13_loss:  1.0732145353965121
epoch: 14
epoch_14_loss:  1.0732145353965121
[1.0732145353965121, 1.0732145353965121, 1.0732145353965121, 1.0732145353965121, 1.0732145353965121, 1.0732145353965121, 1.0732145353965121, 1.0732145353965121, 1.0732145353965121, 1.0732145353965121, 1.0732145353965121, 1.0732145353965121, 1.0732145353965121, 1.0732145353965121, 1.0732145353965121]
[I 2022-11-13 12:11:17,213] Trial 75 finished with value: 1.0732145353965121 and parameters: {'optimizer': 'Adam', 'lr': 0.00020458182378477817, 'n_layers': 2, 'n_units_l0': 5, 'n_units_l1': 5}. Best is trial 26 with value: 1.034786592180601.
Sequential(
  (0): Linear(in_features=5, out_features=5, bias=True)
  (1): ReLU()
  (2): Linear(in_features=5, out_features=5, bias=True)
  (3): ReLU()
)
Sequential(
  (0): Linear(in_features=5, out_features=5, bias=True)
  (1): ReLU()
  (2): Linear(in_features=5, out_features=5, bias=True)
)
epoch: 0
epoch_0_loss:  1.0454575017955778
epoch: 1
epoch_1_loss:  1.0454575017955778
epoch: 2
epoch_2_loss:  1.0454575017955778
epoch: 3
epoch_3_loss:  1.0454575017955778
epoch: 4
epoch_4_loss:  1.0454575017955778
epoch: 5
epoch_5_loss:  1.0454575017955778
epoch: 6
epoch_6_loss:  1.0454575017955778
epoch: 7
epoch_7_loss:  1.0454575017955778
epoch: 8
epoch_8_loss:  1.0454575017955778
epoch: 9
epoch_9_loss:  1.0454575017955778
epoch: 10
epoch_10_loss:  1.0454575017955778
epoch: 11
epoch_11_loss:  1.0454575017955778
epoch: 12
epoch_12_loss:  1.0454575017955778
epoch: 13
epoch_13_loss:  1.0454575017955778
epoch: 14
epoch_14_loss:  1.0454575017955778
[1.0454575017955778, 1.0454575017955778, 1.0454575017955778, 1.0454575017955778, 1.0454575017955778, 1.0454575017955778, 1.0454575017955778, 1.0454575017955778, 1.0454575017955778, 1.0454575017955778, 1.0454575017955778, 1.0454575017955778, 1.0454575017955778, 1.0454575017955778, 1.0454575017955778]
[I 2022-11-13 12:12:13,431] Trial 76 finished with value: 1.0454575017955778 and parameters: {'optimizer': 'Adam', 'lr': 0.0002959553854442458, 'n_layers': 2, 'n_units_l0': 5, 'n_units_l1': 5}. Best is trial 26 with value: 1.034786592180601.
Sequential(
  (0): Linear(in_features=5, out_features=5, bias=True)
  (1): ReLU()
  (2): Linear(in_features=5, out_features=5, bias=True)
  (3): ReLU()
)
Sequential(
  (0): Linear(in_features=5, out_features=5, bias=True)
  (1): ReLU()
  (2): Linear(in_features=5, out_features=5, bias=True)
)
epoch: 0
epoch_0_loss:  1.099383358167366
epoch: 1
epoch_1_loss:  1.099383358167366
epoch: 2
epoch_2_loss:  1.099383358167366
epoch: 3
epoch_3_loss:  1.099383358167366
epoch: 4
epoch_4_loss:  1.099383358167366
epoch: 5
epoch_5_loss:  1.099383358167366
epoch: 6
epoch_6_loss:  1.099383358167366
epoch: 7
epoch_7_loss:  1.099383358167366
epoch: 8
epoch_8_loss:  1.099383358167366
epoch: 9
epoch_9_loss:  1.099383358167366
epoch: 10
epoch_10_loss:  1.099383358167366
epoch: 11
epoch_11_loss:  1.099383358167366
epoch: 12
epoch_12_loss:  1.099383358167366
epoch: 13
epoch_13_loss:  1.099383358167366
epoch: 14
epoch_14_loss:  1.099383358167366
[1.099383358167366, 1.099383358167366, 1.099383358167366, 1.099383358167366, 1.099383358167366, 1.099383358167366, 1.099383358167366, 1.099383358167366, 1.099383358167366, 1.099383358167366, 1.099383358167366, 1.099383358167366, 1.099383358167366, 1.099383358167366, 1.099383358167366]
[I 2022-11-13 12:13:09,907] Trial 77 finished with value: 1.099383358167366 and parameters: {'optimizer': 'Adam', 'lr': 0.0003102521206409971, 'n_layers': 2, 'n_units_l0': 5, 'n_units_l1': 5}. Best is trial 26 with value: 1.034786592180601.
Sequential(
  (0): Linear(in_features=5, out_features=5, bias=True)
  (1): ReLU()
  (2): Linear(in_features=5, out_features=5, bias=True)
  (3): ReLU()
)
Sequential(
  (0): Linear(in_features=5, out_features=5, bias=True)
  (1): ReLU()
  (2): Linear(in_features=5, out_features=5, bias=True)
)
epoch: 0
epoch_0_loss:  1.0675549494660452
epoch: 1
epoch_1_loss:  1.0675549494660452
epoch: 2
epoch_2_loss:  1.0675549494660452
epoch: 3
epoch_3_loss:  1.0675549494660452
epoch: 4
epoch_4_loss:  1.0675549494660452
epoch: 5
epoch_5_loss:  1.0675549494660452
epoch: 6
epoch_6_loss:  1.0675549494660452
epoch: 7
epoch_7_loss:  1.0675549494660452
epoch: 8
epoch_8_loss:  1.0675549494660452
epoch: 9
epoch_9_loss:  1.0675549494660452
epoch: 10
epoch_10_loss:  1.0675549494660452
epoch: 11
epoch_11_loss:  1.0675549494660452
epoch: 12
epoch_12_loss:  1.0675549494660452
epoch: 13
epoch_13_loss:  1.0675549494660452
epoch: 14
epoch_14_loss:  1.0675549494660452
[1.0675549494660452, 1.0675549494660452, 1.0675549494660452, 1.0675549494660452, 1.0675549494660452, 1.0675549494660452, 1.0675549494660452, 1.0675549494660452, 1.0675549494660452, 1.0675549494660452, 1.0675549494660452, 1.0675549494660452, 1.0675549494660452, 1.0675549494660452, 1.0675549494660452]
[I 2022-11-13 12:14:06,232] Trial 78 finished with value: 1.0675549494660452 and parameters: {'optimizer': 'Adam', 'lr': 0.0002328047501538495, 'n_layers': 2, 'n_units_l0': 5, 'n_units_l1': 5}. Best is trial 26 with value: 1.034786592180601.
Sequential(
  (0): Linear(in_features=5, out_features=5, bias=True)
  (1): ReLU()
  (2): Linear(in_features=5, out_features=5, bias=True)
  (3): ReLU()
)
Sequential(
  (0): Linear(in_features=5, out_features=5, bias=True)
  (1): ReLU()
  (2): Linear(in_features=5, out_features=5, bias=True)
)
epoch: 0
epoch_0_loss:  1.066060986015158
epoch: 1
epoch_1_loss:  1.066060986015158
epoch: 2
epoch_2_loss:  1.066060986015158
epoch: 3
epoch_3_loss:  1.066060986015158
epoch: 4
epoch_4_loss:  1.066060986015158
epoch: 5
epoch_5_loss:  1.066060986015158
epoch: 6
epoch_6_loss:  1.066060986015158
epoch: 7
epoch_7_loss:  1.066060986015158
epoch: 8
epoch_8_loss:  1.066060986015158
epoch: 9
epoch_9_loss:  1.066060986015158
epoch: 10
epoch_10_loss:  1.066060986015158
epoch: 11
epoch_11_loss:  1.066060986015158
epoch: 12
epoch_12_loss:  1.066060986015158
epoch: 13
epoch_13_loss:  1.066060986015158
epoch: 14
epoch_14_loss:  1.066060986015158
[1.066060986015158, 1.066060986015158, 1.066060986015158, 1.066060986015158, 1.066060986015158, 1.066060986015158, 1.066060986015158, 1.066060986015158, 1.066060986015158, 1.066060986015158, 1.066060986015158, 1.066060986015158, 1.066060986015158, 1.066060986015158, 1.066060986015158]
[I 2022-11-13 12:15:02,576] Trial 79 finished with value: 1.066060986015158 and parameters: {'optimizer': 'Adam', 'lr': 0.00013574787471584132, 'n_layers': 2, 'n_units_l0': 5, 'n_units_l1': 5}. Best is trial 26 with value: 1.034786592180601.
Sequential(
  (0): Linear(in_features=5, out_features=5, bias=True)
  (1): ReLU()
  (2): Linear(in_features=5, out_features=5, bias=True)
  (3): ReLU()
)
Sequential(
  (0): Linear(in_features=5, out_features=5, bias=True)
  (1): ReLU()
  (2): Linear(in_features=5, out_features=5, bias=True)
)
epoch: 0
epoch_0_loss:  1.1536505220732927
epoch: 1
epoch_1_loss:  1.1536505220732927
epoch: 2
epoch_2_loss:  1.1536505220732927
epoch: 3
epoch_3_loss:  1.1536505220732927
epoch: 4
epoch_4_loss:  1.1536505220732927
epoch: 5
epoch_5_loss:  1.1536505220732927
epoch: 6
epoch_6_loss:  1.1536505220732927
epoch: 7
epoch_7_loss:  1.1536505220732927
epoch: 8
epoch_8_loss:  1.1536505220732927
epoch: 9
epoch_9_loss:  1.1536505220732927
epoch: 10
epoch_10_loss:  1.1536505220732927
epoch: 11
epoch_11_loss:  1.1536505220732927
epoch: 12
epoch_12_loss:  1.1536505220732927
epoch: 13
epoch_13_loss:  1.1536505220732927
epoch: 14
epoch_14_loss:  1.1536505220732927
[1.1536505220732927, 1.1536505220732927, 1.1536505220732927, 1.1536505220732927, 1.1536505220732927, 1.1536505220732927, 1.1536505220732927, 1.1536505220732927, 1.1536505220732927, 1.1536505220732927, 1.1536505220732927, 1.1536505220732927, 1.1536505220732927, 1.1536505220732927, 1.1536505220732927]
[I 2022-11-13 12:15:58,863] Trial 80 finished with value: 1.1536505220732927 and parameters: {'optimizer': 'Adam', 'lr': 0.0004805904816042021, 'n_layers': 2, 'n_units_l0': 5, 'n_units_l1': 5}. Best is trial 26 with value: 1.034786592180601.
Sequential(
  (0): Linear(in_features=5, out_features=5, bias=True)
  (1): ReLU()
  (2): Linear(in_features=5, out_features=5, bias=True)
  (3): ReLU()
)
Sequential(
  (0): Linear(in_features=5, out_features=5, bias=True)
  (1): ReLU()
  (2): Linear(in_features=5, out_features=5, bias=True)
)
epoch: 0
epoch_0_loss:  1.0919293951390776
epoch: 1
epoch_1_loss:  1.0919293951390776
epoch: 2
epoch_2_loss:  1.0919293951390776
epoch: 3
epoch_3_loss:  1.0919293951390776
epoch: 4
epoch_4_loss:  1.0919293951390776
epoch: 5
epoch_5_loss:  1.0919293951390776
epoch: 6
epoch_6_loss:  1.0919293951390776
epoch: 7
epoch_7_loss:  1.0919293951390776
epoch: 8
epoch_8_loss:  1.0919293951390776
epoch: 9
epoch_9_loss:  1.0919293951390776
epoch: 10
epoch_10_loss:  1.0919293951390776
epoch: 11
epoch_11_loss:  1.0919293951390776
epoch: 12
epoch_12_loss:  1.0919293951390776
epoch: 13
epoch_13_loss:  1.0919293951390776
epoch: 14
epoch_14_loss:  1.0919293951390776
[1.0919293951390776, 1.0919293951390776, 1.0919293951390776, 1.0919293951390776, 1.0919293951390776, 1.0919293951390776, 1.0919293951390776, 1.0919293951390776, 1.0919293951390776, 1.0919293951390776, 1.0919293951390776, 1.0919293951390776, 1.0919293951390776, 1.0919293951390776, 1.0919293951390776]
