[I 2022-11-13 15:38:12,852] Trial 66 finished with value: 1.2114434078767649 and parameters: {'optimizer': 'Adam', 'lr': 5.065057939642545e-05, 'hidden_dim': 4, 'latent_dim': 4}. Best is trial 58 with value: 1.0133226465254404.
build_Encoder(
  (FC_input): Linear(in_features=5, out_features=4, bias=True)
  (FC_input2): Linear(in_features=4, out_features=4, bias=True)
  (FC_mean): Linear(in_features=4, out_features=4, bias=True)
  (FC_var): Linear(in_features=4, out_features=4, bias=True)
  (LeakyReLU): LeakyReLU(negative_slope=0.01)
)
build_Decoder(
  (FC_hidden): Linear(in_features=4, out_features=4, bias=True)
  (FC_hidden2): Linear(in_features=4, out_features=4, bias=True)
  (FC_output): Linear(in_features=4, out_features=5, bias=True)
  (LeakyReLU): LeakyReLU(negative_slope=0.2)
)
epoch: 0
epoch_0_loss:  1.0795105539064869
epoch: 1
epoch_1_loss:  1.0804128057839262
epoch: 2
epoch_2_loss:  1.0789277763275449
epoch: 3
epoch_3_loss:  1.0805240628124118
epoch: 4
epoch_4_loss:  1.081311277342317
epoch: 5
epoch_5_loss:  1.0790078445383093
epoch: 6
epoch_6_loss:  1.0805586693878593
epoch: 7
epoch_7_loss:  1.0799621019678807
epoch: 8
epoch_8_loss:  1.0799501052963332
epoch: 9
epoch_9_loss:  1.0789049816160332
epoch: 10
epoch_10_loss:  1.0813823414874402
epoch: 11
epoch_11_loss:  1.081377639610686
epoch: 12
epoch_12_loss:  1.08098692239023
epoch: 13
epoch_13_loss:  1.0799073906806023
epoch: 14
epoch_14_loss:  1.0804124232551429
[1.0795105539064869, 1.0804128057839262, 1.0789277763275449, 1.0805240628124118, 1.081311277342317, 1.0790078445383093, 1.0805586693878593, 1.0799621019678807, 1.0799501052963332, 1.0789049816160332, 1.0813823414874402, 1.081377639610686, 1.08098692239023, 1.0799073906806023, 1.0804124232551429]
[I 2022-11-13 15:39:44,553] Trial 67 finished with value: 1.0804124232551429 and parameters: {'optimizer': 'Adam', 'lr': 1.8895054843669358e-05, 'hidden_dim': 4, 'latent_dim': 4}. Best is trial 58 with value: 1.0133226465254404.
build_Encoder(
  (FC_input): Linear(in_features=5, out_features=4, bias=True)
  (FC_input2): Linear(in_features=4, out_features=4, bias=True)
  (FC_mean): Linear(in_features=4, out_features=3, bias=True)
  (FC_var): Linear(in_features=4, out_features=3, bias=True)
  (LeakyReLU): LeakyReLU(negative_slope=0.01)
)
build_Decoder(
  (FC_hidden): Linear(in_features=3, out_features=4, bias=True)
  (FC_hidden2): Linear(in_features=4, out_features=4, bias=True)
  (FC_output): Linear(in_features=4, out_features=5, bias=True)
  (LeakyReLU): LeakyReLU(negative_slope=0.2)
)
epoch: 0
epoch_0_loss:  1.0470994299700032
epoch: 1
epoch_1_loss:  1.0466265650297215
epoch: 2
epoch_2_loss:  1.0474771257985183
epoch: 3
epoch_3_loss:  1.0469629953725426
epoch: 4
epoch_4_loss:  1.0466249540179042
epoch: 5
epoch_5_loss:  1.0477541387984823
epoch: 6
epoch_6_loss:  1.046700494891962
epoch: 7
epoch_7_loss:  1.0475516695308453
epoch: 8
epoch_8_loss:  1.0476287323499693
epoch: 9
epoch_9_loss:  1.0465621309651172
epoch: 10
epoch_10_loss:  1.046151599257825
epoch: 11
epoch_11_loss:  1.046016873293748
epoch: 12
epoch_12_loss:  1.047038589308515
epoch: 13
epoch_13_loss:  1.0475121444263722
epoch: 14
epoch_14_loss:  1.047582855597892
[1.0470994299700032, 1.0466265650297215, 1.0474771257985183, 1.0469629953725426, 1.0466249540179042, 1.0477541387984823, 1.046700494891962, 1.0475516695308453, 1.0476287323499693, 1.0465621309651172, 1.046151599257825, 1.046016873293748, 1.047038589308515, 1.0475121444263722, 1.047582855597892]
[I 2022-11-13 15:41:04,746] Trial 68 finished with value: 1.047582855597892 and parameters: {'optimizer': 'Adam', 'lr': 3.229544547616524e-05, 'hidden_dim': 4, 'latent_dim': 3}. Best is trial 58 with value: 1.0133226465254404.
build_Encoder(
  (FC_input): Linear(in_features=5, out_features=4, bias=True)
  (FC_input2): Linear(in_features=4, out_features=4, bias=True)
  (FC_mean): Linear(in_features=4, out_features=4, bias=True)
  (FC_var): Linear(in_features=4, out_features=4, bias=True)
  (LeakyReLU): LeakyReLU(negative_slope=0.01)
)
build_Decoder(
  (FC_hidden): Linear(in_features=4, out_features=4, bias=True)
  (FC_hidden2): Linear(in_features=4, out_features=4, bias=True)
  (FC_output): Linear(in_features=4, out_features=5, bias=True)
  (LeakyReLU): LeakyReLU(negative_slope=0.2)
)
epoch: 0
epoch_0_loss:  1.0908882709350973
epoch: 1
epoch_1_loss:  1.0914276634027138
epoch: 2
epoch_2_loss:  1.0908835581012197
epoch: 3
epoch_3_loss:  1.0909660542448991
epoch: 4
epoch_4_loss:  1.0898652601193244
epoch: 5
epoch_5_loss:  1.0910821364317804
epoch: 6
epoch_6_loss:  1.0906227276066136
epoch: 7
epoch_7_loss:  1.0911625572325085
epoch: 8
epoch_8_loss:  1.0911370205031292
epoch: 9
epoch_9_loss:  1.0913024392277335
epoch: 10
epoch_10_loss:  1.0908027064244026
epoch: 11
epoch_11_loss:  1.0912340966068172
epoch: 12
epoch_12_loss:  1.0911770026846046
epoch: 13
epoch_13_loss:  1.09040997207146
epoch: 14
epoch_14_loss:  1.0904682876244376
[1.0908882709350973, 1.0914276634027138, 1.0908835581012197, 1.0909660542448991, 1.0898652601193244, 1.0910821364317804, 1.0906227276066136, 1.0911625572325085, 1.0911370205031292, 1.0913024392277335, 1.0908027064244026, 1.0912340966068172, 1.0911770026846046, 1.09040997207146, 1.0904682876244376]
[I 2022-11-13 15:42:24,882] Trial 69 finished with value: 1.0904682876244376 and parameters: {'optimizer': 'Adam', 'lr': 2.2184649111803614e-05, 'hidden_dim': 4, 'latent_dim': 4}. Best is trial 58 with value: 1.0133226465254404.
build_Encoder(
  (FC_input): Linear(in_features=5, out_features=4, bias=True)
  (FC_input2): Linear(in_features=4, out_features=4, bias=True)
  (FC_mean): Linear(in_features=4, out_features=4, bias=True)
  (FC_var): Linear(in_features=4, out_features=4, bias=True)
  (LeakyReLU): LeakyReLU(negative_slope=0.01)
)
build_Decoder(
  (FC_hidden): Linear(in_features=4, out_features=4, bias=True)
  (FC_hidden2): Linear(in_features=4, out_features=4, bias=True)
  (FC_output): Linear(in_features=4, out_features=5, bias=True)
  (LeakyReLU): LeakyReLU(negative_slope=0.2)
)
epoch: 0
epoch_0_loss:  1.0605798960243227
epoch: 1
epoch_1_loss:  1.060617078518434
epoch: 2
epoch_2_loss:  1.060938433455306
epoch: 3
epoch_3_loss:  1.0604940077142717
epoch: 4
epoch_4_loss:  1.0603500042148237
epoch: 5
epoch_5_loss:  1.05976122233313
epoch: 6
epoch_6_loss:  1.0607406438008322
epoch: 7
epoch_7_loss:  1.0603261353785511
epoch: 8
epoch_8_loss:  1.0601665543456718
epoch: 9
epoch_9_loss:  1.0603592492794152
epoch: 10
epoch_10_loss:  1.0608173340190754
epoch: 11
epoch_11_loss:  1.0608141389269892
epoch: 12
epoch_12_loss:  1.0606934085646886
epoch: 13
epoch_13_loss:  1.0603195384647608
epoch: 14
epoch_14_loss:  1.060527161594524
[1.0605798960243227, 1.060617078518434, 1.060938433455306, 1.0604940077142717, 1.0603500042148237, 1.05976122233313, 1.0607406438008322, 1.0603261353785511, 1.0601665543456718, 1.0603592492794152, 1.0608173340190754, 1.0608141389269892, 1.0606934085646886, 1.0603195384647608, 1.060527161594524]
[I 2022-11-13 15:43:44,790] Trial 70 finished with value: 1.060527161594524 and parameters: {'optimizer': 'Adam', 'lr': 3.305800554630736e-05, 'hidden_dim': 4, 'latent_dim': 4}. Best is trial 58 with value: 1.0133226465254404.
build_Encoder(
  (FC_input): Linear(in_features=5, out_features=4, bias=True)
  (FC_input2): Linear(in_features=4, out_features=4, bias=True)
  (FC_mean): Linear(in_features=4, out_features=4, bias=True)
  (FC_var): Linear(in_features=4, out_features=4, bias=True)
  (LeakyReLU): LeakyReLU(negative_slope=0.01)
)
build_Decoder(
  (FC_hidden): Linear(in_features=4, out_features=4, bias=True)
  (FC_hidden2): Linear(in_features=4, out_features=4, bias=True)
  (FC_output): Linear(in_features=4, out_features=5, bias=True)
  (LeakyReLU): LeakyReLU(negative_slope=0.2)
)
epoch: 0
epoch_0_loss:  1.1266072963342775
epoch: 1
epoch_1_loss:  1.1282012489475925
epoch: 2
epoch_2_loss:  1.1292614911050982
epoch: 3
epoch_3_loss:  1.1318373947290354
epoch: 4
epoch_4_loss:  1.1305661659195625
epoch: 5
epoch_5_loss:  1.1286343015282845
epoch: 6
epoch_6_loss:  1.128742832564771
epoch: 7
epoch_7_loss:  1.128078946775935
epoch: 8
epoch_8_loss:  1.1282523748754634
epoch: 9
epoch_9_loss:  1.1303793941454943
epoch: 10
epoch_10_loss:  1.1291000902051853
epoch: 11
epoch_11_loss:  1.1320247334174893
epoch: 12
epoch_12_loss:  1.132402729394305
epoch: 13
epoch_13_loss:  1.1260490281905355
epoch: 14
epoch_14_loss:  1.1320881702019425
[1.1266072963342775, 1.1282012489475925, 1.1292614911050982, 1.1318373947290354, 1.1305661659195625, 1.1286343015282845, 1.128742832564771, 1.128078946775935, 1.1282523748754634, 1.1303793941454943, 1.1291000902051853, 1.1320247334174893, 1.132402729394305, 1.1260490281905355, 1.1320881702019425]
[I 2022-11-13 15:45:04,892] Trial 71 finished with value: 1.1320881702019425 and parameters: {'optimizer': 'Adam', 'lr': 6.950586797652921e-05, 'hidden_dim': 4, 'latent_dim': 4}. Best is trial 58 with value: 1.0133226465254404.
build_Encoder(
  (FC_input): Linear(in_features=5, out_features=4, bias=True)
  (FC_input2): Linear(in_features=4, out_features=4, bias=True)
  (FC_mean): Linear(in_features=4, out_features=4, bias=True)
  (FC_var): Linear(in_features=4, out_features=4, bias=True)
  (LeakyReLU): LeakyReLU(negative_slope=0.01)
)
build_Decoder(
  (FC_hidden): Linear(in_features=4, out_features=4, bias=True)
  (FC_hidden2): Linear(in_features=4, out_features=4, bias=True)
  (FC_output): Linear(in_features=4, out_features=5, bias=True)
  (LeakyReLU): LeakyReLU(negative_slope=0.2)
)
epoch: 0
epoch_0_loss:  1.07441053612865
epoch: 1
epoch_1_loss:  1.075358909788197
epoch: 2
epoch_2_loss:  1.0752590470335746
epoch: 3
epoch_3_loss:  1.0767633121882392
epoch: 4
epoch_4_loss:  1.0739417149862929
epoch: 5
epoch_5_loss:  1.0756122458575423
epoch: 6
epoch_6_loss:  1.0748617703784116
epoch: 7
epoch_7_loss:  1.0753392919619498
epoch: 8
epoch_8_loss:  1.0753567951252292
epoch: 9
epoch_9_loss:  1.0756605238403611
epoch: 10
epoch_10_loss:  1.0759993417327272
epoch: 11
epoch_11_loss:  1.0751501567557702
epoch: 12
epoch_12_loss:  1.0745620865583967
epoch: 13
epoch_13_loss:  1.074670769592152
epoch: 14
epoch_14_loss:  1.0753802337848826
[1.07441053612865, 1.075358909788197, 1.0752590470335746, 1.0767633121882392, 1.0739417149862929, 1.0756122458575423, 1.0748617703784116, 1.0753392919619498, 1.0753567951252292, 1.0756605238403611, 1.0759993417327272, 1.0751501567557702, 1.0745620865583967, 1.074670769592152, 1.0753802337848826]
[I 2022-11-13 15:46:24,548] Trial 72 finished with value: 1.0753802337848826 and parameters: {'optimizer': 'Adam', 'lr': 3.821144145538674e-05, 'hidden_dim': 4, 'latent_dim': 4}. Best is trial 58 with value: 1.0133226465254404.
build_Encoder(
  (FC_input): Linear(in_features=5, out_features=3, bias=True)
  (FC_input2): Linear(in_features=3, out_features=3, bias=True)
  (FC_mean): Linear(in_features=3, out_features=4, bias=True)
  (FC_var): Linear(in_features=3, out_features=4, bias=True)
  (LeakyReLU): LeakyReLU(negative_slope=0.01)
)
build_Decoder(
  (FC_hidden): Linear(in_features=4, out_features=3, bias=True)
  (FC_hidden2): Linear(in_features=3, out_features=3, bias=True)
  (FC_output): Linear(in_features=3, out_features=5, bias=True)
  (LeakyReLU): LeakyReLU(negative_slope=0.2)
)
epoch: 0
epoch_0_loss:  1.1877824434026287
epoch: 1
epoch_1_loss:  1.1879586434355347
epoch: 2
epoch_2_loss:  1.1890481361220595
epoch: 3
epoch_3_loss:  1.1875549138475912
epoch: 4
epoch_4_loss:  1.1880934176138764
epoch: 5
epoch_5_loss:  1.188304641151822
epoch: 6
epoch_6_loss:  1.1859505523551173
epoch: 7
epoch_7_loss:  1.1881181807988783
epoch: 8
epoch_8_loss:  1.1863518261286274
epoch: 9
epoch_9_loss:  1.1882573584862965
epoch: 10
epoch_10_loss:  1.1879105352875114
epoch: 11
epoch_11_loss:  1.1887529330806417
epoch: 12
epoch_12_loss:  1.1866077746814145
epoch: 13
epoch_13_loss:  1.1884866084969201
epoch: 14
epoch_14_loss:  1.18744406117806
[1.1877824434026287, 1.1879586434355347, 1.1890481361220595, 1.1875549138475912, 1.1880934176138764, 1.188304641151822, 1.1859505523551173, 1.1881181807988783, 1.1863518261286274, 1.1882573584862965, 1.1879105352875114, 1.1887529330806417, 1.1866077746814145, 1.1884866084969201, 1.18744406117806]
[I 2022-11-13 15:47:44,719] Trial 73 finished with value: 1.18744406117806 and parameters: {'optimizer': 'Adam', 'lr': 1.2703025979708876e-05, 'hidden_dim': 3, 'latent_dim': 4}. Best is trial 58 with value: 1.0133226465254404.
build_Encoder(
  (FC_input): Linear(in_features=5, out_features=4, bias=True)
  (FC_input2): Linear(in_features=4, out_features=4, bias=True)
  (FC_mean): Linear(in_features=4, out_features=4, bias=True)
  (FC_var): Linear(in_features=4, out_features=4, bias=True)
  (LeakyReLU): LeakyReLU(negative_slope=0.01)
)
build_Decoder(
  (FC_hidden): Linear(in_features=4, out_features=4, bias=True)
  (FC_hidden2): Linear(in_features=4, out_features=4, bias=True)
  (FC_output): Linear(in_features=4, out_features=5, bias=True)
  (LeakyReLU): LeakyReLU(negative_slope=0.2)
)
epoch: 0
epoch_0_loss:  1.156577225526765
epoch: 1
epoch_1_loss:  1.157889367660987
epoch: 2
epoch_2_loss:  1.1582231073476243
epoch: 3
epoch_3_loss:  1.1562723974712679
epoch: 4
epoch_4_loss:  1.1575972601188202
epoch: 5
epoch_5_loss:  1.1603844177548506
epoch: 6
epoch_6_loss:  1.1586386175339536
epoch: 7
epoch_7_loss:  1.1604838838941098
epoch: 8
epoch_8_loss:  1.1605648894459677
epoch: 9
epoch_9_loss:  1.159122159977886
epoch: 10
epoch_10_loss:  1.1585927348473357
epoch: 11
epoch_11_loss:  1.1592286001552898
epoch: 12
epoch_12_loss:  1.1572079368136996
epoch: 13
epoch_13_loss:  1.1602531605431703
epoch: 14
epoch_14_loss:  1.1582568179241202
[1.156577225526765, 1.157889367660987, 1.1582231073476243, 1.1562723974712679, 1.1575972601188202, 1.1603844177548506, 1.1586386175339536, 1.1604838838941098, 1.1605648894459677, 1.159122159977886, 1.1585927348473357, 1.1592286001552898, 1.1572079368136996, 1.1602531605431703, 1.1582568179241202]
[I 2022-11-13 15:49:05,120] Trial 74 finished with value: 1.1582568179241202 and parameters: {'optimizer': 'Adam', 'lr': 5.6683805145385265e-05, 'hidden_dim': 4, 'latent_dim': 4}. Best is trial 58 with value: 1.0133226465254404.
build_Encoder(
  (FC_input): Linear(in_features=5, out_features=4, bias=True)
  (FC_input2): Linear(in_features=4, out_features=4, bias=True)
  (FC_mean): Linear(in_features=4, out_features=4, bias=True)
  (FC_var): Linear(in_features=4, out_features=4, bias=True)
  (LeakyReLU): LeakyReLU(negative_slope=0.01)
)
build_Decoder(
  (FC_hidden): Linear(in_features=4, out_features=4, bias=True)
  (FC_hidden2): Linear(in_features=4, out_features=4, bias=True)
  (FC_output): Linear(in_features=4, out_features=5, bias=True)
  (LeakyReLU): LeakyReLU(negative_slope=0.2)
)
epoch: 0
epoch_0_loss:  1.0668922497139
epoch: 1
epoch_1_loss:  1.0723159631340757
epoch: 2
epoch_2_loss:  1.0692131586995646
epoch: 3
epoch_3_loss:  1.0707905304927752
epoch: 4
epoch_4_loss:  1.0698815989223298
epoch: 5
epoch_5_loss:  1.0683275206928362
epoch: 6
epoch_6_loss:  1.0716825861653856
epoch: 7
epoch_7_loss:  1.0696885538548524
epoch: 8
epoch_8_loss:  1.0683422991231364
epoch: 9
epoch_9_loss:  1.068523765636284
epoch: 10
epoch_10_loss:  1.0718861039588659
epoch: 11
epoch_11_loss:  1.069031741661266
epoch: 12
epoch_12_loss:  1.0684854978866598
epoch: 13
epoch_13_loss:  1.0718912785839956
epoch: 14
epoch_14_loss:  1.0698773836019626
[1.0668922497139, 1.0723159631340757, 1.0692131586995646, 1.0707905304927752, 1.0698815989223298, 1.0683275206928362, 1.0716825861653856, 1.0696885538548524, 1.0683422991231364, 1.068523765636284, 1.0718861039588659, 1.069031741661266, 1.0684854978866598, 1.0718912785839956, 1.0698773836019626]
[I 2022-11-13 15:50:25,366] Trial 75 finished with value: 1.0698773836019626 and parameters: {'optimizer': 'Adam', 'lr': 4.59912936266431e-05, 'hidden_dim': 4, 'latent_dim': 4}. Best is trial 58 with value: 1.0133226465254404.
build_Encoder(
  (FC_input): Linear(in_features=5, out_features=4, bias=True)
  (FC_input2): Linear(in_features=4, out_features=4, bias=True)
  (FC_mean): Linear(in_features=4, out_features=3, bias=True)
  (FC_var): Linear(in_features=4, out_features=3, bias=True)
  (LeakyReLU): LeakyReLU(negative_slope=0.01)
)
build_Decoder(
  (FC_hidden): Linear(in_features=3, out_features=4, bias=True)
  (FC_hidden2): Linear(in_features=4, out_features=4, bias=True)
  (FC_output): Linear(in_features=4, out_features=5, bias=True)
  (LeakyReLU): LeakyReLU(negative_slope=0.2)
)
epoch: 0
epoch_0_loss:  1.0541209758837553
epoch: 1
epoch_1_loss:  1.0537697615895292
epoch: 2
epoch_2_loss:  1.0532941590850895
epoch: 3
epoch_3_loss:  1.0539719821347715
epoch: 4
epoch_4_loss:  1.0542248703819213
epoch: 5
epoch_5_loss:  1.054028606516012
epoch: 6
epoch_6_loss:  1.0546606614162353
epoch: 7
epoch_7_loss:  1.0546339600005594
epoch: 8
epoch_8_loss:  1.0541163133167812
epoch: 9
epoch_9_loss:  1.05407265026187
epoch: 10
epoch_10_loss:  1.0542187851609037
epoch: 11
epoch_11_loss:  1.054246308271716
epoch: 12
epoch_12_loss:  1.0538737981733288
epoch: 13
epoch_13_loss:  1.05414282640774
epoch: 14
epoch_14_loss:  1.055163588289571
[1.0541209758837553, 1.0537697615895292, 1.0532941590850895, 1.0539719821347715, 1.0542248703819213, 1.054028606516012, 1.0546606614162353, 1.0546339600005594, 1.0541163133167812, 1.05407265026187, 1.0542187851609037, 1.054246308271716, 1.0538737981733288, 1.05414282640774, 1.055163588289571]
[I 2022-11-13 15:51:45,430] Trial 76 finished with value: 1.055163588289571 and parameters: {'optimizer': 'Adam', 'lr': 9.863374166780369e-05, 'hidden_dim': 4, 'latent_dim': 3}. Best is trial 58 with value: 1.0133226465254404.
build_Encoder(
  (FC_input): Linear(in_features=5, out_features=4, bias=True)
  (FC_input2): Linear(in_features=4, out_features=4, bias=True)
  (FC_mean): Linear(in_features=4, out_features=4, bias=True)
  (FC_var): Linear(in_features=4, out_features=4, bias=True)
  (LeakyReLU): LeakyReLU(negative_slope=0.01)
)
build_Decoder(
  (FC_hidden): Linear(in_features=4, out_features=4, bias=True)
  (FC_hidden2): Linear(in_features=4, out_features=4, bias=True)
  (FC_output): Linear(in_features=4, out_features=5, bias=True)
  (LeakyReLU): LeakyReLU(negative_slope=0.2)
)
epoch: 0
epoch_0_loss:  1.1024354653258488
epoch: 1
epoch_1_loss:  1.1023099377414394
epoch: 2
epoch_2_loss:  1.1029933533114618
epoch: 3
epoch_3_loss:  1.1020797598244816
epoch: 4
epoch_4_loss:  1.1036175507963437
epoch: 5
epoch_5_loss:  1.1045567283822963
epoch: 6
epoch_6_loss:  1.1030770946981021
epoch: 7
epoch_7_loss:  1.102073654870301
epoch: 8
epoch_8_loss:  1.102744807192033
epoch: 9
epoch_9_loss:  1.104342746072131
epoch: 10
epoch_10_loss:  1.1025309017965024
epoch: 11
epoch_11_loss:  1.1028014112890363
epoch: 12
epoch_12_loss:  1.102309358961102
epoch: 13
epoch_13_loss:  1.1025472551957711
epoch: 14
epoch_14_loss:  1.1030590044208304
[1.1024354653258488, 1.1023099377414394, 1.1029933533114618, 1.1020797598244816, 1.1036175507963437, 1.1045567283822963, 1.1030770946981021, 1.102073654870301, 1.102744807192033, 1.104342746072131, 1.1025309017965024, 1.1028014112890363, 1.102309358961102, 1.1025472551957711, 1.1030590044208304]
[I 2022-11-13 15:53:05,531] Trial 77 finished with value: 1.1030590044208304 and parameters: {'optimizer': 'Adam', 'lr': 7.46271644582674e-05, 'hidden_dim': 4, 'latent_dim': 4}. Best is trial 58 with value: 1.0133226465254404.
build_Encoder(
  (FC_input): Linear(in_features=5, out_features=4, bias=True)
  (FC_input2): Linear(in_features=4, out_features=4, bias=True)
  (FC_mean): Linear(in_features=4, out_features=4, bias=True)
  (FC_var): Linear(in_features=4, out_features=4, bias=True)
  (LeakyReLU): LeakyReLU(negative_slope=0.01)
)
build_Decoder(
  (FC_hidden): Linear(in_features=4, out_features=4, bias=True)
  (FC_hidden2): Linear(in_features=4, out_features=4, bias=True)
  (FC_output): Linear(in_features=4, out_features=5, bias=True)
  (LeakyReLU): LeakyReLU(negative_slope=0.2)
)
epoch: 0
epoch_0_loss:  1.1021521233989264
epoch: 1
epoch_1_loss:  1.1010688571872262
epoch: 2
epoch_2_loss:  1.1010167053221271
epoch: 3
epoch_3_loss:  1.1036015954228533
epoch: 4
epoch_4_loss:  1.1022773827471777
epoch: 5
epoch_5_loss:  1.103700602889787
epoch: 6
epoch_6_loss:  1.102917854435527
epoch: 7
epoch_7_loss:  1.1022253675530793
epoch: 8
epoch_8_loss:  1.1041215708413041
epoch: 9
epoch_9_loss:  1.1027542553540581
epoch: 10
epoch_10_loss:  1.1020456545255208
epoch: 11
epoch_11_loss:  1.101862279248109
epoch: 12
epoch_12_loss:  1.102084521112431
epoch: 13
epoch_13_loss:  1.1004035765781386
epoch: 14
epoch_14_loss:  1.1024021851788195
[1.1021521233989264, 1.1010688571872262, 1.1010167053221271, 1.1036015954228533, 1.1022773827471777, 1.103700602889787, 1.102917854435527, 1.1022253675530793, 1.1041215708413041, 1.1027542553540581, 1.1020456545255208, 1.101862279248109, 1.102084521112431, 1.1004035765781386, 1.1024021851788195]
