[I 2022-11-13 15:54:25,788] Trial 78 finished with value: 1.1024021851788195 and parameters: {'optimizer': 'Adam', 'lr': 6.552073839541164e-05, 'hidden_dim': 4, 'latent_dim': 4}. Best is trial 58 with value: 1.0133226465254404.
build_Encoder(
  (FC_input): Linear(in_features=5, out_features=4, bias=True)
  (FC_input2): Linear(in_features=4, out_features=4, bias=True)
  (FC_mean): Linear(in_features=4, out_features=4, bias=True)
  (FC_var): Linear(in_features=4, out_features=4, bias=True)
  (LeakyReLU): LeakyReLU(negative_slope=0.01)
)
build_Decoder(
  (FC_hidden): Linear(in_features=4, out_features=4, bias=True)
  (FC_hidden2): Linear(in_features=4, out_features=4, bias=True)
  (FC_output): Linear(in_features=4, out_features=5, bias=True)
  (LeakyReLU): LeakyReLU(negative_slope=0.2)
)
epoch: 0
epoch_0_loss:  1.1817594874358532
epoch: 1
epoch_1_loss:  1.1817859858432898
epoch: 2
epoch_2_loss:  1.181448388123612
epoch: 3
epoch_3_loss:  1.1808768231533853
epoch: 4
epoch_4_loss:  1.1817941314828206
epoch: 5
epoch_5_loss:  1.182225272083043
epoch: 6
epoch_6_loss:  1.1811916653281513
epoch: 7
epoch_7_loss:  1.1814536131954683
epoch: 8
epoch_8_loss:  1.183311221320328
epoch: 9
epoch_9_loss:  1.181902868138236
epoch: 10
epoch_10_loss:  1.180783660262557
epoch: 11
epoch_11_loss:  1.1806449265292556
epoch: 12
epoch_12_loss:  1.1819860880707556
epoch: 13
epoch_13_loss:  1.1822045042911855
epoch: 14
epoch_14_loss:  1.1823163901128917
[1.1817594874358532, 1.1817859858432898, 1.181448388123612, 1.1808768231533853, 1.1817941314828206, 1.182225272083043, 1.1811916653281513, 1.1814536131954683, 1.183311221320328, 1.181902868138236, 1.180783660262557, 1.1806449265292556, 1.1819860880707556, 1.1822045042911855, 1.1823163901128917]
[I 2022-11-13 15:55:45,971] Trial 79 finished with value: 1.1823163901128917 and parameters: {'optimizer': 'Adam', 'lr': 0.00012680357414665295, 'hidden_dim': 4, 'latent_dim': 4}. Best is trial 58 with value: 1.0133226465254404.
build_Encoder(
  (FC_input): Linear(in_features=5, out_features=4, bias=True)
  (FC_input2): Linear(in_features=4, out_features=4, bias=True)
  (FC_mean): Linear(in_features=4, out_features=4, bias=True)
  (FC_var): Linear(in_features=4, out_features=4, bias=True)
  (LeakyReLU): LeakyReLU(negative_slope=0.01)
)
build_Decoder(
  (FC_hidden): Linear(in_features=4, out_features=4, bias=True)
  (FC_hidden2): Linear(in_features=4, out_features=4, bias=True)
  (FC_output): Linear(in_features=4, out_features=5, bias=True)
  (LeakyReLU): LeakyReLU(negative_slope=0.2)
)
epoch: 0
epoch_0_loss:  1.0992465989529363
epoch: 1
epoch_1_loss:  1.1004384898585045
epoch: 2
epoch_2_loss:  1.1013267784459229
epoch: 3
epoch_3_loss:  1.0998774630537096
epoch: 4
epoch_4_loss:  1.1006868824926608
epoch: 5
epoch_5_loss:  1.0999024741807224
epoch: 6
epoch_6_loss:  1.1009670531522462
epoch: 7
epoch_7_loss:  1.1010707820397552
epoch: 8
epoch_8_loss:  1.1005881019990273
epoch: 9
epoch_9_loss:  1.1006393510555144
epoch: 10
epoch_10_loss:  1.1001208257812274
epoch: 11
epoch_11_loss:  1.1005495242488648
epoch: 12
epoch_12_loss:  1.100962712129542
epoch: 13
epoch_13_loss:  1.1009596294308255
epoch: 14
epoch_14_loss:  1.0996292624721689
[1.0992465989529363, 1.1004384898585045, 1.1013267784459229, 1.0998774630537096, 1.1006868824926608, 1.0999024741807224, 1.1009670531522462, 1.1010707820397552, 1.1005881019990273, 1.1006393510555144, 1.1001208257812274, 1.1005495242488648, 1.100962712129542, 1.1009596294308255, 1.0996292624721689]
[I 2022-11-13 15:57:06,066] Trial 80 finished with value: 1.0996292624721689 and parameters: {'optimizer': 'Adam', 'lr': 0.0001649875044490758, 'hidden_dim': 4, 'latent_dim': 4}. Best is trial 58 with value: 1.0133226465254404.
build_Encoder(
  (FC_input): Linear(in_features=5, out_features=4, bias=True)
  (FC_input2): Linear(in_features=4, out_features=4, bias=True)
  (FC_mean): Linear(in_features=4, out_features=4, bias=True)
  (FC_var): Linear(in_features=4, out_features=4, bias=True)
  (LeakyReLU): LeakyReLU(negative_slope=0.01)
)
build_Decoder(
  (FC_hidden): Linear(in_features=4, out_features=4, bias=True)
  (FC_hidden2): Linear(in_features=4, out_features=4, bias=True)
  (FC_output): Linear(in_features=4, out_features=5, bias=True)
  (LeakyReLU): LeakyReLU(negative_slope=0.2)
)
epoch: 0
epoch_0_loss:  1.1857172295386484
epoch: 1
epoch_1_loss:  1.1869921757164406
epoch: 2
epoch_2_loss:  1.185908840026668
epoch: 3
epoch_3_loss:  1.1881570933932801
epoch: 4
epoch_4_loss:  1.1870574442441808
epoch: 5
epoch_5_loss:  1.1865808911281486
epoch: 6
epoch_6_loss:  1.1877098211956538
epoch: 7
epoch_7_loss:  1.1858111208383524
epoch: 8
epoch_8_loss:  1.1874098986547907
epoch: 9
epoch_9_loss:  1.1867273458566812
epoch: 10
epoch_10_loss:  1.1871667898277531
epoch: 11
epoch_11_loss:  1.187290614389991
epoch: 12
epoch_12_loss:  1.1878523257655178
epoch: 13
epoch_13_loss:  1.1874915925601772
epoch: 14
epoch_14_loss:  1.1877340078917213
[1.1857172295386484, 1.1869921757164406, 1.185908840026668, 1.1881570933932801, 1.1870574442441808, 1.1865808911281486, 1.1877098211956538, 1.1858111208383524, 1.1874098986547907, 1.1867273458566812, 1.1871667898277531, 1.187290614389991, 1.1878523257655178, 1.1874915925601772, 1.1877340078917213]
[I 2022-11-13 15:58:26,169] Trial 81 finished with value: 1.1877340078917213 and parameters: {'optimizer': 'Adam', 'lr': 8.088887984882874e-05, 'hidden_dim': 4, 'latent_dim': 4}. Best is trial 58 with value: 1.0133226465254404.
build_Encoder(
  (FC_input): Linear(in_features=5, out_features=4, bias=True)
  (FC_input2): Linear(in_features=4, out_features=4, bias=True)
  (FC_mean): Linear(in_features=4, out_features=4, bias=True)
  (FC_var): Linear(in_features=4, out_features=4, bias=True)
  (LeakyReLU): LeakyReLU(negative_slope=0.01)
)
build_Decoder(
  (FC_hidden): Linear(in_features=4, out_features=4, bias=True)
  (FC_hidden2): Linear(in_features=4, out_features=4, bias=True)
  (FC_output): Linear(in_features=4, out_features=5, bias=True)
  (LeakyReLU): LeakyReLU(negative_slope=0.2)
)
epoch: 0
epoch_0_loss:  1.1188425734710628
epoch: 1
epoch_1_loss:  1.1197627727325679
epoch: 2
epoch_2_loss:  1.1210326978123613
epoch: 3
epoch_3_loss:  1.1207491653499062
epoch: 4
epoch_4_loss:  1.1184356761488619
epoch: 5
epoch_5_loss:  1.12024708267028
epoch: 6
epoch_6_loss:  1.119293576136943
epoch: 7
epoch_7_loss:  1.1194895429941465
epoch: 8
epoch_8_loss:  1.1202784156331855
epoch: 9
epoch_9_loss:  1.1188396397042832
epoch: 10
epoch_10_loss:  1.1183781839739735
epoch: 11
epoch_11_loss:  1.1218198132186135
epoch: 12
epoch_12_loss:  1.1198823342529587
epoch: 13
epoch_13_loss:  1.1195474910181828
epoch: 14
epoch_14_loss:  1.1196601111538347
[1.1188425734710628, 1.1197627727325679, 1.1210326978123613, 1.1207491653499062, 1.1184356761488619, 1.12024708267028, 1.119293576136943, 1.1194895429941465, 1.1202784156331855, 1.1188396397042832, 1.1183781839739735, 1.1218198132186135, 1.1198823342529587, 1.1195474910181828, 1.1196601111538347]
[I 2022-11-13 15:59:46,581] Trial 82 finished with value: 1.1196601111538347 and parameters: {'optimizer': 'Adam', 'lr': 7.426169645832573e-05, 'hidden_dim': 4, 'latent_dim': 4}. Best is trial 58 with value: 1.0133226465254404.
build_Encoder(
  (FC_input): Linear(in_features=5, out_features=4, bias=True)
  (FC_input2): Linear(in_features=4, out_features=4, bias=True)
  (FC_mean): Linear(in_features=4, out_features=4, bias=True)
  (FC_var): Linear(in_features=4, out_features=4, bias=True)
  (LeakyReLU): LeakyReLU(negative_slope=0.01)
)
build_Decoder(
  (FC_hidden): Linear(in_features=4, out_features=4, bias=True)
  (FC_hidden2): Linear(in_features=4, out_features=4, bias=True)
  (FC_output): Linear(in_features=4, out_features=5, bias=True)
  (LeakyReLU): LeakyReLU(negative_slope=0.2)
)
epoch: 0
epoch_0_loss:  1.0564084184353164
epoch: 1
epoch_1_loss:  1.057365849581804
epoch: 2
epoch_2_loss:  1.0559156407008548
epoch: 3
epoch_3_loss:  1.0605068769404657
epoch: 4
epoch_4_loss:  1.0576530376663607
epoch: 5
epoch_5_loss:  1.0619448134884264
epoch: 6
epoch_6_loss:  1.059874466625667
epoch: 7
epoch_7_loss:  1.060392065311711
epoch: 8
epoch_8_loss:  1.058917002905253
epoch: 9
epoch_9_loss:  1.0577382529342196
epoch: 10
epoch_10_loss:  1.0598078412920533
epoch: 11
epoch_11_loss:  1.0594392559096375
epoch: 12
epoch_12_loss:  1.059586008366297
epoch: 13
epoch_13_loss:  1.0587872599972163
epoch: 14
epoch_14_loss:  1.0611661239696686
[1.0564084184353164, 1.057365849581804, 1.0559156407008548, 1.0605068769404657, 1.0576530376663607, 1.0619448134884264, 1.059874466625667, 1.060392065311711, 1.058917002905253, 1.0577382529342196, 1.0598078412920533, 1.0594392559096375, 1.059586008366297, 1.0587872599972163, 1.0611661239696686]
[I 2022-11-13 16:01:06,568] Trial 83 finished with value: 1.0611661239696686 and parameters: {'optimizer': 'Adam', 'lr': 8.819629576675982e-05, 'hidden_dim': 4, 'latent_dim': 4}. Best is trial 58 with value: 1.0133226465254404.
build_Encoder(
  (FC_input): Linear(in_features=5, out_features=5, bias=True)
  (FC_input2): Linear(in_features=5, out_features=5, bias=True)
  (FC_mean): Linear(in_features=5, out_features=5, bias=True)
  (FC_var): Linear(in_features=5, out_features=5, bias=True)
  (LeakyReLU): LeakyReLU(negative_slope=0.01)
)
build_Decoder(
  (FC_hidden): Linear(in_features=5, out_features=5, bias=True)
  (FC_hidden2): Linear(in_features=5, out_features=5, bias=True)
  (FC_output): Linear(in_features=5, out_features=5, bias=True)
  (LeakyReLU): LeakyReLU(negative_slope=0.2)
)
epoch: 0
epoch_0_loss:  1.0472655002151892
epoch: 1
epoch_1_loss:  1.0473120505779405
epoch: 2
epoch_2_loss:  1.0463309068526436
epoch: 3
epoch_3_loss:  1.0446988576592826
epoch: 4
epoch_4_loss:  1.0491867044652927
epoch: 5
epoch_5_loss:  1.048717173886465
epoch: 6
epoch_6_loss:  1.0471023172194889
epoch: 7
epoch_7_loss:  1.047286654861779
epoch: 8
epoch_8_loss:  1.0460432084127051
epoch: 9
epoch_9_loss:  1.0504142796087126
epoch: 10
epoch_10_loss:  1.0475806738287774
epoch: 11
epoch_11_loss:  1.0463973492549827
epoch: 12
epoch_12_loss:  1.0480680256350177
epoch: 13
epoch_13_loss:  1.0427093538608234
epoch: 14
epoch_14_loss:  1.046096544502315
[1.0472655002151892, 1.0473120505779405, 1.0463309068526436, 1.0446988576592826, 1.0491867044652927, 1.048717173886465, 1.0471023172194889, 1.047286654861779, 1.0460432084127051, 1.0504142796087126, 1.0475806738287774, 1.0463973492549827, 1.0480680256350177, 1.0427093538608234, 1.046096544502315]
[I 2022-11-13 16:02:26,832] Trial 84 finished with value: 1.046096544502315 and parameters: {'optimizer': 'Adam', 'lr': 0.00010572085562000003, 'hidden_dim': 5, 'latent_dim': 5}. Best is trial 58 with value: 1.0133226465254404.
build_Encoder(
  (FC_input): Linear(in_features=5, out_features=3, bias=True)
  (FC_input2): Linear(in_features=3, out_features=3, bias=True)
  (FC_mean): Linear(in_features=3, out_features=3, bias=True)
  (FC_var): Linear(in_features=3, out_features=3, bias=True)
  (LeakyReLU): LeakyReLU(negative_slope=0.01)
)
build_Decoder(
  (FC_hidden): Linear(in_features=3, out_features=3, bias=True)
  (FC_hidden2): Linear(in_features=3, out_features=3, bias=True)
  (FC_output): Linear(in_features=3, out_features=5, bias=True)
  (LeakyReLU): LeakyReLU(negative_slope=0.2)
)
epoch: 0
epoch_0_loss:  1.1414467020550219
epoch: 1
epoch_1_loss:  1.1406390629552285
epoch: 2
epoch_2_loss:  1.1433744336736866
epoch: 3
epoch_3_loss:  1.1409745471976078
epoch: 4
epoch_4_loss:  1.140138836479995
epoch: 5
epoch_5_loss:  1.1406142856415598
epoch: 6
epoch_6_loss:  1.140663585716087
epoch: 7
epoch_7_loss:  1.1403200785837833
epoch: 8
epoch_8_loss:  1.1417321613633775
epoch: 9
epoch_9_loss:  1.1418952647230431
epoch: 10
epoch_10_loss:  1.1422696239480583
epoch: 11
epoch_11_loss:  1.1410140889905158
epoch: 12
epoch_12_loss:  1.1426978128125307
epoch: 13
epoch_13_loss:  1.1406758798959709
epoch: 14
epoch_14_loss:  1.1425681869040114
[1.1414467020550219, 1.1406390629552285, 1.1433744336736866, 1.1409745471976078, 1.140138836479995, 1.1406142856415598, 1.140663585716087, 1.1403200785837833, 1.1417321613633775, 1.1418952647230431, 1.1422696239480583, 1.1410140889905158, 1.1426978128125307, 1.1406758798959709, 1.1425681869040114]
[I 2022-11-13 16:03:47,076] Trial 85 finished with value: 1.1425681869040114 and parameters: {'optimizer': 'Adam', 'lr': 6.0931245685989345e-05, 'hidden_dim': 3, 'latent_dim': 3}. Best is trial 58 with value: 1.0133226465254404.
build_Encoder(
  (FC_input): Linear(in_features=5, out_features=4, bias=True)
  (FC_input2): Linear(in_features=4, out_features=4, bias=True)
  (FC_mean): Linear(in_features=4, out_features=4, bias=True)
  (FC_var): Linear(in_features=4, out_features=4, bias=True)
  (LeakyReLU): LeakyReLU(negative_slope=0.01)
)
build_Decoder(
  (FC_hidden): Linear(in_features=4, out_features=4, bias=True)
  (FC_hidden2): Linear(in_features=4, out_features=4, bias=True)
  (FC_output): Linear(in_features=4, out_features=5, bias=True)
  (LeakyReLU): LeakyReLU(negative_slope=0.2)
)
epoch: 0
epoch_0_loss:  1.203186506510641
epoch: 1
epoch_1_loss:  1.2046581961436746
epoch: 2
epoch_2_loss:  1.204799106658651
epoch: 3
epoch_3_loss:  1.2052524697632265
epoch: 4
epoch_4_loss:  1.2056339384274137
epoch: 5
epoch_5_loss:  1.20529860235517
epoch: 6
epoch_6_loss:  1.2061448121427483
epoch: 7
epoch_7_loss:  1.2053396493876918
epoch: 8
epoch_8_loss:  1.2043375444813789
epoch: 9
epoch_9_loss:  1.204842657741713
epoch: 10
epoch_10_loss:  1.2051756345420226
epoch: 11
epoch_11_loss:  1.2057080427755857
epoch: 12
epoch_12_loss:  1.2051294927221357
epoch: 13
epoch_13_loss:  1.205759456695598
epoch: 14
epoch_14_loss:  1.2047962845910525
[1.203186506510641, 1.2046581961436746, 1.204799106658651, 1.2052524697632265, 1.2056339384274137, 1.20529860235517, 1.2061448121427483, 1.2053396493876918, 1.2043375444813789, 1.204842657741713, 1.2051756345420226, 1.2057080427755857, 1.2051294927221357, 1.205759456695598, 1.2047962845910525]
[I 2022-11-13 16:05:07,373] Trial 86 finished with value: 1.2047962845910525 and parameters: {'optimizer': 'Adam', 'lr': 5.0778709343816115e-05, 'hidden_dim': 4, 'latent_dim': 4}. Best is trial 58 with value: 1.0133226465254404.
build_Encoder(
  (FC_input): Linear(in_features=5, out_features=5, bias=True)
  (FC_input2): Linear(in_features=5, out_features=5, bias=True)
  (FC_mean): Linear(in_features=5, out_features=4, bias=True)
  (FC_var): Linear(in_features=5, out_features=4, bias=True)
  (LeakyReLU): LeakyReLU(negative_slope=0.01)
)
build_Decoder(
  (FC_hidden): Linear(in_features=4, out_features=5, bias=True)
  (FC_hidden2): Linear(in_features=5, out_features=5, bias=True)
  (FC_output): Linear(in_features=5, out_features=5, bias=True)
  (LeakyReLU): LeakyReLU(negative_slope=0.2)
)
epoch: 0
epoch_0_loss:  1.1480172508834616
epoch: 1
epoch_1_loss:  1.1460322543953394
epoch: 2
epoch_2_loss:  1.1483617491731424
epoch: 3
epoch_3_loss:  1.1462621127233223
epoch: 4
epoch_4_loss:  1.1454725740307923
epoch: 5
epoch_5_loss:  1.1478515878845321
epoch: 6
epoch_6_loss:  1.1478454313399773
epoch: 7
epoch_7_loss:  1.1465230251657739
epoch: 8
epoch_8_loss:  1.1467167079261966
epoch: 9
epoch_9_loss:  1.146742928189882
epoch: 10
epoch_10_loss:  1.1462663145867826
epoch: 11
epoch_11_loss:  1.1476520623615858
epoch: 12
epoch_12_loss:  1.1468386058985105
epoch: 13
epoch_13_loss:  1.1478426908099832
epoch: 14
epoch_14_loss:  1.1465209981309106
[1.1480172508834616, 1.1460322543953394, 1.1483617491731424, 1.1462621127233223, 1.1454725740307923, 1.1478515878845321, 1.1478454313399773, 1.1465230251657739, 1.1467167079261966, 1.146742928189882, 1.1462663145867826, 1.1476520623615858, 1.1468386058985105, 1.1478426908099832, 1.1465209981309106]
[I 2022-11-13 16:06:27,564] Trial 87 finished with value: 1.1465209981309106 and parameters: {'optimizer': 'Adam', 'lr': 4.059315262404121e-05, 'hidden_dim': 5, 'latent_dim': 4}. Best is trial 58 with value: 1.0133226465254404.
build_Encoder(
  (FC_input): Linear(in_features=5, out_features=5, bias=True)
  (FC_input2): Linear(in_features=5, out_features=5, bias=True)
  (FC_mean): Linear(in_features=5, out_features=5, bias=True)
  (FC_var): Linear(in_features=5, out_features=5, bias=True)
  (LeakyReLU): LeakyReLU(negative_slope=0.01)
)
build_Decoder(
  (FC_hidden): Linear(in_features=5, out_features=5, bias=True)
  (FC_hidden2): Linear(in_features=5, out_features=5, bias=True)
  (FC_output): Linear(in_features=5, out_features=5, bias=True)
  (LeakyReLU): LeakyReLU(negative_slope=0.2)
)
epoch: 0
epoch_0_loss:  1.1354496643229905
epoch: 1
epoch_1_loss:  1.1369251479733515
epoch: 2
epoch_2_loss:  1.1385030110823828
epoch: 3
epoch_3_loss:  1.135340377086217
epoch: 4
epoch_4_loss:  1.1361608818482198
epoch: 5
epoch_5_loss:  1.1374711485316722
epoch: 6
epoch_6_loss:  1.1357455060054977
epoch: 7
epoch_7_loss:  1.1391934144170603
epoch: 8
epoch_8_loss:  1.1365439559866888
epoch: 9
epoch_9_loss:  1.1385715311342024
epoch: 10
epoch_10_loss:  1.1343327471906868
epoch: 11
epoch_11_loss:  1.1384855732376506
epoch: 12
epoch_12_loss:  1.1354549014103685
epoch: 13
epoch_13_loss:  1.1361111604588514
epoch: 14
epoch_14_loss:  1.1364178660679614
[1.1354496643229905, 1.1369251479733515, 1.1385030110823828, 1.135340377086217, 1.1361608818482198, 1.1374711485316722, 1.1357455060054977, 1.1391934144170603, 1.1365439559866888, 1.1385715311342024, 1.1343327471906868, 1.1384855732376506, 1.1354549014103685, 1.1361111604588514, 1.1364178660679614]
[I 2022-11-13 16:07:47,197] Trial 88 finished with value: 1.1364178660679614 and parameters: {'optimizer': 'Adam', 'lr': 5.4981245125395426e-05, 'hidden_dim': 5, 'latent_dim': 5}. Best is trial 58 with value: 1.0133226465254404.
build_Encoder(
  (FC_input): Linear(in_features=5, out_features=4, bias=True)
  (FC_input2): Linear(in_features=4, out_features=4, bias=True)
  (FC_mean): Linear(in_features=4, out_features=4, bias=True)
  (FC_var): Linear(in_features=4, out_features=4, bias=True)
  (LeakyReLU): LeakyReLU(negative_slope=0.01)
)
build_Decoder(
  (FC_hidden): Linear(in_features=4, out_features=4, bias=True)
  (FC_hidden2): Linear(in_features=4, out_features=4, bias=True)
  (FC_output): Linear(in_features=4, out_features=5, bias=True)
  (LeakyReLU): LeakyReLU(negative_slope=0.2)
)
epoch: 0
epoch_0_loss:  1.114041761450576
epoch: 1
epoch_1_loss:  1.1144776076341303
epoch: 2
epoch_2_loss:  1.1141658545220314
epoch: 3
epoch_3_loss:  1.1134820944973607
epoch: 4
epoch_4_loss:  1.1133028643490819
epoch: 5
epoch_5_loss:  1.1142988812514285
epoch: 6
epoch_6_loss:  1.1147264914380586
epoch: 7
epoch_7_loss:  1.1138849240998696
epoch: 8
epoch_8_loss:  1.1149774556666574
epoch: 9
epoch_9_loss:  1.1131414296707305
epoch: 10
epoch_10_loss:  1.1133970834266054
epoch: 11
epoch_11_loss:  1.1149473174297007
epoch: 12
epoch_12_loss:  1.1128994323940073
epoch: 13
epoch_13_loss:  1.1131552309389856
epoch: 14
epoch_14_loss:  1.1130797013041083
[1.114041761450576, 1.1144776076341303, 1.1141658545220314, 1.1134820944973607, 1.1133028643490819, 1.1142988812514285, 1.1147264914380586, 1.1138849240998696, 1.1149774556666574, 1.1131414296707305, 1.1133970834266054, 1.1149473174297007, 1.1128994323940073, 1.1131552309389856, 1.1130797013041083]
[I 2022-11-13 16:09:07,026] Trial 89 finished with value: 1.1130797013041083 and parameters: {'optimizer': 'Adam', 'lr': 8.863658031507045e-05, 'hidden_dim': 4, 'latent_dim': 4}. Best is trial 58 with value: 1.0133226465254404.
build_Encoder(
  (FC_input): Linear(in_features=5, out_features=5, bias=True)
  (FC_input2): Linear(in_features=5, out_features=5, bias=True)
  (FC_mean): Linear(in_features=5, out_features=3, bias=True)
  (FC_var): Linear(in_features=5, out_features=3, bias=True)
  (LeakyReLU): LeakyReLU(negative_slope=0.01)
)
build_Decoder(
  (FC_hidden): Linear(in_features=3, out_features=5, bias=True)
  (FC_hidden2): Linear(in_features=5, out_features=5, bias=True)
  (FC_output): Linear(in_features=5, out_features=5, bias=True)
  (LeakyReLU): LeakyReLU(negative_slope=0.2)
)
epoch: 0
epoch_0_loss:  1.05740823760708
epoch: 1
epoch_1_loss:  1.0583160796249143
epoch: 2
epoch_2_loss:  1.0589780764917949
epoch: 3
epoch_3_loss:  1.0585244778274172
epoch: 4
epoch_4_loss:  1.0586422582062285
epoch: 5
epoch_5_loss:  1.0579375914912903
epoch: 6
epoch_6_loss:  1.0585779484419569
epoch: 7
epoch_7_loss:  1.0577296071561448
epoch: 8
epoch_8_loss:  1.0587267095946924
epoch: 9
epoch_9_loss:  1.0586261255233682
epoch: 10
epoch_10_loss:  1.0579786870715442
epoch: 11
epoch_11_loss:  1.0583414037687664
epoch: 12
epoch_12_loss:  1.0584401899773457
epoch: 13
epoch_13_loss:  1.059099169515305
epoch: 14
epoch_14_loss:  1.0574927754306112
[1.05740823760708, 1.0583160796249143, 1.0589780764917949, 1.0585244778274172, 1.0586422582062285, 1.0579375914912903, 1.0585779484419569, 1.0577296071561448, 1.0587267095946924, 1.0586261255233682, 1.0579786870715442, 1.0583414037687664, 1.0584401899773457, 1.059099169515305, 1.0574927754306112]
