[I 2022-11-13 23:13:33,525] Trial 117 finished with value: 1.0584991262733803 and parameters: {'optimizer': 'Adam', 'lr': 5.590456653289041e-05, 'hidden_dim': 5, 'latent_dim': 4, 'mem_dim': 102}. Best is trial 45 with value: 1.016495998638263.
build_Encoder(
  (FC_input): Linear(in_features=5, out_features=5, bias=True)
  (FC_input2): Linear(in_features=5, out_features=5, bias=True)
  (FC_mean): Linear(in_features=5, out_features=3, bias=True)
  (FC_var): Linear(in_features=5, out_features=3, bias=True)
  (LeakyReLU): LeakyReLU(negative_slope=0.01)
)
build_Decoder(
  (FC_hidden): Linear(in_features=3, out_features=5, bias=True)
  (FC_hidden2): Linear(in_features=5, out_features=5, bias=True)
  (FC_output): Linear(in_features=5, out_features=5, bias=True)
  (LeakyReLU): LeakyReLU(negative_slope=0.2)
)
epoch: 0
epoch_0_loss:  1.0650075282969333
epoch: 1
epoch_1_loss:  1.0651846231886968
epoch: 2
epoch_2_loss:  1.06499768495591
epoch: 3
epoch_3_loss:  1.0652445001473942
epoch: 4
epoch_4_loss:  1.065149678527637
epoch: 5
epoch_5_loss:  1.0651378450835411
epoch: 6
epoch_6_loss:  1.0652223975556474
epoch: 7
epoch_7_loss:  1.0651512854661895
epoch: 8
epoch_8_loss:  1.0653768807865556
epoch: 9
epoch_9_loss:  1.0651748418777731
epoch: 10
epoch_10_loss:  1.064999727011186
epoch: 11
epoch_11_loss:  1.0650877503584835
epoch: 12
epoch_12_loss:  1.064947710514123
epoch: 13
epoch_13_loss:  1.065260925653355
epoch: 14
epoch_14_loss:  1.064878090370047
[1.0650075282969333, 1.0651846231886968, 1.06499768495591, 1.0652445001473942, 1.065149678527637, 1.0651378450835411, 1.0652223975556474, 1.0651512854661895, 1.0653768807865556, 1.0651748418777731, 1.064999727011186, 1.0650877503584835, 1.064947710514123, 1.065260925653355, 1.064878090370047]
[I 2022-11-13 23:15:45,807] Trial 118 finished with value: 1.064878090370047 and parameters: {'optimizer': 'Adam', 'lr': 0.0002805625130000101, 'hidden_dim': 5, 'latent_dim': 3, 'mem_dim': 126}. Best is trial 45 with value: 1.016495998638263.
build_Encoder(
  (FC_input): Linear(in_features=5, out_features=5, bias=True)
  (FC_input2): Linear(in_features=5, out_features=5, bias=True)
  (FC_mean): Linear(in_features=5, out_features=5, bias=True)
  (FC_var): Linear(in_features=5, out_features=5, bias=True)
  (LeakyReLU): LeakyReLU(negative_slope=0.01)
)
build_Decoder(
  (FC_hidden): Linear(in_features=5, out_features=5, bias=True)
  (FC_hidden2): Linear(in_features=5, out_features=5, bias=True)
  (FC_output): Linear(in_features=5, out_features=5, bias=True)
  (LeakyReLU): LeakyReLU(negative_slope=0.2)
)
epoch: 0
epoch_0_loss:  1.0382000104870017
epoch: 1
epoch_1_loss:  1.0380741694524314
epoch: 2
epoch_2_loss:  1.038525792237922
epoch: 3
epoch_3_loss:  1.038356487671327
epoch: 4
epoch_4_loss:  1.0384501556798584
epoch: 5
epoch_5_loss:  1.0383549484388301
epoch: 6
epoch_6_loss:  1.0383460838371146
epoch: 7
epoch_7_loss:  1.0381031374304128
epoch: 8
epoch_8_loss:  1.0383179573839292
epoch: 9
epoch_9_loss:  1.038224930264206
epoch: 10
epoch_10_loss:  1.038219756890924
epoch: 11
epoch_11_loss:  1.038394373906132
epoch: 12
epoch_12_loss:  1.0383425096694867
epoch: 13
epoch_13_loss:  1.0383480531912015
epoch: 14
epoch_14_loss:  1.0382587174527416
[1.0382000104870017, 1.0380741694524314, 1.038525792237922, 1.038356487671327, 1.0384501556798584, 1.0383549484388301, 1.0383460838371146, 1.0381031374304128, 1.0383179573839292, 1.038224930264206, 1.038219756890924, 1.038394373906132, 1.0383425096694867, 1.0383480531912015, 1.0382587174527416]
[I 2022-11-13 23:18:07,048] Trial 119 finished with value: 1.0382587174527416 and parameters: {'optimizer': 'Adam', 'lr': 8.99074580479394e-05, 'hidden_dim': 5, 'latent_dim': 5, 'mem_dim': 154}. Best is trial 45 with value: 1.016495998638263.
build_Encoder(
  (FC_input): Linear(in_features=5, out_features=5, bias=True)
  (FC_input2): Linear(in_features=5, out_features=5, bias=True)
  (FC_mean): Linear(in_features=5, out_features=4, bias=True)
  (FC_var): Linear(in_features=5, out_features=4, bias=True)
  (LeakyReLU): LeakyReLU(negative_slope=0.01)
)
build_Decoder(
  (FC_hidden): Linear(in_features=4, out_features=5, bias=True)
  (FC_hidden2): Linear(in_features=5, out_features=5, bias=True)
  (FC_output): Linear(in_features=5, out_features=5, bias=True)
  (LeakyReLU): LeakyReLU(negative_slope=0.2)
)
epoch: 0
epoch_0_loss:  1.0424614281047242
epoch: 1
epoch_1_loss:  1.0425009373918404
epoch: 2
epoch_2_loss:  1.0425553839886887
epoch: 3
epoch_3_loss:  1.0425144652477423
epoch: 4
epoch_4_loss:  1.0424390768426781
epoch: 5
epoch_5_loss:  1.0425016148360375
epoch: 6
epoch_6_loss:  1.0423784358211767
epoch: 7
epoch_7_loss:  1.0423718793747998
epoch: 8
epoch_8_loss:  1.0423930137302415
epoch: 9
epoch_9_loss:  1.0423694884771488
epoch: 10
epoch_10_loss:  1.0424496019038718
epoch: 11
epoch_11_loss:  1.042344560403715
epoch: 12
epoch_12_loss:  1.04245268027928
epoch: 13
epoch_13_loss:  1.0425479069064747
epoch: 14
epoch_14_loss:  1.0424642549209335
[1.0424614281047242, 1.0425009373918404, 1.0425553839886887, 1.0425144652477423, 1.0424390768426781, 1.0425016148360375, 1.0423784358211767, 1.0423718793747998, 1.0423930137302415, 1.0423694884771488, 1.0424496019038718, 1.042344560403715, 1.04245268027928, 1.0425479069064747, 1.0424642549209335]
[I 2022-11-13 23:20:20,970] Trial 120 finished with value: 1.0424642549209335 and parameters: {'optimizer': 'Adam', 'lr': 0.00014162200507142087, 'hidden_dim': 5, 'latent_dim': 4, 'mem_dim': 110}. Best is trial 45 with value: 1.016495998638263.
build_Encoder(
  (FC_input): Linear(in_features=5, out_features=5, bias=True)
  (FC_input2): Linear(in_features=5, out_features=5, bias=True)
  (FC_mean): Linear(in_features=5, out_features=5, bias=True)
  (FC_var): Linear(in_features=5, out_features=5, bias=True)
  (LeakyReLU): LeakyReLU(negative_slope=0.01)
)
build_Decoder(
  (FC_hidden): Linear(in_features=5, out_features=5, bias=True)
  (FC_hidden2): Linear(in_features=5, out_features=5, bias=True)
  (FC_output): Linear(in_features=5, out_features=5, bias=True)
  (LeakyReLU): LeakyReLU(negative_slope=0.2)
)
epoch: 0
epoch_0_loss:  1.1829994398532255
epoch: 1
epoch_1_loss:  1.1829138184280545
epoch: 2
epoch_2_loss:  1.1829468402709031
epoch: 3
epoch_3_loss:  1.182855259429025
epoch: 4
epoch_4_loss:  1.1828212472906185
epoch: 5
epoch_5_loss:  1.182700879940045
epoch: 6
epoch_6_loss:  1.1827541274113518
epoch: 7
epoch_7_loss:  1.1828845250532416
epoch: 8
epoch_8_loss:  1.1828397260785826
epoch: 9
epoch_9_loss:  1.182785505881401
epoch: 10
epoch_10_loss:  1.1828687158046804
epoch: 11
epoch_11_loss:  1.1827825025241436
epoch: 12
epoch_12_loss:  1.1827619594323089
epoch: 13
epoch_13_loss:  1.1827630620497769
epoch: 14
epoch_14_loss:  1.1827648038419343
[1.1829994398532255, 1.1829138184280545, 1.1829468402709031, 1.182855259429025, 1.1828212472906185, 1.182700879940045, 1.1827541274113518, 1.1828845250532416, 1.1828397260785826, 1.182785505881401, 1.1828687158046804, 1.1827825025241436, 1.1827619594323089, 1.1827630620497769, 1.1827648038419343]
[I 2022-11-13 23:22:42,253] Trial 121 finished with value: 1.1827648038419343 and parameters: {'optimizer': 'Adam', 'lr': 8.860884906452068e-05, 'hidden_dim': 5, 'latent_dim': 5, 'mem_dim': 153}. Best is trial 45 with value: 1.016495998638263.
build_Encoder(
  (FC_input): Linear(in_features=5, out_features=5, bias=True)
  (FC_input2): Linear(in_features=5, out_features=5, bias=True)
  (FC_mean): Linear(in_features=5, out_features=5, bias=True)
  (FC_var): Linear(in_features=5, out_features=5, bias=True)
  (LeakyReLU): LeakyReLU(negative_slope=0.01)
)
build_Decoder(
  (FC_hidden): Linear(in_features=5, out_features=5, bias=True)
  (FC_hidden2): Linear(in_features=5, out_features=5, bias=True)
  (FC_output): Linear(in_features=5, out_features=5, bias=True)
  (LeakyReLU): LeakyReLU(negative_slope=0.2)
)
epoch: 0
epoch_0_loss:  1.0691983137520729
epoch: 1
epoch_1_loss:  1.069188953999188
epoch: 2
epoch_2_loss:  1.0692261931351073
epoch: 3
epoch_3_loss:  1.0692261481214
epoch: 4
epoch_4_loss:  1.0692666285438919
epoch: 5
epoch_5_loss:  1.0692280630583166
epoch: 6
epoch_6_loss:  1.069218634999532
epoch: 7
epoch_7_loss:  1.0692657340770195
epoch: 8
epoch_8_loss:  1.0693126404622753
epoch: 9
epoch_9_loss:  1.069157713684492
epoch: 10
epoch_10_loss:  1.069235959542001
epoch: 11
epoch_11_loss:  1.0691901837604434
epoch: 12
epoch_12_loss:  1.0692255534071269
epoch: 13
epoch_13_loss:  1.0692247667922856
epoch: 14
epoch_14_loss:  1.0692544429684518
[1.0691983137520729, 1.069188953999188, 1.0692261931351073, 1.0692261481214, 1.0692666285438919, 1.0692280630583166, 1.069218634999532, 1.0692657340770195, 1.0693126404622753, 1.069157713684492, 1.069235959542001, 1.0691901837604434, 1.0692255534071269, 1.0692247667922856, 1.0692544429684518]
[I 2022-11-13 23:25:16,160] Trial 122 finished with value: 1.0692544429684518 and parameters: {'optimizer': 'Adam', 'lr': 0.0006934807258653758, 'hidden_dim': 5, 'latent_dim': 5, 'mem_dim': 171}. Best is trial 45 with value: 1.016495998638263.
build_Encoder(
  (FC_input): Linear(in_features=5, out_features=5, bias=True)
  (FC_input2): Linear(in_features=5, out_features=5, bias=True)
  (FC_mean): Linear(in_features=5, out_features=5, bias=True)
  (FC_var): Linear(in_features=5, out_features=5, bias=True)
  (LeakyReLU): LeakyReLU(negative_slope=0.01)
)
build_Decoder(
  (FC_hidden): Linear(in_features=5, out_features=5, bias=True)
  (FC_hidden2): Linear(in_features=5, out_features=5, bias=True)
  (FC_output): Linear(in_features=5, out_features=5, bias=True)
  (LeakyReLU): LeakyReLU(negative_slope=0.2)
)
epoch: 0
epoch_0_loss:  1.0870242607833265
epoch: 1
epoch_1_loss:  1.0869202683675847
epoch: 2
epoch_2_loss:  1.0869602554114455
epoch: 3
epoch_3_loss:  1.086974629691302
epoch: 4
epoch_4_loss:  1.0870762694101792
epoch: 5
epoch_5_loss:  1.0870030567199158
epoch: 6
epoch_6_loss:  1.0870190424173318
epoch: 7
epoch_7_loss:  1.0869601756079763
epoch: 8
epoch_8_loss:  1.0869150542184915
epoch: 9
epoch_9_loss:  1.087033518312801
epoch: 10
epoch_10_loss:  1.086896049298734
epoch: 11
epoch_11_loss:  1.0870731625590162
epoch: 12
epoch_12_loss:  1.0868953238104453
epoch: 13
epoch_13_loss:  1.0870037314958518
epoch: 14
epoch_14_loss:  1.0869367225197342
[1.0870242607833265, 1.0869202683675847, 1.0869602554114455, 1.086974629691302, 1.0870762694101792, 1.0870030567199158, 1.0870190424173318, 1.0869601756079763, 1.0869150542184915, 1.087033518312801, 1.086896049298734, 1.0870731625590162, 1.0868953238104453, 1.0870037314958518, 1.0869367225197342]
[I 2022-11-13 23:27:39,349] Trial 123 finished with value: 1.0869367225197342 and parameters: {'optimizer': 'Adam', 'lr': 0.00010389713691484944, 'hidden_dim': 5, 'latent_dim': 5, 'mem_dim': 182}. Best is trial 45 with value: 1.016495998638263.
build_Encoder(
  (FC_input): Linear(in_features=5, out_features=5, bias=True)
  (FC_input2): Linear(in_features=5, out_features=5, bias=True)
  (FC_mean): Linear(in_features=5, out_features=5, bias=True)
  (FC_var): Linear(in_features=5, out_features=5, bias=True)
  (LeakyReLU): LeakyReLU(negative_slope=0.01)
)
build_Decoder(
  (FC_hidden): Linear(in_features=5, out_features=5, bias=True)
  (FC_hidden2): Linear(in_features=5, out_features=5, bias=True)
  (FC_output): Linear(in_features=5, out_features=5, bias=True)
  (LeakyReLU): LeakyReLU(negative_slope=0.2)
)
epoch: 0
epoch_0_loss:  1.0996274256317748
epoch: 1
epoch_1_loss:  1.0996401199593189
epoch: 2
epoch_2_loss:  1.0996562453397338
epoch: 3
epoch_3_loss:  1.0996222439527437
epoch: 4
epoch_4_loss:  1.0996702588548
epoch: 5
epoch_5_loss:  1.0997007343859666
epoch: 6
epoch_6_loss:  1.0997756138718833
epoch: 7
epoch_7_loss:  1.0996210966222728
epoch: 8
epoch_8_loss:  1.0996196796930857
epoch: 9
epoch_9_loss:  1.099727878932278
epoch: 10
epoch_10_loss:  1.099617803193372
epoch: 11
epoch_11_loss:  1.0997312028311532
epoch: 12
epoch_12_loss:  1.0996295299568273
epoch: 13
epoch_13_loss:  1.0996189288003722
epoch: 14
epoch_14_loss:  1.0995714888200936
[1.0996274256317748, 1.0996401199593189, 1.0996562453397338, 1.0996222439527437, 1.0996702588548, 1.0997007343859666, 1.0997756138718833, 1.0996210966222728, 1.0996196796930857, 1.099727878932278, 1.099617803193372, 1.0997312028311532, 1.0996295299568273, 1.0996189288003722, 1.0995714888200936]
[I 2022-11-13 23:30:00,399] Trial 124 finished with value: 1.0995714888200936 and parameters: {'optimizer': 'Adam', 'lr': 0.00016174257988668523, 'hidden_dim': 5, 'latent_dim': 5, 'mem_dim': 136}. Best is trial 45 with value: 1.016495998638263.
build_Encoder(
  (FC_input): Linear(in_features=5, out_features=5, bias=True)
  (FC_input2): Linear(in_features=5, out_features=5, bias=True)
  (FC_mean): Linear(in_features=5, out_features=5, bias=True)
  (FC_var): Linear(in_features=5, out_features=5, bias=True)
  (LeakyReLU): LeakyReLU(negative_slope=0.01)
)
build_Decoder(
  (FC_hidden): Linear(in_features=5, out_features=5, bias=True)
  (FC_hidden2): Linear(in_features=5, out_features=5, bias=True)
  (FC_output): Linear(in_features=5, out_features=5, bias=True)
  (LeakyReLU): LeakyReLU(negative_slope=0.2)
)
epoch: 0
epoch_0_loss:  1.039935431776981
epoch: 1
epoch_1_loss:  1.0399954054302252
epoch: 2
epoch_2_loss:  1.0401699463695364
epoch: 3
epoch_3_loss:  1.0400983020323566
epoch: 4
epoch_4_loss:  1.0401124637407697
epoch: 5
epoch_5_loss:  1.0401162473585022
epoch: 6
epoch_6_loss:  1.04018571685737
epoch: 7
epoch_7_loss:  1.0401583751831132
epoch: 8
epoch_8_loss:  1.0401447459866793
epoch: 9
epoch_9_loss:  1.0400601734439976
epoch: 10
epoch_10_loss:  1.0402771271984959
epoch: 11
epoch_11_loss:  1.0400228745947446
epoch: 12
epoch_12_loss:  1.040097240164685
epoch: 13
epoch_13_loss:  1.040034454376146
epoch: 14
epoch_14_loss:  1.0401058454079946
[1.039935431776981, 1.0399954054302252, 1.0401699463695364, 1.0400983020323566, 1.0401124637407697, 1.0401162473585022, 1.04018571685737, 1.0401583751831132, 1.0401447459866793, 1.0400601734439976, 1.0402771271984959, 1.0400228745947446, 1.040097240164685, 1.040034454376146, 1.0401058454079946]
[I 2022-11-13 23:32:22,798] Trial 125 finished with value: 1.0401058454079946 and parameters: {'optimizer': 'Adam', 'lr': 8.115755960909842e-05, 'hidden_dim': 5, 'latent_dim': 5, 'mem_dim': 165}. Best is trial 45 with value: 1.016495998638263.
build_Encoder(
  (FC_input): Linear(in_features=5, out_features=4, bias=True)
  (FC_input2): Linear(in_features=4, out_features=4, bias=True)
  (FC_mean): Linear(in_features=4, out_features=5, bias=True)
  (FC_var): Linear(in_features=4, out_features=5, bias=True)
  (LeakyReLU): LeakyReLU(negative_slope=0.01)
)
build_Decoder(
  (FC_hidden): Linear(in_features=5, out_features=4, bias=True)
  (FC_hidden2): Linear(in_features=4, out_features=4, bias=True)
  (FC_output): Linear(in_features=4, out_features=5, bias=True)
  (LeakyReLU): LeakyReLU(negative_slope=0.2)
)
epoch: 0
epoch_0_loss:  1.0413814300402724
epoch: 1
epoch_1_loss:  1.0414322400507987
epoch: 2
epoch_2_loss:  1.0413478840526127
epoch: 3
epoch_3_loss:  1.0412947123531733
epoch: 4
epoch_4_loss:  1.041194531418557
epoch: 5
epoch_5_loss:  1.0413510688187806
epoch: 6
epoch_6_loss:  1.0413440292252154
epoch: 7
epoch_7_loss:  1.041440273203528
epoch: 8
epoch_8_loss:  1.0413779167162927
epoch: 9
epoch_9_loss:  1.0413217265764603
epoch: 10
epoch_10_loss:  1.0413172552049121
epoch: 11
epoch_11_loss:  1.0413753175647036
epoch: 12
epoch_12_loss:  1.0413772678816415
epoch: 13
epoch_13_loss:  1.0412314581238538
epoch: 14
epoch_14_loss:  1.0414041876069182
[1.0413814300402724, 1.0414322400507987, 1.0413478840526127, 1.0412947123531733, 1.041194531418557, 1.0413510688187806, 1.0413440292252154, 1.041440273203528, 1.0413779167162927, 1.0413217265764603, 1.0413172552049121, 1.0413753175647036, 1.0413772678816415, 1.0412314581238538, 1.0414041876069182]
[I 2022-11-13 23:34:36,583] Trial 126 finished with value: 1.0414041876069182 and parameters: {'optimizer': 'Adam', 'lr': 6.737181974130944e-05, 'hidden_dim': 4, 'latent_dim': 5, 'mem_dim': 40}. Best is trial 45 with value: 1.016495998638263.
build_Encoder(
  (FC_input): Linear(in_features=5, out_features=5, bias=True)
  (FC_input2): Linear(in_features=5, out_features=5, bias=True)
  (FC_mean): Linear(in_features=5, out_features=5, bias=True)
  (FC_var): Linear(in_features=5, out_features=5, bias=True)
  (LeakyReLU): LeakyReLU(negative_slope=0.01)
)
build_Decoder(
  (FC_hidden): Linear(in_features=5, out_features=5, bias=True)
  (FC_hidden2): Linear(in_features=5, out_features=5, bias=True)
  (FC_output): Linear(in_features=5, out_features=5, bias=True)
  (LeakyReLU): LeakyReLU(negative_slope=0.2)
)
epoch: 0
epoch_0_loss:  1.0827260934271141
epoch: 1
epoch_1_loss:  1.0826643445377517
epoch: 2
epoch_2_loss:  1.0827746818486828
epoch: 3
epoch_3_loss:  1.0827290687449376
epoch: 4
epoch_4_loss:  1.0829809489738857
epoch: 5
epoch_5_loss:  1.0828353515920706
epoch: 6
epoch_6_loss:  1.0829228986453947
epoch: 7
epoch_7_loss:  1.0827621281320046
epoch: 8
epoch_8_loss:  1.0826250841982326
epoch: 9
epoch_9_loss:  1.082829365540542
epoch: 10
epoch_10_loss:  1.0827408680557742
epoch: 11
epoch_11_loss:  1.0829222697563947
epoch: 12
epoch_12_loss:  1.0827848325842495
epoch: 13
epoch_13_loss:  1.0826789282558467
epoch: 14
epoch_14_loss:  1.0827581613545352
[1.0827260934271141, 1.0826643445377517, 1.0827746818486828, 1.0827290687449376, 1.0829809489738857, 1.0828353515920706, 1.0829228986453947, 1.0827621281320046, 1.0826250841982326, 1.082829365540542, 1.0827408680557742, 1.0829222697563947, 1.0827848325842495, 1.0826789282558467, 1.0827581613545352]
[I 2022-11-13 23:36:58,048] Trial 127 finished with value: 1.0827581613545352 and parameters: {'optimizer': 'Adam', 'lr': 0.0003739658438860189, 'hidden_dim': 5, 'latent_dim': 5, 'mem_dim': 140}. Best is trial 45 with value: 1.016495998638263.
build_Encoder(
  (FC_input): Linear(in_features=5, out_features=5, bias=True)
  (FC_input2): Linear(in_features=5, out_features=5, bias=True)
  (FC_mean): Linear(in_features=5, out_features=4, bias=True)
  (FC_var): Linear(in_features=5, out_features=4, bias=True)
  (LeakyReLU): LeakyReLU(negative_slope=0.01)
)
build_Decoder(
  (FC_hidden): Linear(in_features=4, out_features=5, bias=True)
  (FC_hidden2): Linear(in_features=5, out_features=5, bias=True)
  (FC_output): Linear(in_features=5, out_features=5, bias=True)
  (LeakyReLU): LeakyReLU(negative_slope=0.2)
)
epoch: 0
epoch_0_loss:  1.1053704017537507
epoch: 1
epoch_1_loss:  1.105442533643775
epoch: 2
epoch_2_loss:  1.1055289178270897
epoch: 3
epoch_3_loss:  1.1054993618148774
epoch: 4
epoch_4_loss:  1.1054927616019465
epoch: 5
epoch_5_loss:  1.1055444145459892
epoch: 6
epoch_6_loss:  1.1054518682383014
epoch: 7
epoch_7_loss:  1.1054798071868603
epoch: 8
epoch_8_loss:  1.1054677905244124
epoch: 9
epoch_9_loss:  1.1056508378148417
epoch: 10
epoch_10_loss:  1.1055775067614597
epoch: 11
epoch_11_loss:  1.1055724125324708
epoch: 12
epoch_12_loss:  1.1055275092331223
epoch: 13
epoch_13_loss:  1.1056714355103199
epoch: 14
epoch_14_loss:  1.1054327159784099
[1.1053704017537507, 1.105442533643775, 1.1055289178270897, 1.1054993618148774, 1.1054927616019465, 1.1055444145459892, 1.1054518682383014, 1.1054798071868603, 1.1054677905244124, 1.1056508378148417, 1.1055775067614597, 1.1055724125324708, 1.1055275092331223, 1.1056714355103199, 1.1054327159784099]
[I 2022-11-13 23:39:12,230] Trial 128 finished with value: 1.1054327159784099 and parameters: {'optimizer': 'Adam', 'lr': 0.0004533867758943028, 'hidden_dim': 5, 'latent_dim': 4, 'mem_dim': 97}. Best is trial 45 with value: 1.016495998638263.
build_Encoder(
  (FC_input): Linear(in_features=5, out_features=5, bias=True)
  (FC_input2): Linear(in_features=5, out_features=5, bias=True)
  (FC_mean): Linear(in_features=5, out_features=4, bias=True)
  (FC_var): Linear(in_features=5, out_features=4, bias=True)
  (LeakyReLU): LeakyReLU(negative_slope=0.01)
)
build_Decoder(
  (FC_hidden): Linear(in_features=4, out_features=5, bias=True)
  (FC_hidden2): Linear(in_features=5, out_features=5, bias=True)
  (FC_output): Linear(in_features=5, out_features=5, bias=True)
  (LeakyReLU): LeakyReLU(negative_slope=0.2)
)
epoch: 0
epoch_0_loss:  1.054066640091734
epoch: 1
epoch_1_loss:  1.0540992731909946
epoch: 2
epoch_2_loss:  1.0542214457300347
epoch: 3
epoch_3_loss:  1.0542697128344267
epoch: 4
epoch_4_loss:  1.054316179906661
epoch: 5
epoch_5_loss:  1.0542910359451692
epoch: 6
epoch_6_loss:  1.0543983284273433
epoch: 7
epoch_7_loss:  1.0544302524544729
epoch: 8
epoch_8_loss:  1.0542372333655747
epoch: 9
epoch_9_loss:  1.054240018645736
epoch: 10
epoch_10_loss:  1.0546276025764605
epoch: 11
epoch_11_loss:  1.0544701263318175
epoch: 12
epoch_12_loss:  1.054409362878301
epoch: 13
epoch_13_loss:  1.0541307201819743
epoch: 14
epoch_14_loss:  1.0543749090550127
[1.054066640091734, 1.0540992731909946, 1.0542214457300347, 1.0542697128344267, 1.054316179906661, 1.0542910359451692, 1.0543983284273433, 1.0544302524544729, 1.0542372333655747, 1.054240018645736, 1.0546276025764605, 1.0544701263318175, 1.054409362878301, 1.0541307201819743, 1.0543749090550127]
