[I 2022-11-13 20:29:02,823] Trial 45 finished with value: 1.016495998638263 and parameters: {'optimizer': 'Adam', 'lr': 0.0002058814431270351, 'hidden_dim': 5, 'latent_dim': 4, 'mem_dim': 57}. Best is trial 45 with value: 1.016495998638263.
build_Encoder(
  (FC_input): Linear(in_features=5, out_features=5, bias=True)
  (FC_input2): Linear(in_features=5, out_features=5, bias=True)
  (FC_mean): Linear(in_features=5, out_features=4, bias=True)
  (FC_var): Linear(in_features=5, out_features=4, bias=True)
  (LeakyReLU): LeakyReLU(negative_slope=0.01)
)
build_Decoder(
  (FC_hidden): Linear(in_features=4, out_features=5, bias=True)
  (FC_hidden2): Linear(in_features=5, out_features=5, bias=True)
  (FC_output): Linear(in_features=5, out_features=5, bias=True)
  (LeakyReLU): LeakyReLU(negative_slope=0.2)
)
epoch: 0
epoch_0_loss:  1.068141809950766
epoch: 1
epoch_1_loss:  1.0679736709862726
epoch: 2
epoch_2_loss:  1.068109081386247
epoch: 3
epoch_3_loss:  1.0680878748801685
epoch: 4
epoch_4_loss:  1.0682142859747834
epoch: 5
epoch_5_loss:  1.0681008326765478
epoch: 6
epoch_6_loss:  1.0681869145973086
epoch: 7
epoch_7_loss:  1.0680982559482253
epoch: 8
epoch_8_loss:  1.0682035191986086
epoch: 9
epoch_9_loss:  1.0681948265646544
epoch: 10
epoch_10_loss:  1.0681258268277227
epoch: 11
epoch_11_loss:  1.0681826777597647
epoch: 12
epoch_12_loss:  1.068169921500443
epoch: 13
epoch_13_loss:  1.0681444424669015
epoch: 14
epoch_14_loss:  1.068151913850861
[1.068141809950766, 1.0679736709862726, 1.068109081386247, 1.0680878748801685, 1.0682142859747834, 1.0681008326765478, 1.0681869145973086, 1.0680982559482253, 1.0682035191986086, 1.0681948265646544, 1.0681258268277227, 1.0681826777597647, 1.068169921500443, 1.0681444424669015, 1.068151913850861]
[I 2022-11-13 20:31:16,087] Trial 46 finished with value: 1.068151913850861 and parameters: {'optimizer': 'Adam', 'lr': 0.00022521136036403062, 'hidden_dim': 5, 'latent_dim': 4, 'mem_dim': 40}. Best is trial 45 with value: 1.016495998638263.
build_Encoder(
  (FC_input): Linear(in_features=5, out_features=5, bias=True)
  (FC_input2): Linear(in_features=5, out_features=5, bias=True)
  (FC_mean): Linear(in_features=5, out_features=4, bias=True)
  (FC_var): Linear(in_features=5, out_features=4, bias=True)
  (LeakyReLU): LeakyReLU(negative_slope=0.01)
)
build_Decoder(
  (FC_hidden): Linear(in_features=4, out_features=5, bias=True)
  (FC_hidden2): Linear(in_features=5, out_features=5, bias=True)
  (FC_output): Linear(in_features=5, out_features=5, bias=True)
  (LeakyReLU): LeakyReLU(negative_slope=0.2)
)
epoch: 0
epoch_0_loss:  1.0358893742846929
epoch: 1
epoch_1_loss:  1.0359863103972449
epoch: 2
epoch_2_loss:  1.0359177468600156
epoch: 3
epoch_3_loss:  1.0359672792048542
epoch: 4
epoch_4_loss:  1.0361054371371505
epoch: 5
epoch_5_loss:  1.0358162268964812
epoch: 6
epoch_6_loss:  1.0359574440471986
epoch: 7
epoch_7_loss:  1.0359709124583922
epoch: 8
epoch_8_loss:  1.0359834469172184
epoch: 9
epoch_9_loss:  1.035977884459285
epoch: 10
epoch_10_loss:  1.0359706197180965
epoch: 11
epoch_11_loss:  1.0359613149685984
epoch: 12
epoch_12_loss:  1.0358889450170323
epoch: 13
epoch_13_loss:  1.036002632571062
epoch: 14
epoch_14_loss:  1.0359197045573132
[1.0358893742846929, 1.0359863103972449, 1.0359177468600156, 1.0359672792048542, 1.0361054371371505, 1.0358162268964812, 1.0359574440471986, 1.0359709124583922, 1.0359834469172184, 1.035977884459285, 1.0359706197180965, 1.0359613149685984, 1.0358889450170323, 1.036002632571062, 1.0359197045573132]
[I 2022-11-13 20:33:29,252] Trial 47 finished with value: 1.0359197045573132 and parameters: {'optimizer': 'Adam', 'lr': 0.00019202521855051126, 'hidden_dim': 5, 'latent_dim': 4, 'mem_dim': 56}. Best is trial 45 with value: 1.016495998638263.
build_Encoder(
  (FC_input): Linear(in_features=5, out_features=4, bias=True)
  (FC_input2): Linear(in_features=4, out_features=4, bias=True)
  (FC_mean): Linear(in_features=4, out_features=4, bias=True)
  (FC_var): Linear(in_features=4, out_features=4, bias=True)
  (LeakyReLU): LeakyReLU(negative_slope=0.01)
)
build_Decoder(
  (FC_hidden): Linear(in_features=4, out_features=4, bias=True)
  (FC_hidden2): Linear(in_features=4, out_features=4, bias=True)
  (FC_output): Linear(in_features=4, out_features=5, bias=True)
  (LeakyReLU): LeakyReLU(negative_slope=0.2)
)
epoch: 0
epoch_0_loss:  1.1784829706479374
epoch: 1
epoch_1_loss:  1.1785294510563926
epoch: 2
epoch_2_loss:  1.1785631620011403
epoch: 3
epoch_3_loss:  1.1785843036234278
epoch: 4
epoch_4_loss:  1.1785815059199816
epoch: 5
epoch_5_loss:  1.1785208678602739
epoch: 6
epoch_6_loss:  1.1785131493884287
epoch: 7
epoch_7_loss:  1.178538828951551
epoch: 8
epoch_8_loss:  1.1785508035941639
epoch: 9
epoch_9_loss:  1.1785581523932787
epoch: 10
epoch_10_loss:  1.178484051694634
epoch: 11
epoch_11_loss:  1.1786630549427677
epoch: 12
epoch_12_loss:  1.1783921498428687
epoch: 13
epoch_13_loss:  1.1785455092326644
epoch: 14
epoch_14_loss:  1.178475542403434
[1.1784829706479374, 1.1785294510563926, 1.1785631620011403, 1.1785843036234278, 1.1785815059199816, 1.1785208678602739, 1.1785131493884287, 1.178538828951551, 1.1785508035941639, 1.1785581523932787, 1.178484051694634, 1.1786630549427677, 1.1783921498428687, 1.1785455092326644, 1.178475542403434]
[I 2022-11-13 20:35:42,899] Trial 48 finished with value: 1.178475542403434 and parameters: {'optimizer': 'Adam', 'lr': 0.00019621671859100358, 'hidden_dim': 4, 'latent_dim': 4, 'mem_dim': 55}. Best is trial 45 with value: 1.016495998638263.
build_Encoder(
  (FC_input): Linear(in_features=5, out_features=4, bias=True)
  (FC_input2): Linear(in_features=4, out_features=4, bias=True)
  (FC_mean): Linear(in_features=4, out_features=4, bias=True)
  (FC_var): Linear(in_features=4, out_features=4, bias=True)
  (LeakyReLU): LeakyReLU(negative_slope=0.01)
)
build_Decoder(
  (FC_hidden): Linear(in_features=4, out_features=4, bias=True)
  (FC_hidden2): Linear(in_features=4, out_features=4, bias=True)
  (FC_output): Linear(in_features=4, out_features=5, bias=True)
  (LeakyReLU): LeakyReLU(negative_slope=0.2)
)
epoch: 0
epoch_0_loss:  1.0559708960833225
epoch: 1
epoch_1_loss:  1.0559384113456585
epoch: 2
epoch_2_loss:  1.0559653625569276
epoch: 3
epoch_3_loss:  1.0559737477407554
epoch: 4
epoch_4_loss:  1.05596869319521
epoch: 5
epoch_5_loss:  1.0559450010272242
epoch: 6
epoch_6_loss:  1.055963296624318
epoch: 7
epoch_7_loss:  1.055967869382886
epoch: 8
epoch_8_loss:  1.0559757952068172
epoch: 9
epoch_9_loss:  1.055971403453341
epoch: 10
epoch_10_loss:  1.0559318963036899
epoch: 11
epoch_11_loss:  1.0559676897891224
epoch: 12
epoch_12_loss:  1.0559607199961107
epoch: 13
epoch_13_loss:  1.0559512283518055
epoch: 14
epoch_14_loss:  1.0559749285840057
[1.0559708960833225, 1.0559384113456585, 1.0559653625569276, 1.0559737477407554, 1.05596869319521, 1.0559450010272242, 1.055963296624318, 1.055967869382886, 1.0559757952068172, 1.055971403453341, 1.0559318963036899, 1.0559676897891224, 1.0559607199961107, 1.0559512283518055, 1.0559749285840057]
[I 2022-11-13 20:37:56,426] Trial 49 finished with value: 1.0559749285840057 and parameters: {'optimizer': 'Adam', 'lr': 0.0002652191921045533, 'hidden_dim': 4, 'latent_dim': 4, 'mem_dim': 82}. Best is trial 45 with value: 1.016495998638263.
build_Encoder(
  (FC_input): Linear(in_features=5, out_features=5, bias=True)
  (FC_input2): Linear(in_features=5, out_features=5, bias=True)
  (FC_mean): Linear(in_features=5, out_features=4, bias=True)
  (FC_var): Linear(in_features=5, out_features=4, bias=True)
  (LeakyReLU): LeakyReLU(negative_slope=0.01)
)
build_Decoder(
  (FC_hidden): Linear(in_features=4, out_features=5, bias=True)
  (FC_hidden2): Linear(in_features=5, out_features=5, bias=True)
  (FC_output): Linear(in_features=5, out_features=5, bias=True)
  (LeakyReLU): LeakyReLU(negative_slope=0.2)
)
epoch: 0
epoch_0_loss:  1.0488061481995237
epoch: 1
epoch_1_loss:  1.0487935551115162
epoch: 2
epoch_2_loss:  1.048756267436895
epoch: 3
epoch_3_loss:  1.0489251907130908
epoch: 4
epoch_4_loss:  1.0488967490136034
epoch: 5
epoch_5_loss:  1.0488767293311845
epoch: 6
epoch_6_loss:  1.0488069935118114
epoch: 7
epoch_7_loss:  1.0488674899855812
epoch: 8
epoch_8_loss:  1.0488508522476103
epoch: 9
epoch_9_loss:  1.0488636654433154
epoch: 10
epoch_10_loss:  1.048898093103507
epoch: 11
epoch_11_loss:  1.0488645539216612
epoch: 12
epoch_12_loss:  1.0488894972890235
epoch: 13
epoch_13_loss:  1.048899159268081
epoch: 14
epoch_14_loss:  1.0488485813820778
[1.0488061481995237, 1.0487935551115162, 1.048756267436895, 1.0489251907130908, 1.0488967490136034, 1.0488767293311845, 1.0488069935118114, 1.0488674899855812, 1.0488508522476103, 1.0488636654433154, 1.048898093103507, 1.0488645539216612, 1.0488894972890235, 1.048899159268081, 1.0488485813820778]
[I 2022-11-13 20:40:09,972] Trial 50 finished with value: 1.0488485813820778 and parameters: {'optimizer': 'Adam', 'lr': 0.00039805197871758106, 'hidden_dim': 5, 'latent_dim': 4, 'mem_dim': 53}. Best is trial 45 with value: 1.016495998638263.
build_Encoder(
  (FC_input): Linear(in_features=5, out_features=5, bias=True)
  (FC_input2): Linear(in_features=5, out_features=5, bias=True)
  (FC_mean): Linear(in_features=5, out_features=4, bias=True)
  (FC_var): Linear(in_features=5, out_features=4, bias=True)
  (LeakyReLU): LeakyReLU(negative_slope=0.01)
)
build_Decoder(
  (FC_hidden): Linear(in_features=4, out_features=5, bias=True)
  (FC_hidden2): Linear(in_features=5, out_features=5, bias=True)
  (FC_output): Linear(in_features=5, out_features=5, bias=True)
  (LeakyReLU): LeakyReLU(negative_slope=0.2)
)
epoch: 0
epoch_0_loss:  1.1157394003183552
epoch: 1
epoch_1_loss:  1.1158723981356762
epoch: 2
epoch_2_loss:  1.115856813703064
epoch: 3
epoch_3_loss:  1.1159151001962215
epoch: 4
epoch_4_loss:  1.1158792324998195
epoch: 5
epoch_5_loss:  1.1158931237508265
epoch: 6
epoch_6_loss:  1.1157847819900706
epoch: 7
epoch_7_loss:  1.1159254015305735
epoch: 8
epoch_8_loss:  1.1157432329205645
epoch: 9
epoch_9_loss:  1.1159224987195118
epoch: 10
epoch_10_loss:  1.1158427158628808
epoch: 11
epoch_11_loss:  1.1159049133306984
epoch: 12
epoch_12_loss:  1.1158586550386347
epoch: 13
epoch_13_loss:  1.115910581960644
epoch: 14
epoch_14_loss:  1.1158552595055098
[1.1157394003183552, 1.1158723981356762, 1.115856813703064, 1.1159151001962215, 1.1158792324998195, 1.1158931237508265, 1.1157847819900706, 1.1159254015305735, 1.1157432329205645, 1.1159224987195118, 1.1158427158628808, 1.1159049133306984, 1.1158586550386347, 1.115910581960644, 1.1158552595055098]
[I 2022-11-13 20:42:23,526] Trial 51 finished with value: 1.1158552595055098 and parameters: {'optimizer': 'Adam', 'lr': 0.00010055175083581955, 'hidden_dim': 5, 'latent_dim': 4, 'mem_dim': 77}. Best is trial 45 with value: 1.016495998638263.
build_Encoder(
  (FC_input): Linear(in_features=5, out_features=5, bias=True)
  (FC_input2): Linear(in_features=5, out_features=5, bias=True)
  (FC_mean): Linear(in_features=5, out_features=4, bias=True)
  (FC_var): Linear(in_features=5, out_features=4, bias=True)
  (LeakyReLU): LeakyReLU(negative_slope=0.01)
)
build_Decoder(
  (FC_hidden): Linear(in_features=4, out_features=5, bias=True)
  (FC_hidden2): Linear(in_features=5, out_features=5, bias=True)
  (FC_output): Linear(in_features=5, out_features=5, bias=True)
  (LeakyReLU): LeakyReLU(negative_slope=0.2)
)
epoch: 0
epoch_0_loss:  1.1218714267391012
epoch: 1
epoch_1_loss:  1.1220020103831396
epoch: 2
epoch_2_loss:  1.1218236585631987
epoch: 3
epoch_3_loss:  1.1219747415179133
epoch: 4
epoch_4_loss:  1.1219465253137635
epoch: 5
epoch_5_loss:  1.121905613191962
epoch: 6
epoch_6_loss:  1.1217327571245292
epoch: 7
epoch_7_loss:  1.1219511611104946
epoch: 8
epoch_8_loss:  1.1220426211006849
epoch: 9
epoch_9_loss:  1.121873061953765
epoch: 10
epoch_10_loss:  1.1218122791992335
epoch: 11
epoch_11_loss:  1.1219407420326886
epoch: 12
epoch_12_loss:  1.1219743496572243
epoch: 13
epoch_13_loss:  1.1219258780638917
epoch: 14
epoch_14_loss:  1.1217983245476142
[1.1218714267391012, 1.1220020103831396, 1.1218236585631987, 1.1219747415179133, 1.1219465253137635, 1.121905613191962, 1.1217327571245292, 1.1219511611104946, 1.1220426211006849, 1.121873061953765, 1.1218122791992335, 1.1219407420326886, 1.1219743496572243, 1.1219258780638917, 1.1217983245476142]
[I 2022-11-13 20:44:37,091] Trial 52 finished with value: 1.1217983245476142 and parameters: {'optimizer': 'Adam', 'lr': 0.0005044664489516869, 'hidden_dim': 5, 'latent_dim': 4, 'mem_dim': 57}. Best is trial 45 with value: 1.016495998638263.
build_Encoder(
  (FC_input): Linear(in_features=5, out_features=5, bias=True)
  (FC_input2): Linear(in_features=5, out_features=5, bias=True)
  (FC_mean): Linear(in_features=5, out_features=4, bias=True)
  (FC_var): Linear(in_features=5, out_features=4, bias=True)
  (LeakyReLU): LeakyReLU(negative_slope=0.01)
)
build_Decoder(
  (FC_hidden): Linear(in_features=4, out_features=5, bias=True)
  (FC_hidden2): Linear(in_features=5, out_features=5, bias=True)
  (FC_output): Linear(in_features=5, out_features=5, bias=True)
  (LeakyReLU): LeakyReLU(negative_slope=0.2)
)
epoch: 0
epoch_0_loss:  1.0295167536253345
epoch: 1
epoch_1_loss:  1.0294621006169158
epoch: 2
epoch_2_loss:  1.0295537976444797
epoch: 3
epoch_3_loss:  1.0294095475163527
epoch: 4
epoch_4_loss:  1.0294166882763647
epoch: 5
epoch_5_loss:  1.0296594279071563
epoch: 6
epoch_6_loss:  1.0294875278085724
epoch: 7
epoch_7_loss:  1.0293077779075772
epoch: 8
epoch_8_loss:  1.029426627842231
epoch: 9
epoch_9_loss:  1.029456999928262
epoch: 10
epoch_10_loss:  1.0295198742449971
epoch: 11
epoch_11_loss:  1.0293454476495256
epoch: 12
epoch_12_loss:  1.0294670434306146
epoch: 13
epoch_13_loss:  1.0294973736905861
epoch: 14
epoch_14_loss:  1.029568408701691
[1.0295167536253345, 1.0294621006169158, 1.0295537976444797, 1.0294095475163527, 1.0294166882763647, 1.0296594279071563, 1.0294875278085724, 1.0293077779075772, 1.029426627842231, 1.029456999928262, 1.0295198742449971, 1.0293454476495256, 1.0294670434306146, 1.0294973736905861, 1.029568408701691]
[I 2022-11-13 20:46:50,611] Trial 53 finished with value: 1.029568408701691 and parameters: {'optimizer': 'Adam', 'lr': 0.0001414823455748861, 'hidden_dim': 5, 'latent_dim': 4, 'mem_dim': 93}. Best is trial 45 with value: 1.016495998638263.
build_Encoder(
  (FC_input): Linear(in_features=5, out_features=5, bias=True)
  (FC_input2): Linear(in_features=5, out_features=5, bias=True)
  (FC_mean): Linear(in_features=5, out_features=4, bias=True)
  (FC_var): Linear(in_features=5, out_features=4, bias=True)
  (LeakyReLU): LeakyReLU(negative_slope=0.01)
)
build_Decoder(
  (FC_hidden): Linear(in_features=4, out_features=5, bias=True)
  (FC_hidden2): Linear(in_features=5, out_features=5, bias=True)
  (FC_output): Linear(in_features=5, out_features=5, bias=True)
  (LeakyReLU): LeakyReLU(negative_slope=0.2)
)
epoch: 0
epoch_0_loss:  1.0472735844572598
epoch: 1
epoch_1_loss:  1.0472446739802972
epoch: 2
epoch_2_loss:  1.0474568589970479
epoch: 3
epoch_3_loss:  1.047358716549224
epoch: 4
epoch_4_loss:  1.0472842227307404
epoch: 5
epoch_5_loss:  1.0472974609832681
epoch: 6
epoch_6_loss:  1.047294613779936
epoch: 7
epoch_7_loss:  1.0473173386852868
epoch: 8
epoch_8_loss:  1.0472998386997447
epoch: 9
epoch_9_loss:  1.0472907963473828
epoch: 10
epoch_10_loss:  1.0472071350445735
epoch: 11
epoch_11_loss:  1.0471895522328714
epoch: 12
epoch_12_loss:  1.0473919262513893
epoch: 13
epoch_13_loss:  1.0473170094147692
epoch: 14
epoch_14_loss:  1.0473220058344148
[1.0472735844572598, 1.0472446739802972, 1.0474568589970479, 1.047358716549224, 1.0472842227307404, 1.0472974609832681, 1.047294613779936, 1.0473173386852868, 1.0472998386997447, 1.0472907963473828, 1.0472071350445735, 1.0471895522328714, 1.0473919262513893, 1.0473170094147692, 1.0473220058344148]
[I 2022-11-13 20:49:03,931] Trial 54 finished with value: 1.0473220058344148 and parameters: {'optimizer': 'Adam', 'lr': 0.0001400358756199403, 'hidden_dim': 5, 'latent_dim': 4, 'mem_dim': 96}. Best is trial 45 with value: 1.016495998638263.
build_Encoder(
  (FC_input): Linear(in_features=5, out_features=5, bias=True)
  (FC_input2): Linear(in_features=5, out_features=5, bias=True)
  (FC_mean): Linear(in_features=5, out_features=4, bias=True)
  (FC_var): Linear(in_features=5, out_features=4, bias=True)
  (LeakyReLU): LeakyReLU(negative_slope=0.01)
)
build_Decoder(
  (FC_hidden): Linear(in_features=4, out_features=5, bias=True)
  (FC_hidden2): Linear(in_features=5, out_features=5, bias=True)
  (FC_output): Linear(in_features=5, out_features=5, bias=True)
  (LeakyReLU): LeakyReLU(negative_slope=0.2)
)
epoch: 0
epoch_0_loss:  1.0603053677379584
epoch: 1
epoch_1_loss:  1.0603531708868361
epoch: 2
epoch_2_loss:  1.0603476705103152
epoch: 3
epoch_3_loss:  1.0603431381923634
epoch: 4
epoch_4_loss:  1.0603360682527696
epoch: 5
epoch_5_loss:  1.0602958817634804
epoch: 6
epoch_6_loss:  1.0603299159436659
epoch: 7
epoch_7_loss:  1.0603159535780562
epoch: 8
epoch_8_loss:  1.060314552504825
epoch: 9
epoch_9_loss:  1.060325782942721
epoch: 10
epoch_10_loss:  1.0603180264141823
epoch: 11
epoch_11_loss:  1.0603584786290232
epoch: 12
epoch_12_loss:  1.060334184025765
epoch: 13
epoch_13_loss:  1.0602953478102464
epoch: 14
epoch_14_loss:  1.060345445436983
[1.0603053677379584, 1.0603531708868361, 1.0603476705103152, 1.0603431381923634, 1.0603360682527696, 1.0602958817634804, 1.0603299159436659, 1.0603159535780562, 1.060314552504825, 1.060325782942721, 1.0603180264141823, 1.0603584786290232, 1.060334184025765, 1.0602953478102464, 1.060345445436983]
[I 2022-11-13 20:51:28,375] Trial 55 finished with value: 1.060345445436983 and parameters: {'optimizer': 'Adam', 'lr': 0.00017513709551736828, 'hidden_dim': 5, 'latent_dim': 4, 'mem_dim': 63}. Best is trial 45 with value: 1.016495998638263.
build_Encoder(
  (FC_input): Linear(in_features=5, out_features=5, bias=True)
  (FC_input2): Linear(in_features=5, out_features=5, bias=True)
  (FC_mean): Linear(in_features=5, out_features=4, bias=True)
  (FC_var): Linear(in_features=5, out_features=4, bias=True)
  (LeakyReLU): LeakyReLU(negative_slope=0.01)
)
build_Decoder(
  (FC_hidden): Linear(in_features=4, out_features=5, bias=True)
  (FC_hidden2): Linear(in_features=5, out_features=5, bias=True)
  (FC_output): Linear(in_features=5, out_features=5, bias=True)
  (LeakyReLU): LeakyReLU(negative_slope=0.2)
)
epoch: 0
epoch_0_loss:  1.056981567492658
epoch: 1
epoch_1_loss:  1.0572000588560324
epoch: 2
epoch_2_loss:  1.057070234599016
epoch: 3
epoch_3_loss:  1.0570707903876044
epoch: 4
epoch_4_loss:  1.057058718068005
epoch: 5
epoch_5_loss:  1.0572280581551285
epoch: 6
epoch_6_loss:  1.0570194773189254
epoch: 7
epoch_7_loss:  1.0570226620154592
epoch: 8
epoch_8_loss:  1.0571776825722878
epoch: 9
epoch_9_loss:  1.0571060333921525
epoch: 10
epoch_10_loss:  1.0571213384072584
epoch: 11
epoch_11_loss:  1.0572022547013276
epoch: 12
epoch_12_loss:  1.0573289868197824
epoch: 13
epoch_13_loss:  1.057087934069759
epoch: 14
epoch_14_loss:  1.056998332799132
[1.056981567492658, 1.0572000588560324, 1.057070234599016, 1.0570707903876044, 1.057058718068005, 1.0572280581551285, 1.0570194773189254, 1.0570226620154592, 1.0571776825722878, 1.0571060333921525, 1.0571213384072584, 1.0572022547013276, 1.0573289868197824, 1.057087934069759, 1.056998332799132]
[I 2022-11-13 20:53:40,314] Trial 56 finished with value: 1.056998332799132 and parameters: {'optimizer': 'Adam', 'lr': 0.00023104968853456881, 'hidden_dim': 5, 'latent_dim': 4, 'mem_dim': 46}. Best is trial 45 with value: 1.016495998638263.
build_Encoder(
  (FC_input): Linear(in_features=5, out_features=5, bias=True)
  (FC_input2): Linear(in_features=5, out_features=5, bias=True)
  (FC_mean): Linear(in_features=5, out_features=4, bias=True)
  (FC_var): Linear(in_features=5, out_features=4, bias=True)
  (LeakyReLU): LeakyReLU(negative_slope=0.01)
)
build_Decoder(
  (FC_hidden): Linear(in_features=4, out_features=5, bias=True)
  (FC_hidden2): Linear(in_features=5, out_features=5, bias=True)
  (FC_output): Linear(in_features=5, out_features=5, bias=True)
  (LeakyReLU): LeakyReLU(negative_slope=0.2)
)
epoch: 0
epoch_0_loss:  1.1010587775458545
epoch: 1
epoch_1_loss:  1.1010257032710575
epoch: 2
epoch_2_loss:  1.1010497398259813
epoch: 3
epoch_3_loss:  1.1011010356441984
epoch: 4
epoch_4_loss:  1.1010902884912588
epoch: 5
epoch_5_loss:  1.1011301466284433
epoch: 6
epoch_6_loss:  1.1011704232572916
epoch: 7
epoch_7_loss:  1.1010428863352995
epoch: 8
epoch_8_loss:  1.1010712048957383
epoch: 9
epoch_9_loss:  1.1010075457745163
epoch: 10
epoch_10_loss:  1.1010602631678403
epoch: 11
epoch_11_loss:  1.1010289299394387
epoch: 12
epoch_12_loss:  1.101264802600017
epoch: 13
epoch_13_loss:  1.1011297708153995
epoch: 14
epoch_14_loss:  1.101111510719502
[1.1010587775458545, 1.1010257032710575, 1.1010497398259813, 1.1011010356441984, 1.1010902884912588, 1.1011301466284433, 1.1011704232572916, 1.1010428863352995, 1.1010712048957383, 1.1010075457745163, 1.1010602631678403, 1.1010289299394387, 1.101264802600017, 1.1011297708153995, 1.101111510719502]
