[I 2022-11-13 22:45:47,146] Trial 105 finished with value: 1.1009605486233864 and parameters: {'optimizer': 'Adam', 'lr': 0.00020429912931612627, 'hidden_dim': 5, 'latent_dim': 4, 'mem_dim': 118}. Best is trial 45 with value: 1.016495998638263.
build_Encoder(
  (FC_input): Linear(in_features=5, out_features=5, bias=True)
  (FC_input2): Linear(in_features=5, out_features=5, bias=True)
  (FC_mean): Linear(in_features=5, out_features=4, bias=True)
  (FC_var): Linear(in_features=5, out_features=4, bias=True)
  (LeakyReLU): LeakyReLU(negative_slope=0.01)
)
build_Decoder(
  (FC_hidden): Linear(in_features=4, out_features=5, bias=True)
  (FC_hidden2): Linear(in_features=5, out_features=5, bias=True)
  (FC_output): Linear(in_features=5, out_features=5, bias=True)
  (LeakyReLU): LeakyReLU(negative_slope=0.2)
)
epoch: 0
epoch_0_loss:  1.0403262312527672
epoch: 1
epoch_1_loss:  1.0401900907192358
epoch: 2
epoch_2_loss:  1.0403763589702726
epoch: 3
epoch_3_loss:  1.0403017215278167
epoch: 4
epoch_4_loss:  1.040353605524814
epoch: 5
epoch_5_loss:  1.0403235274070632
epoch: 6
epoch_6_loss:  1.0402177617430335
epoch: 7
epoch_7_loss:  1.040220348471533
epoch: 8
epoch_8_loss:  1.0403166186377182
epoch: 9
epoch_9_loss:  1.0400965218520921
epoch: 10
epoch_10_loss:  1.0402655440876356
epoch: 11
epoch_11_loss:  1.0403228651214385
epoch: 12
epoch_12_loss:  1.0402201774533504
epoch: 13
epoch_13_loss:  1.0402490774911415
epoch: 14
epoch_14_loss:  1.0402317640678844
[1.0403262312527672, 1.0401900907192358, 1.0403763589702726, 1.0403017215278167, 1.040353605524814, 1.0403235274070632, 1.0402177617430335, 1.040220348471533, 1.0403166186377182, 1.0400965218520921, 1.0402655440876356, 1.0403228651214385, 1.0402201774533504, 1.0402490774911415, 1.0402317640678844]
[I 2022-11-13 22:48:10,148] Trial 106 finished with value: 1.0402317640678844 and parameters: {'optimizer': 'Adam', 'lr': 0.0003523219081343645, 'hidden_dim': 5, 'latent_dim': 4, 'mem_dim': 195}. Best is trial 45 with value: 1.016495998638263.
build_Encoder(
  (FC_input): Linear(in_features=5, out_features=5, bias=True)
  (FC_input2): Linear(in_features=5, out_features=5, bias=True)
  (FC_mean): Linear(in_features=5, out_features=4, bias=True)
  (FC_var): Linear(in_features=5, out_features=4, bias=True)
  (LeakyReLU): LeakyReLU(negative_slope=0.01)
)
build_Decoder(
  (FC_hidden): Linear(in_features=4, out_features=5, bias=True)
  (FC_hidden2): Linear(in_features=5, out_features=5, bias=True)
  (FC_output): Linear(in_features=5, out_features=5, bias=True)
  (LeakyReLU): LeakyReLU(negative_slope=0.2)
)
epoch: 0
epoch_0_loss:  1.082184297041652
epoch: 1
epoch_1_loss:  1.0827523357429454
epoch: 2
epoch_2_loss:  1.0823953780838533
epoch: 3
epoch_3_loss:  1.082481034185338
epoch: 4
epoch_4_loss:  1.0824210852016445
epoch: 5
epoch_5_loss:  1.0824650344891342
epoch: 6
epoch_6_loss:  1.0824132940143314
epoch: 7
epoch_7_loss:  1.0822734567507564
epoch: 8
epoch_8_loss:  1.0824167313246154
epoch: 9
epoch_9_loss:  1.0827517186906226
epoch: 10
epoch_10_loss:  1.0824247544207037
epoch: 11
epoch_11_loss:  1.0822780936423326
epoch: 12
epoch_12_loss:  1.0823375785032725
epoch: 13
epoch_13_loss:  1.0825564242352779
epoch: 14
epoch_14_loss:  1.0826351827520901
[1.082184297041652, 1.0827523357429454, 1.0823953780838533, 1.082481034185338, 1.0824210852016445, 1.0824650344891342, 1.0824132940143314, 1.0822734567507564, 1.0824167313246154, 1.0827517186906226, 1.0824247544207037, 1.0822780936423326, 1.0823375785032725, 1.0825564242352779, 1.0826351827520901]
[I 2022-11-13 22:50:23,568] Trial 107 finished with value: 1.0826351827520901 and parameters: {'optimizer': 'Adam', 'lr': 0.000255359152201118, 'hidden_dim': 5, 'latent_dim': 4, 'mem_dim': 83}. Best is trial 45 with value: 1.016495998638263.
build_Encoder(
  (FC_input): Linear(in_features=5, out_features=5, bias=True)
  (FC_input2): Linear(in_features=5, out_features=5, bias=True)
  (FC_mean): Linear(in_features=5, out_features=4, bias=True)
  (FC_var): Linear(in_features=5, out_features=4, bias=True)
  (LeakyReLU): LeakyReLU(negative_slope=0.01)
)
build_Decoder(
  (FC_hidden): Linear(in_features=4, out_features=5, bias=True)
  (FC_hidden2): Linear(in_features=5, out_features=5, bias=True)
  (FC_output): Linear(in_features=5, out_features=5, bias=True)
  (LeakyReLU): LeakyReLU(negative_slope=0.2)
)
epoch: 0
epoch_0_loss:  1.0579649610077173
epoch: 1
epoch_1_loss:  1.0579691932651936
epoch: 2
epoch_2_loss:  1.057933329490335
epoch: 3
epoch_3_loss:  1.057883706083743
epoch: 4
epoch_4_loss:  1.0579146383875562
epoch: 5
epoch_5_loss:  1.0578956195694198
epoch: 6
epoch_6_loss:  1.0577870860223266
epoch: 7
epoch_7_loss:  1.0577212232063977
epoch: 8
epoch_8_loss:  1.0578998459511662
epoch: 9
epoch_9_loss:  1.0578909343889897
epoch: 10
epoch_10_loss:  1.057767260099861
epoch: 11
epoch_11_loss:  1.0578065619055335
epoch: 12
epoch_12_loss:  1.0579909390595945
epoch: 13
epoch_13_loss:  1.0577928364041251
epoch: 14
epoch_14_loss:  1.0577656654605825
[1.0579649610077173, 1.0579691932651936, 1.057933329490335, 1.057883706083743, 1.0579146383875562, 1.0578956195694198, 1.0577870860223266, 1.0577212232063977, 1.0578998459511662, 1.0578909343889897, 1.057767260099861, 1.0578065619055335, 1.0579909390595945, 1.0577928364041251, 1.0577656654605825]
[I 2022-11-13 22:52:59,618] Trial 108 finished with value: 1.0577656654605825 and parameters: {'optimizer': 'Adam', 'lr': 0.00013196306273545935, 'hidden_dim': 5, 'latent_dim': 4, 'mem_dim': 158}. Best is trial 45 with value: 1.016495998638263.
build_Encoder(
  (FC_input): Linear(in_features=5, out_features=5, bias=True)
  (FC_input2): Linear(in_features=5, out_features=5, bias=True)
  (FC_mean): Linear(in_features=5, out_features=4, bias=True)
  (FC_var): Linear(in_features=5, out_features=4, bias=True)
  (LeakyReLU): LeakyReLU(negative_slope=0.01)
)
build_Decoder(
  (FC_hidden): Linear(in_features=4, out_features=5, bias=True)
  (FC_hidden2): Linear(in_features=5, out_features=5, bias=True)
  (FC_output): Linear(in_features=5, out_features=5, bias=True)
  (LeakyReLU): LeakyReLU(negative_slope=0.2)
)
epoch: 0
epoch_0_loss:  1.11427071341985
epoch: 1
epoch_1_loss:  1.1141573259485946
epoch: 2
epoch_2_loss:  1.1141675993538318
epoch: 3
epoch_3_loss:  1.114288325284852
epoch: 4
epoch_4_loss:  1.1140761612010825
epoch: 5
epoch_5_loss:  1.1142472275407598
epoch: 6
epoch_6_loss:  1.1141823310221413
epoch: 7
epoch_7_loss:  1.1142337221454843
epoch: 8
epoch_8_loss:  1.1142615855151687
epoch: 9
epoch_9_loss:  1.114207080195185
epoch: 10
epoch_10_loss:  1.114213567237427
epoch: 11
epoch_11_loss:  1.1141578015890645
epoch: 12
epoch_12_loss:  1.1140964023661453
epoch: 13
epoch_13_loss:  1.1142518448676508
epoch: 14
epoch_14_loss:  1.114287153622764
[1.11427071341985, 1.1141573259485946, 1.1141675993538318, 1.114288325284852, 1.1140761612010825, 1.1142472275407598, 1.1141823310221413, 1.1142337221454843, 1.1142615855151687, 1.114207080195185, 1.114213567237427, 1.1141578015890645, 1.1140964023661453, 1.1142518448676508, 1.114287153622764]
[I 2022-11-13 22:55:15,116] Trial 109 finished with value: 1.114287153622764 and parameters: {'optimizer': 'Adam', 'lr': 0.0003114435567015547, 'hidden_dim': 5, 'latent_dim': 4, 'mem_dim': 92}. Best is trial 45 with value: 1.016495998638263.
build_Encoder(
  (FC_input): Linear(in_features=5, out_features=3, bias=True)
  (FC_input2): Linear(in_features=3, out_features=3, bias=True)
  (FC_mean): Linear(in_features=3, out_features=4, bias=True)
  (FC_var): Linear(in_features=3, out_features=4, bias=True)
  (LeakyReLU): LeakyReLU(negative_slope=0.01)
)
build_Decoder(
  (FC_hidden): Linear(in_features=4, out_features=3, bias=True)
  (FC_hidden2): Linear(in_features=3, out_features=3, bias=True)
  (FC_output): Linear(in_features=3, out_features=5, bias=True)
  (LeakyReLU): LeakyReLU(negative_slope=0.2)
)
epoch: 0
epoch_0_loss:  1.0794805903071174
epoch: 1
epoch_1_loss:  1.0795160053687516
epoch: 2
epoch_2_loss:  1.0796164771955585
epoch: 3
epoch_3_loss:  1.0795271115237235
epoch: 4
epoch_4_loss:  1.079561483901014
epoch: 5
epoch_5_loss:  1.0794502101980465
epoch: 6
epoch_6_loss:  1.0795114512097073
epoch: 7
epoch_7_loss:  1.0795189223372987
epoch: 8
epoch_8_loss:  1.0795353552578495
epoch: 9
epoch_9_loss:  1.0796879212927772
epoch: 10
epoch_10_loss:  1.0794836584289795
epoch: 11
epoch_11_loss:  1.079543457475802
epoch: 12
epoch_12_loss:  1.0795563307510716
epoch: 13
epoch_13_loss:  1.0794875132568333
epoch: 14
epoch_14_loss:  1.0794996497320657
[1.0794805903071174, 1.0795160053687516, 1.0796164771955585, 1.0795271115237235, 1.079561483901014, 1.0794502101980465, 1.0795114512097073, 1.0795189223372987, 1.0795353552578495, 1.0796879212927772, 1.0794836584289795, 1.079543457475802, 1.0795563307510716, 1.0794875132568333, 1.0794996497320657]
[I 2022-11-13 22:57:36,200] Trial 110 finished with value: 1.0794996497320657 and parameters: {'optimizer': 'Adam', 'lr': 0.00022058404512609865, 'hidden_dim': 3, 'latent_dim': 4, 'mem_dim': 143}. Best is trial 45 with value: 1.016495998638263.
build_Encoder(
  (FC_input): Linear(in_features=5, out_features=5, bias=True)
  (FC_input2): Linear(in_features=5, out_features=5, bias=True)
  (FC_mean): Linear(in_features=5, out_features=5, bias=True)
  (FC_var): Linear(in_features=5, out_features=5, bias=True)
  (LeakyReLU): LeakyReLU(negative_slope=0.01)
)
build_Decoder(
  (FC_hidden): Linear(in_features=5, out_features=5, bias=True)
  (FC_hidden2): Linear(in_features=5, out_features=5, bias=True)
  (FC_output): Linear(in_features=5, out_features=5, bias=True)
  (LeakyReLU): LeakyReLU(negative_slope=0.2)
)
epoch: 0
epoch_0_loss:  1.0836086707184853
epoch: 1
epoch_1_loss:  1.083622742120231
epoch: 2
epoch_2_loss:  1.0835967907083912
epoch: 3
epoch_3_loss:  1.083611115571362
epoch: 4
epoch_4_loss:  1.083604497074673
epoch: 5
epoch_5_loss:  1.08360208629781
epoch: 6
epoch_6_loss:  1.0835779079464813
epoch: 7
epoch_7_loss:  1.0836056527940234
epoch: 8
epoch_8_loss:  1.083613019128917
epoch: 9
epoch_9_loss:  1.0836194110325545
epoch: 10
epoch_10_loss:  1.0835982914024938
epoch: 11
epoch_11_loss:  1.0836457921541784
epoch: 12
epoch_12_loss:  1.0835854961959062
epoch: 13
epoch_13_loss:  1.0836104664054276
epoch: 14
epoch_14_loss:  1.0835808181142352
[1.0836086707184853, 1.083622742120231, 1.0835967907083912, 1.083611115571362, 1.083604497074673, 1.08360208629781, 1.0835779079464813, 1.0836056527940234, 1.083613019128917, 1.0836194110325545, 1.0835982914024938, 1.0836457921541784, 1.0835854961959062, 1.0836104664054276, 1.0835808181142352]
[I 2022-11-13 22:59:57,528] Trial 111 finished with value: 1.0835808181142352 and parameters: {'optimizer': 'Adam', 'lr': 0.000548863350246476, 'hidden_dim': 5, 'latent_dim': 5, 'mem_dim': 130}. Best is trial 45 with value: 1.016495998638263.
build_Encoder(
  (FC_input): Linear(in_features=5, out_features=5, bias=True)
  (FC_input2): Linear(in_features=5, out_features=5, bias=True)
  (FC_mean): Linear(in_features=5, out_features=4, bias=True)
  (FC_var): Linear(in_features=5, out_features=4, bias=True)
  (LeakyReLU): LeakyReLU(negative_slope=0.01)
)
build_Decoder(
  (FC_hidden): Linear(in_features=4, out_features=5, bias=True)
  (FC_hidden2): Linear(in_features=5, out_features=5, bias=True)
  (FC_output): Linear(in_features=5, out_features=5, bias=True)
  (LeakyReLU): LeakyReLU(negative_slope=0.2)
)
epoch: 0
epoch_0_loss:  1.1220804985818142
epoch: 1
epoch_1_loss:  1.1220043728806681
epoch: 2
epoch_2_loss:  1.1219780469426452
epoch: 3
epoch_3_loss:  1.1220925014035203
epoch: 4
epoch_4_loss:  1.121932574603378
epoch: 5
epoch_5_loss:  1.121916266402855
epoch: 6
epoch_6_loss:  1.1221128648803684
epoch: 7
epoch_7_loss:  1.1218743345602926
epoch: 8
epoch_8_loss:  1.1220515435141647
epoch: 9
epoch_9_loss:  1.1219939217461705
epoch: 10
epoch_10_loss:  1.1218754902536279
epoch: 11
epoch_11_loss:  1.1219611381629424
epoch: 12
epoch_12_loss:  1.121896789822591
epoch: 13
epoch_13_loss:  1.1219846148130457
epoch: 14
epoch_14_loss:  1.1220054435349418
[1.1220804985818142, 1.1220043728806681, 1.1219780469426452, 1.1220925014035203, 1.121932574603378, 1.121916266402855, 1.1221128648803684, 1.1218743345602926, 1.1220515435141647, 1.1219939217461705, 1.1218754902536279, 1.1219611381629424, 1.121896789822591, 1.1219846148130457, 1.1220054435349418]
[I 2022-11-13 23:02:12,128] Trial 112 finished with value: 1.1220054435349418 and parameters: {'optimizer': 'Adam', 'lr': 0.00011367876417539869, 'hidden_dim': 5, 'latent_dim': 4, 'mem_dim': 108}. Best is trial 45 with value: 1.016495998638263.
build_Encoder(
  (FC_input): Linear(in_features=5, out_features=5, bias=True)
  (FC_input2): Linear(in_features=5, out_features=5, bias=True)
  (FC_mean): Linear(in_features=5, out_features=5, bias=True)
  (FC_var): Linear(in_features=5, out_features=5, bias=True)
  (LeakyReLU): LeakyReLU(negative_slope=0.01)
)
build_Decoder(
  (FC_hidden): Linear(in_features=5, out_features=5, bias=True)
  (FC_hidden2): Linear(in_features=5, out_features=5, bias=True)
  (FC_output): Linear(in_features=5, out_features=5, bias=True)
  (LeakyReLU): LeakyReLU(negative_slope=0.2)
)
epoch: 0
epoch_0_loss:  1.0588230275857
epoch: 1
epoch_1_loss:  1.058503537194178
epoch: 2
epoch_2_loss:  1.0587042258516188
epoch: 3
epoch_3_loss:  1.0585376098350388
epoch: 4
epoch_4_loss:  1.0586665113459417
epoch: 5
epoch_5_loss:  1.0588013440069595
epoch: 6
epoch_6_loss:  1.0585579455745917
epoch: 7
epoch_7_loss:  1.0586006291426073
epoch: 8
epoch_8_loss:  1.0587108605607793
epoch: 9
epoch_9_loss:  1.0586546921856896
epoch: 10
epoch_10_loss:  1.0588493048654437
epoch: 11
epoch_11_loss:  1.0587411540323355
epoch: 12
epoch_12_loss:  1.0587063947289836
epoch: 13
epoch_13_loss:  1.0585012936414862
epoch: 14
epoch_14_loss:  1.0585777312882287
[1.0588230275857, 1.058503537194178, 1.0587042258516188, 1.0585376098350388, 1.0586665113459417, 1.0588013440069595, 1.0585579455745917, 1.0586006291426073, 1.0587108605607793, 1.0586546921856896, 1.0588493048654437, 1.0587411540323355, 1.0587063947289836, 1.0585012936414862, 1.0585777312882287]
[I 2022-11-13 23:04:26,048] Trial 113 finished with value: 1.0585777312882287 and parameters: {'optimizer': 'Adam', 'lr': 6.900689929051487e-05, 'hidden_dim': 5, 'latent_dim': 5, 'mem_dim': 121}. Best is trial 45 with value: 1.016495998638263.
build_Encoder(
  (FC_input): Linear(in_features=5, out_features=5, bias=True)
  (FC_input2): Linear(in_features=5, out_features=5, bias=True)
  (FC_mean): Linear(in_features=5, out_features=4, bias=True)
  (FC_var): Linear(in_features=5, out_features=4, bias=True)
  (LeakyReLU): LeakyReLU(negative_slope=0.01)
)
build_Decoder(
  (FC_hidden): Linear(in_features=4, out_features=5, bias=True)
  (FC_hidden2): Linear(in_features=5, out_features=5, bias=True)
  (FC_output): Linear(in_features=5, out_features=5, bias=True)
  (LeakyReLU): LeakyReLU(negative_slope=0.2)
)
epoch: 0
epoch_0_loss:  1.0601864460730799
epoch: 1
epoch_1_loss:  1.059846420886344
epoch: 2
epoch_2_loss:  1.0598124146996912
epoch: 3
epoch_3_loss:  1.0601232969412047
epoch: 4
epoch_4_loss:  1.059795451094142
epoch: 5
epoch_5_loss:  1.0597928850775942
epoch: 6
epoch_6_loss:  1.0599732194437501
epoch: 7
epoch_7_loss:  1.0596227210377052
epoch: 8
epoch_8_loss:  1.059812503063191
epoch: 9
epoch_9_loss:  1.0598743714215362
epoch: 10
epoch_10_loss:  1.0598144908363922
epoch: 11
epoch_11_loss:  1.0598979268595472
epoch: 12
epoch_12_loss:  1.0598081869345228
epoch: 13
epoch_13_loss:  1.0599842492760414
epoch: 14
epoch_14_loss:  1.059740878631043
[1.0601864460730799, 1.059846420886344, 1.0598124146996912, 1.0601232969412047, 1.059795451094142, 1.0597928850775942, 1.0599732194437501, 1.0596227210377052, 1.059812503063191, 1.0598743714215362, 1.0598144908363922, 1.0598979268595472, 1.0598081869345228, 1.0599842492760414, 1.059740878631043]
[I 2022-11-13 23:06:40,099] Trial 114 finished with value: 1.059740878631043 and parameters: {'optimizer': 'Adam', 'lr': 7.932377185517771e-05, 'hidden_dim': 5, 'latent_dim': 4, 'mem_dim': 62}. Best is trial 45 with value: 1.016495998638263.
build_Encoder(
  (FC_input): Linear(in_features=5, out_features=5, bias=True)
  (FC_input2): Linear(in_features=5, out_features=5, bias=True)
  (FC_mean): Linear(in_features=5, out_features=4, bias=True)
  (FC_var): Linear(in_features=5, out_features=4, bias=True)
  (LeakyReLU): LeakyReLU(negative_slope=0.01)
)
build_Decoder(
  (FC_hidden): Linear(in_features=4, out_features=5, bias=True)
  (FC_hidden2): Linear(in_features=5, out_features=5, bias=True)
  (FC_output): Linear(in_features=5, out_features=5, bias=True)
  (LeakyReLU): LeakyReLU(negative_slope=0.2)
)
epoch: 0
epoch_0_loss:  1.051692669062365
epoch: 1
epoch_1_loss:  1.0515463793067639
epoch: 2
epoch_2_loss:  1.0516304476027545
epoch: 3
epoch_3_loss:  1.0518143570292622
epoch: 4
epoch_4_loss:  1.051796199256271
epoch: 5
epoch_5_loss:  1.0521316035525226
epoch: 6
epoch_6_loss:  1.0520332106820731
epoch: 7
epoch_7_loss:  1.0520146636118124
epoch: 8
epoch_8_loss:  1.0521182890168257
epoch: 9
epoch_9_loss:  1.0519026042546662
epoch: 10
epoch_10_loss:  1.0519643646887382
epoch: 11
epoch_11_loss:  1.0517523033623706
epoch: 12
epoch_12_loss:  1.0519272562719357
epoch: 13
epoch_13_loss:  1.0523608962318554
epoch: 14
epoch_14_loss:  1.0518325880403026
[1.051692669062365, 1.0515463793067639, 1.0516304476027545, 1.0518143570292622, 1.051796199256271, 1.0521316035525226, 1.0520332106820731, 1.0520146636118124, 1.0521182890168257, 1.0519026042546662, 1.0519643646887382, 1.0517523033623706, 1.0519272562719357, 1.0523608962318554, 1.0518325880403026]
[I 2022-11-13 23:09:04,389] Trial 115 finished with value: 1.0518325880403026 and parameters: {'optimizer': 'Adam', 'lr': 0.00012534831740322833, 'hidden_dim': 5, 'latent_dim': 4, 'mem_dim': 273}. Best is trial 45 with value: 1.016495998638263.
build_Encoder(
  (FC_input): Linear(in_features=5, out_features=5, bias=True)
  (FC_input2): Linear(in_features=5, out_features=5, bias=True)
  (FC_mean): Linear(in_features=5, out_features=5, bias=True)
  (FC_var): Linear(in_features=5, out_features=5, bias=True)
  (LeakyReLU): LeakyReLU(negative_slope=0.01)
)
build_Decoder(
  (FC_hidden): Linear(in_features=5, out_features=5, bias=True)
  (FC_hidden2): Linear(in_features=5, out_features=5, bias=True)
  (FC_output): Linear(in_features=5, out_features=5, bias=True)
  (LeakyReLU): LeakyReLU(negative_slope=0.2)
)
epoch: 0
epoch_0_loss:  1.1160754417732996
epoch: 1
epoch_1_loss:  1.1160150126595019
epoch: 2
epoch_2_loss:  1.1160291285856252
epoch: 3
epoch_3_loss:  1.1161324626449793
epoch: 4
epoch_4_loss:  1.1161749171704947
epoch: 5
epoch_5_loss:  1.1160996111865655
epoch: 6
epoch_6_loss:  1.1160668610266296
epoch: 7
epoch_7_loss:  1.1162123131085613
epoch: 8
epoch_8_loss:  1.1162374293141106
epoch: 9
epoch_9_loss:  1.1160363586240292
epoch: 10
epoch_10_loss:  1.1161056315227487
epoch: 11
epoch_11_loss:  1.115979527440668
epoch: 12
epoch_12_loss:  1.1160800592669733
epoch: 13
epoch_13_loss:  1.1160830353044788
epoch: 14
epoch_14_loss:  1.1161528606477888
[1.1160754417732996, 1.1160150126595019, 1.1160291285856252, 1.1161324626449793, 1.1161749171704947, 1.1160996111865655, 1.1160668610266296, 1.1162123131085613, 1.1162374293141106, 1.1160363586240292, 1.1161056315227487, 1.115979527440668, 1.1160800592669733, 1.1160830353044788, 1.1161528606477888]
[I 2022-11-13 23:11:18,572] Trial 116 finished with value: 1.1161528606477888 and parameters: {'optimizer': 'Adam', 'lr': 0.00017600365844738973, 'hidden_dim': 5, 'latent_dim': 5, 'mem_dim': 114}. Best is trial 45 with value: 1.016495998638263.
build_Encoder(
  (FC_input): Linear(in_features=5, out_features=5, bias=True)
  (FC_input2): Linear(in_features=5, out_features=5, bias=True)
  (FC_mean): Linear(in_features=5, out_features=4, bias=True)
  (FC_var): Linear(in_features=5, out_features=4, bias=True)
  (LeakyReLU): LeakyReLU(negative_slope=0.01)
)
build_Decoder(
  (FC_hidden): Linear(in_features=4, out_features=5, bias=True)
  (FC_hidden2): Linear(in_features=5, out_features=5, bias=True)
  (FC_output): Linear(in_features=5, out_features=5, bias=True)
  (LeakyReLU): LeakyReLU(negative_slope=0.2)
)
epoch: 0
epoch_0_loss:  1.058475405380737
epoch: 1
epoch_1_loss:  1.0584596901867582
epoch: 2
epoch_2_loss:  1.0584789216977413
epoch: 3
epoch_3_loss:  1.0584583453196659
epoch: 4
epoch_4_loss:  1.0584501373719553
epoch: 5
epoch_5_loss:  1.0584194032604188
epoch: 6
epoch_6_loss:  1.0584077233760543
epoch: 7
epoch_7_loss:  1.0584252136930286
epoch: 8
epoch_8_loss:  1.0584547395886525
epoch: 9
epoch_9_loss:  1.0584079138126128
epoch: 10
epoch_10_loss:  1.058473108953647
epoch: 11
epoch_11_loss:  1.0584689869136723
epoch: 12
epoch_12_loss:  1.0584824681793215
epoch: 13
epoch_13_loss:  1.0584108884918635
epoch: 14
epoch_14_loss:  1.0584991262733803
[1.058475405380737, 1.0584596901867582, 1.0584789216977413, 1.0584583453196659, 1.0584501373719553, 1.0584194032604188, 1.0584077233760543, 1.0584252136930286, 1.0584547395886525, 1.0584079138126128, 1.058473108953647, 1.0584689869136723, 1.0584824681793215, 1.0584108884918635, 1.0584991262733803]
