[I 2022-11-13 17:01:51,601] Trial 126 finished with value: 1.0725618773739858 and parameters: {'optimizer': 'Adam', 'lr': 0.0001186739831570644, 'hidden_dim': 5, 'latent_dim': 4}. Best is trial 58 with value: 1.0133226465254404.
build_Encoder(
  (FC_input): Linear(in_features=5, out_features=4, bias=True)
  (FC_input2): Linear(in_features=4, out_features=4, bias=True)
  (FC_mean): Linear(in_features=4, out_features=5, bias=True)
  (FC_var): Linear(in_features=4, out_features=5, bias=True)
  (LeakyReLU): LeakyReLU(negative_slope=0.01)
)
build_Decoder(
  (FC_hidden): Linear(in_features=5, out_features=4, bias=True)
  (FC_hidden2): Linear(in_features=4, out_features=4, bias=True)
  (FC_output): Linear(in_features=4, out_features=5, bias=True)
  (LeakyReLU): LeakyReLU(negative_slope=0.2)
)
epoch: 0
epoch_0_loss:  1.174073673148377
epoch: 1
epoch_1_loss:  1.1744332664712192
epoch: 2
epoch_2_loss:  1.1740711987147943
epoch: 3
epoch_3_loss:  1.1739810142625415
epoch: 4
epoch_4_loss:  1.1752662053047458
epoch: 5
epoch_5_loss:  1.1735508867396807
epoch: 6
epoch_6_loss:  1.1737477669142369
epoch: 7
epoch_7_loss:  1.1740484895005727
epoch: 8
epoch_8_loss:  1.1736144457420308
epoch: 9
epoch_9_loss:  1.173751822396074
epoch: 10
epoch_10_loss:  1.1743484727701354
epoch: 11
epoch_11_loss:  1.173810416383466
epoch: 12
epoch_12_loss:  1.1748864006056017
epoch: 13
epoch_13_loss:  1.1735459300954112
epoch: 14
epoch_14_loss:  1.174552380277125
[1.174073673148377, 1.1744332664712192, 1.1740711987147943, 1.1739810142625415, 1.1752662053047458, 1.1735508867396807, 1.1737477669142369, 1.1740484895005727, 1.1736144457420308, 1.173751822396074, 1.1743484727701354, 1.173810416383466, 1.1748864006056017, 1.1735459300954112, 1.174552380277125]
[I 2022-11-13 17:03:11,652] Trial 127 finished with value: 1.174552380277125 and parameters: {'optimizer': 'Adam', 'lr': 3.527765958671407e-05, 'hidden_dim': 4, 'latent_dim': 5}. Best is trial 58 with value: 1.0133226465254404.
build_Encoder(
  (FC_input): Linear(in_features=5, out_features=5, bias=True)
  (FC_input2): Linear(in_features=5, out_features=5, bias=True)
  (FC_mean): Linear(in_features=5, out_features=4, bias=True)
  (FC_var): Linear(in_features=5, out_features=4, bias=True)
  (LeakyReLU): LeakyReLU(negative_slope=0.01)
)
build_Decoder(
  (FC_hidden): Linear(in_features=4, out_features=5, bias=True)
  (FC_hidden2): Linear(in_features=5, out_features=5, bias=True)
  (FC_output): Linear(in_features=5, out_features=5, bias=True)
  (LeakyReLU): LeakyReLU(negative_slope=0.2)
)
epoch: 0
epoch_0_loss:  1.0526052584782455
epoch: 1
epoch_1_loss:  1.0532527941573038
epoch: 2
epoch_2_loss:  1.0523476712901205
epoch: 3
epoch_3_loss:  1.0522616185418463
epoch: 4
epoch_4_loss:  1.0524652468580966
epoch: 5
epoch_5_loss:  1.0522840950949452
epoch: 6
epoch_6_loss:  1.053571307199982
epoch: 7
epoch_7_loss:  1.0521910853195728
epoch: 8
epoch_8_loss:  1.0532648707498766
epoch: 9
epoch_9_loss:  1.0531033568727899
epoch: 10
epoch_10_loss:  1.0518207511353692
epoch: 11
epoch_11_loss:  1.0526517348377558
epoch: 12
epoch_12_loss:  1.0531590944242115
epoch: 13
epoch_13_loss:  1.0530152962827606
epoch: 14
epoch_14_loss:  1.0527130424031204
[1.0526052584782455, 1.0532527941573038, 1.0523476712901205, 1.0522616185418463, 1.0524652468580966, 1.0522840950949452, 1.053571307199982, 1.0521910853195728, 1.0532648707498766, 1.0531033568727899, 1.0518207511353692, 1.0526517348377558, 1.0531590944242115, 1.0530152962827606, 1.0527130424031204]
[I 2022-11-13 17:04:31,816] Trial 128 finished with value: 1.0527130424031204 and parameters: {'optimizer': 'Adam', 'lr': 6.131543735496613e-05, 'hidden_dim': 5, 'latent_dim': 4}. Best is trial 58 with value: 1.0133226465254404.
build_Encoder(
  (FC_input): Linear(in_features=5, out_features=4, bias=True)
  (FC_input2): Linear(in_features=4, out_features=4, bias=True)
  (FC_mean): Linear(in_features=4, out_features=4, bias=True)
  (FC_var): Linear(in_features=4, out_features=4, bias=True)
  (LeakyReLU): LeakyReLU(negative_slope=0.01)
)
build_Decoder(
  (FC_hidden): Linear(in_features=4, out_features=4, bias=True)
  (FC_hidden2): Linear(in_features=4, out_features=4, bias=True)
  (FC_output): Linear(in_features=4, out_features=5, bias=True)
  (LeakyReLU): LeakyReLU(negative_slope=0.2)
)
epoch: 0
epoch_0_loss:  1.0562079340069277
epoch: 1
epoch_1_loss:  1.0562413305782765
epoch: 2
epoch_2_loss:  1.0525972942019195
epoch: 3
epoch_3_loss:  1.0571857684424126
epoch: 4
epoch_4_loss:  1.0579595261137882
epoch: 5
epoch_5_loss:  1.056265702316221
epoch: 6
epoch_6_loss:  1.0579441016218103
epoch: 7
epoch_7_loss:  1.058057903336662
epoch: 8
epoch_8_loss:  1.0563657141111433
epoch: 9
epoch_9_loss:  1.0569818120369454
epoch: 10
epoch_10_loss:  1.0568542929071003
epoch: 11
epoch_11_loss:  1.0540048478753339
epoch: 12
epoch_12_loss:  1.0539649691285622
epoch: 13
epoch_13_loss:  1.0563869939048236
epoch: 14
epoch_14_loss:  1.0558363481885584
[1.0562079340069277, 1.0562413305782765, 1.0525972942019195, 1.0571857684424126, 1.0579595261137882, 1.056265702316221, 1.0579441016218103, 1.058057903336662, 1.0563657141111433, 1.0569818120369454, 1.0568542929071003, 1.0540048478753339, 1.0539649691285622, 1.0563869939048236, 1.0558363481885584]
[I 2022-11-13 17:05:51,799] Trial 129 finished with value: 1.0558363481885584 and parameters: {'optimizer': 'Adam', 'lr': 5.258895597603109e-05, 'hidden_dim': 4, 'latent_dim': 4}. Best is trial 58 with value: 1.0133226465254404.
build_Encoder(
  (FC_input): Linear(in_features=5, out_features=5, bias=True)
  (FC_input2): Linear(in_features=5, out_features=5, bias=True)
  (FC_mean): Linear(in_features=5, out_features=3, bias=True)
  (FC_var): Linear(in_features=5, out_features=3, bias=True)
  (LeakyReLU): LeakyReLU(negative_slope=0.01)
)
build_Decoder(
  (FC_hidden): Linear(in_features=3, out_features=5, bias=True)
  (FC_hidden2): Linear(in_features=5, out_features=5, bias=True)
  (FC_output): Linear(in_features=5, out_features=5, bias=True)
  (LeakyReLU): LeakyReLU(negative_slope=0.2)
)
epoch: 0
epoch_0_loss:  1.0536452849731746
epoch: 1
epoch_1_loss:  1.0531955973261633
epoch: 2
epoch_2_loss:  1.0520251202463553
epoch: 3
epoch_3_loss:  1.0537969854391576
epoch: 4
epoch_4_loss:  1.0532364856676821
epoch: 5
epoch_5_loss:  1.0530123945302272
epoch: 6
epoch_6_loss:  1.052889623551819
epoch: 7
epoch_7_loss:  1.053253504313913
epoch: 8
epoch_8_loss:  1.0521830576947948
epoch: 9
epoch_9_loss:  1.0531770725321423
epoch: 10
epoch_10_loss:  1.0542633355153372
epoch: 11
epoch_11_loss:  1.0533738385082554
epoch: 12
epoch_12_loss:  1.0526971160533942
epoch: 13
epoch_13_loss:  1.053745017940133
epoch: 14
epoch_14_loss:  1.052825433493175
[1.0536452849731746, 1.0531955973261633, 1.0520251202463553, 1.0537969854391576, 1.0532364856676821, 1.0530123945302272, 1.052889623551819, 1.053253504313913, 1.0521830576947948, 1.0531770725321423, 1.0542633355153372, 1.0533738385082554, 1.0526971160533942, 1.053745017940133, 1.052825433493175]
[I 2022-11-13 17:07:11,935] Trial 130 finished with value: 1.052825433493175 and parameters: {'optimizer': 'Adam', 'lr': 9.887814718048431e-05, 'hidden_dim': 5, 'latent_dim': 3}. Best is trial 58 with value: 1.0133226465254404.
build_Encoder(
  (FC_input): Linear(in_features=5, out_features=5, bias=True)
  (FC_input2): Linear(in_features=5, out_features=5, bias=True)
  (FC_mean): Linear(in_features=5, out_features=5, bias=True)
  (FC_var): Linear(in_features=5, out_features=5, bias=True)
  (LeakyReLU): LeakyReLU(negative_slope=0.01)
)
build_Decoder(
  (FC_hidden): Linear(in_features=5, out_features=5, bias=True)
  (FC_hidden2): Linear(in_features=5, out_features=5, bias=True)
  (FC_output): Linear(in_features=5, out_features=5, bias=True)
  (LeakyReLU): LeakyReLU(negative_slope=0.2)
)
epoch: 0
epoch_0_loss:  1.0650187951392145
epoch: 1
epoch_1_loss:  1.06678017610538
epoch: 2
epoch_2_loss:  1.066159101951063
epoch: 3
epoch_3_loss:  1.0642814911981235
epoch: 4
epoch_4_loss:  1.0656117802767229
epoch: 5
epoch_5_loss:  1.064880003816417
epoch: 6
epoch_6_loss:  1.0650262396475674
epoch: 7
epoch_7_loss:  1.0659936184746333
epoch: 8
epoch_8_loss:  1.064268361278936
epoch: 9
epoch_9_loss:  1.0666290430512615
epoch: 10
epoch_10_loss:  1.0653148469350449
epoch: 11
epoch_11_loss:  1.0652814141699736
epoch: 12
epoch_12_loss:  1.065099083682096
epoch: 13
epoch_13_loss:  1.065370324398859
epoch: 14
epoch_14_loss:  1.0650286923325119
[1.0650187951392145, 1.06678017610538, 1.066159101951063, 1.0642814911981235, 1.0656117802767229, 1.064880003816417, 1.0650262396475674, 1.0659936184746333, 1.064268361278936, 1.0666290430512615, 1.0653148469350449, 1.0652814141699736, 1.065099083682096, 1.065370324398859, 1.0650286923325119]
[I 2022-11-13 17:08:32,004] Trial 131 finished with value: 1.0650286923325119 and parameters: {'optimizer': 'Adam', 'lr': 0.00010622143867251457, 'hidden_dim': 5, 'latent_dim': 5}. Best is trial 58 with value: 1.0133226465254404.
build_Encoder(
  (FC_input): Linear(in_features=5, out_features=5, bias=True)
  (FC_input2): Linear(in_features=5, out_features=5, bias=True)
  (FC_mean): Linear(in_features=5, out_features=5, bias=True)
  (FC_var): Linear(in_features=5, out_features=5, bias=True)
  (LeakyReLU): LeakyReLU(negative_slope=0.01)
)
build_Decoder(
  (FC_hidden): Linear(in_features=5, out_features=5, bias=True)
  (FC_hidden2): Linear(in_features=5, out_features=5, bias=True)
  (FC_output): Linear(in_features=5, out_features=5, bias=True)
  (LeakyReLU): LeakyReLU(negative_slope=0.2)
)
epoch: 0
epoch_0_loss:  1.0617125216470908
epoch: 1
epoch_1_loss:  1.0613892286484141
epoch: 2
epoch_2_loss:  1.060069082265715
epoch: 3
epoch_3_loss:  1.0602021067496754
epoch: 4
epoch_4_loss:  1.0617489535611897
epoch: 5
epoch_5_loss:  1.061573712611365
epoch: 6
epoch_6_loss:  1.0604436858229858
epoch: 7
epoch_7_loss:  1.0605035973139039
epoch: 8
epoch_8_loss:  1.0608644544636479
epoch: 9
epoch_9_loss:  1.059862851887134
epoch: 10
epoch_10_loss:  1.0622597016045707
epoch: 11
epoch_11_loss:  1.0607493202840594
epoch: 12
epoch_12_loss:  1.0607002770875193
epoch: 13
epoch_13_loss:  1.0614896831505607
epoch: 14
epoch_14_loss:  1.0622760667443458
[1.0617125216470908, 1.0613892286484141, 1.060069082265715, 1.0602021067496754, 1.0617489535611897, 1.061573712611365, 1.0604436858229858, 1.0605035973139039, 1.0608644544636479, 1.059862851887134, 1.0622597016045707, 1.0607493202840594, 1.0607002770875193, 1.0614896831505607, 1.0622760667443458]
[I 2022-11-13 17:09:52,225] Trial 132 finished with value: 1.0622760667443458 and parameters: {'optimizer': 'Adam', 'lr': 8.195011901040571e-05, 'hidden_dim': 5, 'latent_dim': 5}. Best is trial 58 with value: 1.0133226465254404.
build_Encoder(
  (FC_input): Linear(in_features=5, out_features=5, bias=True)
  (FC_input2): Linear(in_features=5, out_features=5, bias=True)
  (FC_mean): Linear(in_features=5, out_features=5, bias=True)
  (FC_var): Linear(in_features=5, out_features=5, bias=True)
  (LeakyReLU): LeakyReLU(negative_slope=0.01)
)
build_Decoder(
  (FC_hidden): Linear(in_features=5, out_features=5, bias=True)
  (FC_hidden2): Linear(in_features=5, out_features=5, bias=True)
  (FC_output): Linear(in_features=5, out_features=5, bias=True)
  (LeakyReLU): LeakyReLU(negative_slope=0.2)
)
epoch: 0
epoch_0_loss:  1.131030363819135
epoch: 1
epoch_1_loss:  1.1280347210990416
epoch: 2
epoch_2_loss:  1.1300949372402809
epoch: 3
epoch_3_loss:  1.1309816931718695
epoch: 4
epoch_4_loss:  1.1302090568841703
epoch: 5
epoch_5_loss:  1.1303704036444058
epoch: 6
epoch_6_loss:  1.129917413372368
epoch: 7
epoch_7_loss:  1.1296683082946983
epoch: 8
epoch_8_loss:  1.128800140011005
epoch: 9
epoch_9_loss:  1.1310672151275318
epoch: 10
epoch_10_loss:  1.1278487477350894
epoch: 11
epoch_11_loss:  1.1275596196524063
epoch: 12
epoch_12_loss:  1.1262886681749393
epoch: 13
epoch_13_loss:  1.1293128685559164
epoch: 14
epoch_14_loss:  1.1308265150524937
[1.131030363819135, 1.1280347210990416, 1.1300949372402809, 1.1309816931718695, 1.1302090568841703, 1.1303704036444058, 1.129917413372368, 1.1296683082946983, 1.128800140011005, 1.1310672151275318, 1.1278487477350894, 1.1275596196524063, 1.1262886681749393, 1.1293128685559164, 1.1308265150524937]
[I 2022-11-13 17:11:12,390] Trial 133 finished with value: 1.1308265150524937 and parameters: {'optimizer': 'Adam', 'lr': 8.893073471269943e-05, 'hidden_dim': 5, 'latent_dim': 5}. Best is trial 58 with value: 1.0133226465254404.
build_Encoder(
  (FC_input): Linear(in_features=5, out_features=5, bias=True)
  (FC_input2): Linear(in_features=5, out_features=5, bias=True)
  (FC_mean): Linear(in_features=5, out_features=5, bias=True)
  (FC_var): Linear(in_features=5, out_features=5, bias=True)
  (LeakyReLU): LeakyReLU(negative_slope=0.01)
)
build_Decoder(
  (FC_hidden): Linear(in_features=5, out_features=5, bias=True)
  (FC_hidden2): Linear(in_features=5, out_features=5, bias=True)
  (FC_output): Linear(in_features=5, out_features=5, bias=True)
  (LeakyReLU): LeakyReLU(negative_slope=0.2)
)
epoch: 0
epoch_0_loss:  1.1416951992354183
epoch: 1
epoch_1_loss:  1.140745818827513
epoch: 2
epoch_2_loss:  1.1421517555031262
epoch: 3
epoch_3_loss:  1.1437661945300208
epoch: 4
epoch_4_loss:  1.141028692971592
epoch: 5
epoch_5_loss:  1.1408728431951745
epoch: 6
epoch_6_loss:  1.1386499081399772
epoch: 7
epoch_7_loss:  1.1411197753104132
epoch: 8
epoch_8_loss:  1.1423388958907443
epoch: 9
epoch_9_loss:  1.144205903490336
epoch: 10
epoch_10_loss:  1.1398187107795803
epoch: 11
epoch_11_loss:  1.1406170044302184
epoch: 12
epoch_12_loss:  1.1414015254355134
epoch: 13
epoch_13_loss:  1.1417693640531836
epoch: 14
epoch_14_loss:  1.1393646756166869
[1.1416951992354183, 1.140745818827513, 1.1421517555031262, 1.1437661945300208, 1.141028692971592, 1.1408728431951745, 1.1386499081399772, 1.1411197753104132, 1.1423388958907443, 1.144205903490336, 1.1398187107795803, 1.1406170044302184, 1.1414015254355134, 1.1417693640531836, 1.1393646756166869]
[I 2022-11-13 17:12:32,589] Trial 134 finished with value: 1.1393646756166869 and parameters: {'optimizer': 'Adam', 'lr': 0.00010610587988761608, 'hidden_dim': 5, 'latent_dim': 5}. Best is trial 58 with value: 1.0133226465254404.
build_Encoder(
  (FC_input): Linear(in_features=5, out_features=5, bias=True)
  (FC_input2): Linear(in_features=5, out_features=5, bias=True)
  (FC_mean): Linear(in_features=5, out_features=5, bias=True)
  (FC_var): Linear(in_features=5, out_features=5, bias=True)
  (LeakyReLU): LeakyReLU(negative_slope=0.01)
)
build_Decoder(
  (FC_hidden): Linear(in_features=5, out_features=5, bias=True)
  (FC_hidden2): Linear(in_features=5, out_features=5, bias=True)
  (FC_output): Linear(in_features=5, out_features=5, bias=True)
  (LeakyReLU): LeakyReLU(negative_slope=0.2)
)
epoch: 0
epoch_0_loss:  1.1382932161825736
epoch: 1
epoch_1_loss:  1.1421287227500239
epoch: 2
epoch_2_loss:  1.140280728096816
epoch: 3
epoch_3_loss:  1.1397440442864974
epoch: 4
epoch_4_loss:  1.138678158797716
epoch: 5
epoch_5_loss:  1.1364308307774091
epoch: 6
epoch_6_loss:  1.1351299386719793
epoch: 7
epoch_7_loss:  1.136690763050382
epoch: 8
epoch_8_loss:  1.1352517724994835
epoch: 9
epoch_9_loss:  1.137223655011873
epoch: 10
epoch_10_loss:  1.1398495657489984
epoch: 11
epoch_11_loss:  1.1391682531852854
epoch: 12
epoch_12_loss:  1.139902468873107
epoch: 13
epoch_13_loss:  1.1387021530109755
epoch: 14
epoch_14_loss:  1.139542710893555
[1.1382932161825736, 1.1421287227500239, 1.140280728096816, 1.1397440442864974, 1.138678158797716, 1.1364308307774091, 1.1351299386719793, 1.136690763050382, 1.1352517724994835, 1.137223655011873, 1.1398495657489984, 1.1391682531852854, 1.139902468873107, 1.1387021530109755, 1.139542710893555]
[I 2022-11-13 17:14:05,681] Trial 135 finished with value: 1.139542710893555 and parameters: {'optimizer': 'Adam', 'lr': 0.00037611594182139176, 'hidden_dim': 5, 'latent_dim': 5}. Best is trial 58 with value: 1.0133226465254404.
build_Encoder(
  (FC_input): Linear(in_features=5, out_features=4, bias=True)
  (FC_input2): Linear(in_features=4, out_features=4, bias=True)
  (FC_mean): Linear(in_features=4, out_features=5, bias=True)
  (FC_var): Linear(in_features=4, out_features=5, bias=True)
  (LeakyReLU): LeakyReLU(negative_slope=0.01)
)
build_Decoder(
  (FC_hidden): Linear(in_features=5, out_features=4, bias=True)
  (FC_hidden2): Linear(in_features=4, out_features=4, bias=True)
  (FC_output): Linear(in_features=4, out_features=5, bias=True)
  (LeakyReLU): LeakyReLU(negative_slope=0.2)
)
epoch: 0
epoch_0_loss:  1.0766928604381742
epoch: 1
epoch_1_loss:  1.0773319772522123
epoch: 2
epoch_2_loss:  1.0768574343105448
epoch: 3
epoch_3_loss:  1.076607010673624
epoch: 4
epoch_4_loss:  1.076647137141247
epoch: 5
epoch_5_loss:  1.0764265590668396
epoch: 6
epoch_6_loss:  1.0764875608198794
epoch: 7
epoch_7_loss:  1.0765584727622217
epoch: 8
epoch_8_loss:  1.0766177060600506
epoch: 9
epoch_9_loss:  1.0769218982595588
epoch: 10
epoch_10_loss:  1.0772008766122612
epoch: 11
epoch_11_loss:  1.0765304252952839
epoch: 12
epoch_12_loss:  1.0762573935537987
epoch: 13
epoch_13_loss:  1.0770399059729456
epoch: 14
epoch_14_loss:  1.076168405671623
[1.0766928604381742, 1.0773319772522123, 1.0768574343105448, 1.076607010673624, 1.076647137141247, 1.0764265590668396, 1.0764875608198794, 1.0765584727622217, 1.0766177060600506, 1.0769218982595588, 1.0772008766122612, 1.0765304252952839, 1.0762573935537987, 1.0770399059729456, 1.076168405671623]
[I 2022-11-13 17:15:26,346] Trial 136 finished with value: 1.076168405671623 and parameters: {'optimizer': 'Adam', 'lr': 7.743366950004961e-05, 'hidden_dim': 4, 'latent_dim': 5}. Best is trial 58 with value: 1.0133226465254404.
build_Encoder(
  (FC_input): Linear(in_features=5, out_features=5, bias=True)
  (FC_input2): Linear(in_features=5, out_features=5, bias=True)
  (FC_mean): Linear(in_features=5, out_features=4, bias=True)
  (FC_var): Linear(in_features=5, out_features=4, bias=True)
  (LeakyReLU): LeakyReLU(negative_slope=0.01)
)
build_Decoder(
  (FC_hidden): Linear(in_features=4, out_features=5, bias=True)
  (FC_hidden2): Linear(in_features=5, out_features=5, bias=True)
  (FC_output): Linear(in_features=5, out_features=5, bias=True)
  (LeakyReLU): LeakyReLU(negative_slope=0.2)
)
epoch: 0
epoch_0_loss:  1.1046104931288996
epoch: 1
epoch_1_loss:  1.1066832628460495
epoch: 2
epoch_2_loss:  1.1085897672442067
epoch: 3
epoch_3_loss:  1.1070973137410547
epoch: 4
epoch_4_loss:  1.1058640897751806
epoch: 5
epoch_5_loss:  1.1067799631865067
epoch: 6
epoch_6_loss:  1.1066277734730554
epoch: 7
epoch_7_loss:  1.1056839609989395
epoch: 8
epoch_8_loss:  1.1065745659671187
epoch: 9
epoch_9_loss:  1.1078395435395665
epoch: 10
epoch_10_loss:  1.1047083223241196
epoch: 11
epoch_11_loss:  1.1064723546761999
epoch: 12
epoch_12_loss:  1.1067189309854
epoch: 13
epoch_13_loss:  1.1086837914048606
epoch: 14
epoch_14_loss:  1.1056868965735958
[1.1046104931288996, 1.1066832628460495, 1.1085897672442067, 1.1070973137410547, 1.1058640897751806, 1.1067799631865067, 1.1066277734730554, 1.1056839609989395, 1.1065745659671187, 1.1078395435395665, 1.1047083223241196, 1.1064723546761999, 1.1067189309854, 1.1086837914048606, 1.1056868965735958]
[I 2022-11-13 17:16:46,597] Trial 137 finished with value: 1.1056868965735958 and parameters: {'optimizer': 'Adam', 'lr': 3.0494376546667087e-05, 'hidden_dim': 5, 'latent_dim': 4}. Best is trial 58 with value: 1.0133226465254404.
build_Encoder(
  (FC_input): Linear(in_features=5, out_features=5, bias=True)
  (FC_input2): Linear(in_features=5, out_features=5, bias=True)
  (FC_mean): Linear(in_features=5, out_features=4, bias=True)
  (FC_var): Linear(in_features=5, out_features=4, bias=True)
  (LeakyReLU): LeakyReLU(negative_slope=0.01)
)
build_Decoder(
  (FC_hidden): Linear(in_features=4, out_features=5, bias=True)
  (FC_hidden2): Linear(in_features=5, out_features=5, bias=True)
  (FC_output): Linear(in_features=5, out_features=5, bias=True)
  (LeakyReLU): LeakyReLU(negative_slope=0.2)
)
epoch: 0
epoch_0_loss:  1.0800196138145133
epoch: 1
epoch_1_loss:  1.0804490364250292
epoch: 2
epoch_2_loss:  1.0812585974230557
epoch: 3
epoch_3_loss:  1.0800631568722534
epoch: 4
epoch_4_loss:  1.0799416509409727
epoch: 5
epoch_5_loss:  1.0803446894236695
epoch: 6
epoch_6_loss:  1.0802413464626346
epoch: 7
epoch_7_loss:  1.0805629378143469
epoch: 8
epoch_8_loss:  1.0795878014464408
epoch: 9
epoch_9_loss:  1.0812888660837716
epoch: 10
epoch_10_loss:  1.0814754432419358
epoch: 11
epoch_11_loss:  1.0801027795527829
epoch: 12
epoch_12_loss:  1.0809400874268011
epoch: 13
epoch_13_loss:  1.0813959861855962
epoch: 14
epoch_14_loss:  1.07954195629387
[1.0800196138145133, 1.0804490364250292, 1.0812585974230557, 1.0800631568722534, 1.0799416509409727, 1.0803446894236695, 1.0802413464626346, 1.0805629378143469, 1.0795878014464408, 1.0812888660837716, 1.0814754432419358, 1.0801027795527829, 1.0809400874268011, 1.0813959861855962, 1.07954195629387]
