[I 2022-11-13 16:45:50,559] Trial 114 finished with value: 1.1030342800551058 and parameters: {'optimizer': 'Adam', 'lr': 4.9637138685015694e-05, 'hidden_dim': 5, 'latent_dim': 4}. Best is trial 58 with value: 1.0133226465254404.
build_Encoder(
  (FC_input): Linear(in_features=5, out_features=5, bias=True)
  (FC_input2): Linear(in_features=5, out_features=5, bias=True)
  (FC_mean): Linear(in_features=5, out_features=4, bias=True)
  (FC_var): Linear(in_features=5, out_features=4, bias=True)
  (LeakyReLU): LeakyReLU(negative_slope=0.01)
)
build_Decoder(
  (FC_hidden): Linear(in_features=4, out_features=5, bias=True)
  (FC_hidden2): Linear(in_features=5, out_features=5, bias=True)
  (FC_output): Linear(in_features=5, out_features=5, bias=True)
  (LeakyReLU): LeakyReLU(negative_slope=0.2)
)
epoch: 0
epoch_0_loss:  1.0732698509218215
epoch: 1
epoch_1_loss:  1.0741854141114497
epoch: 2
epoch_2_loss:  1.0749330406659576
epoch: 3
epoch_3_loss:  1.0734609897235146
epoch: 4
epoch_4_loss:  1.073883084982067
epoch: 5
epoch_5_loss:  1.0764734700749343
epoch: 6
epoch_6_loss:  1.0741768104864795
epoch: 7
epoch_7_loss:  1.0773334331141258
epoch: 8
epoch_8_loss:  1.0744661437016314
epoch: 9
epoch_9_loss:  1.074111369171539
epoch: 10
epoch_10_loss:  1.0762252739482765
epoch: 11
epoch_11_loss:  1.074147275524087
epoch: 12
epoch_12_loss:  1.07394648344081
epoch: 13
epoch_13_loss:  1.0746843684492078
epoch: 14
epoch_14_loss:  1.076237553420253
[1.0732698509218215, 1.0741854141114497, 1.0749330406659576, 1.0734609897235146, 1.073883084982067, 1.0764734700749343, 1.0741768104864795, 1.0773334331141258, 1.0744661437016314, 1.074111369171539, 1.0762252739482765, 1.074147275524087, 1.07394648344081, 1.0746843684492078, 1.076237553420253]
[I 2022-11-13 16:47:10,441] Trial 115 finished with value: 1.076237553420253 and parameters: {'optimizer': 'Adam', 'lr': 6.612914435683554e-05, 'hidden_dim': 5, 'latent_dim': 4}. Best is trial 58 with value: 1.0133226465254404.
build_Encoder(
  (FC_input): Linear(in_features=5, out_features=4, bias=True)
  (FC_input2): Linear(in_features=4, out_features=4, bias=True)
  (FC_mean): Linear(in_features=4, out_features=5, bias=True)
  (FC_var): Linear(in_features=4, out_features=5, bias=True)
  (LeakyReLU): LeakyReLU(negative_slope=0.01)
)
build_Decoder(
  (FC_hidden): Linear(in_features=5, out_features=4, bias=True)
  (FC_hidden2): Linear(in_features=4, out_features=4, bias=True)
  (FC_output): Linear(in_features=4, out_features=5, bias=True)
  (LeakyReLU): LeakyReLU(negative_slope=0.2)
)
epoch: 0
epoch_0_loss:  1.1361332264146213
epoch: 1
epoch_1_loss:  1.1310292005527074
epoch: 2
epoch_2_loss:  1.1321513980131015
epoch: 3
epoch_3_loss:  1.1335973540292044
epoch: 4
epoch_4_loss:  1.1325061416914057
epoch: 5
epoch_5_loss:  1.1301648732045526
epoch: 6
epoch_6_loss:  1.1327820806323312
epoch: 7
epoch_7_loss:  1.1341986432208624
epoch: 8
epoch_8_loss:  1.13417739080744
epoch: 9
epoch_9_loss:  1.1354853640986855
epoch: 10
epoch_10_loss:  1.1308949419543866
epoch: 11
epoch_11_loss:  1.1335981773225332
epoch: 12
epoch_12_loss:  1.132891922022793
epoch: 13
epoch_13_loss:  1.1331530608136642
epoch: 14
epoch_14_loss:  1.13518738106913
[1.1361332264146213, 1.1310292005527074, 1.1321513980131015, 1.1335973540292044, 1.1325061416914057, 1.1301648732045526, 1.1327820806323312, 1.1341986432208624, 1.13417739080744, 1.1354853640986855, 1.1308949419543866, 1.1335981773225332, 1.132891922022793, 1.1331530608136642, 1.13518738106913]
[I 2022-11-13 16:48:30,240] Trial 116 finished with value: 1.13518738106913 and parameters: {'optimizer': 'Adam', 'lr': 4.523297396558766e-05, 'hidden_dim': 4, 'latent_dim': 5}. Best is trial 58 with value: 1.0133226465254404.
build_Encoder(
  (FC_input): Linear(in_features=5, out_features=5, bias=True)
  (FC_input2): Linear(in_features=5, out_features=5, bias=True)
  (FC_mean): Linear(in_features=5, out_features=4, bias=True)
  (FC_var): Linear(in_features=5, out_features=4, bias=True)
  (LeakyReLU): LeakyReLU(negative_slope=0.01)
)
build_Decoder(
  (FC_hidden): Linear(in_features=4, out_features=5, bias=True)
  (FC_hidden2): Linear(in_features=5, out_features=5, bias=True)
  (FC_output): Linear(in_features=5, out_features=5, bias=True)
  (LeakyReLU): LeakyReLU(negative_slope=0.2)
)
epoch: 0
epoch_0_loss:  1.066117386123699
epoch: 1
epoch_1_loss:  1.0652901993991948
epoch: 2
epoch_2_loss:  1.0656857703113733
epoch: 3
epoch_3_loss:  1.065358700424754
epoch: 4
epoch_4_loss:  1.065767052142381
epoch: 5
epoch_5_loss:  1.0669730203400947
epoch: 6
epoch_6_loss:  1.0654434069721965
epoch: 7
epoch_7_loss:  1.0664221198511634
epoch: 8
epoch_8_loss:  1.0642593734308523
epoch: 9
epoch_9_loss:  1.0640474103372393
epoch: 10
epoch_10_loss:  1.064894758811149
epoch: 11
epoch_11_loss:  1.0654179021670216
epoch: 12
epoch_12_loss:  1.0646716841827484
epoch: 13
epoch_13_loss:  1.0639506214781052
epoch: 14
epoch_14_loss:  1.064698365233991
[1.066117386123699, 1.0652901993991948, 1.0656857703113733, 1.065358700424754, 1.065767052142381, 1.0669730203400947, 1.0654434069721965, 1.0664221198511634, 1.0642593734308523, 1.0640474103372393, 1.064894758811149, 1.0654179021670216, 1.0646716841827484, 1.0639506214781052, 1.064698365233991]
[I 2022-11-13 16:49:50,329] Trial 117 finished with value: 1.064698365233991 and parameters: {'optimizer': 'Adam', 'lr': 5.617487425278556e-05, 'hidden_dim': 5, 'latent_dim': 4}. Best is trial 58 with value: 1.0133226465254404.
build_Encoder(
  (FC_input): Linear(in_features=5, out_features=4, bias=True)
  (FC_input2): Linear(in_features=4, out_features=4, bias=True)
  (FC_mean): Linear(in_features=4, out_features=4, bias=True)
  (FC_var): Linear(in_features=4, out_features=4, bias=True)
  (LeakyReLU): LeakyReLU(negative_slope=0.01)
)
build_Decoder(
  (FC_hidden): Linear(in_features=4, out_features=4, bias=True)
  (FC_hidden2): Linear(in_features=4, out_features=4, bias=True)
  (FC_output): Linear(in_features=4, out_features=5, bias=True)
  (LeakyReLU): LeakyReLU(negative_slope=0.2)
)
epoch: 0
epoch_0_loss:  1.1525933865566789
epoch: 1
epoch_1_loss:  1.1559320851050483
epoch: 2
epoch_2_loss:  1.1524931217422638
epoch: 3
epoch_3_loss:  1.153048993218119
epoch: 4
epoch_4_loss:  1.1528089676514341
epoch: 5
epoch_5_loss:  1.1533452804305389
epoch: 6
epoch_6_loss:  1.152192126131778
epoch: 7
epoch_7_loss:  1.1521830051891309
epoch: 8
epoch_8_loss:  1.153728358360607
epoch: 9
epoch_9_loss:  1.1526411198740978
epoch: 10
epoch_10_loss:  1.154418065343459
epoch: 11
epoch_11_loss:  1.150710505001428
epoch: 12
epoch_12_loss:  1.155011256988969
epoch: 13
epoch_13_loss:  1.151505497132382
epoch: 14
epoch_14_loss:  1.1509933638474057
[1.1525933865566789, 1.1559320851050483, 1.1524931217422638, 1.153048993218119, 1.1528089676514341, 1.1533452804305389, 1.152192126131778, 1.1521830051891309, 1.153728358360607, 1.1526411198740978, 1.154418065343459, 1.150710505001428, 1.155011256988969, 1.151505497132382, 1.1509933638474057]
[I 2022-11-13 16:51:10,302] Trial 118 finished with value: 1.1509933638474057 and parameters: {'optimizer': 'Adam', 'lr': 3.873769149058267e-05, 'hidden_dim': 4, 'latent_dim': 4}. Best is trial 58 with value: 1.0133226465254404.
build_Encoder(
  (FC_input): Linear(in_features=5, out_features=4, bias=True)
  (FC_input2): Linear(in_features=4, out_features=4, bias=True)
  (FC_mean): Linear(in_features=4, out_features=4, bias=True)
  (FC_var): Linear(in_features=4, out_features=4, bias=True)
  (LeakyReLU): LeakyReLU(negative_slope=0.01)
)
build_Decoder(
  (FC_hidden): Linear(in_features=4, out_features=4, bias=True)
  (FC_hidden2): Linear(in_features=4, out_features=4, bias=True)
  (FC_output): Linear(in_features=4, out_features=5, bias=True)
  (LeakyReLU): LeakyReLU(negative_slope=0.2)
)
epoch: 0
epoch_0_loss:  1.0361787859835274
epoch: 1
epoch_1_loss:  1.0348021706819974
epoch: 2
epoch_2_loss:  1.0363750831867944
epoch: 3
epoch_3_loss:  1.034868332669525
epoch: 4
epoch_4_loss:  1.0365999887765989
epoch: 5
epoch_5_loss:  1.0395316030956372
epoch: 6
epoch_6_loss:  1.0380659172239965
epoch: 7
epoch_7_loss:  1.0366355097390767
epoch: 8
epoch_8_loss:  1.037949349107891
epoch: 9
epoch_9_loss:  1.039792135927317
epoch: 10
epoch_10_loss:  1.036295810269241
epoch: 11
epoch_11_loss:  1.0342151508983448
epoch: 12
epoch_12_loss:  1.0344875548941193
epoch: 13
epoch_13_loss:  1.0347160042105261
epoch: 14
epoch_14_loss:  1.0374642215072962
[1.0361787859835274, 1.0348021706819974, 1.0363750831867944, 1.034868332669525, 1.0365999887765989, 1.0395316030956372, 1.0380659172239965, 1.0366355097390767, 1.037949349107891, 1.039792135927317, 1.036295810269241, 1.0342151508983448, 1.0344875548941193, 1.0347160042105261, 1.0374642215072962]
[I 2022-11-13 16:52:30,331] Trial 119 finished with value: 1.0374642215072962 and parameters: {'optimizer': 'Adam', 'lr': 9.443984360530286e-05, 'hidden_dim': 4, 'latent_dim': 4}. Best is trial 58 with value: 1.0133226465254404.
build_Encoder(
  (FC_input): Linear(in_features=5, out_features=4, bias=True)
  (FC_input2): Linear(in_features=4, out_features=4, bias=True)
  (FC_mean): Linear(in_features=4, out_features=4, bias=True)
  (FC_var): Linear(in_features=4, out_features=4, bias=True)
  (LeakyReLU): LeakyReLU(negative_slope=0.01)
)
build_Decoder(
  (FC_hidden): Linear(in_features=4, out_features=4, bias=True)
  (FC_hidden2): Linear(in_features=4, out_features=4, bias=True)
  (FC_output): Linear(in_features=4, out_features=5, bias=True)
  (LeakyReLU): LeakyReLU(negative_slope=0.2)
)
epoch: 0
epoch_0_loss:  1.1145222689601737
epoch: 1
epoch_1_loss:  1.1147672402224151
epoch: 2
epoch_2_loss:  1.113753794064968
epoch: 3
epoch_3_loss:  1.1148742000814669
epoch: 4
epoch_4_loss:  1.1148838300875499
epoch: 5
epoch_5_loss:  1.1138677926652198
epoch: 6
epoch_6_loss:  1.1154028246574599
epoch: 7
epoch_7_loss:  1.1143582310466014
epoch: 8
epoch_8_loss:  1.114250940951675
epoch: 9
epoch_9_loss:  1.114651783086251
epoch: 10
epoch_10_loss:  1.1144074676584454
epoch: 11
epoch_11_loss:  1.1144211672708597
epoch: 12
epoch_12_loss:  1.115060785444189
epoch: 13
epoch_13_loss:  1.1140027452775079
epoch: 14
epoch_14_loss:  1.1142209610531173
[1.1145222689601737, 1.1147672402224151, 1.113753794064968, 1.1148742000814669, 1.1148838300875499, 1.1138677926652198, 1.1154028246574599, 1.1143582310466014, 1.114250940951675, 1.114651783086251, 1.1144074676584454, 1.1144211672708597, 1.115060785444189, 1.1140027452775079, 1.1142209610531173]
[I 2022-11-13 16:53:50,601] Trial 120 finished with value: 1.1142209610531173 and parameters: {'optimizer': 'Adam', 'lr': 9.445826376841122e-05, 'hidden_dim': 4, 'latent_dim': 4}. Best is trial 58 with value: 1.0133226465254404.
build_Encoder(
  (FC_input): Linear(in_features=5, out_features=4, bias=True)
  (FC_input2): Linear(in_features=4, out_features=4, bias=True)
  (FC_mean): Linear(in_features=4, out_features=4, bias=True)
  (FC_var): Linear(in_features=4, out_features=4, bias=True)
  (LeakyReLU): LeakyReLU(negative_slope=0.01)
)
build_Decoder(
  (FC_hidden): Linear(in_features=4, out_features=4, bias=True)
  (FC_hidden2): Linear(in_features=4, out_features=4, bias=True)
  (FC_output): Linear(in_features=4, out_features=5, bias=True)
  (LeakyReLU): LeakyReLU(negative_slope=0.2)
)
epoch: 0
epoch_0_loss:  1.1282871847545082
epoch: 1
epoch_1_loss:  1.1273215846243325
epoch: 2
epoch_2_loss:  1.128412853283805
epoch: 3
epoch_3_loss:  1.1269763422667254
epoch: 4
epoch_4_loss:  1.128387405379023
epoch: 5
epoch_5_loss:  1.1288769129686917
epoch: 6
epoch_6_loss:  1.1279601115160665
epoch: 7
epoch_7_loss:  1.1282143894287238
epoch: 8
epoch_8_loss:  1.1282466429313611
epoch: 9
epoch_9_loss:  1.1283842794306616
epoch: 10
epoch_10_loss:  1.1280376991044256
epoch: 11
epoch_11_loss:  1.1283096271861492
epoch: 12
epoch_12_loss:  1.128401428749782
epoch: 13
epoch_13_loss:  1.1272012263132731
epoch: 14
epoch_14_loss:  1.1291348017570653
[1.1282871847545082, 1.1273215846243325, 1.128412853283805, 1.1269763422667254, 1.128387405379023, 1.1288769129686917, 1.1279601115160665, 1.1282143894287238, 1.1282466429313611, 1.1283842794306616, 1.1280376991044256, 1.1283096271861492, 1.128401428749782, 1.1272012263132731, 1.1291348017570653]
[I 2022-11-13 16:55:10,753] Trial 121 finished with value: 1.1291348017570653 and parameters: {'optimizer': 'Adam', 'lr': 0.00010903765757792949, 'hidden_dim': 4, 'latent_dim': 4}. Best is trial 58 with value: 1.0133226465254404.
build_Encoder(
  (FC_input): Linear(in_features=5, out_features=4, bias=True)
  (FC_input2): Linear(in_features=4, out_features=4, bias=True)
  (FC_mean): Linear(in_features=4, out_features=4, bias=True)
  (FC_var): Linear(in_features=4, out_features=4, bias=True)
  (LeakyReLU): LeakyReLU(negative_slope=0.01)
)
build_Decoder(
  (FC_hidden): Linear(in_features=4, out_features=4, bias=True)
  (FC_hidden2): Linear(in_features=4, out_features=4, bias=True)
  (FC_output): Linear(in_features=4, out_features=5, bias=True)
  (LeakyReLU): LeakyReLU(negative_slope=0.2)
)
epoch: 0
epoch_0_loss:  1.1087124031793416
epoch: 1
epoch_1_loss:  1.1063715259400329
epoch: 2
epoch_2_loss:  1.1072029150674003
epoch: 3
epoch_3_loss:  1.1097411869917386
epoch: 4
epoch_4_loss:  1.1065737753966993
epoch: 5
epoch_5_loss:  1.107104876245839
epoch: 6
epoch_6_loss:  1.107452968887628
epoch: 7
epoch_7_loss:  1.1079236160000372
epoch: 8
epoch_8_loss:  1.107298369078397
epoch: 9
epoch_9_loss:  1.1066289703708296
epoch: 10
epoch_10_loss:  1.1068073930495266
epoch: 11
epoch_11_loss:  1.1080752059039343
epoch: 12
epoch_12_loss:  1.107353872848814
epoch: 13
epoch_13_loss:  1.1063941629977494
epoch: 14
epoch_14_loss:  1.107179060695707
[1.1087124031793416, 1.1063715259400329, 1.1072029150674003, 1.1097411869917386, 1.1065737753966993, 1.107104876245839, 1.107452968887628, 1.1079236160000372, 1.107298369078397, 1.1066289703708296, 1.1068073930495266, 1.1080752059039343, 1.107353872848814, 1.1063941629977494, 1.107179060695707]
[I 2022-11-13 16:56:30,885] Trial 122 finished with value: 1.107179060695707 and parameters: {'optimizer': 'Adam', 'lr': 7.736509968941081e-05, 'hidden_dim': 4, 'latent_dim': 4}. Best is trial 58 with value: 1.0133226465254404.
build_Encoder(
  (FC_input): Linear(in_features=5, out_features=4, bias=True)
  (FC_input2): Linear(in_features=4, out_features=4, bias=True)
  (FC_mean): Linear(in_features=4, out_features=4, bias=True)
  (FC_var): Linear(in_features=4, out_features=4, bias=True)
  (LeakyReLU): LeakyReLU(negative_slope=0.01)
)
build_Decoder(
  (FC_hidden): Linear(in_features=4, out_features=4, bias=True)
  (FC_hidden2): Linear(in_features=4, out_features=4, bias=True)
  (FC_output): Linear(in_features=4, out_features=5, bias=True)
  (LeakyReLU): LeakyReLU(negative_slope=0.2)
)
epoch: 0
epoch_0_loss:  1.1454140666144106
epoch: 1
epoch_1_loss:  1.1458052086775057
epoch: 2
epoch_2_loss:  1.1468909707841537
epoch: 3
epoch_3_loss:  1.1468592636356063
epoch: 4
epoch_4_loss:  1.1466764031753707
epoch: 5
epoch_5_loss:  1.1465921995989734
epoch: 6
epoch_6_loss:  1.1462041659604574
epoch: 7
epoch_7_loss:  1.14724030356632
epoch: 8
epoch_8_loss:  1.1469536917620564
epoch: 9
epoch_9_loss:  1.1464316169573534
epoch: 10
epoch_10_loss:  1.1464446824032515
epoch: 11
epoch_11_loss:  1.1466873967396765
epoch: 12
epoch_12_loss:  1.1464496820943926
epoch: 13
epoch_13_loss:  1.146297732735842
epoch: 14
epoch_14_loss:  1.1463536769746316
[1.1454140666144106, 1.1458052086775057, 1.1468909707841537, 1.1468592636356063, 1.1466764031753707, 1.1465921995989734, 1.1462041659604574, 1.14724030356632, 1.1469536917620564, 1.1464316169573534, 1.1464446824032515, 1.1466873967396765, 1.1464496820943926, 1.146297732735842, 1.1463536769746316]
[I 2022-11-13 16:57:51,138] Trial 123 finished with value: 1.1463536769746316 and parameters: {'optimizer': 'Adam', 'lr': 8.753015176640206e-05, 'hidden_dim': 4, 'latent_dim': 4}. Best is trial 58 with value: 1.0133226465254404.
build_Encoder(
  (FC_input): Linear(in_features=5, out_features=4, bias=True)
  (FC_input2): Linear(in_features=4, out_features=4, bias=True)
  (FC_mean): Linear(in_features=4, out_features=4, bias=True)
  (FC_var): Linear(in_features=4, out_features=4, bias=True)
  (LeakyReLU): LeakyReLU(negative_slope=0.01)
)
build_Decoder(
  (FC_hidden): Linear(in_features=4, out_features=4, bias=True)
  (FC_hidden2): Linear(in_features=4, out_features=4, bias=True)
  (FC_output): Linear(in_features=4, out_features=5, bias=True)
  (LeakyReLU): LeakyReLU(negative_slope=0.2)
)
epoch: 0
epoch_0_loss:  1.0770864895013172
epoch: 1
epoch_1_loss:  1.0760449611577168
epoch: 2
epoch_2_loss:  1.0751747695263083
epoch: 3
epoch_3_loss:  1.0772323140500777
epoch: 4
epoch_4_loss:  1.0749294900424566
epoch: 5
epoch_5_loss:  1.074665869623986
epoch: 6
epoch_6_loss:  1.0758860326717388
epoch: 7
epoch_7_loss:  1.0773462361689512
epoch: 8
epoch_8_loss:  1.075797863007562
epoch: 9
epoch_9_loss:  1.0763323327263823
epoch: 10
epoch_10_loss:  1.0757263340666219
epoch: 11
epoch_11_loss:  1.0772177202546735
epoch: 12
epoch_12_loss:  1.0765970449900404
epoch: 13
epoch_13_loss:  1.076578776106954
epoch: 14
epoch_14_loss:  1.0765782749560435
[1.0770864895013172, 1.0760449611577168, 1.0751747695263083, 1.0772323140500777, 1.0749294900424566, 1.074665869623986, 1.0758860326717388, 1.0773462361689512, 1.075797863007562, 1.0763323327263823, 1.0757263340666219, 1.0772177202546735, 1.0765970449900404, 1.076578776106954, 1.0765782749560435]
[I 2022-11-13 16:59:11,487] Trial 124 finished with value: 1.0765782749560435 and parameters: {'optimizer': 'Adam', 'lr': 0.00013792627107614284, 'hidden_dim': 4, 'latent_dim': 4}. Best is trial 58 with value: 1.0133226465254404.
build_Encoder(
  (FC_input): Linear(in_features=5, out_features=4, bias=True)
  (FC_input2): Linear(in_features=4, out_features=4, bias=True)
  (FC_mean): Linear(in_features=4, out_features=4, bias=True)
  (FC_var): Linear(in_features=4, out_features=4, bias=True)
  (LeakyReLU): LeakyReLU(negative_slope=0.01)
)
build_Decoder(
  (FC_hidden): Linear(in_features=4, out_features=4, bias=True)
  (FC_hidden2): Linear(in_features=4, out_features=4, bias=True)
  (FC_output): Linear(in_features=4, out_features=5, bias=True)
  (LeakyReLU): LeakyReLU(negative_slope=0.2)
)
epoch: 0
epoch_0_loss:  1.0487140294964297
epoch: 1
epoch_1_loss:  1.047871263064778
epoch: 2
epoch_2_loss:  1.0465844829257858
epoch: 3
epoch_3_loss:  1.048673391492385
epoch: 4
epoch_4_loss:  1.0479818833601986
epoch: 5
epoch_5_loss:  1.045523940262551
epoch: 6
epoch_6_loss:  1.0463554464023455
epoch: 7
epoch_7_loss:  1.046148775982715
epoch: 8
epoch_8_loss:  1.0504140358251834
epoch: 9
epoch_9_loss:  1.0486758823491669
epoch: 10
epoch_10_loss:  1.051921977431523
epoch: 11
epoch_11_loss:  1.0499863333693538
epoch: 12
epoch_12_loss:  1.0498481520366323
epoch: 13
epoch_13_loss:  1.0520572763453262
epoch: 14
epoch_14_loss:  1.04757474163024
[1.0487140294964297, 1.047871263064778, 1.0465844829257858, 1.048673391492385, 1.0479818833601986, 1.045523940262551, 1.0463554464023455, 1.046148775982715, 1.0504140358251834, 1.0486758823491669, 1.051921977431523, 1.0499863333693538, 1.0498481520366323, 1.0520572763453262, 1.04757474163024]
[I 2022-11-13 17:00:31,565] Trial 125 finished with value: 1.04757474163024 and parameters: {'optimizer': 'Adam', 'lr': 7.054409382544357e-05, 'hidden_dim': 4, 'latent_dim': 4}. Best is trial 58 with value: 1.0133226465254404.
build_Encoder(
  (FC_input): Linear(in_features=5, out_features=5, bias=True)
  (FC_input2): Linear(in_features=5, out_features=5, bias=True)
  (FC_mean): Linear(in_features=5, out_features=4, bias=True)
  (FC_var): Linear(in_features=5, out_features=4, bias=True)
  (LeakyReLU): LeakyReLU(negative_slope=0.01)
)
build_Decoder(
  (FC_hidden): Linear(in_features=4, out_features=5, bias=True)
  (FC_hidden2): Linear(in_features=5, out_features=5, bias=True)
  (FC_output): Linear(in_features=5, out_features=5, bias=True)
  (LeakyReLU): LeakyReLU(negative_slope=0.2)
)
epoch: 0
epoch_0_loss:  1.0722090286581933
epoch: 1
epoch_1_loss:  1.0736986296392248
epoch: 2
epoch_2_loss:  1.0706482007936555
epoch: 3
epoch_3_loss:  1.0710649192921329
epoch: 4
epoch_4_loss:  1.0719907830597886
epoch: 5
epoch_5_loss:  1.0721095125601676
epoch: 6
epoch_6_loss:  1.0727957889489315
epoch: 7
epoch_7_loss:  1.0723159084870089
epoch: 8
epoch_8_loss:  1.0723931008399064
epoch: 9
epoch_9_loss:  1.0714099801045607
epoch: 10
epoch_10_loss:  1.0706342383118588
epoch: 11
epoch_11_loss:  1.0723930518086806
epoch: 12
epoch_12_loss:  1.0724074013320741
epoch: 13
epoch_13_loss:  1.072498183592359
epoch: 14
epoch_14_loss:  1.0725618773739858
[1.0722090286581933, 1.0736986296392248, 1.0706482007936555, 1.0710649192921329, 1.0719907830597886, 1.0721095125601676, 1.0727957889489315, 1.0723159084870089, 1.0723931008399064, 1.0714099801045607, 1.0706342383118588, 1.0723930518086806, 1.0724074013320741, 1.072498183592359, 1.0725618773739858]
