_7_loss:  1.08994160122761
epoch: 8
epoch_8_loss:  1.08994160122761
epoch: 9
epoch_9_loss:  1.08994160122761
epoch: 10
epoch_10_loss:  1.08994160122761
epoch: 11
epoch_11_loss:  1.08994160122761
epoch: 12
epoch_12_loss:  1.08994160122761
epoch: 13
epoch_13_loss:  1.08994160122761
epoch: 14
epoch_14_loss:  1.08994160122761
[1.08994160122761, 1.08994160122761, 1.08994160122761, 1.08994160122761, 1.08994160122761, 1.08994160122761, 1.08994160122761, 1.08994160122761, 1.08994160122761, 1.08994160122761, 1.08994160122761, 1.08994160122761, 1.08994160122761, 1.08994160122761, 1.08994160122761]
[I 2022-11-13 10:30:40,615] Trial 165 finished with value: 1.08994160122761 and parameters: {'optimizer': 'Adam', 'lr': 0.0007845451737940506, 'n_layers': 1, 'n_units_l0': 5}. Best is trial 128 with value: 0.8277037370898573.
Sequential(
  (0): Linear(in_features=5, out_features=5, bias=True)
  (1): ReLU()
)
Sequential(
  (0): Linear(in_features=5, out_features=5, bias=True)
)
epoch: 0
epoch_0_loss:  1.2536352750490825
epoch: 1
epoch_1_loss:  1.2536352750490825
epoch: 2
epoch_2_loss:  1.2536352750490825
epoch: 3
epoch_3_loss:  1.2536352750490825
epoch: 4
epoch_4_loss:  1.2536352750490825
epoch: 5
epoch_5_loss:  1.2536352750490825
epoch: 6
epoch_6_loss:  1.2536352750490825
epoch: 7
epoch_7_loss:  1.2536352750490825
epoch: 8
epoch_8_loss:  1.2536352750490825
epoch: 9
epoch_9_loss:  1.2536352750490825
epoch: 10
epoch_10_loss:  1.2536352750490825
epoch: 11
epoch_11_loss:  1.2536352750490825
epoch: 12
epoch_12_loss:  1.2536352750490825
epoch: 13
epoch_13_loss:  1.2536352750490825
epoch: 14
epoch_14_loss:  1.2536352750490825
[1.2536352750490825, 1.2536352750490825, 1.2536352750490825, 1.2536352750490825, 1.2536352750490825, 1.2536352750490825, 1.2536352750490825, 1.2536352750490825, 1.2536352750490825, 1.2536352750490825, 1.2536352750490825, 1.2536352750490825, 1.2536352750490825, 1.2536352750490825, 1.2536352750490825]
[I 2022-11-13 10:31:24,541] Trial 166 finished with value: 1.2536352750490825 and parameters: {'optimizer': 'Adam', 'lr': 0.0004010679960180367, 'n_layers': 1, 'n_units_l0': 5}. Best is trial 128 with value: 0.8277037370898573.
Sequential(
  (0): Linear(in_features=5, out_features=5, bias=True)
  (1): ReLU()
)
Sequential(
  (0): Linear(in_features=5, out_features=5, bias=True)
)
epoch: 0
epoch_0_loss:  1.1859446371436324
epoch: 1
epoch_1_loss:  1.1859446371436324
epoch: 2
epoch_2_loss:  1.1859446371436324
epoch: 3
epoch_3_loss:  1.1859446371436324
epoch: 4
epoch_4_loss:  1.1859446371436324
epoch: 5
epoch_5_loss:  1.1859446371436324
epoch: 6
epoch_6_loss:  1.1859446371436324
epoch: 7
epoch_7_loss:  1.1859446371436324
epoch: 8
epoch_8_loss:  1.1859446371436324
epoch: 9
epoch_9_loss:  1.1859446371436324
epoch: 10
epoch_10_loss:  1.1859446371436324
epoch: 11
epoch_11_loss:  1.1859446371436324
epoch: 12
epoch_12_loss:  1.1859446371436324
epoch: 13
epoch_13_loss:  1.1859446371436324
epoch: 14
epoch_14_loss:  1.1859446371436324
[1.1859446371436324, 1.1859446371436324, 1.1859446371436324, 1.1859446371436324, 1.1859446371436324, 1.1859446371436324, 1.1859446371436324, 1.1859446371436324, 1.1859446371436324, 1.1859446371436324, 1.1859446371436324, 1.1859446371436324, 1.1859446371436324, 1.1859446371436324, 1.1859446371436324]
[I 2022-11-13 10:32:08,417] Trial 167 finished with value: 1.1859446371436324 and parameters: {'optimizer': 'Adam', 'lr': 0.0009951556212040452, 'n_layers': 1, 'n_units_l0': 5}. Best is trial 128 with value: 0.8277037370898573.
Sequential(
  (0): Linear(in_features=5, out_features=5, bias=True)
  (1): ReLU()
)
Sequential(
  (0): Linear(in_features=5, out_features=5, bias=True)
)
epoch: 0
epoch_0_loss:  1.0946879796747684
epoch: 1
epoch_1_loss:  1.0946879796747684
epoch: 2
epoch_2_loss:  1.0946879796747684
epoch: 3
epoch_3_loss:  1.0946879796747684
epoch: 4
epoch_4_loss:  1.0946879796747684
epoch: 5
epoch_5_loss:  1.0946879796747684
epoch: 6
epoch_6_loss:  1.0946879796747684
epoch: 7
epoch_7_loss:  1.0946879796747684
epoch: 8
epoch_8_loss:  1.0946879796747684
epoch: 9
epoch_9_loss:  1.0946879796747684
epoch: 10
epoch_10_loss:  1.0946879796747684
epoch: 11
epoch_11_loss:  1.0946879796747684
epoch: 12
epoch_12_loss:  1.0946879796747684
epoch: 13
epoch_13_loss:  1.0946879796747684
epoch: 14
epoch_14_loss:  1.0946879796747684
[1.0946879796747684, 1.0946879796747684, 1.0946879796747684, 1.0946879796747684, 1.0946879796747684, 1.0946879796747684, 1.0946879796747684, 1.0946879796747684, 1.0946879796747684, 1.0946879796747684, 1.0946879796747684, 1.0946879796747684, 1.0946879796747684, 1.0946879796747684, 1.0946879796747684]
[I 2022-11-13 10:32:52,263] Trial 168 finished with value: 1.0946879796747684 and parameters: {'optimizer': 'Adam', 'lr': 0.0006299601254161123, 'n_layers': 1, 'n_units_l0': 5}. Best is trial 128 with value: 0.8277037370898573.
Sequential(
  (0): Linear(in_features=5, out_features=5, bias=True)
  (1): ReLU()
)
Sequential(
  (0): Linear(in_features=5, out_features=5, bias=True)
)
epoch: 0
epoch_0_loss:  1.1576372840668923
epoch: 1
epoch_1_loss:  1.1576372840668923
epoch: 2
epoch_2_loss:  1.1576372840668923
epoch: 3
epoch_3_loss:  1.1576372840668923
epoch: 4
epoch_4_loss:  1.1576372840668923
epoch: 5
epoch_5_loss:  1.1576372840668923
epoch: 6
epoch_6_loss:  1.1576372840668923
epoch: 7
epoch_7_loss:  1.1576372840668923
epoch: 8
epoch_8_loss:  1.1576372840668923
epoch: 9
epoch_9_loss:  1.1576372840668923
epoch: 10
epoch_10_loss:  1.1576372840668923
epoch: 11
epoch_11_loss:  1.1576372840668923
epoch: 12
epoch_12_loss:  1.1576372840668923
epoch: 13
epoch_13_loss:  1.1576372840668923
epoch: 14
epoch_14_loss:  1.1576372840668923
[1.1576372840668923, 1.1576372840668923, 1.1576372840668923, 1.1576372840668923, 1.1576372840668923, 1.1576372840668923, 1.1576372840668923, 1.1576372840668923, 1.1576372840668923, 1.1576372840668923, 1.1576372840668923, 1.1576372840668923, 1.1576372840668923, 1.1576372840668923, 1.1576372840668923]
[I 2022-11-13 10:33:36,345] Trial 169 finished with value: 1.1576372840668923 and parameters: {'optimizer': 'Adam', 'lr': 0.0007867358172456222, 'n_layers': 1, 'n_units_l0': 5}. Best is trial 128 with value: 0.8277037370898573.
Sequential(
  (0): Linear(in_features=5, out_features=5, bias=True)
  (1): ReLU()
)
Sequential(
  (0): Linear(in_features=5, out_features=5, bias=True)
)
epoch: 0
epoch_0_loss:  1.2408228549557692
epoch: 1
epoch_1_loss:  1.2408228549557692
epoch: 2
epoch_2_loss:  1.2408228549557692
epoch: 3
epoch_3_loss:  1.2408228549557692
epoch: 4
epoch_4_loss:  1.2408228549557692
epoch: 5
epoch_5_loss:  1.2408228549557692
epoch: 6
epoch_6_loss:  1.2408228549557692
epoch: 7
epoch_7_loss:  1.2408228549557692
epoch: 8
epoch_8_loss:  1.2408228549557692
epoch: 9
epoch_9_loss:  1.2408228549557692
epoch: 10
epoch_10_loss:  1.2408228549557692
epoch: 11
epoch_11_loss:  1.2408228549557692
epoch: 12
epoch_12_loss:  1.2408228549557692
epoch: 13
epoch_13_loss:  1.2408228549557692
epoch: 14
epoch_14_loss:  1.2408228549557692
[1.2408228549557692, 1.2408228549557692, 1.2408228549557692, 1.2408228549557692, 1.2408228549557692, 1.2408228549557692, 1.2408228549557692, 1.2408228549557692, 1.2408228549557692, 1.2408228549557692, 1.2408228549557692, 1.2408228549557692, 1.2408228549557692, 1.2408228549557692, 1.2408228549557692]
[I 2022-11-13 10:34:20,091] Trial 170 finished with value: 1.2408228549557692 and parameters: {'optimizer': 'Adam', 'lr': 0.000717136360674052, 'n_layers': 1, 'n_units_l0': 5}. Best is trial 128 with value: 0.8277037370898573.
Sequential(
  (0): Linear(in_features=5, out_features=5, bias=True)
  (1): ReLU()
)
Sequential(
  (0): Linear(in_features=5, out_features=5, bias=True)
)
epoch: 0
epoch_0_loss:  1.1468508022648782
epoch: 1
epoch_1_loss:  1.1468508022648782
epoch: 2
epoch_2_loss:  1.1468508022648782
epoch: 3
epoch_3_loss:  1.1468508022648782
epoch: 4
epoch_4_loss:  1.1468508022648782
epoch: 5
epoch_5_loss:  1.1468508022648782
epoch: 6
epoch_6_loss:  1.1468508022648782
epoch: 7
epoch_7_loss:  1.1468508022648782
epoch: 8
epoch_8_loss:  1.1468508022648782
epoch: 9
epoch_9_loss:  1.1468508022648782
epoch: 10
epoch_10_loss:  1.1468508022648782
epoch: 11
epoch_11_loss:  1.1468508022648782
epoch: 12
epoch_12_loss:  1.1468508022648782
epoch: 13
epoch_13_loss:  1.1468508022648782
epoch: 14
epoch_14_loss:  1.1468508022648782
[1.1468508022648782, 1.1468508022648782, 1.1468508022648782, 1.1468508022648782, 1.1468508022648782, 1.1468508022648782, 1.1468508022648782, 1.1468508022648782, 1.1468508022648782, 1.1468508022648782, 1.1468508022648782, 1.1468508022648782, 1.1468508022648782, 1.1468508022648782, 1.1468508022648782]
[I 2022-11-13 10:35:03,955] Trial 171 finished with value: 1.1468508022648782 and parameters: {'optimizer': 'Adam', 'lr': 0.0005639234420857953, 'n_layers': 1, 'n_units_l0': 5}. Best is trial 128 with value: 0.8277037370898573.
Sequential(
  (0): Linear(in_features=5, out_features=3, bias=True)
  (1): ReLU()
)
Sequential(
  (0): Linear(in_features=3, out_features=5, bias=True)
)
epoch: 0
epoch_0_loss:  1.2748246537430201
epoch: 1
epoch_1_loss:  1.2748246537430201
epoch: 2
epoch_2_loss:  1.2748246537430201
epoch: 3
epoch_3_loss:  1.2748246537430201
epoch: 4
epoch_4_loss:  1.2748246537430201
epoch: 5
epoch_5_loss:  1.2748246537430201
epoch: 6
epoch_6_loss:  1.2748246537430201
epoch: 7
epoch_7_loss:  1.2748246537430201
epoch: 8
epoch_8_loss:  1.2748246537430201
epoch: 9
epoch_9_loss:  1.2748246537430201
epoch: 10
epoch_10_loss:  1.2748246537430201
epoch: 11
epoch_11_loss:  1.2748246537430201
epoch: 12
epoch_12_loss:  1.2748246537430201
epoch: 13
epoch_13_loss:  1.2748246537430201
epoch: 14
epoch_14_loss:  1.2748246537430201
[1.2748246537430201, 1.2748246537430201, 1.2748246537430201, 1.2748246537430201, 1.2748246537430201, 1.2748246537430201, 1.2748246537430201, 1.2748246537430201, 1.2748246537430201, 1.2748246537430201, 1.2748246537430201, 1.2748246537430201, 1.2748246537430201, 1.2748246537430201, 1.2748246537430201]
[I 2022-11-13 10:35:47,882] Trial 172 finished with value: 1.2748246537430201 and parameters: {'optimizer': 'Adam', 'lr': 0.0006721153596070716, 'n_layers': 1, 'n_units_l0': 3}. Best is trial 128 with value: 0.8277037370898573.
Sequential(
  (0): Linear(in_features=5, out_features=5, bias=True)
  (1): ReLU()
)
Sequential(
  (0): Linear(in_features=5, out_features=5, bias=True)
)
epoch: 0
epoch_0_loss:  1.1950000055602827
epoch: 1
epoch_1_loss:  1.1950000055602827
epoch: 2
epoch_2_loss:  1.1950000055602827
epoch: 3
epoch_3_loss:  1.1950000055602827
epoch: 4
epoch_4_loss:  1.1950000055602827
epoch: 5
epoch_5_loss:  1.1950000055602827
epoch: 6
epoch_6_loss:  1.1950000055602827
epoch: 7
epoch_7_loss:  1.1950000055602827
epoch: 8
epoch_8_loss:  1.1950000055602827
epoch: 9
epoch_9_loss:  1.1950000055602827
epoch: 10
epoch_10_loss:  1.1950000055602827
epoch: 11
epoch_11_loss:  1.1950000055602827
epoch: 12
epoch_12_loss:  1.1950000055602827
epoch: 13
epoch_13_loss:  1.1950000055602827
epoch: 14
epoch_14_loss:  1.1950000055602827
[1.1950000055602827, 1.1950000055602827, 1.1950000055602827, 1.1950000055602827, 1.1950000055602827, 1.1950000055602827, 1.1950000055602827, 1.1950000055602827, 1.1950000055602827, 1.1950000055602827, 1.1950000055602827, 1.1950000055602827, 1.1950000055602827, 1.1950000055602827, 1.1950000055602827]
[I 2022-11-13 10:36:31,989] Trial 173 finished with value: 1.1950000055602827 and parameters: {'optimizer': 'Adam', 'lr': 0.0008925241385141728, 'n_layers': 1, 'n_units_l0': 5}. Best is trial 128 with value: 0.8277037370898573.
Sequential(
  (0): Linear(in_features=5, out_features=5, bias=True)
  (1): ReLU()
)
Sequential(
  (0): Linear(in_features=5, out_features=5, bias=True)
)
epoch: 0
epoch_0_loss:  0.9460185665314643
epoch: 1
epoch_1_loss:  0.9460185665314643
epoch: 2
epoch_2_loss:  0.9460185665314643
epoch: 3
epoch_3_loss:  0.9460185665314643
epoch: 4
epoch_4_loss:  0.9460185665314643
epoch: 5
epoch_5_loss:  0.9460185665314643
epoch: 6
epoch_6_loss:  0.9460185665314643
epoch: 7
epoch_7_loss:  0.9460185665314643
epoch: 8
epoch_8_loss:  0.9460185665314643
epoch: 9
epoch_9_loss:  0.9460185665314643
epoch: 10
epoch_10_loss:  0.9460185665314643
epoch: 11
epoch_11_loss:  0.9460185665314643
epoch: 12
epoch_12_loss:  0.9460185665314643
epoch: 13
epoch_13_loss:  0.9460185665314643
epoch: 14
epoch_14_loss:  0.9460185665314643
[0.9460185665314643, 0.9460185665314643, 0.9460185665314643, 0.9460185665314643, 0.9460185665314643, 0.9460185665314643, 0.9460185665314643, 0.9460185665314643, 0.9460185665314643, 0.9460185665314643, 0.9460185665314643, 0.9460185665314643, 0.9460185665314643, 0.9460185665314643, 0.9460185665314643]
[I 2022-11-13 10:37:15,782] Trial 174 finished with value: 0.9460185665314643 and parameters: {'optimizer': 'Adam', 'lr': 0.0007117545152039273, 'n_layers': 1, 'n_units_l0': 5}. Best is trial 128 with value: 0.8277037370898573.
Sequential(
  (0): Linear(in_features=5, out_features=5, bias=True)
  (1): ReLU()
)
Sequential(
  (0): Linear(in_features=5, out_features=5, bias=True)
)
epoch: 0
epoch_0_loss:  1.0718138754587945
epoch: 1
epoch_1_loss:  1.0718138754587945
epoch: 2
epoch_2_loss:  1.0718138754587945
epoch: 3
epoch_3_loss:  1.0718138754587945
epoch: 4
epoch_4_loss:  1.0718138754587945
epoch: 5
epoch_5_loss:  1.0718138754587945
epoch: 6
epoch_6_loss:  1.0718138754587945
epoch: 7
epoch_7_loss:  1.0718138754587945
epoch: 8
epoch_8_loss:  1.0718138754587945
epoch: 9
epoch_9_loss:  1.0718138754587945
epoch: 10
epoch_10_loss:  1.0718138754587945
epoch: 11
epoch_11_loss:  1.0718138754587945
epoch: 12
epoch_12_loss:  1.0718138754587945
epoch: 13
epoch_13_loss:  1.0718138754587945
epoch: 14
epoch_14_loss:  1.0718138754587945
[1.0718138754587945, 1.0718138754587945, 1.0718138754587945, 1.0718138754587945, 1.0718138754587945, 1.0718138754587945, 1.0718138754587945, 1.0718138754587945, 1.0718138754587945, 1.0718138754587945, 1.0718138754587945, 1.0718138754587945, 1.0718138754587945, 1.0718138754587945, 1.0718138754587945]
[I 2022-11-13 10:37:59,721] Trial 175 finished with value: 1.0718138754587945 and parameters: {'optimizer': 'Adam', 'lr': 0.000786938229397281, 'n_layers': 1, 'n_units_l0': 5}. Best is trial 128 with value: 0.8277037370898573.
Sequential(
  (0): Linear(in_features=5, out_features=5, bias=True)
  (1): ReLU()
)
Sequential(
  (0): Linear(in_features=5, out_features=5, bias=True)
)
epoch: 0
epoch_0_loss:  1.1785971204393855
epoch: 1
epoch_1_loss:  1.1785971204393855
epoch: 2
epoch_2_loss:  1.1785971204393855
epoch: 3
epoch_3_loss:  1.1785971204393855
epoch: 4
epoch_4_loss:  1.1785971204393855
epoch: 5
epoch_5_loss:  1.1785971204393855
epoch: 6
epoch_6_loss:  1.1785971204393855
epoch: 7
epoch_7_loss:  1.1785971204393855
epoch: 8
epoch_8_loss:  1.1785971204393855
epoch: 9
epoch_9_loss:  1.1785971204393855
epoch: 10
epoch_10_loss:  1.1785971204393855
epoch: 11
epoch_11_loss:  1.1785971204393855
epoch: 12
epoch_12_loss:  1.1785971204393855
epoch: 13
epoch_13_loss:  1.1785971204393855
epoch: 14
epoch_14_loss:  1.1785971204393855
[1.1785971204393855, 1.1785971204393855, 1.1785971204393855, 1.1785971204393855, 1.1785971204393855, 1.1785971204393855, 1.1785971204393855, 1.1785971204393855, 1.1785971204393855, 1.1785971204393855, 1.1785971204393855, 1.1785971204393855, 1.1785971204393855, 1.1785971204393855, 1.1785971204393855]
[I 2022-11-13 10:38:43,676] Trial 176 finished with value: 1.1785971204393855 and parameters: {'optimizer': 'Adam', 'lr': 4.46767970250817e-05, 'n_layers': 1, 'n_units_l0': 5}. Best is trial 128 with value: 0.8277037370898573.
Sequential(
  (0): Linear(in_features=5, out_features=5, bias=True)
  (1): ReLU()
)
Sequential(
  (0): Linear(in_features=5, out_features=5, bias=True)
)
epoch: 0
epoch_0_loss:  1.2533071845315695
epoch: 1
epoch_1_loss:  1.2533071845315695
epoch: 2
epoch_2_loss:  1.2533071845315695
epoch: 3
epoch_3_loss:  1.2533071845315695
epoch: 4
epoch_4_loss:  1.2533071845315695
epoch: 5
epoch_5_loss:  1.2533071845315695
epoch: 6
epoch_6_loss:  1.2533071845315695
epoch: 7
epoch_7_loss:  1.2533071845315695
epoch: 8
epoch_8_loss:  1.2533071845315695
epoch: 9
epoch_9_loss:  1.2533071845315695
epoch: 10
epoch_10_loss:  1.2533071845315695
epoch: 11
epoch_11_loss:  1.2533071845315695
epoch: 12
epoch_12_loss:  1.2533071845315695
epoch: 13
epoch_13_loss:  1.2533071845315695
epoch: 14
epoch_14_loss:  1.2533071845315695
[1.2533071845315695, 1.2533071845315695, 1.2533071845315695, 1.2533071845315695, 1.2533071845315695, 1.2533071845315695, 1.2533071845315695, 1.2533071845315695, 1.2533071845315695, 1.2533071845315695, 1.2533071845315695, 1.2533071845315695, 1.2533071845315695, 1.2533071845315695, 1.2533071845315695]
[I 2022-11-13 10:39:27,891] Trial 177 finished with value: 1.2533071845315695 and parameters: {'optimizer': 'Adam', 'lr': 0.0006015842865802061, 'n_layers': 1, 'n_units_l0': 5}. Best is trial 128 with value: 0.8277037370898573.
Sequential(
  (0): Linear(in_features=5, out_features=5, bias=True)
  (1): ReLU()
)
Sequential(
  (0): Linear(in_features=5, out_features=5, bias=True)
)
epoch: 0
epoch_0_loss:  1.2236364570049112
epoch: 1
epoch_1_loss:  1.2236364570049112
epoch: 2
epoch_2_loss:  1.2236364570049112
epoch: 3
epoch_3_loss:  1.2236364570049112
epoch: 4
epoch_4_loss:  1.2236364570049112
epoch: 5
epoch_5_loss:  1.2236364570049112
epoch: 6
epoch_6_loss:  1.2236364570049112
epoch: 7
epoch_7_loss:  1.2236364570049112
epoch: 8
epoch_8_loss:  1.2236364570049112
epoch: 9
epoch_9_loss:  1.2236364570049112
epoch: 10
epoch_10_loss:  1.2236364570049112
epoch: 11
epoch_11_loss:  1.2236364570049112
epoch: 12
epoch_12_loss:  1.2236364570049112
epoch: 13
epoch_13_loss:  1.2236364570049112
epoch: 14
epoch_14_loss:  1.2236364570049112
[1.2236364570049112, 1.2236364570049112, 1.2236364570049112, 1.2236364570049112, 1.2236364570049112, 1.2236364570049112, 1.2236364570049112, 1.2236364570049112, 1.2236364570049112, 1.2236364570049112, 1.2236364570049112, 1.2236364570049112, 1.2236364570049112, 1.2236364570049112, 1.2236364570049112]
[I 2022-11-13 10:40:11,659] Trial 178 finished with value: 1.2236364570049112 and parameters: {'optimizer': 'Adam', 'lr': 0.00046786791010107855, 'n_layers': 1, 'n_units_l0': 5}. Best is trial 128 with value: 0.8277037370898573.
Sequential(
  (0): Linear(in_features=5, out_features=5, bias=True)
  (1): ReLU()
)
Sequential(
  (0): Linear(in_features=5, out_features=5, bias=True)
)
epoch: 0
epoch_0_loss:  1.1742897632909202
epoch: 1
epoch_1_loss:  1.1742897632909202
epoch: 2
epoch_2_loss:  1.1742897632909202
epoch: 3
epoch_3_loss:  1.1742897632909202
epoch: 4
epoch_4_loss:  1.1742897632909202
epoch: 5
epoch_5_loss:  1.1742897632909202
epoch: 6
epoch_6_loss:  1.1742897632909202
epoch: 7
epoch_7_loss:  1.1742897632909202
epoch: 8
epoch_8_loss:  1.1742897632909202
epoch: 9
epoch_9_loss:  1.1742897632909202
epoch: 10
epoch_10_loss:  1.1742897632909202
epoch: 11
epoch_11_loss:  1.1742897632909202
epoch: 12
epoch_12_loss:  1.1742897632909202
epoch: 13
epoch_13_loss:  1.1742897632909202
epoch: 14
epoch_14_loss:  1.1742897632909202
[1.1742897632909202, 1.1742897632909202, 1.1742897632909202, 1.1742897632909202, 1.1742897632909202, 1.1742897632909202, 1.1742897632909202, 1.1742897632909202, 1.1742897632909202, 1.1742897632909202, 1.1742897632909202, 1.1742897632909202, 1.1742897632909202, 1.1742897632909202, 1.1742897632909202]
[I 2022-11-13 10:40:55,877] Trial 179 finished with value: 1.1742897632909202 and parameters: {'optimizer': 'Adam', 'lr': 0.0008890138454754291, 'n_layers': 1, 'n_units_l0': 5}. Best is trial 128 with value: 0.8277037370898573.
Sequential(
  (0): Linear(in_features=5, out_features=5, bias=True)
  (1): ReLU()
)
Sequential(
  (0): Linear(in_features=5, out_features=5, bias=True)
)
epoch: 0
epoch_0_loss:  0.9897241814135546
epoch: 1
epoch_1_loss:  0.9897241814135546
epoch: 2
epoch_2_loss:  0.9897241814135546
epoch: 3
epoch_3_loss:  0.9897241814135546
epoch: 4
epoch_4_loss:  0.9897241814135546
epoch: 5
epoch_5_loss:  0.9897241814135546
epoch: 6
epoch_6_loss:  0.9897241814135546
epoch: 7
epoch_7_loss:  0.9897241814135546
epoch: 8
epoch_8_loss:  0.9897241814135546
epoch: 9
epoch_9_loss:  0.9897241814135546
epoch: 10
epoch_10_loss:  0.9897241814135546
epoch: 11
epoch_11_loss:  0.9897241814135546
epoch: 12
epoch_12_loss:  0.9897241814135546
epoch: 13
epoch_13_loss:  0.9897241814135546
epoch: 14
epoch_14_loss:  0.9897241814135546
[0.9897241814135546, 0.9897241814135546, 0.9897241814135546, 0.9897241814135546, 0.9897241814135546, 0.9897241814135546, 0.9897241814135546, 0.9897241814135546, 0.9897241814135546, 0.9897241814135546, 0.9897241814135546, 0.9897241814135546, 0.9897241814135546, 0.9897241814135546, 0.9897241814135546]
[I 2022-11-13 10:41:39,812] Trial 180 finished with value: 0.9897241814135546 and parameters: {'optimizer': 'Adam', 'lr': 0.0008275124277009196, 'n_layers': 1, 'n_units_l0': 5}. Best is trial 128 with value: 0.8277037370898573.
Sequential(
  (0): Linear(in_features=5, out_features=5, bias=True)
  (1): ReLU()
)
Sequential(
  (0): Linear(in_features=5, out_features=5, bias=True)
)
epoch: 0
epoch_0_loss:  1.0037286345722027
epoch: 1
epoch_1_loss:  1.0037286345722027
epoch: 2
epoch_2_loss:  1.0037286345722027
epoch: 3
epoch_3_loss:  1.0037286345722027
epoch: 4
epoch_4_loss:  1.0037286345722027
epoch: 5
epoch_5_loss:  1.0037286345722027
epoch: 6
epoch_6_loss:  1.0037286345722027
epoch: 7
epoch_7_loss:  1.0037286345722027
epoch: 8
epoch_8_loss:  1.0037286345722027
epoch: 9
epoch_9_loss:  1.0037286345722027
epoch: 10
epoch_10_loss:  1.0037286345722027
epoch: 11
epoch_11_loss:  1.0037286345722027
epoch: 12
epoch_12_loss:  1.0037286345722027
epoch: 13
epoch_13_loss:  1.0037286345722027
epoch: 14
epoch_14_loss:  1.0037286345722027
[1.0037286345722027, 1.0037286345722027, 1.0037286345722027, 1.0037286345722027, 1.0037286345722027, 1.0037286345722027, 1.0037286345722027, 1.0037286345722027, 1.0037286345722027, 1.0037286345722027, 1.0037286345722027, 1.0037286345722027, 1.0037286345722027, 1.0037286345722027, 1.0037286345722027]
