[I 2022-11-13 13:10:13,777] Trial 138 finished with value: 1.042879571925637 and parameters: {'optimizer': 'Adam', 'lr': 0.00035488387865613685, 'n_layers': 2, 'n_units_l0': 5, 'n_units_l1': 4}. Best is trial 126 with value: 1.0114372774826383.
Sequential(
  (0): Linear(in_features=5, out_features=5, bias=True)
  (1): ReLU()
  (2): Linear(in_features=5, out_features=4, bias=True)
  (3): ReLU()
)
Sequential(
  (0): Linear(in_features=4, out_features=5, bias=True)
  (1): ReLU()
  (2): Linear(in_features=5, out_features=5, bias=True)
)
epoch: 0
epoch_0_loss:  1.042933078034429
epoch: 1
epoch_1_loss:  1.042933078034429
epoch: 2
epoch_2_loss:  1.042933078034429
epoch: 3
epoch_3_loss:  1.042933078034429
epoch: 4
epoch_4_loss:  1.042933078034429
epoch: 5
epoch_5_loss:  1.042933078034429
epoch: 6
epoch_6_loss:  1.042933078034429
epoch: 7
epoch_7_loss:  1.042933078034429
epoch: 8
epoch_8_loss:  1.042933078034429
epoch: 9
epoch_9_loss:  1.042933078034429
epoch: 10
epoch_10_loss:  1.042933078034429
epoch: 11
epoch_11_loss:  1.042933078034429
epoch: 12
epoch_12_loss:  1.042933078034429
epoch: 13
epoch_13_loss:  1.042933078034429
epoch: 14
epoch_14_loss:  1.042933078034429
[1.042933078034429, 1.042933078034429, 1.042933078034429, 1.042933078034429, 1.042933078034429, 1.042933078034429, 1.042933078034429, 1.042933078034429, 1.042933078034429, 1.042933078034429, 1.042933078034429, 1.042933078034429, 1.042933078034429, 1.042933078034429, 1.042933078034429]
[I 2022-11-13 13:11:10,068] Trial 139 finished with value: 1.042933078034429 and parameters: {'optimizer': 'Adam', 'lr': 0.00036667538459755097, 'n_layers': 2, 'n_units_l0': 5, 'n_units_l1': 4}. Best is trial 126 with value: 1.0114372774826383.
Sequential(
  (0): Linear(in_features=5, out_features=5, bias=True)
  (1): ReLU()
  (2): Linear(in_features=5, out_features=4, bias=True)
  (3): ReLU()
)
Sequential(
  (0): Linear(in_features=4, out_features=5, bias=True)
  (1): ReLU()
  (2): Linear(in_features=5, out_features=5, bias=True)
)
epoch: 0
epoch_0_loss:  1.0896389838042078
epoch: 1
epoch_1_loss:  1.0896389838042078
epoch: 2
epoch_2_loss:  1.0896389838042078
epoch: 3
epoch_3_loss:  1.0896389838042078
epoch: 4
epoch_4_loss:  1.0896389838042078
epoch: 5
epoch_5_loss:  1.0896389838042078
epoch: 6
epoch_6_loss:  1.0896389838042078
epoch: 7
epoch_7_loss:  1.0896389838042078
epoch: 8
epoch_8_loss:  1.0896389838042078
epoch: 9
epoch_9_loss:  1.0896389838042078
epoch: 10
epoch_10_loss:  1.0896389838042078
epoch: 11
epoch_11_loss:  1.0896389838042078
epoch: 12
epoch_12_loss:  1.0896389838042078
epoch: 13
epoch_13_loss:  1.0896389838042078
epoch: 14
epoch_14_loss:  1.0896389838042078
[1.0896389838042078, 1.0896389838042078, 1.0896389838042078, 1.0896389838042078, 1.0896389838042078, 1.0896389838042078, 1.0896389838042078, 1.0896389838042078, 1.0896389838042078, 1.0896389838042078, 1.0896389838042078, 1.0896389838042078, 1.0896389838042078, 1.0896389838042078, 1.0896389838042078]
[I 2022-11-13 13:12:06,653] Trial 140 finished with value: 1.0896389838042078 and parameters: {'optimizer': 'Adam', 'lr': 0.0005165050286288916, 'n_layers': 2, 'n_units_l0': 5, 'n_units_l1': 4}. Best is trial 126 with value: 1.0114372774826383.
Sequential(
  (0): Linear(in_features=5, out_features=5, bias=True)
  (1): ReLU()
  (2): Linear(in_features=5, out_features=4, bias=True)
  (3): ReLU()
)
Sequential(
  (0): Linear(in_features=4, out_features=5, bias=True)
  (1): ReLU()
  (2): Linear(in_features=5, out_features=5, bias=True)
)
epoch: 0
epoch_0_loss:  1.0998250183763332
epoch: 1
epoch_1_loss:  1.0998250183763332
epoch: 2
epoch_2_loss:  1.0998250183763332
epoch: 3
epoch_3_loss:  1.0998250183763332
epoch: 4
epoch_4_loss:  1.0998250183763332
epoch: 5
epoch_5_loss:  1.0998250183763332
epoch: 6
epoch_6_loss:  1.0998250183763332
epoch: 7
epoch_7_loss:  1.0998250183763332
epoch: 8
epoch_8_loss:  1.0998250183763332
epoch: 9
epoch_9_loss:  1.0998250183763332
epoch: 10
epoch_10_loss:  1.0998250183763332
epoch: 11
epoch_11_loss:  1.0998250183763332
epoch: 12
epoch_12_loss:  1.0998250183763332
epoch: 13
epoch_13_loss:  1.0998250183763332
epoch: 14
epoch_14_loss:  1.0998250183763332
[1.0998250183763332, 1.0998250183763332, 1.0998250183763332, 1.0998250183763332, 1.0998250183763332, 1.0998250183763332, 1.0998250183763332, 1.0998250183763332, 1.0998250183763332, 1.0998250183763332, 1.0998250183763332, 1.0998250183763332, 1.0998250183763332, 1.0998250183763332, 1.0998250183763332]
[I 2022-11-13 13:13:02,700] Trial 141 finished with value: 1.0998250183763332 and parameters: {'optimizer': 'Adam', 'lr': 0.0003611833137931386, 'n_layers': 2, 'n_units_l0': 5, 'n_units_l1': 4}. Best is trial 126 with value: 1.0114372774826383.
Sequential(
  (0): Linear(in_features=5, out_features=5, bias=True)
  (1): ReLU()
  (2): Linear(in_features=5, out_features=4, bias=True)
  (3): ReLU()
)
Sequential(
  (0): Linear(in_features=4, out_features=5, bias=True)
  (1): ReLU()
  (2): Linear(in_features=5, out_features=5, bias=True)
)
epoch: 0
epoch_0_loss:  1.1207678607513476
epoch: 1
epoch_1_loss:  1.1207678607513476
epoch: 2
epoch_2_loss:  1.1207678607513476
epoch: 3
epoch_3_loss:  1.1207678607513476
epoch: 4
epoch_4_loss:  1.1207678607513476
epoch: 5
epoch_5_loss:  1.1207678607513476
epoch: 6
epoch_6_loss:  1.1207678607513476
epoch: 7
epoch_7_loss:  1.1207678607513476
epoch: 8
epoch_8_loss:  1.1207678607513476
epoch: 9
epoch_9_loss:  1.1207678607513476
epoch: 10
epoch_10_loss:  1.1207678607513476
epoch: 11
epoch_11_loss:  1.1207678607513476
epoch: 12
epoch_12_loss:  1.1207678607513476
epoch: 13
epoch_13_loss:  1.1207678607513476
epoch: 14
epoch_14_loss:  1.1207678607513476
[1.1207678607513476, 1.1207678607513476, 1.1207678607513476, 1.1207678607513476, 1.1207678607513476, 1.1207678607513476, 1.1207678607513476, 1.1207678607513476, 1.1207678607513476, 1.1207678607513476, 1.1207678607513476, 1.1207678607513476, 1.1207678607513476, 1.1207678607513476, 1.1207678607513476]
[I 2022-11-13 13:13:59,089] Trial 142 finished with value: 1.1207678607513476 and parameters: {'optimizer': 'Adam', 'lr': 0.00033755602732821855, 'n_layers': 2, 'n_units_l0': 5, 'n_units_l1': 4}. Best is trial 126 with value: 1.0114372774826383.
Sequential(
  (0): Linear(in_features=5, out_features=5, bias=True)
  (1): ReLU()
  (2): Linear(in_features=5, out_features=4, bias=True)
  (3): ReLU()
)
Sequential(
  (0): Linear(in_features=4, out_features=5, bias=True)
  (1): ReLU()
  (2): Linear(in_features=5, out_features=5, bias=True)
)
epoch: 0
epoch_0_loss:  1.0729163773446542
epoch: 1
epoch_1_loss:  1.0729163773446542
epoch: 2
epoch_2_loss:  1.0729163773446542
epoch: 3
epoch_3_loss:  1.0729163773446542
epoch: 4
epoch_4_loss:  1.0729163773446542
epoch: 5
epoch_5_loss:  1.0729163773446542
epoch: 6
epoch_6_loss:  1.0729163773446542
epoch: 7
epoch_7_loss:  1.0729163773446542
epoch: 8
epoch_8_loss:  1.0729163773446542
epoch: 9
epoch_9_loss:  1.0729163773446542
epoch: 10
epoch_10_loss:  1.0729163773446542
epoch: 11
epoch_11_loss:  1.0729163773446542
epoch: 12
epoch_12_loss:  1.0729163773446542
epoch: 13
epoch_13_loss:  1.0729163773446542
epoch: 14
epoch_14_loss:  1.0729163773446542
[1.0729163773446542, 1.0729163773446542, 1.0729163773446542, 1.0729163773446542, 1.0729163773446542, 1.0729163773446542, 1.0729163773446542, 1.0729163773446542, 1.0729163773446542, 1.0729163773446542, 1.0729163773446542, 1.0729163773446542, 1.0729163773446542, 1.0729163773446542, 1.0729163773446542]
[I 2022-11-13 13:14:55,452] Trial 143 finished with value: 1.0729163773446542 and parameters: {'optimizer': 'Adam', 'lr': 0.00041385336514960093, 'n_layers': 2, 'n_units_l0': 5, 'n_units_l1': 4}. Best is trial 126 with value: 1.0114372774826383.
Sequential(
  (0): Linear(in_features=5, out_features=5, bias=True)
  (1): ReLU()
  (2): Linear(in_features=5, out_features=4, bias=True)
  (3): ReLU()
)
Sequential(
  (0): Linear(in_features=4, out_features=5, bias=True)
  (1): ReLU()
  (2): Linear(in_features=5, out_features=5, bias=True)
)
epoch: 0
epoch_0_loss:  1.0655361523998323
epoch: 1
epoch_1_loss:  1.0655361523998323
epoch: 2
epoch_2_loss:  1.0655361523998323
epoch: 3
epoch_3_loss:  1.0655361523998323
epoch: 4
epoch_4_loss:  1.0655361523998323
epoch: 5
epoch_5_loss:  1.0655361523998323
epoch: 6
epoch_6_loss:  1.0655361523998323
epoch: 7
epoch_7_loss:  1.0655361523998323
epoch: 8
epoch_8_loss:  1.0655361523998323
epoch: 9
epoch_9_loss:  1.0655361523998323
epoch: 10
epoch_10_loss:  1.0655361523998323
epoch: 11
epoch_11_loss:  1.0655361523998323
epoch: 12
epoch_12_loss:  1.0655361523998323
epoch: 13
epoch_13_loss:  1.0655361523998323
epoch: 14
epoch_14_loss:  1.0655361523998323
[1.0655361523998323, 1.0655361523998323, 1.0655361523998323, 1.0655361523998323, 1.0655361523998323, 1.0655361523998323, 1.0655361523998323, 1.0655361523998323, 1.0655361523998323, 1.0655361523998323, 1.0655361523998323, 1.0655361523998323, 1.0655361523998323, 1.0655361523998323, 1.0655361523998323]
[I 2022-11-13 13:15:52,078] Trial 144 finished with value: 1.0655361523998323 and parameters: {'optimizer': 'Adam', 'lr': 0.00038218251134691756, 'n_layers': 2, 'n_units_l0': 5, 'n_units_l1': 4}. Best is trial 126 with value: 1.0114372774826383.
Sequential(
  (0): Linear(in_features=5, out_features=5, bias=True)
  (1): ReLU()
  (2): Linear(in_features=5, out_features=4, bias=True)
  (3): ReLU()
)
Sequential(
  (0): Linear(in_features=4, out_features=5, bias=True)
  (1): ReLU()
  (2): Linear(in_features=5, out_features=5, bias=True)
)
epoch: 0
epoch_0_loss:  1.0725346080290148
epoch: 1
epoch_1_loss:  1.0725346080290148
epoch: 2
epoch_2_loss:  1.0725346080290148
epoch: 3
epoch_3_loss:  1.0725346080290148
epoch: 4
epoch_4_loss:  1.0725346080290148
epoch: 5
epoch_5_loss:  1.0725346080290148
epoch: 6
epoch_6_loss:  1.0725346080290148
epoch: 7
epoch_7_loss:  1.0725346080290148
epoch: 8
epoch_8_loss:  1.0725346080290148
epoch: 9
epoch_9_loss:  1.0725346080290148
epoch: 10
epoch_10_loss:  1.0725346080290148
epoch: 11
epoch_11_loss:  1.0725346080290148
epoch: 12
epoch_12_loss:  1.0725346080290148
epoch: 13
epoch_13_loss:  1.0725346080290148
epoch: 14
epoch_14_loss:  1.0725346080290148
[1.0725346080290148, 1.0725346080290148, 1.0725346080290148, 1.0725346080290148, 1.0725346080290148, 1.0725346080290148, 1.0725346080290148, 1.0725346080290148, 1.0725346080290148, 1.0725346080290148, 1.0725346080290148, 1.0725346080290148, 1.0725346080290148, 1.0725346080290148, 1.0725346080290148]
[I 2022-11-13 13:16:48,315] Trial 145 finished with value: 1.0725346080290148 and parameters: {'optimizer': 'Adam', 'lr': 0.000606321161542092, 'n_layers': 2, 'n_units_l0': 5, 'n_units_l1': 4}. Best is trial 126 with value: 1.0114372774826383.
Sequential(
  (0): Linear(in_features=5, out_features=5, bias=True)
  (1): ReLU()
  (2): Linear(in_features=5, out_features=4, bias=True)
  (3): ReLU()
)
Sequential(
  (0): Linear(in_features=4, out_features=5, bias=True)
  (1): ReLU()
  (2): Linear(in_features=5, out_features=5, bias=True)
)
epoch: 0
epoch_0_loss:  1.0748614245813193
epoch: 1
epoch_1_loss:  1.0748614245813193
epoch: 2
epoch_2_loss:  1.0748614245813193
epoch: 3
epoch_3_loss:  1.0748614245813193
epoch: 4
epoch_4_loss:  1.0748614245813193
epoch: 5
epoch_5_loss:  1.0748614245813193
epoch: 6
epoch_6_loss:  1.0748614245813193
epoch: 7
epoch_7_loss:  1.0748614245813193
epoch: 8
epoch_8_loss:  1.0748614245813193
epoch: 9
epoch_9_loss:  1.0748614245813193
epoch: 10
epoch_10_loss:  1.0748614245813193
epoch: 11
epoch_11_loss:  1.0748614245813193
epoch: 12
epoch_12_loss:  1.0748614245813193
epoch: 13
epoch_13_loss:  1.0748614245813193
epoch: 14
epoch_14_loss:  1.0748614245813193
[1.0748614245813193, 1.0748614245813193, 1.0748614245813193, 1.0748614245813193, 1.0748614245813193, 1.0748614245813193, 1.0748614245813193, 1.0748614245813193, 1.0748614245813193, 1.0748614245813193, 1.0748614245813193, 1.0748614245813193, 1.0748614245813193, 1.0748614245813193, 1.0748614245813193]
[I 2022-11-13 13:17:44,807] Trial 146 finished with value: 1.0748614245813193 and parameters: {'optimizer': 'Adam', 'lr': 0.00032312585075081025, 'n_layers': 2, 'n_units_l0': 5, 'n_units_l1': 4}. Best is trial 126 with value: 1.0114372774826383.
Sequential(
  (0): Linear(in_features=5, out_features=5, bias=True)
  (1): ReLU()
  (2): Linear(in_features=5, out_features=4, bias=True)
  (3): ReLU()
)
Sequential(
  (0): Linear(in_features=4, out_features=5, bias=True)
  (1): ReLU()
  (2): Linear(in_features=5, out_features=5, bias=True)
)
epoch: 0
epoch_0_loss:  1.041207098767466
epoch: 1
epoch_1_loss:  1.041207098767466
epoch: 2
epoch_2_loss:  1.041207098767466
epoch: 3
epoch_3_loss:  1.041207098767466
epoch: 4
epoch_4_loss:  1.041207098767466
epoch: 5
epoch_5_loss:  1.041207098767466
epoch: 6
epoch_6_loss:  1.041207098767466
epoch: 7
epoch_7_loss:  1.041207098767466
epoch: 8
epoch_8_loss:  1.041207098767466
epoch: 9
epoch_9_loss:  1.041207098767466
epoch: 10
epoch_10_loss:  1.041207098767466
epoch: 11
epoch_11_loss:  1.041207098767466
epoch: 12
epoch_12_loss:  1.041207098767466
epoch: 13
epoch_13_loss:  1.041207098767466
epoch: 14
epoch_14_loss:  1.041207098767466
[1.041207098767466, 1.041207098767466, 1.041207098767466, 1.041207098767466, 1.041207098767466, 1.041207098767466, 1.041207098767466, 1.041207098767466, 1.041207098767466, 1.041207098767466, 1.041207098767466, 1.041207098767466, 1.041207098767466, 1.041207098767466, 1.041207098767466]
[I 2022-11-13 13:18:41,336] Trial 147 finished with value: 1.041207098767466 and parameters: {'optimizer': 'Adam', 'lr': 0.00035421484289202223, 'n_layers': 2, 'n_units_l0': 5, 'n_units_l1': 4}. Best is trial 126 with value: 1.0114372774826383.
Sequential(
  (0): Linear(in_features=5, out_features=5, bias=True)
  (1): ReLU()
  (2): Linear(in_features=5, out_features=4, bias=True)
  (3): ReLU()
)
Sequential(
  (0): Linear(in_features=4, out_features=5, bias=True)
  (1): ReLU()
  (2): Linear(in_features=5, out_features=5, bias=True)
)
epoch: 0
epoch_0_loss:  1.2185442386290517
epoch: 1
epoch_1_loss:  1.2185442386290517
epoch: 2
epoch_2_loss:  1.2185442386290517
epoch: 3
epoch_3_loss:  1.2185442386290517
epoch: 4
epoch_4_loss:  1.2185442386290517
epoch: 5
epoch_5_loss:  1.2185442386290517
epoch: 6
epoch_6_loss:  1.2185442386290517
epoch: 7
epoch_7_loss:  1.2185442386290517
epoch: 8
epoch_8_loss:  1.2185442386290517
epoch: 9
epoch_9_loss:  1.2185442386290517
epoch: 10
epoch_10_loss:  1.2185442386290517
epoch: 11
epoch_11_loss:  1.2185442386290517
epoch: 12
epoch_12_loss:  1.2185442386290517
epoch: 13
epoch_13_loss:  1.2185442386290517
epoch: 14
epoch_14_loss:  1.2185442386290517
[1.2185442386290517, 1.2185442386290517, 1.2185442386290517, 1.2185442386290517, 1.2185442386290517, 1.2185442386290517, 1.2185442386290517, 1.2185442386290517, 1.2185442386290517, 1.2185442386290517, 1.2185442386290517, 1.2185442386290517, 1.2185442386290517, 1.2185442386290517, 1.2185442386290517]
[I 2022-11-13 13:19:37,724] Trial 148 finished with value: 1.2185442386290517 and parameters: {'optimizer': 'Adam', 'lr': 0.00035500067873740304, 'n_layers': 2, 'n_units_l0': 5, 'n_units_l1': 4}. Best is trial 126 with value: 1.0114372774826383.
Sequential(
  (0): Linear(in_features=5, out_features=5, bias=True)
  (1): ReLU()
  (2): Linear(in_features=5, out_features=4, bias=True)
  (3): ReLU()
)
Sequential(
  (0): Linear(in_features=4, out_features=5, bias=True)
  (1): ReLU()
  (2): Linear(in_features=5, out_features=5, bias=True)
)
epoch: 0
epoch_0_loss:  1.2131911412912135
epoch: 1
epoch_1_loss:  1.2131911412912135
epoch: 2
epoch_2_loss:  1.2131911412912135
epoch: 3
epoch_3_loss:  1.2131911412912135
epoch: 4
epoch_4_loss:  1.2131911412912135
epoch: 5
epoch_5_loss:  1.2131911412912135
epoch: 6
epoch_6_loss:  1.2131911412912135
epoch: 7
epoch_7_loss:  1.2131911412912135
epoch: 8
epoch_8_loss:  1.2131911412912135
epoch: 9
epoch_9_loss:  1.2131911412912135
epoch: 10
epoch_10_loss:  1.2131911412912135
epoch: 11
epoch_11_loss:  1.2131911412912135
epoch: 12
epoch_12_loss:  1.2131911412912135
epoch: 13
epoch_13_loss:  1.2131911412912135
epoch: 14
epoch_14_loss:  1.2131911412912135
[1.2131911412912135, 1.2131911412912135, 1.2131911412912135, 1.2131911412912135, 1.2131911412912135, 1.2131911412912135, 1.2131911412912135, 1.2131911412912135, 1.2131911412912135, 1.2131911412912135, 1.2131911412912135, 1.2131911412912135, 1.2131911412912135, 1.2131911412912135, 1.2131911412912135]
[I 2022-11-13 13:20:34,139] Trial 149 finished with value: 1.2131911412912135 and parameters: {'optimizer': 'Adam', 'lr': 0.0004194026542193938, 'n_layers': 2, 'n_units_l0': 5, 'n_units_l1': 4}. Best is trial 126 with value: 1.0114372774826383.
Sequential(
  (0): Linear(in_features=5, out_features=3, bias=True)
  (1): ReLU()
  (2): Linear(in_features=3, out_features=4, bias=True)
  (3): ReLU()
)
Sequential(
  (0): Linear(in_features=4, out_features=3, bias=True)
  (1): ReLU()
  (2): Linear(in_features=3, out_features=5, bias=True)
)
epoch: 0
epoch_0_loss:  1.1411599531118792
epoch: 1
epoch_1_loss:  1.1411599531118792
epoch: 2
epoch_2_loss:  1.1411599531118792
epoch: 3
epoch_3_loss:  1.1411599531118792
epoch: 4
epoch_4_loss:  1.1411599531118792
epoch: 5
epoch_5_loss:  1.1411599531118792
epoch: 6
epoch_6_loss:  1.1411599531118792
epoch: 7
epoch_7_loss:  1.1411599531118792
epoch: 8
epoch_8_loss:  1.1411599531118792
epoch: 9
epoch_9_loss:  1.1411599531118792
epoch: 10
epoch_10_loss:  1.1411599531118792
epoch: 11
epoch_11_loss:  1.1411599531118792
epoch: 12
epoch_12_loss:  1.1411599531118792
epoch: 13
epoch_13_loss:  1.1411599531118792
epoch: 14
epoch_14_loss:  1.1411599531118792
[1.1411599531118792, 1.1411599531118792, 1.1411599531118792, 1.1411599531118792, 1.1411599531118792, 1.1411599531118792, 1.1411599531118792, 1.1411599531118792, 1.1411599531118792, 1.1411599531118792, 1.1411599531118792, 1.1411599531118792, 1.1411599531118792, 1.1411599531118792, 1.1411599531118792]
[I 2022-11-13 13:21:30,602] Trial 150 finished with value: 1.1411599531118792 and parameters: {'optimizer': 'Adam', 'lr': 0.00039243196488029773, 'n_layers': 2, 'n_units_l0': 3, 'n_units_l1': 4}. Best is trial 126 with value: 1.0114372774826383.
Sequential(
  (0): Linear(in_features=5, out_features=5, bias=True)
  (1): ReLU()
  (2): Linear(in_features=5, out_features=4, bias=True)
  (3): ReLU()
)
Sequential(
  (0): Linear(in_features=4, out_features=5, bias=True)
  (1): ReLU()
  (2): Linear(in_features=5, out_features=5, bias=True)
)
epoch: 0
epoch_0_loss:  1.1380303974198953
epoch: 1
epoch_1_loss:  1.1380303974198953
epoch: 2
epoch_2_loss:  1.1380303974198953
epoch: 3
epoch_3_loss:  1.1380303974198953
epoch: 4
epoch_4_loss:  1.1380303974198953
epoch: 5
epoch_5_loss:  1.1380303974198953
epoch: 6
epoch_6_loss:  1.1380303974198953
epoch: 7
epoch_7_loss:  1.1380303974198953
epoch: 8
epoch_8_loss:  1.1380303974198953
epoch: 9
epoch_9_loss:  1.1380303974198953
epoch: 10
epoch_10_loss:  1.1380303974198953
epoch: 11
epoch_11_loss:  1.1380303974198953
epoch: 12
epoch_12_loss:  1.1380303974198953
epoch: 13
epoch_13_loss:  1.1380303974198953
epoch: 14
epoch_14_loss:  1.1380303974198953
[1.1380303974198953, 1.1380303974198953, 1.1380303974198953, 1.1380303974198953, 1.1380303974198953, 1.1380303974198953, 1.1380303974198953, 1.1380303974198953, 1.1380303974198953, 1.1380303974198953, 1.1380303974198953, 1.1380303974198953, 1.1380303974198953, 1.1380303974198953, 1.1380303974198953]
[I 2022-11-13 13:22:27,112] Trial 151 finished with value: 1.1380303974198953 and parameters: {'optimizer': 'Adam', 'lr': 0.0002860133419422871, 'n_layers': 2, 'n_units_l0': 5, 'n_units_l1': 4}. Best is trial 126 with value: 1.0114372774826383.
Sequential(
  (0): Linear(in_features=5, out_features=5, bias=True)
  (1): ReLU()
  (2): Linear(in_features=5, out_features=4, bias=True)
  (3): ReLU()
)
Sequential(
  (0): Linear(in_features=4, out_features=5, bias=True)
  (1): ReLU()
  (2): Linear(in_features=5, out_features=5, bias=True)
)
epoch: 0
epoch_0_loss:  1.10654095650993
epoch: 1
epoch_1_loss:  1.10654095650993
epoch: 2
epoch_2_loss:  1.10654095650993
epoch: 3
epoch_3_loss:  1.10654095650993
epoch: 4
epoch_4_loss:  1.10654095650993
epoch: 5
epoch_5_loss:  1.10654095650993
epoch: 6
epoch_6_loss:  1.10654095650993
epoch: 7
epoch_7_loss:  1.10654095650993
epoch: 8
epoch_8_loss:  1.10654095650993
epoch: 9
epoch_9_loss:  1.10654095650993
epoch: 10
epoch_10_loss:  1.10654095650993
epoch: 11
epoch_11_loss:  1.10654095650993
epoch: 12
epoch_12_loss:  1.10654095650993
epoch: 13
epoch_13_loss:  1.10654095650993
epoch: 14
epoch_14_loss:  1.10654095650993
[1.10654095650993, 1.10654095650993, 1.10654095650993, 1.10654095650993, 1.10654095650993, 1.10654095650993, 1.10654095650993, 1.10654095650993, 1.10654095650993, 1.10654095650993, 1.10654095650993, 1.10654095650993, 1.10654095650993, 1.10654095650993, 1.10654095650993]
