[I 2022-11-13 11:34:22,694] Trial 39 finished with value: 1.0674944669095623 and parameters: {'optimizer': 'Adam', 'lr': 7.960764552510098e-05, 'n_layers': 3, 'n_units_l0': 3, 'n_units_l1': 4, 'n_units_l2': 2}. Best is trial 26 with value: 1.034786592180601.
Sequential(
  (0): Linear(in_features=5, out_features=4, bias=True)
  (1): ReLU()
  (2): Linear(in_features=4, out_features=1, bias=True)
  (3): ReLU()
)
Sequential(
  (0): Linear(in_features=1, out_features=4, bias=True)
  (1): ReLU()
  (2): Linear(in_features=4, out_features=5, bias=True)
)
epoch: 0
epoch_0_loss:  1.0823469504414611
epoch: 1
epoch_1_loss:  1.0823469504414611
epoch: 2
epoch_2_loss:  1.0823469504414611
epoch: 3
epoch_3_loss:  1.0823469504414611
epoch: 4
epoch_4_loss:  1.0823469504414611
epoch: 5
epoch_5_loss:  1.0823469504414611
epoch: 6
epoch_6_loss:  1.0823469504414611
epoch: 7
epoch_7_loss:  1.0823469504414611
epoch: 8
epoch_8_loss:  1.0823469504414611
epoch: 9
epoch_9_loss:  1.0823469504414611
epoch: 10
epoch_10_loss:  1.0823469504414611
epoch: 11
epoch_11_loss:  1.0823469504414611
epoch: 12
epoch_12_loss:  1.0823469504414611
epoch: 13
epoch_13_loss:  1.0823469504414611
epoch: 14
epoch_14_loss:  1.0823469504414611
[1.0823469504414611, 1.0823469504414611, 1.0823469504414611, 1.0823469504414611, 1.0823469504414611, 1.0823469504414611, 1.0823469504414611, 1.0823469504414611, 1.0823469504414611, 1.0823469504414611, 1.0823469504414611, 1.0823469504414611, 1.0823469504414611, 1.0823469504414611, 1.0823469504414611]
[I 2022-11-13 11:35:19,191] Trial 40 finished with value: 1.0823469504414611 and parameters: {'optimizer': 'Adam', 'lr': 0.0006893573179171157, 'n_layers': 2, 'n_units_l0': 4, 'n_units_l1': 1}. Best is trial 26 with value: 1.034786592180601.
Sequential(
  (0): Linear(in_features=5, out_features=4, bias=True)
  (1): ReLU()
  (2): Linear(in_features=4, out_features=5, bias=True)
  (3): ReLU()
)
Sequential(
  (0): Linear(in_features=5, out_features=4, bias=True)
  (1): ReLU()
  (2): Linear(in_features=4, out_features=5, bias=True)
)
epoch: 0
epoch_0_loss:  1.1202410052999128
epoch: 1
epoch_1_loss:  1.1202410052999128
epoch: 2
epoch_2_loss:  1.1202410052999128
epoch: 3
epoch_3_loss:  1.1202410052999128
epoch: 4
epoch_4_loss:  1.1202410052999128
epoch: 5
epoch_5_loss:  1.1202410052999128
epoch: 6
epoch_6_loss:  1.1202410052999128
epoch: 7
epoch_7_loss:  1.1202410052999128
epoch: 8
epoch_8_loss:  1.1202410052999128
epoch: 9
epoch_9_loss:  1.1202410052999128
epoch: 10
epoch_10_loss:  1.1202410052999128
epoch: 11
epoch_11_loss:  1.1202410052999128
epoch: 12
epoch_12_loss:  1.1202410052999128
epoch: 13
epoch_13_loss:  1.1202410052999128
epoch: 14
epoch_14_loss:  1.1202410052999128
[1.1202410052999128, 1.1202410052999128, 1.1202410052999128, 1.1202410052999128, 1.1202410052999128, 1.1202410052999128, 1.1202410052999128, 1.1202410052999128, 1.1202410052999128, 1.1202410052999128, 1.1202410052999128, 1.1202410052999128, 1.1202410052999128, 1.1202410052999128, 1.1202410052999128]
[I 2022-11-13 11:36:15,362] Trial 41 finished with value: 1.1202410052999128 and parameters: {'optimizer': 'Adam', 'lr': 0.00015980948195818757, 'n_layers': 2, 'n_units_l0': 4, 'n_units_l1': 5}. Best is trial 26 with value: 1.034786592180601.
Sequential(
  (0): Linear(in_features=5, out_features=4, bias=True)
  (1): ReLU()
  (2): Linear(in_features=4, out_features=5, bias=True)
  (3): ReLU()
)
Sequential(
  (0): Linear(in_features=5, out_features=4, bias=True)
  (1): ReLU()
  (2): Linear(in_features=4, out_features=5, bias=True)
)
epoch: 0
epoch_0_loss:  1.169099156378352
epoch: 1
epoch_1_loss:  1.169099156378352
epoch: 2
epoch_2_loss:  1.169099156378352
epoch: 3
epoch_3_loss:  1.169099156378352
epoch: 4
epoch_4_loss:  1.169099156378352
epoch: 5
epoch_5_loss:  1.169099156378352
epoch: 6
epoch_6_loss:  1.169099156378352
epoch: 7
epoch_7_loss:  1.169099156378352
epoch: 8
epoch_8_loss:  1.169099156378352
epoch: 9
epoch_9_loss:  1.169099156378352
epoch: 10
epoch_10_loss:  1.169099156378352
epoch: 11
epoch_11_loss:  1.169099156378352
epoch: 12
epoch_12_loss:  1.169099156378352
epoch: 13
epoch_13_loss:  1.169099156378352
epoch: 14
epoch_14_loss:  1.169099156378352
[1.169099156378352, 1.169099156378352, 1.169099156378352, 1.169099156378352, 1.169099156378352, 1.169099156378352, 1.169099156378352, 1.169099156378352, 1.169099156378352, 1.169099156378352, 1.169099156378352, 1.169099156378352, 1.169099156378352, 1.169099156378352, 1.169099156378352]
[I 2022-11-13 11:37:11,564] Trial 42 finished with value: 1.169099156378352 and parameters: {'optimizer': 'Adam', 'lr': 6.237619395661708e-05, 'n_layers': 2, 'n_units_l0': 4, 'n_units_l1': 5}. Best is trial 26 with value: 1.034786592180601.
Sequential(
  (0): Linear(in_features=5, out_features=5, bias=True)
  (1): ReLU()
  (2): Linear(in_features=5, out_features=5, bias=True)
  (3): ReLU()
)
Sequential(
  (0): Linear(in_features=5, out_features=5, bias=True)
  (1): ReLU()
  (2): Linear(in_features=5, out_features=5, bias=True)
)
epoch: 0
epoch_0_loss:  1.0620254588767064
epoch: 1
epoch_1_loss:  1.0620254588767064
epoch: 2
epoch_2_loss:  1.0620254588767064
epoch: 3
epoch_3_loss:  1.0620254588767064
epoch: 4
epoch_4_loss:  1.0620254588767064
epoch: 5
epoch_5_loss:  1.0620254588767064
epoch: 6
epoch_6_loss:  1.0620254588767064
epoch: 7
epoch_7_loss:  1.0620254588767064
epoch: 8
epoch_8_loss:  1.0620254588767064
epoch: 9
epoch_9_loss:  1.0620254588767064
epoch: 10
epoch_10_loss:  1.0620254588767064
epoch: 11
epoch_11_loss:  1.0620254588767064
epoch: 12
epoch_12_loss:  1.0620254588767064
epoch: 13
epoch_13_loss:  1.0620254588767064
epoch: 14
epoch_14_loss:  1.0620254588767064
[1.0620254588767064, 1.0620254588767064, 1.0620254588767064, 1.0620254588767064, 1.0620254588767064, 1.0620254588767064, 1.0620254588767064, 1.0620254588767064, 1.0620254588767064, 1.0620254588767064, 1.0620254588767064, 1.0620254588767064, 1.0620254588767064, 1.0620254588767064, 1.0620254588767064]
[I 2022-11-13 11:38:07,821] Trial 43 finished with value: 1.0620254588767064 and parameters: {'optimizer': 'Adam', 'lr': 0.0002860843514262397, 'n_layers': 2, 'n_units_l0': 5, 'n_units_l1': 5}. Best is trial 26 with value: 1.034786592180601.
Sequential(
  (0): Linear(in_features=5, out_features=4, bias=True)
  (1): ReLU()
  (2): Linear(in_features=4, out_features=5, bias=True)
  (3): ReLU()
)
Sequential(
  (0): Linear(in_features=5, out_features=4, bias=True)
  (1): ReLU()
  (2): Linear(in_features=4, out_features=5, bias=True)
)
epoch: 0
epoch_0_loss:  1.0859131056868068
epoch: 1
epoch_1_loss:  1.0859131056868068
epoch: 2
epoch_2_loss:  1.0859131056868068
epoch: 3
epoch_3_loss:  1.0859131056868068
epoch: 4
epoch_4_loss:  1.0859131056868068
epoch: 5
epoch_5_loss:  1.0859131056868068
epoch: 6
epoch_6_loss:  1.0859131056868068
epoch: 7
epoch_7_loss:  1.0859131056868068
epoch: 8
epoch_8_loss:  1.0859131056868068
epoch: 9
epoch_9_loss:  1.0859131056868068
epoch: 10
epoch_10_loss:  1.0859131056868068
epoch: 11
epoch_11_loss:  1.0859131056868068
epoch: 12
epoch_12_loss:  1.0859131056868068
epoch: 13
epoch_13_loss:  1.0859131056868068
epoch: 14
epoch_14_loss:  1.0859131056868068
[1.0859131056868068, 1.0859131056868068, 1.0859131056868068, 1.0859131056868068, 1.0859131056868068, 1.0859131056868068, 1.0859131056868068, 1.0859131056868068, 1.0859131056868068, 1.0859131056868068, 1.0859131056868068, 1.0859131056868068, 1.0859131056868068, 1.0859131056868068, 1.0859131056868068]
[I 2022-11-13 11:39:04,217] Trial 44 finished with value: 1.0859131056868068 and parameters: {'optimizer': 'Adam', 'lr': 0.00019130364195147595, 'n_layers': 2, 'n_units_l0': 4, 'n_units_l1': 5}. Best is trial 26 with value: 1.034786592180601.
Sequential(
  (0): Linear(in_features=5, out_features=3, bias=True)
  (1): ReLU()
)
Sequential(
  (0): Linear(in_features=3, out_features=5, bias=True)
)
epoch: 0
epoch_0_loss:  1.3260014618860907
epoch: 1
epoch_1_loss:  1.3260014618860907
epoch: 2
epoch_2_loss:  1.3260014618860907
epoch: 3
epoch_3_loss:  1.3260014618860907
epoch: 4
epoch_4_loss:  1.3260014618860907
epoch: 5
epoch_5_loss:  1.3260014618860907
epoch: 6
epoch_6_loss:  1.3260014618860907
epoch: 7
epoch_7_loss:  1.3260014618860907
epoch: 8
epoch_8_loss:  1.3260014618860907
epoch: 9
epoch_9_loss:  1.3260014618860907
epoch: 10
epoch_10_loss:  1.3260014618860907
epoch: 11
epoch_11_loss:  1.3260014618860907
epoch: 12
epoch_12_loss:  1.3260014618860907
epoch: 13
epoch_13_loss:  1.3260014618860907
epoch: 14
epoch_14_loss:  1.3260014618860907
[1.3260014618860907, 1.3260014618860907, 1.3260014618860907, 1.3260014618860907, 1.3260014618860907, 1.3260014618860907, 1.3260014618860907, 1.3260014618860907, 1.3260014618860907, 1.3260014618860907, 1.3260014618860907, 1.3260014618860907, 1.3260014618860907, 1.3260014618860907, 1.3260014618860907]
[I 2022-11-13 11:39:48,233] Trial 45 finished with value: 1.3260014618860907 and parameters: {'optimizer': 'Adam', 'lr': 0.00011883059997829166, 'n_layers': 1, 'n_units_l0': 3}. Best is trial 26 with value: 1.034786592180601.
Sequential(
  (0): Linear(in_features=5, out_features=5, bias=True)
  (1): ReLU()
  (2): Linear(in_features=5, out_features=4, bias=True)
  (3): ReLU()
)
Sequential(
  (0): Linear(in_features=4, out_features=5, bias=True)
  (1): ReLU()
  (2): Linear(in_features=5, out_features=5, bias=True)
)
epoch: 0
epoch_0_loss:  1.1512872234484464
epoch: 1
epoch_1_loss:  1.1512872234484464
epoch: 2
epoch_2_loss:  1.1512872234484464
epoch: 3
epoch_3_loss:  1.1512872234484464
epoch: 4
epoch_4_loss:  1.1512872234484464
epoch: 5
epoch_5_loss:  1.1512872234484464
epoch: 6
epoch_6_loss:  1.1512872234484464
epoch: 7
epoch_7_loss:  1.1512872234484464
epoch: 8
epoch_8_loss:  1.1512872234484464
epoch: 9
epoch_9_loss:  1.1512872234484464
epoch: 10
epoch_10_loss:  1.1512872234484464
epoch: 11
epoch_11_loss:  1.1512872234484464
epoch: 12
epoch_12_loss:  1.1512872234484464
epoch: 13
epoch_13_loss:  1.1512872234484464
epoch: 14
epoch_14_loss:  1.1512872234484464
[1.1512872234484464, 1.1512872234484464, 1.1512872234484464, 1.1512872234484464, 1.1512872234484464, 1.1512872234484464, 1.1512872234484464, 1.1512872234484464, 1.1512872234484464, 1.1512872234484464, 1.1512872234484464, 1.1512872234484464, 1.1512872234484464, 1.1512872234484464, 1.1512872234484464]
[I 2022-11-13 11:40:44,624] Trial 46 finished with value: 1.1512872234484464 and parameters: {'optimizer': 'Adam', 'lr': 0.000417838264367152, 'n_layers': 2, 'n_units_l0': 5, 'n_units_l1': 4}. Best is trial 26 with value: 1.034786592180601.
Sequential(
  (0): Linear(in_features=5, out_features=4, bias=True)
  (1): ReLU()
  (2): Linear(in_features=4, out_features=4, bias=True)
  (3): ReLU()
  (4): Linear(in_features=4, out_features=2, bias=True)
  (5): ReLU()
)
Sequential(
  (0): Linear(in_features=2, out_features=4, bias=True)
  (1): ReLU()
  (2): Linear(in_features=4, out_features=4, bias=True)
  (3): ReLU()
  (4): Linear(in_features=4, out_features=5, bias=True)
)
epoch: 0
epoch_0_loss:  1.0821091425612943
epoch: 1
epoch_1_loss:  1.0821091425612943
epoch: 2
epoch_2_loss:  1.0821091425612943
epoch: 3
epoch_3_loss:  1.0821091425612943
epoch: 4
epoch_4_loss:  1.0821091425612943
epoch: 5
epoch_5_loss:  1.0821091425612943
epoch: 6
epoch_6_loss:  1.0821091425612943
epoch: 7
epoch_7_loss:  1.0821091425612943
epoch: 8
epoch_8_loss:  1.0821091425612943
epoch: 9
epoch_9_loss:  1.0821091425612943
epoch: 10
epoch_10_loss:  1.0821091425612943
epoch: 11
epoch_11_loss:  1.0821091425612943
epoch: 12
epoch_12_loss:  1.0821091425612943
epoch: 13
epoch_13_loss:  1.0821091425612943
epoch: 14
epoch_14_loss:  1.0821091425612943
[1.0821091425612943, 1.0821091425612943, 1.0821091425612943, 1.0821091425612943, 1.0821091425612943, 1.0821091425612943, 1.0821091425612943, 1.0821091425612943, 1.0821091425612943, 1.0821091425612943, 1.0821091425612943, 1.0821091425612943, 1.0821091425612943, 1.0821091425612943, 1.0821091425612943]
[I 2022-11-13 11:41:53,402] Trial 47 finished with value: 1.0821091425612943 and parameters: {'optimizer': 'Adam', 'lr': 0.00014569000203831965, 'n_layers': 3, 'n_units_l0': 4, 'n_units_l1': 4, 'n_units_l2': 2}. Best is trial 26 with value: 1.034786592180601.
Sequential(
  (0): Linear(in_features=5, out_features=3, bias=True)
  (1): ReLU()
  (2): Linear(in_features=3, out_features=5, bias=True)
  (3): ReLU()
)
Sequential(
  (0): Linear(in_features=5, out_features=3, bias=True)
  (1): ReLU()
  (2): Linear(in_features=3, out_features=5, bias=True)
)
epoch: 0
epoch_0_loss:  1.1371559533419662
epoch: 1
epoch_1_loss:  1.1371559533419662
epoch: 2
epoch_2_loss:  1.1371559533419662
epoch: 3
epoch_3_loss:  1.1371559533419662
epoch: 4
epoch_4_loss:  1.1371559533419662
epoch: 5
epoch_5_loss:  1.1371559533419662
epoch: 6
epoch_6_loss:  1.1371559533419662
epoch: 7
epoch_7_loss:  1.1371559533419662
epoch: 8
epoch_8_loss:  1.1371559533419662
epoch: 9
epoch_9_loss:  1.1371559533419662
epoch: 10
epoch_10_loss:  1.1371559533419662
epoch: 11
epoch_11_loss:  1.1371559533419662
epoch: 12
epoch_12_loss:  1.1371559533419662
epoch: 13
epoch_13_loss:  1.1371559533419662
epoch: 14
epoch_14_loss:  1.1371559533419662
[1.1371559533419662, 1.1371559533419662, 1.1371559533419662, 1.1371559533419662, 1.1371559533419662, 1.1371559533419662, 1.1371559533419662, 1.1371559533419662, 1.1371559533419662, 1.1371559533419662, 1.1371559533419662, 1.1371559533419662, 1.1371559533419662, 1.1371559533419662, 1.1371559533419662]
[I 2022-11-13 11:42:49,921] Trial 48 finished with value: 1.1371559533419662 and parameters: {'optimizer': 'Adam', 'lr': 0.00025006716152899274, 'n_layers': 2, 'n_units_l0': 3, 'n_units_l1': 5}. Best is trial 26 with value: 1.034786592180601.
Sequential(
  (0): Linear(in_features=5, out_features=4, bias=True)
  (1): ReLU()
)
Sequential(
  (0): Linear(in_features=4, out_features=5, bias=True)
)
epoch: 0
epoch_0_loss:  1.2631033297130816
epoch: 1
epoch_1_loss:  1.2631033297130816
epoch: 2
epoch_2_loss:  1.2631033297130816
epoch: 3
epoch_3_loss:  1.2631033297130816
epoch: 4
epoch_4_loss:  1.2631033297130816
epoch: 5
epoch_5_loss:  1.2631033297130816
epoch: 6
epoch_6_loss:  1.2631033297130816
epoch: 7
epoch_7_loss:  1.2631033297130816
epoch: 8
epoch_8_loss:  1.2631033297130816
epoch: 9
epoch_9_loss:  1.2631033297130816
epoch: 10
epoch_10_loss:  1.2631033297130816
epoch: 11
epoch_11_loss:  1.2631033297130816
epoch: 12
epoch_12_loss:  1.2631033297130816
epoch: 13
epoch_13_loss:  1.2631033297130816
epoch: 14
epoch_14_loss:  1.2631033297130816
[1.2631033297130816, 1.2631033297130816, 1.2631033297130816, 1.2631033297130816, 1.2631033297130816, 1.2631033297130816, 1.2631033297130816, 1.2631033297130816, 1.2631033297130816, 1.2631033297130816, 1.2631033297130816, 1.2631033297130816, 1.2631033297130816, 1.2631033297130816, 1.2631033297130816]
[I 2022-11-13 11:43:33,951] Trial 49 finished with value: 1.2631033297130816 and parameters: {'optimizer': 'Adam', 'lr': 7.969548325106079e-05, 'n_layers': 1, 'n_units_l0': 4}. Best is trial 26 with value: 1.034786592180601.
Sequential(
  (0): Linear(in_features=5, out_features=2, bias=True)
  (1): ReLU()
  (2): Linear(in_features=2, out_features=3, bias=True)
  (3): ReLU()
  (4): Linear(in_features=3, out_features=4, bias=True)
  (5): ReLU()
)
Sequential(
  (0): Linear(in_features=4, out_features=3, bias=True)
  (1): ReLU()
  (2): Linear(in_features=3, out_features=2, bias=True)
  (3): ReLU()
  (4): Linear(in_features=2, out_features=5, bias=True)
)
epoch: 0
epoch_0_loss:  1.167939089288196
epoch: 1
epoch_1_loss:  1.167939089288196
epoch: 2
epoch_2_loss:  1.167939089288196
epoch: 3
epoch_3_loss:  1.167939089288196
epoch: 4
epoch_4_loss:  1.167939089288196
epoch: 5
epoch_5_loss:  1.167939089288196
epoch: 6
epoch_6_loss:  1.167939089288196
epoch: 7
epoch_7_loss:  1.167939089288196
epoch: 8
epoch_8_loss:  1.167939089288196
epoch: 9
epoch_9_loss:  1.167939089288196
epoch: 10
epoch_10_loss:  1.167939089288196
epoch: 11
epoch_11_loss:  1.167939089288196
epoch: 12
epoch_12_loss:  1.167939089288196
epoch: 13
epoch_13_loss:  1.167939089288196
epoch: 14
epoch_14_loss:  1.167939089288196
[1.167939089288196, 1.167939089288196, 1.167939089288196, 1.167939089288196, 1.167939089288196, 1.167939089288196, 1.167939089288196, 1.167939089288196, 1.167939089288196, 1.167939089288196, 1.167939089288196, 1.167939089288196, 1.167939089288196, 1.167939089288196, 1.167939089288196]
[I 2022-11-13 11:44:42,799] Trial 50 finished with value: 1.167939089288196 and parameters: {'optimizer': 'Adam', 'lr': 0.00034887672449021557, 'n_layers': 3, 'n_units_l0': 2, 'n_units_l1': 3, 'n_units_l2': 4}. Best is trial 26 with value: 1.034786592180601.
Sequential(
  (0): Linear(in_features=5, out_features=3, bias=True)
  (1): ReLU()
  (2): Linear(in_features=3, out_features=3, bias=True)
  (3): ReLU()
  (4): Linear(in_features=3, out_features=2, bias=True)
  (5): ReLU()
)
Sequential(
  (0): Linear(in_features=2, out_features=3, bias=True)
  (1): ReLU()
  (2): Linear(in_features=3, out_features=3, bias=True)
  (3): ReLU()
  (4): Linear(in_features=3, out_features=5, bias=True)
)
epoch: 0
epoch_0_loss:  1.061816350299238
epoch: 1
epoch_1_loss:  1.061816350299238
epoch: 2
epoch_2_loss:  1.061816350299238
epoch: 3
epoch_3_loss:  1.061816350299238
epoch: 4
epoch_4_loss:  1.061816350299238
epoch: 5
epoch_5_loss:  1.061816350299238
epoch: 6
epoch_6_loss:  1.061816350299238
epoch: 7
epoch_7_loss:  1.061816350299238
epoch: 8
epoch_8_loss:  1.061816350299238
epoch: 9
epoch_9_loss:  1.061816350299238
epoch: 10
epoch_10_loss:  1.061816350299238
epoch: 11
epoch_11_loss:  1.061816350299238
epoch: 12
epoch_12_loss:  1.061816350299238
epoch: 13
epoch_13_loss:  1.061816350299238
epoch: 14
epoch_14_loss:  1.061816350299238
[1.061816350299238, 1.061816350299238, 1.061816350299238, 1.061816350299238, 1.061816350299238, 1.061816350299238, 1.061816350299238, 1.061816350299238, 1.061816350299238, 1.061816350299238, 1.061816350299238, 1.061816350299238, 1.061816350299238, 1.061816350299238, 1.061816350299238]
[I 2022-11-13 11:45:51,719] Trial 51 finished with value: 1.061816350299238 and parameters: {'optimizer': 'Adam', 'lr': 6.379298787232866e-05, 'n_layers': 3, 'n_units_l0': 3, 'n_units_l1': 3, 'n_units_l2': 2}. Best is trial 26 with value: 1.034786592180601.
Sequential(
  (0): Linear(in_features=5, out_features=3, bias=True)
  (1): ReLU()
  (2): Linear(in_features=3, out_features=2, bias=True)
  (3): ReLU()
  (4): Linear(in_features=2, out_features=2, bias=True)
  (5): ReLU()
)
Sequential(
  (0): Linear(in_features=2, out_features=2, bias=True)
  (1): ReLU()
  (2): Linear(in_features=2, out_features=3, bias=True)
  (3): ReLU()
  (4): Linear(in_features=3, out_features=5, bias=True)
)
epoch: 0
epoch_0_loss:  1.092167511049948
epoch: 1
epoch_1_loss:  1.092167511049948
epoch: 2
epoch_2_loss:  1.092167511049948
epoch: 3
epoch_3_loss:  1.092167511049948
epoch: 4
epoch_4_loss:  1.092167511049948
epoch: 5
epoch_5_loss:  1.092167511049948
epoch: 6
epoch_6_loss:  1.092167511049948
epoch: 7
epoch_7_loss:  1.092167511049948
epoch: 8
epoch_8_loss:  1.092167511049948
epoch: 9
epoch_9_loss:  1.092167511049948
epoch: 10
epoch_10_loss:  1.092167511049948
epoch: 11
epoch_11_loss:  1.092167511049948
epoch: 12
epoch_12_loss:  1.092167511049948
epoch: 13
epoch_13_loss:  1.092167511049948
epoch: 14
epoch_14_loss:  1.092167511049948
[1.092167511049948, 1.092167511049948, 1.092167511049948, 1.092167511049948, 1.092167511049948, 1.092167511049948, 1.092167511049948, 1.092167511049948, 1.092167511049948, 1.092167511049948, 1.092167511049948, 1.092167511049948, 1.092167511049948, 1.092167511049948, 1.092167511049948]
[I 2022-11-13 11:47:00,659] Trial 52 finished with value: 1.092167511049948 and parameters: {'optimizer': 'Adam', 'lr': 5.6320674988522516e-05, 'n_layers': 3, 'n_units_l0': 3, 'n_units_l1': 2, 'n_units_l2': 2}. Best is trial 26 with value: 1.034786592180601.
Sequential(
  (0): Linear(in_features=5, out_features=3, bias=True)
  (1): ReLU()
  (2): Linear(in_features=3, out_features=3, bias=True)
  (3): ReLU()
  (4): Linear(in_features=3, out_features=3, bias=True)
  (5): ReLU()
)
Sequential(
  (0): Linear(in_features=3, out_features=3, bias=True)
  (1): ReLU()
  (2): Linear(in_features=3, out_features=3, bias=True)
  (3): ReLU()
  (4): Linear(in_features=3, out_features=5, bias=True)
)
epoch: 0
epoch_0_loss:  1.0915163317567467
epoch: 1
epoch_1_loss:  1.0915163317567467
epoch: 2
epoch_2_loss:  1.0915163317567467
epoch: 3
epoch_3_loss:  1.0915163317567467
epoch: 4
epoch_4_loss:  1.0915163317567467
epoch: 5
epoch_5_loss:  1.0915163317567467
epoch: 6
epoch_6_loss:  1.0915163317567467
epoch: 7
epoch_7_loss:  1.0915163317567467
epoch: 8
epoch_8_loss:  1.0915163317567467
epoch: 9
epoch_9_loss:  1.0915163317567467
epoch: 10
epoch_10_loss:  1.0915163317567467
epoch: 11
epoch_11_loss:  1.0915163317567467
epoch: 12
epoch_12_loss:  1.0915163317567467
epoch: 13
epoch_13_loss:  1.0915163317567467
epoch: 14
epoch_14_loss:  1.0915163317567467
[1.0915163317567467, 1.0915163317567467, 1.0915163317567467, 1.0915163317567467, 1.0915163317567467, 1.0915163317567467, 1.0915163317567467, 1.0915163317567467, 1.0915163317567467, 1.0915163317567467, 1.0915163317567467, 1.0915163317567467, 1.0915163317567467, 1.0915163317567467, 1.0915163317567467]
