[I 2022-11-13 11:21:01,377] Trial 25 finished with value: 1.1186322575000547 and parameters: {'optimizer': 'Adam', 'lr': 0.0003135971021465569, 'n_layers': 2, 'n_units_l0': 3, 'n_units_l1': 5}. Best is trial 17 with value: 1.0385270087308953.
Sequential(
  (0): Linear(in_features=5, out_features=4, bias=True)
  (1): ReLU()
  (2): Linear(in_features=4, out_features=4, bias=True)
  (3): ReLU()
)
Sequential(
  (0): Linear(in_features=4, out_features=4, bias=True)
  (1): ReLU()
  (2): Linear(in_features=4, out_features=5, bias=True)
)
epoch: 0
epoch_0_loss:  1.034786592180601
epoch: 1
epoch_1_loss:  1.034786592180601
epoch: 2
epoch_2_loss:  1.034786592180601
epoch: 3
epoch_3_loss:  1.034786592180601
epoch: 4
epoch_4_loss:  1.034786592180601
epoch: 5
epoch_5_loss:  1.034786592180601
epoch: 6
epoch_6_loss:  1.034786592180601
epoch: 7
epoch_7_loss:  1.034786592180601
epoch: 8
epoch_8_loss:  1.034786592180601
epoch: 9
epoch_9_loss:  1.034786592180601
epoch: 10
epoch_10_loss:  1.034786592180601
epoch: 11
epoch_11_loss:  1.034786592180601
epoch: 12
epoch_12_loss:  1.034786592180601
epoch: 13
epoch_13_loss:  1.034786592180601
epoch: 14
epoch_14_loss:  1.034786592180601
[1.034786592180601, 1.034786592180601, 1.034786592180601, 1.034786592180601, 1.034786592180601, 1.034786592180601, 1.034786592180601, 1.034786592180601, 1.034786592180601, 1.034786592180601, 1.034786592180601, 1.034786592180601, 1.034786592180601, 1.034786592180601, 1.034786592180601]
[I 2022-11-13 11:21:57,924] Trial 26 finished with value: 1.034786592180601 and parameters: {'optimizer': 'Adam', 'lr': 8.652082811746867e-05, 'n_layers': 2, 'n_units_l0': 4, 'n_units_l1': 4}. Best is trial 26 with value: 1.034786592180601.
Sequential(
  (0): Linear(in_features=5, out_features=2, bias=True)
  (1): ReLU()
  (2): Linear(in_features=2, out_features=4, bias=True)
  (3): ReLU()
)
Sequential(
  (0): Linear(in_features=4, out_features=2, bias=True)
  (1): ReLU()
  (2): Linear(in_features=2, out_features=5, bias=True)
)
epoch: 0
epoch_0_loss:  1.1473352164202204
epoch: 1
epoch_1_loss:  1.1473352164202204
epoch: 2
epoch_2_loss:  1.1473352164202204
epoch: 3
epoch_3_loss:  1.1473352164202204
epoch: 4
epoch_4_loss:  1.1473352164202204
epoch: 5
epoch_5_loss:  1.1473352164202204
epoch: 6
epoch_6_loss:  1.1473352164202204
epoch: 7
epoch_7_loss:  1.1473352164202204
epoch: 8
epoch_8_loss:  1.1473352164202204
epoch: 9
epoch_9_loss:  1.1473352164202204
epoch: 10
epoch_10_loss:  1.1473352164202204
epoch: 11
epoch_11_loss:  1.1473352164202204
epoch: 12
epoch_12_loss:  1.1473352164202204
epoch: 13
epoch_13_loss:  1.1473352164202204
epoch: 14
epoch_14_loss:  1.1473352164202204
[1.1473352164202204, 1.1473352164202204, 1.1473352164202204, 1.1473352164202204, 1.1473352164202204, 1.1473352164202204, 1.1473352164202204, 1.1473352164202204, 1.1473352164202204, 1.1473352164202204, 1.1473352164202204, 1.1473352164202204, 1.1473352164202204, 1.1473352164202204, 1.1473352164202204]
[I 2022-11-13 11:22:54,394] Trial 27 finished with value: 1.1473352164202204 and parameters: {'optimizer': 'Adam', 'lr': 8.464645547959342e-05, 'n_layers': 2, 'n_units_l0': 2, 'n_units_l1': 4}. Best is trial 26 with value: 1.034786592180601.
Sequential(
  (0): Linear(in_features=5, out_features=4, bias=True)
  (1): ReLU()
  (2): Linear(in_features=4, out_features=3, bias=True)
  (3): ReLU()
)
Sequential(
  (0): Linear(in_features=3, out_features=4, bias=True)
  (1): ReLU()
  (2): Linear(in_features=4, out_features=5, bias=True)
)
epoch: 0
epoch_0_loss:  1.1356903169889894
epoch: 1
epoch_1_loss:  1.1356903169889894
epoch: 2
epoch_2_loss:  1.1356903169889894
epoch: 3
epoch_3_loss:  1.1356903169889894
epoch: 4
epoch_4_loss:  1.1356903169889894
epoch: 5
epoch_5_loss:  1.1356903169889894
epoch: 6
epoch_6_loss:  1.1356903169889894
epoch: 7
epoch_7_loss:  1.1356903169889894
epoch: 8
epoch_8_loss:  1.1356903169889894
epoch: 9
epoch_9_loss:  1.1356903169889894
epoch: 10
epoch_10_loss:  1.1356903169889894
epoch: 11
epoch_11_loss:  1.1356903169889894
epoch: 12
epoch_12_loss:  1.1356903169889894
epoch: 13
epoch_13_loss:  1.1356903169889894
epoch: 14
epoch_14_loss:  1.1356903169889894
[1.1356903169889894, 1.1356903169889894, 1.1356903169889894, 1.1356903169889894, 1.1356903169889894, 1.1356903169889894, 1.1356903169889894, 1.1356903169889894, 1.1356903169889894, 1.1356903169889894, 1.1356903169889894, 1.1356903169889894, 1.1356903169889894, 1.1356903169889894, 1.1356903169889894]
[I 2022-11-13 11:23:50,664] Trial 28 finished with value: 1.1356903169889894 and parameters: {'optimizer': 'Adam', 'lr': 0.00010509843698710768, 'n_layers': 2, 'n_units_l0': 4, 'n_units_l1': 3}. Best is trial 26 with value: 1.034786592180601.
Sequential(
  (0): Linear(in_features=5, out_features=4, bias=True)
  (1): ReLU()
  (2): Linear(in_features=4, out_features=4, bias=True)
  (3): ReLU()
)
Sequential(
  (0): Linear(in_features=4, out_features=4, bias=True)
  (1): ReLU()
  (2): Linear(in_features=4, out_features=5, bias=True)
)
epoch: 0
epoch_0_loss:  1.1116015324597925
epoch: 1
epoch_1_loss:  1.1116015324597925
epoch: 2
epoch_2_loss:  1.1116015324597925
epoch: 3
epoch_3_loss:  1.1116015324597925
epoch: 4
epoch_4_loss:  1.1116015324597925
epoch: 5
epoch_5_loss:  1.1116015324597925
epoch: 6
epoch_6_loss:  1.1116015324597925
epoch: 7
epoch_7_loss:  1.1116015324597925
epoch: 8
epoch_8_loss:  1.1116015324597925
epoch: 9
epoch_9_loss:  1.1116015324597925
epoch: 10
epoch_10_loss:  1.1116015324597925
epoch: 11
epoch_11_loss:  1.1116015324597925
epoch: 12
epoch_12_loss:  1.1116015324597925
epoch: 13
epoch_13_loss:  1.1116015324597925
epoch: 14
epoch_14_loss:  1.1116015324597925
[1.1116015324597925, 1.1116015324597925, 1.1116015324597925, 1.1116015324597925, 1.1116015324597925, 1.1116015324597925, 1.1116015324597925, 1.1116015324597925, 1.1116015324597925, 1.1116015324597925, 1.1116015324597925, 1.1116015324597925, 1.1116015324597925, 1.1116015324597925, 1.1116015324597925]
[I 2022-11-13 11:24:46,927] Trial 29 finished with value: 1.1116015324597925 and parameters: {'optimizer': 'Adam', 'lr': 0.0005670883804775172, 'n_layers': 2, 'n_units_l0': 4, 'n_units_l1': 4}. Best is trial 26 with value: 1.034786592180601.
Sequential(
  (0): Linear(in_features=5, out_features=3, bias=True)
  (1): ReLU()
  (2): Linear(in_features=3, out_features=3, bias=True)
  (3): ReLU()
  (4): Linear(in_features=3, out_features=2, bias=True)
  (5): ReLU()
)
Sequential(
  (0): Linear(in_features=2, out_features=3, bias=True)
  (1): ReLU()
  (2): Linear(in_features=3, out_features=3, bias=True)
  (3): ReLU()
  (4): Linear(in_features=3, out_features=5, bias=True)
)
epoch: 0
epoch_0_loss:  1.0552109160975094
epoch: 1
epoch_1_loss:  1.0552109160975094
epoch: 2
epoch_2_loss:  1.0552109160975094
epoch: 3
epoch_3_loss:  1.0552109160975094
epoch: 4
epoch_4_loss:  1.0552109160975094
epoch: 5
epoch_5_loss:  1.0552109160975094
epoch: 6
epoch_6_loss:  1.0552109160975094
epoch: 7
epoch_7_loss:  1.0552109160975094
epoch: 8
epoch_8_loss:  1.0552109160975094
epoch: 9
epoch_9_loss:  1.0552109160975094
epoch: 10
epoch_10_loss:  1.0552109160975094
epoch: 11
epoch_11_loss:  1.0552109160975094
epoch: 12
epoch_12_loss:  1.0552109160975094
epoch: 13
epoch_13_loss:  1.0552109160975094
epoch: 14
epoch_14_loss:  1.0552109160975094
[1.0552109160975094, 1.0552109160975094, 1.0552109160975094, 1.0552109160975094, 1.0552109160975094, 1.0552109160975094, 1.0552109160975094, 1.0552109160975094, 1.0552109160975094, 1.0552109160975094, 1.0552109160975094, 1.0552109160975094, 1.0552109160975094, 1.0552109160975094, 1.0552109160975094]
[I 2022-11-13 11:25:55,746] Trial 30 finished with value: 1.0552109160975094 and parameters: {'optimizer': 'Adam', 'lr': 6.357099155013145e-05, 'n_layers': 3, 'n_units_l0': 3, 'n_units_l1': 3, 'n_units_l2': 2}. Best is trial 26 with value: 1.034786592180601.
Sequential(
  (0): Linear(in_features=5, out_features=4, bias=True)
  (1): ReLU()
)
Sequential(
  (0): Linear(in_features=4, out_features=5, bias=True)
)
epoch: 0
epoch_0_loss:  1.1258032560464306
epoch: 1
epoch_1_loss:  1.1258032560464306
epoch: 2
epoch_2_loss:  1.1258032560464306
epoch: 3
epoch_3_loss:  1.1258032560464306
epoch: 4
epoch_4_loss:  1.1258032560464306
epoch: 5
epoch_5_loss:  1.1258032560464306
epoch: 6
epoch_6_loss:  1.1258032560464306
epoch: 7
epoch_7_loss:  1.1258032560464306
epoch: 8
epoch_8_loss:  1.1258032560464306
epoch: 9
epoch_9_loss:  1.1258032560464306
epoch: 10
epoch_10_loss:  1.1258032560464306
epoch: 11
epoch_11_loss:  1.1258032560464306
epoch: 12
epoch_12_loss:  1.1258032560464306
epoch: 13
epoch_13_loss:  1.1258032560464306
epoch: 14
epoch_14_loss:  1.1258032560464306
[1.1258032560464306, 1.1258032560464306, 1.1258032560464306, 1.1258032560464306, 1.1258032560464306, 1.1258032560464306, 1.1258032560464306, 1.1258032560464306, 1.1258032560464306, 1.1258032560464306, 1.1258032560464306, 1.1258032560464306, 1.1258032560464306, 1.1258032560464306, 1.1258032560464306]
[I 2022-11-13 11:26:39,856] Trial 31 finished with value: 1.1258032560464306 and parameters: {'optimizer': 'Adam', 'lr': 0.00023800085446866887, 'n_layers': 1, 'n_units_l0': 4}. Best is trial 26 with value: 1.034786592180601.
Sequential(
  (0): Linear(in_features=5, out_features=4, bias=True)
  (1): ReLU()
  (2): Linear(in_features=4, out_features=5, bias=True)
  (3): ReLU()
)
Sequential(
  (0): Linear(in_features=5, out_features=4, bias=True)
  (1): ReLU()
  (2): Linear(in_features=4, out_features=5, bias=True)
)
epoch: 0
epoch_0_loss:  1.0493269874658242
epoch: 1
epoch_1_loss:  1.0493269874658242
epoch: 2
epoch_2_loss:  1.0493269874658242
epoch: 3
epoch_3_loss:  1.0493269874658242
epoch: 4
epoch_4_loss:  1.0493269874658242
epoch: 5
epoch_5_loss:  1.0493269874658242
epoch: 6
epoch_6_loss:  1.0493269874658242
epoch: 7
epoch_7_loss:  1.0493269874658242
epoch: 8
epoch_8_loss:  1.0493269874658242
epoch: 9
epoch_9_loss:  1.0493269874658242
epoch: 10
epoch_10_loss:  1.0493269874658242
epoch: 11
epoch_11_loss:  1.0493269874658242
epoch: 12
epoch_12_loss:  1.0493269874658242
epoch: 13
epoch_13_loss:  1.0493269874658242
epoch: 14
epoch_14_loss:  1.0493269874658242
[1.0493269874658242, 1.0493269874658242, 1.0493269874658242, 1.0493269874658242, 1.0493269874658242, 1.0493269874658242, 1.0493269874658242, 1.0493269874658242, 1.0493269874658242, 1.0493269874658242, 1.0493269874658242, 1.0493269874658242, 1.0493269874658242, 1.0493269874658242, 1.0493269874658242]
[I 2022-11-13 11:27:36,289] Trial 32 finished with value: 1.0493269874658242 and parameters: {'optimizer': 'Adam', 'lr': 0.00015539440296393313, 'n_layers': 2, 'n_units_l0': 4, 'n_units_l1': 5}. Best is trial 26 with value: 1.034786592180601.
Sequential(
  (0): Linear(in_features=5, out_features=3, bias=True)
  (1): ReLU()
  (2): Linear(in_features=3, out_features=4, bias=True)
  (3): ReLU()
  (4): Linear(in_features=4, out_features=4, bias=True)
  (5): ReLU()
)
Sequential(
  (0): Linear(in_features=4, out_features=4, bias=True)
  (1): ReLU()
  (2): Linear(in_features=4, out_features=3, bias=True)
  (3): ReLU()
  (4): Linear(in_features=3, out_features=5, bias=True)
)
epoch: 0
epoch_0_loss:  1.149114152357385
epoch: 1
epoch_1_loss:  1.149114152357385
epoch: 2
epoch_2_loss:  1.149114152357385
epoch: 3
epoch_3_loss:  1.149114152357385
epoch: 4
epoch_4_loss:  1.149114152357385
epoch: 5
epoch_5_loss:  1.149114152357385
epoch: 6
epoch_6_loss:  1.149114152357385
epoch: 7
epoch_7_loss:  1.149114152357385
epoch: 8
epoch_8_loss:  1.149114152357385
epoch: 9
epoch_9_loss:  1.149114152357385
epoch: 10
epoch_10_loss:  1.149114152357385
epoch: 11
epoch_11_loss:  1.149114152357385
epoch: 12
epoch_12_loss:  1.149114152357385
epoch: 13
epoch_13_loss:  1.149114152357385
epoch: 14
epoch_14_loss:  1.149114152357385
[1.149114152357385, 1.149114152357385, 1.149114152357385, 1.149114152357385, 1.149114152357385, 1.149114152357385, 1.149114152357385, 1.149114152357385, 1.149114152357385, 1.149114152357385, 1.149114152357385, 1.149114152357385, 1.149114152357385, 1.149114152357385, 1.149114152357385]
[I 2022-11-13 11:28:45,264] Trial 33 finished with value: 1.149114152357385 and parameters: {'optimizer': 'Adam', 'lr': 0.0004199953269782103, 'n_layers': 3, 'n_units_l0': 3, 'n_units_l1': 4, 'n_units_l2': 4}. Best is trial 26 with value: 1.034786592180601.
Sequential(
  (0): Linear(in_features=5, out_features=5, bias=True)
  (1): ReLU()
)
Sequential(
  (0): Linear(in_features=5, out_features=5, bias=True)
)
epoch: 0
epoch_0_loss:  1.1473659980169504
epoch: 1
epoch_1_loss:  1.1473659980169504
epoch: 2
epoch_2_loss:  1.1473659980169504
epoch: 3
epoch_3_loss:  1.1473659980169504
epoch: 4
epoch_4_loss:  1.1473659980169504
epoch: 5
epoch_5_loss:  1.1473659980169504
epoch: 6
epoch_6_loss:  1.1473659980169504
epoch: 7
epoch_7_loss:  1.1473659980169504
epoch: 8
epoch_8_loss:  1.1473659980169504
epoch: 9
epoch_9_loss:  1.1473659980169504
epoch: 10
epoch_10_loss:  1.1473659980169504
epoch: 11
epoch_11_loss:  1.1473659980169504
epoch: 12
epoch_12_loss:  1.1473659980169504
epoch: 13
epoch_13_loss:  1.1473659980169504
epoch: 14
epoch_14_loss:  1.1473659980169504
[1.1473659980169504, 1.1473659980169504, 1.1473659980169504, 1.1473659980169504, 1.1473659980169504, 1.1473659980169504, 1.1473659980169504, 1.1473659980169504, 1.1473659980169504, 1.1473659980169504, 1.1473659980169504, 1.1473659980169504, 1.1473659980169504, 1.1473659980169504, 1.1473659980169504]
[I 2022-11-13 11:29:29,145] Trial 34 finished with value: 1.1473659980169504 and parameters: {'optimizer': 'Adam', 'lr': 0.00026984610966850086, 'n_layers': 1, 'n_units_l0': 5}. Best is trial 26 with value: 1.034786592180601.
Sequential(
  (0): Linear(in_features=5, out_features=4, bias=True)
  (1): ReLU()
  (2): Linear(in_features=4, out_features=3, bias=True)
  (3): ReLU()
)
Sequential(
  (0): Linear(in_features=3, out_features=4, bias=True)
  (1): ReLU()
  (2): Linear(in_features=4, out_features=5, bias=True)
)
epoch: 0
epoch_0_loss:  1.1361842646066114
epoch: 1
epoch_1_loss:  1.1361842646066114
epoch: 2
epoch_2_loss:  1.1361842646066114
epoch: 3
epoch_3_loss:  1.1361842646066114
epoch: 4
epoch_4_loss:  1.1361842646066114
epoch: 5
epoch_5_loss:  1.1361842646066114
epoch: 6
epoch_6_loss:  1.1361842646066114
epoch: 7
epoch_7_loss:  1.1361842646066114
epoch: 8
epoch_8_loss:  1.1361842646066114
epoch: 9
epoch_9_loss:  1.1361842646066114
epoch: 10
epoch_10_loss:  1.1361842646066114
epoch: 11
epoch_11_loss:  1.1361842646066114
epoch: 12
epoch_12_loss:  1.1361842646066114
epoch: 13
epoch_13_loss:  1.1361842646066114
epoch: 14
epoch_14_loss:  1.1361842646066114
[1.1361842646066114, 1.1361842646066114, 1.1361842646066114, 1.1361842646066114, 1.1361842646066114, 1.1361842646066114, 1.1361842646066114, 1.1361842646066114, 1.1361842646066114, 1.1361842646066114, 1.1361842646066114, 1.1361842646066114, 1.1361842646066114, 1.1361842646066114, 1.1361842646066114]
[I 2022-11-13 11:30:25,540] Trial 35 finished with value: 1.1361842646066114 and parameters: {'optimizer': 'Adam', 'lr': 1.5505949934124666e-05, 'n_layers': 2, 'n_units_l0': 4, 'n_units_l1': 3}. Best is trial 26 with value: 1.034786592180601.
Sequential(
  (0): Linear(in_features=5, out_features=4, bias=True)
  (1): ReLU()
  (2): Linear(in_features=4, out_features=4, bias=True)
  (3): ReLU()
)
Sequential(
  (0): Linear(in_features=4, out_features=4, bias=True)
  (1): ReLU()
  (2): Linear(in_features=4, out_features=5, bias=True)
)
epoch: 0
epoch_0_loss:  1.1060201058784165
epoch: 1
epoch_1_loss:  1.1060201058784165
epoch: 2
epoch_2_loss:  1.1060201058784165
epoch: 3
epoch_3_loss:  1.1060201058784165
epoch: 4
epoch_4_loss:  1.1060201058784165
epoch: 5
epoch_5_loss:  1.1060201058784165
epoch: 6
epoch_6_loss:  1.1060201058784165
epoch: 7
epoch_7_loss:  1.1060201058784165
epoch: 8
epoch_8_loss:  1.1060201058784165
epoch: 9
epoch_9_loss:  1.1060201058784165
epoch: 10
epoch_10_loss:  1.1060201058784165
epoch: 11
epoch_11_loss:  1.1060201058784165
epoch: 12
epoch_12_loss:  1.1060201058784165
epoch: 13
epoch_13_loss:  1.1060201058784165
epoch: 14
epoch_14_loss:  1.1060201058784165
[1.1060201058784165, 1.1060201058784165, 1.1060201058784165, 1.1060201058784165, 1.1060201058784165, 1.1060201058784165, 1.1060201058784165, 1.1060201058784165, 1.1060201058784165, 1.1060201058784165, 1.1060201058784165, 1.1060201058784165, 1.1060201058784165, 1.1060201058784165, 1.1060201058784165]
[I 2022-11-13 11:31:21,845] Trial 36 finished with value: 1.1060201058784165 and parameters: {'optimizer': 'Adam', 'lr': 0.0001808351037673888, 'n_layers': 2, 'n_units_l0': 4, 'n_units_l1': 4}. Best is trial 26 with value: 1.034786592180601.
Sequential(
  (0): Linear(in_features=5, out_features=5, bias=True)
  (1): ReLU()
  (2): Linear(in_features=5, out_features=5, bias=True)
  (3): ReLU()
)
Sequential(
  (0): Linear(in_features=5, out_features=5, bias=True)
  (1): ReLU()
  (2): Linear(in_features=5, out_features=5, bias=True)
)
epoch: 0
epoch_0_loss:  1.1121826889959652
epoch: 1
epoch_1_loss:  1.1121826889959652
epoch: 2
epoch_2_loss:  1.1121826889959652
epoch: 3
epoch_3_loss:  1.1121826889959652
epoch: 4
epoch_4_loss:  1.1121826889959652
epoch: 5
epoch_5_loss:  1.1121826889959652
epoch: 6
epoch_6_loss:  1.1121826889959652
epoch: 7
epoch_7_loss:  1.1121826889959652
epoch: 8
epoch_8_loss:  1.1121826889959652
epoch: 9
epoch_9_loss:  1.1121826889959652
epoch: 10
epoch_10_loss:  1.1121826889959652
epoch: 11
epoch_11_loss:  1.1121826889959652
epoch: 12
epoch_12_loss:  1.1121826889959652
epoch: 13
epoch_13_loss:  1.1121826889959652
epoch: 14
epoch_14_loss:  1.1121826889959652
[1.1121826889959652, 1.1121826889959652, 1.1121826889959652, 1.1121826889959652, 1.1121826889959652, 1.1121826889959652, 1.1121826889959652, 1.1121826889959652, 1.1121826889959652, 1.1121826889959652, 1.1121826889959652, 1.1121826889959652, 1.1121826889959652, 1.1121826889959652, 1.1121826889959652]
[I 2022-11-13 11:32:29,351] Trial 37 finished with value: 1.1121826889959652 and parameters: {'optimizer': 'Adam', 'lr': 0.00012462343926123237, 'n_layers': 2, 'n_units_l0': 5, 'n_units_l1': 5}. Best is trial 26 with value: 1.034786592180601.
Sequential(
  (0): Linear(in_features=5, out_features=5, bias=True)
  (1): ReLU()
)
Sequential(
  (0): Linear(in_features=5, out_features=5, bias=True)
)
epoch: 0
epoch_0_loss:  1.1336629891745147
epoch: 1
epoch_1_loss:  1.1336629891745147
epoch: 2
epoch_2_loss:  1.1336629891745147
epoch: 3
epoch_3_loss:  1.1336629891745147
epoch: 4
epoch_4_loss:  1.1336629891745147
epoch: 5
epoch_5_loss:  1.1336629891745147
epoch: 6
epoch_6_loss:  1.1336629891745147
epoch: 7
epoch_7_loss:  1.1336629891745147
epoch: 8
epoch_8_loss:  1.1336629891745147
epoch: 9
epoch_9_loss:  1.1336629891745147
epoch: 10
epoch_10_loss:  1.1336629891745147
epoch: 11
epoch_11_loss:  1.1336629891745147
epoch: 12
epoch_12_loss:  1.1336629891745147
epoch: 13
epoch_13_loss:  1.1336629891745147
epoch: 14
epoch_14_loss:  1.1336629891745147
[1.1336629891745147, 1.1336629891745147, 1.1336629891745147, 1.1336629891745147, 1.1336629891745147, 1.1336629891745147, 1.1336629891745147, 1.1336629891745147, 1.1336629891745147, 1.1336629891745147, 1.1336629891745147, 1.1336629891745147, 1.1336629891745147, 1.1336629891745147, 1.1336629891745147]
[I 2022-11-13 11:33:13,561] Trial 38 finished with value: 1.1336629891745147 and parameters: {'optimizer': 'Adam', 'lr': 4.625839157991538e-05, 'n_layers': 1, 'n_units_l0': 5}. Best is trial 26 with value: 1.034786592180601.
Sequential(
  (0): Linear(in_features=5, out_features=3, bias=True)
  (1): ReLU()
  (2): Linear(in_features=3, out_features=4, bias=True)
  (3): ReLU()
  (4): Linear(in_features=4, out_features=2, bias=True)
  (5): ReLU()
)
Sequential(
  (0): Linear(in_features=2, out_features=4, bias=True)
  (1): ReLU()
  (2): Linear(in_features=4, out_features=3, bias=True)
  (3): ReLU()
  (4): Linear(in_features=3, out_features=5, bias=True)
)
epoch: 0
epoch_0_loss:  1.0674944669095623
epoch: 1
epoch_1_loss:  1.0674944669095623
epoch: 2
epoch_2_loss:  1.0674944669095623
epoch: 3
epoch_3_loss:  1.0674944669095623
epoch: 4
epoch_4_loss:  1.0674944669095623
epoch: 5
epoch_5_loss:  1.0674944669095623
epoch: 6
epoch_6_loss:  1.0674944669095623
epoch: 7
epoch_7_loss:  1.0674944669095623
epoch: 8
epoch_8_loss:  1.0674944669095623
epoch: 9
epoch_9_loss:  1.0674944669095623
epoch: 10
epoch_10_loss:  1.0674944669095623
epoch: 11
epoch_11_loss:  1.0674944669095623
epoch: 12
epoch_12_loss:  1.0674944669095623
epoch: 13
epoch_13_loss:  1.0674944669095623
epoch: 14
epoch_14_loss:  1.0674944669095623
[1.0674944669095623, 1.0674944669095623, 1.0674944669095623, 1.0674944669095623, 1.0674944669095623, 1.0674944669095623, 1.0674944669095623, 1.0674944669095623, 1.0674944669095623, 1.0674944669095623, 1.0674944669095623, 1.0674944669095623, 1.0674944669095623, 1.0674944669095623, 1.0674944669095623]
