[I 2022-11-13 14:49:57,328] Trial 30 finished with value: 1.0470472481671602 and parameters: {'optimizer': 'Adam', 'lr': 9.024276714243644e-05, 'hidden_dim': 5, 'latent_dim': 4}. Best is trial 18 with value: 1.0382107218962973.
build_Encoder(
  (FC_input): Linear(in_features=5, out_features=5, bias=True)
  (FC_input2): Linear(in_features=5, out_features=5, bias=True)
  (FC_mean): Linear(in_features=5, out_features=4, bias=True)
  (FC_var): Linear(in_features=5, out_features=4, bias=True)
  (LeakyReLU): LeakyReLU(negative_slope=0.01)
)
build_Decoder(
  (FC_hidden): Linear(in_features=4, out_features=5, bias=True)
  (FC_hidden2): Linear(in_features=5, out_features=5, bias=True)
  (FC_output): Linear(in_features=5, out_features=5, bias=True)
  (LeakyReLU): LeakyReLU(negative_slope=0.2)
)
epoch: 0
epoch_0_loss:  1.045342440301009
epoch: 1
epoch_1_loss:  1.0429931756234705
epoch: 2
epoch_2_loss:  1.0437924542676347
epoch: 3
epoch_3_loss:  1.0456900491394328
epoch: 4
epoch_4_loss:  1.0418406291402542
epoch: 5
epoch_5_loss:  1.0428647076474642
epoch: 6
epoch_6_loss:  1.0434595728577336
epoch: 7
epoch_7_loss:  1.0452130190169169
epoch: 8
epoch_8_loss:  1.0436561348887425
epoch: 9
epoch_9_loss:  1.040570167044829
epoch: 10
epoch_10_loss:  1.0445099010069856
epoch: 11
epoch_11_loss:  1.0433013918842193
epoch: 12
epoch_12_loss:  1.0416664482024973
epoch: 13
epoch_13_loss:  1.0416015463312516
epoch: 14
epoch_14_loss:  1.040550917509455
[1.045342440301009, 1.0429931756234705, 1.0437924542676347, 1.0456900491394328, 1.0418406291402542, 1.0428647076474642, 1.0434595728577336, 1.0452130190169169, 1.0436561348887425, 1.040570167044829, 1.0445099010069856, 1.0433013918842193, 1.0416664482024973, 1.0416015463312516, 1.040550917509455]
[I 2022-11-13 14:51:17,479] Trial 31 finished with value: 1.040550917509455 and parameters: {'optimizer': 'Adam', 'lr': 8.727106919722362e-05, 'hidden_dim': 5, 'latent_dim': 4}. Best is trial 18 with value: 1.0382107218962973.
build_Encoder(
  (FC_input): Linear(in_features=5, out_features=5, bias=True)
  (FC_input2): Linear(in_features=5, out_features=5, bias=True)
  (FC_mean): Linear(in_features=5, out_features=4, bias=True)
  (FC_var): Linear(in_features=5, out_features=4, bias=True)
  (LeakyReLU): LeakyReLU(negative_slope=0.01)
)
build_Decoder(
  (FC_hidden): Linear(in_features=4, out_features=5, bias=True)
  (FC_hidden2): Linear(in_features=5, out_features=5, bias=True)
  (FC_output): Linear(in_features=5, out_features=5, bias=True)
  (LeakyReLU): LeakyReLU(negative_slope=0.2)
)
epoch: 0
epoch_0_loss:  1.0569390677192356
epoch: 1
epoch_1_loss:  1.0556810350202048
epoch: 2
epoch_2_loss:  1.05477962718358
epoch: 3
epoch_3_loss:  1.057036552894563
epoch: 4
epoch_4_loss:  1.0563607797618915
epoch: 5
epoch_5_loss:  1.0565488893326225
epoch: 6
epoch_6_loss:  1.0559166812402352
epoch: 7
epoch_7_loss:  1.0561589668735052
epoch: 8
epoch_8_loss:  1.0560272687273342
epoch: 9
epoch_9_loss:  1.056445755351565
epoch: 10
epoch_10_loss:  1.0571884894178927
epoch: 11
epoch_11_loss:  1.0564935466673515
epoch: 12
epoch_12_loss:  1.0566272332458995
epoch: 13
epoch_13_loss:  1.056350019079868
epoch: 14
epoch_14_loss:  1.0555001114900906
[1.0569390677192356, 1.0556810350202048, 1.05477962718358, 1.057036552894563, 1.0563607797618915, 1.0565488893326225, 1.0559166812402352, 1.0561589668735052, 1.0560272687273342, 1.056445755351565, 1.0571884894178927, 1.0564935466673515, 1.0566272332458995, 1.056350019079868, 1.0555001114900906]
[I 2022-11-13 14:52:37,620] Trial 32 finished with value: 1.0555001114900906 and parameters: {'optimizer': 'Adam', 'lr': 9.012606696311886e-05, 'hidden_dim': 5, 'latent_dim': 4}. Best is trial 18 with value: 1.0382107218962973.
build_Encoder(
  (FC_input): Linear(in_features=5, out_features=5, bias=True)
  (FC_input2): Linear(in_features=5, out_features=5, bias=True)
  (FC_mean): Linear(in_features=5, out_features=4, bias=True)
  (FC_var): Linear(in_features=5, out_features=4, bias=True)
  (LeakyReLU): LeakyReLU(negative_slope=0.01)
)
build_Decoder(
  (FC_hidden): Linear(in_features=4, out_features=5, bias=True)
  (FC_hidden2): Linear(in_features=5, out_features=5, bias=True)
  (FC_output): Linear(in_features=5, out_features=5, bias=True)
  (LeakyReLU): LeakyReLU(negative_slope=0.2)
)
epoch: 0
epoch_0_loss:  1.070863492026126
epoch: 1
epoch_1_loss:  1.0711445268394817
epoch: 2
epoch_2_loss:  1.0703323549108261
epoch: 3
epoch_3_loss:  1.0705642123432537
epoch: 4
epoch_4_loss:  1.070220100681147
epoch: 5
epoch_5_loss:  1.070849566248636
epoch: 6
epoch_6_loss:  1.0705883632967204
epoch: 7
epoch_7_loss:  1.0705869723462431
epoch: 8
epoch_8_loss:  1.0706030667848934
epoch: 9
epoch_9_loss:  1.0705338646896398
epoch: 10
epoch_10_loss:  1.0712014099080205
epoch: 11
epoch_11_loss:  1.0699573222650003
epoch: 12
epoch_12_loss:  1.0703902586677
epoch: 13
epoch_13_loss:  1.0704597951562669
epoch: 14
epoch_14_loss:  1.0709942898156763
[1.070863492026126, 1.0711445268394817, 1.0703323549108261, 1.0705642123432537, 1.070220100681147, 1.070849566248636, 1.0705883632967204, 1.0705869723462431, 1.0706030667848934, 1.0705338646896398, 1.0712014099080205, 1.0699573222650003, 1.0703902586677, 1.0704597951562669, 1.0709942898156763]
[I 2022-11-13 14:53:57,673] Trial 33 finished with value: 1.0709942898156763 and parameters: {'optimizer': 'Adam', 'lr': 0.00015091680598067306, 'hidden_dim': 5, 'latent_dim': 4}. Best is trial 18 with value: 1.0382107218962973.
build_Encoder(
  (FC_input): Linear(in_features=5, out_features=5, bias=True)
  (FC_input2): Linear(in_features=5, out_features=5, bias=True)
  (FC_mean): Linear(in_features=5, out_features=4, bias=True)
  (FC_var): Linear(in_features=5, out_features=4, bias=True)
  (LeakyReLU): LeakyReLU(negative_slope=0.01)
)
build_Decoder(
  (FC_hidden): Linear(in_features=4, out_features=5, bias=True)
  (FC_hidden2): Linear(in_features=5, out_features=5, bias=True)
  (FC_output): Linear(in_features=5, out_features=5, bias=True)
  (LeakyReLU): LeakyReLU(negative_slope=0.2)
)
epoch: 0
epoch_0_loss:  1.0929010527514107
epoch: 1
epoch_1_loss:  1.0913057713675487
epoch: 2
epoch_2_loss:  1.0922738726096173
epoch: 3
epoch_3_loss:  1.0928146810719686
epoch: 4
epoch_4_loss:  1.0933673053430104
epoch: 5
epoch_5_loss:  1.0907443954263252
epoch: 6
epoch_6_loss:  1.0938233034839127
epoch: 7
epoch_7_loss:  1.09103632496226
epoch: 8
epoch_8_loss:  1.0931602286013717
epoch: 9
epoch_9_loss:  1.0922791394025602
epoch: 10
epoch_10_loss:  1.0931663461664842
epoch: 11
epoch_11_loss:  1.092874846554843
epoch: 12
epoch_12_loss:  1.0906472904637645
epoch: 13
epoch_13_loss:  1.0916763300591732
epoch: 14
epoch_14_loss:  1.090648812588588
[1.0929010527514107, 1.0913057713675487, 1.0922738726096173, 1.0928146810719686, 1.0933673053430104, 1.0907443954263252, 1.0938233034839127, 1.09103632496226, 1.0931602286013717, 1.0922791394025602, 1.0931663461664842, 1.092874846554843, 1.0906472904637645, 1.0916763300591732, 1.090648812588588]
[I 2022-11-13 14:55:17,762] Trial 34 finished with value: 1.090648812588588 and parameters: {'optimizer': 'Adam', 'lr': 5.14003583356904e-05, 'hidden_dim': 5, 'latent_dim': 4}. Best is trial 18 with value: 1.0382107218962973.
build_Encoder(
  (FC_input): Linear(in_features=5, out_features=5, bias=True)
  (FC_input2): Linear(in_features=5, out_features=5, bias=True)
  (FC_mean): Linear(in_features=5, out_features=5, bias=True)
  (FC_var): Linear(in_features=5, out_features=5, bias=True)
  (LeakyReLU): LeakyReLU(negative_slope=0.01)
)
build_Decoder(
  (FC_hidden): Linear(in_features=5, out_features=5, bias=True)
  (FC_hidden2): Linear(in_features=5, out_features=5, bias=True)
  (FC_output): Linear(in_features=5, out_features=5, bias=True)
  (LeakyReLU): LeakyReLU(negative_slope=0.2)
)
epoch: 0
epoch_0_loss:  1.058340037452436
epoch: 1
epoch_1_loss:  1.0577960179133372
epoch: 2
epoch_2_loss:  1.0598759728961644
epoch: 3
epoch_3_loss:  1.0593822143366338
epoch: 4
epoch_4_loss:  1.0581470305940908
epoch: 5
epoch_5_loss:  1.0593357368640224
epoch: 6
epoch_6_loss:  1.0578115634048773
epoch: 7
epoch_7_loss:  1.0593213225898466
epoch: 8
epoch_8_loss:  1.0593791112326685
epoch: 9
epoch_9_loss:  1.0589500905001665
epoch: 10
epoch_10_loss:  1.0561864343084535
epoch: 11
epoch_11_loss:  1.0572349135475758
epoch: 12
epoch_12_loss:  1.0588846835190415
epoch: 13
epoch_13_loss:  1.059492634928302
epoch: 14
epoch_14_loss:  1.058313005528739
[1.058340037452436, 1.0577960179133372, 1.0598759728961644, 1.0593822143366338, 1.0581470305940908, 1.0593357368640224, 1.0578115634048773, 1.0593213225898466, 1.0593791112326685, 1.0589500905001665, 1.0561864343084535, 1.0572349135475758, 1.0588846835190415, 1.059492634928302, 1.058313005528739]
[I 2022-11-13 14:56:37,786] Trial 35 finished with value: 1.058313005528739 and parameters: {'optimizer': 'Adam', 'lr': 0.00019706171496089176, 'hidden_dim': 5, 'latent_dim': 5}. Best is trial 18 with value: 1.0382107218962973.
build_Encoder(
  (FC_input): Linear(in_features=5, out_features=5, bias=True)
  (FC_input2): Linear(in_features=5, out_features=5, bias=True)
  (FC_mean): Linear(in_features=5, out_features=4, bias=True)
  (FC_var): Linear(in_features=5, out_features=4, bias=True)
  (LeakyReLU): LeakyReLU(negative_slope=0.01)
)
build_Decoder(
  (FC_hidden): Linear(in_features=4, out_features=5, bias=True)
  (FC_hidden2): Linear(in_features=5, out_features=5, bias=True)
  (FC_output): Linear(in_features=5, out_features=5, bias=True)
  (LeakyReLU): LeakyReLU(negative_slope=0.2)
)
epoch: 0
epoch_0_loss:  1.1644675453446203
epoch: 1
epoch_1_loss:  1.163872177627598
epoch: 2
epoch_2_loss:  1.1655157066125854
epoch: 3
epoch_3_loss:  1.1646266538731689
epoch: 4
epoch_4_loss:  1.1647759541512908
epoch: 5
epoch_5_loss:  1.1657135145296922
epoch: 6
epoch_6_loss:  1.165014707655741
epoch: 7
epoch_7_loss:  1.165997276717687
epoch: 8
epoch_8_loss:  1.1680242113609445
epoch: 9
epoch_9_loss:  1.165646458243379
epoch: 10
epoch_10_loss:  1.1682000013333815
epoch: 11
epoch_11_loss:  1.1650670455232497
epoch: 12
epoch_12_loss:  1.1650780812698698
epoch: 13
epoch_13_loss:  1.1675005942143373
epoch: 14
epoch_14_loss:  1.1653045484414353
[1.1644675453446203, 1.163872177627598, 1.1655157066125854, 1.1646266538731689, 1.1647759541512908, 1.1657135145296922, 1.165014707655741, 1.165997276717687, 1.1680242113609445, 1.165646458243379, 1.1682000013333815, 1.1650670455232497, 1.1650780812698698, 1.1675005942143373, 1.1653045484414353]
[I 2022-11-13 14:57:57,999] Trial 36 finished with value: 1.1653045484414353 and parameters: {'optimizer': 'Adam', 'lr': 0.00012269108801055798, 'hidden_dim': 5, 'latent_dim': 4}. Best is trial 18 with value: 1.0382107218962973.
build_Encoder(
  (FC_input): Linear(in_features=5, out_features=5, bias=True)
  (FC_input2): Linear(in_features=5, out_features=5, bias=True)
  (FC_mean): Linear(in_features=5, out_features=5, bias=True)
  (FC_var): Linear(in_features=5, out_features=5, bias=True)
  (LeakyReLU): LeakyReLU(negative_slope=0.01)
)
build_Decoder(
  (FC_hidden): Linear(in_features=5, out_features=5, bias=True)
  (FC_hidden2): Linear(in_features=5, out_features=5, bias=True)
  (FC_output): Linear(in_features=5, out_features=5, bias=True)
  (LeakyReLU): LeakyReLU(negative_slope=0.2)
)
epoch: 0
epoch_0_loss:  1.0561382951714606
epoch: 1
epoch_1_loss:  1.056082129815932
epoch: 2
epoch_2_loss:  1.056952687588165
epoch: 3
epoch_3_loss:  1.0554010134000718
epoch: 4
epoch_4_loss:  1.0554740249563463
epoch: 5
epoch_5_loss:  1.054548868566524
epoch: 6
epoch_6_loss:  1.055719448257294
epoch: 7
epoch_7_loss:  1.057523979046738
epoch: 8
epoch_8_loss:  1.0571530666517224
epoch: 9
epoch_9_loss:  1.056364314079293
epoch: 10
epoch_10_loss:  1.0568975476629967
epoch: 11
epoch_11_loss:  1.054360404176008
epoch: 12
epoch_12_loss:  1.0558305476468501
epoch: 13
epoch_13_loss:  1.055240169607491
epoch: 14
epoch_14_loss:  1.0554217118391722
[1.0561382951714606, 1.056082129815932, 1.056952687588165, 1.0554010134000718, 1.0554740249563463, 1.054548868566524, 1.055719448257294, 1.057523979046738, 1.0571530666517224, 1.056364314079293, 1.0568975476629967, 1.054360404176008, 1.0558305476468501, 1.055240169607491, 1.0554217118391722]
[I 2022-11-13 14:59:18,280] Trial 37 finished with value: 1.0554217118391722 and parameters: {'optimizer': 'Adam', 'lr': 8.411573671521805e-05, 'hidden_dim': 5, 'latent_dim': 5}. Best is trial 18 with value: 1.0382107218962973.
build_Encoder(
  (FC_input): Linear(in_features=5, out_features=5, bias=True)
  (FC_input2): Linear(in_features=5, out_features=5, bias=True)
  (FC_mean): Linear(in_features=5, out_features=4, bias=True)
  (FC_var): Linear(in_features=5, out_features=4, bias=True)
  (LeakyReLU): LeakyReLU(negative_slope=0.01)
)
build_Decoder(
  (FC_hidden): Linear(in_features=4, out_features=5, bias=True)
  (FC_hidden2): Linear(in_features=5, out_features=5, bias=True)
  (FC_output): Linear(in_features=5, out_features=5, bias=True)
  (LeakyReLU): LeakyReLU(negative_slope=0.2)
)
epoch: 0
epoch_0_loss:  1.0745146160994066
epoch: 1
epoch_1_loss:  1.0754192066351507
epoch: 2
epoch_2_loss:  1.0759261859560272
epoch: 3
epoch_3_loss:  1.0753045085399249
epoch: 4
epoch_4_loss:  1.0753009349610567
epoch: 5
epoch_5_loss:  1.0748607782942763
epoch: 6
epoch_6_loss:  1.0756819984429389
epoch: 7
epoch_7_loss:  1.0755873566132965
epoch: 8
epoch_8_loss:  1.076721948183952
epoch: 9
epoch_9_loss:  1.0751565109737045
epoch: 10
epoch_10_loss:  1.0741979397702426
epoch: 11
epoch_11_loss:  1.0751064556789824
epoch: 12
epoch_12_loss:  1.0755893667318497
epoch: 13
epoch_13_loss:  1.07544198837439
epoch: 14
epoch_14_loss:  1.0754862765629534
[1.0745146160994066, 1.0754192066351507, 1.0759261859560272, 1.0753045085399249, 1.0753009349610567, 1.0748607782942763, 1.0756819984429389, 1.0755873566132965, 1.076721948183952, 1.0751565109737045, 1.0741979397702426, 1.0751064556789824, 1.0755893667318497, 1.07544198837439, 1.0754862765629534]
[I 2022-11-13 15:00:38,405] Trial 38 finished with value: 1.0754862765629534 and parameters: {'optimizer': 'Adam', 'lr': 5.46923415358732e-05, 'hidden_dim': 5, 'latent_dim': 4}. Best is trial 18 with value: 1.0382107218962973.
build_Encoder(
  (FC_input): Linear(in_features=5, out_features=5, bias=True)
  (FC_input2): Linear(in_features=5, out_features=5, bias=True)
  (FC_mean): Linear(in_features=5, out_features=4, bias=True)
  (FC_var): Linear(in_features=5, out_features=4, bias=True)
  (LeakyReLU): LeakyReLU(negative_slope=0.01)
)
build_Decoder(
  (FC_hidden): Linear(in_features=4, out_features=5, bias=True)
  (FC_hidden2): Linear(in_features=5, out_features=5, bias=True)
  (FC_output): Linear(in_features=5, out_features=5, bias=True)
  (LeakyReLU): LeakyReLU(negative_slope=0.2)
)
epoch: 0
epoch_0_loss:  1.090399707907467
epoch: 1
epoch_1_loss:  1.0906791319670033
epoch: 2
epoch_2_loss:  1.0902537765754405
epoch: 3
epoch_3_loss:  1.0915695159355436
epoch: 4
epoch_4_loss:  1.0901492518190012
epoch: 5
epoch_5_loss:  1.0901301499077745
epoch: 6
epoch_6_loss:  1.090871166587434
epoch: 7
epoch_7_loss:  1.0907904692167623
epoch: 8
epoch_8_loss:  1.0898946459901038
epoch: 9
epoch_9_loss:  1.0921543509590128
epoch: 10
epoch_10_loss:  1.0905226644198196
epoch: 11
epoch_11_loss:  1.0910167856172177
epoch: 12
epoch_12_loss:  1.0910806036296083
epoch: 13
epoch_13_loss:  1.0906714644050681
epoch: 14
epoch_14_loss:  1.0903700641194711
[1.090399707907467, 1.0906791319670033, 1.0902537765754405, 1.0915695159355436, 1.0901492518190012, 1.0901301499077745, 1.090871166587434, 1.0907904692167623, 1.0898946459901038, 1.0921543509590128, 1.0905226644198196, 1.0910167856172177, 1.0910806036296083, 1.0906714644050681, 1.0903700641194711]
[I 2022-11-13 15:01:58,507] Trial 39 finished with value: 1.0903700641194711 and parameters: {'optimizer': 'Adam', 'lr': 4.305023342033833e-05, 'hidden_dim': 5, 'latent_dim': 4}. Best is trial 18 with value: 1.0382107218962973.
build_Encoder(
  (FC_input): Linear(in_features=5, out_features=5, bias=True)
  (FC_input2): Linear(in_features=5, out_features=5, bias=True)
  (FC_mean): Linear(in_features=5, out_features=4, bias=True)
  (FC_var): Linear(in_features=5, out_features=4, bias=True)
  (LeakyReLU): LeakyReLU(negative_slope=0.01)
)
build_Decoder(
  (FC_hidden): Linear(in_features=4, out_features=5, bias=True)
  (FC_hidden2): Linear(in_features=5, out_features=5, bias=True)
  (FC_output): Linear(in_features=5, out_features=5, bias=True)
  (LeakyReLU): LeakyReLU(negative_slope=0.2)
)
epoch: 0
epoch_0_loss:  1.1728055475773125
epoch: 1
epoch_1_loss:  1.1718713444267985
epoch: 2
epoch_2_loss:  1.1746706656071828
epoch: 3
epoch_3_loss:  1.1730433007895484
epoch: 4
epoch_4_loss:  1.1727868012943885
epoch: 5
epoch_5_loss:  1.1745325812450014
epoch: 6
epoch_6_loss:  1.1724870778969456
epoch: 7
epoch_7_loss:  1.1718952939398346
epoch: 8
epoch_8_loss:  1.1719814197921061
epoch: 9
epoch_9_loss:  1.174544889846693
epoch: 10
epoch_10_loss:  1.1757537628365178
epoch: 11
epoch_11_loss:  1.1740324914862785
epoch: 12
epoch_12_loss:  1.172906548266245
epoch: 13
epoch_13_loss:  1.1745336570474991
epoch: 14
epoch_14_loss:  1.1759816773492167
[1.1728055475773125, 1.1718713444267985, 1.1746706656071828, 1.1730433007895484, 1.1727868012943885, 1.1745325812450014, 1.1724870778969456, 1.1718952939398346, 1.1719814197921061, 1.174544889846693, 1.1757537628365178, 1.1740324914862785, 1.172906548266245, 1.1745336570474991, 1.1759816773492167]
[I 2022-11-13 15:03:18,435] Trial 40 finished with value: 1.1759816773492167 and parameters: {'optimizer': 'Adam', 'lr': 2.8154628152329138e-05, 'hidden_dim': 5, 'latent_dim': 4}. Best is trial 18 with value: 1.0382107218962973.
build_Encoder(
  (FC_input): Linear(in_features=5, out_features=5, bias=True)
  (FC_input2): Linear(in_features=5, out_features=5, bias=True)
  (FC_mean): Linear(in_features=5, out_features=5, bias=True)
  (FC_var): Linear(in_features=5, out_features=5, bias=True)
  (LeakyReLU): LeakyReLU(negative_slope=0.01)
)
build_Decoder(
  (FC_hidden): Linear(in_features=5, out_features=5, bias=True)
  (FC_hidden2): Linear(in_features=5, out_features=5, bias=True)
  (FC_output): Linear(in_features=5, out_features=5, bias=True)
  (LeakyReLU): LeakyReLU(negative_slope=0.2)
)
epoch: 0
epoch_0_loss:  1.095147602612195
epoch: 1
epoch_1_loss:  1.0947534714681229
epoch: 2
epoch_2_loss:  1.0951329506824152
epoch: 3
epoch_3_loss:  1.0949101010381808
epoch: 4
epoch_4_loss:  1.0941739955020364
epoch: 5
epoch_5_loss:  1.0956910930191084
epoch: 6
epoch_6_loss:  1.0965411118008728
epoch: 7
epoch_7_loss:  1.0943733529836874
epoch: 8
epoch_8_loss:  1.0948910305012582
epoch: 9
epoch_9_loss:  1.0939301894401317
epoch: 10
epoch_10_loss:  1.096338870162126
epoch: 11
epoch_11_loss:  1.0939761717949565
epoch: 12
epoch_12_loss:  1.0943742646830268
epoch: 13
epoch_13_loss:  1.094176836893144
epoch: 14
epoch_14_loss:  1.0944952175740463
[1.095147602612195, 1.0947534714681229, 1.0951329506824152, 1.0949101010381808, 1.0941739955020364, 1.0956910930191084, 1.0965411118008728, 1.0943733529836874, 1.0948910305012582, 1.0939301894401317, 1.096338870162126, 1.0939761717949565, 1.0943742646830268, 1.094176836893144, 1.0944952175740463]
[I 2022-11-13 15:04:38,434] Trial 41 finished with value: 1.0944952175740463 and parameters: {'optimizer': 'Adam', 'lr': 8.180888230508122e-05, 'hidden_dim': 5, 'latent_dim': 5}. Best is trial 18 with value: 1.0382107218962973.
build_Encoder(
  (FC_input): Linear(in_features=5, out_features=5, bias=True)
  (FC_input2): Linear(in_features=5, out_features=5, bias=True)
  (FC_mean): Linear(in_features=5, out_features=5, bias=True)
  (FC_var): Linear(in_features=5, out_features=5, bias=True)
  (LeakyReLU): LeakyReLU(negative_slope=0.01)
)
build_Decoder(
  (FC_hidden): Linear(in_features=5, out_features=5, bias=True)
  (FC_hidden2): Linear(in_features=5, out_features=5, bias=True)
  (FC_output): Linear(in_features=5, out_features=5, bias=True)
  (LeakyReLU): LeakyReLU(negative_slope=0.2)
)
epoch: 0
epoch_0_loss:  1.1591618423040062
epoch: 1
epoch_1_loss:  1.1572800441111746
epoch: 2
epoch_2_loss:  1.1587712418724052
epoch: 3
epoch_3_loss:  1.1579996576066929
epoch: 4
epoch_4_loss:  1.1577526856473566
epoch: 5
epoch_5_loss:  1.1578601818968333
epoch: 6
epoch_6_loss:  1.1564315633631324
epoch: 7
epoch_7_loss:  1.1582310930866193
epoch: 8
epoch_8_loss:  1.159721514939828
epoch: 9
epoch_9_loss:  1.1586367812156844
epoch: 10
epoch_10_loss:  1.1580169527822475
epoch: 11
epoch_11_loss:  1.158910673018571
epoch: 12
epoch_12_loss:  1.1596457265498437
epoch: 13
epoch_13_loss:  1.1570974780211147
epoch: 14
epoch_14_loss:  1.1575529477122188
[1.1591618423040062, 1.1572800441111746, 1.1587712418724052, 1.1579996576066929, 1.1577526856473566, 1.1578601818968333, 1.1564315633631324, 1.1582310930866193, 1.159721514939828, 1.1586367812156844, 1.1580169527822475, 1.158910673018571, 1.1596457265498437, 1.1570974780211147, 1.1575529477122188]
