[I 2022-11-13 13:23:23,831] Trial 152 finished with value: 1.10654095650993 and parameters: {'optimizer': 'Adam', 'lr': 0.00031618490324466684, 'n_layers': 2, 'n_units_l0': 5, 'n_units_l1': 4}. Best is trial 126 with value: 1.0114372774826383.
Sequential(
  (0): Linear(in_features=5, out_features=5, bias=True)
  (1): ReLU()
  (2): Linear(in_features=5, out_features=4, bias=True)
  (3): ReLU()
)
Sequential(
  (0): Linear(in_features=4, out_features=5, bias=True)
  (1): ReLU()
  (2): Linear(in_features=5, out_features=5, bias=True)
)
epoch: 0
epoch_0_loss:  1.109623496141363
epoch: 1
epoch_1_loss:  1.109623496141363
epoch: 2
epoch_2_loss:  1.109623496141363
epoch: 3
epoch_3_loss:  1.109623496141363
epoch: 4
epoch_4_loss:  1.109623496141363
epoch: 5
epoch_5_loss:  1.109623496141363
epoch: 6
epoch_6_loss:  1.109623496141363
epoch: 7
epoch_7_loss:  1.109623496141363
epoch: 8
epoch_8_loss:  1.109623496141363
epoch: 9
epoch_9_loss:  1.109623496141363
epoch: 10
epoch_10_loss:  1.109623496141363
epoch: 11
epoch_11_loss:  1.109623496141363
epoch: 12
epoch_12_loss:  1.109623496141363
epoch: 13
epoch_13_loss:  1.109623496141363
epoch: 14
epoch_14_loss:  1.109623496141363
[1.109623496141363, 1.109623496141363, 1.109623496141363, 1.109623496141363, 1.109623496141363, 1.109623496141363, 1.109623496141363, 1.109623496141363, 1.109623496141363, 1.109623496141363, 1.109623496141363, 1.109623496141363, 1.109623496141363, 1.109623496141363, 1.109623496141363]
[I 2022-11-13 13:24:20,276] Trial 153 finished with value: 1.109623496141363 and parameters: {'optimizer': 'Adam', 'lr': 0.00026788863479310885, 'n_layers': 2, 'n_units_l0': 5, 'n_units_l1': 4}. Best is trial 126 with value: 1.0114372774826383.
Sequential(
  (0): Linear(in_features=5, out_features=5, bias=True)
  (1): ReLU()
  (2): Linear(in_features=5, out_features=4, bias=True)
  (3): ReLU()
)
Sequential(
  (0): Linear(in_features=4, out_features=5, bias=True)
  (1): ReLU()
  (2): Linear(in_features=5, out_features=5, bias=True)
)
epoch: 0
epoch_0_loss:  1.0339052466390322
epoch: 1
epoch_1_loss:  1.0339052466390322
epoch: 2
epoch_2_loss:  1.0339052466390322
epoch: 3
epoch_3_loss:  1.0339052466390322
epoch: 4
epoch_4_loss:  1.0339052466390322
epoch: 5
epoch_5_loss:  1.0339052466390322
epoch: 6
epoch_6_loss:  1.0339052466390322
epoch: 7
epoch_7_loss:  1.0339052466390322
epoch: 8
epoch_8_loss:  1.0339052466390322
epoch: 9
epoch_9_loss:  1.0339052466390322
epoch: 10
epoch_10_loss:  1.0339052466390322
epoch: 11
epoch_11_loss:  1.0339052466390322
epoch: 12
epoch_12_loss:  1.0339052466390322
epoch: 13
epoch_13_loss:  1.0339052466390322
epoch: 14
epoch_14_loss:  1.0339052466390322
[1.0339052466390322, 1.0339052466390322, 1.0339052466390322, 1.0339052466390322, 1.0339052466390322, 1.0339052466390322, 1.0339052466390322, 1.0339052466390322, 1.0339052466390322, 1.0339052466390322, 1.0339052466390322, 1.0339052466390322, 1.0339052466390322, 1.0339052466390322, 1.0339052466390322]
[I 2022-11-13 13:25:16,695] Trial 154 finished with value: 1.0339052466390322 and parameters: {'optimizer': 'Adam', 'lr': 0.0003548342119094125, 'n_layers': 2, 'n_units_l0': 5, 'n_units_l1': 4}. Best is trial 126 with value: 1.0114372774826383.
Sequential(
  (0): Linear(in_features=5, out_features=5, bias=True)
  (1): ReLU()
)
Sequential(
  (0): Linear(in_features=5, out_features=5, bias=True)
)
epoch: 0
epoch_0_loss:  1.102381435703842
epoch: 1
epoch_1_loss:  1.102381435703842
epoch: 2
epoch_2_loss:  1.102381435703842
epoch: 3
epoch_3_loss:  1.102381435703842
epoch: 4
epoch_4_loss:  1.102381435703842
epoch: 5
epoch_5_loss:  1.102381435703842
epoch: 6
epoch_6_loss:  1.102381435703842
epoch: 7
epoch_7_loss:  1.102381435703842
epoch: 8
epoch_8_loss:  1.102381435703842
epoch: 9
epoch_9_loss:  1.102381435703842
epoch: 10
epoch_10_loss:  1.102381435703842
epoch: 11
epoch_11_loss:  1.102381435703842
epoch: 12
epoch_12_loss:  1.102381435703842
epoch: 13
epoch_13_loss:  1.102381435703842
epoch: 14
epoch_14_loss:  1.102381435703842
[1.102381435703842, 1.102381435703842, 1.102381435703842, 1.102381435703842, 1.102381435703842, 1.102381435703842, 1.102381435703842, 1.102381435703842, 1.102381435703842, 1.102381435703842, 1.102381435703842, 1.102381435703842, 1.102381435703842, 1.102381435703842, 1.102381435703842]
[I 2022-11-13 13:26:00,624] Trial 155 finished with value: 1.102381435703842 and parameters: {'optimizer': 'Adam', 'lr': 0.0003578111430494379, 'n_layers': 1, 'n_units_l0': 5}. Best is trial 126 with value: 1.0114372774826383.
Sequential(
  (0): Linear(in_features=5, out_features=5, bias=True)
  (1): ReLU()
  (2): Linear(in_features=5, out_features=4, bias=True)
  (3): ReLU()
)
Sequential(
  (0): Linear(in_features=4, out_features=5, bias=True)
  (1): ReLU()
  (2): Linear(in_features=5, out_features=5, bias=True)
)
epoch: 0
epoch_0_loss:  1.0529931804608086
epoch: 1
epoch_1_loss:  1.0529931804608086
epoch: 2
epoch_2_loss:  1.0529931804608086
epoch: 3
epoch_3_loss:  1.0529931804608086
epoch: 4
epoch_4_loss:  1.0529931804608086
epoch: 5
epoch_5_loss:  1.0529931804608086
epoch: 6
epoch_6_loss:  1.0529931804608086
epoch: 7
epoch_7_loss:  1.0529931804608086
epoch: 8
epoch_8_loss:  1.0529931804608086
epoch: 9
epoch_9_loss:  1.0529931804608086
epoch: 10
epoch_10_loss:  1.0529931804608086
epoch: 11
epoch_11_loss:  1.0529931804608086
epoch: 12
epoch_12_loss:  1.0529931804608086
epoch: 13
epoch_13_loss:  1.0529931804608086
epoch: 14
epoch_14_loss:  1.0529931804608086
[1.0529931804608086, 1.0529931804608086, 1.0529931804608086, 1.0529931804608086, 1.0529931804608086, 1.0529931804608086, 1.0529931804608086, 1.0529931804608086, 1.0529931804608086, 1.0529931804608086, 1.0529931804608086, 1.0529931804608086, 1.0529931804608086, 1.0529931804608086, 1.0529931804608086]
[I 2022-11-13 13:26:57,043] Trial 156 finished with value: 1.0529931804608086 and parameters: {'optimizer': 'Adam', 'lr': 0.00044602402287337143, 'n_layers': 2, 'n_units_l0': 5, 'n_units_l1': 4}. Best is trial 126 with value: 1.0114372774826383.
Sequential(
  (0): Linear(in_features=5, out_features=5, bias=True)
  (1): ReLU()
  (2): Linear(in_features=5, out_features=4, bias=True)
  (3): ReLU()
)
Sequential(
  (0): Linear(in_features=4, out_features=5, bias=True)
  (1): ReLU()
  (2): Linear(in_features=5, out_features=5, bias=True)
)
epoch: 0
epoch_0_loss:  1.0918721104411342
epoch: 1
epoch_1_loss:  1.0918721104411342
epoch: 2
epoch_2_loss:  1.0918721104411342
epoch: 3
epoch_3_loss:  1.0918721104411342
epoch: 4
epoch_4_loss:  1.0918721104411342
epoch: 5
epoch_5_loss:  1.0918721104411342
epoch: 6
epoch_6_loss:  1.0918721104411342
epoch: 7
epoch_7_loss:  1.0918721104411342
epoch: 8
epoch_8_loss:  1.0918721104411342
epoch: 9
epoch_9_loss:  1.0918721104411342
epoch: 10
epoch_10_loss:  1.0918721104411342
epoch: 11
epoch_11_loss:  1.0918721104411342
epoch: 12
epoch_12_loss:  1.0918721104411342
epoch: 13
epoch_13_loss:  1.0918721104411342
epoch: 14
epoch_14_loss:  1.0918721104411342
[1.0918721104411342, 1.0918721104411342, 1.0918721104411342, 1.0918721104411342, 1.0918721104411342, 1.0918721104411342, 1.0918721104411342, 1.0918721104411342, 1.0918721104411342, 1.0918721104411342, 1.0918721104411342, 1.0918721104411342, 1.0918721104411342, 1.0918721104411342, 1.0918721104411342]
[I 2022-11-13 13:27:53,614] Trial 157 finished with value: 1.0918721104411342 and parameters: {'optimizer': 'Adam', 'lr': 0.0004974609118121677, 'n_layers': 2, 'n_units_l0': 5, 'n_units_l1': 4}. Best is trial 126 with value: 1.0114372774826383.
Sequential(
  (0): Linear(in_features=5, out_features=5, bias=True)
  (1): ReLU()
  (2): Linear(in_features=5, out_features=4, bias=True)
  (3): ReLU()
)
Sequential(
  (0): Linear(in_features=4, out_features=5, bias=True)
  (1): ReLU()
  (2): Linear(in_features=5, out_features=5, bias=True)
)
epoch: 0
epoch_0_loss:  1.0662536131237896
epoch: 1
epoch_1_loss:  1.0662536131237896
epoch: 2
epoch_2_loss:  1.0662536131237896
epoch: 3
epoch_3_loss:  1.0662536131237896
epoch: 4
epoch_4_loss:  1.0662536131237896
epoch: 5
epoch_5_loss:  1.0662536131237896
epoch: 6
epoch_6_loss:  1.0662536131237896
epoch: 7
epoch_7_loss:  1.0662536131237896
epoch: 8
epoch_8_loss:  1.0662536131237896
epoch: 9
epoch_9_loss:  1.0662536131237896
epoch: 10
epoch_10_loss:  1.0662536131237896
epoch: 11
epoch_11_loss:  1.0662536131237896
epoch: 12
epoch_12_loss:  1.0662536131237896
epoch: 13
epoch_13_loss:  1.0662536131237896
epoch: 14
epoch_14_loss:  1.0662536131237896
[1.0662536131237896, 1.0662536131237896, 1.0662536131237896, 1.0662536131237896, 1.0662536131237896, 1.0662536131237896, 1.0662536131237896, 1.0662536131237896, 1.0662536131237896, 1.0662536131237896, 1.0662536131237896, 1.0662536131237896, 1.0662536131237896, 1.0662536131237896, 1.0662536131237896]
[I 2022-11-13 13:28:49,981] Trial 158 finished with value: 1.0662536131237896 and parameters: {'optimizer': 'Adam', 'lr': 0.00034523861338162353, 'n_layers': 2, 'n_units_l0': 5, 'n_units_l1': 4}. Best is trial 126 with value: 1.0114372774826383.
Sequential(
  (0): Linear(in_features=5, out_features=5, bias=True)
  (1): ReLU()
  (2): Linear(in_features=5, out_features=4, bias=True)
  (3): ReLU()
)
Sequential(
  (0): Linear(in_features=4, out_features=5, bias=True)
  (1): ReLU()
  (2): Linear(in_features=5, out_features=5, bias=True)
)
epoch: 0
epoch_0_loss:  1.0962815155827805
epoch: 1
epoch_1_loss:  1.0962815155827805
epoch: 2
epoch_2_loss:  1.0962815155827805
epoch: 3
epoch_3_loss:  1.0962815155827805
epoch: 4
epoch_4_loss:  1.0962815155827805
epoch: 5
epoch_5_loss:  1.0962815155827805
epoch: 6
epoch_6_loss:  1.0962815155827805
epoch: 7
epoch_7_loss:  1.0962815155827805
epoch: 8
epoch_8_loss:  1.0962815155827805
epoch: 9
epoch_9_loss:  1.0962815155827805
epoch: 10
epoch_10_loss:  1.0962815155827805
epoch: 11
epoch_11_loss:  1.0962815155827805
epoch: 12
epoch_12_loss:  1.0962815155827805
epoch: 13
epoch_13_loss:  1.0962815155827805
epoch: 14
epoch_14_loss:  1.0962815155827805
[1.0962815155827805, 1.0962815155827805, 1.0962815155827805, 1.0962815155827805, 1.0962815155827805, 1.0962815155827805, 1.0962815155827805, 1.0962815155827805, 1.0962815155827805, 1.0962815155827805, 1.0962815155827805, 1.0962815155827805, 1.0962815155827805, 1.0962815155827805, 1.0962815155827805]
[I 2022-11-13 13:29:46,469] Trial 159 finished with value: 1.0962815155827805 and parameters: {'optimizer': 'Adam', 'lr': 0.0002998729298372605, 'n_layers': 2, 'n_units_l0': 5, 'n_units_l1': 4}. Best is trial 126 with value: 1.0114372774826383.
Sequential(
  (0): Linear(in_features=5, out_features=2, bias=True)
  (1): ReLU()
  (2): Linear(in_features=2, out_features=4, bias=True)
  (3): ReLU()
)
Sequential(
  (0): Linear(in_features=4, out_features=2, bias=True)
  (1): ReLU()
  (2): Linear(in_features=2, out_features=5, bias=True)
)
epoch: 0
epoch_0_loss:  1.1251282648670322
epoch: 1
epoch_1_loss:  1.1251282648670322
epoch: 2
epoch_2_loss:  1.1251282648670322
epoch: 3
epoch_3_loss:  1.1251282648670322
epoch: 4
epoch_4_loss:  1.1251282648670322
epoch: 5
epoch_5_loss:  1.1251282648670322
epoch: 6
epoch_6_loss:  1.1251282648670322
epoch: 7
epoch_7_loss:  1.1251282648670322
epoch: 8
epoch_8_loss:  1.1251282648670322
epoch: 9
epoch_9_loss:  1.1251282648670322
epoch: 10
epoch_10_loss:  1.1251282648670322
epoch: 11
epoch_11_loss:  1.1251282648670322
epoch: 12
epoch_12_loss:  1.1251282648670322
epoch: 13
epoch_13_loss:  1.1251282648670322
epoch: 14
epoch_14_loss:  1.1251282648670322
[1.1251282648670322, 1.1251282648670322, 1.1251282648670322, 1.1251282648670322, 1.1251282648670322, 1.1251282648670322, 1.1251282648670322, 1.1251282648670322, 1.1251282648670322, 1.1251282648670322, 1.1251282648670322, 1.1251282648670322, 1.1251282648670322, 1.1251282648670322, 1.1251282648670322]
[I 2022-11-13 13:30:43,148] Trial 160 finished with value: 1.1251282648670322 and parameters: {'optimizer': 'Adam', 'lr': 0.00040512845776184106, 'n_layers': 2, 'n_units_l0': 2, 'n_units_l1': 4}. Best is trial 126 with value: 1.0114372774826383.
Sequential(
  (0): Linear(in_features=5, out_features=5, bias=True)
  (1): ReLU()
  (2): Linear(in_features=5, out_features=4, bias=True)
  (3): ReLU()
)
Sequential(
  (0): Linear(in_features=4, out_features=5, bias=True)
  (1): ReLU()
  (2): Linear(in_features=5, out_features=5, bias=True)
)
epoch: 0
epoch_0_loss:  1.1344874956259345
epoch: 1
epoch_1_loss:  1.1344874956259345
epoch: 2
epoch_2_loss:  1.1344874956259345
epoch: 3
epoch_3_loss:  1.1344874956259345
epoch: 4
epoch_4_loss:  1.1344874956259345
epoch: 5
epoch_5_loss:  1.1344874956259345
epoch: 6
epoch_6_loss:  1.1344874956259345
epoch: 7
epoch_7_loss:  1.1344874956259345
epoch: 8
epoch_8_loss:  1.1344874956259345
epoch: 9
epoch_9_loss:  1.1344874956259345
epoch: 10
epoch_10_loss:  1.1344874956259345
epoch: 11
epoch_11_loss:  1.1344874956259345
epoch: 12
epoch_12_loss:  1.1344874956259345
epoch: 13
epoch_13_loss:  1.1344874956259345
epoch: 14
epoch_14_loss:  1.1344874956259345
[1.1344874956259345, 1.1344874956259345, 1.1344874956259345, 1.1344874956259345, 1.1344874956259345, 1.1344874956259345, 1.1344874956259345, 1.1344874956259345, 1.1344874956259345, 1.1344874956259345, 1.1344874956259345, 1.1344874956259345, 1.1344874956259345, 1.1344874956259345, 1.1344874956259345]
[I 2022-11-13 13:31:39,666] Trial 161 finished with value: 1.1344874956259345 and parameters: {'optimizer': 'Adam', 'lr': 0.0002578498708432927, 'n_layers': 2, 'n_units_l0': 5, 'n_units_l1': 4}. Best is trial 126 with value: 1.0114372774826383.
Sequential(
  (0): Linear(in_features=5, out_features=1, bias=True)
  (1): ReLU()
  (2): Linear(in_features=1, out_features=4, bias=True)
  (3): ReLU()
)
Sequential(
  (0): Linear(in_features=4, out_features=1, bias=True)
  (1): ReLU()
  (2): Linear(in_features=1, out_features=5, bias=True)
)
epoch: 0
epoch_0_loss:  1.3371900220479043
epoch: 1
epoch_1_loss:  1.3371900220479043
epoch: 2
epoch_2_loss:  1.3371900220479043
epoch: 3
epoch_3_loss:  1.3371900220479043
epoch: 4
epoch_4_loss:  1.3371900220479043
epoch: 5
epoch_5_loss:  1.3371900220479043
epoch: 6
epoch_6_loss:  1.3371900220479043
epoch: 7
epoch_7_loss:  1.3371900220479043
epoch: 8
epoch_8_loss:  1.3371900220479043
epoch: 9
epoch_9_loss:  1.3371900220479043
epoch: 10
epoch_10_loss:  1.3371900220479043
epoch: 11
epoch_11_loss:  1.3371900220479043
epoch: 12
epoch_12_loss:  1.3371900220479043
epoch: 13
epoch_13_loss:  1.3371900220479043
epoch: 14
epoch_14_loss:  1.3371900220479043
[1.3371900220479043, 1.3371900220479043, 1.3371900220479043, 1.3371900220479043, 1.3371900220479043, 1.3371900220479043, 1.3371900220479043, 1.3371900220479043, 1.3371900220479043, 1.3371900220479043, 1.3371900220479043, 1.3371900220479043, 1.3371900220479043, 1.3371900220479043, 1.3371900220479043]
[I 2022-11-13 13:32:36,038] Trial 162 finished with value: 1.3371900220479043 and parameters: {'optimizer': 'Adam', 'lr': 0.0003216952032461836, 'n_layers': 2, 'n_units_l0': 1, 'n_units_l1': 4}. Best is trial 126 with value: 1.0114372774826383.
Sequential(
  (0): Linear(in_features=5, out_features=5, bias=True)
  (1): ReLU()
  (2): Linear(in_features=5, out_features=4, bias=True)
  (3): ReLU()
)
Sequential(
  (0): Linear(in_features=4, out_features=5, bias=True)
  (1): ReLU()
  (2): Linear(in_features=5, out_features=5, bias=True)
)
epoch: 0
epoch_0_loss:  1.0914811210331796
epoch: 1
epoch_1_loss:  1.0914811210331796
epoch: 2
epoch_2_loss:  1.0914811210331796
epoch: 3
epoch_3_loss:  1.0914811210331796
epoch: 4
epoch_4_loss:  1.0914811210331796
epoch: 5
epoch_5_loss:  1.0914811210331796
epoch: 6
epoch_6_loss:  1.0914811210331796
epoch: 7
epoch_7_loss:  1.0914811210331796
epoch: 8
epoch_8_loss:  1.0914811210331796
epoch: 9
epoch_9_loss:  1.0914811210331796
epoch: 10
epoch_10_loss:  1.0914811210331796
epoch: 11
epoch_11_loss:  1.0914811210331796
epoch: 12
epoch_12_loss:  1.0914811210331796
epoch: 13
epoch_13_loss:  1.0914811210331796
epoch: 14
epoch_14_loss:  1.0914811210331796
[1.0914811210331796, 1.0914811210331796, 1.0914811210331796, 1.0914811210331796, 1.0914811210331796, 1.0914811210331796, 1.0914811210331796, 1.0914811210331796, 1.0914811210331796, 1.0914811210331796, 1.0914811210331796, 1.0914811210331796, 1.0914811210331796, 1.0914811210331796, 1.0914811210331796]
[I 2022-11-13 13:33:32,710] Trial 163 finished with value: 1.0914811210331796 and parameters: {'optimizer': 'Adam', 'lr': 0.00037262636060665633, 'n_layers': 2, 'n_units_l0': 5, 'n_units_l1': 4}. Best is trial 126 with value: 1.0114372774826383.
Sequential(
  (0): Linear(in_features=5, out_features=5, bias=True)
  (1): ReLU()
  (2): Linear(in_features=5, out_features=5, bias=True)
  (3): ReLU()
)
Sequential(
  (0): Linear(in_features=5, out_features=5, bias=True)
  (1): ReLU()
  (2): Linear(in_features=5, out_features=5, bias=True)
)
epoch: 0
epoch_0_loss:  1.0983516256027894
epoch: 1
epoch_1_loss:  1.0983516256027894
epoch: 2
epoch_2_loss:  1.0983516256027894
epoch: 3
epoch_3_loss:  1.0983516256027894
epoch: 4
epoch_4_loss:  1.0983516256027894
epoch: 5
epoch_5_loss:  1.0983516256027894
epoch: 6
epoch_6_loss:  1.0983516256027894
epoch: 7
epoch_7_loss:  1.0983516256027894
epoch: 8
epoch_8_loss:  1.0983516256027894
epoch: 9
epoch_9_loss:  1.0983516256027894
epoch: 10
epoch_10_loss:  1.0983516256027894
epoch: 11
epoch_11_loss:  1.0983516256027894
epoch: 12
epoch_12_loss:  1.0983516256027894
epoch: 13
epoch_13_loss:  1.0983516256027894
epoch: 14
epoch_14_loss:  1.0983516256027894
[1.0983516256027894, 1.0983516256027894, 1.0983516256027894, 1.0983516256027894, 1.0983516256027894, 1.0983516256027894, 1.0983516256027894, 1.0983516256027894, 1.0983516256027894, 1.0983516256027894, 1.0983516256027894, 1.0983516256027894, 1.0983516256027894, 1.0983516256027894, 1.0983516256027894]
[I 2022-11-13 13:34:28,837] Trial 164 finished with value: 1.0983516256027894 and parameters: {'optimizer': 'Adam', 'lr': 0.00028626614515861936, 'n_layers': 2, 'n_units_l0': 5, 'n_units_l1': 5}. Best is trial 126 with value: 1.0114372774826383.
Sequential(
  (0): Linear(in_features=5, out_features=5, bias=True)
  (1): ReLU()
  (2): Linear(in_features=5, out_features=5, bias=True)
  (3): ReLU()
)
Sequential(
  (0): Linear(in_features=5, out_features=5, bias=True)
  (1): ReLU()
  (2): Linear(in_features=5, out_features=5, bias=True)
)
epoch: 0
epoch_0_loss:  1.0753294286184854
epoch: 1
epoch_1_loss:  1.0753294286184854
epoch: 2
epoch_2_loss:  1.0753294286184854
epoch: 3
epoch_3_loss:  1.0753294286184854
epoch: 4
epoch_4_loss:  1.0753294286184854
epoch: 5
epoch_5_loss:  1.0753294286184854
epoch: 6
epoch_6_loss:  1.0753294286184854
epoch: 7
epoch_7_loss:  1.0753294286184854
epoch: 8
epoch_8_loss:  1.0753294286184854
epoch: 9
epoch_9_loss:  1.0753294286184854
epoch: 10
epoch_10_loss:  1.0753294286184854
epoch: 11
epoch_11_loss:  1.0753294286184854
epoch: 12
epoch_12_loss:  1.0753294286184854
epoch: 13
epoch_13_loss:  1.0753294286184854
epoch: 14
epoch_14_loss:  1.0753294286184854
[1.0753294286184854, 1.0753294286184854, 1.0753294286184854, 1.0753294286184854, 1.0753294286184854, 1.0753294286184854, 1.0753294286184854, 1.0753294286184854, 1.0753294286184854, 1.0753294286184854, 1.0753294286184854, 1.0753294286184854, 1.0753294286184854, 1.0753294286184854, 1.0753294286184854]
[I 2022-11-13 13:35:38,053] Trial 165 finished with value: 1.0753294286184854 and parameters: {'optimizer': 'Adam', 'lr': 0.00023543749460707225, 'n_layers': 2, 'n_units_l0': 5, 'n_units_l1': 5}. Best is trial 126 with value: 1.0114372774826383.
Sequential(
  (0): Linear(in_features=5, out_features=5, bias=True)
  (1): ReLU()
  (2): Linear(in_features=5, out_features=4, bias=True)
  (3): ReLU()
)
Sequential(
  (0): Linear(in_features=4, out_features=5, bias=True)
  (1): ReLU()
  (2): Linear(in_features=5, out_features=5, bias=True)
)
epoch: 0
epoch_0_loss:  1.0791979040642792
epoch: 1
epoch_1_loss:  1.0791979040642792
epoch: 2
epoch_2_loss:  1.0791979040642792
epoch: 3
epoch_3_loss:  1.0791979040642792
epoch: 4
epoch_4_loss:  1.0791979040642792
epoch: 5
epoch_5_loss:  1.0791979040642792
epoch: 6
epoch_6_loss:  1.0791979040642792
epoch: 7
epoch_7_loss:  1.0791979040642792
epoch: 8
epoch_8_loss:  1.0791979040642792
epoch: 9
epoch_9_loss:  1.0791979040642792
epoch: 10
epoch_10_loss:  1.0791979040642792
epoch: 11
epoch_11_loss:  1.0791979040642792
epoch: 12
epoch_12_loss:  1.0791979040642792
epoch: 13
epoch_13_loss:  1.0791979040642792
epoch: 14
epoch_14_loss:  1.0791979040642792
[1.0791979040642792, 1.0791979040642792, 1.0791979040642792, 1.0791979040642792, 1.0791979040642792, 1.0791979040642792, 1.0791979040642792, 1.0791979040642792, 1.0791979040642792, 1.0791979040642792, 1.0791979040642792, 1.0791979040642792, 1.0791979040642792, 1.0791979040642792, 1.0791979040642792]
