[I 2022-11-13 20:55:53,907] Trial 57 finished with value: 1.101111510719502 and parameters: {'optimizer': 'Adam', 'lr': 8.790531001418778e-05, 'hidden_dim': 5, 'latent_dim': 4, 'mem_dim': 78}. Best is trial 45 with value: 1.016495998638263.
build_Encoder(
  (FC_input): Linear(in_features=5, out_features=4, bias=True)
  (FC_input2): Linear(in_features=4, out_features=4, bias=True)
  (FC_mean): Linear(in_features=4, out_features=4, bias=True)
  (FC_var): Linear(in_features=4, out_features=4, bias=True)
  (LeakyReLU): LeakyReLU(negative_slope=0.01)
)
build_Decoder(
  (FC_hidden): Linear(in_features=4, out_features=4, bias=True)
  (FC_hidden2): Linear(in_features=4, out_features=4, bias=True)
  (FC_output): Linear(in_features=4, out_features=5, bias=True)
  (LeakyReLU): LeakyReLU(negative_slope=0.2)
)
epoch: 0
epoch_0_loss:  1.1591697675735384
epoch: 1
epoch_1_loss:  1.1592329376179542
epoch: 2
epoch_2_loss:  1.1594025839389557
epoch: 3
epoch_3_loss:  1.1591940334718949
epoch: 4
epoch_4_loss:  1.1592314365607506
epoch: 5
epoch_5_loss:  1.1594052915604802
epoch: 6
epoch_6_loss:  1.1594097187015084
epoch: 7
epoch_7_loss:  1.159299379306251
epoch: 8
epoch_8_loss:  1.1591384986943498
epoch: 9
epoch_9_loss:  1.1591580988310102
epoch: 10
epoch_10_loss:  1.159240245746002
epoch: 11
epoch_11_loss:  1.1591302971298567
epoch: 12
epoch_12_loss:  1.159219204891135
epoch: 13
epoch_13_loss:  1.159179441063401
epoch: 14
epoch_14_loss:  1.1592355192981822
[1.1591697675735384, 1.1592329376179542, 1.1594025839389557, 1.1591940334718949, 1.1592314365607506, 1.1594052915604802, 1.1594097187015084, 1.159299379306251, 1.1591384986943498, 1.1591580988310102, 1.159240245746002, 1.1591302971298567, 1.159219204891135, 1.159179441063401, 1.1592355192981822]
[I 2022-11-13 20:58:07,956] Trial 58 finished with value: 1.1592355192981822 and parameters: {'optimizer': 'Adam', 'lr': 0.0007608869364490033, 'hidden_dim': 4, 'latent_dim': 4, 'mem_dim': 108}. Best is trial 45 with value: 1.016495998638263.
build_Encoder(
  (FC_input): Linear(in_features=5, out_features=5, bias=True)
  (FC_input2): Linear(in_features=5, out_features=5, bias=True)
  (FC_mean): Linear(in_features=5, out_features=4, bias=True)
  (FC_var): Linear(in_features=5, out_features=4, bias=True)
  (LeakyReLU): LeakyReLU(negative_slope=0.01)
)
build_Decoder(
  (FC_hidden): Linear(in_features=4, out_features=5, bias=True)
  (FC_hidden2): Linear(in_features=5, out_features=5, bias=True)
  (FC_output): Linear(in_features=5, out_features=5, bias=True)
  (LeakyReLU): LeakyReLU(negative_slope=0.2)
)
epoch: 0
epoch_0_loss:  1.1351986606897448
epoch: 1
epoch_1_loss:  1.1351601581324702
epoch: 2
epoch_2_loss:  1.135194871967538
epoch: 3
epoch_3_loss:  1.135220890152872
epoch: 4
epoch_4_loss:  1.1351597335452208
epoch: 5
epoch_5_loss:  1.135121459507213
epoch: 6
epoch_6_loss:  1.1351101963823331
epoch: 7
epoch_7_loss:  1.1352734449434294
epoch: 8
epoch_8_loss:  1.1351074054485144
epoch: 9
epoch_9_loss:  1.1350463695810584
epoch: 10
epoch_10_loss:  1.1350637310278688
epoch: 11
epoch_11_loss:  1.135197091610459
epoch: 12
epoch_12_loss:  1.1351410164963975
epoch: 13
epoch_13_loss:  1.135003056530915
epoch: 14
epoch_14_loss:  1.1350116206006258
[1.1351986606897448, 1.1351601581324702, 1.135194871967538, 1.135220890152872, 1.1351597335452208, 1.135121459507213, 1.1351101963823331, 1.1352734449434294, 1.1351074054485144, 1.1350463695810584, 1.1350637310278688, 1.135197091610459, 1.1351410164963975, 1.135003056530915, 1.1350116206006258]
[I 2022-11-13 21:00:22,081] Trial 59 finished with value: 1.1350116206006258 and parameters: {'optimizer': 'Adam', 'lr': 0.00013148689623568175, 'hidden_dim': 5, 'latent_dim': 4, 'mem_dim': 88}. Best is trial 45 with value: 1.016495998638263.
build_Encoder(
  (FC_input): Linear(in_features=5, out_features=3, bias=True)
  (FC_input2): Linear(in_features=3, out_features=3, bias=True)
  (FC_mean): Linear(in_features=3, out_features=4, bias=True)
  (FC_var): Linear(in_features=3, out_features=4, bias=True)
  (LeakyReLU): LeakyReLU(negative_slope=0.01)
)
build_Decoder(
  (FC_hidden): Linear(in_features=4, out_features=3, bias=True)
  (FC_hidden2): Linear(in_features=3, out_features=3, bias=True)
  (FC_output): Linear(in_features=3, out_features=5, bias=True)
  (LeakyReLU): LeakyReLU(negative_slope=0.2)
)
epoch: 0
epoch_0_loss:  1.0508187233517454
epoch: 1
epoch_1_loss:  1.050755422278739
epoch: 2
epoch_2_loss:  1.050828982761716
epoch: 3
epoch_3_loss:  1.050858654314652
epoch: 4
epoch_4_loss:  1.0508107637307935
epoch: 5
epoch_5_loss:  1.0509094901007239
epoch: 6
epoch_6_loss:  1.0507770568081283
epoch: 7
epoch_7_loss:  1.0507458068427293
epoch: 8
epoch_8_loss:  1.0508789947112744
epoch: 9
epoch_9_loss:  1.0507464703789633
epoch: 10
epoch_10_loss:  1.0508690176223143
epoch: 11
epoch_11_loss:  1.0507893590474342
epoch: 12
epoch_12_loss:  1.0508169463336352
epoch: 13
epoch_13_loss:  1.0508119510062268
epoch: 14
epoch_14_loss:  1.0508566351976607
[1.0508187233517454, 1.050755422278739, 1.050828982761716, 1.050858654314652, 1.0508107637307935, 1.0509094901007239, 1.0507770568081283, 1.0507458068427293, 1.0508789947112744, 1.0507464703789633, 1.0508690176223143, 1.0507893590474342, 1.0508169463336352, 1.0508119510062268, 1.0508566351976607]
[I 2022-11-13 21:02:35,370] Trial 60 finished with value: 1.0508566351976607 and parameters: {'optimizer': 'Adam', 'lr': 0.00029264826545764285, 'hidden_dim': 3, 'latent_dim': 4, 'mem_dim': 48}. Best is trial 45 with value: 1.016495998638263.
build_Encoder(
  (FC_input): Linear(in_features=5, out_features=5, bias=True)
  (FC_input2): Linear(in_features=5, out_features=5, bias=True)
  (FC_mean): Linear(in_features=5, out_features=4, bias=True)
  (FC_var): Linear(in_features=5, out_features=4, bias=True)
  (LeakyReLU): LeakyReLU(negative_slope=0.01)
)
build_Decoder(
  (FC_hidden): Linear(in_features=4, out_features=5, bias=True)
  (FC_hidden2): Linear(in_features=5, out_features=5, bias=True)
  (FC_output): Linear(in_features=5, out_features=5, bias=True)
  (LeakyReLU): LeakyReLU(negative_slope=0.2)
)
epoch: 0
epoch_0_loss:  1.087903323155199
epoch: 1
epoch_1_loss:  1.0880193633487167
epoch: 2
epoch_2_loss:  1.0879135431849078
epoch: 3
epoch_3_loss:  1.0879140167984276
epoch: 4
epoch_4_loss:  1.0880086637022262
epoch: 5
epoch_5_loss:  1.087977582990296
epoch: 6
epoch_6_loss:  1.0879081514429534
epoch: 7
epoch_7_loss:  1.087932454482231
epoch: 8
epoch_8_loss:  1.0877970901871576
epoch: 9
epoch_9_loss:  1.087914276860672
epoch: 10
epoch_10_loss:  1.0879016003890412
epoch: 11
epoch_11_loss:  1.0879181411322827
epoch: 12
epoch_12_loss:  1.0878770369141815
epoch: 13
epoch_13_loss:  1.087974042068615
epoch: 14
epoch_14_loss:  1.0879565780970377
[1.087903323155199, 1.0880193633487167, 1.0879135431849078, 1.0879140167984276, 1.0880086637022262, 1.087977582990296, 1.0879081514429534, 1.087932454482231, 1.0877970901871576, 1.087914276860672, 1.0879016003890412, 1.0879181411322827, 1.0878770369141815, 1.087974042068615, 1.0879565780970377]
[I 2022-11-13 21:04:55,610] Trial 61 finished with value: 1.0879565780970377 and parameters: {'optimizer': 'Adam', 'lr': 0.00010889045276466235, 'hidden_dim': 5, 'latent_dim': 4, 'mem_dim': 128}. Best is trial 45 with value: 1.016495998638263.
build_Encoder(
  (FC_input): Linear(in_features=5, out_features=5, bias=True)
  (FC_input2): Linear(in_features=5, out_features=5, bias=True)
  (FC_mean): Linear(in_features=5, out_features=4, bias=True)
  (FC_var): Linear(in_features=5, out_features=4, bias=True)
  (LeakyReLU): LeakyReLU(negative_slope=0.01)
)
build_Decoder(
  (FC_hidden): Linear(in_features=4, out_features=5, bias=True)
  (FC_hidden2): Linear(in_features=5, out_features=5, bias=True)
  (FC_output): Linear(in_features=5, out_features=5, bias=True)
  (LeakyReLU): LeakyReLU(negative_slope=0.2)
)
epoch: 0
epoch_0_loss:  1.083046169596216
epoch: 1
epoch_1_loss:  1.0830473140920338
epoch: 2
epoch_2_loss:  1.0830690501296507
epoch: 3
epoch_3_loss:  1.0830730934116444
epoch: 4
epoch_4_loss:  1.0830838280976147
epoch: 5
epoch_5_loss:  1.0830644667609557
epoch: 6
epoch_6_loss:  1.0830388406159377
epoch: 7
epoch_7_loss:  1.0830708407339604
epoch: 8
epoch_8_loss:  1.0830570493195075
epoch: 9
epoch_9_loss:  1.083045950926448
epoch: 10
epoch_10_loss:  1.0830429952930178
epoch: 11
epoch_11_loss:  1.0830947309252563
epoch: 12
epoch_12_loss:  1.0830491356558427
epoch: 13
epoch_13_loss:  1.0830385320892548
epoch: 14
epoch_14_loss:  1.083071163126422
[1.083046169596216, 1.0830473140920338, 1.0830690501296507, 1.0830730934116444, 1.0830838280976147, 1.0830644667609557, 1.0830388406159377, 1.0830708407339604, 1.0830570493195075, 1.083045950926448, 1.0830429952930178, 1.0830947309252563, 1.0830491356558427, 1.0830385320892548, 1.083071163126422]
[I 2022-11-13 21:07:16,543] Trial 62 finished with value: 1.083071163126422 and parameters: {'optimizer': 'Adam', 'lr': 0.00020317354741169859, 'hidden_dim': 5, 'latent_dim': 4, 'mem_dim': 148}. Best is trial 45 with value: 1.016495998638263.
build_Encoder(
  (FC_input): Linear(in_features=5, out_features=5, bias=True)
  (FC_input2): Linear(in_features=5, out_features=5, bias=True)
  (FC_mean): Linear(in_features=5, out_features=4, bias=True)
  (FC_var): Linear(in_features=5, out_features=4, bias=True)
  (LeakyReLU): LeakyReLU(negative_slope=0.01)
)
build_Decoder(
  (FC_hidden): Linear(in_features=4, out_features=5, bias=True)
  (FC_hidden2): Linear(in_features=5, out_features=5, bias=True)
  (FC_output): Linear(in_features=5, out_features=5, bias=True)
  (LeakyReLU): LeakyReLU(negative_slope=0.2)
)
epoch: 0
epoch_0_loss:  1.095572597845005
epoch: 1
epoch_1_loss:  1.09549031213876
epoch: 2
epoch_2_loss:  1.0958139969914102
epoch: 3
epoch_3_loss:  1.0955842683903896
epoch: 4
epoch_4_loss:  1.0954486957772862
epoch: 5
epoch_5_loss:  1.0954748115749278
epoch: 6
epoch_6_loss:  1.0956257659064574
epoch: 7
epoch_7_loss:  1.0954076866781637
epoch: 8
epoch_8_loss:  1.0957333381841043
epoch: 9
epoch_9_loss:  1.0955633216895355
epoch: 10
epoch_10_loss:  1.0957015204494776
epoch: 11
epoch_11_loss:  1.0956448986549978
epoch: 12
epoch_12_loss:  1.0957445393213954
epoch: 13
epoch_13_loss:  1.0956172410770886
epoch: 14
epoch_14_loss:  1.095452513891053
[1.095572597845005, 1.09549031213876, 1.0958139969914102, 1.0955842683903896, 1.0954486957772862, 1.0954748115749278, 1.0956257659064574, 1.0954076866781637, 1.0957333381841043, 1.0955633216895355, 1.0957015204494776, 1.0956448986549978, 1.0957445393213954, 1.0956172410770886, 1.095452513891053]
[I 2022-11-13 21:09:38,757] Trial 63 finished with value: 1.095452513891053 and parameters: {'optimizer': 'Adam', 'lr': 7.495834340730812e-05, 'hidden_dim': 5, 'latent_dim': 4, 'mem_dim': 162}. Best is trial 45 with value: 1.016495998638263.
build_Encoder(
  (FC_input): Linear(in_features=5, out_features=5, bias=True)
  (FC_input2): Linear(in_features=5, out_features=5, bias=True)
  (FC_mean): Linear(in_features=5, out_features=4, bias=True)
  (FC_var): Linear(in_features=5, out_features=4, bias=True)
  (LeakyReLU): LeakyReLU(negative_slope=0.01)
)
build_Decoder(
  (FC_hidden): Linear(in_features=4, out_features=5, bias=True)
  (FC_hidden2): Linear(in_features=5, out_features=5, bias=True)
  (FC_output): Linear(in_features=5, out_features=5, bias=True)
  (LeakyReLU): LeakyReLU(negative_slope=0.2)
)
epoch: 0
epoch_0_loss:  1.0550111561092474
epoch: 1
epoch_1_loss:  1.0549831114317132
epoch: 2
epoch_2_loss:  1.0550256674236624
epoch: 3
epoch_3_loss:  1.0550311791101061
epoch: 4
epoch_4_loss:  1.055069240557045
epoch: 5
epoch_5_loss:  1.054998194409711
epoch: 6
epoch_6_loss:  1.0550176383485665
epoch: 7
epoch_7_loss:  1.0550441743070023
epoch: 8
epoch_8_loss:  1.05501370652373
epoch: 9
epoch_9_loss:  1.0550434837121443
epoch: 10
epoch_10_loss:  1.055017223812742
epoch: 11
epoch_11_loss:  1.055024013956015
epoch: 12
epoch_12_loss:  1.0549986740656132
epoch: 13
epoch_13_loss:  1.0550219402488115
epoch: 14
epoch_14_loss:  1.054998093520692
[1.0550111561092474, 1.0549831114317132, 1.0550256674236624, 1.0550311791101061, 1.055069240557045, 1.054998194409711, 1.0550176383485665, 1.0550441743070023, 1.05501370652373, 1.0550434837121443, 1.055017223812742, 1.055024013956015, 1.0549986740656132, 1.0550219402488115, 1.054998093520692]
[I 2022-11-13 21:11:52,865] Trial 64 finished with value: 1.054998093520692 and parameters: {'optimizer': 'Adam', 'lr': 0.00016180004497701143, 'hidden_dim': 5, 'latent_dim': 4, 'mem_dim': 95}. Best is trial 45 with value: 1.016495998638263.
build_Encoder(
  (FC_input): Linear(in_features=5, out_features=5, bias=True)
  (FC_input2): Linear(in_features=5, out_features=5, bias=True)
  (FC_mean): Linear(in_features=5, out_features=4, bias=True)
  (FC_var): Linear(in_features=5, out_features=4, bias=True)
  (LeakyReLU): LeakyReLU(negative_slope=0.01)
)
build_Decoder(
  (FC_hidden): Linear(in_features=4, out_features=5, bias=True)
  (FC_hidden2): Linear(in_features=5, out_features=5, bias=True)
  (FC_output): Linear(in_features=5, out_features=5, bias=True)
  (LeakyReLU): LeakyReLU(negative_slope=0.2)
)
epoch: 0
epoch_0_loss:  1.062198408559662
epoch: 1
epoch_1_loss:  1.062171453594284
epoch: 2
epoch_2_loss:  1.0621637201927852
epoch: 3
epoch_3_loss:  1.0620203315828973
epoch: 4
epoch_4_loss:  1.0620745723602605
epoch: 5
epoch_5_loss:  1.062164023136162
epoch: 6
epoch_6_loss:  1.062069389436684
epoch: 7
epoch_7_loss:  1.0621723919764976
epoch: 8
epoch_8_loss:  1.0621180496454625
epoch: 9
epoch_9_loss:  1.0623275864878092
epoch: 10
epoch_10_loss:  1.062161874558878
epoch: 11
epoch_11_loss:  1.0621626966124862
epoch: 12
epoch_12_loss:  1.0621327537233733
epoch: 13
epoch_13_loss:  1.0621206675733337
epoch: 14
epoch_14_loss:  1.0621900866073495
[1.062198408559662, 1.062171453594284, 1.0621637201927852, 1.0620203315828973, 1.0620745723602605, 1.062164023136162, 1.062069389436684, 1.0621723919764976, 1.0621180496454625, 1.0623275864878092, 1.062161874558878, 1.0621626966124862, 1.0621327537233733, 1.0621206675733337, 1.0621900866073495]
[I 2022-11-13 21:14:13,549] Trial 65 finished with value: 1.0621900866073495 and parameters: {'optimizer': 'Adam', 'lr': 0.0003845196734999568, 'hidden_dim': 5, 'latent_dim': 4, 'mem_dim': 138}. Best is trial 45 with value: 1.016495998638263.
build_Encoder(
  (FC_input): Linear(in_features=5, out_features=5, bias=True)
  (FC_input2): Linear(in_features=5, out_features=5, bias=True)
  (FC_mean): Linear(in_features=5, out_features=5, bias=True)
  (FC_var): Linear(in_features=5, out_features=5, bias=True)
  (LeakyReLU): LeakyReLU(negative_slope=0.01)
)
build_Decoder(
  (FC_hidden): Linear(in_features=5, out_features=5, bias=True)
  (FC_hidden2): Linear(in_features=5, out_features=5, bias=True)
  (FC_output): Linear(in_features=5, out_features=5, bias=True)
  (LeakyReLU): LeakyReLU(negative_slope=0.2)
)
epoch: 0
epoch_0_loss:  1.0327434950201475
epoch: 1
epoch_1_loss:  1.0326502321580608
epoch: 2
epoch_2_loss:  1.0327511198836419
epoch: 3
epoch_3_loss:  1.032658840136723
epoch: 4
epoch_4_loss:  1.0327421693789591
epoch: 5
epoch_5_loss:  1.0328167164059279
epoch: 6
epoch_6_loss:  1.0326669112180922
epoch: 7
epoch_7_loss:  1.0326948105383666
epoch: 8
epoch_8_loss:  1.0328191514982386
epoch: 9
epoch_9_loss:  1.0327726340736882
epoch: 10
epoch_10_loss:  1.0326742263667565
epoch: 11
epoch_11_loss:  1.0327923651109183
epoch: 12
epoch_12_loss:  1.0327537993865792
epoch: 13
epoch_13_loss:  1.0326395334514993
epoch: 14
epoch_14_loss:  1.0327221973807255
[1.0327434950201475, 1.0326502321580608, 1.0327511198836419, 1.032658840136723, 1.0327421693789591, 1.0328167164059279, 1.0326669112180922, 1.0326948105383666, 1.0328191514982386, 1.0327726340736882, 1.0326742263667565, 1.0327923651109183, 1.0327537993865792, 1.0326395334514993, 1.0327221973807255]
[I 2022-11-13 21:16:28,073] Trial 66 finished with value: 1.0327221973807255 and parameters: {'optimizer': 'Adam', 'lr': 6.027523479836519e-05, 'hidden_dim': 5, 'latent_dim': 5, 'mem_dim': 123}. Best is trial 45 with value: 1.016495998638263.
build_Encoder(
  (FC_input): Linear(in_features=5, out_features=5, bias=True)
  (FC_input2): Linear(in_features=5, out_features=5, bias=True)
  (FC_mean): Linear(in_features=5, out_features=4, bias=True)
  (FC_var): Linear(in_features=5, out_features=4, bias=True)
  (LeakyReLU): LeakyReLU(negative_slope=0.01)
)
build_Decoder(
  (FC_hidden): Linear(in_features=4, out_features=5, bias=True)
  (FC_hidden2): Linear(in_features=5, out_features=5, bias=True)
  (FC_output): Linear(in_features=5, out_features=5, bias=True)
  (LeakyReLU): LeakyReLU(negative_slope=0.2)
)
epoch: 0
epoch_0_loss:  1.0693198762697411
epoch: 1
epoch_1_loss:  1.0694890906750003
epoch: 2
epoch_2_loss:  1.0689756212189054
epoch: 3
epoch_3_loss:  1.069355292284866
epoch: 4
epoch_4_loss:  1.0693057159327537
epoch: 5
epoch_5_loss:  1.0694259117012914
epoch: 6
epoch_6_loss:  1.069126422260112
epoch: 7
epoch_7_loss:  1.0692394682076074
epoch: 8
epoch_8_loss:  1.0690357880429522
epoch: 9
epoch_9_loss:  1.0690992250094449
epoch: 10
epoch_10_loss:  1.0690754381984104
epoch: 11
epoch_11_loss:  1.069334891395504
epoch: 12
epoch_12_loss:  1.0693051331741483
epoch: 13
epoch_13_loss:  1.0690771614221448
epoch: 14
epoch_14_loss:  1.06933099814114
[1.0693198762697411, 1.0694890906750003, 1.0689756212189054, 1.069355292284866, 1.0693057159327537, 1.0694259117012914, 1.069126422260112, 1.0692394682076074, 1.0690357880429522, 1.0690992250094449, 1.0690754381984104, 1.069334891395504, 1.0693051331741483, 1.0690771614221448, 1.06933099814114]
[I 2022-11-13 21:18:41,777] Trial 67 finished with value: 1.06933099814114 and parameters: {'optimizer': 'Adam', 'lr': 6.187190634557928e-05, 'hidden_dim': 5, 'latent_dim': 4, 'mem_dim': 112}. Best is trial 45 with value: 1.016495998638263.
build_Encoder(
  (FC_input): Linear(in_features=5, out_features=4, bias=True)
  (FC_input2): Linear(in_features=4, out_features=4, bias=True)
  (FC_mean): Linear(in_features=4, out_features=4, bias=True)
  (FC_var): Linear(in_features=4, out_features=4, bias=True)
  (LeakyReLU): LeakyReLU(negative_slope=0.01)
)
build_Decoder(
  (FC_hidden): Linear(in_features=4, out_features=4, bias=True)
  (FC_hidden2): Linear(in_features=4, out_features=4, bias=True)
  (FC_output): Linear(in_features=4, out_features=5, bias=True)
  (LeakyReLU): LeakyReLU(negative_slope=0.2)
)
epoch: 0
epoch_0_loss:  1.0691051559417906
epoch: 1
epoch_1_loss:  1.0692283936325817
epoch: 2
epoch_2_loss:  1.069144743281093
epoch: 3
epoch_3_loss:  1.0691153351655656
epoch: 4
epoch_4_loss:  1.069207037449847
epoch: 5
epoch_5_loss:  1.0691080903991728
epoch: 6
epoch_6_loss:  1.0692114127834815
epoch: 7
epoch_7_loss:  1.0692061328552653
epoch: 8
epoch_8_loss:  1.06915174908018
epoch: 9
epoch_9_loss:  1.0691333546612785
epoch: 10
epoch_10_loss:  1.069224881453195
epoch: 11
epoch_11_loss:  1.0691582175418715
epoch: 12
epoch_12_loss:  1.0691478285397078
epoch: 13
epoch_13_loss:  1.0692044981924576
epoch: 14
epoch_14_loss:  1.0691824430483492
[1.0691051559417906, 1.0692283936325817, 1.069144743281093, 1.0691153351655656, 1.069207037449847, 1.0691080903991728, 1.0692114127834815, 1.0692061328552653, 1.06915174908018, 1.0691333546612785, 1.069224881453195, 1.0691582175418715, 1.0691478285397078, 1.0692044981924576, 1.0691824430483492]
[I 2022-11-13 21:21:15,883] Trial 68 finished with value: 1.0691824430483492 and parameters: {'optimizer': 'Adam', 'lr': 0.0005069402506646224, 'hidden_dim': 4, 'latent_dim': 4, 'mem_dim': 190}. Best is trial 45 with value: 1.016495998638263.
build_Encoder(
  (FC_input): Linear(in_features=5, out_features=5, bias=True)
  (FC_input2): Linear(in_features=5, out_features=5, bias=True)
  (FC_mean): Linear(in_features=5, out_features=5, bias=True)
  (FC_var): Linear(in_features=5, out_features=5, bias=True)
  (LeakyReLU): LeakyReLU(negative_slope=0.01)
)
build_Decoder(
  (FC_hidden): Linear(in_features=5, out_features=5, bias=True)
  (FC_hidden2): Linear(in_features=5, out_features=5, bias=True)
  (FC_output): Linear(in_features=5, out_features=5, bias=True)
  (LeakyReLU): LeakyReLU(negative_slope=0.2)
)
epoch: 0
epoch_0_loss:  1.1378050509707762
epoch: 1
epoch_1_loss:  1.1380185047227152
epoch: 2
epoch_2_loss:  1.1378245522775114
epoch: 3
epoch_3_loss:  1.1376689513823166
epoch: 4
epoch_4_loss:  1.137849935722696
epoch: 5
epoch_5_loss:  1.137874627692426
epoch: 6
epoch_6_loss:  1.1378423779886253
epoch: 7
epoch_7_loss:  1.1378592720539007
epoch: 8
epoch_8_loss:  1.137984362269043
epoch: 9
epoch_9_loss:  1.1380034963987888
epoch: 10
epoch_10_loss:  1.1379125196110114
epoch: 11
epoch_11_loss:  1.1379801024860425
epoch: 12
epoch_12_loss:  1.1380895852601327
epoch: 13
epoch_13_loss:  1.1377911415192066
epoch: 14
epoch_14_loss:  1.1380432586552582
[1.1378050509707762, 1.1380185047227152, 1.1378245522775114, 1.1376689513823166, 1.137849935722696, 1.137874627692426, 1.1378423779886253, 1.1378592720539007, 1.137984362269043, 1.1380034963987888, 1.1379125196110114, 1.1379801024860425, 1.1380895852601327, 1.1377911415192066, 1.1380432586552582]
