[I 2022-11-13 12:16:55,180] Trial 81 finished with value: 1.0919293951390776 and parameters: {'optimizer': 'Adam', 'lr': 0.0002959549928881795, 'n_layers': 2, 'n_units_l0': 5, 'n_units_l1': 5}. Best is trial 26 with value: 1.034786592180601.
Sequential(
  (0): Linear(in_features=5, out_features=5, bias=True)
  (1): ReLU()
  (2): Linear(in_features=5, out_features=5, bias=True)
  (3): ReLU()
)
Sequential(
  (0): Linear(in_features=5, out_features=5, bias=True)
  (1): ReLU()
  (2): Linear(in_features=5, out_features=5, bias=True)
)
epoch: 0
epoch_0_loss:  1.030790233782338
epoch: 1
epoch_1_loss:  1.030790233782338
epoch: 2
epoch_2_loss:  1.030790233782338
epoch: 3
epoch_3_loss:  1.030790233782338
epoch: 4
epoch_4_loss:  1.030790233782338
epoch: 5
epoch_5_loss:  1.030790233782338
epoch: 6
epoch_6_loss:  1.030790233782338
epoch: 7
epoch_7_loss:  1.030790233782338
epoch: 8
epoch_8_loss:  1.030790233782338
epoch: 9
epoch_9_loss:  1.030790233782338
epoch: 10
epoch_10_loss:  1.030790233782338
epoch: 11
epoch_11_loss:  1.030790233782338
epoch: 12
epoch_12_loss:  1.030790233782338
epoch: 13
epoch_13_loss:  1.030790233782338
epoch: 14
epoch_14_loss:  1.030790233782338
[1.030790233782338, 1.030790233782338, 1.030790233782338, 1.030790233782338, 1.030790233782338, 1.030790233782338, 1.030790233782338, 1.030790233782338, 1.030790233782338, 1.030790233782338, 1.030790233782338, 1.030790233782338, 1.030790233782338, 1.030790233782338, 1.030790233782338]
[I 2022-11-13 12:17:51,636] Trial 82 finished with value: 1.030790233782338 and parameters: {'optimizer': 'Adam', 'lr': 0.0003843130697852395, 'n_layers': 2, 'n_units_l0': 5, 'n_units_l1': 5}. Best is trial 82 with value: 1.030790233782338.
Sequential(
  (0): Linear(in_features=5, out_features=5, bias=True)
  (1): ReLU()
  (2): Linear(in_features=5, out_features=5, bias=True)
  (3): ReLU()
)
Sequential(
  (0): Linear(in_features=5, out_features=5, bias=True)
  (1): ReLU()
  (2): Linear(in_features=5, out_features=5, bias=True)
)
epoch: 0
epoch_0_loss:  1.0935270245205502
epoch: 1
epoch_1_loss:  1.0935270245205502
epoch: 2
epoch_2_loss:  1.0935270245205502
epoch: 3
epoch_3_loss:  1.0935270245205502
epoch: 4
epoch_4_loss:  1.0935270245205502
epoch: 5
epoch_5_loss:  1.0935270245205502
epoch: 6
epoch_6_loss:  1.0935270245205502
epoch: 7
epoch_7_loss:  1.0935270245205502
epoch: 8
epoch_8_loss:  1.0935270245205502
epoch: 9
epoch_9_loss:  1.0935270245205502
epoch: 10
epoch_10_loss:  1.0935270245205502
epoch: 11
epoch_11_loss:  1.0935270245205502
epoch: 12
epoch_12_loss:  1.0935270245205502
epoch: 13
epoch_13_loss:  1.0935270245205502
epoch: 14
epoch_14_loss:  1.0935270245205502
[1.0935270245205502, 1.0935270245205502, 1.0935270245205502, 1.0935270245205502, 1.0935270245205502, 1.0935270245205502, 1.0935270245205502, 1.0935270245205502, 1.0935270245205502, 1.0935270245205502, 1.0935270245205502, 1.0935270245205502, 1.0935270245205502, 1.0935270245205502, 1.0935270245205502]
[I 2022-11-13 12:18:48,019] Trial 83 finished with value: 1.0935270245205502 and parameters: {'optimizer': 'Adam', 'lr': 0.0003911095347393626, 'n_layers': 2, 'n_units_l0': 5, 'n_units_l1': 5}. Best is trial 82 with value: 1.030790233782338.
Sequential(
  (0): Linear(in_features=5, out_features=5, bias=True)
  (1): ReLU()
  (2): Linear(in_features=5, out_features=5, bias=True)
  (3): ReLU()
)
Sequential(
  (0): Linear(in_features=5, out_features=5, bias=True)
  (1): ReLU()
  (2): Linear(in_features=5, out_features=5, bias=True)
)
epoch: 0
epoch_0_loss:  1.078030052995106
epoch: 1
epoch_1_loss:  1.078030052995106
epoch: 2
epoch_2_loss:  1.078030052995106
epoch: 3
epoch_3_loss:  1.078030052995106
epoch: 4
epoch_4_loss:  1.078030052995106
epoch: 5
epoch_5_loss:  1.078030052995106
epoch: 6
epoch_6_loss:  1.078030052995106
epoch: 7
epoch_7_loss:  1.078030052995106
epoch: 8
epoch_8_loss:  1.078030052995106
epoch: 9
epoch_9_loss:  1.078030052995106
epoch: 10
epoch_10_loss:  1.078030052995106
epoch: 11
epoch_11_loss:  1.078030052995106
epoch: 12
epoch_12_loss:  1.078030052995106
epoch: 13
epoch_13_loss:  1.078030052995106
epoch: 14
epoch_14_loss:  1.078030052995106
[1.078030052995106, 1.078030052995106, 1.078030052995106, 1.078030052995106, 1.078030052995106, 1.078030052995106, 1.078030052995106, 1.078030052995106, 1.078030052995106, 1.078030052995106, 1.078030052995106, 1.078030052995106, 1.078030052995106, 1.078030052995106, 1.078030052995106]
[I 2022-11-13 12:19:44,435] Trial 84 finished with value: 1.078030052995106 and parameters: {'optimizer': 'Adam', 'lr': 0.00015737225585355842, 'n_layers': 2, 'n_units_l0': 5, 'n_units_l1': 5}. Best is trial 82 with value: 1.030790233782338.
Sequential(
  (0): Linear(in_features=5, out_features=5, bias=True)
  (1): ReLU()
  (2): Linear(in_features=5, out_features=5, bias=True)
  (3): ReLU()
)
Sequential(
  (0): Linear(in_features=5, out_features=5, bias=True)
  (1): ReLU()
  (2): Linear(in_features=5, out_features=5, bias=True)
)
epoch: 0
epoch_0_loss:  1.1036554180116693
epoch: 1
epoch_1_loss:  1.1036554180116693
epoch: 2
epoch_2_loss:  1.1036554180116693
epoch: 3
epoch_3_loss:  1.1036554180116693
epoch: 4
epoch_4_loss:  1.1036554180116693
epoch: 5
epoch_5_loss:  1.1036554180116693
epoch: 6
epoch_6_loss:  1.1036554180116693
epoch: 7
epoch_7_loss:  1.1036554180116693
epoch: 8
epoch_8_loss:  1.1036554180116693
epoch: 9
epoch_9_loss:  1.1036554180116693
epoch: 10
epoch_10_loss:  1.1036554180116693
epoch: 11
epoch_11_loss:  1.1036554180116693
epoch: 12
epoch_12_loss:  1.1036554180116693
epoch: 13
epoch_13_loss:  1.1036554180116693
epoch: 14
epoch_14_loss:  1.1036554180116693
[1.1036554180116693, 1.1036554180116693, 1.1036554180116693, 1.1036554180116693, 1.1036554180116693, 1.1036554180116693, 1.1036554180116693, 1.1036554180116693, 1.1036554180116693, 1.1036554180116693, 1.1036554180116693, 1.1036554180116693, 1.1036554180116693, 1.1036554180116693, 1.1036554180116693]
[I 2022-11-13 12:20:40,792] Trial 85 finished with value: 1.1036554180116693 and parameters: {'optimizer': 'Adam', 'lr': 0.0002398790076357753, 'n_layers': 2, 'n_units_l0': 5, 'n_units_l1': 5}. Best is trial 82 with value: 1.030790233782338.
Sequential(
  (0): Linear(in_features=5, out_features=5, bias=True)
  (1): ReLU()
  (2): Linear(in_features=5, out_features=5, bias=True)
  (3): ReLU()
)
Sequential(
  (0): Linear(in_features=5, out_features=5, bias=True)
  (1): ReLU()
  (2): Linear(in_features=5, out_features=5, bias=True)
)
epoch: 0
epoch_0_loss:  1.0485024725772112
epoch: 1
epoch_1_loss:  1.0485024725772112
epoch: 2
epoch_2_loss:  1.0485024725772112
epoch: 3
epoch_3_loss:  1.0485024725772112
epoch: 4
epoch_4_loss:  1.0485024725772112
epoch: 5
epoch_5_loss:  1.0485024725772112
epoch: 6
epoch_6_loss:  1.0485024725772112
epoch: 7
epoch_7_loss:  1.0485024725772112
epoch: 8
epoch_8_loss:  1.0485024725772112
epoch: 9
epoch_9_loss:  1.0485024725772112
epoch: 10
epoch_10_loss:  1.0485024725772112
epoch: 11
epoch_11_loss:  1.0485024725772112
epoch: 12
epoch_12_loss:  1.0485024725772112
epoch: 13
epoch_13_loss:  1.0485024725772112
epoch: 14
epoch_14_loss:  1.0485024725772112
[1.0485024725772112, 1.0485024725772112, 1.0485024725772112, 1.0485024725772112, 1.0485024725772112, 1.0485024725772112, 1.0485024725772112, 1.0485024725772112, 1.0485024725772112, 1.0485024725772112, 1.0485024725772112, 1.0485024725772112, 1.0485024725772112, 1.0485024725772112, 1.0485024725772112]
[I 2022-11-13 12:21:37,182] Trial 86 finished with value: 1.0485024725772112 and parameters: {'optimizer': 'Adam', 'lr': 0.00027133499197220715, 'n_layers': 2, 'n_units_l0': 5, 'n_units_l1': 5}. Best is trial 82 with value: 1.030790233782338.
Sequential(
  (0): Linear(in_features=5, out_features=5, bias=True)
  (1): ReLU()
  (2): Linear(in_features=5, out_features=4, bias=True)
  (3): ReLU()
)
Sequential(
  (0): Linear(in_features=4, out_features=5, bias=True)
  (1): ReLU()
  (2): Linear(in_features=5, out_features=5, bias=True)
)
epoch: 0
epoch_0_loss:  1.0850693085609049
epoch: 1
epoch_1_loss:  1.0850693085609049
epoch: 2
epoch_2_loss:  1.0850693085609049
epoch: 3
epoch_3_loss:  1.0850693085609049
epoch: 4
epoch_4_loss:  1.0850693085609049
epoch: 5
epoch_5_loss:  1.0850693085609049
epoch: 6
epoch_6_loss:  1.0850693085609049
epoch: 7
epoch_7_loss:  1.0850693085609049
epoch: 8
epoch_8_loss:  1.0850693085609049
epoch: 9
epoch_9_loss:  1.0850693085609049
epoch: 10
epoch_10_loss:  1.0850693085609049
epoch: 11
epoch_11_loss:  1.0850693085609049
epoch: 12
epoch_12_loss:  1.0850693085609049
epoch: 13
epoch_13_loss:  1.0850693085609049
epoch: 14
epoch_14_loss:  1.0850693085609049
[1.0850693085609049, 1.0850693085609049, 1.0850693085609049, 1.0850693085609049, 1.0850693085609049, 1.0850693085609049, 1.0850693085609049, 1.0850693085609049, 1.0850693085609049, 1.0850693085609049, 1.0850693085609049, 1.0850693085609049, 1.0850693085609049, 1.0850693085609049, 1.0850693085609049]
[I 2022-11-13 12:22:33,768] Trial 87 finished with value: 1.0850693085609049 and parameters: {'optimizer': 'Adam', 'lr': 0.00047178338275101256, 'n_layers': 2, 'n_units_l0': 5, 'n_units_l1': 4}. Best is trial 82 with value: 1.030790233782338.
Sequential(
  (0): Linear(in_features=5, out_features=5, bias=True)
  (1): ReLU()
  (2): Linear(in_features=5, out_features=5, bias=True)
  (3): ReLU()
)
Sequential(
  (0): Linear(in_features=5, out_features=5, bias=True)
  (1): ReLU()
  (2): Linear(in_features=5, out_features=5, bias=True)
)
epoch: 0
epoch_0_loss:  1.1275338735457512
epoch: 1
epoch_1_loss:  1.1275338735457512
epoch: 2
epoch_2_loss:  1.1275338735457512
epoch: 3
epoch_3_loss:  1.1275338735457512
epoch: 4
epoch_4_loss:  1.1275338735457512
epoch: 5
epoch_5_loss:  1.1275338735457512
epoch: 6
epoch_6_loss:  1.1275338735457512
epoch: 7
epoch_7_loss:  1.1275338735457512
epoch: 8
epoch_8_loss:  1.1275338735457512
epoch: 9
epoch_9_loss:  1.1275338735457512
epoch: 10
epoch_10_loss:  1.1275338735457512
epoch: 11
epoch_11_loss:  1.1275338735457512
epoch: 12
epoch_12_loss:  1.1275338735457512
epoch: 13
epoch_13_loss:  1.1275338735457512
epoch: 14
epoch_14_loss:  1.1275338735457512
[1.1275338735457512, 1.1275338735457512, 1.1275338735457512, 1.1275338735457512, 1.1275338735457512, 1.1275338735457512, 1.1275338735457512, 1.1275338735457512, 1.1275338735457512, 1.1275338735457512, 1.1275338735457512, 1.1275338735457512, 1.1275338735457512, 1.1275338735457512, 1.1275338735457512]
[I 2022-11-13 12:23:30,132] Trial 88 finished with value: 1.1275338735457512 and parameters: {'optimizer': 'Adam', 'lr': 0.0002785343729052909, 'n_layers': 2, 'n_units_l0': 5, 'n_units_l1': 5}. Best is trial 82 with value: 1.030790233782338.
Sequential(
  (0): Linear(in_features=5, out_features=4, bias=True)
  (1): ReLU()
  (2): Linear(in_features=4, out_features=4, bias=True)
  (3): ReLU()
)
Sequential(
  (0): Linear(in_features=4, out_features=4, bias=True)
  (1): ReLU()
  (2): Linear(in_features=4, out_features=5, bias=True)
)
epoch: 0
epoch_0_loss:  1.1060054114866127
epoch: 1
epoch_1_loss:  1.1060054114866127
epoch: 2
epoch_2_loss:  1.1060054114866127
epoch: 3
epoch_3_loss:  1.1060054114866127
epoch: 4
epoch_4_loss:  1.1060054114866127
epoch: 5
epoch_5_loss:  1.1060054114866127
epoch: 6
epoch_6_loss:  1.1060054114866127
epoch: 7
epoch_7_loss:  1.1060054114866127
epoch: 8
epoch_8_loss:  1.1060054114866127
epoch: 9
epoch_9_loss:  1.1060054114866127
epoch: 10
epoch_10_loss:  1.1060054114866127
epoch: 11
epoch_11_loss:  1.1060054114866127
epoch: 12
epoch_12_loss:  1.1060054114866127
epoch: 13
epoch_13_loss:  1.1060054114866127
epoch: 14
epoch_14_loss:  1.1060054114866127
[1.1060054114866127, 1.1060054114866127, 1.1060054114866127, 1.1060054114866127, 1.1060054114866127, 1.1060054114866127, 1.1060054114866127, 1.1060054114866127, 1.1060054114866127, 1.1060054114866127, 1.1060054114866127, 1.1060054114866127, 1.1060054114866127, 1.1060054114866127, 1.1060054114866127]
[I 2022-11-13 12:24:26,658] Trial 89 finished with value: 1.1060054114866127 and parameters: {'optimizer': 'Adam', 'lr': 0.0006139160201146086, 'n_layers': 2, 'n_units_l0': 4, 'n_units_l1': 4}. Best is trial 82 with value: 1.030790233782338.
Sequential(
  (0): Linear(in_features=5, out_features=4, bias=True)
  (1): ReLU()
  (2): Linear(in_features=4, out_features=5, bias=True)
  (3): ReLU()
)
Sequential(
  (0): Linear(in_features=5, out_features=4, bias=True)
  (1): ReLU()
  (2): Linear(in_features=4, out_features=5, bias=True)
)
epoch: 0
epoch_0_loss:  1.0745760890042597
epoch: 1
epoch_1_loss:  1.0745760890042597
epoch: 2
epoch_2_loss:  1.0745760890042597
epoch: 3
epoch_3_loss:  1.0745760890042597
epoch: 4
epoch_4_loss:  1.0745760890042597
epoch: 5
epoch_5_loss:  1.0745760890042597
epoch: 6
epoch_6_loss:  1.0745760890042597
epoch: 7
epoch_7_loss:  1.0745760890042597
epoch: 8
epoch_8_loss:  1.0745760890042597
epoch: 9
epoch_9_loss:  1.0745760890042597
epoch: 10
epoch_10_loss:  1.0745760890042597
epoch: 11
epoch_11_loss:  1.0745760890042597
epoch: 12
epoch_12_loss:  1.0745760890042597
epoch: 13
epoch_13_loss:  1.0745760890042597
epoch: 14
epoch_14_loss:  1.0745760890042597
[1.0745760890042597, 1.0745760890042597, 1.0745760890042597, 1.0745760890042597, 1.0745760890042597, 1.0745760890042597, 1.0745760890042597, 1.0745760890042597, 1.0745760890042597, 1.0745760890042597, 1.0745760890042597, 1.0745760890042597, 1.0745760890042597, 1.0745760890042597, 1.0745760890042597]
[I 2022-11-13 12:25:22,742] Trial 90 finished with value: 1.0745760890042597 and parameters: {'optimizer': 'Adam', 'lr': 0.0003516089389063246, 'n_layers': 2, 'n_units_l0': 4, 'n_units_l1': 5}. Best is trial 82 with value: 1.030790233782338.
Sequential(
  (0): Linear(in_features=5, out_features=5, bias=True)
  (1): ReLU()
  (2): Linear(in_features=5, out_features=5, bias=True)
  (3): ReLU()
)
Sequential(
  (0): Linear(in_features=5, out_features=5, bias=True)
  (1): ReLU()
  (2): Linear(in_features=5, out_features=5, bias=True)
)
epoch: 0
epoch_0_loss:  1.0609308963163475
epoch: 1
epoch_1_loss:  1.0609308963163475
epoch: 2
epoch_2_loss:  1.0609308963163475
epoch: 3
epoch_3_loss:  1.0609308963163475
epoch: 4
epoch_4_loss:  1.0609308963163475
epoch: 5
epoch_5_loss:  1.0609308963163475
epoch: 6
epoch_6_loss:  1.0609308963163475
epoch: 7
epoch_7_loss:  1.0609308963163475
epoch: 8
epoch_8_loss:  1.0609308963163475
epoch: 9
epoch_9_loss:  1.0609308963163475
epoch: 10
epoch_10_loss:  1.0609308963163475
epoch: 11
epoch_11_loss:  1.0609308963163475
epoch: 12
epoch_12_loss:  1.0609308963163475
epoch: 13
epoch_13_loss:  1.0609308963163475
epoch: 14
epoch_14_loss:  1.0609308963163475
[1.0609308963163475, 1.0609308963163475, 1.0609308963163475, 1.0609308963163475, 1.0609308963163475, 1.0609308963163475, 1.0609308963163475, 1.0609308963163475, 1.0609308963163475, 1.0609308963163475, 1.0609308963163475, 1.0609308963163475, 1.0609308963163475, 1.0609308963163475, 1.0609308963163475]
[I 2022-11-13 12:26:18,964] Trial 91 finished with value: 1.0609308963163475 and parameters: {'optimizer': 'Adam', 'lr': 0.00020886196617789465, 'n_layers': 2, 'n_units_l0': 5, 'n_units_l1': 5}. Best is trial 82 with value: 1.030790233782338.
Sequential(
  (0): Linear(in_features=5, out_features=5, bias=True)
  (1): ReLU()
  (2): Linear(in_features=5, out_features=5, bias=True)
  (3): ReLU()
)
Sequential(
  (0): Linear(in_features=5, out_features=5, bias=True)
  (1): ReLU()
  (2): Linear(in_features=5, out_features=5, bias=True)
)
epoch: 0
epoch_0_loss:  1.118434999449253
epoch: 1
epoch_1_loss:  1.118434999449253
epoch: 2
epoch_2_loss:  1.118434999449253
epoch: 3
epoch_3_loss:  1.118434999449253
epoch: 4
epoch_4_loss:  1.118434999449253
epoch: 5
epoch_5_loss:  1.118434999449253
epoch: 6
epoch_6_loss:  1.118434999449253
epoch: 7
epoch_7_loss:  1.118434999449253
epoch: 8
epoch_8_loss:  1.118434999449253
epoch: 9
epoch_9_loss:  1.118434999449253
epoch: 10
epoch_10_loss:  1.118434999449253
epoch: 11
epoch_11_loss:  1.118434999449253
epoch: 12
epoch_12_loss:  1.118434999449253
epoch: 13
epoch_13_loss:  1.118434999449253
epoch: 14
epoch_14_loss:  1.118434999449253
[1.118434999449253, 1.118434999449253, 1.118434999449253, 1.118434999449253, 1.118434999449253, 1.118434999449253, 1.118434999449253, 1.118434999449253, 1.118434999449253, 1.118434999449253, 1.118434999449253, 1.118434999449253, 1.118434999449253, 1.118434999449253, 1.118434999449253]
[I 2022-11-13 12:27:15,370] Trial 92 finished with value: 1.118434999449253 and parameters: {'optimizer': 'Adam', 'lr': 0.00025664121968114193, 'n_layers': 2, 'n_units_l0': 5, 'n_units_l1': 5}. Best is trial 82 with value: 1.030790233782338.
Sequential(
  (0): Linear(in_features=5, out_features=5, bias=True)
  (1): ReLU()
  (2): Linear(in_features=5, out_features=5, bias=True)
  (3): ReLU()
)
Sequential(
  (0): Linear(in_features=5, out_features=5, bias=True)
  (1): ReLU()
  (2): Linear(in_features=5, out_features=5, bias=True)
)
epoch: 0
epoch_0_loss:  1.0825766485817658
epoch: 1
epoch_1_loss:  1.0825766485817658
epoch: 2
epoch_2_loss:  1.0825766485817658
epoch: 3
epoch_3_loss:  1.0825766485817658
epoch: 4
epoch_4_loss:  1.0825766485817658
epoch: 5
epoch_5_loss:  1.0825766485817658
epoch: 6
epoch_6_loss:  1.0825766485817658
epoch: 7
epoch_7_loss:  1.0825766485817658
epoch: 8
epoch_8_loss:  1.0825766485817658
epoch: 9
epoch_9_loss:  1.0825766485817658
epoch: 10
epoch_10_loss:  1.0825766485817658
epoch: 11
epoch_11_loss:  1.0825766485817658
epoch: 12
epoch_12_loss:  1.0825766485817658
epoch: 13
epoch_13_loss:  1.0825766485817658
epoch: 14
epoch_14_loss:  1.0825766485817658
[1.0825766485817658, 1.0825766485817658, 1.0825766485817658, 1.0825766485817658, 1.0825766485817658, 1.0825766485817658, 1.0825766485817658, 1.0825766485817658, 1.0825766485817658, 1.0825766485817658, 1.0825766485817658, 1.0825766485817658, 1.0825766485817658, 1.0825766485817658, 1.0825766485817658]
[I 2022-11-13 12:28:11,712] Trial 93 finished with value: 1.0825766485817658 and parameters: {'optimizer': 'Adam', 'lr': 0.00018458498525814366, 'n_layers': 2, 'n_units_l0': 5, 'n_units_l1': 5}. Best is trial 82 with value: 1.030790233782338.
Sequential(
  (0): Linear(in_features=5, out_features=5, bias=True)
  (1): ReLU()
  (2): Linear(in_features=5, out_features=5, bias=True)
  (3): ReLU()
)
Sequential(
  (0): Linear(in_features=5, out_features=5, bias=True)
  (1): ReLU()
  (2): Linear(in_features=5, out_features=5, bias=True)
)
epoch: 0
epoch_0_loss:  1.0692603734503279
epoch: 1
epoch_1_loss:  1.0692603734503279
epoch: 2
epoch_2_loss:  1.0692603734503279
epoch: 3
epoch_3_loss:  1.0692603734503279
epoch: 4
epoch_4_loss:  1.0692603734503279
epoch: 5
epoch_5_loss:  1.0692603734503279
epoch: 6
epoch_6_loss:  1.0692603734503279
epoch: 7
epoch_7_loss:  1.0692603734503279
epoch: 8
epoch_8_loss:  1.0692603734503279
epoch: 9
epoch_9_loss:  1.0692603734503279
epoch: 10
epoch_10_loss:  1.0692603734503279
epoch: 11
epoch_11_loss:  1.0692603734503279
epoch: 12
epoch_12_loss:  1.0692603734503279
epoch: 13
epoch_13_loss:  1.0692603734503279
epoch: 14
epoch_14_loss:  1.0692603734503279
[1.0692603734503279, 1.0692603734503279, 1.0692603734503279, 1.0692603734503279, 1.0692603734503279, 1.0692603734503279, 1.0692603734503279, 1.0692603734503279, 1.0692603734503279, 1.0692603734503279, 1.0692603734503279, 1.0692603734503279, 1.0692603734503279, 1.0692603734503279, 1.0692603734503279]
[I 2022-11-13 12:29:08,143] Trial 94 finished with value: 1.0692603734503279 and parameters: {'optimizer': 'Adam', 'lr': 0.0003203345311976821, 'n_layers': 2, 'n_units_l0': 5, 'n_units_l1': 5}. Best is trial 82 with value: 1.030790233782338.
Sequential(
  (0): Linear(in_features=5, out_features=5, bias=True)
  (1): ReLU()
)
Sequential(
  (0): Linear(in_features=5, out_features=5, bias=True)
)
epoch: 0
epoch_0_loss:  1.1977577281461727
epoch: 1
epoch_1_loss:  1.1977577281461727
epoch: 2
epoch_2_loss:  1.1977577281461727
epoch: 3
epoch_3_loss:  1.1977577281461727
epoch: 4
epoch_4_loss:  1.1977577281461727
epoch: 5
epoch_5_loss:  1.1977577281461727
epoch: 6
epoch_6_loss:  1.1977577281461727
epoch: 7
epoch_7_loss:  1.1977577281461727
epoch: 8
epoch_8_loss:  1.1977577281461727
epoch: 9
epoch_9_loss:  1.1977577281461727
epoch: 10
epoch_10_loss:  1.1977577281461727
epoch: 11
epoch_11_loss:  1.1977577281461727
epoch: 12
epoch_12_loss:  1.1977577281461727
epoch: 13
epoch_13_loss:  1.1977577281461727
epoch: 14
epoch_14_loss:  1.1977577281461727
[1.1977577281461727, 1.1977577281461727, 1.1977577281461727, 1.1977577281461727, 1.1977577281461727, 1.1977577281461727, 1.1977577281461727, 1.1977577281461727, 1.1977577281461727, 1.1977577281461727, 1.1977577281461727, 1.1977577281461727, 1.1977577281461727, 1.1977577281461727, 1.1977577281461727]
