[I 2022-11-13 19:32:12,318] Trial 21 finished with value: 1.0392119949735708 and parameters: {'optimizer': 'Adam', 'lr': 0.00031742132611959717, 'hidden_dim': 5, 'latent_dim': 5, 'mem_dim': 189}. Best is trial 15 with value: 1.0241701810728174.
build_Encoder(
  (FC_input): Linear(in_features=5, out_features=5, bias=True)
  (FC_input2): Linear(in_features=5, out_features=5, bias=True)
  (FC_mean): Linear(in_features=5, out_features=4, bias=True)
  (FC_var): Linear(in_features=5, out_features=4, bias=True)
  (LeakyReLU): LeakyReLU(negative_slope=0.01)
)
build_Decoder(
  (FC_hidden): Linear(in_features=4, out_features=5, bias=True)
  (FC_hidden2): Linear(in_features=5, out_features=5, bias=True)
  (FC_output): Linear(in_features=5, out_features=5, bias=True)
  (LeakyReLU): LeakyReLU(negative_slope=0.2)
)
epoch: 0
epoch_0_loss:  1.0550440776907613
epoch: 1
epoch_1_loss:  1.0550023535590174
epoch: 2
epoch_2_loss:  1.0550374917061236
epoch: 3
epoch_3_loss:  1.0550572182285516
epoch: 4
epoch_4_loss:  1.0549957982810316
epoch: 5
epoch_5_loss:  1.0550228007153684
epoch: 6
epoch_6_loss:  1.0550745309152396
epoch: 7
epoch_7_loss:  1.054919200416162
epoch: 8
epoch_8_loss:  1.054978385926528
epoch: 9
epoch_9_loss:  1.0549688430182746
epoch: 10
epoch_10_loss:  1.0549861290374105
epoch: 11
epoch_11_loss:  1.0549682476090305
epoch: 12
epoch_12_loss:  1.054990034088614
epoch: 13
epoch_13_loss:  1.0549107202802357
epoch: 14
epoch_14_loss:  1.0549809443613776
[1.0550440776907613, 1.0550023535590174, 1.0550374917061236, 1.0550572182285516, 1.0549957982810316, 1.0550228007153684, 1.0550745309152396, 1.054919200416162, 1.054978385926528, 1.0549688430182746, 1.0549861290374105, 1.0549682476090305, 1.054990034088614, 1.0549107202802357, 1.0549809443613776]
[I 2022-11-13 19:34:35,278] Trial 22 finished with value: 1.0549809443613776 and parameters: {'optimizer': 'Adam', 'lr': 0.0003502704756909587, 'hidden_dim': 5, 'latent_dim': 4, 'mem_dim': 199}. Best is trial 15 with value: 1.0241701810728174.
build_Encoder(
  (FC_input): Linear(in_features=5, out_features=5, bias=True)
  (FC_input2): Linear(in_features=5, out_features=5, bias=True)
  (FC_mean): Linear(in_features=5, out_features=3, bias=True)
  (FC_var): Linear(in_features=5, out_features=3, bias=True)
  (LeakyReLU): LeakyReLU(negative_slope=0.01)
)
build_Decoder(
  (FC_hidden): Linear(in_features=3, out_features=5, bias=True)
  (FC_hidden2): Linear(in_features=5, out_features=5, bias=True)
  (FC_output): Linear(in_features=5, out_features=5, bias=True)
  (LeakyReLU): LeakyReLU(negative_slope=0.2)
)
epoch: 0
epoch_0_loss:  1.0881078872976768
epoch: 1
epoch_1_loss:  1.0880778773472097
epoch: 2
epoch_2_loss:  1.0880568613275026
epoch: 3
epoch_3_loss:  1.0881720479241086
epoch: 4
epoch_4_loss:  1.0880563051402787
epoch: 5
epoch_5_loss:  1.0880773634796124
epoch: 6
epoch_6_loss:  1.088214542850272
epoch: 7
epoch_7_loss:  1.0881403370510534
epoch: 8
epoch_8_loss:  1.0880931006642531
epoch: 9
epoch_9_loss:  1.0881339985113387
epoch: 10
epoch_10_loss:  1.0880704383372068
epoch: 11
epoch_11_loss:  1.0881111770338874
epoch: 12
epoch_12_loss:  1.0881048393889832
epoch: 13
epoch_13_loss:  1.088098998345566
epoch: 14
epoch_14_loss:  1.0880736462467797
[1.0881078872976768, 1.0880778773472097, 1.0880568613275026, 1.0881720479241086, 1.0880563051402787, 1.0880773634796124, 1.088214542850272, 1.0881403370510534, 1.0880931006642531, 1.0881339985113387, 1.0880704383372068, 1.0881111770338874, 1.0881048393889832, 1.088098998345566, 1.0880736462467797]
[I 2022-11-13 19:36:58,457] Trial 23 finished with value: 1.0880736462467797 and parameters: {'optimizer': 'Adam', 'lr': 0.00011915417242350994, 'hidden_dim': 5, 'latent_dim': 3, 'mem_dim': 197}. Best is trial 15 with value: 1.0241701810728174.
build_Encoder(
  (FC_input): Linear(in_features=5, out_features=5, bias=True)
  (FC_input2): Linear(in_features=5, out_features=5, bias=True)
  (FC_mean): Linear(in_features=5, out_features=5, bias=True)
  (FC_var): Linear(in_features=5, out_features=5, bias=True)
  (LeakyReLU): LeakyReLU(negative_slope=0.01)
)
build_Decoder(
  (FC_hidden): Linear(in_features=5, out_features=5, bias=True)
  (FC_hidden2): Linear(in_features=5, out_features=5, bias=True)
  (FC_output): Linear(in_features=5, out_features=5, bias=True)
  (LeakyReLU): LeakyReLU(negative_slope=0.2)
)
epoch: 0
epoch_0_loss:  1.2012865105873374
epoch: 1
epoch_1_loss:  1.2011302878738004
epoch: 2
epoch_2_loss:  1.2011172400625254
epoch: 3
epoch_3_loss:  1.2012339862417174
epoch: 4
epoch_4_loss:  1.201116709806676
epoch: 5
epoch_5_loss:  1.2011811478090588
epoch: 6
epoch_6_loss:  1.2011843286212132
epoch: 7
epoch_7_loss:  1.2010512041468908
epoch: 8
epoch_8_loss:  1.2011287649801339
epoch: 9
epoch_9_loss:  1.2012708849562852
epoch: 10
epoch_10_loss:  1.201155937142207
epoch: 11
epoch_11_loss:  1.201237765697382
epoch: 12
epoch_12_loss:  1.2012413908886295
epoch: 13
epoch_13_loss:  1.2011650520927413
epoch: 14
epoch_14_loss:  1.2011845003770734
[1.2012865105873374, 1.2011302878738004, 1.2011172400625254, 1.2012339862417174, 1.201116709806676, 1.2011811478090588, 1.2011843286212132, 1.2010512041468908, 1.2011287649801339, 1.2012708849562852, 1.201155937142207, 1.201237765697382, 1.2012413908886295, 1.2011650520927413, 1.2011845003770734]
[I 2022-11-13 19:39:22,644] Trial 24 finished with value: 1.2011845003770734 and parameters: {'optimizer': 'Adam', 'lr': 0.000627514894677079, 'hidden_dim': 5, 'latent_dim': 5, 'mem_dim': 260}. Best is trial 15 with value: 1.0241701810728174.
build_Encoder(
  (FC_input): Linear(in_features=5, out_features=4, bias=True)
  (FC_input2): Linear(in_features=4, out_features=4, bias=True)
  (FC_mean): Linear(in_features=4, out_features=4, bias=True)
  (FC_var): Linear(in_features=4, out_features=4, bias=True)
  (LeakyReLU): LeakyReLU(negative_slope=0.01)
)
build_Decoder(
  (FC_hidden): Linear(in_features=4, out_features=4, bias=True)
  (FC_hidden2): Linear(in_features=4, out_features=4, bias=True)
  (FC_output): Linear(in_features=4, out_features=5, bias=True)
  (LeakyReLU): LeakyReLU(negative_slope=0.2)
)
epoch: 0
epoch_0_loss:  1.0829249369129184
epoch: 1
epoch_1_loss:  1.082986008984268
epoch: 2
epoch_2_loss:  1.0828096101997309
epoch: 3
epoch_3_loss:  1.0827911790432052
epoch: 4
epoch_4_loss:  1.0829414211999122
epoch: 5
epoch_5_loss:  1.0829251999490186
epoch: 6
epoch_6_loss:  1.082961581485634
epoch: 7
epoch_7_loss:  1.0828495882881204
epoch: 8
epoch_8_loss:  1.082849664904268
epoch: 9
epoch_9_loss:  1.0829251399674502
epoch: 10
epoch_10_loss:  1.0828694902177618
epoch: 11
epoch_11_loss:  1.082934592655166
epoch: 12
epoch_12_loss:  1.0828955348141494
epoch: 13
epoch_13_loss:  1.0828344021479563
epoch: 14
epoch_14_loss:  1.0828870413116187
[1.0829249369129184, 1.082986008984268, 1.0828096101997309, 1.0827911790432052, 1.0829414211999122, 1.0829251999490186, 1.082961581485634, 1.0828495882881204, 1.082849664904268, 1.0829251399674502, 1.0828694902177618, 1.082934592655166, 1.0828955348141494, 1.0828344021479563, 1.0828870413116187]
[I 2022-11-13 19:41:36,540] Trial 25 finished with value: 1.0828870413116187 and parameters: {'optimizer': 'Adam', 'lr': 6.421976944113963e-05, 'hidden_dim': 4, 'latent_dim': 4, 'mem_dim': 119}. Best is trial 15 with value: 1.0241701810728174.
build_Encoder(
  (FC_input): Linear(in_features=5, out_features=5, bias=True)
  (FC_input2): Linear(in_features=5, out_features=5, bias=True)
  (FC_mean): Linear(in_features=5, out_features=4, bias=True)
  (FC_var): Linear(in_features=5, out_features=4, bias=True)
  (LeakyReLU): LeakyReLU(negative_slope=0.01)
)
build_Decoder(
  (FC_hidden): Linear(in_features=4, out_features=5, bias=True)
  (FC_hidden2): Linear(in_features=5, out_features=5, bias=True)
  (FC_output): Linear(in_features=5, out_features=5, bias=True)
  (LeakyReLU): LeakyReLU(negative_slope=0.2)
)
epoch: 0
epoch_0_loss:  1.1140527382881091
epoch: 1
epoch_1_loss:  1.1136784974393834
epoch: 2
epoch_2_loss:  1.1140024709259426
epoch: 3
epoch_3_loss:  1.1137585407115145
epoch: 4
epoch_4_loss:  1.114015416709278
epoch: 5
epoch_5_loss:  1.1139564391181762
epoch: 6
epoch_6_loss:  1.1137222783158587
epoch: 7
epoch_7_loss:  1.1138037050534608
epoch: 8
epoch_8_loss:  1.1137056003335901
epoch: 9
epoch_9_loss:  1.1141630069836994
epoch: 10
epoch_10_loss:  1.1135051856487697
epoch: 11
epoch_11_loss:  1.113678474136759
epoch: 12
epoch_12_loss:  1.113841035191801
epoch: 13
epoch_13_loss:  1.113816079839822
epoch: 14
epoch_14_loss:  1.1136659623085368
[1.1140527382881091, 1.1136784974393834, 1.1140024709259426, 1.1137585407115145, 1.114015416709278, 1.1139564391181762, 1.1137222783158587, 1.1138037050534608, 1.1137056003335901, 1.1141630069836994, 1.1135051856487697, 1.113678474136759, 1.113841035191801, 1.113816079839822, 1.1136659623085368]
[I 2022-11-13 19:43:59,450] Trial 26 finished with value: 1.1136659623085368 and parameters: {'optimizer': 'Adam', 'lr': 0.00015964334816112697, 'hidden_dim': 5, 'latent_dim': 4, 'mem_dim': 213}. Best is trial 15 with value: 1.0241701810728174.
build_Encoder(
  (FC_input): Linear(in_features=5, out_features=4, bias=True)
  (FC_input2): Linear(in_features=4, out_features=4, bias=True)
  (FC_mean): Linear(in_features=4, out_features=3, bias=True)
  (FC_var): Linear(in_features=4, out_features=3, bias=True)
  (LeakyReLU): LeakyReLU(negative_slope=0.01)
)
build_Decoder(
  (FC_hidden): Linear(in_features=3, out_features=4, bias=True)
  (FC_hidden2): Linear(in_features=4, out_features=4, bias=True)
  (FC_output): Linear(in_features=4, out_features=5, bias=True)
  (LeakyReLU): LeakyReLU(negative_slope=0.2)
)
epoch: 0
epoch_0_loss:  1.1372875913735598
epoch: 1
epoch_1_loss:  1.1376156149903072
epoch: 2
epoch_2_loss:  1.1372748781021687
epoch: 3
epoch_3_loss:  1.1374641133212045
epoch: 4
epoch_4_loss:  1.1373776240778701
epoch: 5
epoch_5_loss:  1.1372769619076109
epoch: 6
epoch_6_loss:  1.1374318904713634
epoch: 7
epoch_7_loss:  1.137282635495004
epoch: 8
epoch_8_loss:  1.137324154731674
epoch: 9
epoch_9_loss:  1.137423174774983
epoch: 10
epoch_10_loss:  1.1371341229045309
epoch: 11
epoch_11_loss:  1.1372842439399466
epoch: 12
epoch_12_loss:  1.1372586067424824
epoch: 13
epoch_13_loss:  1.1374629046408045
epoch: 14
epoch_14_loss:  1.1374761348632505
[1.1372875913735598, 1.1376156149903072, 1.1372748781021687, 1.1374641133212045, 1.1373776240778701, 1.1372769619076109, 1.1374318904713634, 1.137282635495004, 1.137324154731674, 1.137423174774983, 1.1371341229045309, 1.1372842439399466, 1.1372586067424824, 1.1374629046408045, 1.1374761348632505]
[I 2022-11-13 19:46:21,327] Trial 27 finished with value: 1.1374761348632505 and parameters: {'optimizer': 'Adam', 'lr': 4.131194333229752e-05, 'hidden_dim': 4, 'latent_dim': 3, 'mem_dim': 176}. Best is trial 15 with value: 1.0241701810728174.
build_Encoder(
  (FC_input): Linear(in_features=5, out_features=5, bias=True)
  (FC_input2): Linear(in_features=5, out_features=5, bias=True)
  (FC_mean): Linear(in_features=5, out_features=5, bias=True)
  (FC_var): Linear(in_features=5, out_features=5, bias=True)
  (LeakyReLU): LeakyReLU(negative_slope=0.01)
)
build_Decoder(
  (FC_hidden): Linear(in_features=5, out_features=5, bias=True)
  (FC_hidden2): Linear(in_features=5, out_features=5, bias=True)
  (FC_output): Linear(in_features=5, out_features=5, bias=True)
  (LeakyReLU): LeakyReLU(negative_slope=0.2)
)
epoch: 0
epoch_0_loss:  1.1409278301635846
epoch: 1
epoch_1_loss:  1.1409370137305028
epoch: 2
epoch_2_loss:  1.1409161735189912
epoch: 3
epoch_3_loss:  1.1411706013252916
epoch: 4
epoch_4_loss:  1.1409578925928139
epoch: 5
epoch_5_loss:  1.1408703235653235
epoch: 6
epoch_6_loss:  1.1411305534828364
epoch: 7
epoch_7_loss:  1.1409222573070343
epoch: 8
epoch_8_loss:  1.1408787637293596
epoch: 9
epoch_9_loss:  1.1408800464066111
epoch: 10
epoch_10_loss:  1.1408684965786666
epoch: 11
epoch_11_loss:  1.1407508669727258
epoch: 12
epoch_12_loss:  1.1409323255312938
epoch: 13
epoch_13_loss:  1.1409812605168093
epoch: 14
epoch_14_loss:  1.1408292729856389
[1.1409278301635846, 1.1409370137305028, 1.1409161735189912, 1.1411706013252916, 1.1409578925928139, 1.1408703235653235, 1.1411305534828364, 1.1409222573070343, 1.1408787637293596, 1.1408800464066111, 1.1408684965786666, 1.1407508669727258, 1.1409323255312938, 1.1409812605168093, 1.1408292729856389]
[I 2022-11-13 19:49:32,426] Trial 28 finished with value: 1.1408292729856389 and parameters: {'optimizer': 'Adam', 'lr': 1.5252291826007025e-05, 'hidden_dim': 5, 'latent_dim': 5, 'mem_dim': 153}. Best is trial 15 with value: 1.0241701810728174.
build_Encoder(
  (FC_input): Linear(in_features=5, out_features=5, bias=True)
  (FC_input2): Linear(in_features=5, out_features=5, bias=True)
  (FC_mean): Linear(in_features=5, out_features=5, bias=True)
  (FC_var): Linear(in_features=5, out_features=5, bias=True)
  (LeakyReLU): LeakyReLU(negative_slope=0.01)
)
build_Decoder(
  (FC_hidden): Linear(in_features=5, out_features=5, bias=True)
  (FC_hidden2): Linear(in_features=5, out_features=5, bias=True)
  (FC_output): Linear(in_features=5, out_features=5, bias=True)
  (LeakyReLU): LeakyReLU(negative_slope=0.2)
)
epoch: 0
epoch_0_loss:  1.057817726130789
epoch: 1
epoch_1_loss:  1.057853490245656
epoch: 2
epoch_2_loss:  1.0578829792774933
epoch: 3
epoch_3_loss:  1.0578806716672298
epoch: 4
epoch_4_loss:  1.057889061089312
epoch: 5
epoch_5_loss:  1.057924021014047
epoch: 6
epoch_6_loss:  1.0578745756584143
epoch: 7
epoch_7_loss:  1.0580672885188784
epoch: 8
epoch_8_loss:  1.0580503169892632
epoch: 9
epoch_9_loss:  1.0581493064989624
epoch: 10
epoch_10_loss:  1.0580127781960675
epoch: 11
epoch_11_loss:  1.057923440656903
epoch: 12
epoch_12_loss:  1.0579787047579363
epoch: 13
epoch_13_loss:  1.0578735427416128
epoch: 14
epoch_14_loss:  1.057926228127537
[1.057817726130789, 1.057853490245656, 1.0578829792774933, 1.0578806716672298, 1.057889061089312, 1.057924021014047, 1.0578745756584143, 1.0580672885188784, 1.0580503169892632, 1.0581493064989624, 1.0580127781960675, 1.057923440656903, 1.0579787047579363, 1.0578735427416128, 1.057926228127537]
[I 2022-11-13 19:51:54,923] Trial 29 finished with value: 1.057926228127537 and parameters: {'optimizer': 'Adam', 'lr': 0.00027169637870772754, 'hidden_dim': 5, 'latent_dim': 5, 'mem_dim': 189}. Best is trial 15 with value: 1.0241701810728174.
build_Encoder(
  (FC_input): Linear(in_features=5, out_features=5, bias=True)
  (FC_input2): Linear(in_features=5, out_features=5, bias=True)
  (FC_mean): Linear(in_features=5, out_features=4, bias=True)
  (FC_var): Linear(in_features=5, out_features=4, bias=True)
  (LeakyReLU): LeakyReLU(negative_slope=0.01)
)
build_Decoder(
  (FC_hidden): Linear(in_features=4, out_features=5, bias=True)
  (FC_hidden2): Linear(in_features=5, out_features=5, bias=True)
  (FC_output): Linear(in_features=5, out_features=5, bias=True)
  (LeakyReLU): LeakyReLU(negative_slope=0.2)
)
epoch: 0
epoch_0_loss:  1.0910313049696692
epoch: 1
epoch_1_loss:  1.0910517147084862
epoch: 2
epoch_2_loss:  1.0910773455985938
epoch: 3
epoch_3_loss:  1.0910811807625271
epoch: 4
epoch_4_loss:  1.0910246879765668
epoch: 5
epoch_5_loss:  1.0910468195395262
epoch: 6
epoch_6_loss:  1.0910241465412605
epoch: 7
epoch_7_loss:  1.0910684604000054
epoch: 8
epoch_8_loss:  1.0909447157377332
epoch: 9
epoch_9_loss:  1.0910402655844569
epoch: 10
epoch_10_loss:  1.0910278579687793
epoch: 11
epoch_11_loss:  1.0910031402271552
epoch: 12
epoch_12_loss:  1.0910963888629046
epoch: 13
epoch_13_loss:  1.0910365359238405
epoch: 14
epoch_14_loss:  1.0910606358326278
[1.0910313049696692, 1.0910517147084862, 1.0910773455985938, 1.0910811807625271, 1.0910246879765668, 1.0910468195395262, 1.0910241465412605, 1.0910684604000054, 1.0909447157377332, 1.0910402655844569, 1.0910278579687793, 1.0910031402271552, 1.0910963888629046, 1.0910365359238405, 1.0910606358326278]
[I 2022-11-13 19:54:08,467] Trial 30 finished with value: 1.0910606358326278 and parameters: {'optimizer': 'Adam', 'lr': 0.0003533843391437664, 'hidden_dim': 5, 'latent_dim': 4, 'mem_dim': 69}. Best is trial 15 with value: 1.0241701810728174.
build_Encoder(
  (FC_input): Linear(in_features=5, out_features=5, bias=True)
  (FC_input2): Linear(in_features=5, out_features=5, bias=True)
  (FC_mean): Linear(in_features=5, out_features=5, bias=True)
  (FC_var): Linear(in_features=5, out_features=5, bias=True)
  (LeakyReLU): LeakyReLU(negative_slope=0.01)
)
build_Decoder(
  (FC_hidden): Linear(in_features=5, out_features=5, bias=True)
  (FC_hidden2): Linear(in_features=5, out_features=5, bias=True)
  (FC_output): Linear(in_features=5, out_features=5, bias=True)
  (LeakyReLU): LeakyReLU(negative_slope=0.2)
)
epoch: 0
epoch_0_loss:  1.02863846048405
epoch: 1
epoch_1_loss:  1.028651660796984
epoch: 2
epoch_2_loss:  1.0287883607814106
epoch: 3
epoch_3_loss:  1.0286733328542916
epoch: 4
epoch_4_loss:  1.0287506223805676
epoch: 5
epoch_5_loss:  1.028682039938742
epoch: 6
epoch_6_loss:  1.0286767615826378
epoch: 7
epoch_7_loss:  1.0286804390210555
epoch: 8
epoch_8_loss:  1.0286171699283908
epoch: 9
epoch_9_loss:  1.0287246401871608
epoch: 10
epoch_10_loss:  1.0287516599205992
epoch: 11
epoch_11_loss:  1.0287109008356219
epoch: 12
epoch_12_loss:  1.0288108110107592
epoch: 13
epoch_13_loss:  1.0287232293959396
epoch: 14
epoch_14_loss:  1.0287517137169313
[1.02863846048405, 1.028651660796984, 1.0287883607814106, 1.0286733328542916, 1.0287506223805676, 1.028682039938742, 1.0286767615826378, 1.0286804390210555, 1.0286171699283908, 1.0287246401871608, 1.0287516599205992, 1.0287109008356219, 1.0288108110107592, 1.0287232293959396, 1.0287517137169313]
[I 2022-11-13 19:56:31,123] Trial 31 finished with value: 1.0287517137169313 and parameters: {'optimizer': 'Adam', 'lr': 0.0005929248468336006, 'hidden_dim': 5, 'latent_dim': 5, 'mem_dim': 169}. Best is trial 15 with value: 1.0241701810728174.
build_Encoder(
  (FC_input): Linear(in_features=5, out_features=5, bias=True)
  (FC_input2): Linear(in_features=5, out_features=5, bias=True)
  (FC_mean): Linear(in_features=5, out_features=5, bias=True)
  (FC_var): Linear(in_features=5, out_features=5, bias=True)
  (LeakyReLU): LeakyReLU(negative_slope=0.01)
)
build_Decoder(
  (FC_hidden): Linear(in_features=5, out_features=5, bias=True)
  (FC_hidden2): Linear(in_features=5, out_features=5, bias=True)
  (FC_output): Linear(in_features=5, out_features=5, bias=True)
  (LeakyReLU): LeakyReLU(negative_slope=0.2)
)
epoch: 0
epoch_0_loss:  1.0495594539310553
epoch: 1
epoch_1_loss:  1.0495851116151387
epoch: 2
epoch_2_loss:  1.049738094027933
epoch: 3
epoch_3_loss:  1.0496826932706342
epoch: 4
epoch_4_loss:  1.049596485596028
epoch: 5
epoch_5_loss:  1.049546780582654
epoch: 6
epoch_6_loss:  1.0496726153920204
epoch: 7
epoch_7_loss:  1.0495500774549185
epoch: 8
epoch_8_loss:  1.0497140779102065
epoch: 9
epoch_9_loss:  1.049594723358719
epoch: 10
epoch_10_loss:  1.0495407495717304
epoch: 11
epoch_11_loss:  1.0495929605819418
epoch: 12
epoch_12_loss:  1.0495485495619457
epoch: 13
epoch_13_loss:  1.0496260816548504
epoch: 14
epoch_14_loss:  1.0496749363983588
[1.0495594539310553, 1.0495851116151387, 1.049738094027933, 1.0496826932706342, 1.049596485596028, 1.049546780582654, 1.0496726153920204, 1.0495500774549185, 1.0497140779102065, 1.049594723358719, 1.0495407495717304, 1.0495929605819418, 1.0495485495619457, 1.0496260816548504, 1.0496749363983588]
[I 2022-11-13 19:58:53,699] Trial 32 finished with value: 1.0496749363983588 and parameters: {'optimizer': 'Adam', 'lr': 0.0006413626912173488, 'hidden_dim': 5, 'latent_dim': 5, 'mem_dim': 177}. Best is trial 15 with value: 1.0241701810728174.
build_Encoder(
  (FC_input): Linear(in_features=5, out_features=5, bias=True)
  (FC_input2): Linear(in_features=5, out_features=5, bias=True)
  (FC_mean): Linear(in_features=5, out_features=5, bias=True)
  (FC_var): Linear(in_features=5, out_features=5, bias=True)
  (LeakyReLU): LeakyReLU(negative_slope=0.01)
)
build_Decoder(
  (FC_hidden): Linear(in_features=5, out_features=5, bias=True)
  (FC_hidden2): Linear(in_features=5, out_features=5, bias=True)
  (FC_output): Linear(in_features=5, out_features=5, bias=True)
  (LeakyReLU): LeakyReLU(negative_slope=0.2)
)
epoch: 0
epoch_0_loss:  1.0734807364199257
epoch: 1
epoch_1_loss:  1.0735873736444266
epoch: 2
epoch_2_loss:  1.073461370042428
epoch: 3
epoch_3_loss:  1.0735647918823903
epoch: 4
epoch_4_loss:  1.073525585473581
epoch: 5
epoch_5_loss:  1.0734712390525898
epoch: 6
epoch_6_loss:  1.0735399999048898
epoch: 7
epoch_7_loss:  1.0733719062241636
epoch: 8
epoch_8_loss:  1.0734118927891925
epoch: 9
epoch_9_loss:  1.0734850417695327
epoch: 10
epoch_10_loss:  1.0734684160049641
epoch: 11
epoch_11_loss:  1.0735707651167583
epoch: 12
epoch_12_loss:  1.0735743374881148
epoch: 13
epoch_13_loss:  1.0735884108602818
epoch: 14
epoch_14_loss:  1.0734236976515175
[1.0734807364199257, 1.0735873736444266, 1.073461370042428, 1.0735647918823903, 1.073525585473581, 1.0734712390525898, 1.0735399999048898, 1.0733719062241636, 1.0734118927891925, 1.0734850417695327, 1.0734684160049641, 1.0735707651167583, 1.0735743374881148, 1.0735884108602818, 1.0734236976515175]
