[I 2022-11-13 13:49:31,372] Trial 180 finished with value: 1.1006388501847046 and parameters: {'optimizer': 'Adam', 'lr': 0.0003075724397034688, 'n_layers': 2, 'n_units_l0': 5, 'n_units_l1': 4}. Best is trial 126 with value: 1.0114372774826383.
Sequential(
  (0): Linear(in_features=5, out_features=5, bias=True)
  (1): ReLU()
  (2): Linear(in_features=5, out_features=4, bias=True)
  (3): ReLU()
)
Sequential(
  (0): Linear(in_features=4, out_features=5, bias=True)
  (1): ReLU()
  (2): Linear(in_features=5, out_features=5, bias=True)
)
epoch: 0
epoch_0_loss:  1.0597053975457844
epoch: 1
epoch_1_loss:  1.0597053975457844
epoch: 2
epoch_2_loss:  1.0597053975457844
epoch: 3
epoch_3_loss:  1.0597053975457844
epoch: 4
epoch_4_loss:  1.0597053975457844
epoch: 5
epoch_5_loss:  1.0597053975457844
epoch: 6
epoch_6_loss:  1.0597053975457844
epoch: 7
epoch_7_loss:  1.0597053975457844
epoch: 8
epoch_8_loss:  1.0597053975457844
epoch: 9
epoch_9_loss:  1.0597053975457844
epoch: 10
epoch_10_loss:  1.0597053975457844
epoch: 11
epoch_11_loss:  1.0597053975457844
epoch: 12
epoch_12_loss:  1.0597053975457844
epoch: 13
epoch_13_loss:  1.0597053975457844
epoch: 14
epoch_14_loss:  1.0597053975457844
[1.0597053975457844, 1.0597053975457844, 1.0597053975457844, 1.0597053975457844, 1.0597053975457844, 1.0597053975457844, 1.0597053975457844, 1.0597053975457844, 1.0597053975457844, 1.0597053975457844, 1.0597053975457844, 1.0597053975457844, 1.0597053975457844, 1.0597053975457844, 1.0597053975457844]
[I 2022-11-13 13:50:27,751] Trial 181 finished with value: 1.0597053975457844 and parameters: {'optimizer': 'Adam', 'lr': 0.00033068952284110174, 'n_layers': 2, 'n_units_l0': 5, 'n_units_l1': 4}. Best is trial 126 with value: 1.0114372774826383.
Sequential(
  (0): Linear(in_features=5, out_features=5, bias=True)
  (1): ReLU()
  (2): Linear(in_features=5, out_features=4, bias=True)
  (3): ReLU()
)
Sequential(
  (0): Linear(in_features=4, out_features=5, bias=True)
  (1): ReLU()
  (2): Linear(in_features=5, out_features=5, bias=True)
)
epoch: 0
epoch_0_loss:  1.0450150878232538
epoch: 1
epoch_1_loss:  1.0450150878232538
epoch: 2
epoch_2_loss:  1.0450150878232538
epoch: 3
epoch_3_loss:  1.0450150878232538
epoch: 4
epoch_4_loss:  1.0450150878232538
epoch: 5
epoch_5_loss:  1.0450150878232538
epoch: 6
epoch_6_loss:  1.0450150878232538
epoch: 7
epoch_7_loss:  1.0450150878232538
epoch: 8
epoch_8_loss:  1.0450150878232538
epoch: 9
epoch_9_loss:  1.0450150878232538
epoch: 10
epoch_10_loss:  1.0450150878232538
epoch: 11
epoch_11_loss:  1.0450150878232538
epoch: 12
epoch_12_loss:  1.0450150878232538
epoch: 13
epoch_13_loss:  1.0450150878232538
epoch: 14
epoch_14_loss:  1.0450150878232538
[1.0450150878232538, 1.0450150878232538, 1.0450150878232538, 1.0450150878232538, 1.0450150878232538, 1.0450150878232538, 1.0450150878232538, 1.0450150878232538, 1.0450150878232538, 1.0450150878232538, 1.0450150878232538, 1.0450150878232538, 1.0450150878232538, 1.0450150878232538, 1.0450150878232538]
[I 2022-11-13 13:51:23,987] Trial 182 finished with value: 1.0450150878232538 and parameters: {'optimizer': 'Adam', 'lr': 0.0003850269288883731, 'n_layers': 2, 'n_units_l0': 5, 'n_units_l1': 4}. Best is trial 126 with value: 1.0114372774826383.
Sequential(
  (0): Linear(in_features=5, out_features=5, bias=True)
  (1): ReLU()
  (2): Linear(in_features=5, out_features=4, bias=True)
  (3): ReLU()
)
Sequential(
  (0): Linear(in_features=4, out_features=5, bias=True)
  (1): ReLU()
  (2): Linear(in_features=5, out_features=5, bias=True)
)
epoch: 0
epoch_0_loss:  1.1376764882002282
epoch: 1
epoch_1_loss:  1.1376764882002282
epoch: 2
epoch_2_loss:  1.1376764882002282
epoch: 3
epoch_3_loss:  1.1376764882002282
epoch: 4
epoch_4_loss:  1.1376764882002282
epoch: 5
epoch_5_loss:  1.1376764882002282
epoch: 6
epoch_6_loss:  1.1376764882002282
epoch: 7
epoch_7_loss:  1.1376764882002282
epoch: 8
epoch_8_loss:  1.1376764882002282
epoch: 9
epoch_9_loss:  1.1376764882002282
epoch: 10
epoch_10_loss:  1.1376764882002282
epoch: 11
epoch_11_loss:  1.1376764882002282
epoch: 12
epoch_12_loss:  1.1376764882002282
epoch: 13
epoch_13_loss:  1.1376764882002282
epoch: 14
epoch_14_loss:  1.1376764882002282
[1.1376764882002282, 1.1376764882002282, 1.1376764882002282, 1.1376764882002282, 1.1376764882002282, 1.1376764882002282, 1.1376764882002282, 1.1376764882002282, 1.1376764882002282, 1.1376764882002282, 1.1376764882002282, 1.1376764882002282, 1.1376764882002282, 1.1376764882002282, 1.1376764882002282]
[I 2022-11-13 13:52:20,438] Trial 183 finished with value: 1.1376764882002282 and parameters: {'optimizer': 'Adam', 'lr': 0.0004006247601284034, 'n_layers': 2, 'n_units_l0': 5, 'n_units_l1': 4}. Best is trial 126 with value: 1.0114372774826383.
Sequential(
  (0): Linear(in_features=5, out_features=5, bias=True)
  (1): ReLU()
  (2): Linear(in_features=5, out_features=4, bias=True)
  (3): ReLU()
)
Sequential(
  (0): Linear(in_features=4, out_features=5, bias=True)
  (1): ReLU()
  (2): Linear(in_features=5, out_features=5, bias=True)
)
epoch: 0
epoch_0_loss:  1.0565821685171308
epoch: 1
epoch_1_loss:  1.0565821685171308
epoch: 2
epoch_2_loss:  1.0565821685171308
epoch: 3
epoch_3_loss:  1.0565821685171308
epoch: 4
epoch_4_loss:  1.0565821685171308
epoch: 5
epoch_5_loss:  1.0565821685171308
epoch: 6
epoch_6_loss:  1.0565821685171308
epoch: 7
epoch_7_loss:  1.0565821685171308
epoch: 8
epoch_8_loss:  1.0565821685171308
epoch: 9
epoch_9_loss:  1.0565821685171308
epoch: 10
epoch_10_loss:  1.0565821685171308
epoch: 11
epoch_11_loss:  1.0565821685171308
epoch: 12
epoch_12_loss:  1.0565821685171308
epoch: 13
epoch_13_loss:  1.0565821685171308
epoch: 14
epoch_14_loss:  1.0565821685171308
[1.0565821685171308, 1.0565821685171308, 1.0565821685171308, 1.0565821685171308, 1.0565821685171308, 1.0565821685171308, 1.0565821685171308, 1.0565821685171308, 1.0565821685171308, 1.0565821685171308, 1.0565821685171308, 1.0565821685171308, 1.0565821685171308, 1.0565821685171308, 1.0565821685171308]
[I 2022-11-13 13:53:16,929] Trial 184 finished with value: 1.0565821685171308 and parameters: {'optimizer': 'Adam', 'lr': 0.00010047062604576134, 'n_layers': 2, 'n_units_l0': 5, 'n_units_l1': 4}. Best is trial 126 with value: 1.0114372774826383.
Sequential(
  (0): Linear(in_features=5, out_features=5, bias=True)
  (1): ReLU()
  (2): Linear(in_features=5, out_features=4, bias=True)
  (3): ReLU()
)
Sequential(
  (0): Linear(in_features=4, out_features=5, bias=True)
  (1): ReLU()
  (2): Linear(in_features=5, out_features=5, bias=True)
)
epoch: 0
epoch_0_loss:  1.079339279702183
epoch: 1
epoch_1_loss:  1.079339279702183
epoch: 2
epoch_2_loss:  1.079339279702183
epoch: 3
epoch_3_loss:  1.079339279702183
epoch: 4
epoch_4_loss:  1.079339279702183
epoch: 5
epoch_5_loss:  1.079339279702183
epoch: 6
epoch_6_loss:  1.079339279702183
epoch: 7
epoch_7_loss:  1.079339279702183
epoch: 8
epoch_8_loss:  1.079339279702183
epoch: 9
epoch_9_loss:  1.079339279702183
epoch: 10
epoch_10_loss:  1.079339279702183
epoch: 11
epoch_11_loss:  1.079339279702183
epoch: 12
epoch_12_loss:  1.079339279702183
epoch: 13
epoch_13_loss:  1.079339279702183
epoch: 14
epoch_14_loss:  1.079339279702183
[1.079339279702183, 1.079339279702183, 1.079339279702183, 1.079339279702183, 1.079339279702183, 1.079339279702183, 1.079339279702183, 1.079339279702183, 1.079339279702183, 1.079339279702183, 1.079339279702183, 1.079339279702183, 1.079339279702183, 1.079339279702183, 1.079339279702183]
[I 2022-11-13 13:54:13,382] Trial 185 finished with value: 1.079339279702183 and parameters: {'optimizer': 'Adam', 'lr': 0.00036447921780756036, 'n_layers': 2, 'n_units_l0': 5, 'n_units_l1': 4}. Best is trial 126 with value: 1.0114372774826383.
Sequential(
  (0): Linear(in_features=5, out_features=5, bias=True)
  (1): ReLU()
  (2): Linear(in_features=5, out_features=5, bias=True)
  (3): ReLU()
)
Sequential(
  (0): Linear(in_features=5, out_features=5, bias=True)
  (1): ReLU()
  (2): Linear(in_features=5, out_features=5, bias=True)
)
epoch: 0
epoch_0_loss:  1.0490775303478301
epoch: 1
epoch_1_loss:  1.0490775303478301
epoch: 2
epoch_2_loss:  1.0490775303478301
epoch: 3
epoch_3_loss:  1.0490775303478301
epoch: 4
epoch_4_loss:  1.0490775303478301
epoch: 5
epoch_5_loss:  1.0490775303478301
epoch: 6
epoch_6_loss:  1.0490775303478301
epoch: 7
epoch_7_loss:  1.0490775303478301
epoch: 8
epoch_8_loss:  1.0490775303478301
epoch: 9
epoch_9_loss:  1.0490775303478301
epoch: 10
epoch_10_loss:  1.0490775303478301
epoch: 11
epoch_11_loss:  1.0490775303478301
epoch: 12
epoch_12_loss:  1.0490775303478301
epoch: 13
epoch_13_loss:  1.0490775303478301
epoch: 14
epoch_14_loss:  1.0490775303478301
[1.0490775303478301, 1.0490775303478301, 1.0490775303478301, 1.0490775303478301, 1.0490775303478301, 1.0490775303478301, 1.0490775303478301, 1.0490775303478301, 1.0490775303478301, 1.0490775303478301, 1.0490775303478301, 1.0490775303478301, 1.0490775303478301, 1.0490775303478301, 1.0490775303478301]
[I 2022-11-13 13:55:09,734] Trial 186 finished with value: 1.0490775303478301 and parameters: {'optimizer': 'Adam', 'lr': 0.00028047677127876497, 'n_layers': 2, 'n_units_l0': 5, 'n_units_l1': 5}. Best is trial 126 with value: 1.0114372774826383.
Sequential(
  (0): Linear(in_features=5, out_features=5, bias=True)
  (1): ReLU()
  (2): Linear(in_features=5, out_features=4, bias=True)
  (3): ReLU()
)
Sequential(
  (0): Linear(in_features=4, out_features=5, bias=True)
  (1): ReLU()
  (2): Linear(in_features=5, out_features=5, bias=True)
)
epoch: 0
epoch_0_loss:  1.0613101834931509
epoch: 1
epoch_1_loss:  1.0613101834931509
epoch: 2
epoch_2_loss:  1.0613101834931509
epoch: 3
epoch_3_loss:  1.0613101834931509
epoch: 4
epoch_4_loss:  1.0613101834931509
epoch: 5
epoch_5_loss:  1.0613101834931509
epoch: 6
epoch_6_loss:  1.0613101834931509
epoch: 7
epoch_7_loss:  1.0613101834931509
epoch: 8
epoch_8_loss:  1.0613101834931509
epoch: 9
epoch_9_loss:  1.0613101834931509
epoch: 10
epoch_10_loss:  1.0613101834931509
epoch: 11
epoch_11_loss:  1.0613101834931509
epoch: 12
epoch_12_loss:  1.0613101834931509
epoch: 13
epoch_13_loss:  1.0613101834931509
epoch: 14
epoch_14_loss:  1.0613101834931509
[1.0613101834931509, 1.0613101834931509, 1.0613101834931509, 1.0613101834931509, 1.0613101834931509, 1.0613101834931509, 1.0613101834931509, 1.0613101834931509, 1.0613101834931509, 1.0613101834931509, 1.0613101834931509, 1.0613101834931509, 1.0613101834931509, 1.0613101834931509, 1.0613101834931509]
[I 2022-11-13 13:56:06,125] Trial 187 finished with value: 1.0613101834931509 and parameters: {'optimizer': 'Adam', 'lr': 0.0002805753238222671, 'n_layers': 2, 'n_units_l0': 5, 'n_units_l1': 4}. Best is trial 126 with value: 1.0114372774826383.
Sequential(
  (0): Linear(in_features=5, out_features=5, bias=True)
  (1): ReLU()
  (2): Linear(in_features=5, out_features=4, bias=True)
  (3): ReLU()
)
Sequential(
  (0): Linear(in_features=4, out_features=5, bias=True)
  (1): ReLU()
  (2): Linear(in_features=5, out_features=5, bias=True)
)
epoch: 0
epoch_0_loss:  1.1156788702157814
epoch: 1
epoch_1_loss:  1.1156788702157814
epoch: 2
epoch_2_loss:  1.1156788702157814
epoch: 3
epoch_3_loss:  1.1156788702157814
epoch: 4
epoch_4_loss:  1.1156788702157814
epoch: 5
epoch_5_loss:  1.1156788702157814
epoch: 6
epoch_6_loss:  1.1156788702157814
epoch: 7
epoch_7_loss:  1.1156788702157814
epoch: 8
epoch_8_loss:  1.1156788702157814
epoch: 9
epoch_9_loss:  1.1156788702157814
epoch: 10
epoch_10_loss:  1.1156788702157814
epoch: 11
epoch_11_loss:  1.1156788702157814
epoch: 12
epoch_12_loss:  1.1156788702157814
epoch: 13
epoch_13_loss:  1.1156788702157814
epoch: 14
epoch_14_loss:  1.1156788702157814
[1.1156788702157814, 1.1156788702157814, 1.1156788702157814, 1.1156788702157814, 1.1156788702157814, 1.1156788702157814, 1.1156788702157814, 1.1156788702157814, 1.1156788702157814, 1.1156788702157814, 1.1156788702157814, 1.1156788702157814, 1.1156788702157814, 1.1156788702157814, 1.1156788702157814]
[I 2022-11-13 13:57:02,687] Trial 188 finished with value: 1.1156788702157814 and parameters: {'optimizer': 'Adam', 'lr': 0.00047151140048797024, 'n_layers': 2, 'n_units_l0': 5, 'n_units_l1': 4}. Best is trial 126 with value: 1.0114372774826383.
Sequential(
  (0): Linear(in_features=5, out_features=5, bias=True)
  (1): ReLU()
  (2): Linear(in_features=5, out_features=5, bias=True)
  (3): ReLU()
)
Sequential(
  (0): Linear(in_features=5, out_features=5, bias=True)
  (1): ReLU()
  (2): Linear(in_features=5, out_features=5, bias=True)
)
epoch: 0
epoch_0_loss:  1.1284137863028942
epoch: 1
epoch_1_loss:  1.1284137863028942
epoch: 2
epoch_2_loss:  1.1284137863028942
epoch: 3
epoch_3_loss:  1.1284137863028942
epoch: 4
epoch_4_loss:  1.1284137863028942
epoch: 5
epoch_5_loss:  1.1284137863028942
epoch: 6
epoch_6_loss:  1.1284137863028942
epoch: 7
epoch_7_loss:  1.1284137863028942
epoch: 8
epoch_8_loss:  1.1284137863028942
epoch: 9
epoch_9_loss:  1.1284137863028942
epoch: 10
epoch_10_loss:  1.1284137863028942
epoch: 11
epoch_11_loss:  1.1284137863028942
epoch: 12
epoch_12_loss:  1.1284137863028942
epoch: 13
epoch_13_loss:  1.1284137863028942
epoch: 14
epoch_14_loss:  1.1284137863028942
[1.1284137863028942, 1.1284137863028942, 1.1284137863028942, 1.1284137863028942, 1.1284137863028942, 1.1284137863028942, 1.1284137863028942, 1.1284137863028942, 1.1284137863028942, 1.1284137863028942, 1.1284137863028942, 1.1284137863028942, 1.1284137863028942, 1.1284137863028942, 1.1284137863028942]
[I 2022-11-13 13:57:58,716] Trial 189 finished with value: 1.1284137863028942 and parameters: {'optimizer': 'Adam', 'lr': 0.00030353047386421267, 'n_layers': 2, 'n_units_l0': 5, 'n_units_l1': 5}. Best is trial 126 with value: 1.0114372774826383.
Sequential(
  (0): Linear(in_features=5, out_features=5, bias=True)
  (1): ReLU()
  (2): Linear(in_features=5, out_features=5, bias=True)
  (3): ReLU()
)
Sequential(
  (0): Linear(in_features=5, out_features=5, bias=True)
  (1): ReLU()
  (2): Linear(in_features=5, out_features=5, bias=True)
)
epoch: 0
epoch_0_loss:  1.0123816557095295
epoch: 1
epoch_1_loss:  1.0123816557095295
epoch: 2
epoch_2_loss:  1.0123816557095295
epoch: 3
epoch_3_loss:  1.0123816557095295
epoch: 4
epoch_4_loss:  1.0123816557095295
epoch: 5
epoch_5_loss:  1.0123816557095295
epoch: 6
epoch_6_loss:  1.0123816557095295
epoch: 7
epoch_7_loss:  1.0123816557095295
epoch: 8
epoch_8_loss:  1.0123816557095295
epoch: 9
epoch_9_loss:  1.0123816557095295
epoch: 10
epoch_10_loss:  1.0123816557095295
epoch: 11
epoch_11_loss:  1.0123816557095295
epoch: 12
epoch_12_loss:  1.0123816557095295
epoch: 13
epoch_13_loss:  1.0123816557095295
epoch: 14
epoch_14_loss:  1.0123816557095295
[1.0123816557095295, 1.0123816557095295, 1.0123816557095295, 1.0123816557095295, 1.0123816557095295, 1.0123816557095295, 1.0123816557095295, 1.0123816557095295, 1.0123816557095295, 1.0123816557095295, 1.0123816557095295, 1.0123816557095295, 1.0123816557095295, 1.0123816557095295, 1.0123816557095295]
[I 2022-11-13 13:58:54,851] Trial 190 finished with value: 1.0123816557095295 and parameters: {'optimizer': 'Adam', 'lr': 0.0003909755787927917, 'n_layers': 2, 'n_units_l0': 5, 'n_units_l1': 5}. Best is trial 126 with value: 1.0114372774826383.
Sequential(
  (0): Linear(in_features=5, out_features=5, bias=True)
  (1): ReLU()
  (2): Linear(in_features=5, out_features=5, bias=True)
  (3): ReLU()
)
Sequential(
  (0): Linear(in_features=5, out_features=5, bias=True)
  (1): ReLU()
  (2): Linear(in_features=5, out_features=5, bias=True)
)
epoch: 0
epoch_0_loss:  1.1035301675249358
epoch: 1
epoch_1_loss:  1.1035301675249358
epoch: 2
epoch_2_loss:  1.1035301675249358
epoch: 3
epoch_3_loss:  1.1035301675249358
epoch: 4
epoch_4_loss:  1.1035301675249358
epoch: 5
epoch_5_loss:  1.1035301675249358
epoch: 6
epoch_6_loss:  1.1035301675249358
epoch: 7
epoch_7_loss:  1.1035301675249358
epoch: 8
epoch_8_loss:  1.1035301675249358
epoch: 9
epoch_9_loss:  1.1035301675249358
epoch: 10
epoch_10_loss:  1.1035301675249358
epoch: 11
epoch_11_loss:  1.1035301675249358
epoch: 12
epoch_12_loss:  1.1035301675249358
epoch: 13
epoch_13_loss:  1.1035301675249358
epoch: 14
epoch_14_loss:  1.1035301675249358
[1.1035301675249358, 1.1035301675249358, 1.1035301675249358, 1.1035301675249358, 1.1035301675249358, 1.1035301675249358, 1.1035301675249358, 1.1035301675249358, 1.1035301675249358, 1.1035301675249358, 1.1035301675249358, 1.1035301675249358, 1.1035301675249358, 1.1035301675249358, 1.1035301675249358]
[I 2022-11-13 13:59:51,163] Trial 191 finished with value: 1.1035301675249358 and parameters: {'optimizer': 'Adam', 'lr': 0.0004250282824451851, 'n_layers': 2, 'n_units_l0': 5, 'n_units_l1': 5}. Best is trial 126 with value: 1.0114372774826383.
Sequential(
  (0): Linear(in_features=5, out_features=5, bias=True)
  (1): ReLU()
  (2): Linear(in_features=5, out_features=5, bias=True)
  (3): ReLU()
)
Sequential(
  (0): Linear(in_features=5, out_features=5, bias=True)
  (1): ReLU()
  (2): Linear(in_features=5, out_features=5, bias=True)
)
epoch: 0
epoch_0_loss:  1.0343734478856768
epoch: 1
epoch_1_loss:  1.0343734478856768
epoch: 2
epoch_2_loss:  1.0343734478856768
epoch: 3
epoch_3_loss:  1.0343734478856768
epoch: 4
epoch_4_loss:  1.0343734478856768
epoch: 5
epoch_5_loss:  1.0343734478856768
epoch: 6
epoch_6_loss:  1.0343734478856768
epoch: 7
epoch_7_loss:  1.0343734478856768
epoch: 8
epoch_8_loss:  1.0343734478856768
epoch: 9
epoch_9_loss:  1.0343734478856768
epoch: 10
epoch_10_loss:  1.0343734478856768
epoch: 11
epoch_11_loss:  1.0343734478856768
epoch: 12
epoch_12_loss:  1.0343734478856768
epoch: 13
epoch_13_loss:  1.0343734478856768
epoch: 14
epoch_14_loss:  1.0343734478856768
[1.0343734478856768, 1.0343734478856768, 1.0343734478856768, 1.0343734478856768, 1.0343734478856768, 1.0343734478856768, 1.0343734478856768, 1.0343734478856768, 1.0343734478856768, 1.0343734478856768, 1.0343734478856768, 1.0343734478856768, 1.0343734478856768, 1.0343734478856768, 1.0343734478856768]
[I 2022-11-13 14:00:47,235] Trial 192 finished with value: 1.0343734478856768 and parameters: {'optimizer': 'Adam', 'lr': 0.00036730290641568346, 'n_layers': 2, 'n_units_l0': 5, 'n_units_l1': 5}. Best is trial 126 with value: 1.0114372774826383.
Sequential(
  (0): Linear(in_features=5, out_features=5, bias=True)
  (1): ReLU()
  (2): Linear(in_features=5, out_features=5, bias=True)
  (3): ReLU()
)
Sequential(
  (0): Linear(in_features=5, out_features=5, bias=True)
  (1): ReLU()
  (2): Linear(in_features=5, out_features=5, bias=True)
)
epoch: 0
epoch_0_loss:  1.0415348320421185
epoch: 1
epoch_1_loss:  1.0415348320421185
epoch: 2
epoch_2_loss:  1.0415348320421185
epoch: 3
epoch_3_loss:  1.0415348320421185
epoch: 4
epoch_4_loss:  1.0415348320421185
epoch: 5
epoch_5_loss:  1.0415348320421185
epoch: 6
epoch_6_loss:  1.0415348320421185
epoch: 7
epoch_7_loss:  1.0415348320421185
epoch: 8
epoch_8_loss:  1.0415348320421185
epoch: 9
epoch_9_loss:  1.0415348320421185
epoch: 10
epoch_10_loss:  1.0415348320421185
epoch: 11
epoch_11_loss:  1.0415348320421185
epoch: 12
epoch_12_loss:  1.0415348320421185
epoch: 13
epoch_13_loss:  1.0415348320421185
epoch: 14
epoch_14_loss:  1.0415348320421185
[1.0415348320421185, 1.0415348320421185, 1.0415348320421185, 1.0415348320421185, 1.0415348320421185, 1.0415348320421185, 1.0415348320421185, 1.0415348320421185, 1.0415348320421185, 1.0415348320421185, 1.0415348320421185, 1.0415348320421185, 1.0415348320421185, 1.0415348320421185, 1.0415348320421185]
[I 2022-11-13 14:01:43,419] Trial 193 finished with value: 1.0415348320421185 and parameters: {'optimizer': 'Adam', 'lr': 0.0003852848316609373, 'n_layers': 2, 'n_units_l0': 5, 'n_units_l1': 5}. Best is trial 126 with value: 1.0114372774826383.
Sequential(
  (0): Linear(in_features=5, out_features=5, bias=True)
  (1): ReLU()
  (2): Linear(in_features=5, out_features=5, bias=True)
  (3): ReLU()
)
Sequential(
  (0): Linear(in_features=5, out_features=5, bias=True)
  (1): ReLU()
  (2): Linear(in_features=5, out_features=5, bias=True)
)
epoch: 0
epoch_0_loss:  1.1124759265056046
epoch: 1
epoch_1_loss:  1.1124759265056046
epoch: 2
epoch_2_loss:  1.1124759265056046
epoch: 3
epoch_3_loss:  1.1124759265056046
epoch: 4
epoch_4_loss:  1.1124759265056046
epoch: 5
epoch_5_loss:  1.1124759265056046
epoch: 6
epoch_6_loss:  1.1124759265056046
epoch: 7
epoch_7_loss:  1.1124759265056046
epoch: 8
epoch_8_loss:  1.1124759265056046
epoch: 9
epoch_9_loss:  1.1124759265056046
epoch: 10
epoch_10_loss:  1.1124759265056046
epoch: 11
epoch_11_loss:  1.1124759265056046
epoch: 12
epoch_12_loss:  1.1124759265056046
epoch: 13
epoch_13_loss:  1.1124759265056046
epoch: 14
epoch_14_loss:  1.1124759265056046
[1.1124759265056046, 1.1124759265056046, 1.1124759265056046, 1.1124759265056046, 1.1124759265056046, 1.1124759265056046, 1.1124759265056046, 1.1124759265056046, 1.1124759265056046, 1.1124759265056046, 1.1124759265056046, 1.1124759265056046, 1.1124759265056046, 1.1124759265056046, 1.1124759265056046]
