[I 2022-11-13 20:01:17,271] Trial 33 finished with value: 1.0734236976515175 and parameters: {'optimizer': 'Adam', 'lr': 0.00048411033682465806, 'hidden_dim': 5, 'latent_dim': 5, 'mem_dim': 229}. Best is trial 15 with value: 1.0241701810728174.
build_Encoder(
  (FC_input): Linear(in_features=5, out_features=4, bias=True)
  (FC_input2): Linear(in_features=4, out_features=4, bias=True)
  (FC_mean): Linear(in_features=4, out_features=5, bias=True)
  (FC_var): Linear(in_features=4, out_features=5, bias=True)
  (LeakyReLU): LeakyReLU(negative_slope=0.01)
)
build_Decoder(
  (FC_hidden): Linear(in_features=5, out_features=4, bias=True)
  (FC_hidden2): Linear(in_features=4, out_features=4, bias=True)
  (FC_output): Linear(in_features=4, out_features=5, bias=True)
  (LeakyReLU): LeakyReLU(negative_slope=0.2)
)
epoch: 0
epoch_0_loss:  1.1202707656590596
epoch: 1
epoch_1_loss:  1.1204895451033785
epoch: 2
epoch_2_loss:  1.1204258266484843
epoch: 3
epoch_3_loss:  1.1203587742543744
epoch: 4
epoch_4_loss:  1.1203747128416297
epoch: 5
epoch_5_loss:  1.120636943886299
epoch: 6
epoch_6_loss:  1.1203725612522824
epoch: 7
epoch_7_loss:  1.1205837970406016
epoch: 8
epoch_8_loss:  1.1204497152055322
epoch: 9
epoch_9_loss:  1.1204979125576189
epoch: 10
epoch_10_loss:  1.1206304554315558
epoch: 11
epoch_11_loss:  1.120237584445689
epoch: 12
epoch_12_loss:  1.120537681089888
epoch: 13
epoch_13_loss:  1.120413784085828
epoch: 14
epoch_14_loss:  1.120572640575433
[1.1202707656590596, 1.1204895451033785, 1.1204258266484843, 1.1203587742543744, 1.1203747128416297, 1.120636943886299, 1.1203725612522824, 1.1205837970406016, 1.1204497152055322, 1.1204979125576189, 1.1206304554315558, 1.120237584445689, 1.120537681089888, 1.120413784085828, 1.120572640575433]
[I 2022-11-13 20:03:40,899] Trial 34 finished with value: 1.120572640575433 and parameters: {'optimizer': 'Adam', 'lr': 0.0007850027652991434, 'hidden_dim': 4, 'latent_dim': 5, 'mem_dim': 210}. Best is trial 15 with value: 1.0241701810728174.
build_Encoder(
  (FC_input): Linear(in_features=5, out_features=3, bias=True)
  (FC_input2): Linear(in_features=3, out_features=3, bias=True)
  (FC_mean): Linear(in_features=3, out_features=5, bias=True)
  (FC_var): Linear(in_features=3, out_features=5, bias=True)
  (LeakyReLU): LeakyReLU(negative_slope=0.01)
)
build_Decoder(
  (FC_hidden): Linear(in_features=5, out_features=3, bias=True)
  (FC_hidden2): Linear(in_features=3, out_features=3, bias=True)
  (FC_output): Linear(in_features=3, out_features=5, bias=True)
  (LeakyReLU): LeakyReLU(negative_slope=0.2)
)
epoch: 0
epoch_0_loss:  1.0972572932047475
epoch: 1
epoch_1_loss:  1.0972834850286686
epoch: 2
epoch_2_loss:  1.097236351802991
epoch: 3
epoch_3_loss:  1.0972289979271121
epoch: 4
epoch_4_loss:  1.0972645790573055
epoch: 5
epoch_5_loss:  1.0972763126649774
epoch: 6
epoch_6_loss:  1.09721587622787
epoch: 7
epoch_7_loss:  1.097252260681291
epoch: 8
epoch_8_loss:  1.0972259400599695
epoch: 9
epoch_9_loss:  1.0972263572032888
epoch: 10
epoch_10_loss:  1.0973215781562229
epoch: 11
epoch_11_loss:  1.0971930082637043
epoch: 12
epoch_12_loss:  1.097289628603526
epoch: 13
epoch_13_loss:  1.0972546930256653
epoch: 14
epoch_14_loss:  1.097295881265441
[1.0972572932047475, 1.0972834850286686, 1.097236351802991, 1.0972289979271121, 1.0972645790573055, 1.0972763126649774, 1.09721587622787, 1.097252260681291, 1.0972259400599695, 1.0972263572032888, 1.0973215781562229, 1.0971930082637043, 1.097289628603526, 1.0972546930256653, 1.097295881265441]
[I 2022-11-13 20:06:03,296] Trial 35 finished with value: 1.097295881265441 and parameters: {'optimizer': 'Adam', 'lr': 0.0003214342481548032, 'hidden_dim': 3, 'latent_dim': 5, 'mem_dim': 165}. Best is trial 15 with value: 1.0241701810728174.
build_Encoder(
  (FC_input): Linear(in_features=5, out_features=5, bias=True)
  (FC_input2): Linear(in_features=5, out_features=5, bias=True)
  (FC_mean): Linear(in_features=5, out_features=5, bias=True)
  (FC_var): Linear(in_features=5, out_features=5, bias=True)
  (LeakyReLU): LeakyReLU(negative_slope=0.01)
)
build_Decoder(
  (FC_hidden): Linear(in_features=5, out_features=5, bias=True)
  (FC_hidden2): Linear(in_features=5, out_features=5, bias=True)
  (FC_output): Linear(in_features=5, out_features=5, bias=True)
  (LeakyReLU): LeakyReLU(negative_slope=0.2)
)
epoch: 0
epoch_0_loss:  1.037357550945568
epoch: 1
epoch_1_loss:  1.0373908356943116
epoch: 2
epoch_2_loss:  1.0374296028581684
epoch: 3
epoch_3_loss:  1.0374236484202946
epoch: 4
epoch_4_loss:  1.0373921987945665
epoch: 5
epoch_5_loss:  1.0372255139201003
epoch: 6
epoch_6_loss:  1.0373350865124418
epoch: 7
epoch_7_loss:  1.037356495381015
epoch: 8
epoch_8_loss:  1.037366632367968
epoch: 9
epoch_9_loss:  1.037397960636966
epoch: 10
epoch_10_loss:  1.0373110557473137
epoch: 11
epoch_11_loss:  1.0373991891959262
epoch: 12
epoch_12_loss:  1.037524467747522
epoch: 13
epoch_13_loss:  1.0375770985742692
epoch: 14
epoch_14_loss:  1.0376276493975405
[1.037357550945568, 1.0373908356943116, 1.0374296028581684, 1.0374236484202946, 1.0373921987945665, 1.0372255139201003, 1.0373350865124418, 1.037356495381015, 1.037366632367968, 1.037397960636966, 1.0373110557473137, 1.0373991891959262, 1.037524467747522, 1.0375770985742692, 1.0376276493975405]
[I 2022-11-13 20:08:23,604] Trial 36 finished with value: 1.0376276493975405 and parameters: {'optimizer': 'Adam', 'lr': 0.00010988943159316837, 'hidden_dim': 5, 'latent_dim': 5, 'mem_dim': 134}. Best is trial 15 with value: 1.0241701810728174.
build_Encoder(
  (FC_input): Linear(in_features=5, out_features=4, bias=True)
  (FC_input2): Linear(in_features=4, out_features=4, bias=True)
  (FC_mean): Linear(in_features=4, out_features=5, bias=True)
  (FC_var): Linear(in_features=4, out_features=5, bias=True)
  (LeakyReLU): LeakyReLU(negative_slope=0.01)
)
build_Decoder(
  (FC_hidden): Linear(in_features=5, out_features=4, bias=True)
  (FC_hidden2): Linear(in_features=4, out_features=4, bias=True)
  (FC_output): Linear(in_features=4, out_features=5, bias=True)
  (LeakyReLU): LeakyReLU(negative_slope=0.2)
)
epoch: 0
epoch_0_loss:  1.1088833634386133
epoch: 1
epoch_1_loss:  1.1088609782448422
epoch: 2
epoch_2_loss:  1.1088186021966198
epoch: 3
epoch_3_loss:  1.1088807423176827
epoch: 4
epoch_4_loss:  1.1088913233261697
epoch: 5
epoch_5_loss:  1.1087974023383744
epoch: 6
epoch_6_loss:  1.10887552596299
epoch: 7
epoch_7_loss:  1.1088905732742806
epoch: 8
epoch_8_loss:  1.1088103528643871
epoch: 9
epoch_9_loss:  1.1089127640185388
epoch: 10
epoch_10_loss:  1.1089355736969337
epoch: 11
epoch_11_loss:  1.108924048121062
epoch: 12
epoch_12_loss:  1.108850798067055
epoch: 13
epoch_13_loss:  1.1088425470059682
epoch: 14
epoch_14_loss:  1.1087771829293827
[1.1088833634386133, 1.1088609782448422, 1.1088186021966198, 1.1088807423176827, 1.1088913233261697, 1.1087974023383744, 1.10887552596299, 1.1088905732742806, 1.1088103528643871, 1.1089127640185388, 1.1089355736969337, 1.108924048121062, 1.108850798067055, 1.1088425470059682, 1.1087771829293827]
[I 2022-11-13 20:10:44,188] Trial 37 finished with value: 1.1087771829293827 and parameters: {'optimizer': 'Adam', 'lr': 9.486444785798696e-05, 'hidden_dim': 4, 'latent_dim': 5, 'mem_dim': 139}. Best is trial 15 with value: 1.0241701810728174.
build_Encoder(
  (FC_input): Linear(in_features=5, out_features=5, bias=True)
  (FC_input2): Linear(in_features=5, out_features=5, bias=True)
  (FC_mean): Linear(in_features=5, out_features=4, bias=True)
  (FC_var): Linear(in_features=5, out_features=4, bias=True)
  (LeakyReLU): LeakyReLU(negative_slope=0.01)
)
build_Decoder(
  (FC_hidden): Linear(in_features=4, out_features=5, bias=True)
  (FC_hidden2): Linear(in_features=5, out_features=5, bias=True)
  (FC_output): Linear(in_features=5, out_features=5, bias=True)
  (LeakyReLU): LeakyReLU(negative_slope=0.2)
)
epoch: 0
epoch_0_loss:  1.0551677742384602
epoch: 1
epoch_1_loss:  1.0548529387418457
epoch: 2
epoch_2_loss:  1.0552758157460733
epoch: 3
epoch_3_loss:  1.0553190256721603
epoch: 4
epoch_4_loss:  1.0544438231248723
epoch: 5
epoch_5_loss:  1.0558124805840194
epoch: 6
epoch_6_loss:  1.0550393171758932
epoch: 7
epoch_7_loss:  1.0551685795233068
epoch: 8
epoch_8_loss:  1.055446399693257
epoch: 9
epoch_9_loss:  1.0553304073844159
epoch: 10
epoch_10_loss:  1.0553131233275515
epoch: 11
epoch_11_loss:  1.0550350032550408
epoch: 12
epoch_12_loss:  1.0553748183954144
epoch: 13
epoch_13_loss:  1.0558353290184148
epoch: 14
epoch_14_loss:  1.055006439025086
[1.0551677742384602, 1.0548529387418457, 1.0552758157460733, 1.0553190256721603, 1.0544438231248723, 1.0558124805840194, 1.0550393171758932, 1.0551685795233068, 1.055446399693257, 1.0553304073844159, 1.0553131233275515, 1.0550350032550408, 1.0553748183954144, 1.0558353290184148, 1.055006439025086]
[I 2022-11-13 20:12:58,202] Trial 38 finished with value: 1.055006439025086 and parameters: {'optimizer': 'Adam', 'lr': 3.633597369108389e-05, 'hidden_dim': 5, 'latent_dim': 4, 'mem_dim': 117}. Best is trial 15 with value: 1.0241701810728174.
build_Encoder(
  (FC_input): Linear(in_features=5, out_features=3, bias=True)
  (FC_input2): Linear(in_features=3, out_features=3, bias=True)
  (FC_mean): Linear(in_features=3, out_features=5, bias=True)
  (FC_var): Linear(in_features=3, out_features=5, bias=True)
  (LeakyReLU): LeakyReLU(negative_slope=0.01)
)
build_Decoder(
  (FC_hidden): Linear(in_features=5, out_features=3, bias=True)
  (FC_hidden2): Linear(in_features=3, out_features=3, bias=True)
  (FC_output): Linear(in_features=3, out_features=5, bias=True)
  (LeakyReLU): LeakyReLU(negative_slope=0.2)
)
epoch: 0
epoch_0_loss:  1.1110810738993697
epoch: 1
epoch_1_loss:  1.111325668540604
epoch: 2
epoch_2_loss:  1.1111206757371557
epoch: 3
epoch_3_loss:  1.1112124103668362
epoch: 4
epoch_4_loss:  1.1113166168769726
epoch: 5
epoch_5_loss:  1.1110442491484014
epoch: 6
epoch_6_loss:  1.1110105330796844
epoch: 7
epoch_7_loss:  1.1112473982648918
epoch: 8
epoch_8_loss:  1.1111588372408956
epoch: 9
epoch_9_loss:  1.110995289696956
epoch: 10
epoch_10_loss:  1.1111768317186919
epoch: 11
epoch_11_loss:  1.1113506765705978
epoch: 12
epoch_12_loss:  1.1113398948976954
epoch: 13
epoch_13_loss:  1.1112672330058424
epoch: 14
epoch_14_loss:  1.111289778257478
[1.1110810738993697, 1.111325668540604, 1.1111206757371557, 1.1112124103668362, 1.1113166168769726, 1.1110442491484014, 1.1110105330796844, 1.1112473982648918, 1.1111588372408956, 1.110995289696956, 1.1111768317186919, 1.1113506765705978, 1.1113398948976954, 1.1112672330058424, 1.111289778257478]
[I 2022-11-13 20:15:12,306] Trial 39 finished with value: 1.111289778257478 and parameters: {'optimizer': 'Adam', 'lr': 0.00022359646804987398, 'hidden_dim': 3, 'latent_dim': 5, 'mem_dim': 89}. Best is trial 15 with value: 1.0241701810728174.
build_Encoder(
  (FC_input): Linear(in_features=5, out_features=5, bias=True)
  (FC_input2): Linear(in_features=5, out_features=5, bias=True)
  (FC_mean): Linear(in_features=5, out_features=4, bias=True)
  (FC_var): Linear(in_features=5, out_features=4, bias=True)
  (LeakyReLU): LeakyReLU(negative_slope=0.01)
)
build_Decoder(
  (FC_hidden): Linear(in_features=4, out_features=5, bias=True)
  (FC_hidden2): Linear(in_features=5, out_features=5, bias=True)
  (FC_output): Linear(in_features=5, out_features=5, bias=True)
  (LeakyReLU): LeakyReLU(negative_slope=0.2)
)
epoch: 0
epoch_0_loss:  1.0350596672154804
epoch: 1
epoch_1_loss:  1.0344729473903302
epoch: 2
epoch_2_loss:  1.034846480862592
epoch: 3
epoch_3_loss:  1.034848225292986
epoch: 4
epoch_4_loss:  1.0349361075697223
epoch: 5
epoch_5_loss:  1.0348332171255081
epoch: 6
epoch_6_loss:  1.034894161244357
epoch: 7
epoch_7_loss:  1.0344661419577905
epoch: 8
epoch_8_loss:  1.0348308396975758
epoch: 9
epoch_9_loss:  1.0347283189607788
epoch: 10
epoch_10_loss:  1.0348564064492962
epoch: 11
epoch_11_loss:  1.035105226135538
epoch: 12
epoch_12_loss:  1.0343191220160812
epoch: 13
epoch_13_loss:  1.0346051725307328
epoch: 14
epoch_14_loss:  1.0347826868241292
[1.0350596672154804, 1.0344729473903302, 1.034846480862592, 1.034848225292986, 1.0349361075697223, 1.0348332171255081, 1.034894161244357, 1.0344661419577905, 1.0348308396975758, 1.0347283189607788, 1.0348564064492962, 1.035105226135538, 1.0343191220160812, 1.0346051725307328, 1.0347826868241292]
[I 2022-11-13 20:17:26,323] Trial 40 finished with value: 1.0347826868241292 and parameters: {'optimizer': 'Adam', 'lr': 0.0001292059068860195, 'hidden_dim': 5, 'latent_dim': 4, 'mem_dim': 100}. Best is trial 15 with value: 1.0241701810728174.
build_Encoder(
  (FC_input): Linear(in_features=5, out_features=5, bias=True)
  (FC_input2): Linear(in_features=5, out_features=5, bias=True)
  (FC_mean): Linear(in_features=5, out_features=4, bias=True)
  (FC_var): Linear(in_features=5, out_features=4, bias=True)
  (LeakyReLU): LeakyReLU(negative_slope=0.01)
)
build_Decoder(
  (FC_hidden): Linear(in_features=4, out_features=5, bias=True)
  (FC_hidden2): Linear(in_features=5, out_features=5, bias=True)
  (FC_output): Linear(in_features=5, out_features=5, bias=True)
  (LeakyReLU): LeakyReLU(negative_slope=0.2)
)
epoch: 0
epoch_0_loss:  1.0901007240560419
epoch: 1
epoch_1_loss:  1.0900451754334843
epoch: 2
epoch_2_loss:  1.0901190301195283
epoch: 3
epoch_3_loss:  1.0902125669517577
epoch: 4
epoch_4_loss:  1.0901163839173063
epoch: 5
epoch_5_loss:  1.0900527940464768
epoch: 6
epoch_6_loss:  1.0900663655273173
epoch: 7
epoch_7_loss:  1.0900475634833122
epoch: 8
epoch_8_loss:  1.0901419372952175
epoch: 9
epoch_9_loss:  1.090155055166935
epoch: 10
epoch_10_loss:  1.0902051936226862
epoch: 11
epoch_11_loss:  1.0902073902743799
epoch: 12
epoch_12_loss:  1.090050986058044
epoch: 13
epoch_13_loss:  1.0901144847505417
epoch: 14
epoch_14_loss:  1.0899754873657137
[1.0901007240560419, 1.0900451754334843, 1.0901190301195283, 1.0902125669517577, 1.0901163839173063, 1.0900527940464768, 1.0900663655273173, 1.0900475634833122, 1.0901419372952175, 1.090155055166935, 1.0902051936226862, 1.0902073902743799, 1.090050986058044, 1.0901144847505417, 1.0899754873657137]
[I 2022-11-13 20:20:02,321] Trial 41 finished with value: 1.0899754873657137 and parameters: {'optimizer': 'Adam', 'lr': 7.38192023069434e-05, 'hidden_dim': 5, 'latent_dim': 4, 'mem_dim': 102}. Best is trial 15 with value: 1.0241701810728174.
build_Encoder(
  (FC_input): Linear(in_features=5, out_features=5, bias=True)
  (FC_input2): Linear(in_features=5, out_features=5, bias=True)
  (FC_mean): Linear(in_features=5, out_features=4, bias=True)
  (FC_var): Linear(in_features=5, out_features=4, bias=True)
  (LeakyReLU): LeakyReLU(negative_slope=0.01)
)
build_Decoder(
  (FC_hidden): Linear(in_features=4, out_features=5, bias=True)
  (FC_hidden2): Linear(in_features=5, out_features=5, bias=True)
  (FC_output): Linear(in_features=5, out_features=5, bias=True)
  (LeakyReLU): LeakyReLU(negative_slope=0.2)
)
epoch: 0
epoch_0_loss:  1.0560204522668308
epoch: 1
epoch_1_loss:  1.0561727438151962
epoch: 2
epoch_2_loss:  1.0559448337608357
epoch: 3
epoch_3_loss:  1.0561700862149002
epoch: 4
epoch_4_loss:  1.0559875638542624
epoch: 5
epoch_5_loss:  1.055987896325207
epoch: 6
epoch_6_loss:  1.056363213752739
epoch: 7
epoch_7_loss:  1.0561913525469464
epoch: 8
epoch_8_loss:  1.0559319938103402
epoch: 9
epoch_9_loss:  1.0559305724551866
epoch: 10
epoch_10_loss:  1.056159429981023
epoch: 11
epoch_11_loss:  1.056233898345758
epoch: 12
epoch_12_loss:  1.0560782193818483
epoch: 13
epoch_13_loss:  1.0558998837763025
epoch: 14
epoch_14_loss:  1.0560238227944923
[1.0560204522668308, 1.0561727438151962, 1.0559448337608357, 1.0561700862149002, 1.0559875638542624, 1.055987896325207, 1.056363213752739, 1.0561913525469464, 1.0559319938103402, 1.0559305724551866, 1.056159429981023, 1.056233898345758, 1.0560782193818483, 1.0558998837763025, 1.0560238227944923]
[I 2022-11-13 20:22:15,851] Trial 42 finished with value: 1.0560238227944923 and parameters: {'optimizer': 'Adam', 'lr': 0.00013336780880213793, 'hidden_dim': 5, 'latent_dim': 4, 'mem_dim': 66}. Best is trial 15 with value: 1.0241701810728174.
build_Encoder(
  (FC_input): Linear(in_features=5, out_features=5, bias=True)
  (FC_input2): Linear(in_features=5, out_features=5, bias=True)
  (FC_mean): Linear(in_features=5, out_features=4, bias=True)
  (FC_var): Linear(in_features=5, out_features=4, bias=True)
  (LeakyReLU): LeakyReLU(negative_slope=0.01)
)
build_Decoder(
  (FC_hidden): Linear(in_features=4, out_features=5, bias=True)
  (FC_hidden2): Linear(in_features=5, out_features=5, bias=True)
  (FC_output): Linear(in_features=5, out_features=5, bias=True)
  (LeakyReLU): LeakyReLU(negative_slope=0.2)
)
epoch: 0
epoch_0_loss:  1.0610057161715392
epoch: 1
epoch_1_loss:  1.0609401583276976
epoch: 2
epoch_2_loss:  1.0608898366787618
epoch: 3
epoch_3_loss:  1.0610969568955084
epoch: 4
epoch_4_loss:  1.0609113396478187
epoch: 5
epoch_5_loss:  1.060812637585577
epoch: 6
epoch_6_loss:  1.0606658152872876
epoch: 7
epoch_7_loss:  1.0607857075200378
epoch: 8
epoch_8_loss:  1.0608842986388363
epoch: 9
epoch_9_loss:  1.0608728196305277
epoch: 10
epoch_10_loss:  1.0609952697764589
epoch: 11
epoch_11_loss:  1.0608390933424297
epoch: 12
epoch_12_loss:  1.0609605926725605
epoch: 13
epoch_13_loss:  1.0608968407749448
epoch: 14
epoch_14_loss:  1.060886835100954
[1.0610057161715392, 1.0609401583276976, 1.0608898366787618, 1.0610969568955084, 1.0609113396478187, 1.060812637585577, 1.0606658152872876, 1.0607857075200378, 1.0608842986388363, 1.0608728196305277, 1.0609952697764589, 1.0608390933424297, 1.0609605926725605, 1.0608968407749448, 1.060886835100954]
[I 2022-11-13 20:24:35,802] Trial 43 finished with value: 1.060886835100954 and parameters: {'optimizer': 'Adam', 'lr': 0.00011151466445104258, 'hidden_dim': 5, 'latent_dim': 4, 'mem_dim': 128}. Best is trial 15 with value: 1.0241701810728174.
build_Encoder(
  (FC_input): Linear(in_features=5, out_features=5, bias=True)
  (FC_input2): Linear(in_features=5, out_features=5, bias=True)
  (FC_mean): Linear(in_features=5, out_features=5, bias=True)
  (FC_var): Linear(in_features=5, out_features=5, bias=True)
  (LeakyReLU): LeakyReLU(negative_slope=0.01)
)
build_Decoder(
  (FC_hidden): Linear(in_features=5, out_features=5, bias=True)
  (FC_hidden2): Linear(in_features=5, out_features=5, bias=True)
  (FC_output): Linear(in_features=5, out_features=5, bias=True)
  (LeakyReLU): LeakyReLU(negative_slope=0.2)
)
epoch: 0
epoch_0_loss:  1.0510551908478043
epoch: 1
epoch_1_loss:  1.051237934140175
epoch: 2
epoch_2_loss:  1.0511608525807599
epoch: 3
epoch_3_loss:  1.0512524073497787
epoch: 4
epoch_4_loss:  1.0510685470376921
epoch: 5
epoch_5_loss:  1.0512547974382926
epoch: 6
epoch_6_loss:  1.0512944153370245
epoch: 7
epoch_7_loss:  1.051162185215865
epoch: 8
epoch_8_loss:  1.051208063394527
epoch: 9
epoch_9_loss:  1.051080247426671
epoch: 10
epoch_10_loss:  1.051196947406291
epoch: 11
epoch_11_loss:  1.0510346268593704
epoch: 12
epoch_12_loss:  1.051256311678692
epoch: 13
epoch_13_loss:  1.051361503593052
epoch: 14
epoch_14_loss:  1.051175063731552
[1.0510551908478043, 1.051237934140175, 1.0511608525807599, 1.0512524073497787, 1.0510685470376921, 1.0512547974382926, 1.0512944153370245, 1.051162185215865, 1.051208063394527, 1.051080247426671, 1.051196947406291, 1.0510346268593704, 1.051256311678692, 1.051361503593052, 1.051175063731552]
[I 2022-11-13 20:26:49,742] Trial 44 finished with value: 1.051175063731552 and parameters: {'optimizer': 'Adam', 'lr': 0.0001674417447453346, 'hidden_dim': 5, 'latent_dim': 5, 'mem_dim': 105}. Best is trial 15 with value: 1.0241701810728174.
build_Encoder(
  (FC_input): Linear(in_features=5, out_features=5, bias=True)
  (FC_input2): Linear(in_features=5, out_features=5, bias=True)
  (FC_mean): Linear(in_features=5, out_features=4, bias=True)
  (FC_var): Linear(in_features=5, out_features=4, bias=True)
  (LeakyReLU): LeakyReLU(negative_slope=0.01)
)
build_Decoder(
  (FC_hidden): Linear(in_features=4, out_features=5, bias=True)
  (FC_hidden2): Linear(in_features=5, out_features=5, bias=True)
  (FC_output): Linear(in_features=5, out_features=5, bias=True)
  (LeakyReLU): LeakyReLU(negative_slope=0.2)
)
epoch: 0
epoch_0_loss:  1.0164860945981407
epoch: 1
epoch_1_loss:  1.0164661204751562
epoch: 2
epoch_2_loss:  1.016457656439883
epoch: 3
epoch_3_loss:  1.016455703900524
epoch: 4
epoch_4_loss:  1.0164638292517756
epoch: 5
epoch_5_loss:  1.016522753941421
epoch: 6
epoch_6_loss:  1.0165012656390322
epoch: 7
epoch_7_loss:  1.016444587137707
epoch: 8
epoch_8_loss:  1.01649469727275
epoch: 9
epoch_9_loss:  1.0164631261353756
epoch: 10
epoch_10_loss:  1.0165308482043047
epoch: 11
epoch_11_loss:  1.0165006599617021
epoch: 12
epoch_12_loss:  1.0165190009327354
epoch: 13
epoch_13_loss:  1.0164177995906671
epoch: 14
epoch_14_loss:  1.016495998638263
[1.0164860945981407, 1.0164661204751562, 1.016457656439883, 1.016455703900524, 1.0164638292517756, 1.016522753941421, 1.0165012656390322, 1.016444587137707, 1.01649469727275, 1.0164631261353756, 1.0165308482043047, 1.0165006599617021, 1.0165190009327354, 1.0164177995906671, 1.016495998638263]
