[I 2022-11-13 12:29:52,112] Trial 95 finished with value: 1.1977577281461727 and parameters: {'optimizer': 'Adam', 'lr': 0.00039352513033202765, 'n_layers': 1, 'n_units_l0': 5}. Best is trial 82 with value: 1.030790233782338.
Sequential(
  (0): Linear(in_features=5, out_features=5, bias=True)
  (1): ReLU()
  (2): Linear(in_features=5, out_features=4, bias=True)
  (3): ReLU()
)
Sequential(
  (0): Linear(in_features=4, out_features=5, bias=True)
  (1): ReLU()
  (2): Linear(in_features=5, out_features=5, bias=True)
)
epoch: 0
epoch_0_loss:  1.0736639127488663
epoch: 1
epoch_1_loss:  1.0736639127488663
epoch: 2
epoch_2_loss:  1.0736639127488663
epoch: 3
epoch_3_loss:  1.0736639127488663
epoch: 4
epoch_4_loss:  1.0736639127488663
epoch: 5
epoch_5_loss:  1.0736639127488663
epoch: 6
epoch_6_loss:  1.0736639127488663
epoch: 7
epoch_7_loss:  1.0736639127488663
epoch: 8
epoch_8_loss:  1.0736639127488663
epoch: 9
epoch_9_loss:  1.0736639127488663
epoch: 10
epoch_10_loss:  1.0736639127488663
epoch: 11
epoch_11_loss:  1.0736639127488663
epoch: 12
epoch_12_loss:  1.0736639127488663
epoch: 13
epoch_13_loss:  1.0736639127488663
epoch: 14
epoch_14_loss:  1.0736639127488663
[1.0736639127488663, 1.0736639127488663, 1.0736639127488663, 1.0736639127488663, 1.0736639127488663, 1.0736639127488663, 1.0736639127488663, 1.0736639127488663, 1.0736639127488663, 1.0736639127488663, 1.0736639127488663, 1.0736639127488663, 1.0736639127488663, 1.0736639127488663, 1.0736639127488663]
[I 2022-11-13 12:30:48,567] Trial 96 finished with value: 1.0736639127488663 and parameters: {'optimizer': 'Adam', 'lr': 0.00022345560254091463, 'n_layers': 2, 'n_units_l0': 5, 'n_units_l1': 4}. Best is trial 82 with value: 1.030790233782338.
Sequential(
  (0): Linear(in_features=5, out_features=4, bias=True)
  (1): ReLU()
  (2): Linear(in_features=4, out_features=5, bias=True)
  (3): ReLU()
)
Sequential(
  (0): Linear(in_features=5, out_features=4, bias=True)
  (1): ReLU()
  (2): Linear(in_features=4, out_features=5, bias=True)
)
epoch: 0
epoch_0_loss:  1.0832930245355619
epoch: 1
epoch_1_loss:  1.0832930245355619
epoch: 2
epoch_2_loss:  1.0832930245355619
epoch: 3
epoch_3_loss:  1.0832930245355619
epoch: 4
epoch_4_loss:  1.0832930245355619
epoch: 5
epoch_5_loss:  1.0832930245355619
epoch: 6
epoch_6_loss:  1.0832930245355619
epoch: 7
epoch_7_loss:  1.0832930245355619
epoch: 8
epoch_8_loss:  1.0832930245355619
epoch: 9
epoch_9_loss:  1.0832930245355619
epoch: 10
epoch_10_loss:  1.0832930245355619
epoch: 11
epoch_11_loss:  1.0832930245355619
epoch: 12
epoch_12_loss:  1.0832930245355619
epoch: 13
epoch_13_loss:  1.0832930245355619
epoch: 14
epoch_14_loss:  1.0832930245355619
[1.0832930245355619, 1.0832930245355619, 1.0832930245355619, 1.0832930245355619, 1.0832930245355619, 1.0832930245355619, 1.0832930245355619, 1.0832930245355619, 1.0832930245355619, 1.0832930245355619, 1.0832930245355619, 1.0832930245355619, 1.0832930245355619, 1.0832930245355619, 1.0832930245355619]
[I 2022-11-13 12:31:44,938] Trial 97 finished with value: 1.0832930245355619 and parameters: {'optimizer': 'Adam', 'lr': 0.00016027119230713807, 'n_layers': 2, 'n_units_l0': 4, 'n_units_l1': 5}. Best is trial 82 with value: 1.030790233782338.
Sequential(
  (0): Linear(in_features=5, out_features=4, bias=True)
  (1): ReLU()
  (2): Linear(in_features=4, out_features=5, bias=True)
  (3): ReLU()
)
Sequential(
  (0): Linear(in_features=5, out_features=4, bias=True)
  (1): ReLU()
  (2): Linear(in_features=4, out_features=5, bias=True)
)
epoch: 0
epoch_0_loss:  1.0684516362955303
epoch: 1
epoch_1_loss:  1.0684516362955303
epoch: 2
epoch_2_loss:  1.0684516362955303
epoch: 3
epoch_3_loss:  1.0684516362955303
epoch: 4
epoch_4_loss:  1.0684516362955303
epoch: 5
epoch_5_loss:  1.0684516362955303
epoch: 6
epoch_6_loss:  1.0684516362955303
epoch: 7
epoch_7_loss:  1.0684516362955303
epoch: 8
epoch_8_loss:  1.0684516362955303
epoch: 9
epoch_9_loss:  1.0684516362955303
epoch: 10
epoch_10_loss:  1.0684516362955303
epoch: 11
epoch_11_loss:  1.0684516362955303
epoch: 12
epoch_12_loss:  1.0684516362955303
epoch: 13
epoch_13_loss:  1.0684516362955303
epoch: 14
epoch_14_loss:  1.0684516362955303
[1.0684516362955303, 1.0684516362955303, 1.0684516362955303, 1.0684516362955303, 1.0684516362955303, 1.0684516362955303, 1.0684516362955303, 1.0684516362955303, 1.0684516362955303, 1.0684516362955303, 1.0684516362955303, 1.0684516362955303, 1.0684516362955303, 1.0684516362955303, 1.0684516362955303]
[I 2022-11-13 12:32:41,274] Trial 98 finished with value: 1.0684516362955303 and parameters: {'optimizer': 'Adam', 'lr': 1.1153386171243366e-05, 'n_layers': 2, 'n_units_l0': 4, 'n_units_l1': 5}. Best is trial 82 with value: 1.030790233782338.
Sequential(
  (0): Linear(in_features=5, out_features=5, bias=True)
  (1): ReLU()
  (2): Linear(in_features=5, out_features=4, bias=True)
  (3): ReLU()
)
Sequential(
  (0): Linear(in_features=4, out_features=5, bias=True)
  (1): ReLU()
  (2): Linear(in_features=5, out_features=5, bias=True)
)
epoch: 0
epoch_0_loss:  1.0708365531836996
epoch: 1
epoch_1_loss:  1.0708365531836996
epoch: 2
epoch_2_loss:  1.0708365531836996
epoch: 3
epoch_3_loss:  1.0708365531836996
epoch: 4
epoch_4_loss:  1.0708365531836996
epoch: 5
epoch_5_loss:  1.0708365531836996
epoch: 6
epoch_6_loss:  1.0708365531836996
epoch: 7
epoch_7_loss:  1.0708365531836996
epoch: 8
epoch_8_loss:  1.0708365531836996
epoch: 9
epoch_9_loss:  1.0708365531836996
epoch: 10
epoch_10_loss:  1.0708365531836996
epoch: 11
epoch_11_loss:  1.0708365531836996
epoch: 12
epoch_12_loss:  1.0708365531836996
epoch: 13
epoch_13_loss:  1.0708365531836996
epoch: 14
epoch_14_loss:  1.0708365531836996
[1.0708365531836996, 1.0708365531836996, 1.0708365531836996, 1.0708365531836996, 1.0708365531836996, 1.0708365531836996, 1.0708365531836996, 1.0708365531836996, 1.0708365531836996, 1.0708365531836996, 1.0708365531836996, 1.0708365531836996, 1.0708365531836996, 1.0708365531836996, 1.0708365531836996]
[I 2022-11-13 12:33:37,424] Trial 99 finished with value: 1.0708365531836996 and parameters: {'optimizer': 'Adam', 'lr': 0.00043944762116599547, 'n_layers': 2, 'n_units_l0': 5, 'n_units_l1': 4}. Best is trial 82 with value: 1.030790233782338.
Sequential(
  (0): Linear(in_features=5, out_features=4, bias=True)
  (1): ReLU()
)
Sequential(
  (0): Linear(in_features=4, out_features=5, bias=True)
)
epoch: 0
epoch_0_loss:  1.22587267316821
epoch: 1
epoch_1_loss:  1.22587267316821
epoch: 2
epoch_2_loss:  1.22587267316821
epoch: 3
epoch_3_loss:  1.22587267316821
epoch: 4
epoch_4_loss:  1.22587267316821
epoch: 5
epoch_5_loss:  1.22587267316821
epoch: 6
epoch_6_loss:  1.22587267316821
epoch: 7
epoch_7_loss:  1.22587267316821
epoch: 8
epoch_8_loss:  1.22587267316821
epoch: 9
epoch_9_loss:  1.22587267316821
epoch: 10
epoch_10_loss:  1.22587267316821
epoch: 11
epoch_11_loss:  1.22587267316821
epoch: 12
epoch_12_loss:  1.22587267316821
epoch: 13
epoch_13_loss:  1.22587267316821
epoch: 14
epoch_14_loss:  1.22587267316821
[1.22587267316821, 1.22587267316821, 1.22587267316821, 1.22587267316821, 1.22587267316821, 1.22587267316821, 1.22587267316821, 1.22587267316821, 1.22587267316821, 1.22587267316821, 1.22587267316821, 1.22587267316821, 1.22587267316821, 1.22587267316821, 1.22587267316821]
[I 2022-11-13 12:34:32,576] Trial 100 finished with value: 1.22587267316821 and parameters: {'optimizer': 'Adam', 'lr': 0.0007749146773428703, 'n_layers': 1, 'n_units_l0': 4}. Best is trial 82 with value: 1.030790233782338.
Sequential(
  (0): Linear(in_features=5, out_features=5, bias=True)
  (1): ReLU()
  (2): Linear(in_features=5, out_features=5, bias=True)
  (3): ReLU()
)
Sequential(
  (0): Linear(in_features=5, out_features=5, bias=True)
  (1): ReLU()
  (2): Linear(in_features=5, out_features=5, bias=True)
)
epoch: 0
epoch_0_loss:  1.0294992527642812
epoch: 1
epoch_1_loss:  1.0294992527642812
epoch: 2
epoch_2_loss:  1.0294992527642812
epoch: 3
epoch_3_loss:  1.0294992527642812
epoch: 4
epoch_4_loss:  1.0294992527642812
epoch: 5
epoch_5_loss:  1.0294992527642812
epoch: 6
epoch_6_loss:  1.0294992527642812
epoch: 7
epoch_7_loss:  1.0294992527642812
epoch: 8
epoch_8_loss:  1.0294992527642812
epoch: 9
epoch_9_loss:  1.0294992527642812
epoch: 10
epoch_10_loss:  1.0294992527642812
epoch: 11
epoch_11_loss:  1.0294992527642812
epoch: 12
epoch_12_loss:  1.0294992527642812
epoch: 13
epoch_13_loss:  1.0294992527642812
epoch: 14
epoch_14_loss:  1.0294992527642812
[1.0294992527642812, 1.0294992527642812, 1.0294992527642812, 1.0294992527642812, 1.0294992527642812, 1.0294992527642812, 1.0294992527642812, 1.0294992527642812, 1.0294992527642812, 1.0294992527642812, 1.0294992527642812, 1.0294992527642812, 1.0294992527642812, 1.0294992527642812, 1.0294992527642812]
[I 2022-11-13 12:35:29,120] Trial 101 finished with value: 1.0294992527642812 and parameters: {'optimizer': 'Adam', 'lr': 0.0002938379987988646, 'n_layers': 2, 'n_units_l0': 5, 'n_units_l1': 5}. Best is trial 101 with value: 1.0294992527642812.
Sequential(
  (0): Linear(in_features=5, out_features=1, bias=True)
  (1): ReLU()
  (2): Linear(in_features=1, out_features=5, bias=True)
  (3): ReLU()
)
Sequential(
  (0): Linear(in_features=5, out_features=1, bias=True)
  (1): ReLU()
  (2): Linear(in_features=1, out_features=5, bias=True)
)
epoch: 0
epoch_0_loss:  1.3800570116962823
epoch: 1
epoch_1_loss:  1.3800570116962823
epoch: 2
epoch_2_loss:  1.3800570116962823
epoch: 3
epoch_3_loss:  1.3800570116962823
epoch: 4
epoch_4_loss:  1.3800570116962823
epoch: 5
epoch_5_loss:  1.3800570116962823
epoch: 6
epoch_6_loss:  1.3800570116962823
epoch: 7
epoch_7_loss:  1.3800570116962823
epoch: 8
epoch_8_loss:  1.3800570116962823
epoch: 9
epoch_9_loss:  1.3800570116962823
epoch: 10
epoch_10_loss:  1.3800570116962823
epoch: 11
epoch_11_loss:  1.3800570116962823
epoch: 12
epoch_12_loss:  1.3800570116962823
epoch: 13
epoch_13_loss:  1.3800570116962823
epoch: 14
epoch_14_loss:  1.3800570116962823
[1.3800570116962823, 1.3800570116962823, 1.3800570116962823, 1.3800570116962823, 1.3800570116962823, 1.3800570116962823, 1.3800570116962823, 1.3800570116962823, 1.3800570116962823, 1.3800570116962823, 1.3800570116962823, 1.3800570116962823, 1.3800570116962823, 1.3800570116962823, 1.3800570116962823]
[I 2022-11-13 12:36:25,461] Trial 102 finished with value: 1.3800570116962823 and parameters: {'optimizer': 'Adam', 'lr': 0.0002685601395985993, 'n_layers': 2, 'n_units_l0': 1, 'n_units_l1': 5}. Best is trial 101 with value: 1.0294992527642812.
Sequential(
  (0): Linear(in_features=5, out_features=5, bias=True)
  (1): ReLU()
  (2): Linear(in_features=5, out_features=5, bias=True)
  (3): ReLU()
)
Sequential(
  (0): Linear(in_features=5, out_features=5, bias=True)
  (1): ReLU()
  (2): Linear(in_features=5, out_features=5, bias=True)
)
epoch: 0
epoch_0_loss:  1.0679310676439642
epoch: 1
epoch_1_loss:  1.0679310676439642
epoch: 2
epoch_2_loss:  1.0679310676439642
epoch: 3
epoch_3_loss:  1.0679310676439642
epoch: 4
epoch_4_loss:  1.0679310676439642
epoch: 5
epoch_5_loss:  1.0679310676439642
epoch: 6
epoch_6_loss:  1.0679310676439642
epoch: 7
epoch_7_loss:  1.0679310676439642
epoch: 8
epoch_8_loss:  1.0679310676439642
epoch: 9
epoch_9_loss:  1.0679310676439642
epoch: 10
epoch_10_loss:  1.0679310676439642
epoch: 11
epoch_11_loss:  1.0679310676439642
epoch: 12
epoch_12_loss:  1.0679310676439642
epoch: 13
epoch_13_loss:  1.0679310676439642
epoch: 14
epoch_14_loss:  1.0679310676439642
[1.0679310676439642, 1.0679310676439642, 1.0679310676439642, 1.0679310676439642, 1.0679310676439642, 1.0679310676439642, 1.0679310676439642, 1.0679310676439642, 1.0679310676439642, 1.0679310676439642, 1.0679310676439642, 1.0679310676439642, 1.0679310676439642, 1.0679310676439642, 1.0679310676439642]
[I 2022-11-13 12:37:21,732] Trial 103 finished with value: 1.0679310676439642 and parameters: {'optimizer': 'Adam', 'lr': 0.00019344926213037906, 'n_layers': 2, 'n_units_l0': 5, 'n_units_l1': 5}. Best is trial 101 with value: 1.0294992527642812.
Sequential(
  (0): Linear(in_features=5, out_features=5, bias=True)
  (1): ReLU()
  (2): Linear(in_features=5, out_features=5, bias=True)
  (3): ReLU()
)
Sequential(
  (0): Linear(in_features=5, out_features=5, bias=True)
  (1): ReLU()
  (2): Linear(in_features=5, out_features=5, bias=True)
)
epoch: 0
epoch_0_loss:  1.1322218032271605
epoch: 1
epoch_1_loss:  1.1322218032271605
epoch: 2
epoch_2_loss:  1.1322218032271605
epoch: 3
epoch_3_loss:  1.1322218032271605
epoch: 4
epoch_4_loss:  1.1322218032271605
epoch: 5
epoch_5_loss:  1.1322218032271605
epoch: 6
epoch_6_loss:  1.1322218032271605
epoch: 7
epoch_7_loss:  1.1322218032271605
epoch: 8
epoch_8_loss:  1.1322218032271605
epoch: 9
epoch_9_loss:  1.1322218032271605
epoch: 10
epoch_10_loss:  1.1322218032271605
epoch: 11
epoch_11_loss:  1.1322218032271605
epoch: 12
epoch_12_loss:  1.1322218032271605
epoch: 13
epoch_13_loss:  1.1322218032271605
epoch: 14
epoch_14_loss:  1.1322218032271605
[1.1322218032271605, 1.1322218032271605, 1.1322218032271605, 1.1322218032271605, 1.1322218032271605, 1.1322218032271605, 1.1322218032271605, 1.1322218032271605, 1.1322218032271605, 1.1322218032271605, 1.1322218032271605, 1.1322218032271605, 1.1322218032271605, 1.1322218032271605, 1.1322218032271605]
[I 2022-11-13 12:38:18,215] Trial 104 finished with value: 1.1322218032271605 and parameters: {'optimizer': 'Adam', 'lr': 0.0003727633306680907, 'n_layers': 2, 'n_units_l0': 5, 'n_units_l1': 5}. Best is trial 101 with value: 1.0294992527642812.
Sequential(
  (0): Linear(in_features=5, out_features=5, bias=True)
  (1): ReLU()
  (2): Linear(in_features=5, out_features=5, bias=True)
  (3): ReLU()
)
Sequential(
  (0): Linear(in_features=5, out_features=5, bias=True)
  (1): ReLU()
  (2): Linear(in_features=5, out_features=5, bias=True)
)
epoch: 0
epoch_0_loss:  1.1143108233474341
epoch: 1
epoch_1_loss:  1.1143108233474341
epoch: 2
epoch_2_loss:  1.1143108233474341
epoch: 3
epoch_3_loss:  1.1143108233474341
epoch: 4
epoch_4_loss:  1.1143108233474341
epoch: 5
epoch_5_loss:  1.1143108233474341
epoch: 6
epoch_6_loss:  1.1143108233474341
epoch: 7
epoch_7_loss:  1.1143108233474341
epoch: 8
epoch_8_loss:  1.1143108233474341
epoch: 9
epoch_9_loss:  1.1143108233474341
epoch: 10
epoch_10_loss:  1.1143108233474341
epoch: 11
epoch_11_loss:  1.1143108233474341
epoch: 12
epoch_12_loss:  1.1143108233474341
epoch: 13
epoch_13_loss:  1.1143108233474341
epoch: 14
epoch_14_loss:  1.1143108233474341
[1.1143108233474341, 1.1143108233474341, 1.1143108233474341, 1.1143108233474341, 1.1143108233474341, 1.1143108233474341, 1.1143108233474341, 1.1143108233474341, 1.1143108233474341, 1.1143108233474341, 1.1143108233474341, 1.1143108233474341, 1.1143108233474341, 1.1143108233474341, 1.1143108233474341]
[I 2022-11-13 12:39:14,848] Trial 105 finished with value: 1.1143108233474341 and parameters: {'optimizer': 'Adam', 'lr': 0.0003255696137253919, 'n_layers': 2, 'n_units_l0': 5, 'n_units_l1': 5}. Best is trial 101 with value: 1.0294992527642812.
Sequential(
  (0): Linear(in_features=5, out_features=5, bias=True)
  (1): ReLU()
  (2): Linear(in_features=5, out_features=5, bias=True)
  (3): ReLU()
)
Sequential(
  (0): Linear(in_features=5, out_features=5, bias=True)
  (1): ReLU()
  (2): Linear(in_features=5, out_features=5, bias=True)
)
epoch: 0
epoch_0_loss:  1.0629946223799962
epoch: 1
epoch_1_loss:  1.0629946223799962
epoch: 2
epoch_2_loss:  1.0629946223799962
epoch: 3
epoch_3_loss:  1.0629946223799962
epoch: 4
epoch_4_loss:  1.0629946223799962
epoch: 5
epoch_5_loss:  1.0629946223799962
epoch: 6
epoch_6_loss:  1.0629946223799962
epoch: 7
epoch_7_loss:  1.0629946223799962
epoch: 8
epoch_8_loss:  1.0629946223799962
epoch: 9
epoch_9_loss:  1.0629946223799962
epoch: 10
epoch_10_loss:  1.0629946223799962
epoch: 11
epoch_11_loss:  1.0629946223799962
epoch: 12
epoch_12_loss:  1.0629946223799962
epoch: 13
epoch_13_loss:  1.0629946223799962
epoch: 14
epoch_14_loss:  1.0629946223799962
[1.0629946223799962, 1.0629946223799962, 1.0629946223799962, 1.0629946223799962, 1.0629946223799962, 1.0629946223799962, 1.0629946223799962, 1.0629946223799962, 1.0629946223799962, 1.0629946223799962, 1.0629946223799962, 1.0629946223799962, 1.0629946223799962, 1.0629946223799962, 1.0629946223799962]
[I 2022-11-13 12:40:11,304] Trial 106 finished with value: 1.0629946223799962 and parameters: {'optimizer': 'Adam', 'lr': 0.00024292597739278512, 'n_layers': 2, 'n_units_l0': 5, 'n_units_l1': 5}. Best is trial 101 with value: 1.0294992527642812.
Sequential(
  (0): Linear(in_features=5, out_features=4, bias=True)
  (1): ReLU()
  (2): Linear(in_features=4, out_features=5, bias=True)
  (3): ReLU()
)
Sequential(
  (0): Linear(in_features=5, out_features=4, bias=True)
  (1): ReLU()
  (2): Linear(in_features=4, out_features=5, bias=True)
)
epoch: 0
epoch_0_loss:  1.118860725207018
epoch: 1
epoch_1_loss:  1.118860725207018
epoch: 2
epoch_2_loss:  1.118860725207018
epoch: 3
epoch_3_loss:  1.118860725207018
epoch: 4
epoch_4_loss:  1.118860725207018
epoch: 5
epoch_5_loss:  1.118860725207018
epoch: 6
epoch_6_loss:  1.118860725207018
epoch: 7
epoch_7_loss:  1.118860725207018
epoch: 8
epoch_8_loss:  1.118860725207018
epoch: 9
epoch_9_loss:  1.118860725207018
epoch: 10
epoch_10_loss:  1.118860725207018
epoch: 11
epoch_11_loss:  1.118860725207018
epoch: 12
epoch_12_loss:  1.118860725207018
epoch: 13
epoch_13_loss:  1.118860725207018
epoch: 14
epoch_14_loss:  1.118860725207018
[1.118860725207018, 1.118860725207018, 1.118860725207018, 1.118860725207018, 1.118860725207018, 1.118860725207018, 1.118860725207018, 1.118860725207018, 1.118860725207018, 1.118860725207018, 1.118860725207018, 1.118860725207018, 1.118860725207018, 1.118860725207018, 1.118860725207018]
[I 2022-11-13 12:41:07,623] Trial 107 finished with value: 1.118860725207018 and parameters: {'optimizer': 'Adam', 'lr': 0.0001757614253202556, 'n_layers': 2, 'n_units_l0': 4, 'n_units_l1': 5}. Best is trial 101 with value: 1.0294992527642812.
Sequential(
  (0): Linear(in_features=5, out_features=5, bias=True)
  (1): ReLU()
  (2): Linear(in_features=5, out_features=1, bias=True)
  (3): ReLU()
)
Sequential(
  (0): Linear(in_features=1, out_features=5, bias=True)
  (1): ReLU()
  (2): Linear(in_features=5, out_features=5, bias=True)
)
epoch: 0
epoch_0_loss:  1.150169825683669
epoch: 1
epoch_1_loss:  1.150169825683669
epoch: 2
epoch_2_loss:  1.150169825683669
epoch: 3
epoch_3_loss:  1.150169825683669
epoch: 4
epoch_4_loss:  1.150169825683669
epoch: 5
epoch_5_loss:  1.150169825683669
epoch: 6
epoch_6_loss:  1.150169825683669
epoch: 7
epoch_7_loss:  1.150169825683669
epoch: 8
epoch_8_loss:  1.150169825683669
epoch: 9
epoch_9_loss:  1.150169825683669
epoch: 10
epoch_10_loss:  1.150169825683669
epoch: 11
epoch_11_loss:  1.150169825683669
epoch: 12
epoch_12_loss:  1.150169825683669
epoch: 13
epoch_13_loss:  1.150169825683669
epoch: 14
epoch_14_loss:  1.150169825683669
[1.150169825683669, 1.150169825683669, 1.150169825683669, 1.150169825683669, 1.150169825683669, 1.150169825683669, 1.150169825683669, 1.150169825683669, 1.150169825683669, 1.150169825683669, 1.150169825683669, 1.150169825683669, 1.150169825683669, 1.150169825683669, 1.150169825683669]
[I 2022-11-13 12:42:04,043] Trial 108 finished with value: 1.150169825683669 and parameters: {'optimizer': 'Adam', 'lr': 0.00021285294114552363, 'n_layers': 2, 'n_units_l0': 5, 'n_units_l1': 1}. Best is trial 101 with value: 1.0294992527642812.
Sequential(
  (0): Linear(in_features=5, out_features=5, bias=True)
  (1): ReLU()
  (2): Linear(in_features=5, out_features=4, bias=True)
  (3): ReLU()
)
Sequential(
  (0): Linear(in_features=4, out_features=5, bias=True)
  (1): ReLU()
  (2): Linear(in_features=5, out_features=5, bias=True)
)
epoch: 0
epoch_0_loss:  1.0469818930948809
epoch: 1
epoch_1_loss:  1.0469818930948809
epoch: 2
epoch_2_loss:  1.0469818930948809
epoch: 3
epoch_3_loss:  1.0469818930948809
epoch: 4
epoch_4_loss:  1.0469818930948809
epoch: 5
epoch_5_loss:  1.0469818930948809
epoch: 6
epoch_6_loss:  1.0469818930948809
epoch: 7
epoch_7_loss:  1.0469818930948809
epoch: 8
epoch_8_loss:  1.0469818930948809
epoch: 9
epoch_9_loss:  1.0469818930948809
epoch: 10
epoch_10_loss:  1.0469818930948809
epoch: 11
epoch_11_loss:  1.0469818930948809
epoch: 12
epoch_12_loss:  1.0469818930948809
epoch: 13
epoch_13_loss:  1.0469818930948809
epoch: 14
epoch_14_loss:  1.0469818930948809
[1.0469818930948809, 1.0469818930948809, 1.0469818930948809, 1.0469818930948809, 1.0469818930948809, 1.0469818930948809, 1.0469818930948809, 1.0469818930948809, 1.0469818930948809, 1.0469818930948809, 1.0469818930948809, 1.0469818930948809, 1.0469818930948809, 1.0469818930948809, 1.0469818930948809]
