[I 2022-11-13 18:38:54,059] Trial 198 finished with value: 1.2185585195643582 and parameters: {'optimizer': 'Adam', 'lr': 5.857665006190441e-05, 'hidden_dim': 5, 'latent_dim': 4}. Best is trial 58 with value: 1.0133226465254404.
build_Encoder(
  (FC_input): Linear(in_features=5, out_features=4, bias=True)
  (FC_input2): Linear(in_features=4, out_features=4, bias=True)
  (FC_mean): Linear(in_features=4, out_features=4, bias=True)
  (FC_var): Linear(in_features=4, out_features=4, bias=True)
  (LeakyReLU): LeakyReLU(negative_slope=0.01)
)
build_Decoder(
  (FC_hidden): Linear(in_features=4, out_features=4, bias=True)
  (FC_hidden2): Linear(in_features=4, out_features=4, bias=True)
  (FC_output): Linear(in_features=4, out_features=5, bias=True)
  (LeakyReLU): LeakyReLU(negative_slope=0.2)
)
epoch: 0
epoch_0_loss:  1.162009393191265
epoch: 1
epoch_1_loss:  1.161510555425701
epoch: 2
epoch_2_loss:  1.1639393404954472
epoch: 3
epoch_3_loss:  1.1616714160009964
epoch: 4
epoch_4_loss:  1.1625019864866928
epoch: 5
epoch_5_loss:  1.1610638094761856
epoch: 6
epoch_6_loss:  1.162327047962684
epoch: 7
epoch_7_loss:  1.1621454555621604
epoch: 8
epoch_8_loss:  1.1625932392094924
epoch: 9
epoch_9_loss:  1.1617095410657952
epoch: 10
epoch_10_loss:  1.1622460451049068
epoch: 11
epoch_11_loss:  1.161842517807216
epoch: 12
epoch_12_loss:  1.1608547865974113
epoch: 13
epoch_13_loss:  1.1616583817420165
epoch: 14
epoch_14_loss:  1.1632455521988472
[1.162009393191265, 1.161510555425701, 1.1639393404954472, 1.1616714160009964, 1.1625019864866928, 1.1610638094761856, 1.162327047962684, 1.1621454555621604, 1.1625932392094924, 1.1617095410657952, 1.1622460451049068, 1.161842517807216, 1.1608547865974113, 1.1616583817420165, 1.1632455521988472]
[I 2022-11-13 18:40:14,130] Trial 199 finished with value: 1.1632455521988472 and parameters: {'optimizer': 'Adam', 'lr': 8.073240383491563e-05, 'hidden_dim': 4, 'latent_dim': 4}. Best is trial 58 with value: 1.0133226465254404.
Study statistics: 
  Number of finished trials:  200
  Number of pruned trials:  0
  Number of complete trials:  200
Best trial:
  Value:  1.0133226465254404
  Params: 
    optimizer: Adam
    lr: 4.866718058583817e-05
    hidden_dim: 4
    latent_dim: 4
MSE for VAE:  1.171750033872189
RR for VAE:  0.9992260654006626
[I 2022-11-13 18:40:20,498] A new study created in memory with name: no-name-3808aed3-654b-47e9-a0af-c9b4082e577d
MSE for VAE:  1.1958300556206738
RR for VAE:  0.999173277188348
MVAE is selected
Encoder(
  (FC_input): Linear(in_features=5, out_features=5, bias=True)
  (FC_input2): Linear(in_features=5, out_features=5, bias=True)
  (FC_mean): Linear(in_features=5, out_features=5, bias=True)
  (FC_var): Linear(in_features=5, out_features=5, bias=True)
  (LeakyReLU): LeakyReLU(negative_slope=0.2)
)
Decoder(
  (FC_hidden): Linear(in_features=5, out_features=5, bias=True)
  (FC_hidden2): Linear(in_features=5, out_features=5, bias=True)
  (FC_output): Linear(in_features=5, out_features=5, bias=True)
  (LeakyReLU): LeakyReLU(negative_slope=0.2)
)
Optimizing MVAE
build_Encoder(
  (FC_input): Linear(in_features=5, out_features=5, bias=True)
  (FC_input2): Linear(in_features=5, out_features=5, bias=True)
  (FC_mean): Linear(in_features=5, out_features=5, bias=True)
  (FC_var): Linear(in_features=5, out_features=5, bias=True)
  (LeakyReLU): LeakyReLU(negative_slope=0.01)
)
build_Decoder(
  (FC_hidden): Linear(in_features=5, out_features=5, bias=True)
  (FC_hidden2): Linear(in_features=5, out_features=5, bias=True)
  (FC_output): Linear(in_features=5, out_features=5, bias=True)
  (LeakyReLU): LeakyReLU(negative_slope=0.2)
)
epoch: 0
epoch_0_loss:  1.0397417541724105
epoch: 1
epoch_1_loss:  1.0397219250227858
epoch: 2
epoch_2_loss:  1.039680745519864
epoch: 3
epoch_3_loss:  1.039736528687575
epoch: 4
epoch_4_loss:  1.0397823164448168
epoch: 5
epoch_5_loss:  1.039706885969974
epoch: 6
epoch_6_loss:  1.0397078161316229
epoch: 7
epoch_7_loss:  1.0397598491150646
epoch: 8
epoch_8_loss:  1.039730340926599
epoch: 9
epoch_9_loss:  1.0396949315471802
epoch: 10
epoch_10_loss:  1.0397654387027884
epoch: 11
epoch_11_loss:  1.0397875471806972
epoch: 12
epoch_12_loss:  1.039730427535556
epoch: 13
epoch_13_loss:  1.0397280150570274
epoch: 14
epoch_14_loss:  1.039728169311632
[1.0397417541724105, 1.0397219250227858, 1.039680745519864, 1.039736528687575, 1.0397823164448168, 1.039706885969974, 1.0397078161316229, 1.0397598491150646, 1.039730340926599, 1.0396949315471802, 1.0397654387027884, 1.0397875471806972, 1.039730427535556, 1.0397280150570274, 1.039728169311632]
[I 2022-11-13 18:42:42,520] Trial 0 finished with value: 1.039728169311632 and parameters: {'optimizer': 'Adam', 'lr': 0.0002811640103834182, 'hidden_dim': 5, 'latent_dim': 5, 'mem_dim': 183}. Best is trial 0 with value: 1.039728169311632.
build_Encoder(
  (FC_input): Linear(in_features=5, out_features=3, bias=True)
  (FC_input2): Linear(in_features=3, out_features=3, bias=True)
  (FC_mean): Linear(in_features=3, out_features=5, bias=True)
  (FC_var): Linear(in_features=3, out_features=5, bias=True)
  (LeakyReLU): LeakyReLU(negative_slope=0.01)
)
build_Decoder(
  (FC_hidden): Linear(in_features=5, out_features=3, bias=True)
  (FC_hidden2): Linear(in_features=3, out_features=3, bias=True)
  (FC_output): Linear(in_features=3, out_features=5, bias=True)
  (LeakyReLU): LeakyReLU(negative_slope=0.2)
)
epoch: 0
epoch_0_loss:  1.2596979174774439
epoch: 1
epoch_1_loss:  1.2593529980470073
epoch: 2
epoch_2_loss:  1.2593238852621877
epoch: 3
epoch_3_loss:  1.259355115842724
epoch: 4
epoch_4_loss:  1.259214154661361
epoch: 5
epoch_5_loss:  1.2591256256421568
epoch: 6
epoch_6_loss:  1.2591820900977593
epoch: 7
epoch_7_loss:  1.2591239424160017
epoch: 8
epoch_8_loss:  1.2594478058787044
epoch: 9
epoch_9_loss:  1.259345449328848
epoch: 10
epoch_10_loss:  1.2592423919737505
epoch: 11
epoch_11_loss:  1.2592678705026408
epoch: 12
epoch_12_loss:  1.2592173630501569
epoch: 13
epoch_13_loss:  1.259283928447321
epoch: 14
epoch_14_loss:  1.259486629904877
[1.2596979174774439, 1.2593529980470073, 1.2593238852621877, 1.259355115842724, 1.259214154661361, 1.2591256256421568, 1.2591820900977593, 1.2591239424160017, 1.2594478058787044, 1.259345449328848, 1.2592423919737505, 1.2592678705026408, 1.2592173630501569, 1.259283928447321, 1.259486629904877]
build_Encoder(
  (FC_input): Linear(in_features=5, out_features=3, bias=True)
  (FC_input2): Linear(in_features=3, out_features=3, bias=True)
  (FC_mean): Linear(in_features=3, out_features=5, bias=True)
  (FC_var): Linear(in_features=3, out_features=5, bias=True)
  (LeakyReLU): LeakyReLU(negative_slope=0.01)
)
build_Decoder(
  (FC_hidden): Linear(in_features=5, out_features=3, bias=True)
  (FC_hidden2): Linear(in_features=3, out_features=3, bias=True)
  (FC_output): Linear(in_features=3, out_features=5, bias=True)
  (LeakyReLU): LeakyReLU(negative_slope=0.2)
)
epoch: 0
[I 2022-11-13 18:45:04,488] Trial 1 finished with value: 1.259486629904877 and parameters: {'optimizer': 'Adam', 'lr': 0.0008567677539105691, 'hidden_dim': 3, 'latent_dim': 5, 'mem_dim': 175}. Best is trial 0 with value: 1.039728169311632.
epoch_0_loss:  1.0546586234316813
epoch: 1
epoch_1_loss:  1.0545941718651368
epoch: 2
epoch_2_loss:  1.0546640883061906
epoch: 3
epoch_3_loss:  1.0545066789090445
epoch: 4
epoch_4_loss:  1.0548008160687279
epoch: 5
epoch_5_loss:  1.0546392677705871
epoch: 6
epoch_6_loss:  1.0544811151848725
epoch: 7
epoch_7_loss:  1.054613623218843
epoch: 8
epoch_8_loss:  1.054917768034544
epoch: 9
epoch_9_loss:  1.0548964440606787
epoch: 10
epoch_10_loss:  1.0545478515219788
epoch: 11
epoch_11_loss:  1.054530163241581
epoch: 12
epoch_12_loss:  1.0546507958060136
epoch: 13
epoch_13_loss:  1.0544282515856402
epoch: 14
epoch_14_loss:  1.054712964663633
[1.0546586234316813, 1.0545941718651368, 1.0546640883061906, 1.0545066789090445, 1.0548008160687279, 1.0546392677705871, 1.0544811151848725, 1.054613623218843, 1.054917768034544, 1.0548964440606787, 1.0545478515219788, 1.054530163241581, 1.0546507958060136, 1.0544282515856402, 1.054712964663633]
[I 2022-11-13 18:47:57,308] Trial 2 finished with value: 1.054712964663633 and parameters: {'optimizer': 'Adam', 'lr': 9.860753041538567e-05, 'hidden_dim': 3, 'latent_dim': 5, 'mem_dim': 228}. Best is trial 0 with value: 1.039728169311632.
build_Encoder(
  (FC_input): Linear(in_features=5, out_features=4, bias=True)
  (FC_input2): Linear(in_features=4, out_features=4, bias=True)
  (FC_mean): Linear(in_features=4, out_features=4, bias=True)
  (FC_var): Linear(in_features=4, out_features=4, bias=True)
  (LeakyReLU): LeakyReLU(negative_slope=0.01)
)
build_Decoder(
  (FC_hidden): Linear(in_features=4, out_features=4, bias=True)
  (FC_hidden2): Linear(in_features=4, out_features=4, bias=True)
  (FC_output): Linear(in_features=4, out_features=5, bias=True)
  (LeakyReLU): LeakyReLU(negative_slope=0.2)
)
epoch: 0
epoch_0_loss:  1.106802726331373
epoch: 1
epoch_1_loss:  1.1067211088552045
epoch: 2
epoch_2_loss:  1.1067038752515213
epoch: 3
epoch_3_loss:  1.1067901014015746
epoch: 4
epoch_4_loss:  1.1067760152133557
epoch: 5
epoch_5_loss:  1.1067674869638342
epoch: 6
epoch_6_loss:  1.1067492294812993
epoch: 7
epoch_7_loss:  1.106741876481453
epoch: 8
epoch_8_loss:  1.1067489086882687
epoch: 9
epoch_9_loss:  1.1067751798643417
epoch: 10
epoch_10_loss:  1.106738535676504
epoch: 11
epoch_11_loss:  1.1067551165233407
epoch: 12
epoch_12_loss:  1.1067576238496144
epoch: 13
epoch_13_loss:  1.106770397435422
epoch: 14
epoch_14_loss:  1.1068075085779925
[1.106802726331373, 1.1067211088552045, 1.1067038752515213, 1.1067901014015746, 1.1067760152133557, 1.1067674869638342, 1.1067492294812993, 1.106741876481453, 1.1067489086882687, 1.1067751798643417, 1.106738535676504, 1.1067551165233407, 1.1067576238496144, 1.106770397435422, 1.1068075085779925]
[I 2022-11-13 18:50:10,716] Trial 3 finished with value: 1.1068075085779925 and parameters: {'optimizer': 'Adam', 'lr': 0.00019663270960214465, 'hidden_dim': 4, 'latent_dim': 4, 'mem_dim': 42}. Best is trial 0 with value: 1.039728169311632.
build_Encoder(
  (FC_input): Linear(in_features=5, out_features=5, bias=True)
  (FC_input2): Linear(in_features=5, out_features=5, bias=True)
  (FC_mean): Linear(in_features=5, out_features=3, bias=True)
  (FC_var): Linear(in_features=5, out_features=3, bias=True)
  (LeakyReLU): LeakyReLU(negative_slope=0.01)
)
build_Decoder(
  (FC_hidden): Linear(in_features=3, out_features=5, bias=True)
  (FC_hidden2): Linear(in_features=5, out_features=5, bias=True)
  (FC_output): Linear(in_features=5, out_features=5, bias=True)
  (LeakyReLU): LeakyReLU(negative_slope=0.2)
)
epoch: 0
epoch_0_loss:  1.0389023030260085
epoch: 1
epoch_1_loss:  1.0388675028849048
epoch: 2
epoch_2_loss:  1.0390141994144833
epoch: 3
epoch_3_loss:  1.039022614226157
epoch: 4
epoch_4_loss:  1.0389904248894544
epoch: 5
epoch_5_loss:  1.0388492488380074
epoch: 6
epoch_6_loss:  1.0389479466590605
epoch: 7
epoch_7_loss:  1.0390852222061846
epoch: 8
epoch_8_loss:  1.0388140230427476
epoch: 9
epoch_9_loss:  1.0388924434566043
epoch: 10
epoch_10_loss:  1.0390139940259073
epoch: 11
epoch_11_loss:  1.0389655670296185
epoch: 12
epoch_12_loss:  1.03896841480929
epoch: 13
epoch_13_loss:  1.038904757459041
epoch: 14
epoch_14_loss:  1.038919869705468
[1.0389023030260085, 1.0388675028849048, 1.0390141994144833, 1.039022614226157, 1.0389904248894544, 1.0388492488380074, 1.0389479466590605, 1.0390852222061846, 1.0388140230427476, 1.0388924434566043, 1.0390139940259073, 1.0389655670296185, 1.03896841480929, 1.038904757459041, 1.038919869705468]
[I 2022-11-13 18:52:24,557] Trial 4 finished with value: 1.038919869705468 and parameters: {'optimizer': 'Adam', 'lr': 1.1656329579052654e-05, 'hidden_dim': 5, 'latent_dim': 3, 'mem_dim': 90}. Best is trial 4 with value: 1.038919869705468.
build_Encoder(
  (FC_input): Linear(in_features=5, out_features=5, bias=True)
  (FC_input2): Linear(in_features=5, out_features=5, bias=True)
  (FC_mean): Linear(in_features=5, out_features=5, bias=True)
  (FC_var): Linear(in_features=5, out_features=5, bias=True)
  (LeakyReLU): LeakyReLU(negative_slope=0.01)
)
build_Decoder(
  (FC_hidden): Linear(in_features=5, out_features=5, bias=True)
  (FC_hidden2): Linear(in_features=5, out_features=5, bias=True)
  (FC_output): Linear(in_features=5, out_features=5, bias=True)
  (LeakyReLU): LeakyReLU(negative_slope=0.2)
)
epoch: 0
epoch_0_loss:  1.3072028518282763
epoch: 1
epoch_1_loss:  1.3074688348069983
epoch: 2
epoch_2_loss:  1.3074676076536287
epoch: 3
epoch_3_loss:  1.3073067892974206
epoch: 4
epoch_4_loss:  1.3073358123496621
epoch: 5
epoch_5_loss:  1.3074517197062234
epoch: 6
epoch_6_loss:  1.3073091312349796
epoch: 7
epoch_7_loss:  1.307449331642247
epoch: 8
epoch_8_loss:  1.3073210941968099
epoch: 9
epoch_9_loss:  1.3072842247188206
epoch: 10
epoch_10_loss:  1.3074245753933293
epoch: 11
epoch_11_loss:  1.3073913018388432
epoch: 12
epoch_12_loss:  1.3071978125066344
epoch: 13
epoch_13_loss:  1.3073955111768127
epoch: 14
epoch_14_loss:  1.3072669664645598
[1.3072028518282763, 1.3074688348069983, 1.3074676076536287, 1.3073067892974206, 1.3073358123496621, 1.3074517197062234, 1.3073091312349796, 1.307449331642247, 1.3073210941968099, 1.3072842247188206, 1.3074245753933293, 1.3073913018388432, 1.3071978125066344, 1.3073955111768127, 1.3072669664645598]
[I 2022-11-13 18:54:47,782] Trial 5 finished with value: 1.3072669664645598 and parameters: {'optimizer': 'Adam', 'lr': 0.000246001997063456, 'hidden_dim': 5, 'latent_dim': 5, 'mem_dim': 200}. Best is trial 4 with value: 1.038919869705468.
build_Encoder(
  (FC_input): Linear(in_features=5, out_features=3, bias=True)
  (FC_input2): Linear(in_features=3, out_features=3, bias=True)
  (FC_mean): Linear(in_features=3, out_features=4, bias=True)
  (FC_var): Linear(in_features=3, out_features=4, bias=True)
  (LeakyReLU): LeakyReLU(negative_slope=0.01)
)
build_Decoder(
  (FC_hidden): Linear(in_features=4, out_features=3, bias=True)
  (FC_hidden2): Linear(in_features=3, out_features=3, bias=True)
  (FC_output): Linear(in_features=3, out_features=5, bias=True)
  (LeakyReLU): LeakyReLU(negative_slope=0.2)
)
epoch: 0
epoch_0_loss:  1.1837340207216003
epoch: 1
epoch_1_loss:  1.1837057628090126
epoch: 2
epoch_2_loss:  1.1836838018304576
epoch: 3
epoch_3_loss:  1.183730045272477
epoch: 4
epoch_4_loss:  1.1837510139822494
epoch: 5
epoch_5_loss:  1.1837002177076226
epoch: 6
epoch_6_loss:  1.1837655476259772
epoch: 7
epoch_7_loss:  1.1837195739321134
epoch: 8
epoch_8_loss:  1.1836934030291764
epoch: 9
epoch_9_loss:  1.1836829125386714
epoch: 10
epoch_10_loss:  1.1837166831955142
epoch: 11
epoch_11_loss:  1.1837399214155633
epoch: 12
epoch_12_loss:  1.1837664058500312
epoch: 13
epoch_13_loss:  1.183744685859473
epoch: 14
epoch_14_loss:  1.1836956755407582
[1.1837340207216003, 1.1837057628090126, 1.1836838018304576, 1.183730045272477, 1.1837510139822494, 1.1837002177076226, 1.1837655476259772, 1.1837195739321134, 1.1836934030291764, 1.1836829125386714, 1.1837166831955142, 1.1837399214155633, 1.1837664058500312, 1.183744685859473, 1.1836956755407582]
[I 2022-11-13 18:57:08,333] Trial 6 finished with value: 1.1836956755407582 and parameters: {'optimizer': 'Adam', 'lr': 4.642446502686322e-05, 'hidden_dim': 3, 'latent_dim': 4, 'mem_dim': 132}. Best is trial 4 with value: 1.038919869705468.
build_Encoder(
  (FC_input): Linear(in_features=5, out_features=5, bias=True)
  (FC_input2): Linear(in_features=5, out_features=5, bias=True)
  (FC_mean): Linear(in_features=5, out_features=5, bias=True)
  (FC_var): Linear(in_features=5, out_features=5, bias=True)
  (LeakyReLU): LeakyReLU(negative_slope=0.01)
)
build_Decoder(
  (FC_hidden): Linear(in_features=5, out_features=5, bias=True)
  (FC_hidden2): Linear(in_features=5, out_features=5, bias=True)
  (FC_output): Linear(in_features=5, out_features=5, bias=True)
  (LeakyReLU): LeakyReLU(negative_slope=0.2)
)
epoch: 0
epoch_0_loss:  1.0515954937305727
epoch: 1
epoch_1_loss:  1.0515994751163231
epoch: 2
epoch_2_loss:  1.051600225510384
epoch: 3
epoch_3_loss:  1.0515775642612308
epoch: 4
epoch_4_loss:  1.0515478543456809
epoch: 5
epoch_5_loss:  1.0516118644243793
epoch: 6
epoch_6_loss:  1.0515950385722883
epoch: 7
epoch_7_loss:  1.0515864614764496
epoch: 8
epoch_8_loss:  1.0515961365820437
epoch: 9
epoch_9_loss:  1.051616300461807
epoch: 10
epoch_10_loss:  1.0515804665946347
epoch: 11
epoch_11_loss:  1.0515699129842704
epoch: 12
epoch_12_loss:  1.0515622355659902
epoch: 13
epoch_13_loss:  1.0515627395661584
epoch: 14
epoch_14_loss:  1.0515803854719004
[1.0515954937305727, 1.0515994751163231, 1.051600225510384, 1.0515775642612308, 1.0515478543456809, 1.0516118644243793, 1.0515950385722883, 1.0515864614764496, 1.0515961365820437, 1.051616300461807, 1.0515804665946347, 1.0515699129842704, 1.0515622355659902, 1.0515627395661584, 1.0515803854719004]
build_Encoder(
  (FC_input): Linear(in_features=5, out_features=3, bias=True)
  (FC_input2): Linear(in_features=3, out_features=3, bias=True)
  (FC_mean): Linear(in_features=3, out_features=4, bias=True)
  (FC_var): Linear(in_features=3, out_features=4, bias=True)
  (LeakyReLU): LeakyReLU(negative_slope=0.01)
)
build_Decoder(
  (FC_hidden): Linear(in_features=4, out_features=3, bias=True)
  (FC_hidden2): Linear(in_features=3, out_features=3, bias=True)
  (FC_output): Linear(in_features=3, out_features=5, bias=True)
  (LeakyReLU): LeakyReLU(negative_slope=0.2)
)
epoch: 0
[I 2022-11-13 18:59:21,489] Trial 7 finished with value: 1.0515803854719004 and parameters: {'optimizer': 'Adam', 'lr': 2.4346048568239535e-05, 'hidden_dim': 5, 'latent_dim': 5, 'mem_dim': 45}. Best is trial 4 with value: 1.038919869705468.
epoch_0_loss:  1.0827746694071416
epoch: 1
epoch_1_loss:  1.0827979385358333
epoch: 2
epoch_2_loss:  1.0827826852585523
epoch: 3
epoch_3_loss:  1.0827940082721552
epoch: 4
epoch_4_loss:  1.0827835583957646
epoch: 5
epoch_5_loss:  1.082770268191033
epoch: 6
epoch_6_loss:  1.0827905653569836
epoch: 7
epoch_7_loss:  1.0828032751962255
epoch: 8
epoch_8_loss:  1.082799836901937
epoch: 9
epoch_9_loss:  1.0827635230443844
epoch: 10
epoch_10_loss:  1.0827876516776662
epoch: 11
epoch_11_loss:  1.0827951266046159
epoch: 12
epoch_12_loss:  1.0827582607526167
epoch: 13
epoch_13_loss:  1.0827824769197885
epoch: 14
epoch_14_loss:  1.0827751950230695
[1.0827746694071416, 1.0827979385358333, 1.0827826852585523, 1.0827940082721552, 1.0827835583957646, 1.082770268191033, 1.0827905653569836, 1.0828032751962255, 1.082799836901937, 1.0827635230443844, 1.0827876516776662, 1.0827951266046159, 1.0827582607526167, 1.0827824769197885, 1.0827751950230695]
[I 2022-11-13 19:01:35,028] Trial 8 finished with value: 1.0827751950230695 and parameters: {'optimizer': 'Adam', 'lr': 2.854746680012634e-05, 'hidden_dim': 3, 'latent_dim': 4, 'mem_dim': 115}. Best is trial 4 with value: 1.038919869705468.
build_Encoder(
  (FC_input): Linear(in_features=5, out_features=4, bias=True)
  (FC_input2): Linear(in_features=4, out_features=4, bias=True)
  (FC_mean): Linear(in_features=4, out_features=5, bias=True)
  (FC_var): Linear(in_features=4, out_features=5, bias=True)
  (LeakyReLU): LeakyReLU(negative_slope=0.01)
)
build_Decoder(
  (FC_hidden): Linear(in_features=5, out_features=4, bias=True)
  (FC_hidden2): Linear(in_features=4, out_features=4, bias=True)
  (FC_output): Linear(in_features=4, out_features=5, bias=True)
  (LeakyReLU): LeakyReLU(negative_slope=0.2)
)
epoch: 0
epoch_0_loss:  1.1193057662149923
epoch: 1
epoch_1_loss:  1.119274777192565
epoch: 2
epoch_2_loss:  1.1192809225737348
epoch: 3
epoch_3_loss:  1.1191935969735187
epoch: 4
epoch_4_loss:  1.1192724588703968
epoch: 5
epoch_5_loss:  1.1193330966067105
epoch: 6
epoch_6_loss:  1.119214143123122
epoch: 7
epoch_7_loss:  1.1192908701339532
epoch: 8
epoch_8_loss:  1.1192089565058123
epoch: 9
epoch_9_loss:  1.1192972441452957
epoch: 10
epoch_10_loss:  1.1193274488363303
epoch: 11
epoch_11_loss:  1.1191378800676746
epoch: 12
epoch_12_loss:  1.119286336076976
epoch: 13
epoch_13_loss:  1.119380367311874
epoch: 14
epoch_14_loss:  1.1192414988459796
[1.1193057662149923, 1.119274777192565, 1.1192809225737348, 1.1191935969735187, 1.1192724588703968, 1.1193330966067105, 1.119214143123122, 1.1192908701339532, 1.1192089565058123, 1.1192972441452957, 1.1193274488363303, 1.1191378800676746, 1.119286336076976, 1.119380367311874, 1.1192414988459796]
